<Event xmlns="http://schemas.microsoft.com/win/2004/08/events/event">
  <System>
    <Provider Name="Microsoft-Windows-Sysmon" Guid="{5770385f-c22a-43e0-bf4c-06f5698ffbd9}"/>
    <EventID>3</EventID>
    <Version>5</Version>
    <Level>4</Level>
    <Task>3</Task>
    <Opcode>0</Opcode>
    <Keywords>0x8000000000000000</Keywords>
    <TimeCreated SystemTime="2024-03-18T16:56:52.9514542Z"/>
    <EventRecordID>525718</EventRecordID>
    <Correlation/>
    <Execution ProcessID="2760" ThreadID="1204"/>
    <Channel>Microsoft-Windows-Sysmon/Operational</Channel>
    <Computer>WS-MCHEN-01.meridianhcs.local</Computer>
    <Security UserID="S-1-5-18"/>
  </System>
  <EventData>
    
    <Data Name="RuleName">-</Data>
    <Data Name="UtcTime">2024-03-18 16:56:52.951</Data>
    <Data Name="ProcessGuid">{7b2a0e3f-7252-65f8-9b02-001012770f28}</Data>
    <Data Name="ProcessId">9876</Data>
    <Data Name="Image">C:\Windows\System32\mmc.exe</Data>
    <Data Name="User">MERIDIANHCS\marcus.chen</Data>
    <Data Name="Protocol">tcp</Data>
    <Data Name="Initiated">true</Data>
    <Data Name="SourceIsIpv6">false</Data>
    <Data Name="SourceIp">10.10.1.31</Data>
    <Data Name="SourceHostname">WS-MCHEN-01.meridianhcs.local</Data>
    <Data Name="SourcePort">57743</Data>
    <Data Name="SourcePortName">-</Data>
    <Data Name="DestinationIsIpv6">false</Data>
    <Data Name="DestinationIp">10.10.2.10</Data>
    <Data Name="DestinationHostname">DC-01.meridianhcs.local</Data>
    <Data Name="DestinationPort">135</Data>
    <Data Name="DestinationPortName">epmap</Data>
    
  </EventData>
</Event>
<Event xmlns="http://schemas.microsoft.com/win/2004/08/events/event">
  <System>
    <Provider Name="Microsoft-Windows-Sysmon" Guid="{5770385f-c22a-43e0-bf4c-06f5698ffbd9}"/>
    <EventID>3</EventID>
    <Version>5</Version>
    <Level>4</Level>
    <Task>3</Task>
    <Opcode>0</Opcode>
    <Keywords>0x8000000000000000</Keywords>
    <TimeCreated SystemTime="2024-03-18T16:56:54.8663575Z"/>
    <EventRecordID>525719</EventRecordID>
    <Correlation/>
    <Execution ProcessID="2760" ThreadID="1204"/>
    <Channel>Microsoft-Windows-Sysmon/Operational</Channel>
    <Computer>WS-MCHEN-01.meridianhcs.local</Computer>
    <Security UserID="S-1-5-18"/>
  </System>
  <EventData>
    
    <Data Name="RuleName">-</Data>
    <Data Name="UtcTime">2024-03-18 16:56:54.866</Data>
    <Data Name="ProcessGuid">{7b2a0e3f-7252-65f8-9b02-001012770f28}</Data>
    <Data Name="ProcessId">9876</Data>
    <Data Name="Image">C:\Windows\System32\mmc.exe</Data>
    <Data Name="User">MERIDIANHCS\marcus.chen</Data>
    <Data Name="Protocol">tcp</Data>
    <Data Name="Initiated">true</Data>
    <Data Name="SourceIsIpv6">false</Data>
    <Data Name="SourceIp">10.10.1.31</Data>
    <Data Name="SourceHostname">WS-MCHEN-01.meridianhcs.local</Data>
    <Data Name="SourcePort">56883</Data>
    <Data Name="SourcePortName">-</Data>
    <Data Name="DestinationIsIpv6">false</Data>
    <Data Name="DestinationIp">10.10.2.10</Data>
    <Data Name="DestinationHostname">DC-01.meridianhcs.local</Data>
    <Data Name="DestinationPort">445</Data>
    <Data Name="DestinationPortName">microsoft-ds</Data>
    
  </EventData>
</Event>
<Event xmlns="http://schemas.microsoft.com/win/2004/08/events/event">
  <System>
    <Provider Name="Microsoft-Windows-Sysmon" Guid="{5770385f-c22a-43e0-bf4c-06f5698ffbd9}"/>
    <EventID>5</EventID>
    <Version>3</Version>
    <Level>4</Level>
    <Task>5</Task>
    <Opcode>0</Opcode>
    <Keywords>0x8000000000000000</Keywords>
    <TimeCreated SystemTime="2024-03-18T16:58:19.6483314Z"/>
    <EventRecordID>525720</EventRecordID>
    <Correlation/>
    <Execution ProcessID="2760" ThreadID="1792"/>
    <Channel>Microsoft-Windows-Sysmon/Operational</Channel>
    <Computer>WS-MCHEN-01.meridianhcs.local</Computer>
    <Security UserID="S-1-5-18"/>
  </System>
  <EventData>
    
    <Data Name="RuleName">-</Data>
    <Data Name="UtcTime">2024-03-18 16:58:19.648</Data>
    <Data Name="ProcessGuid">{7b2a0e3f-5820-65f8-0602-001016079ce4}</Data>
    <Data Name="ProcessId">9092</Data>
    <Data Name="Image">C:\Windows\System32\cmd.exe</Data>
    <Data Name="User">MERIDIANHCS\marcus.chen</Data>
    
  </EventData>
</Event>
<Event xmlns="http://schemas.microsoft.com/win/2004/08/events/event">
  <System>
    <Provider Name="Microsoft-Windows-Sysmon" Guid="{5770385f-c22a-43e0-bf4c-06f5698ffbd9}"/>
    <EventID>1</EventID>
    <Version>5</Version>
    <Level>4</Level>
    <Task>1</Task>
    <Opcode>0</Opcode>
    <Keywords>0x8000000000000000</Keywords>
    <TimeCreated SystemTime="2024-03-18T16:58:26.8626594Z"/>
    <EventRecordID>525721</EventRecordID>
    <Correlation/>
    <Execution ProcessID="2760" ThreadID="1204"/>
    <Channel>Microsoft-Windows-Sysmon/Operational</Channel>
    <Computer>WS-MCHEN-01.meridianhcs.local</Computer>
    <Security UserID="S-1-5-18"/>
  </System>
  <EventData>
    
    <Data Name="RuleName">-</Data>
    <Data Name="UtcTime">2024-03-18 16:58:26.862</Data>
    <Data Name="ProcessGuid">{7b2a0e3f-72b2-65f8-d900-0000f6bdad3c}</Data>
    <Data Name="ProcessId">9784</Data>
    <Data Name="Image">C:\Windows\System32\taskhostw.exe</Data>
    <Data Name="FileVersion">10.0.22621.1</Data>
    <Data Name="Description">Host Process for Windows Tasks</Data>
    <Data Name="Product">Microsoft Windows Operating System</Data>
    <Data Name="Company">Microsoft Corporation</Data>
    <Data Name="OriginalFileName">taskhostw.exe</Data>
    <Data Name="CommandLine">taskhostw.exe</Data>
    <Data Name="CurrentDirectory">C:\Windows\System32\</Data>
    <Data Name="User">NT AUTHORITY\SYSTEM</Data>
    <Data Name="LogonGuid">{00000000-0000-0000-0000-000000000000}</Data>
    <Data Name="LogonId">0x3e7</Data>
    <Data Name="TerminalSessionId">0</Data>
    <Data Name="IntegrityLevel">System</Data>
    <Data Name="Hashes">SHA1=43D2778A530C049762799D2A49B4003FE63197E8,MD5=9CBB25D7316E690FD9A7B5A94FE435BA,SHA256=20F9EA7819597F0D2417814292A93F7DA3C7C772624D93C8D2EBBDEBEFCA7FBA,IMPHASH=6665061B5B72EBC3024E458910E50591</Data>
    <Data Name="ParentProcessGuid">{7b2a0e3f-4f4c-65ec-6600-0000d1b8a625}</Data>
    <Data Name="ParentProcessId">5904</Data>
    <Data Name="ParentImage">C:\Windows\System32\svchost.exe</Data>
    <Data Name="ParentCommandLine">svchost.exe -k LocalSystem</Data>
    <Data Name="ParentUser">NT AUTHORITY\SYSTEM</Data>
    
  </EventData>
</Event>
<Event xmlns="http://schemas.microsoft.com/win/2004/08/events/event">
  <System>
    <Provider Name="Microsoft-Windows-Sysmon" Guid="{5770385f-c22a-43e0-bf4c-06f5698ffbd9}"/>
    <EventID>11</EventID>
    <Version>2</Version>
    <Level>4</Level>
    <Task>11</Task>
    <Opcode>0</Opcode>
    <Keywords>0x8000000000000000</Keywords>
    <TimeCreated SystemTime="2024-03-18T16:58:29.0332223Z"/>
    <EventRecordID>525722</EventRecordID>
    <Correlation/>
    <Execution ProcessID="2760" ThreadID="1792"/>
    <Channel>Microsoft-Windows-Sysmon/Operational</Channel>
    <Computer>WS-MCHEN-01.meridianhcs.local</Computer>
    <Security UserID="S-1-5-18"/>
  </System>
  <EventData>
    
    <Data Name="RuleName">-</Data>
    <Data Name="UtcTime">2024-03-18 16:58:29.033</Data>
    <Data Name="ProcessGuid">{7b2a0e3f-4f57-65ec-da00-00001bcc6e92}</Data>
    <Data Name="ProcessId">6072</Data>
    <Data Name="Image">C:\Windows\System32\wbem\WmiPrvSE.exe</Data>
    <Data Name="TargetFilename">C:\Windows\Temp\46504.tmp</Data>
    <Data Name="CreationUtcTime">2024-03-18 16:58:29.033</Data>
    <Data Name="User">NT AUTHORITY\NETWORK SERVICE</Data>
    
  </EventData>
</Event>
<Event xmlns="http://schemas.microsoft.com/win/2004/08/events/event">
  <System>
    <Provider Name="Microsoft-Windows-Sysmon" Guid="{5770385f-c22a-43e0-bf4c-06f5698ffbd9}"/>
    <EventID>5</EventID>
    <Version>3</Version>
    <Level>4</Level>
    <Task>5</Task>
    <Opcode>0</Opcode>
    <Keywords>0x8000000000000000</Keywords>
    <TimeCreated SystemTime="2024-03-18T17:00:27.5635055Z"/>
    <EventRecordID>525723</EventRecordID>
    <Correlation/>
    <Execution ProcessID="2760" ThreadID="1792"/>
    <Channel>Microsoft-Windows-Sysmon/Operational</Channel>
    <Computer>WS-MCHEN-01.meridianhcs.local</Computer>
    <Security UserID="S-1-5-18"/>
  </System>
  <EventData>
    
    <Data Name="RuleName">-</Data>
    <Data Name="UtcTime">2024-03-18 17:00:27.563</Data>
    <Data Name="ProcessGuid">{7b2a0e3f-4a28-65f8-0b02-00106746f581}</Data>
    <Data Name="ProcessId">8360</Data>
    <Data Name="Image">C:\Users\marcus.chen\AppData\Local\Microsoft\Teams\current\Teams.exe</Data>
    <Data Name="User">MERIDIANHCS\marcus.chen</Data>
    
  </EventData>
</Event>
<Event xmlns="http://schemas.microsoft.com/win/2004/08/events/event">
  <System>
    <Provider Name="Microsoft-Windows-Sysmon" Guid="{5770385f-c22a-43e0-bf4c-06f5698ffbd9}"/>
    <EventID>5</EventID>
    <Version>3</Version>
    <Level>4</Level>
    <Task>5</Task>
    <Opcode>0</Opcode>
    <Keywords>0x8000000000000000</Keywords>
    <TimeCreated SystemTime="2024-03-18T17:00:36.8484015Z"/>
    <EventRecordID>525724</EventRecordID>
    <Correlation/>
    <Execution ProcessID="2760" ThreadID="3324"/>
    <Channel>Microsoft-Windows-Sysmon/Operational</Channel>
    <Computer>WS-MCHEN-01.meridianhcs.local</Computer>
    <Security UserID="S-1-5-18"/>
  </System>
  <EventData>
    
    <Data Name="RuleName">-</Data>
    <Data Name="UtcTime">2024-03-18 17:00:36.848</Data>
    <Data Name="ProcessGuid">{7b2a0e3f-6bc9-65f8-c802-0000f7fec853}</Data>
    <Data Name="ProcessId">9792</Data>
    <Data Name="Image">C:\Windows\System32\OpenSSH\ssh.exe</Data>
    <Data Name="User">MERIDIANHCS\marcus.chen</Data>
    
  </EventData>
</Event>
<Event xmlns="http://schemas.microsoft.com/win/2004/08/events/event">
  <System>
    <Provider Name="Microsoft-Windows-Sysmon" Guid="{5770385f-c22a-43e0-bf4c-06f5698ffbd9}"/>
    <EventID>5</EventID>
    <Version>3</Version>
    <Level>4</Level>
    <Task>5</Task>
    <Opcode>0</Opcode>
    <Keywords>0x8000000000000000</Keywords>
    <TimeCreated SystemTime="2024-03-18T17:01:00.1611989Z"/>
    <EventRecordID>525725</EventRecordID>
    <Correlation/>
    <Execution ProcessID="2760" ThreadID="1792"/>
    <Channel>Microsoft-Windows-Sysmon/Operational</Channel>
    <Computer>WS-MCHEN-01.meridianhcs.local</Computer>
    <Security UserID="S-1-5-18"/>
  </System>
  <EventData>
    
    <Data Name="RuleName">-</Data>
    <Data Name="UtcTime">2024-03-18 17:01:00.161</Data>
    <Data Name="ProcessGuid">{7b2a0e3f-68c1-65f8-af02-001087275f2b}</Data>
    <Data Name="ProcessId">9816</Data>
    <Data Name="Image">C:\Windows\System32\OpenSSH\ssh.exe</Data>
    <Data Name="User">MERIDIANHCS\marcus.chen</Data>
    
  </EventData>
</Event>
<Event xmlns="http://schemas.microsoft.com/win/2004/08/events/event">
  <System>
    <Provider Name="Microsoft-Windows-Sysmon" Guid="{5770385f-c22a-43e0-bf4c-06f5698ffbd9}"/>
    <EventID>5</EventID>
    <Version>3</Version>
    <Level>4</Level>
    <Task>5</Task>
    <Opcode>0</Opcode>
    <Keywords>0x8000000000000000</Keywords>
    <TimeCreated SystemTime="2024-03-18T17:01:21.8071930Z"/>
    <EventRecordID>525726</EventRecordID>
    <Correlation/>
    <Execution ProcessID="2760" ThreadID="1792"/>
    <Channel>Microsoft-Windows-Sysmon/Operational</Channel>
    <Computer>WS-MCHEN-01.meridianhcs.local</Computer>
    <Security UserID="S-1-5-18"/>
  </System>
  <EventData>
    
    <Data Name="RuleName">-</Data>
    <Data Name="UtcTime">2024-03-18 17:01:21.807</Data>
    <Data Name="ProcessGuid">{7b2a0e3f-6528-65f8-6602-00004e827afb}</Data>
    <Data Name="ProcessId">9808</Data>
    <Data Name="Image">C:\Windows\System32\OpenSSH\ssh.exe</Data>
    <Data Name="User">MERIDIANHCS\marcus.chen</Data>
    
  </EventData>
</Event>
<Event xmlns="http://schemas.microsoft.com/win/2004/08/events/event">
  <System>
    <Provider Name="Microsoft-Windows-Sysmon" Guid="{5770385f-c22a-43e0-bf4c-06f5698ffbd9}"/>
    <EventID>1</EventID>
    <Version>5</Version>
    <Level>4</Level>
    <Task>1</Task>
    <Opcode>0</Opcode>
    <Keywords>0x8000000000000000</Keywords>
    <TimeCreated SystemTime="2024-03-18T17:01:56.1407724Z"/>
    <EventRecordID>525728</EventRecordID>
    <Correlation/>
    <Execution ProcessID="2760" ThreadID="3324"/>
    <Channel>Microsoft-Windows-Sysmon/Operational</Channel>
    <Computer>WS-MCHEN-01.meridianhcs.local</Computer>
    <Security UserID="S-1-5-18"/>
  </System>
  <EventData>
    
    <Data Name="RuleName">-</Data>
    <Data Name="UtcTime">2024-03-18 17:01:56.140</Data>
    <Data Name="ProcessGuid">{7b2a0e3f-7384-65f8-3000-00007c3802ac}</Data>
    <Data Name="ProcessId">9924</Data>
    <Data Name="Image">C:\Windows\System32\conhost.exe</Data>
    <Data Name="FileVersion">10.0.22621.1</Data>
    <Data Name="Description">Console Window Host</Data>
    <Data Name="Product">Microsoft Windows Operating System</Data>
    <Data Name="Company">Microsoft Corporation</Data>
    <Data Name="OriginalFileName">conhost.exe</Data>
    <Data Name="CommandLine">conhost.exe 0x4</Data>
    <Data Name="CurrentDirectory">C:\Windows\System32\</Data>
    <Data Name="User">NT AUTHORITY\SYSTEM</Data>
    <Data Name="LogonGuid">{00000000-0000-0000-0000-000000000000}</Data>
    <Data Name="LogonId">0x3e7</Data>
    <Data Name="TerminalSessionId">0</Data>
    <Data Name="IntegrityLevel">System</Data>
    <Data Name="Hashes">SHA1=C5BD601C27AA1527E53242CF6DCE1C779AB58F54,MD5=C7180D6EF3169C4CFD9152F2E0F718D6,SHA256=14986A25CAF24462E361E0E3D07934E9926D2E0D36D1C8FEFCDE00AB59AF67C6,IMPHASH=8E63419D15B3090A0F7E22048F46A007</Data>
    <Data Name="ParentProcessGuid">{7b2a0e3f-4f44-65ec-b502-0000d46c460c}</Data>
    <Data Name="ParentProcessId">5860</Data>
    <Data Name="ParentImage">C:\Windows\System32\csrss.exe</Data>
    <Data Name="ParentCommandLine">csrss.exe</Data>
    <Data Name="ParentUser">NT AUTHORITY\SYSTEM</Data>
    
  </EventData>
</Event>
<Event xmlns="http://schemas.microsoft.com/win/2004/08/events/event">
  <System>
    <Provider Name="Microsoft-Windows-Sysmon" Guid="{5770385f-c22a-43e0-bf4c-06f5698ffbd9}"/>
    <EventID>5</EventID>
    <Version>3</Version>
    <Level>4</Level>
    <Task>5</Task>
    <Opcode>0</Opcode>
    <Keywords>0x8000000000000000</Keywords>
    <TimeCreated SystemTime="2024-03-18T17:02:11.4758630Z"/>
    <EventRecordID>525729</EventRecordID>
    <Correlation/>
    <Execution ProcessID="2760" ThreadID="3324"/>
    <Channel>Microsoft-Windows-Sysmon/Operational</Channel>
    <Computer>WS-MCHEN-01.meridianhcs.local</Computer>
    <Security UserID="S-1-5-18"/>
  </System>
  <EventData>
    
    <Data Name="RuleName">-</Data>
    <Data Name="UtcTime">2024-03-18 17:02:11.475</Data>
    <Data Name="ProcessGuid">{7b2a0e3f-7384-65f8-3000-00007c3802ac}</Data>
    <Data Name="ProcessId">9924</Data>
    <Data Name="Image">C:\Windows\System32\conhost.exe</Data>
    <Data Name="User">NT AUTHORITY\SYSTEM</Data>
    
  </EventData>
</Event>
<Event xmlns="http://schemas.microsoft.com/win/2004/08/events/event">
  <System>
    <Provider Name="Microsoft-Windows-Sysmon" Guid="{5770385f-c22a-43e0-bf4c-06f5698ffbd9}"/>
    <EventID>22</EventID>
    <Version>5</Version>
    <Level>4</Level>
    <Task>22</Task>
    <Opcode>0</Opcode>
    <Keywords>0x8000000000000000</Keywords>
    <TimeCreated SystemTime="2024-03-18T17:03:12.1552213Z"/>
    <EventRecordID>525730</EventRecordID>
    <Correlation/>
    <Execution ProcessID="2760" ThreadID="1792"/>
    <Channel>Microsoft-Windows-Sysmon/Operational</Channel>
    <Computer>WS-MCHEN-01.meridianhcs.local</Computer>
    <Security UserID="S-1-5-18"/>
  </System>
  <EventData>
    
    <Data Name="RuleName">-</Data>
    <Data Name="UtcTime">2024-03-18 17:03:12.155</Data>
    <Data Name="ProcessGuid">{7b2a0e3f-4f4f-65ec-9302-0000328a62d2}</Data>
    <Data Name="ProcessId">5916</Data>
    <Data Name="QueryName">s1._domainkey.microsoft.com</Data>
    <Data Name="QueryStatus">0</Data>
    <Data Name="QueryResults">v=DKIM1; k=rsa; p=MIIBIjANBgkqhkiG9w0BAQEFAAOCAQ8AMIIBCgKCAQEAqhjGu+XPphswYvFhEQzb7JOrUnehhof27ASEVq0IwuGPWLGDQ5h1LpC6Vw1xAIEvTc3poYA+thZh1wSU9RD9RTd7x+Zgd00xSvnp16c67jKkuF4l8Ri+AzQ9PmwU0XE3XpC7MryfZBtqSYcuuNe2HDd1w7wQei3kGQBhgZoIsaOvzaz2SFuTYIQh9yDRASCpj4aGWTNDx72DviklcirZjMa3eQPbAWEJqBkFqlqt4OFTh2zzJ9l1HfXP22nrSUgtDPBNhFHSsoSdwokYWMzFhmszurV0pVuyNPSLCS9sjH+k/Ans9+ZOFs2TeNRVB5pWJ6e2ygFc8Sc+BBBYrz0n8QIDAQAB;</Data>
    <Data Name="Image">C:\Windows\System32\svchost.exe</Data>
    <Data Name="User">NT AUTHORITY\LOCAL SERVICE</Data>
    
  </EventData>
</Event>
<Event xmlns="http://schemas.microsoft.com/win/2004/08/events/event">
  <System>
    <Provider Name="Microsoft-Windows-Sysmon" Guid="{5770385f-c22a-43e0-bf4c-06f5698ffbd9}"/>
    <EventID>11</EventID>
    <Version>2</Version>
    <Level>4</Level>
    <Task>11</Task>
    <Opcode>0</Opcode>
    <Keywords>0x8000000000000000</Keywords>
    <TimeCreated SystemTime="2024-03-18T17:04:44.6057053Z"/>
    <EventRecordID>525732</EventRecordID>
    <Correlation/>
    <Execution ProcessID="2760" ThreadID="3324"/>
    <Channel>Microsoft-Windows-Sysmon/Operational</Channel>
    <Computer>WS-MCHEN-01.meridianhcs.local</Computer>
    <Security UserID="S-1-5-18"/>
  </System>
  <EventData>
    
    <Data Name="RuleName">-</Data>
    <Data Name="UtcTime">2024-03-18 17:04:44.605</Data>
    <Data Name="ProcessGuid">{7b2a0e3f-4f40-65ec-8202-00002a58927d}</Data>
    <Data Name="ProcessId">4</Data>
    <Data Name="Image">System</Data>
    <Data Name="TargetFilename">C:\Windows\Temp\22354.tmp</Data>
    <Data Name="CreationUtcTime">2024-03-18 17:04:44.605</Data>
    <Data Name="User">NT AUTHORITY\SYSTEM</Data>
    
  </EventData>
</Event>
<Event xmlns="http://schemas.microsoft.com/win/2004/08/events/event">
  <System>
    <Provider Name="Microsoft-Windows-Sysmon" Guid="{5770385f-c22a-43e0-bf4c-06f5698ffbd9}"/>
    <EventID>1</EventID>
    <Version>5</Version>
    <Level>4</Level>
    <Task>1</Task>
    <Opcode>0</Opcode>
    <Keywords>0x8000000000000000</Keywords>
    <TimeCreated SystemTime="2024-03-18T17:06:20.3693049Z"/>
    <EventRecordID>525734</EventRecordID>
    <Correlation/>
    <Execution ProcessID="2760" ThreadID="3324"/>
    <Channel>Microsoft-Windows-Sysmon/Operational</Channel>
    <Computer>WS-MCHEN-01.meridianhcs.local</Computer>
    <Security UserID="S-1-5-18"/>
  </System>
  <EventData>
    
    <Data Name="RuleName">-</Data>
    <Data Name="UtcTime">2024-03-18 17:06:20.369</Data>
    <Data Name="ProcessGuid">{7b2a0e3f-748c-65f8-b900-001071cd56a2}</Data>
    <Data Name="ProcessId">9940</Data>
    <Data Name="Image">C:\Windows\System32\SearchProtocolHost.exe</Data>
    <Data Name="FileVersion">10.0.22621.1</Data>
    <Data Name="Description">Microsoft Windows Search Protocol Host</Data>
    <Data Name="Product">Microsoft Windows Operating System</Data>
    <Data Name="Company">Microsoft Corporation</Data>
    <Data Name="OriginalFileName">SearchProtocolHost.exe</Data>
    <Data Name="CommandLine">SearchProtocolHost.exe Global\UsGthrFltPipeMssGthrPipe_S-1-5-20 Global\UsGthrCtrlFltPipeMssGthrPipe_S-1-5-20 1</Data>
    <Data Name="CurrentDirectory">C:\Windows\System32\</Data>
    <Data Name="User">NT AUTHORITY\SYSTEM</Data>
    <Data Name="LogonGuid">{00000000-0000-0000-0000-000000000000}</Data>
    <Data Name="LogonId">0x3e7</Data>
    <Data Name="TerminalSessionId">0</Data>
    <Data Name="IntegrityLevel">System</Data>
    <Data Name="Hashes">SHA1=43216957F6B1F6C0C1C954D1CFC7F9CE3FC72B60,MD5=BA242BD070D4A866C5D58169DB10ED02,SHA256=D48FE4EDB7B572D8CF8A37CD1AFC0882D88CA17A0BE3F4615C9E5A4F608E954A,IMPHASH=E495A5C3FEEEA98E32665B0ADE2B5A18</Data>
    <Data Name="ParentProcessGuid">{7b2a0e3f-4f56-65ec-6202-00102298e014}</Data>
    <Data Name="ParentProcessId">6068</Data>
    <Data Name="ParentImage">C:\Windows\System32\SearchIndexer.exe</Data>
    <Data Name="ParentCommandLine">SearchIndexer.exe</Data>
    <Data Name="ParentUser">NT AUTHORITY\SYSTEM</Data>
    
  </EventData>
</Event>
<Event xmlns="http://schemas.microsoft.com/win/2004/08/events/event">
  <System>
    <Provider Name="Microsoft-Windows-Sysmon" Guid="{5770385f-c22a-43e0-bf4c-06f5698ffbd9}"/>
    <EventID>1</EventID>
    <Version>5</Version>
    <Level>4</Level>
    <Task>1</Task>
    <Opcode>0</Opcode>
    <Keywords>0x8000000000000000</Keywords>
    <TimeCreated SystemTime="2024-03-18T17:06:42.7655180Z"/>
    <EventRecordID>525735</EventRecordID>
    <Correlation/>
    <Execution ProcessID="2760" ThreadID="3324"/>
    <Channel>Microsoft-Windows-Sysmon/Operational</Channel>
    <Computer>WS-MCHEN-01.meridianhcs.local</Computer>
    <Security UserID="S-1-5-18"/>
  </System>
  <EventData>
    
    <Data Name="RuleName">-</Data>
    <Data Name="UtcTime">2024-03-18 17:06:42.765</Data>
    <Data Name="ProcessGuid">{7b2a0e3f-74a2-65f8-8900-00103a4ad138}</Data>
    <Data Name="ProcessId">9968</Data>
    <Data Name="Image">C:\Windows\System32\svchost.exe</Data>
    <Data Name="FileVersion">10.0.22621.1</Data>
    <Data Name="Description">Host Process for Windows Services</Data>
    <Data Name="Product">Microsoft Windows Operating System</Data>
    <Data Name="Company">Microsoft Corporation</Data>
    <Data Name="OriginalFileName">svchost.exe</Data>
    <Data Name="CommandLine">svchost.exe -k netsvcs -p -s AppXSvc</Data>
    <Data Name="CurrentDirectory">C:\Windows\System32\</Data>
    <Data Name="User">NT AUTHORITY\SYSTEM</Data>
    <Data Name="LogonGuid">{00000000-0000-0000-0000-000000000000}</Data>
    <Data Name="LogonId">0x3e7</Data>
    <Data Name="TerminalSessionId">0</Data>
    <Data Name="IntegrityLevel">System</Data>
    <Data Name="Hashes">SHA1=368D2441944693B0CBA629E5ADBC34A8407C40C3,MD5=8CF7DD20664F50F77B71A622747C3D66,SHA256=139556DF0A11AAA4D60AE41B55524114829D5C419E8E043A1F46FC360C93693A,IMPHASH=FC6BB923636A32BB4D62A5991B95FB0D</Data>
    <Data Name="ParentProcessGuid">{7b2a0e3f-4f47-65ec-b400-0000d196fffd}</Data>
    <Data Name="ParentProcessId">5872</Data>
    <Data Name="ParentImage">C:\Windows\System32\services.exe</Data>
    <Data Name="ParentCommandLine">services.exe</Data>
    <Data Name="ParentUser">NT AUTHORITY\SYSTEM</Data>
    
  </EventData>
</Event>
<Event xmlns="http://schemas.microsoft.com/win/2004/08/events/event">
  <System>
    <Provider Name="Microsoft-Windows-Sysmon" Guid="{5770385f-c22a-43e0-bf4c-06f5698ffbd9}"/>
    <EventID>1</EventID>
    <Version>5</Version>
    <Level>4</Level>
    <Task>1</Task>
    <Opcode>0</Opcode>
    <Keywords>0x8000000000000000</Keywords>
    <TimeCreated SystemTime="2024-03-18T17:08:10.2226607Z"/>
    <EventRecordID>525737</EventRecordID>
    <Correlation/>
    <Execution ProcessID="2760" ThreadID="3324"/>
    <Channel>Microsoft-Windows-Sysmon/Operational</Channel>
    <Computer>WS-MCHEN-01.meridianhcs.local</Computer>
    <Security UserID="S-1-5-18"/>
  </System>
  <EventData>
    
    <Data Name="RuleName">-</Data>
    <Data Name="UtcTime">2024-03-18 17:08:10.222</Data>
    <Data Name="ProcessGuid">{7b2a0e3f-74fa-65f8-2500-001023716d4a}</Data>
    <Data Name="ProcessId">10044</Data>
    <Data Name="Image">C:\Windows\System32\OpenSSH\ssh.exe</Data>
    <Data Name="FileVersion">8.6.0.1</Data>
    <Data Name="Description">OpenSSH SSH client</Data>
    <Data Name="Product">OpenSSH for Windows</Data>
    <Data Name="Company">Microsoft Corporation</Data>
    <Data Name="OriginalFileName">ssh.exe</Data>
    <Data Name="CommandLine">ssh.exe marcus.chen@APP-INT-01.meridianhcs.local</Data>
    <Data Name="CurrentDirectory">C:\Users\marcus.chen\</Data>
    <Data Name="User">MERIDIANHCS\marcus.chen</Data>
    <Data Name="LogonGuid">{00000000-0000-0000-0000-000000000000}</Data>
    <Data Name="LogonId">0x6d2fe10</Data>
    <Data Name="TerminalSessionId">6</Data>
    <Data Name="IntegrityLevel">Medium</Data>
    <Data Name="Hashes">SHA1=34EDBE1F2503BED1B1F8F387974ACB65F632C21B,MD5=177AE85C74B6D0BB9FC040A42BF2CAC0,SHA256=5CA44FEC35D64819E1CF357648C98073ACA2AEF9816F8FA375095783B3AC3EE1,IMPHASH=62F7B0310260F97B5078263292DD1CBA</Data>
    <Data Name="ParentProcessGuid">{7b2a0e3f-5864-65f8-a300-000046d8f3fd}</Data>
    <Data Name="ParentProcessId">9404</Data>
    <Data Name="ParentImage">C:\Windows\System32\WindowsPowerShell\v1.0\powershell.exe</Data>
    <Data Name="ParentCommandLine">C:\Windows\System32\WindowsPowerShell\v1.0\powershell.exe</Data>
    <Data Name="ParentUser">MERIDIANHCS\marcus.chen</Data>
    
  </EventData>
</Event>
<Event xmlns="http://schemas.microsoft.com/win/2004/08/events/event">
  <System>
    <Provider Name="Microsoft-Windows-Sysmon" Guid="{5770385f-c22a-43e0-bf4c-06f5698ffbd9}"/>
    <EventID>22</EventID>
    <Version>5</Version>
    <Level>4</Level>
    <Task>22</Task>
    <Opcode>0</Opcode>
    <Keywords>0x8000000000000000</Keywords>
    <TimeCreated SystemTime="2024-03-18T17:08:13.4554736Z"/>
    <EventRecordID>525738</EventRecordID>
    <Correlation/>
    <Execution ProcessID="2760" ThreadID="3324"/>
    <Channel>Microsoft-Windows-Sysmon/Operational</Channel>
    <Computer>WS-MCHEN-01.meridianhcs.local</Computer>
    <Security UserID="S-1-5-18"/>
  </System>
  <EventData>
    
    <Data Name="RuleName">-</Data>
    <Data Name="UtcTime">2024-03-18 17:08:13.455</Data>
    <Data Name="ProcessGuid">{7b2a0e3f-74fa-65f8-2500-001023716d4a}</Data>
    <Data Name="ProcessId">10044</Data>
    <Data Name="QueryName">APP-INT-01.meridianhcs.local</Data>
    <Data Name="QueryStatus">0</Data>
    <Data Name="QueryResults">10.10.2.30;</Data>
    <Data Name="Image">C:\Windows\System32\OpenSSH\ssh.exe</Data>
    <Data Name="User">MERIDIANHCS\marcus.chen</Data>
    
  </EventData>
</Event>
<Event xmlns="http://schemas.microsoft.com/win/2004/08/events/event">
  <System>
    <Provider Name="Microsoft-Windows-Sysmon" Guid="{5770385f-c22a-43e0-bf4c-06f5698ffbd9}"/>
    <EventID>3</EventID>
    <Version>5</Version>
    <Level>4</Level>
    <Task>3</Task>
    <Opcode>0</Opcode>
    <Keywords>0x8000000000000000</Keywords>
    <TimeCreated SystemTime="2024-03-18T17:08:16.3162775Z"/>
    <EventRecordID>525739</EventRecordID>
    <Correlation/>
    <Execution ProcessID="2760" ThreadID="3324"/>
    <Channel>Microsoft-Windows-Sysmon/Operational</Channel>
    <Computer>WS-MCHEN-01.meridianhcs.local</Computer>
    <Security UserID="S-1-5-18"/>
  </System>
  <EventData>
    
    <Data Name="RuleName">-</Data>
    <Data Name="UtcTime">2024-03-18 17:08:16.316</Data>
    <Data Name="ProcessGuid">{7b2a0e3f-74fa-65f8-2500-001023716d4a}</Data>
    <Data Name="ProcessId">10044</Data>
    <Data Name="Image">C:\Windows\System32\OpenSSH\ssh.exe</Data>
    <Data Name="User">MERIDIANHCS\marcus.chen</Data>
    <Data Name="Protocol">tcp</Data>
    <Data Name="Initiated">true</Data>
    <Data Name="SourceIsIpv6">false</Data>
    <Data Name="SourceIp">10.10.1.31</Data>
    <Data Name="SourceHostname">WS-MCHEN-01.meridianhcs.local</Data>
    <Data Name="SourcePort">52575</Data>
    <Data Name="SourcePortName">-</Data>
    <Data Name="DestinationIsIpv6">false</Data>
    <Data Name="DestinationIp">10.10.2.30</Data>
    <Data Name="DestinationHostname">APP-INT-01.meridianhcs.local</Data>
    <Data Name="DestinationPort">22</Data>
    <Data Name="DestinationPortName">ssh</Data>
    
  </EventData>
</Event>
<Event xmlns="http://schemas.microsoft.com/win/2004/08/events/event">
  <System>
    <Provider Name="Microsoft-Windows-Sysmon" Guid="{5770385f-c22a-43e0-bf4c-06f5698ffbd9}"/>
    <EventID>1</EventID>
    <Version>5</Version>
    <Level>4</Level>
    <Task>1</Task>
    <Opcode>0</Opcode>
    <Keywords>0x8000000000000000</Keywords>
    <TimeCreated SystemTime="2024-03-18T17:09:03.7716076Z"/>
    <EventRecordID>525740</EventRecordID>
    <Correlation/>
    <Execution ProcessID="2760" ThreadID="3324"/>
    <Channel>Microsoft-Windows-Sysmon/Operational</Channel>
    <Computer>WS-MCHEN-01.meridianhcs.local</Computer>
    <Security UserID="S-1-5-18"/>
  </System>
  <EventData>
    
    <Data Name="RuleName">-</Data>
    <Data Name="UtcTime">2024-03-18 17:09:03.771</Data>
    <Data Name="ProcessGuid">{7b2a0e3f-752f-65f8-5302-00105436c368}</Data>
    <Data Name="ProcessId">9920</Data>
    <Data Name="Image">C:\Windows\System32\wbem\WmiPrvSE.exe</Data>
    <Data Name="FileVersion">10.0.22621.1</Data>
    <Data Name="Description">WMI Provider Host</Data>
    <Data Name="Product">Microsoft Windows Operating System</Data>
    <Data Name="Company">Microsoft Corporation</Data>
    <Data Name="OriginalFileName">WmiPrvSE.exe</Data>
    <Data Name="CommandLine">WmiPrvSE.exe -secured -Embedding</Data>
    <Data Name="CurrentDirectory">C:\Windows\System32\</Data>
    <Data Name="User">NT AUTHORITY\SYSTEM</Data>
    <Data Name="LogonGuid">{00000000-0000-0000-0000-000000000000}</Data>
    <Data Name="LogonId">0x3e7</Data>
    <Data Name="TerminalSessionId">0</Data>
    <Data Name="IntegrityLevel">System</Data>
    <Data Name="Hashes">SHA1=46ED812F7B5C135F9B5C3B57477D88A786683FF2,MD5=AAEAE0631E80D5742B02ED7046F7C425,SHA256=894ABE128AA86E96E7CD29A302C0E058BF88455F7D54C53BF1C01C3669D49661,IMPHASH=2AF1A337C33BBA81DFC20C21850217EF</Data>
    <Data Name="ParentProcessGuid">{7b2a0e3f-4f4c-65ec-4000-0010b5f91f6b}</Data>
    <Data Name="ParentProcessId">5896</Data>
    <Data Name="ParentImage">C:\Windows\System32\svchost.exe</Data>
    <Data Name="ParentCommandLine">svchost.exe -k DcomLaunch</Data>
    <Data Name="ParentUser">NT AUTHORITY\SYSTEM</Data>
    
  </EventData>
</Event>
<Event xmlns="http://schemas.microsoft.com/win/2004/08/events/event">
  <System>
    <Provider Name="Microsoft-Windows-Sysmon" Guid="{5770385f-c22a-43e0-bf4c-06f5698ffbd9}"/>
    <EventID>5</EventID>
    <Version>3</Version>
    <Level>4</Level>
    <Task>5</Task>
    <Opcode>0</Opcode>
    <Keywords>0x8000000000000000</Keywords>
    <TimeCreated SystemTime="2024-03-18T17:09:32.6289697Z"/>
    <EventRecordID>525741</EventRecordID>
    <Correlation/>
    <Execution ProcessID="2760" ThreadID="1204"/>
    <Channel>Microsoft-Windows-Sysmon/Operational</Channel>
    <Computer>WS-MCHEN-01.meridianhcs.local</Computer>
    <Security UserID="S-1-5-18"/>
  </System>
  <EventData>
    
    <Data Name="RuleName">-</Data>
    <Data Name="UtcTime">2024-03-18 17:09:32.628</Data>
    <Data Name="ProcessGuid">{7b2a0e3f-752f-65f8-5302-00105436c368}</Data>
    <Data Name="ProcessId">9920</Data>
    <Data Name="Image">C:\Windows\System32\wbem\WmiPrvSE.exe</Data>
    <Data Name="User">NT AUTHORITY\SYSTEM</Data>
    
  </EventData>
</Event>
<Event xmlns="http://schemas.microsoft.com/win/2004/08/events/event">
  <System>
    <Provider Name="Microsoft-Windows-Sysmon" Guid="{5770385f-c22a-43e0-bf4c-06f5698ffbd9}"/>
    <EventID>5</EventID>
    <Version>3</Version>
    <Level>4</Level>
    <Task>5</Task>
    <Opcode>0</Opcode>
    <Keywords>0x8000000000000000</Keywords>
    <TimeCreated SystemTime="2024-03-18T17:09:40.4257825Z"/>
    <EventRecordID>525742</EventRecordID>
    <Correlation/>
    <Execution ProcessID="2760" ThreadID="3324"/>
    <Channel>Microsoft-Windows-Sysmon/Operational</Channel>
    <Computer>WS-MCHEN-01.meridianhcs.local</Computer>
    <Security UserID="S-1-5-18"/>
  </System>
  <EventData>
    
    <Data Name="RuleName">-</Data>
    <Data Name="UtcTime">2024-03-18 17:09:40.425</Data>
    <Data Name="ProcessGuid">{7b2a0e3f-6f95-65f8-9c00-00005d62052a}</Data>
    <Data Name="ProcessId">9912</Data>
    <Data Name="Image">C:\Windows\System32\OpenSSH\ssh.exe</Data>
    <Data Name="User">MERIDIANHCS\marcus.chen</Data>
    
  </EventData>
</Event>
<Event xmlns="http://schemas.microsoft.com/win/2004/08/events/event">
  <System>
    <Provider Name="Microsoft-Windows-Sysmon" Guid="{5770385f-c22a-43e0-bf4c-06f5698ffbd9}"/>
    <EventID>1</EventID>
    <Version>5</Version>
    <Level>4</Level>
    <Task>1</Task>
    <Opcode>0</Opcode>
    <Keywords>0x8000000000000000</Keywords>
    <TimeCreated SystemTime="2024-03-18T17:10:03.7474459Z"/>
    <EventRecordID>525743</EventRecordID>
    <Correlation/>
    <Execution ProcessID="2760" ThreadID="3324"/>
    <Channel>Microsoft-Windows-Sysmon/Operational</Channel>
    <Computer>WS-MCHEN-01.meridianhcs.local</Computer>
    <Security UserID="S-1-5-18"/>
  </System>
  <EventData>
    
    <Data Name="RuleName">-</Data>
    <Data Name="UtcTime">2024-03-18 17:10:03.747</Data>
    <Data Name="ProcessGuid">{7b2a0e3f-756b-65f8-ee02-0010b3133cb0}</Data>
    <Data Name="ProcessId">10132</Data>
    <Data Name="Image">C:\Windows\System32\mstsc.exe</Data>
    <Data Name="FileVersion">10.0.22621.1</Data>
    <Data Name="Description">Remote Desktop Connection</Data>
    <Data Name="Product">Microsoft Windows Operating System</Data>
    <Data Name="Company">Microsoft Corporation</Data>
    <Data Name="OriginalFileName">mstsc.exe</Data>
    <Data Name="CommandLine">mstsc.exe /v:DC-01</Data>
    <Data Name="CurrentDirectory">C:\Windows\System32\</Data>
    <Data Name="User">MERIDIANHCS\marcus.chen</Data>
    <Data Name="LogonGuid">{00000000-0000-0000-0000-000000000000}</Data>
    <Data Name="LogonId">0x6d2fe10</Data>
    <Data Name="TerminalSessionId">6</Data>
    <Data Name="IntegrityLevel">Medium</Data>
    <Data Name="Hashes">SHA1=E6E36D2FC9772680CAA626321052A0C9D56D307A,MD5=D279444AE4C9D8B7840B8A914D0D3419,SHA256=07030FD178093090E1B1A171374910B6868B60F1E452940FB8F03806C324C621,IMPHASH=8C24FC2F939A9A509FBC0B5C81CBAA47</Data>
    <Data Name="ParentProcessGuid">{7b2a0e3f-4a63-65f8-b202-0000a46d1e84}</Data>
    <Data Name="ParentProcessId">8484</Data>
    <Data Name="ParentImage">C:\Windows\explorer.exe</Data>
    <Data Name="ParentCommandLine">explorer.exe</Data>
    <Data Name="ParentUser">MERIDIANHCS\marcus.chen</Data>
    
  </EventData>
</Event>
<Event xmlns="http://schemas.microsoft.com/win/2004/08/events/event">
  <System>
    <Provider Name="Microsoft-Windows-Sysmon" Guid="{5770385f-c22a-43e0-bf4c-06f5698ffbd9}"/>
    <EventID>11</EventID>
    <Version>2</Version>
    <Level>4</Level>
    <Task>11</Task>
    <Opcode>0</Opcode>
    <Keywords>0x8000000000000000</Keywords>
    <TimeCreated SystemTime="2024-03-18T17:10:20.1240177Z"/>
    <EventRecordID>525744</EventRecordID>
    <Correlation/>
    <Execution ProcessID="2760" ThreadID="3324"/>
    <Channel>Microsoft-Windows-Sysmon/Operational</Channel>
    <Computer>WS-MCHEN-01.meridianhcs.local</Computer>
    <Security UserID="S-1-5-18"/>
  </System>
  <EventData>
    
    <Data Name="RuleName">-</Data>
    <Data Name="UtcTime">2024-03-18 17:10:20.124</Data>
    <Data Name="ProcessGuid">{7b2a0e3f-4f5d-65ec-9200-0000a97dfba1}</Data>
    <Data Name="ProcessId">6144</Data>
    <Data Name="Image">C:\Windows\System32\csrss.exe</Data>
    <Data Name="TargetFilename">C:\Windows\Temp\92030.tmp</Data>
    <Data Name="CreationUtcTime">2024-03-18 17:10:20.123</Data>
    <Data Name="User">NT AUTHORITY\SYSTEM</Data>
    
  </EventData>
</Event>
<Event xmlns="http://schemas.microsoft.com/win/2004/08/events/event">
  <System>
    <Provider Name="Microsoft-Windows-Sysmon" Guid="{5770385f-c22a-43e0-bf4c-06f5698ffbd9}"/>
    <EventID>1</EventID>
    <Version>5</Version>
    <Level>4</Level>
    <Task>1</Task>
    <Opcode>0</Opcode>
    <Keywords>0x8000000000000000</Keywords>
    <TimeCreated SystemTime="2024-03-18T17:10:33.7705962Z"/>
    <EventRecordID>525745</EventRecordID>
    <Correlation/>
    <Execution ProcessID="2760" ThreadID="3324"/>
    <Channel>Microsoft-Windows-Sysmon/Operational</Channel>
    <Computer>WS-MCHEN-01.meridianhcs.local</Computer>
    <Security UserID="S-1-5-18"/>
  </System>
  <EventData>
    
    <Data Name="RuleName">-</Data>
    <Data Name="UtcTime">2024-03-18 17:10:33.770</Data>
    <Data Name="ProcessGuid">{7b2a0e3f-7589-65f8-2100-0010a7675055}</Data>
    <Data Name="ProcessId">10000</Data>
    <Data Name="Image">C:\Windows\System32\WindowsPowerShell\v1.0\powershell.exe</Data>
    <Data Name="FileVersion">10.0.22621.1</Data>
    <Data Name="Description">Windows PowerShell</Data>
    <Data Name="Product">Microsoft Windows Operating System</Data>
    <Data Name="Company">Microsoft Corporation</Data>
    <Data Name="OriginalFileName">PowerShell.EXE</Data>
    <Data Name="CommandLine">powershell.exe -NoProfile -ExecutionPolicy Bypass -File C:\Scripts\service-health.ps1</Data>
    <Data Name="CurrentDirectory">C:\Windows\System32\</Data>
    <Data Name="User">NT AUTHORITY\SYSTEM</Data>
    <Data Name="LogonGuid">{00000000-0000-0000-0000-000000000000}</Data>
    <Data Name="LogonId">0x3e7</Data>
    <Data Name="TerminalSessionId">0</Data>
    <Data Name="IntegrityLevel">System</Data>
    <Data Name="Hashes">SHA1=74807298BB026542B177B40CEC0B2D64D5238D09,MD5=EEACC5305C17D7F9E330B33280A27AC5,SHA256=8A59DE82B9F4AD767B08A19B8F47E045B6E82C53F55A422FE0CE860BA3A9470A,IMPHASH=9E37895148BCA2306FCE4BCB0E51C310</Data>
    <Data Name="ParentProcessGuid">{7b2a0e3f-4f47-65ec-b400-0000d196fffd}</Data>
    <Data Name="ParentProcessId">5872</Data>
    <Data Name="ParentImage">C:\Windows\System32\services.exe</Data>
    <Data Name="ParentCommandLine">services.exe</Data>
    <Data Name="ParentUser">NT AUTHORITY\SYSTEM</Data>
    
  </EventData>
</Event>
<Event xmlns="http://schemas.microsoft.com/win/2004/08/events/event">
  <System>
    <Provider Name="Microsoft-Windows-Sysmon" Guid="{5770385f-c22a-43e0-bf4c-06f5698ffbd9}"/>
    <EventID>3</EventID>
    <Version>5</Version>
    <Level>4</Level>
    <Task>3</Task>
    <Opcode>0</Opcode>
    <Keywords>0x8000000000000000</Keywords>
    <TimeCreated SystemTime="2024-03-18T17:10:41.7945921Z"/>
    <EventRecordID>525746</EventRecordID>
    <Correlation/>
    <Execution ProcessID="2760" ThreadID="3324"/>
    <Channel>Microsoft-Windows-Sysmon/Operational</Channel>
    <Computer>WS-MCHEN-01.meridianhcs.local</Computer>
    <Security UserID="S-1-5-18"/>
  </System>
  <EventData>
    
    <Data Name="RuleName">-</Data>
    <Data Name="UtcTime">2024-03-18 17:10:41.794</Data>
    <Data Name="ProcessGuid">{7b2a0e3f-50e8-65f8-bb02-00104b1f3732}</Data>
    <Data Name="ProcessId">9020</Data>
    <Data Name="Image">C:\Program Files (x86)\Microsoft\Edge\Application\msedge.exe</Data>
    <Data Name="User">MERIDIANHCS\marcus.chen</Data>
    <Data Name="Protocol">tcp</Data>
    <Data Name="Initiated">true</Data>
    <Data Name="SourceIsIpv6">false</Data>
    <Data Name="SourceIp">10.10.1.31</Data>
    <Data Name="SourceHostname">WS-MCHEN-01.meridianhcs.local</Data>
    <Data Name="SourcePort">49883</Data>
    <Data Name="SourcePortName">-</Data>
    <Data Name="DestinationIsIpv6">false</Data>
    <Data Name="DestinationIp">10.10.3.20</Data>
    <Data Name="DestinationHostname">PROXY-01.meridianhcs.local</Data>
    <Data Name="DestinationPort">8080</Data>
    <Data Name="DestinationPortName">http-alt</Data>
    
  </EventData>
</Event>
<Event xmlns="http://schemas.microsoft.com/win/2004/08/events/event">
  <System>
    <Provider Name="Microsoft-Windows-Sysmon" Guid="{5770385f-c22a-43e0-bf4c-06f5698ffbd9}"/>
    <EventID>3</EventID>
    <Version>5</Version>
    <Level>4</Level>
    <Task>3</Task>
    <Opcode>0</Opcode>
    <Keywords>0x8000000000000000</Keywords>
    <TimeCreated SystemTime="2024-03-18T17:10:43.0156483Z"/>
    <EventRecordID>525747</EventRecordID>
    <Correlation/>
    <Execution ProcessID="2760" ThreadID="1792"/>
    <Channel>Microsoft-Windows-Sysmon/Operational</Channel>
    <Computer>WS-MCHEN-01.meridianhcs.local</Computer>
    <Security UserID="S-1-5-18"/>
  </System>
  <EventData>
    
    <Data Name="RuleName">-</Data>
    <Data Name="UtcTime">2024-03-18 17:10:43.015</Data>
    <Data Name="ProcessGuid">{7b2a0e3f-50e8-65f8-bb02-00104b1f3732}</Data>
    <Data Name="ProcessId">9020</Data>
    <Data Name="Image">C:\Program Files (x86)\Microsoft\Edge\Application\msedge.exe</Data>
    <Data Name="User">MERIDIANHCS\marcus.chen</Data>
    <Data Name="Protocol">tcp</Data>
    <Data Name="Initiated">true</Data>
    <Data Name="SourceIsIpv6">false</Data>
    <Data Name="SourceIp">10.10.1.31</Data>
    <Data Name="SourceHostname">WS-MCHEN-01.meridianhcs.local</Data>
    <Data Name="SourcePort">53239</Data>
    <Data Name="SourcePortName">-</Data>
    <Data Name="DestinationIsIpv6">false</Data>
    <Data Name="DestinationIp">10.10.3.20</Data>
    <Data Name="DestinationHostname">PROXY-01.meridianhcs.local</Data>
    <Data Name="DestinationPort">8080</Data>
    <Data Name="DestinationPortName">http-alt</Data>
    
  </EventData>
</Event>
<Event xmlns="http://schemas.microsoft.com/win/2004/08/events/event">
  <System>
    <Provider Name="Microsoft-Windows-Sysmon" Guid="{5770385f-c22a-43e0-bf4c-06f5698ffbd9}"/>
    <EventID>3</EventID>
    <Version>5</Version>
    <Level>4</Level>
    <Task>3</Task>
    <Opcode>0</Opcode>
    <Keywords>0x8000000000000000</Keywords>
    <TimeCreated SystemTime="2024-03-18T17:10:45.0747847Z"/>
    <EventRecordID>525748</EventRecordID>
    <Correlation/>
    <Execution ProcessID="2760" ThreadID="3324"/>
    <Channel>Microsoft-Windows-Sysmon/Operational</Channel>
    <Computer>WS-MCHEN-01.meridianhcs.local</Computer>
    <Security UserID="S-1-5-18"/>
  </System>
  <EventData>
    
    <Data Name="RuleName">-</Data>
    <Data Name="UtcTime">2024-03-18 17:10:45.074</Data>
    <Data Name="ProcessGuid">{7b2a0e3f-50e8-65f8-bb02-00104b1f3732}</Data>
    <Data Name="ProcessId">9020</Data>
    <Data Name="Image">C:\Program Files (x86)\Microsoft\Edge\Application\msedge.exe</Data>
    <Data Name="User">MERIDIANHCS\marcus.chen</Data>
    <Data Name="Protocol">tcp</Data>
    <Data Name="Initiated">true</Data>
    <Data Name="SourceIsIpv6">false</Data>
    <Data Name="SourceIp">10.10.1.31</Data>
    <Data Name="SourceHostname">WS-MCHEN-01.meridianhcs.local</Data>
    <Data Name="SourcePort">54812</Data>
    <Data Name="SourcePortName">-</Data>
    <Data Name="DestinationIsIpv6">false</Data>
    <Data Name="DestinationIp">10.10.3.20</Data>
    <Data Name="DestinationHostname">PROXY-01.meridianhcs.local</Data>
    <Data Name="DestinationPort">8080</Data>
    <Data Name="DestinationPortName">http-alt</Data>
    
  </EventData>
</Event>
<Event xmlns="http://schemas.microsoft.com/win/2004/08/events/event">
  <System>
    <Provider Name="Microsoft-Windows-Sysmon" Guid="{5770385f-c22a-43e0-bf4c-06f5698ffbd9}"/>
    <EventID>3</EventID>
    <Version>5</Version>
    <Level>4</Level>
    <Task>3</Task>
    <Opcode>0</Opcode>
    <Keywords>0x8000000000000000</Keywords>
    <TimeCreated SystemTime="2024-03-18T17:10:45.2406672Z"/>
    <EventRecordID>525749</EventRecordID>
    <Correlation/>
    <Execution ProcessID="2760" ThreadID="2500"/>
    <Channel>Microsoft-Windows-Sysmon/Operational</Channel>
    <Computer>WS-MCHEN-01.meridianhcs.local</Computer>
    <Security UserID="S-1-5-18"/>
  </System>
  <EventData>
    
    <Data Name="RuleName">-</Data>
    <Data Name="UtcTime">2024-03-18 17:10:45.240</Data>
    <Data Name="ProcessGuid">{7b2a0e3f-50e8-65f8-bb02-00104b1f3732}</Data>
    <Data Name="ProcessId">9020</Data>
    <Data Name="Image">C:\Program Files (x86)\Microsoft\Edge\Application\msedge.exe</Data>
    <Data Name="User">MERIDIANHCS\marcus.chen</Data>
    <Data Name="Protocol">tcp</Data>
    <Data Name="Initiated">true</Data>
    <Data Name="SourceIsIpv6">false</Data>
    <Data Name="SourceIp">10.10.1.31</Data>
    <Data Name="SourceHostname">WS-MCHEN-01.meridianhcs.local</Data>
    <Data Name="SourcePort">53235</Data>
    <Data Name="SourcePortName">-</Data>
    <Data Name="DestinationIsIpv6">false</Data>
    <Data Name="DestinationIp">10.10.3.20</Data>
    <Data Name="DestinationHostname">PROXY-01.meridianhcs.local</Data>
    <Data Name="DestinationPort">8080</Data>
    <Data Name="DestinationPortName">http-alt</Data>
    
  </EventData>
</Event>
<Event xmlns="http://schemas.microsoft.com/win/2004/08/events/event">
  <System>
    <Provider Name="Microsoft-Windows-Sysmon" Guid="{5770385f-c22a-43e0-bf4c-06f5698ffbd9}"/>
    <EventID>3</EventID>
    <Version>5</Version>
    <Level>4</Level>
    <Task>3</Task>
    <Opcode>0</Opcode>
    <Keywords>0x8000000000000000</Keywords>
    <TimeCreated SystemTime="2024-03-18T17:11:22.6895751Z"/>
    <EventRecordID>525750</EventRecordID>
    <Correlation/>
    <Execution ProcessID="2760" ThreadID="3324"/>
    <Channel>Microsoft-Windows-Sysmon/Operational</Channel>
    <Computer>WS-MCHEN-01.meridianhcs.local</Computer>
    <Security UserID="S-1-5-18"/>
  </System>
  <EventData>
    
    <Data Name="RuleName">-</Data>
    <Data Name="UtcTime">2024-03-18 17:11:22.689</Data>
    <Data Name="ProcessGuid">{7b2a0e3f-4f4f-65ec-9302-0000328a62d2}</Data>
    <Data Name="ProcessId">5916</Data>
    <Data Name="Image">C:\Windows\System32\svchost.exe</Data>
    <Data Name="User">NT AUTHORITY\LOCAL SERVICE</Data>
    <Data Name="Protocol">udp</Data>
    <Data Name="Initiated">true</Data>
    <Data Name="SourceIsIpv6">false</Data>
    <Data Name="SourceIp">10.10.1.31</Data>
    <Data Name="SourceHostname">WS-MCHEN-01.meridianhcs.local</Data>
    <Data Name="SourcePort">51140</Data>
    <Data Name="SourcePortName">-</Data>
    <Data Name="DestinationIsIpv6">false</Data>
    <Data Name="DestinationIp">10.10.2.10</Data>
    <Data Name="DestinationHostname">DC-01.meridianhcs.local</Data>
    <Data Name="DestinationPort">53</Data>
    <Data Name="DestinationPortName">domain</Data>
    
  </EventData>
</Event>
<Event xmlns="http://schemas.microsoft.com/win/2004/08/events/event">
  <System>
    <Provider Name="Microsoft-Windows-Sysmon" Guid="{5770385f-c22a-43e0-bf4c-06f5698ffbd9}"/>
    <EventID>22</EventID>
    <Version>5</Version>
    <Level>4</Level>
    <Task>22</Task>
    <Opcode>0</Opcode>
    <Keywords>0x8000000000000000</Keywords>
    <TimeCreated SystemTime="2024-03-18T17:11:22.7245620Z"/>
    <EventRecordID>525751</EventRecordID>
    <Correlation/>
    <Execution ProcessID="2760" ThreadID="3324"/>
    <Channel>Microsoft-Windows-Sysmon/Operational</Channel>
    <Computer>WS-MCHEN-01.meridianhcs.local</Computer>
    <Security UserID="S-1-5-18"/>
  </System>
  <EventData>
    
    <Data Name="RuleName">-</Data>
    <Data Name="UtcTime">2024-03-18 17:11:22.724</Data>
    <Data Name="ProcessGuid">{7b2a0e3f-4f4f-65ec-9302-0000328a62d2}</Data>
    <Data Name="ProcessId">5916</Data>
    <Data Name="QueryName">DC-01.meridianhcs.local</Data>
    <Data Name="QueryStatus">0</Data>
    <Data Name="QueryResults">10.10.2.10;</Data>
    <Data Name="Image">C:\Windows\System32\svchost.exe</Data>
    <Data Name="User">NT AUTHORITY\LOCAL SERVICE</Data>
    
  </EventData>
</Event>
<Event xmlns="http://schemas.microsoft.com/win/2004/08/events/event">
  <System>
    <Provider Name="Microsoft-Windows-Sysmon" Guid="{5770385f-c22a-43e0-bf4c-06f5698ffbd9}"/>
    <EventID>22</EventID>
    <Version>5</Version>
    <Level>4</Level>
    <Task>22</Task>
    <Opcode>0</Opcode>
    <Keywords>0x8000000000000000</Keywords>
    <TimeCreated SystemTime="2024-03-18T17:11:34.5560697Z"/>
    <EventRecordID>525752</EventRecordID>
    <Correlation/>
    <Execution ProcessID="2760" ThreadID="1204"/>
    <Channel>Microsoft-Windows-Sysmon/Operational</Channel>
    <Computer>WS-MCHEN-01.meridianhcs.local</Computer>
    <Security UserID="S-1-5-18"/>
  </System>
  <EventData>
    
    <Data Name="RuleName">-</Data>
    <Data Name="UtcTime">2024-03-18 17:11:34.556</Data>
    <Data Name="ProcessGuid">{7b2a0e3f-4f4d-65ec-d700-001003fb4c55}</Data>
    <Data Name="ProcessId">5908</Data>
    <Data Name="QueryName">FILE-SRV-01.meridianhcs.local</Data>
    <Data Name="QueryStatus">0</Data>
    <Data Name="QueryResults">10.10.2.20;</Data>
    <Data Name="Image">C:\Windows\System32\svchost.exe</Data>
    <Data Name="User">NT AUTHORITY\NETWORK SERVICE</Data>
    
  </EventData>
</Event>
<Event xmlns="http://schemas.microsoft.com/win/2004/08/events/event">
  <System>
    <Provider Name="Microsoft-Windows-Sysmon" Guid="{5770385f-c22a-43e0-bf4c-06f5698ffbd9}"/>
    <EventID>22</EventID>
    <Version>5</Version>
    <Level>4</Level>
    <Task>22</Task>
    <Opcode>0</Opcode>
    <Keywords>0x8000000000000000</Keywords>
    <TimeCreated SystemTime="2024-03-18T17:15:45.8620598Z"/>
    <EventRecordID>525753</EventRecordID>
    <Correlation/>
    <Execution ProcessID="2760" ThreadID="3324"/>
    <Channel>Microsoft-Windows-Sysmon/Operational</Channel>
    <Computer>WS-MCHEN-01.meridianhcs.local</Computer>
    <Security UserID="S-1-5-18"/>
  </System>
  <EventData>
    
    <Data Name="RuleName">-</Data>
    <Data Name="UtcTime">2024-03-18 17:15:45.862</Data>
    <Data Name="ProcessGuid">{7b2a0e3f-4f40-65ec-8202-00002a58927d}</Data>
    <Data Name="ProcessId">4</Data>
    <Data Name="QueryName">DC-01.meridianhcs.local</Data>
    <Data Name="QueryStatus">0</Data>
    <Data Name="QueryResults">-</Data>
    <Data Name="Image">System</Data>
    <Data Name="User">NT AUTHORITY\SYSTEM</Data>
    
  </EventData>
</Event>
<Event xmlns="http://schemas.microsoft.com/win/2004/08/events/event">
  <System>
    <Provider Name="Microsoft-Windows-Sysmon" Guid="{5770385f-c22a-43e0-bf4c-06f5698ffbd9}"/>
    <EventID>11</EventID>
    <Version>2</Version>
    <Level>4</Level>
    <Task>11</Task>
    <Opcode>0</Opcode>
    <Keywords>0x8000000000000000</Keywords>
    <TimeCreated SystemTime="2024-03-18T17:17:25.6304022Z"/>
    <EventRecordID>525754</EventRecordID>
    <Correlation/>
    <Execution ProcessID="2760" ThreadID="3324"/>
    <Channel>Microsoft-Windows-Sysmon/Operational</Channel>
    <Computer>WS-MCHEN-01.meridianhcs.local</Computer>
    <Security UserID="S-1-5-18"/>
  </System>
  <EventData>
    
    <Data Name="RuleName">-</Data>
    <Data Name="UtcTime">2024-03-18 17:17:25.630</Data>
    <Data Name="ProcessGuid">{7b2a0e3f-4f58-65ec-0402-000038b4b2ab}</Data>
    <Data Name="ProcessId">6112</Data>
    <Data Name="Image">C:\ProgramData\Microsoft\Windows Defender\Platform\4.18.2301.6-0\MpCmdRun.exe</Data>
    <Data Name="TargetFilename">C:\Windows\Temp\35005.tmp</Data>
    <Data Name="CreationUtcTime">2024-03-18 17:17:25.630</Data>
    <Data Name="User">NT AUTHORITY\SYSTEM</Data>
    
  </EventData>
</Event>
