<Event xmlns="http://schemas.microsoft.com/win/2004/08/events/event">
  <System>
    <Provider Name="Microsoft-Windows-Sysmon" Guid="{5770385f-c22a-43e0-bf4c-06f5698ffbd9}"/>
    <EventID>10</EventID>
    <Version>3</Version>
    <Level>4</Level>
    <Task>10</Task>
    <Opcode>0</Opcode>
    <Keywords>0x8000000000000000</Keywords>
    <TimeCreated SystemTime="2024-03-18T17:44:49.0057969Z"/>
    <EventRecordID>525790</EventRecordID>
    <Correlation/>
    <Execution ProcessID="2760" ThreadID="1204"/>
    <Channel>Microsoft-Windows-Sysmon/Operational</Channel>
    <Computer>WS-MCHEN-01.meridianhcs.local</Computer>
    <Security UserID="S-1-5-18"/>
  </System>
  <EventData>
    
    <Data Name="RuleName">-</Data>
    <Data Name="UtcTime">2024-03-18 17:44:49.005</Data>
    <Data Name="SourceProcessGUID">{7b2a0e3f-4f5a-65ec-fa02-001071a5ccbf}</Data>
    <Data Name="SourceProcessId">6124</Data>
    <Data Name="SourceThreadId">21868</Data>
    <Data Name="SourceImage">C:\Windows\System32\msiexec.exe</Data>
    <Data Name="TargetProcessGUID">{7b2a0e3f-4f47-65ec-b400-0000d196fffd}</Data>
    <Data Name="TargetProcessId">5872</Data>
    <Data Name="TargetImage">C:\Windows\System32\services.exe</Data>
    <Data Name="GrantedAccess">0x1000</Data>
    <Data Name="CallTrace">C:\Windows\SYSTEM32\ntdll.dll+9ED02|C:\Windows\SYSTEM32\KERNELBASE.dll+2CC6E</Data>
    <Data Name="SourceUser">NT AUTHORITY\SYSTEM</Data>
    <Data Name="TargetUser">NT AUTHORITY\SYSTEM</Data>
    
  </EventData>
</Event>
<Event xmlns="http://schemas.microsoft.com/win/2004/08/events/event">
  <System>
    <Provider Name="Microsoft-Windows-Sysmon" Guid="{5770385f-c22a-43e0-bf4c-06f5698ffbd9}"/>
    <EventID>5</EventID>
    <Version>3</Version>
    <Level>4</Level>
    <Task>5</Task>
    <Opcode>0</Opcode>
    <Keywords>0x8000000000000000</Keywords>
    <TimeCreated SystemTime="2024-03-18T17:46:21.4993155Z"/>
    <EventRecordID>525792</EventRecordID>
    <Correlation/>
    <Execution ProcessID="2760" ThreadID="1204"/>
    <Channel>Microsoft-Windows-Sysmon/Operational</Channel>
    <Computer>WS-MCHEN-01.meridianhcs.local</Computer>
    <Security UserID="S-1-5-18"/>
  </System>
  <EventData>
    
    <Data Name="RuleName">-</Data>
    <Data Name="UtcTime">2024-03-18 17:46:21.499</Data>
    <Data Name="ProcessGuid">{7b2a0e3f-7d35-65f8-db00-0000d05f3a2a}</Data>
    <Data Name="ProcessId">9944</Data>
    <Data Name="Image">C:\Windows\System32\dllhost.exe</Data>
    <Data Name="User">NT AUTHORITY\SYSTEM</Data>
    
  </EventData>
</Event>
<Event xmlns="http://schemas.microsoft.com/win/2004/08/events/event">
  <System>
    <Provider Name="Microsoft-Windows-Sysmon" Guid="{5770385f-c22a-43e0-bf4c-06f5698ffbd9}"/>
    <EventID>5</EventID>
    <Version>3</Version>
    <Level>4</Level>
    <Task>5</Task>
    <Opcode>0</Opcode>
    <Keywords>0x8000000000000000</Keywords>
    <TimeCreated SystemTime="2024-03-18T17:47:58.1326566Z"/>
    <EventRecordID>525793</EventRecordID>
    <Correlation/>
    <Execution ProcessID="2760" ThreadID="1792"/>
    <Channel>Microsoft-Windows-Sysmon/Operational</Channel>
    <Computer>WS-MCHEN-01.meridianhcs.local</Computer>
    <Security UserID="S-1-5-18"/>
  </System>
  <EventData>
    
    <Data Name="RuleName">-</Data>
    <Data Name="UtcTime">2024-03-18 17:47:58.132</Data>
    <Data Name="ProcessGuid">{7b2a0e3f-7749-65f8-a202-0000b190eca5}</Data>
    <Data Name="ProcessId">10048</Data>
    <Data Name="Image">C:\Windows\System32\OpenSSH\ssh.exe</Data>
    <Data Name="User">MERIDIANHCS\marcus.chen</Data>
    
  </EventData>
</Event>
<Event xmlns="http://schemas.microsoft.com/win/2004/08/events/event">
  <System>
    <Provider Name="Microsoft-Windows-Sysmon" Guid="{5770385f-c22a-43e0-bf4c-06f5698ffbd9}"/>
    <EventID>1</EventID>
    <Version>5</Version>
    <Level>4</Level>
    <Task>1</Task>
    <Opcode>0</Opcode>
    <Keywords>0x8000000000000000</Keywords>
    <TimeCreated SystemTime="2024-03-18T17:48:46.5756509Z"/>
    <EventRecordID>525794</EventRecordID>
    <Correlation/>
    <Execution ProcessID="2760" ThreadID="1204"/>
    <Channel>Microsoft-Windows-Sysmon/Operational</Channel>
    <Computer>WS-MCHEN-01.meridianhcs.local</Computer>
    <Security UserID="S-1-5-18"/>
  </System>
  <EventData>
    
    <Data Name="RuleName">-</Data>
    <Data Name="UtcTime">2024-03-18 17:48:46.575</Data>
    <Data Name="ProcessGuid">{7b2a0e3f-7e7e-65f8-2500-0000062352c3}</Data>
    <Data Name="ProcessId">9948</Data>
    <Data Name="Image">C:\Program Files (x86)\Dropbox\Update\DropboxUpdate.exe</Data>
    <Data Name="FileVersion">-</Data>
    <Data Name="Description">-</Data>
    <Data Name="Product">-</Data>
    <Data Name="Company">-</Data>
    <Data Name="OriginalFileName">-</Data>
    <Data Name="CommandLine">DropboxUpdate.exe /svc</Data>
    <Data Name="CurrentDirectory">C:\Windows\System32\</Data>
    <Data Name="User">NT AUTHORITY\SYSTEM</Data>
    <Data Name="LogonGuid">{00000000-0000-0000-0000-000000000000}</Data>
    <Data Name="LogonId">0x3e7</Data>
    <Data Name="TerminalSessionId">0</Data>
    <Data Name="IntegrityLevel">System</Data>
    <Data Name="Hashes">SHA1=9C9553118846730CD57BE76D7FD1D6569396BDDD,MD5=28D8439028ABA7E4A3E3734E1C47A9CC,SHA256=C1E09E737846E713E9AC8D9DB04CB231377706742CC76F187A9C586FE4928980,IMPHASH=E3D92598470BD2B25DC52DD1D8A4CD13</Data>
    <Data Name="ParentProcessGuid">{7b2a0e3f-4f47-65ec-b400-0000d196fffd}</Data>
    <Data Name="ParentProcessId">5872</Data>
    <Data Name="ParentImage">C:\Windows\System32\services.exe</Data>
    <Data Name="ParentCommandLine">services.exe</Data>
    <Data Name="ParentUser">NT AUTHORITY\SYSTEM</Data>
    
  </EventData>
</Event>
<Event xmlns="http://schemas.microsoft.com/win/2004/08/events/event">
  <System>
    <Provider Name="Microsoft-Windows-Sysmon" Guid="{5770385f-c22a-43e0-bf4c-06f5698ffbd9}"/>
    <EventID>22</EventID>
    <Version>5</Version>
    <Level>4</Level>
    <Task>22</Task>
    <Opcode>0</Opcode>
    <Keywords>0x8000000000000000</Keywords>
    <TimeCreated SystemTime="2024-03-18T17:50:20.1721174Z"/>
    <EventRecordID>525796</EventRecordID>
    <Correlation/>
    <Execution ProcessID="2760" ThreadID="1792"/>
    <Channel>Microsoft-Windows-Sysmon/Operational</Channel>
    <Computer>WS-MCHEN-01.meridianhcs.local</Computer>
    <Security UserID="S-1-5-18"/>
  </System>
  <EventData>
    
    <Data Name="RuleName">-</Data>
    <Data Name="UtcTime">2024-03-18 17:50:20.172</Data>
    <Data Name="ProcessGuid">{7b2a0e3f-4f40-65ec-8202-00002a58927d}</Data>
    <Data Name="ProcessId">4</Data>
    <Data Name="QueryName">20.2.10.10.in-addr.arpa</Data>
    <Data Name="QueryStatus">0</Data>
    <Data Name="QueryResults">FILE-SRV-01.meridianhcs.local;</Data>
    <Data Name="Image">System</Data>
    <Data Name="User">NT AUTHORITY\SYSTEM</Data>
    
  </EventData>
</Event>
<Event xmlns="http://schemas.microsoft.com/win/2004/08/events/event">
  <System>
    <Provider Name="Microsoft-Windows-Sysmon" Guid="{5770385f-c22a-43e0-bf4c-06f5698ffbd9}"/>
    <EventID>22</EventID>
    <Version>5</Version>
    <Level>4</Level>
    <Task>22</Task>
    <Opcode>0</Opcode>
    <Keywords>0x8000000000000000</Keywords>
    <TimeCreated SystemTime="2024-03-18T17:50:26.4948853Z"/>
    <EventRecordID>525797</EventRecordID>
    <Correlation/>
    <Execution ProcessID="2760" ThreadID="2500"/>
    <Channel>Microsoft-Windows-Sysmon/Operational</Channel>
    <Computer>WS-MCHEN-01.meridianhcs.local</Computer>
    <Security UserID="S-1-5-18"/>
  </System>
  <EventData>
    
    <Data Name="RuleName">-</Data>
    <Data Name="UtcTime">2024-03-18 17:50:26.494</Data>
    <Data Name="ProcessGuid">{7b2a0e3f-4f4d-65ec-d700-001003fb4c55}</Data>
    <Data Name="ProcessId">5908</Data>
    <Data Name="QueryName">FILE-SRV-01.meridianhcs.local</Data>
    <Data Name="QueryStatus">0</Data>
    <Data Name="QueryResults">-</Data>
    <Data Name="Image">C:\Windows\System32\svchost.exe</Data>
    <Data Name="User">NT AUTHORITY\NETWORK SERVICE</Data>
    
  </EventData>
</Event>
<Event xmlns="http://schemas.microsoft.com/win/2004/08/events/event">
  <System>
    <Provider Name="Microsoft-Windows-Sysmon" Guid="{5770385f-c22a-43e0-bf4c-06f5698ffbd9}"/>
    <EventID>13</EventID>
    <Version>2</Version>
    <Level>4</Level>
    <Task>13</Task>
    <Opcode>0</Opcode>
    <Keywords>0x8000000000000000</Keywords>
    <TimeCreated SystemTime="2024-03-18T17:52:43.1318395Z"/>
    <EventRecordID>525798</EventRecordID>
    <Correlation/>
    <Execution ProcessID="2760" ThreadID="3324"/>
    <Channel>Microsoft-Windows-Sysmon/Operational</Channel>
    <Computer>WS-MCHEN-01.meridianhcs.local</Computer>
    <Security UserID="S-1-5-18"/>
  </System>
  <EventData>
    
    <Data Name="RuleName">-</Data>
    <Data Name="EventType">SetValue</Data>
    <Data Name="UtcTime">2024-03-18 17:52:43.131</Data>
    <Data Name="ProcessGuid">{7b2a0e3f-4f61-65ec-ca02-000042539814}</Data>
    <Data Name="ProcessId">6180</Data>
    <Data Name="Image">C:\Windows\explorer.exe</Data>
    <Data Name="TargetObject">HKU\S-1-5-21-1537687973-2974994828-3875246326-1003\Software\Microsoft\Windows\CurrentVersion\Explorer\UserAssist\{CEBFF5CD-ACE2-4F4F-9178-9926F41749EA}\Count\HRZR_EHACNGU:P:\Hfref\znephf.pura\NccQngn\Ebnzvat\Zvpebfbsg\Jvaqbjf\Fgneg Zrah\Cebtenzf\Fynpx.yax</Data>
    <Data Name="Details">14 9E 02 62 0E 0B A7 33 34 BC 18 4B 7A 31 7A 40 F4 5B 49 D8 26 BC 00 37 89 D0 4B 22 05 7C 48 A4 F9 9F 22 78 A1 96 19 A4</Data>
    <Data Name="User">MERIDIANHCS\marcus.chen</Data>
    
  </EventData>
</Event>
<Event xmlns="http://schemas.microsoft.com/win/2004/08/events/event">
  <System>
    <Provider Name="Microsoft-Windows-Sysmon" Guid="{5770385f-c22a-43e0-bf4c-06f5698ffbd9}"/>
    <EventID>1</EventID>
    <Version>5</Version>
    <Level>4</Level>
    <Task>1</Task>
    <Opcode>0</Opcode>
    <Keywords>0x8000000000000000</Keywords>
    <TimeCreated SystemTime="2024-03-18T17:52:57.7717747Z"/>
    <EventRecordID>525799</EventRecordID>
    <Correlation/>
    <Execution ProcessID="2760" ThreadID="3324"/>
    <Channel>Microsoft-Windows-Sysmon/Operational</Channel>
    <Computer>WS-MCHEN-01.meridianhcs.local</Computer>
    <Security UserID="S-1-5-18"/>
  </System>
  <EventData>
    
    <Data Name="RuleName">-</Data>
    <Data Name="UtcTime">2024-03-18 17:52:57.771</Data>
    <Data Name="ProcessGuid">{7b2a0e3f-7f79-65f8-b302-0010535f3681}</Data>
    <Data Name="ProcessId">9956</Data>
    <Data Name="Image">C:\Program Files (x86)\Common Files\Adobe\ARM\1.0\AdobeARMservice.exe</Data>
    <Data Name="FileVersion">-</Data>
    <Data Name="Description">-</Data>
    <Data Name="Product">-</Data>
    <Data Name="Company">-</Data>
    <Data Name="OriginalFileName">-</Data>
    <Data Name="CommandLine">AdobeARMservice.exe</Data>
    <Data Name="CurrentDirectory">C:\Windows\System32\</Data>
    <Data Name="User">NT AUTHORITY\SYSTEM</Data>
    <Data Name="LogonGuid">{00000000-0000-0000-0000-000000000000}</Data>
    <Data Name="LogonId">0x3e7</Data>
    <Data Name="TerminalSessionId">0</Data>
    <Data Name="IntegrityLevel">System</Data>
    <Data Name="Hashes">SHA1=F6D11F05CF8A9A0F83C37ED5ECDBD769FE5940D7,MD5=D0D49ED5C483D4411B2FE409B120FB71,SHA256=837159C278E95EA9EFAE5DFBCD8E494488E64BDF14D66B146D3301397AF40143,IMPHASH=2369C9FAD3A1DA461C349F66EAE1B462</Data>
    <Data Name="ParentProcessGuid">{7b2a0e3f-4f47-65ec-b400-0000d196fffd}</Data>
    <Data Name="ParentProcessId">5872</Data>
    <Data Name="ParentImage">C:\Windows\System32\services.exe</Data>
    <Data Name="ParentCommandLine">services.exe</Data>
    <Data Name="ParentUser">NT AUTHORITY\SYSTEM</Data>
    
  </EventData>
</Event>
<Event xmlns="http://schemas.microsoft.com/win/2004/08/events/event">
  <System>
    <Provider Name="Microsoft-Windows-Sysmon" Guid="{5770385f-c22a-43e0-bf4c-06f5698ffbd9}"/>
    <EventID>1</EventID>
    <Version>5</Version>
    <Level>4</Level>
    <Task>1</Task>
    <Opcode>0</Opcode>
    <Keywords>0x8000000000000000</Keywords>
    <TimeCreated SystemTime="2024-03-18T17:53:18.9558751Z"/>
    <EventRecordID>525800</EventRecordID>
    <Correlation/>
    <Execution ProcessID="2760" ThreadID="1792"/>
    <Channel>Microsoft-Windows-Sysmon/Operational</Channel>
    <Computer>WS-MCHEN-01.meridianhcs.local</Computer>
    <Security UserID="S-1-5-18"/>
  </System>
  <EventData>
    
    <Data Name="RuleName">-</Data>
    <Data Name="UtcTime">2024-03-18 17:53:18.955</Data>
    <Data Name="ProcessGuid">{7b2a0e3f-7f8e-65f8-0202-0010d3d77ce2}</Data>
    <Data Name="ProcessId">10100</Data>
    <Data Name="Image">C:\Windows\System32\OpenSSH\ssh.exe</Data>
    <Data Name="FileVersion">8.6.0.1</Data>
    <Data Name="Description">OpenSSH SSH client</Data>
    <Data Name="Product">OpenSSH for Windows</Data>
    <Data Name="Company">Microsoft Corporation</Data>
    <Data Name="OriginalFileName">ssh.exe</Data>
    <Data Name="CommandLine">ssh.exe marcus.chen@DB-PROD-01.meridianhcs.local</Data>
    <Data Name="CurrentDirectory">C:\Users\marcus.chen\</Data>
    <Data Name="User">MERIDIANHCS\marcus.chen</Data>
    <Data Name="LogonGuid">{00000000-0000-0000-0000-000000000000}</Data>
    <Data Name="LogonId">0x6d2fe10</Data>
    <Data Name="TerminalSessionId">6</Data>
    <Data Name="IntegrityLevel">Medium</Data>
    <Data Name="Hashes">SHA1=34EDBE1F2503BED1B1F8F387974ACB65F632C21B,MD5=177AE85C74B6D0BB9FC040A42BF2CAC0,SHA256=5CA44FEC35D64819E1CF357648C98073ACA2AEF9816F8FA375095783B3AC3EE1,IMPHASH=62F7B0310260F97B5078263292DD1CBA</Data>
    <Data Name="ParentProcessGuid">{7b2a0e3f-5864-65f8-a300-000046d8f3fd}</Data>
    <Data Name="ParentProcessId">9404</Data>
    <Data Name="ParentImage">C:\Windows\System32\WindowsPowerShell\v1.0\powershell.exe</Data>
    <Data Name="ParentCommandLine">C:\Windows\System32\WindowsPowerShell\v1.0\powershell.exe</Data>
    <Data Name="ParentUser">MERIDIANHCS\marcus.chen</Data>
    
  </EventData>
</Event>
<Event xmlns="http://schemas.microsoft.com/win/2004/08/events/event">
  <System>
    <Provider Name="Microsoft-Windows-Sysmon" Guid="{5770385f-c22a-43e0-bf4c-06f5698ffbd9}"/>
    <EventID>3</EventID>
    <Version>5</Version>
    <Level>4</Level>
    <Task>3</Task>
    <Opcode>0</Opcode>
    <Keywords>0x8000000000000000</Keywords>
    <TimeCreated SystemTime="2024-03-18T17:53:42.8421069Z"/>
    <EventRecordID>525801</EventRecordID>
    <Correlation/>
    <Execution ProcessID="2760" ThreadID="1792"/>
    <Channel>Microsoft-Windows-Sysmon/Operational</Channel>
    <Computer>WS-MCHEN-01.meridianhcs.local</Computer>
    <Security UserID="S-1-5-18"/>
  </System>
  <EventData>
    
    <Data Name="RuleName">-</Data>
    <Data Name="UtcTime">2024-03-18 17:53:42.842</Data>
    <Data Name="ProcessGuid">{7b2a0e3f-7f8e-65f8-0202-0010d3d77ce2}</Data>
    <Data Name="ProcessId">10100</Data>
    <Data Name="Image">C:\Windows\System32\OpenSSH\ssh.exe</Data>
    <Data Name="User">MERIDIANHCS\marcus.chen</Data>
    <Data Name="Protocol">tcp</Data>
    <Data Name="Initiated">true</Data>
    <Data Name="SourceIsIpv6">false</Data>
    <Data Name="SourceIp">10.10.1.31</Data>
    <Data Name="SourceHostname">WS-MCHEN-01.meridianhcs.local</Data>
    <Data Name="SourcePort">49616</Data>
    <Data Name="SourcePortName">-</Data>
    <Data Name="DestinationIsIpv6">false</Data>
    <Data Name="DestinationIp">10.10.4.10</Data>
    <Data Name="DestinationHostname">DB-PROD-01.meridianhcs.local</Data>
    <Data Name="DestinationPort">22</Data>
    <Data Name="DestinationPortName">ssh</Data>
    
  </EventData>
</Event>
<Event xmlns="http://schemas.microsoft.com/win/2004/08/events/event">
  <System>
    <Provider Name="Microsoft-Windows-Sysmon" Guid="{5770385f-c22a-43e0-bf4c-06f5698ffbd9}"/>
    <EventID>1</EventID>
    <Version>5</Version>
    <Level>4</Level>
    <Task>1</Task>
    <Opcode>0</Opcode>
    <Keywords>0x8000000000000000</Keywords>
    <TimeCreated SystemTime="2024-03-18T17:54:19.2357754Z"/>
    <EventRecordID>525802</EventRecordID>
    <Correlation/>
    <Execution ProcessID="2760" ThreadID="1792"/>
    <Channel>Microsoft-Windows-Sysmon/Operational</Channel>
    <Computer>WS-MCHEN-01.meridianhcs.local</Computer>
    <Security UserID="S-1-5-18"/>
  </System>
  <EventData>
    
    <Data Name="RuleName">-</Data>
    <Data Name="UtcTime">2024-03-18 17:54:19.235</Data>
    <Data Name="ProcessGuid">{7b2a0e3f-7fcb-65f8-dc02-00106e460cce}</Data>
    <Data Name="ProcessId">10120</Data>
    <Data Name="Image">C:\Windows\System32\OpenSSH\ssh.exe</Data>
    <Data Name="FileVersion">8.6.0.1</Data>
    <Data Name="Description">OpenSSH SSH client</Data>
    <Data Name="Product">OpenSSH for Windows</Data>
    <Data Name="Company">Microsoft Corporation</Data>
    <Data Name="OriginalFileName">ssh.exe</Data>
    <Data Name="CommandLine">ssh.exe marcus.chen@DB-PROD-01.meridianhcs.local</Data>
    <Data Name="CurrentDirectory">C:\Users\marcus.chen\</Data>
    <Data Name="User">MERIDIANHCS\marcus.chen</Data>
    <Data Name="LogonGuid">{00000000-0000-0000-0000-000000000000}</Data>
    <Data Name="LogonId">0x6d2fe10</Data>
    <Data Name="TerminalSessionId">6</Data>
    <Data Name="IntegrityLevel">Medium</Data>
    <Data Name="Hashes">SHA1=34EDBE1F2503BED1B1F8F387974ACB65F632C21B,MD5=177AE85C74B6D0BB9FC040A42BF2CAC0,SHA256=5CA44FEC35D64819E1CF357648C98073ACA2AEF9816F8FA375095783B3AC3EE1,IMPHASH=62F7B0310260F97B5078263292DD1CBA</Data>
    <Data Name="ParentProcessGuid">{7b2a0e3f-5864-65f8-a300-000046d8f3fd}</Data>
    <Data Name="ParentProcessId">9404</Data>
    <Data Name="ParentImage">C:\Windows\System32\WindowsPowerShell\v1.0\powershell.exe</Data>
    <Data Name="ParentCommandLine">C:\Windows\System32\WindowsPowerShell\v1.0\powershell.exe</Data>
    <Data Name="ParentUser">MERIDIANHCS\marcus.chen</Data>
    
  </EventData>
</Event>
<Event xmlns="http://schemas.microsoft.com/win/2004/08/events/event">
  <System>
    <Provider Name="Microsoft-Windows-Sysmon" Guid="{5770385f-c22a-43e0-bf4c-06f5698ffbd9}"/>
    <EventID>22</EventID>
    <Version>5</Version>
    <Level>4</Level>
    <Task>22</Task>
    <Opcode>0</Opcode>
    <Keywords>0x8000000000000000</Keywords>
    <TimeCreated SystemTime="2024-03-18T17:54:45.0418421Z"/>
    <EventRecordID>525803</EventRecordID>
    <Correlation/>
    <Execution ProcessID="2760" ThreadID="1792"/>
    <Channel>Microsoft-Windows-Sysmon/Operational</Channel>
    <Computer>WS-MCHEN-01.meridianhcs.local</Computer>
    <Security UserID="S-1-5-18"/>
  </System>
  <EventData>
    
    <Data Name="RuleName">-</Data>
    <Data Name="UtcTime">2024-03-18 17:54:45.041</Data>
    <Data Name="ProcessGuid">{7b2a0e3f-4f4f-65ec-9302-0000328a62d2}</Data>
    <Data Name="ProcessId">5916</Data>
    <Data Name="QueryName">DC-01.meridianhcs.local</Data>
    <Data Name="QueryStatus">0</Data>
    <Data Name="QueryResults">10.10.2.10;</Data>
    <Data Name="Image">C:\Windows\System32\svchost.exe</Data>
    <Data Name="User">NT AUTHORITY\LOCAL SERVICE</Data>
    
  </EventData>
</Event>
<Event xmlns="http://schemas.microsoft.com/win/2004/08/events/event">
  <System>
    <Provider Name="Microsoft-Windows-Sysmon" Guid="{5770385f-c22a-43e0-bf4c-06f5698ffbd9}"/>
    <EventID>3</EventID>
    <Version>5</Version>
    <Level>4</Level>
    <Task>3</Task>
    <Opcode>0</Opcode>
    <Keywords>0x8000000000000000</Keywords>
    <TimeCreated SystemTime="2024-03-18T17:54:45.1463546Z"/>
    <EventRecordID>525804</EventRecordID>
    <Correlation/>
    <Execution ProcessID="2760" ThreadID="1792"/>
    <Channel>Microsoft-Windows-Sysmon/Operational</Channel>
    <Computer>WS-MCHEN-01.meridianhcs.local</Computer>
    <Security UserID="S-1-5-18"/>
  </System>
  <EventData>
    
    <Data Name="RuleName">-</Data>
    <Data Name="UtcTime">2024-03-18 17:54:45.146</Data>
    <Data Name="ProcessGuid">{7b2a0e3f-7fcb-65f8-dc02-00106e460cce}</Data>
    <Data Name="ProcessId">10120</Data>
    <Data Name="Image">C:\Windows\System32\OpenSSH\ssh.exe</Data>
    <Data Name="User">MERIDIANHCS\marcus.chen</Data>
    <Data Name="Protocol">tcp</Data>
    <Data Name="Initiated">true</Data>
    <Data Name="SourceIsIpv6">false</Data>
    <Data Name="SourceIp">10.10.1.31</Data>
    <Data Name="SourceHostname">WS-MCHEN-01.meridianhcs.local</Data>
    <Data Name="SourcePort">58441</Data>
    <Data Name="SourcePortName">-</Data>
    <Data Name="DestinationIsIpv6">false</Data>
    <Data Name="DestinationIp">10.10.4.10</Data>
    <Data Name="DestinationHostname">DB-PROD-01.meridianhcs.local</Data>
    <Data Name="DestinationPort">22</Data>
    <Data Name="DestinationPortName">ssh</Data>
    
  </EventData>
</Event>
<Event xmlns="http://schemas.microsoft.com/win/2004/08/events/event">
  <System>
    <Provider Name="Microsoft-Windows-Sysmon" Guid="{5770385f-c22a-43e0-bf4c-06f5698ffbd9}"/>
    <EventID>1</EventID>
    <Version>5</Version>
    <Level>4</Level>
    <Task>1</Task>
    <Opcode>0</Opcode>
    <Keywords>0x8000000000000000</Keywords>
    <TimeCreated SystemTime="2024-03-18T17:55:34.2081985Z"/>
    <EventRecordID>525805</EventRecordID>
    <Correlation/>
    <Execution ProcessID="2760" ThreadID="3324"/>
    <Channel>Microsoft-Windows-Sysmon/Operational</Channel>
    <Computer>WS-MCHEN-01.meridianhcs.local</Computer>
    <Security UserID="S-1-5-18"/>
  </System>
  <EventData>
    
    <Data Name="RuleName">-</Data>
    <Data Name="UtcTime">2024-03-18 17:55:34.208</Data>
    <Data Name="ProcessGuid">{7b2a0e3f-8016-65f8-a402-000094764df1}</Data>
    <Data Name="ProcessId">9972</Data>
    <Data Name="Image">C:\Windows\System32\WindowsPowerShell\v1.0\powershell.exe</Data>
    <Data Name="FileVersion">10.0.22621.1</Data>
    <Data Name="Description">Windows PowerShell</Data>
    <Data Name="Product">Microsoft Windows Operating System</Data>
    <Data Name="Company">Microsoft Corporation</Data>
    <Data Name="OriginalFileName">PowerShell.EXE</Data>
    <Data Name="CommandLine">powershell.exe -NoProfile -ExecutionPolicy Bypass -File C:\Scripts\backup-check.ps1</Data>
    <Data Name="CurrentDirectory">C:\Windows\System32\</Data>
    <Data Name="User">NT AUTHORITY\SYSTEM</Data>
    <Data Name="LogonGuid">{00000000-0000-0000-0000-000000000000}</Data>
    <Data Name="LogonId">0x3e7</Data>
    <Data Name="TerminalSessionId">0</Data>
    <Data Name="IntegrityLevel">System</Data>
    <Data Name="Hashes">SHA1=74807298BB026542B177B40CEC0B2D64D5238D09,MD5=EEACC5305C17D7F9E330B33280A27AC5,SHA256=8A59DE82B9F4AD767B08A19B8F47E045B6E82C53F55A422FE0CE860BA3A9470A,IMPHASH=9E37895148BCA2306FCE4BCB0E51C310</Data>
    <Data Name="ParentProcessGuid">{7b2a0e3f-4f47-65ec-b400-0000d196fffd}</Data>
    <Data Name="ParentProcessId">5872</Data>
    <Data Name="ParentImage">C:\Windows\System32\services.exe</Data>
    <Data Name="ParentCommandLine">services.exe</Data>
    <Data Name="ParentUser">NT AUTHORITY\SYSTEM</Data>
    
  </EventData>
</Event>
<Event xmlns="http://schemas.microsoft.com/win/2004/08/events/event">
  <System>
    <Provider Name="Microsoft-Windows-Sysmon" Guid="{5770385f-c22a-43e0-bf4c-06f5698ffbd9}"/>
    <EventID>7</EventID>
    <Version>3</Version>
    <Level>4</Level>
    <Task>7</Task>
    <Opcode>0</Opcode>
    <Keywords>0x8000000000000000</Keywords>
    <TimeCreated SystemTime="2024-03-18T17:56:35.8726549Z"/>
    <EventRecordID>525806</EventRecordID>
    <Correlation/>
    <Execution ProcessID="2760" ThreadID="3324"/>
    <Channel>Microsoft-Windows-Sysmon/Operational</Channel>
    <Computer>WS-MCHEN-01.meridianhcs.local</Computer>
    <Security UserID="S-1-5-18"/>
  </System>
  <EventData>
    
    <Data Name="RuleName">-</Data>
    <Data Name="UtcTime">2024-03-18 17:56:35.872</Data>
    <Data Name="ProcessGuid">{7b2a0e3f-4a63-65f8-b202-0000a46d1e84}</Data>
    <Data Name="ProcessId">8484</Data>
    <Data Name="Image">C:\Windows\explorer.exe</Data>
    <Data Name="ImageLoaded">C:\Program Files\Microsoft OneDrive\FileSyncShell64.dll</Data>
    <Data Name="FileVersion">24.020.0128.0003</Data>
    <Data Name="Description">Microsoft OneDrive Shell Extension</Data>
    <Data Name="Product">Microsoft OneDrive</Data>
    <Data Name="Company">Microsoft Corporation</Data>
    <Data Name="OriginalFileName">FileSyncShell64.dll</Data>
    <Data Name="Hashes">SHA1=8A8D2F92840400B12DF5B23067B3645614A6154C,MD5=6494F9E418717F254D9C51C1D6AB7776,SHA256=89CE72127ACEC3868EE255920B456C571E65F3478525757E8E9C7D9B594A2CAC,IMPHASH=B6F0CB2FEAC0D06F10AEF2E6082E5925</Data>
    <Data Name="Signed">true</Data>
    <Data Name="Signature">Microsoft Corporation</Data>
    <Data Name="SignatureStatus">Valid</Data>
    <Data Name="User">MERIDIANHCS\marcus.chen</Data>
    
  </EventData>
</Event>
<Event xmlns="http://schemas.microsoft.com/win/2004/08/events/event">
  <System>
    <Provider Name="Microsoft-Windows-Sysmon" Guid="{5770385f-c22a-43e0-bf4c-06f5698ffbd9}"/>
    <EventID>7</EventID>
    <Version>3</Version>
    <Level>4</Level>
    <Task>7</Task>
    <Opcode>0</Opcode>
    <Keywords>0x8000000000000000</Keywords>
    <TimeCreated SystemTime="2024-03-18T17:56:57.2824413Z"/>
    <EventRecordID>525807</EventRecordID>
    <Correlation/>
    <Execution ProcessID="2760" ThreadID="3324"/>
    <Channel>Microsoft-Windows-Sysmon/Operational</Channel>
    <Computer>WS-MCHEN-01.meridianhcs.local</Computer>
    <Security UserID="S-1-5-18"/>
  </System>
  <EventData>
    
    <Data Name="RuleName">-</Data>
    <Data Name="UtcTime">2024-03-18 17:56:57.282</Data>
    <Data Name="ProcessGuid">{7b2a0e3f-4288-65f8-fe02-0010ed0a2423}</Data>
    <Data Name="ProcessId">7948</Data>
    <Data Name="Image">C:\Windows\System32\taskhostw.exe</Data>
    <Data Name="ImageLoaded">C:\Program Files\Windows Defender\MpOAV.dll</Data>
    <Data Name="FileVersion">4.18.2301.6</Data>
    <Data Name="Description">IOfficeAntiVirus Module</Data>
    <Data Name="Product">Microsoft Defender Antivirus</Data>
    <Data Name="Company">Microsoft Corporation</Data>
    <Data Name="OriginalFileName">MpOAV.dll</Data>
    <Data Name="Hashes">SHA1=FC17FE09B96E6641A0C4DD89FE19E33173B862A9,MD5=DDBA590E19E88EA28373E3D47061E407,SHA256=11D3F5E67D04915646C72F60356E8ABB54A72F49B33A321C9E8622576EE491DD,IMPHASH=B50EDBF447D04C1BEFF75D2CC5E6EDF5</Data>
    <Data Name="Signed">true</Data>
    <Data Name="Signature">Microsoft Corporation</Data>
    <Data Name="SignatureStatus">Valid</Data>
    <Data Name="User">NT AUTHORITY\SYSTEM</Data>
    
  </EventData>
</Event>
<Event xmlns="http://schemas.microsoft.com/win/2004/08/events/event">
  <System>
    <Provider Name="Microsoft-Windows-Sysmon" Guid="{5770385f-c22a-43e0-bf4c-06f5698ffbd9}"/>
    <EventID>22</EventID>
    <Version>5</Version>
    <Level>4</Level>
    <Task>22</Task>
    <Opcode>0</Opcode>
    <Keywords>0x8000000000000000</Keywords>
    <TimeCreated SystemTime="2024-03-18T17:57:27.9405531Z"/>
    <EventRecordID>525808</EventRecordID>
    <Correlation/>
    <Execution ProcessID="2760" ThreadID="1204"/>
    <Channel>Microsoft-Windows-Sysmon/Operational</Channel>
    <Computer>WS-MCHEN-01.meridianhcs.local</Computer>
    <Security UserID="S-1-5-18"/>
  </System>
  <EventData>
    
    <Data Name="RuleName">-</Data>
    <Data Name="UtcTime">2024-03-18 17:57:27.940</Data>
    <Data Name="ProcessGuid">{7b2a0e3f-4f4d-65ec-d700-001003fb4c55}</Data>
    <Data Name="ProcessId">5908</Data>
    <Data Name="QueryName">DC-01.meridianhcs.local</Data>
    <Data Name="QueryStatus">0</Data>
    <Data Name="QueryResults">-</Data>
    <Data Name="Image">C:\Windows\System32\svchost.exe</Data>
    <Data Name="User">NT AUTHORITY\NETWORK SERVICE</Data>
    
  </EventData>
</Event>
<Event xmlns="http://schemas.microsoft.com/win/2004/08/events/event">
  <System>
    <Provider Name="Microsoft-Windows-Sysmon" Guid="{5770385f-c22a-43e0-bf4c-06f5698ffbd9}"/>
    <EventID>22</EventID>
    <Version>5</Version>
    <Level>4</Level>
    <Task>22</Task>
    <Opcode>0</Opcode>
    <Keywords>0x8000000000000000</Keywords>
    <TimeCreated SystemTime="2024-03-18T17:57:42.7259751Z"/>
    <EventRecordID>525809</EventRecordID>
    <Correlation/>
    <Execution ProcessID="2760" ThreadID="1792"/>
    <Channel>Microsoft-Windows-Sysmon/Operational</Channel>
    <Computer>WS-MCHEN-01.meridianhcs.local</Computer>
    <Security UserID="S-1-5-18"/>
  </System>
  <EventData>
    
    <Data Name="RuleName">-</Data>
    <Data Name="UtcTime">2024-03-18 17:57:42.725</Data>
    <Data Name="ProcessGuid">{7b2a0e3f-4f49-65ec-9600-0000883862a5}</Data>
    <Data Name="ProcessId">5888</Data>
    <Data Name="QueryName">_ldap._tcp.meridianhcs.local</Data>
    <Data Name="QueryStatus">0</Data>
    <Data Name="QueryResults">0 100 389 DC-01.meridianhcs.local;</Data>
    <Data Name="Image">C:\Windows\System32\lsass.exe</Data>
    <Data Name="User">NT AUTHORITY\SYSTEM</Data>
    
  </EventData>
</Event>
<Event xmlns="http://schemas.microsoft.com/win/2004/08/events/event">
  <System>
    <Provider Name="Microsoft-Windows-Sysmon" Guid="{5770385f-c22a-43e0-bf4c-06f5698ffbd9}"/>
    <EventID>22</EventID>
    <Version>5</Version>
    <Level>4</Level>
    <Task>22</Task>
    <Opcode>0</Opcode>
    <Keywords>0x8000000000000000</Keywords>
    <TimeCreated SystemTime="2024-03-18T17:58:29.6187347Z"/>
    <EventRecordID>525810</EventRecordID>
    <Correlation/>
    <Execution ProcessID="2760" ThreadID="2500"/>
    <Channel>Microsoft-Windows-Sysmon/Operational</Channel>
    <Computer>WS-MCHEN-01.meridianhcs.local</Computer>
    <Security UserID="S-1-5-18"/>
  </System>
  <EventData>
    
    <Data Name="RuleName">-</Data>
    <Data Name="UtcTime">2024-03-18 17:58:29.618</Data>
    <Data Name="ProcessGuid">{7b2a0e3f-4f4d-65ec-d700-001003fb4c55}</Data>
    <Data Name="ProcessId">5908</Data>
    <Data Name="QueryName">DC-01.meridianhcs.local</Data>
    <Data Name="QueryStatus">0</Data>
    <Data Name="QueryResults">-</Data>
    <Data Name="Image">C:\Windows\System32\svchost.exe</Data>
    <Data Name="User">NT AUTHORITY\NETWORK SERVICE</Data>
    
  </EventData>
</Event>
</Events>
