<Event xmlns="http://schemas.microsoft.com/win/2004/08/events/event">
  <System>
    <Provider Name="Microsoft-Windows-Sysmon" Guid="{5770385f-c22a-43e0-bf4c-06f5698ffbd9}"/>
    <EventID>5</EventID>
    <Version>3</Version>
    <Level>4</Level>
    <Task>5</Task>
    <Opcode>0</Opcode>
    <Keywords>0x8000000000000000</Keywords>
    <TimeCreated SystemTime="2024-03-18T13:32:47.9085229Z"/>
    <EventRecordID>780973</EventRecordID>
    <Correlation/>
    <Execution ProcessID="2904" ThreadID="2676"/>
    <Channel>Microsoft-Windows-Sysmon/Operational</Channel>
    <Computer>MAIL-FIN-01.meridianhcs.local</Computer>
    <Security UserID="S-1-5-18"/>
  </System>
  <EventData>
    
    <Data Name="RuleName">-</Data>
    <Data Name="UtcTime">2024-03-18 13:32:47.908</Data>
    <Data Name="ProcessGuid">{bef5213c-3e29-65f8-f502-0000336b60e0}</Data>
    <Data Name="ProcessId">3624</Data>
    <Data Name="Image">C:\Windows\System32\wbem\WmiPrvSE.exe</Data>
    <Data Name="User">NT AUTHORITY\SYSTEM</Data>
    
  </EventData>
</Event>
<Event xmlns="http://schemas.microsoft.com/win/2004/08/events/event">
  <System>
    <Provider Name="Microsoft-Windows-Sysmon" Guid="{5770385f-c22a-43e0-bf4c-06f5698ffbd9}"/>
    <EventID>1</EventID>
    <Version>5</Version>
    <Level>4</Level>
    <Task>1</Task>
    <Opcode>0</Opcode>
    <Keywords>0x8000000000000000</Keywords>
    <TimeCreated SystemTime="2024-03-18T13:36:02.6816307Z"/>
    <EventRecordID>780982</EventRecordID>
    <Correlation/>
    <Execution ProcessID="2904" ThreadID="2676"/>
    <Channel>Microsoft-Windows-Sysmon/Operational</Channel>
    <Computer>MAIL-FIN-01.meridianhcs.local</Computer>
    <Security UserID="S-1-5-18"/>
  </System>
  <EventData>
    
    <Data Name="RuleName">-</Data>
    <Data Name="UtcTime">2024-03-18 13:36:02.681</Data>
    <Data Name="ProcessGuid">{bef5213c-4342-65f8-8900-001034841bbc}</Data>
    <Data Name="ProcessId">3692</Data>
    <Data Name="Image">C:\Windows\System32\svchost.exe</Data>
    <Data Name="FileVersion">10.0.20348.1</Data>
    <Data Name="Description">Host Process for Windows Services</Data>
    <Data Name="Product">Microsoft Windows Operating System</Data>
    <Data Name="Company">Microsoft Corporation</Data>
    <Data Name="OriginalFileName">svchost.exe</Data>
    <Data Name="CommandLine">svchost.exe -k netsvcs -p -s wuauserv</Data>
    <Data Name="CurrentDirectory">C:\Windows\System32\</Data>
    <Data Name="User">NT AUTHORITY\SYSTEM</Data>
    <Data Name="LogonGuid">{00000000-0000-0000-0000-000000000000}</Data>
    <Data Name="LogonId">0x3e7</Data>
    <Data Name="TerminalSessionId">0</Data>
    <Data Name="IntegrityLevel">System</Data>
    <Data Name="Hashes">SHA1=5CE448FA905EE08A22B960503A5E06876992E092,MD5=A417C300E2BB7D055C6DFD9E80D04ED8,SHA256=7DA8E1E1E69684B8341E442E8629C6746359808E7B8E9A51BE070AD7866B2CB2,IMPHASH=F9EBF344F0DAE6163C276DAF3CFFA3D3</Data>
    <Data Name="ParentProcessGuid">{bef5213c-71c7-65e0-3c02-0000de7723cc}</Data>
    <Data Name="ParentProcessId">2376</Data>
    <Data Name="ParentImage">C:\Windows\System32\services.exe</Data>
    <Data Name="ParentCommandLine">services.exe</Data>
    <Data Name="ParentUser">NT AUTHORITY\SYSTEM</Data>
    
  </EventData>
</Event>
<Event xmlns="http://schemas.microsoft.com/win/2004/08/events/event">
  <System>
    <Provider Name="Microsoft-Windows-Sysmon" Guid="{5770385f-c22a-43e0-bf4c-06f5698ffbd9}"/>
    <EventID>10</EventID>
    <Version>3</Version>
    <Level>4</Level>
    <Task>10</Task>
    <Opcode>0</Opcode>
    <Keywords>0x8000000000000000</Keywords>
    <TimeCreated SystemTime="2024-03-18T13:36:20.3702269Z"/>
    <EventRecordID>780983</EventRecordID>
    <Correlation/>
    <Execution ProcessID="2904" ThreadID="4112"/>
    <Channel>Microsoft-Windows-Sysmon/Operational</Channel>
    <Computer>MAIL-FIN-01.meridianhcs.local</Computer>
    <Security UserID="S-1-5-18"/>
  </System>
  <EventData>
    
    <Data Name="RuleName">-</Data>
    <Data Name="UtcTime">2024-03-18 13:36:20.370</Data>
    <Data Name="SourceProcessGUID">{bef5213c-71d9-65e0-bb02-00009d334bd8}</Data>
    <Data Name="SourceProcessId">2572</Data>
    <Data Name="SourceThreadId">9144</Data>
    <Data Name="SourceImage">C:\ProgramData\Microsoft\Windows Defender\Platform\4.18.2301.6-0\MsMpEng.exe</Data>
    <Data Name="TargetProcessGUID">{bef5213c-71c9-65e0-1b02-001067523331}</Data>
    <Data Name="TargetProcessId">2384</Data>
    <Data Name="TargetImage">C:\Windows\System32\lsass.exe</Data>
    <Data Name="GrantedAccess">0x0410</Data>
    <Data Name="CallTrace">C:\Windows\SYSTEM32\ntdll.dll+9C756|C:\Windows\SYSTEM32\KERNELBASE.dll+2D451|C:\Windows\SYSTEM32\advapi32.dll+4B0E1</Data>
    <Data Name="SourceUser">NT AUTHORITY\SYSTEM</Data>
    <Data Name="TargetUser">NT AUTHORITY\SYSTEM</Data>
    
  </EventData>
</Event>
<Event xmlns="http://schemas.microsoft.com/win/2004/08/events/event">
  <System>
    <Provider Name="Microsoft-Windows-Sysmon" Guid="{5770385f-c22a-43e0-bf4c-06f5698ffbd9}"/>
    <EventID>22</EventID>
    <Version>5</Version>
    <Level>4</Level>
    <Task>22</Task>
    <Opcode>0</Opcode>
    <Keywords>0x8000000000000000</Keywords>
    <TimeCreated SystemTime="2024-03-18T13:36:49.7053564Z"/>
    <EventRecordID>780987</EventRecordID>
    <Correlation/>
    <Execution ProcessID="2904" ThreadID="4112"/>
    <Channel>Microsoft-Windows-Sysmon/Operational</Channel>
    <Computer>MAIL-FIN-01.meridianhcs.local</Computer>
    <Security UserID="S-1-5-18"/>
  </System>
  <EventData>
    
    <Data Name="RuleName">-</Data>
    <Data Name="UtcTime">2024-03-18 13:36:49.705</Data>
    <Data Name="ProcessGuid">{bef5213c-71c9-65e0-1b02-001067523331}</Data>
    <Data Name="ProcessId">2384</Data>
    <Data Name="QueryName">DC-01.meridianhcs.local</Data>
    <Data Name="QueryStatus">0</Data>
    <Data Name="QueryResults">10.10.2.10;</Data>
    <Data Name="Image">C:\Windows\System32\lsass.exe</Data>
    <Data Name="User">NT AUTHORITY\SYSTEM</Data>
    
  </EventData>
</Event>
<Event xmlns="http://schemas.microsoft.com/win/2004/08/events/event">
  <System>
    <Provider Name="Microsoft-Windows-Sysmon" Guid="{5770385f-c22a-43e0-bf4c-06f5698ffbd9}"/>
    <EventID>3</EventID>
    <Version>5</Version>
    <Level>4</Level>
    <Task>3</Task>
    <Opcode>0</Opcode>
    <Keywords>0x8000000000000000</Keywords>
    <TimeCreated SystemTime="2024-03-18T13:36:51.1771661Z"/>
    <EventRecordID>780988</EventRecordID>
    <Correlation/>
    <Execution ProcessID="2904" ThreadID="4580"/>
    <Channel>Microsoft-Windows-Sysmon/Operational</Channel>
    <Computer>MAIL-FIN-01.meridianhcs.local</Computer>
    <Security UserID="S-1-5-18"/>
  </System>
  <EventData>
    
    <Data Name="RuleName">-</Data>
    <Data Name="UtcTime">2024-03-18 13:36:51.177</Data>
    <Data Name="ProcessGuid">{bef5213c-71c9-65e0-1b02-001067523331}</Data>
    <Data Name="ProcessId">2384</Data>
    <Data Name="Image">C:\Windows\System32\lsass.exe</Data>
    <Data Name="User">NT AUTHORITY\SYSTEM</Data>
    <Data Name="Protocol">tcp</Data>
    <Data Name="Initiated">true</Data>
    <Data Name="SourceIsIpv6">false</Data>
    <Data Name="SourceIp">10.10.2.27</Data>
    <Data Name="SourceHostname">MAIL-FIN-01.meridianhcs.local</Data>
    <Data Name="SourcePort">52173</Data>
    <Data Name="SourcePortName">-</Data>
    <Data Name="DestinationIsIpv6">false</Data>
    <Data Name="DestinationIp">10.10.2.10</Data>
    <Data Name="DestinationHostname">DC-01.meridianhcs.local</Data>
    <Data Name="DestinationPort">389</Data>
    <Data Name="DestinationPortName">ldap</Data>
    
  </EventData>
</Event>
<Event xmlns="http://schemas.microsoft.com/win/2004/08/events/event">
  <System>
    <Provider Name="Microsoft-Windows-Sysmon" Guid="{5770385f-c22a-43e0-bf4c-06f5698ffbd9}"/>
    <EventID>5</EventID>
    <Version>3</Version>
    <Level>4</Level>
    <Task>5</Task>
    <Opcode>0</Opcode>
    <Keywords>0x8000000000000000</Keywords>
    <TimeCreated SystemTime="2024-03-18T13:37:39.4637521Z"/>
    <EventRecordID>780992</EventRecordID>
    <Correlation/>
    <Execution ProcessID="2904" ThreadID="4112"/>
    <Channel>Microsoft-Windows-Sysmon/Operational</Channel>
    <Computer>MAIL-FIN-01.meridianhcs.local</Computer>
    <Security UserID="S-1-5-18"/>
  </System>
  <EventData>
    
    <Data Name="RuleName">-</Data>
    <Data Name="UtcTime">2024-03-18 13:37:39.463</Data>
    <Data Name="ProcessGuid">{bef5213c-3031-65f8-b102-00103bc2d73f}</Data>
    <Data Name="ProcessId">3500</Data>
    <Data Name="Image">C:\Windows\System32\inetsrv\w3wp.exe</Data>
    <Data Name="User">NT AUTHORITY\SYSTEM</Data>
    
  </EventData>
</Event>
<Event xmlns="http://schemas.microsoft.com/win/2004/08/events/event">
  <System>
    <Provider Name="Microsoft-Windows-Sysmon" Guid="{5770385f-c22a-43e0-bf4c-06f5698ffbd9}"/>
    <EventID>3</EventID>
    <Version>5</Version>
    <Level>4</Level>
    <Task>3</Task>
    <Opcode>0</Opcode>
    <Keywords>0x8000000000000000</Keywords>
    <TimeCreated SystemTime="2024-03-18T13:37:44.5180162Z"/>
    <EventRecordID>780993</EventRecordID>
    <Correlation/>
    <Execution ProcessID="2904" ThreadID="1436"/>
    <Channel>Microsoft-Windows-Sysmon/Operational</Channel>
    <Computer>MAIL-FIN-01.meridianhcs.local</Computer>
    <Security UserID="S-1-5-18"/>
  </System>
  <EventData>
    
    <Data Name="RuleName">-</Data>
    <Data Name="UtcTime">2024-03-18 13:37:44.518</Data>
    <Data Name="ProcessGuid">{bef5213c-71c9-65e0-1b02-001067523331}</Data>
    <Data Name="ProcessId">2384</Data>
    <Data Name="Image">C:\Windows\System32\lsass.exe</Data>
    <Data Name="User">NT AUTHORITY\SYSTEM</Data>
    <Data Name="Protocol">tcp</Data>
    <Data Name="Initiated">true</Data>
    <Data Name="SourceIsIpv6">false</Data>
    <Data Name="SourceIp">10.10.2.27</Data>
    <Data Name="SourceHostname">MAIL-FIN-01.meridianhcs.local</Data>
    <Data Name="SourcePort">56058</Data>
    <Data Name="SourcePortName">-</Data>
    <Data Name="DestinationIsIpv6">false</Data>
    <Data Name="DestinationIp">10.10.2.10</Data>
    <Data Name="DestinationHostname">DC-01.meridianhcs.local</Data>
    <Data Name="DestinationPort">389</Data>
    <Data Name="DestinationPortName">ldap</Data>
    
  </EventData>
</Event>
<Event xmlns="http://schemas.microsoft.com/win/2004/08/events/event">
  <System>
    <Provider Name="Microsoft-Windows-Sysmon" Guid="{5770385f-c22a-43e0-bf4c-06f5698ffbd9}"/>
    <EventID>3</EventID>
    <Version>5</Version>
    <Level>4</Level>
    <Task>3</Task>
    <Opcode>0</Opcode>
    <Keywords>0x8000000000000000</Keywords>
    <TimeCreated SystemTime="2024-03-18T13:38:56.3040401Z"/>
    <EventRecordID>780997</EventRecordID>
    <Correlation/>
    <Execution ProcessID="2904" ThreadID="4112"/>
    <Channel>Microsoft-Windows-Sysmon/Operational</Channel>
    <Computer>MAIL-FIN-01.meridianhcs.local</Computer>
    <Security UserID="S-1-5-18"/>
  </System>
  <EventData>
    
    <Data Name="RuleName">-</Data>
    <Data Name="UtcTime">2024-03-18 13:38:56.304</Data>
    <Data Name="ProcessGuid">{bef5213c-71c9-65e0-1b02-001067523331}</Data>
    <Data Name="ProcessId">2384</Data>
    <Data Name="Image">C:\Windows\System32\lsass.exe</Data>
    <Data Name="User">NT AUTHORITY\SYSTEM</Data>
    <Data Name="Protocol">tcp</Data>
    <Data Name="Initiated">true</Data>
    <Data Name="SourceIsIpv6">false</Data>
    <Data Name="SourceIp">10.10.2.27</Data>
    <Data Name="SourceHostname">MAIL-FIN-01.meridianhcs.local</Data>
    <Data Name="SourcePort">63387</Data>
    <Data Name="SourcePortName">-</Data>
    <Data Name="DestinationIsIpv6">false</Data>
    <Data Name="DestinationIp">10.10.2.10</Data>
    <Data Name="DestinationHostname">DC-01.meridianhcs.local</Data>
    <Data Name="DestinationPort">88</Data>
    <Data Name="DestinationPortName">kerberos</Data>
    
  </EventData>
</Event>
<Event xmlns="http://schemas.microsoft.com/win/2004/08/events/event">
  <System>
    <Provider Name="Microsoft-Windows-Sysmon" Guid="{5770385f-c22a-43e0-bf4c-06f5698ffbd9}"/>
    <EventID>1</EventID>
    <Version>5</Version>
    <Level>4</Level>
    <Task>1</Task>
    <Opcode>0</Opcode>
    <Keywords>0x8000000000000000</Keywords>
    <TimeCreated SystemTime="2024-03-18T13:40:33.9172218Z"/>
    <EventRecordID>781002</EventRecordID>
    <Correlation/>
    <Execution ProcessID="2904" ThreadID="2676"/>
    <Channel>Microsoft-Windows-Sysmon/Operational</Channel>
    <Computer>MAIL-FIN-01.meridianhcs.local</Computer>
    <Security UserID="S-1-5-18"/>
  </System>
  <EventData>
    
    <Data Name="RuleName">-</Data>
    <Data Name="UtcTime">2024-03-18 13:40:33.917</Data>
    <Data Name="ProcessGuid">{bef5213c-4451-65f8-1902-00108b009e42}</Data>
    <Data Name="ProcessId">3716</Data>
    <Data Name="Image">C:\Windows\System32\taskhostw.exe</Data>
    <Data Name="FileVersion">10.0.20348.1</Data>
    <Data Name="Description">Host Process for Windows Tasks</Data>
    <Data Name="Product">Microsoft Windows Operating System</Data>
    <Data Name="Company">Microsoft Corporation</Data>
    <Data Name="OriginalFileName">taskhostw.exe</Data>
    <Data Name="CommandLine">taskhostw.exe</Data>
    <Data Name="CurrentDirectory">C:\Windows\System32\</Data>
    <Data Name="User">NT AUTHORITY\SYSTEM</Data>
    <Data Name="LogonGuid">{00000000-0000-0000-0000-000000000000}</Data>
    <Data Name="LogonId">0x3e7</Data>
    <Data Name="TerminalSessionId">0</Data>
    <Data Name="IntegrityLevel">System</Data>
    <Data Name="Hashes">SHA1=8619AEABA32A5BF02C7A7FEA0D605D220CC764C3,MD5=61B2B0A2846502D2A87C115BFC6844F2,SHA256=8DD50FB44A96C9A062B4243044C25FAE85D88190CF1715DE6640D6D2C51098AC,IMPHASH=03BE90DC9D714E2211C4EA3429EA7C04</Data>
    <Data Name="ParentProcessGuid">{bef5213c-71cc-65e0-c402-0010dcfa75e8}</Data>
    <Data Name="ParentProcessId">2432</Data>
    <Data Name="ParentImage">C:\Windows\System32\svchost.exe</Data>
    <Data Name="ParentCommandLine">svchost.exe -k LocalSystem</Data>
    <Data Name="ParentUser">NT AUTHORITY\SYSTEM</Data>
    
  </EventData>
</Event>
<Event xmlns="http://schemas.microsoft.com/win/2004/08/events/event">
  <System>
    <Provider Name="Microsoft-Windows-Sysmon" Guid="{5770385f-c22a-43e0-bf4c-06f5698ffbd9}"/>
    <EventID>3</EventID>
    <Version>5</Version>
    <Level>4</Level>
    <Task>3</Task>
    <Opcode>0</Opcode>
    <Keywords>0x8000000000000000</Keywords>
    <TimeCreated SystemTime="2024-03-18T13:41:24.0680726Z"/>
    <EventRecordID>781006</EventRecordID>
    <Correlation/>
    <Execution ProcessID="2904" ThreadID="4580"/>
    <Channel>Microsoft-Windows-Sysmon/Operational</Channel>
    <Computer>MAIL-FIN-01.meridianhcs.local</Computer>
    <Security UserID="S-1-5-18"/>
  </System>
  <EventData>
    
    <Data Name="RuleName">-</Data>
    <Data Name="UtcTime">2024-03-18 13:41:24.068</Data>
    <Data Name="ProcessGuid">{bef5213c-71cf-65e0-fd00-000099836491}</Data>
    <Data Name="ProcessId">2444</Data>
    <Data Name="Image">C:\Windows\System32\svchost.exe</Data>
    <Data Name="User">NT AUTHORITY\NETWORK SERVICE</Data>
    <Data Name="Protocol">tcp</Data>
    <Data Name="Initiated">true</Data>
    <Data Name="SourceIsIpv6">false</Data>
    <Data Name="SourceIp">10.10.2.27</Data>
    <Data Name="SourceHostname">MAIL-FIN-01.meridianhcs.local</Data>
    <Data Name="SourcePort">59121</Data>
    <Data Name="SourcePortName">-</Data>
    <Data Name="DestinationIsIpv6">false</Data>
    <Data Name="DestinationIp">10.10.3.20</Data>
    <Data Name="DestinationHostname">PROXY-01.meridianhcs.local</Data>
    <Data Name="DestinationPort">8080</Data>
    <Data Name="DestinationPortName">http-alt</Data>
    
  </EventData>
</Event>
<Event xmlns="http://schemas.microsoft.com/win/2004/08/events/event">
  <System>
    <Provider Name="Microsoft-Windows-Sysmon" Guid="{5770385f-c22a-43e0-bf4c-06f5698ffbd9}"/>
    <EventID>7</EventID>
    <Version>3</Version>
    <Level>4</Level>
    <Task>7</Task>
    <Opcode>0</Opcode>
    <Keywords>0x8000000000000000</Keywords>
    <TimeCreated SystemTime="2024-03-18T13:43:15.1984893Z"/>
    <EventRecordID>781015</EventRecordID>
    <Correlation/>
    <Execution ProcessID="2904" ThreadID="4112"/>
    <Channel>Microsoft-Windows-Sysmon/Operational</Channel>
    <Computer>MAIL-FIN-01.meridianhcs.local</Computer>
    <Security UserID="S-1-5-18"/>
  </System>
  <EventData>
    
    <Data Name="RuleName">-</Data>
    <Data Name="UtcTime">2024-03-18 13:43:15.198</Data>
    <Data Name="ProcessGuid">{bef5213c-41fc-65f8-c002-0010d96aa5a4}</Data>
    <Data Name="ProcessId">3688</Data>
    <Data Name="Image">C:\Windows\System32\taskhostw.exe</Data>
    <Data Name="ImageLoaded">C:\Program Files\Windows Defender\MpOAV.dll</Data>
    <Data Name="FileVersion">4.18.2301.6</Data>
    <Data Name="Description">IOfficeAntiVirus Module</Data>
    <Data Name="Product">Microsoft Defender Antivirus</Data>
    <Data Name="Company">Microsoft Corporation</Data>
    <Data Name="OriginalFileName">MpOAV.dll</Data>
    <Data Name="Hashes">SHA1=FC17FE09B96E6641A0C4DD89FE19E33173B862A9,MD5=DDBA590E19E88EA28373E3D47061E407,SHA256=11D3F5E67D04915646C72F60356E8ABB54A72F49B33A321C9E8622576EE491DD,IMPHASH=B50EDBF447D04C1BEFF75D2CC5E6EDF5</Data>
    <Data Name="Signed">true</Data>
    <Data Name="Signature">Microsoft Corporation</Data>
    <Data Name="SignatureStatus">Valid</Data>
    <Data Name="User">NT AUTHORITY\SYSTEM</Data>
    
  </EventData>
</Event>
<Event xmlns="http://schemas.microsoft.com/win/2004/08/events/event">
  <System>
    <Provider Name="Microsoft-Windows-Sysmon" Guid="{5770385f-c22a-43e0-bf4c-06f5698ffbd9}"/>
    <EventID>22</EventID>
    <Version>5</Version>
    <Level>4</Level>
    <Task>22</Task>
    <Opcode>0</Opcode>
    <Keywords>0x8000000000000000</Keywords>
    <TimeCreated SystemTime="2024-03-18T13:43:33.9724281Z"/>
    <EventRecordID>781017</EventRecordID>
    <Correlation/>
    <Execution ProcessID="2904" ThreadID="4112"/>
    <Channel>Microsoft-Windows-Sysmon/Operational</Channel>
    <Computer>MAIL-FIN-01.meridianhcs.local</Computer>
    <Security UserID="S-1-5-18"/>
  </System>
  <EventData>
    
    <Data Name="RuleName">-</Data>
    <Data Name="UtcTime">2024-03-18 13:43:33.972</Data>
    <Data Name="ProcessGuid">{bef5213c-71d1-65e0-9800-0000fc20b3e7}</Data>
    <Data Name="ProcessId">2460</Data>
    <Data Name="QueryName">DC-01.meridianhcs.local</Data>
    <Data Name="QueryStatus">0</Data>
    <Data Name="QueryResults">10.10.2.10;</Data>
    <Data Name="Image">C:\Windows\System32\svchost.exe</Data>
    <Data Name="User">NT AUTHORITY\LOCAL SERVICE</Data>
    
  </EventData>
</Event>
<Event xmlns="http://schemas.microsoft.com/win/2004/08/events/event">
  <System>
    <Provider Name="Microsoft-Windows-Sysmon" Guid="{5770385f-c22a-43e0-bf4c-06f5698ffbd9}"/>
    <EventID>22</EventID>
    <Version>5</Version>
    <Level>4</Level>
    <Task>22</Task>
    <Opcode>0</Opcode>
    <Keywords>0x8000000000000000</Keywords>
    <TimeCreated SystemTime="2024-03-18T13:44:29.8908265Z"/>
    <EventRecordID>781021</EventRecordID>
    <Correlation/>
    <Execution ProcessID="2904" ThreadID="4112"/>
    <Channel>Microsoft-Windows-Sysmon/Operational</Channel>
    <Computer>MAIL-FIN-01.meridianhcs.local</Computer>
    <Security UserID="S-1-5-18"/>
  </System>
  <EventData>
    
    <Data Name="RuleName">-</Data>
    <Data Name="UtcTime">2024-03-18 13:44:29.890</Data>
    <Data Name="ProcessGuid">{bef5213c-71c9-65e0-1b02-001067523331}</Data>
    <Data Name="ProcessId">2384</Data>
    <Data Name="QueryName">DC-01.meridianhcs.local</Data>
    <Data Name="QueryStatus">0</Data>
    <Data Name="QueryResults">-</Data>
    <Data Name="Image">C:\Windows\System32\lsass.exe</Data>
    <Data Name="User">NT AUTHORITY\SYSTEM</Data>
    
  </EventData>
</Event>
<Event xmlns="http://schemas.microsoft.com/win/2004/08/events/event">
  <System>
    <Provider Name="Microsoft-Windows-Sysmon" Guid="{5770385f-c22a-43e0-bf4c-06f5698ffbd9}"/>
    <EventID>3</EventID>
    <Version>5</Version>
    <Level>4</Level>
    <Task>3</Task>
    <Opcode>0</Opcode>
    <Keywords>0x8000000000000000</Keywords>
    <TimeCreated SystemTime="2024-03-18T13:46:04.7062694Z"/>
    <EventRecordID>781024</EventRecordID>
    <Correlation/>
    <Execution ProcessID="2904" ThreadID="2676"/>
    <Channel>Microsoft-Windows-Sysmon/Operational</Channel>
    <Computer>MAIL-FIN-01.meridianhcs.local</Computer>
    <Security UserID="S-1-5-18"/>
  </System>
  <EventData>
    
    <Data Name="RuleName">-</Data>
    <Data Name="UtcTime">2024-03-18 13:46:04.706</Data>
    <Data Name="ProcessGuid">{bef5213c-71c9-65e0-1b02-001067523331}</Data>
    <Data Name="ProcessId">2384</Data>
    <Data Name="Image">C:\Windows\System32\lsass.exe</Data>
    <Data Name="User">NT AUTHORITY\SYSTEM</Data>
    <Data Name="Protocol">tcp</Data>
    <Data Name="Initiated">true</Data>
    <Data Name="SourceIsIpv6">false</Data>
    <Data Name="SourceIp">10.10.2.27</Data>
    <Data Name="SourceHostname">MAIL-FIN-01.meridianhcs.local</Data>
    <Data Name="SourcePort">60199</Data>
    <Data Name="SourcePortName">-</Data>
    <Data Name="DestinationIsIpv6">false</Data>
    <Data Name="DestinationIp">10.10.2.10</Data>
    <Data Name="DestinationHostname">DC-01.meridianhcs.local</Data>
    <Data Name="DestinationPort">88</Data>
    <Data Name="DestinationPortName">kerberos</Data>
    
  </EventData>
</Event>
<Event xmlns="http://schemas.microsoft.com/win/2004/08/events/event">
  <System>
    <Provider Name="Microsoft-Windows-Sysmon" Guid="{5770385f-c22a-43e0-bf4c-06f5698ffbd9}"/>
    <EventID>10</EventID>
    <Version>3</Version>
    <Level>4</Level>
    <Task>10</Task>
    <Opcode>0</Opcode>
    <Keywords>0x8000000000000000</Keywords>
    <TimeCreated SystemTime="2024-03-18T13:46:12.9633449Z"/>
    <EventRecordID>781025</EventRecordID>
    <Correlation/>
    <Execution ProcessID="2904" ThreadID="4112"/>
    <Channel>Microsoft-Windows-Sysmon/Operational</Channel>
    <Computer>MAIL-FIN-01.meridianhcs.local</Computer>
    <Security UserID="S-1-5-18"/>
  </System>
  <EventData>
    
    <Data Name="RuleName">-</Data>
    <Data Name="UtcTime">2024-03-18 13:46:12.963</Data>
    <Data Name="SourceProcessGUID">{bef5213c-71c7-65e0-3c02-0000de7723cc}</Data>
    <Data Name="SourceProcessId">2376</Data>
    <Data Name="SourceThreadId">8772</Data>
    <Data Name="SourceImage">C:\Windows\System32\services.exe</Data>
    <Data Name="TargetProcessGUID">{bef5213c-71cf-65e0-fd00-000099836491}</Data>
    <Data Name="TargetProcessId">2444</Data>
    <Data Name="TargetImage">C:\Windows\System32\svchost.exe</Data>
    <Data Name="GrantedAccess">0x0400</Data>
    <Data Name="CallTrace">C:\Windows\SYSTEM32\ntdll.dll+9DDD7|C:\Windows\SYSTEM32\KERNELBASE.dll+2DD5B|C:\Windows\SYSTEM32\sechost.dll+1453C</Data>
    <Data Name="SourceUser">NT AUTHORITY\SYSTEM</Data>
    <Data Name="TargetUser">NT AUTHORITY\NETWORK SERVICE</Data>
    
  </EventData>
</Event>
<Event xmlns="http://schemas.microsoft.com/win/2004/08/events/event">
  <System>
    <Provider Name="Microsoft-Windows-Sysmon" Guid="{5770385f-c22a-43e0-bf4c-06f5698ffbd9}"/>
    <EventID>10</EventID>
    <Version>3</Version>
    <Level>4</Level>
    <Task>10</Task>
    <Opcode>0</Opcode>
    <Keywords>0x8000000000000000</Keywords>
    <TimeCreated SystemTime="2024-03-18T13:46:26.3034032Z"/>
    <EventRecordID>781027</EventRecordID>
    <Correlation/>
    <Execution ProcessID="2904" ThreadID="4112"/>
    <Channel>Microsoft-Windows-Sysmon/Operational</Channel>
    <Computer>MAIL-FIN-01.meridianhcs.local</Computer>
    <Security UserID="S-1-5-18"/>
  </System>
  <EventData>
    
    <Data Name="RuleName">-</Data>
    <Data Name="UtcTime">2024-03-18 13:46:26.303</Data>
    <Data Name="SourceProcessGUID">{bef5213c-71e3-65e0-9802-000073ea4880}</Data>
    <Data Name="SourceProcessId">2660</Data>
    <Data Name="SourceThreadId">9368</Data>
    <Data Name="SourceImage">C:\Windows\System32\msiexec.exe</Data>
    <Data Name="TargetProcessGUID">{bef5213c-71c7-65e0-3c02-0000de7723cc}</Data>
    <Data Name="TargetProcessId">2376</Data>
    <Data Name="TargetImage">C:\Windows\System32\services.exe</Data>
    <Data Name="GrantedAccess">0x1000</Data>
    <Data Name="CallTrace">C:\Windows\SYSTEM32\ntdll.dll+9E255|C:\Windows\SYSTEM32\KERNELBASE.dll+2C0BC|C:\Windows\SYSTEM32\kernel32.dll+1E119</Data>
    <Data Name="SourceUser">NT AUTHORITY\SYSTEM</Data>
    <Data Name="TargetUser">NT AUTHORITY\SYSTEM</Data>
    
  </EventData>
</Event>
<Event xmlns="http://schemas.microsoft.com/win/2004/08/events/event">
  <System>
    <Provider Name="Microsoft-Windows-Sysmon" Guid="{5770385f-c22a-43e0-bf4c-06f5698ffbd9}"/>
    <EventID>1</EventID>
    <Version>5</Version>
    <Level>4</Level>
    <Task>1</Task>
    <Opcode>0</Opcode>
    <Keywords>0x8000000000000000</Keywords>
    <TimeCreated SystemTime="2024-03-18T13:47:54.2496656Z"/>
    <EventRecordID>781035</EventRecordID>
    <Correlation/>
    <Execution ProcessID="2904" ThreadID="4580"/>
    <Channel>Microsoft-Windows-Sysmon/Operational</Channel>
    <Computer>MAIL-FIN-01.meridianhcs.local</Computer>
    <Security UserID="S-1-5-18"/>
  </System>
  <EventData>
    
    <Data Name="RuleName">-</Data>
    <Data Name="UtcTime">2024-03-18 13:47:54.249</Data>
    <Data Name="ProcessGuid">{bef5213c-460a-65f8-b402-000092817df0}</Data>
    <Data Name="ProcessId">3792</Data>
    <Data Name="Image">C:\Program Files\Veeam\Backup and Replication\Backup\Veeam.Backup.Service.exe</Data>
    <Data Name="FileVersion">-</Data>
    <Data Name="Description">-</Data>
    <Data Name="Product">-</Data>
    <Data Name="Company">-</Data>
    <Data Name="OriginalFileName">-</Data>
    <Data Name="CommandLine">"C:\Program Files\Veeam\Backup and Replication\Backup\Veeam.Backup.Service.exe"</Data>
    <Data Name="CurrentDirectory">C:\Windows\System32\</Data>
    <Data Name="User">NT AUTHORITY\SYSTEM</Data>
    <Data Name="LogonGuid">{00000000-0000-0000-0000-000000000000}</Data>
    <Data Name="LogonId">0x3e7</Data>
    <Data Name="TerminalSessionId">0</Data>
    <Data Name="IntegrityLevel">System</Data>
    <Data Name="Hashes">SHA1=7F057224DFC321E82A72A3BADD1AEB41292813C0,MD5=97BD55546A6D70A079FC4F981155B55A,SHA256=6C7C44B614A7CB9C4C643B74B9675B9E4E1E387320214DFA9AEDA4D82247A8F2,IMPHASH=4D64F1490B4911005059FE8DFE1B190E</Data>
    <Data Name="ParentProcessGuid">{bef5213c-71c7-65e0-3c02-0000de7723cc}</Data>
    <Data Name="ParentProcessId">2376</Data>
    <Data Name="ParentImage">C:\Windows\System32\services.exe</Data>
    <Data Name="ParentCommandLine">services.exe</Data>
    <Data Name="ParentUser">NT AUTHORITY\SYSTEM</Data>
    
  </EventData>
</Event>
<Event xmlns="http://schemas.microsoft.com/win/2004/08/events/event">
  <System>
    <Provider Name="Microsoft-Windows-Sysmon" Guid="{5770385f-c22a-43e0-bf4c-06f5698ffbd9}"/>
    <EventID>1</EventID>
    <Version>5</Version>
    <Level>4</Level>
    <Task>1</Task>
    <Opcode>0</Opcode>
    <Keywords>0x8000000000000000</Keywords>
    <TimeCreated SystemTime="2024-03-18T13:51:10.1345675Z"/>
    <EventRecordID>781049</EventRecordID>
    <Correlation/>
    <Execution ProcessID="2904" ThreadID="2676"/>
    <Channel>Microsoft-Windows-Sysmon/Operational</Channel>
    <Computer>MAIL-FIN-01.meridianhcs.local</Computer>
    <Security UserID="S-1-5-18"/>
  </System>
  <EventData>
    
    <Data Name="RuleName">-</Data>
    <Data Name="UtcTime">2024-03-18 13:51:10.134</Data>
    <Data Name="ProcessGuid">{bef5213c-46ce-65f8-db00-0000634c7969}</Data>
    <Data Name="ProcessId">3760</Data>
    <Data Name="Image">C:\Windows\System32\taskhostw.exe</Data>
    <Data Name="FileVersion">10.0.20348.1</Data>
    <Data Name="Description">Host Process for Windows Tasks</Data>
    <Data Name="Product">Microsoft Windows Operating System</Data>
    <Data Name="Company">Microsoft Corporation</Data>
    <Data Name="OriginalFileName">taskhostw.exe</Data>
    <Data Name="CommandLine">taskhostw.exe /Run</Data>
    <Data Name="CurrentDirectory">C:\Windows\System32\</Data>
    <Data Name="User">NT AUTHORITY\SYSTEM</Data>
    <Data Name="LogonGuid">{00000000-0000-0000-0000-000000000000}</Data>
    <Data Name="LogonId">0x3e7</Data>
    <Data Name="TerminalSessionId">0</Data>
    <Data Name="IntegrityLevel">System</Data>
    <Data Name="Hashes">SHA1=8619AEABA32A5BF02C7A7FEA0D605D220CC764C3,MD5=61B2B0A2846502D2A87C115BFC6844F2,SHA256=8DD50FB44A96C9A062B4243044C25FAE85D88190CF1715DE6640D6D2C51098AC,IMPHASH=03BE90DC9D714E2211C4EA3429EA7C04</Data>
    <Data Name="ParentProcessGuid">{bef5213c-71cc-65e0-c402-0010dcfa75e8}</Data>
    <Data Name="ParentProcessId">2432</Data>
    <Data Name="ParentImage">C:\Windows\System32\svchost.exe</Data>
    <Data Name="ParentCommandLine">svchost.exe -k LocalSystem</Data>
    <Data Name="ParentUser">NT AUTHORITY\SYSTEM</Data>
    
  </EventData>
</Event>
<Event xmlns="http://schemas.microsoft.com/win/2004/08/events/event">
  <System>
    <Provider Name="Microsoft-Windows-Sysmon" Guid="{5770385f-c22a-43e0-bf4c-06f5698ffbd9}"/>
    <EventID>3</EventID>
    <Version>5</Version>
    <Level>4</Level>
    <Task>3</Task>
    <Opcode>0</Opcode>
    <Keywords>0x8000000000000000</Keywords>
    <TimeCreated SystemTime="2024-03-18T13:51:12.6118730Z"/>
    <EventRecordID>781050</EventRecordID>
    <Correlation/>
    <Execution ProcessID="2904" ThreadID="2676"/>
    <Channel>Microsoft-Windows-Sysmon/Operational</Channel>
    <Computer>MAIL-FIN-01.meridianhcs.local</Computer>
    <Security UserID="S-1-5-18"/>
  </System>
  <EventData>
    
    <Data Name="RuleName">-</Data>
    <Data Name="UtcTime">2024-03-18 13:51:12.611</Data>
    <Data Name="ProcessGuid">{bef5213c-71c9-65e0-1b02-001067523331}</Data>
    <Data Name="ProcessId">2384</Data>
    <Data Name="Image">C:\Windows\System32\lsass.exe</Data>
    <Data Name="User">NT AUTHORITY\SYSTEM</Data>
    <Data Name="Protocol">tcp</Data>
    <Data Name="Initiated">true</Data>
    <Data Name="SourceIsIpv6">false</Data>
    <Data Name="SourceIp">10.10.2.27</Data>
    <Data Name="SourceHostname">MAIL-FIN-01.meridianhcs.local</Data>
    <Data Name="SourcePort">52824</Data>
    <Data Name="SourcePortName">-</Data>
    <Data Name="DestinationIsIpv6">false</Data>
    <Data Name="DestinationIp">10.10.2.10</Data>
    <Data Name="DestinationHostname">DC-01.meridianhcs.local</Data>
    <Data Name="DestinationPort">88</Data>
    <Data Name="DestinationPortName">kerberos</Data>
    
  </EventData>
</Event>
<Event xmlns="http://schemas.microsoft.com/win/2004/08/events/event">
  <System>
    <Provider Name="Microsoft-Windows-Sysmon" Guid="{5770385f-c22a-43e0-bf4c-06f5698ffbd9}"/>
    <EventID>1</EventID>
    <Version>5</Version>
    <Level>4</Level>
    <Task>1</Task>
    <Opcode>0</Opcode>
    <Keywords>0x8000000000000000</Keywords>
    <TimeCreated SystemTime="2024-03-18T13:51:27.6381524Z"/>
    <EventRecordID>781052</EventRecordID>
    <Correlation/>
    <Execution ProcessID="2904" ThreadID="4580"/>
    <Channel>Microsoft-Windows-Sysmon/Operational</Channel>
    <Computer>MAIL-FIN-01.meridianhcs.local</Computer>
    <Security UserID="S-1-5-18"/>
  </System>
  <EventData>
    
    <Data Name="RuleName">-</Data>
    <Data Name="UtcTime">2024-03-18 13:51:27.638</Data>
    <Data Name="ProcessGuid">{bef5213c-46df-65f8-9d00-0010b0381edd}</Data>
    <Data Name="ProcessId">3520</Data>
    <Data Name="Image">C:\Windows\System32\dllhost.exe</Data>
    <Data Name="FileVersion">10.0.20348.1</Data>
    <Data Name="Description">COM Surrogate</Data>
    <Data Name="Product">Microsoft Windows Operating System</Data>
    <Data Name="Company">Microsoft Corporation</Data>
    <Data Name="OriginalFileName">dllhost.exe</Data>
    <Data Name="CommandLine">dllhost.exe /Processid:{3EB3C877-1F16-487C-9050-104DBCD66683}</Data>
    <Data Name="CurrentDirectory">C:\Windows\System32\</Data>
    <Data Name="User">NT AUTHORITY\SYSTEM</Data>
    <Data Name="LogonGuid">{00000000-0000-0000-0000-000000000000}</Data>
    <Data Name="LogonId">0x3e7</Data>
    <Data Name="TerminalSessionId">0</Data>
    <Data Name="IntegrityLevel">System</Data>
    <Data Name="Hashes">SHA1=30A1BB5B6488DA366EC6CB150CFBC5E1D38AE4EC,MD5=0CF8A7A200AB4EC5554D66B94C14DBF1,SHA256=7330E24D8462CB4C728FAFB454B8F7B81D74B116E290264CC3727466370C3B00,IMPHASH=32EF2A6E05BBEAE7E85E49CA7C70F08E</Data>
    <Data Name="ParentProcessGuid">{bef5213c-71ca-65e0-7600-001030aef693}</Data>
    <Data Name="ParentProcessId">2408</Data>
    <Data Name="ParentImage">C:\Windows\System32\svchost.exe</Data>
    <Data Name="ParentCommandLine">svchost.exe -k DcomLaunch</Data>
    <Data Name="ParentUser">NT AUTHORITY\SYSTEM</Data>
    
  </EventData>
</Event>
<Event xmlns="http://schemas.microsoft.com/win/2004/08/events/event">
  <System>
    <Provider Name="Microsoft-Windows-Sysmon" Guid="{5770385f-c22a-43e0-bf4c-06f5698ffbd9}"/>
    <EventID>5</EventID>
    <Version>3</Version>
    <Level>4</Level>
    <Task>5</Task>
    <Opcode>0</Opcode>
    <Keywords>0x8000000000000000</Keywords>
    <TimeCreated SystemTime="2024-03-18T13:52:12.6711511Z"/>
    <EventRecordID>781059</EventRecordID>
    <Correlation/>
    <Execution ProcessID="2904" ThreadID="4580"/>
    <Channel>Microsoft-Windows-Sysmon/Operational</Channel>
    <Computer>MAIL-FIN-01.meridianhcs.local</Computer>
    <Security UserID="S-1-5-18"/>
  </System>
  <EventData>
    
    <Data Name="RuleName">-</Data>
    <Data Name="UtcTime">2024-03-18 13:52:12.671</Data>
    <Data Name="ProcessGuid">{bef5213c-46df-65f8-9d00-0010b0381edd}</Data>
    <Data Name="ProcessId">3520</Data>
    <Data Name="Image">C:\Windows\System32\dllhost.exe</Data>
    <Data Name="User">NT AUTHORITY\SYSTEM</Data>
    
  </EventData>
</Event>
<Event xmlns="http://schemas.microsoft.com/win/2004/08/events/event">
  <System>
    <Provider Name="Microsoft-Windows-Sysmon" Guid="{5770385f-c22a-43e0-bf4c-06f5698ffbd9}"/>
    <EventID>22</EventID>
    <Version>5</Version>
    <Level>4</Level>
    <Task>22</Task>
    <Opcode>0</Opcode>
    <Keywords>0x8000000000000000</Keywords>
    <TimeCreated SystemTime="2024-03-18T13:54:25.1736191Z"/>
    <EventRecordID>781064</EventRecordID>
    <Correlation/>
    <Execution ProcessID="2904" ThreadID="4580"/>
    <Channel>Microsoft-Windows-Sysmon/Operational</Channel>
    <Computer>MAIL-FIN-01.meridianhcs.local</Computer>
    <Security UserID="S-1-5-18"/>
  </System>
  <EventData>
    
    <Data Name="RuleName">-</Data>
    <Data Name="UtcTime">2024-03-18 13:54:25.173</Data>
    <Data Name="ProcessGuid">{bef5213c-71d1-65e0-9800-0000fc20b3e7}</Data>
    <Data Name="ProcessId">2460</Data>
    <Data Name="QueryName">DC-01.meridianhcs.local</Data>
    <Data Name="QueryStatus">0</Data>
    <Data Name="QueryResults">10.10.2.10;</Data>
    <Data Name="Image">C:\Windows\System32\svchost.exe</Data>
    <Data Name="User">NT AUTHORITY\LOCAL SERVICE</Data>
    
  </EventData>
</Event>
<Event xmlns="http://schemas.microsoft.com/win/2004/08/events/event">
  <System>
    <Provider Name="Microsoft-Windows-Sysmon" Guid="{5770385f-c22a-43e0-bf4c-06f5698ffbd9}"/>
    <EventID>22</EventID>
    <Version>5</Version>
    <Level>4</Level>
    <Task>22</Task>
    <Opcode>0</Opcode>
    <Keywords>0x8000000000000000</Keywords>
    <TimeCreated SystemTime="2024-03-18T13:55:39.0637113Z"/>
    <EventRecordID>781073</EventRecordID>
    <Correlation/>
    <Execution ProcessID="2904" ThreadID="4580"/>
    <Channel>Microsoft-Windows-Sysmon/Operational</Channel>
    <Computer>MAIL-FIN-01.meridianhcs.local</Computer>
    <Security UserID="S-1-5-18"/>
  </System>
  <EventData>
    
    <Data Name="RuleName">-</Data>
    <Data Name="UtcTime">2024-03-18 13:55:39.063</Data>
    <Data Name="ProcessGuid">{bef5213c-71c0-65e0-9800-0010fcc7dfa0}</Data>
    <Data Name="ProcessId">4</Data>
    <Data Name="QueryName">FILE-SRV-01.meridianhcs.local</Data>
    <Data Name="QueryStatus">0</Data>
    <Data Name="QueryResults">10.10.2.20;</Data>
    <Data Name="Image">System</Data>
    <Data Name="User">NT AUTHORITY\SYSTEM</Data>
    
  </EventData>
</Event>
<Event xmlns="http://schemas.microsoft.com/win/2004/08/events/event">
  <System>
    <Provider Name="Microsoft-Windows-Sysmon" Guid="{5770385f-c22a-43e0-bf4c-06f5698ffbd9}"/>
    <EventID>1</EventID>
    <Version>5</Version>
    <Level>4</Level>
    <Task>1</Task>
    <Opcode>0</Opcode>
    <Keywords>0x8000000000000000</Keywords>
    <TimeCreated SystemTime="2024-03-18T13:56:23.7108334Z"/>
    <EventRecordID>781076</EventRecordID>
    <Correlation/>
    <Execution ProcessID="2904" ThreadID="4580"/>
    <Channel>Microsoft-Windows-Sysmon/Operational</Channel>
    <Computer>MAIL-FIN-01.meridianhcs.local</Computer>
    <Security UserID="S-1-5-18"/>
  </System>
  <EventData>
    
    <Data Name="RuleName">-</Data>
    <Data Name="UtcTime">2024-03-18 13:56:23.710</Data>
    <Data Name="ProcessGuid">{bef5213c-4807-65f8-5600-001043dde1af}</Data>
    <Data Name="ProcessId">3588</Data>
    <Data Name="Image">C:\Windows\System32\dllhost.exe</Data>
    <Data Name="FileVersion">10.0.20348.1</Data>
    <Data Name="Description">COM Surrogate</Data>
    <Data Name="Product">Microsoft Windows Operating System</Data>
    <Data Name="Company">Microsoft Corporation</Data>
    <Data Name="OriginalFileName">dllhost.exe</Data>
    <Data Name="CommandLine">dllhost.exe /Processid:{3EB3C877-1F16-487C-9050-104DBCD66683}</Data>
    <Data Name="CurrentDirectory">C:\Windows\System32\</Data>
    <Data Name="User">NT AUTHORITY\SYSTEM</Data>
    <Data Name="LogonGuid">{00000000-0000-0000-0000-000000000000}</Data>
    <Data Name="LogonId">0x3e7</Data>
    <Data Name="TerminalSessionId">0</Data>
    <Data Name="IntegrityLevel">System</Data>
    <Data Name="Hashes">SHA1=30A1BB5B6488DA366EC6CB150CFBC5E1D38AE4EC,MD5=0CF8A7A200AB4EC5554D66B94C14DBF1,SHA256=7330E24D8462CB4C728FAFB454B8F7B81D74B116E290264CC3727466370C3B00,IMPHASH=32EF2A6E05BBEAE7E85E49CA7C70F08E</Data>
    <Data Name="ParentProcessGuid">{bef5213c-71ca-65e0-7600-001030aef693}</Data>
    <Data Name="ParentProcessId">2408</Data>
    <Data Name="ParentImage">C:\Windows\System32\svchost.exe</Data>
    <Data Name="ParentCommandLine">svchost.exe -k DcomLaunch</Data>
    <Data Name="ParentUser">NT AUTHORITY\SYSTEM</Data>
    
  </EventData>
</Event>
<Event xmlns="http://schemas.microsoft.com/win/2004/08/events/event">
  <System>
    <Provider Name="Microsoft-Windows-Sysmon" Guid="{5770385f-c22a-43e0-bf4c-06f5698ffbd9}"/>
    <EventID>1</EventID>
    <Version>5</Version>
    <Level>4</Level>
    <Task>1</Task>
    <Opcode>0</Opcode>
    <Keywords>0x8000000000000000</Keywords>
    <TimeCreated SystemTime="2024-03-18T13:57:11.3310625Z"/>
    <EventRecordID>781079</EventRecordID>
    <Correlation/>
    <Execution ProcessID="2904" ThreadID="4580"/>
    <Channel>Microsoft-Windows-Sysmon/Operational</Channel>
    <Computer>MAIL-FIN-01.meridianhcs.local</Computer>
    <Security UserID="S-1-5-18"/>
  </System>
  <EventData>
    
    <Data Name="RuleName">-</Data>
    <Data Name="UtcTime">2024-03-18 13:57:11.331</Data>
    <Data Name="ProcessGuid">{bef5213c-4837-65f8-7900-00006e405ae5}</Data>
    <Data Name="ProcessId">3776</Data>
    <Data Name="Image">C:\Windows\System32\taskhostw.exe</Data>
    <Data Name="FileVersion">10.0.20348.1</Data>
    <Data Name="Description">Host Process for Windows Tasks</Data>
    <Data Name="Product">Microsoft Windows Operating System</Data>
    <Data Name="Company">Microsoft Corporation</Data>
    <Data Name="OriginalFileName">taskhostw.exe</Data>
    <Data Name="CommandLine">taskhostw.exe</Data>
    <Data Name="CurrentDirectory">C:\Windows\System32\</Data>
    <Data Name="User">NT AUTHORITY\SYSTEM</Data>
    <Data Name="LogonGuid">{00000000-0000-0000-0000-000000000000}</Data>
    <Data Name="LogonId">0x3e7</Data>
    <Data Name="TerminalSessionId">0</Data>
    <Data Name="IntegrityLevel">System</Data>
    <Data Name="Hashes">SHA1=8619AEABA32A5BF02C7A7FEA0D605D220CC764C3,MD5=61B2B0A2846502D2A87C115BFC6844F2,SHA256=8DD50FB44A96C9A062B4243044C25FAE85D88190CF1715DE6640D6D2C51098AC,IMPHASH=03BE90DC9D714E2211C4EA3429EA7C04</Data>
    <Data Name="ParentProcessGuid">{bef5213c-71cc-65e0-c402-0010dcfa75e8}</Data>
    <Data Name="ParentProcessId">2432</Data>
    <Data Name="ParentImage">C:\Windows\System32\svchost.exe</Data>
    <Data Name="ParentCommandLine">svchost.exe -k LocalSystem</Data>
    <Data Name="ParentUser">NT AUTHORITY\SYSTEM</Data>
    
  </EventData>
</Event>
<Event xmlns="http://schemas.microsoft.com/win/2004/08/events/event">
  <System>
    <Provider Name="Microsoft-Windows-Sysmon" Guid="{5770385f-c22a-43e0-bf4c-06f5698ffbd9}"/>
    <EventID>5</EventID>
    <Version>3</Version>
    <Level>4</Level>
    <Task>5</Task>
    <Opcode>0</Opcode>
    <Keywords>0x8000000000000000</Keywords>
    <TimeCreated SystemTime="2024-03-18T13:58:08.4897158Z"/>
    <EventRecordID>781086</EventRecordID>
    <Correlation/>
    <Execution ProcessID="2904" ThreadID="2676"/>
    <Channel>Microsoft-Windows-Sysmon/Operational</Channel>
    <Computer>MAIL-FIN-01.meridianhcs.local</Computer>
    <Security UserID="S-1-5-18"/>
  </System>
  <EventData>
    
    <Data Name="RuleName">-</Data>
    <Data Name="UtcTime">2024-03-18 13:58:08.489</Data>
    <Data Name="ProcessGuid">{bef5213c-4807-65f8-5600-001043dde1af}</Data>
    <Data Name="ProcessId">3588</Data>
    <Data Name="Image">C:\Windows\System32\dllhost.exe</Data>
    <Data Name="User">NT AUTHORITY\SYSTEM</Data>
    
  </EventData>
</Event>
<Event xmlns="http://schemas.microsoft.com/win/2004/08/events/event">
  <System>
    <Provider Name="Microsoft-Windows-Sysmon" Guid="{5770385f-c22a-43e0-bf4c-06f5698ffbd9}"/>
    <EventID>7</EventID>
    <Version>3</Version>
    <Level>4</Level>
    <Task>7</Task>
    <Opcode>0</Opcode>
    <Keywords>0x8000000000000000</Keywords>
    <TimeCreated SystemTime="2024-03-18T13:59:02.1283531Z"/>
    <EventRecordID>781091</EventRecordID>
    <Correlation/>
    <Execution ProcessID="2904" ThreadID="2676"/>
    <Channel>Microsoft-Windows-Sysmon/Operational</Channel>
    <Computer>MAIL-FIN-01.meridianhcs.local</Computer>
    <Security UserID="S-1-5-18"/>
  </System>
  <EventData>
    
    <Data Name="RuleName">-</Data>
    <Data Name="UtcTime">2024-03-18 13:59:02.128</Data>
    <Data Name="ProcessGuid">{bef5213c-3642-65f8-8300-0000dbb24dc1}</Data>
    <Data Name="ProcessId">3404</Data>
    <Data Name="Image">C:\Windows\System32\taskhostw.exe</Data>
    <Data Name="ImageLoaded">C:\Program Files\Windows Defender\MpOAV.dll</Data>
    <Data Name="FileVersion">4.18.2301.6</Data>
    <Data Name="Description">IOfficeAntiVirus Module</Data>
    <Data Name="Product">Microsoft Defender Antivirus</Data>
    <Data Name="Company">Microsoft Corporation</Data>
    <Data Name="OriginalFileName">MpOAV.dll</Data>
    <Data Name="Hashes">SHA1=FC17FE09B96E6641A0C4DD89FE19E33173B862A9,MD5=DDBA590E19E88EA28373E3D47061E407,SHA256=11D3F5E67D04915646C72F60356E8ABB54A72F49B33A321C9E8622576EE491DD,IMPHASH=B50EDBF447D04C1BEFF75D2CC5E6EDF5</Data>
    <Data Name="Signed">true</Data>
    <Data Name="Signature">Microsoft Corporation</Data>
    <Data Name="SignatureStatus">Valid</Data>
    <Data Name="User">NT AUTHORITY\SYSTEM</Data>
    
  </EventData>
</Event>
<Event xmlns="http://schemas.microsoft.com/win/2004/08/events/event">
  <System>
    <Provider Name="Microsoft-Windows-Sysmon" Guid="{5770385f-c22a-43e0-bf4c-06f5698ffbd9}"/>
    <EventID>10</EventID>
    <Version>3</Version>
    <Level>4</Level>
    <Task>10</Task>
    <Opcode>0</Opcode>
    <Keywords>0x8000000000000000</Keywords>
    <TimeCreated SystemTime="2024-03-18T14:01:43.2265200Z"/>
    <EventRecordID>781100</EventRecordID>
    <Correlation/>
    <Execution ProcessID="2904" ThreadID="4112"/>
    <Channel>Microsoft-Windows-Sysmon/Operational</Channel>
    <Computer>MAIL-FIN-01.meridianhcs.local</Computer>
    <Security UserID="S-1-5-18"/>
  </System>
  <EventData>
    
    <Data Name="RuleName">-</Data>
    <Data Name="UtcTime">2024-03-18 14:01:43.226</Data>
    <Data Name="SourceProcessGUID">{bef5213c-71c3-65e0-f402-0000ebee2416}</Data>
    <Data Name="SourceProcessId">2352</Data>
    <Data Name="SourceThreadId">8644</Data>
    <Data Name="SourceImage">C:\Windows\System32\csrss.exe</Data>
    <Data Name="TargetProcessGUID">{bef5213c-71c9-65e0-1b02-001067523331}</Data>
    <Data Name="TargetProcessId">2384</Data>
    <Data Name="TargetImage">C:\Windows\System32\lsass.exe</Data>
    <Data Name="GrantedAccess">0x1000</Data>
    <Data Name="CallTrace">C:\Windows\SYSTEM32\ntdll.dll+9C5ED</Data>
    <Data Name="SourceUser">NT AUTHORITY\SYSTEM</Data>
    <Data Name="TargetUser">NT AUTHORITY\SYSTEM</Data>
    
  </EventData>
</Event>
<Event xmlns="http://schemas.microsoft.com/win/2004/08/events/event">
  <System>
    <Provider Name="Microsoft-Windows-Sysmon" Guid="{5770385f-c22a-43e0-bf4c-06f5698ffbd9}"/>
    <EventID>5</EventID>
    <Version>3</Version>
    <Level>4</Level>
    <Task>5</Task>
    <Opcode>0</Opcode>
    <Keywords>0x8000000000000000</Keywords>
    <TimeCreated SystemTime="2024-03-18T14:05:10.7130948Z"/>
    <EventRecordID>781113</EventRecordID>
    <Correlation/>
    <Execution ProcessID="2904" ThreadID="1436"/>
    <Channel>Microsoft-Windows-Sysmon/Operational</Channel>
    <Computer>MAIL-FIN-01.meridianhcs.local</Computer>
    <Security UserID="S-1-5-18"/>
  </System>
  <EventData>
    
    <Data Name="RuleName">-</Data>
    <Data Name="UtcTime">2024-03-18 14:05:10.713</Data>
    <Data Name="ProcessGuid">{bef5213c-3431-65f8-f102-00007c050d3f}</Data>
    <Data Name="ProcessId">3496</Data>
    <Data Name="Image">C:\Windows\System32\inetsrv\w3wp.exe</Data>
    <Data Name="User">NT AUTHORITY\SYSTEM</Data>
    
  </EventData>
</Event>
<Event xmlns="http://schemas.microsoft.com/win/2004/08/events/event">
  <System>
    <Provider Name="Microsoft-Windows-Sysmon" Guid="{5770385f-c22a-43e0-bf4c-06f5698ffbd9}"/>
    <EventID>22</EventID>
    <Version>5</Version>
    <Level>4</Level>
    <Task>22</Task>
    <Opcode>0</Opcode>
    <Keywords>0x8000000000000000</Keywords>
    <TimeCreated SystemTime="2024-03-18T14:05:45.1230624Z"/>
    <EventRecordID>781116</EventRecordID>
    <Correlation/>
    <Execution ProcessID="2904" ThreadID="4580"/>
    <Channel>Microsoft-Windows-Sysmon/Operational</Channel>
    <Computer>MAIL-FIN-01.meridianhcs.local</Computer>
    <Security UserID="S-1-5-18"/>
  </System>
  <EventData>
    
    <Data Name="RuleName">-</Data>
    <Data Name="UtcTime">2024-03-18 14:05:45.123</Data>
    <Data Name="ProcessGuid">{bef5213c-71d1-65e0-9800-0000fc20b3e7}</Data>
    <Data Name="ProcessId">2460</Data>
    <Data Name="QueryName">DC-01.meridianhcs.local</Data>
    <Data Name="QueryStatus">0</Data>
    <Data Name="QueryResults">10.10.2.10;</Data>
    <Data Name="Image">C:\Windows\System32\svchost.exe</Data>
    <Data Name="User">NT AUTHORITY\LOCAL SERVICE</Data>
    
  </EventData>
</Event>
<Event xmlns="http://schemas.microsoft.com/win/2004/08/events/event">
  <System>
    <Provider Name="Microsoft-Windows-Sysmon" Guid="{5770385f-c22a-43e0-bf4c-06f5698ffbd9}"/>
    <EventID>1</EventID>
    <Version>5</Version>
    <Level>4</Level>
    <Task>1</Task>
    <Opcode>0</Opcode>
    <Keywords>0x8000000000000000</Keywords>
    <TimeCreated SystemTime="2024-03-18T14:06:49.9075195Z"/>
    <EventRecordID>781119</EventRecordID>
    <Correlation/>
    <Execution ProcessID="2904" ThreadID="4112"/>
    <Channel>Microsoft-Windows-Sysmon/Operational</Channel>
    <Computer>MAIL-FIN-01.meridianhcs.local</Computer>
    <Security UserID="S-1-5-18"/>
  </System>
  <EventData>
    
    <Data Name="RuleName">-</Data>
    <Data Name="UtcTime">2024-03-18 14:06:49.907</Data>
    <Data Name="ProcessGuid">{bef5213c-4a79-65f8-0b02-00006f115ffa}</Data>
    <Data Name="ProcessId">3984</Data>
    <Data Name="Image">C:\Windows\System32\wbem\WmiPrvSE.exe</Data>
    <Data Name="FileVersion">10.0.20348.1</Data>
    <Data Name="Description">WMI Provider Host</Data>
    <Data Name="Product">Microsoft Windows Operating System</Data>
    <Data Name="Company">Microsoft Corporation</Data>
    <Data Name="OriginalFileName">WmiPrvSE.exe</Data>
    <Data Name="CommandLine">WmiPrvSE.exe -secured -Embedding</Data>
    <Data Name="CurrentDirectory">C:\Windows\System32\</Data>
    <Data Name="User">NT AUTHORITY\SYSTEM</Data>
    <Data Name="LogonGuid">{00000000-0000-0000-0000-000000000000}</Data>
    <Data Name="LogonId">0x3e7</Data>
    <Data Name="TerminalSessionId">0</Data>
    <Data Name="IntegrityLevel">System</Data>
    <Data Name="Hashes">SHA1=A5E3AF2A96B47DDFB49DA94A8671FB987C1FE2BB,MD5=7D26B8B7840F97C88857B470C235D9FE,SHA256=1066389BE1D488A653647CC3A656AC18A6219B4DDAFF89A68A5F31BACF2E0B3F,IMPHASH=7315DF3EBAFC67944E00B47EC7B4744A</Data>
    <Data Name="ParentProcessGuid">{bef5213c-71ca-65e0-7600-001030aef693}</Data>
    <Data Name="ParentProcessId">2408</Data>
    <Data Name="ParentImage">C:\Windows\System32\svchost.exe</Data>
    <Data Name="ParentCommandLine">svchost.exe -k DcomLaunch</Data>
    <Data Name="ParentUser">NT AUTHORITY\SYSTEM</Data>
    
  </EventData>
</Event>
