<Event xmlns="http://schemas.microsoft.com/win/2004/08/events/event">
  <System>
    <Provider Name="Microsoft-Windows-Sysmon" Guid="{5770385f-c22a-43e0-bf4c-06f5698ffbd9}"/>
    <EventID>22</EventID>
    <Version>5</Version>
    <Level>4</Level>
    <Task>22</Task>
    <Opcode>0</Opcode>
    <Keywords>0x8000000000000000</Keywords>
    <TimeCreated SystemTime="2024-03-18T12:24:17.3040685Z"/>
    <EventRecordID>320041</EventRecordID>
    <Correlation/>
    <Execution ProcessID="2140" ThreadID="1752"/>
    <Channel>Microsoft-Windows-Sysmon/Operational</Channel>
    <Computer>WS-DRAMIREZ-01.meridianhcs.local</Computer>
    <Security UserID="S-1-5-18"/>
  </System>
  <EventData>
    
    <Data Name="RuleName">-</Data>
    <Data Name="UtcTime">2024-03-18 12:24:17.304</Data>
    <Data Name="ProcessGuid">{5af96291-094c-65e7-4a02-0000862ccb47}</Data>
    <Data Name="ProcessId">5800</Data>
    <Data Name="QueryName">mail-fin.meridianhcs.com</Data>
    <Data Name="QueryStatus">0</Data>
    <Data Name="QueryResults">10.10.2.27;</Data>
    <Data Name="Image">C:\Windows\System32\svchost.exe</Data>
    <Data Name="User">NT AUTHORITY\LOCAL SERVICE</Data>
    
  </EventData>
</Event>
<Event xmlns="http://schemas.microsoft.com/win/2004/08/events/event">
  <System>
    <Provider Name="Microsoft-Windows-Sysmon" Guid="{5770385f-c22a-43e0-bf4c-06f5698ffbd9}"/>
    <EventID>1</EventID>
    <Version>5</Version>
    <Level>4</Level>
    <Task>1</Task>
    <Opcode>0</Opcode>
    <Keywords>0x8000000000000000</Keywords>
    <TimeCreated SystemTime="2024-03-18T12:24:18.9712192Z"/>
    <EventRecordID>320042</EventRecordID>
    <Correlation/>
    <Execution ProcessID="2140" ThreadID="1752"/>
    <Channel>Microsoft-Windows-Sysmon/Operational</Channel>
    <Computer>WS-DRAMIREZ-01.meridianhcs.local</Computer>
    <Security UserID="S-1-5-18"/>
  </System>
  <EventData>
    
    <Data Name="RuleName">-</Data>
    <Data Name="UtcTime">2024-03-18 12:24:18.971</Data>
    <Data Name="ProcessGuid">{5af96291-3272-65f8-9000-0010c9f156ab}</Data>
    <Data Name="ProcessId">6652</Data>
    <Data Name="Image">C:\Program Files\Microsoft Office\root\Office16\OUTLOOK.EXE</Data>
    <Data Name="FileVersion">16.0.17628.20006</Data>
    <Data Name="Description">Microsoft Outlook</Data>
    <Data Name="Product">Microsoft Office</Data>
    <Data Name="Company">Microsoft Corporation</Data>
    <Data Name="OriginalFileName">OUTLOOK.EXE</Data>
    <Data Name="CommandLine">"C:\Program Files\Microsoft Office\root\Office16\OUTLOOK.EXE" /recycle</Data>
    <Data Name="CurrentDirectory">C:\Users\diego.ramirez\</Data>
    <Data Name="User">MERIDIANHCS\diego.ramirez</Data>
    <Data Name="LogonGuid">{00000000-0000-0000-0000-000000000000}</Data>
    <Data Name="LogonId">0x9776752</Data>
    <Data Name="TerminalSessionId">1</Data>
    <Data Name="IntegrityLevel">Medium</Data>
    <Data Name="Hashes">SHA1=00553B41FF2C633CDDCC70DC6A89DE4549199D21,MD5=B89F7BBAB029745FB9584FD036A59174,SHA256=87C0B5BE68710F6A918925753EEA06D480A50E9082C36456F8D15DF00C45BA6A,IMPHASH=EDD021C2475DBC2F7A7B985B732DFB97</Data>
    <Data Name="ParentProcessGuid">{5af96291-3270-65f8-5900-0010583d9679}</Data>
    <Data Name="ParentProcessId">6648</Data>
    <Data Name="ParentImage">C:\Windows\explorer.exe</Data>
    <Data Name="ParentCommandLine">explorer.exe</Data>
    <Data Name="ParentUser">MERIDIANHCS\diego.ramirez</Data>
    
  </EventData>
</Event>
<Event xmlns="http://schemas.microsoft.com/win/2004/08/events/event">
  <System>
    <Provider Name="Microsoft-Windows-Sysmon" Guid="{5770385f-c22a-43e0-bf4c-06f5698ffbd9}"/>
    <EventID>7</EventID>
    <Version>3</Version>
    <Level>4</Level>
    <Task>7</Task>
    <Opcode>0</Opcode>
    <Keywords>0x8000000000000000</Keywords>
    <TimeCreated SystemTime="2024-03-18T12:24:18.9723734Z"/>
    <EventRecordID>320043</EventRecordID>
    <Correlation/>
    <Execution ProcessID="2140" ThreadID="1752"/>
    <Channel>Microsoft-Windows-Sysmon/Operational</Channel>
    <Computer>WS-DRAMIREZ-01.meridianhcs.local</Computer>
    <Security UserID="S-1-5-18"/>
  </System>
  <EventData>
    
    <Data Name="RuleName">-</Data>
    <Data Name="UtcTime">2024-03-18 12:24:18.972</Data>
    <Data Name="ProcessGuid">{5af96291-3272-65f8-9000-0010c9f156ab}</Data>
    <Data Name="ProcessId">6652</Data>
    <Data Name="Image">C:\Program Files\Microsoft Office\root\Office16\OUTLOOK.EXE</Data>
    <Data Name="ImageLoaded">C:\Program Files\Microsoft Office\root\Office16\OLMAPI32.DLL</Data>
    <Data Name="FileVersion">16.0.17628.20006</Data>
    <Data Name="Description">olmapi32.dll module</Data>
    <Data Name="Product">Microsoft Office</Data>
    <Data Name="Company">Microsoft Corporation</Data>
    <Data Name="OriginalFileName">olmapi32.dll</Data>
    <Data Name="Hashes">SHA1=6A40D0A6AEC5C258BE503074F28F34E64D699E0B,MD5=B6DE00791371F5A34F8343C689AE3C31,SHA256=0AE0FADF1766CA37500C6998CB02EA2192473B8C806EF2E4DC9DEB7A49444686,IMPHASH=D356903B06A6F5435B42D26A2D11CABA</Data>
    <Data Name="Signed">true</Data>
    <Data Name="Signature">Microsoft Corporation</Data>
    <Data Name="SignatureStatus">Valid</Data>
    <Data Name="User">MERIDIANHCS\diego.ramirez</Data>
    
  </EventData>
</Event>
<Event xmlns="http://schemas.microsoft.com/win/2004/08/events/event">
  <System>
    <Provider Name="Microsoft-Windows-Sysmon" Guid="{5770385f-c22a-43e0-bf4c-06f5698ffbd9}"/>
    <EventID>7</EventID>
    <Version>3</Version>
    <Level>4</Level>
    <Task>7</Task>
    <Opcode>0</Opcode>
    <Keywords>0x8000000000000000</Keywords>
    <TimeCreated SystemTime="2024-03-18T12:24:18.9727584Z"/>
    <EventRecordID>320044</EventRecordID>
    <Correlation/>
    <Execution ProcessID="2140" ThreadID="1752"/>
    <Channel>Microsoft-Windows-Sysmon/Operational</Channel>
    <Computer>WS-DRAMIREZ-01.meridianhcs.local</Computer>
    <Security UserID="S-1-5-18"/>
  </System>
  <EventData>
    
    <Data Name="RuleName">-</Data>
    <Data Name="UtcTime">2024-03-18 12:24:18.972</Data>
    <Data Name="ProcessGuid">{5af96291-3272-65f8-9000-0010c9f156ab}</Data>
    <Data Name="ProcessId">6652</Data>
    <Data Name="Image">C:\Program Files\Microsoft Office\root\Office16\OUTLOOK.EXE</Data>
    <Data Name="ImageLoaded">C:\Program Files\Microsoft Office\root\Office16\mso.dll</Data>
    <Data Name="FileVersion">16.0.17628.20006</Data>
    <Data Name="Description">mso.dll module</Data>
    <Data Name="Product">Microsoft Office</Data>
    <Data Name="Company">Microsoft Corporation</Data>
    <Data Name="OriginalFileName">mso.dll</Data>
    <Data Name="Hashes">SHA1=5145DA7A68EBB536DBC800527E3C72C92A0431FF,MD5=F8412A282D3B177395141379D7683EC3,SHA256=062ADB0CE74BDF3E423A202AE2E3AFFFCB53DA36FED56407F0DCEF514F662529,IMPHASH=73D94C6CAFE443A5229CBB8C6C01BE54</Data>
    <Data Name="Signed">true</Data>
    <Data Name="Signature">Microsoft Corporation</Data>
    <Data Name="SignatureStatus">Valid</Data>
    <Data Name="User">MERIDIANHCS\diego.ramirez</Data>
    
  </EventData>
</Event>
<Event xmlns="http://schemas.microsoft.com/win/2004/08/events/event">
  <System>
    <Provider Name="Microsoft-Windows-Sysmon" Guid="{5770385f-c22a-43e0-bf4c-06f5698ffbd9}"/>
    <EventID>13</EventID>
    <Version>2</Version>
    <Level>4</Level>
    <Task>13</Task>
    <Opcode>0</Opcode>
    <Keywords>0x8000000000000000</Keywords>
    <TimeCreated SystemTime="2024-03-18T12:24:18.9730532Z"/>
    <EventRecordID>320045</EventRecordID>
    <Correlation/>
    <Execution ProcessID="2140" ThreadID="1752"/>
    <Channel>Microsoft-Windows-Sysmon/Operational</Channel>
    <Computer>WS-DRAMIREZ-01.meridianhcs.local</Computer>
    <Security UserID="S-1-5-18"/>
  </System>
  <EventData>
    
    <Data Name="RuleName">-</Data>
    <Data Name="EventType">SetValue</Data>
    <Data Name="UtcTime">2024-03-18 12:24:18.973</Data>
    <Data Name="ProcessGuid">{5af96291-3272-65f8-9000-0010c9f156ab}</Data>
    <Data Name="ProcessId">6652</Data>
    <Data Name="Image">C:\Program Files\Microsoft Office\root\Office16\OUTLOOK.EXE</Data>
    <Data Name="TargetObject">HKU\S-1-5-21-1537687973-2974994828-3875246326-1006\Software\Microsoft\Windows\CurrentVersion\ContentDeliveryManager\SubscribedContent-338389Enabled</Data>
    <Data Name="Details">DWORD (0x00000001)</Data>
    <Data Name="User">MERIDIANHCS\diego.ramirez</Data>
    
  </EventData>
</Event>
<Event xmlns="http://schemas.microsoft.com/win/2004/08/events/event">
  <System>
    <Provider Name="Microsoft-Windows-Sysmon" Guid="{5770385f-c22a-43e0-bf4c-06f5698ffbd9}"/>
    <EventID>1</EventID>
    <Version>5</Version>
    <Level>4</Level>
    <Task>1</Task>
    <Opcode>0</Opcode>
    <Keywords>0x8000000000000000</Keywords>
    <TimeCreated SystemTime="2024-03-18T12:24:48.9625660Z"/>
    <EventRecordID>320046</EventRecordID>
    <Correlation/>
    <Execution ProcessID="2140" ThreadID="1752"/>
    <Channel>Microsoft-Windows-Sysmon/Operational</Channel>
    <Computer>WS-DRAMIREZ-01.meridianhcs.local</Computer>
    <Security UserID="S-1-5-18"/>
  </System>
  <EventData>
    
    <Data Name="RuleName">-</Data>
    <Data Name="UtcTime">2024-03-18 12:24:48.962</Data>
    <Data Name="ProcessGuid">{5af96291-3290-65f8-1002-00006f062fa3}</Data>
    <Data Name="ProcessId">6532</Data>
    <Data Name="Image">C:\Windows\System32\conhost.exe</Data>
    <Data Name="FileVersion">10.0.19041.1</Data>
    <Data Name="Description">Console Window Host</Data>
    <Data Name="Product">Microsoft Windows Operating System</Data>
    <Data Name="Company">Microsoft Corporation</Data>
    <Data Name="OriginalFileName">conhost.exe</Data>
    <Data Name="CommandLine">conhost.exe 0x4</Data>
    <Data Name="CurrentDirectory">C:\Windows\System32\</Data>
    <Data Name="User">NT AUTHORITY\SYSTEM</Data>
    <Data Name="LogonGuid">{00000000-0000-0000-0000-000000000000}</Data>
    <Data Name="LogonId">0x3e7</Data>
    <Data Name="TerminalSessionId">0</Data>
    <Data Name="IntegrityLevel">System</Data>
    <Data Name="Hashes">SHA1=DD6B57162B6E9EB1CBE6AE4BD9D59631D70D3C77,MD5=20DDE14F1566F8F41E09268CF153A60C,SHA256=52087624BEC919611D75225578D8902EBA607AAD0BF9F639294804D8CDD70627,IMPHASH=CE0452E452259E6E25906CB5D12387D2</Data>
    <Data Name="ParentProcessGuid">{5af96291-0942-65e7-2902-0000ce679259}</Data>
    <Data Name="ParentProcessId">5716</Data>
    <Data Name="ParentImage">C:\Windows\System32\csrss.exe</Data>
    <Data Name="ParentCommandLine">csrss.exe</Data>
    <Data Name="ParentUser">NT AUTHORITY\SYSTEM</Data>
    
  </EventData>
</Event>
<Event xmlns="http://schemas.microsoft.com/win/2004/08/events/event">
  <System>
    <Provider Name="Microsoft-Windows-Sysmon" Guid="{5770385f-c22a-43e0-bf4c-06f5698ffbd9}"/>
    <EventID>5</EventID>
    <Version>3</Version>
    <Level>4</Level>
    <Task>5</Task>
    <Opcode>0</Opcode>
    <Keywords>0x8000000000000000</Keywords>
    <TimeCreated SystemTime="2024-03-18T12:25:00.3707187Z"/>
    <EventRecordID>320047</EventRecordID>
    <Correlation/>
    <Execution ProcessID="2140" ThreadID="1752"/>
    <Channel>Microsoft-Windows-Sysmon/Operational</Channel>
    <Computer>WS-DRAMIREZ-01.meridianhcs.local</Computer>
    <Security UserID="S-1-5-18"/>
  </System>
  <EventData>
    
    <Data Name="RuleName">-</Data>
    <Data Name="UtcTime">2024-03-18 12:25:00.370</Data>
    <Data Name="ProcessGuid">{5af96291-3290-65f8-1002-00006f062fa3}</Data>
    <Data Name="ProcessId">6532</Data>
    <Data Name="Image">C:\Windows\System32\conhost.exe</Data>
    <Data Name="User">NT AUTHORITY\SYSTEM</Data>
    
  </EventData>
</Event>
<Event xmlns="http://schemas.microsoft.com/win/2004/08/events/event">
  <System>
    <Provider Name="Microsoft-Windows-Sysmon" Guid="{5770385f-c22a-43e0-bf4c-06f5698ffbd9}"/>
    <EventID>22</EventID>
    <Version>5</Version>
    <Level>4</Level>
    <Task>22</Task>
    <Opcode>0</Opcode>
    <Keywords>0x8000000000000000</Keywords>
    <TimeCreated SystemTime="2024-03-18T12:25:55.9069975Z"/>
    <EventRecordID>320050</EventRecordID>
    <Correlation/>
    <Execution ProcessID="2140" ThreadID="1752"/>
    <Channel>Microsoft-Windows-Sysmon/Operational</Channel>
    <Computer>WS-DRAMIREZ-01.meridianhcs.local</Computer>
    <Security UserID="S-1-5-18"/>
  </System>
  <EventData>
    
    <Data Name="RuleName">-</Data>
    <Data Name="UtcTime">2024-03-18 12:25:55.906</Data>
    <Data Name="ProcessGuid">{5af96291-0940-65e7-2d00-000096bac59d}</Data>
    <Data Name="ProcessId">4</Data>
    <Data Name="QueryName">DC-01.meridianhcs.local</Data>
    <Data Name="QueryStatus">0</Data>
    <Data Name="QueryResults">10.10.2.10;</Data>
    <Data Name="Image">System</Data>
    <Data Name="User">NT AUTHORITY\SYSTEM</Data>
    
  </EventData>
</Event>
<Event xmlns="http://schemas.microsoft.com/win/2004/08/events/event">
  <System>
    <Provider Name="Microsoft-Windows-Sysmon" Guid="{5770385f-c22a-43e0-bf4c-06f5698ffbd9}"/>
    <EventID>3</EventID>
    <Version>5</Version>
    <Level>4</Level>
    <Task>3</Task>
    <Opcode>0</Opcode>
    <Keywords>0x8000000000000000</Keywords>
    <TimeCreated SystemTime="2024-03-18T12:26:43.5444067Z"/>
    <EventRecordID>320053</EventRecordID>
    <Correlation/>
    <Execution ProcessID="2140" ThreadID="1752"/>
    <Channel>Microsoft-Windows-Sysmon/Operational</Channel>
    <Computer>WS-DRAMIREZ-01.meridianhcs.local</Computer>
    <Security UserID="S-1-5-18"/>
  </System>
  <EventData>
    
    <Data Name="RuleName">-</Data>
    <Data Name="UtcTime">2024-03-18 12:26:43.544</Data>
    <Data Name="ProcessGuid">{5af96291-0946-65e7-7902-00000327d62d}</Data>
    <Data Name="ProcessId">5756</Data>
    <Data Name="Image">C:\Windows\System32\lsass.exe</Data>
    <Data Name="User">NT AUTHORITY\SYSTEM</Data>
    <Data Name="Protocol">udp</Data>
    <Data Name="Initiated">true</Data>
    <Data Name="SourceIsIpv6">false</Data>
    <Data Name="SourceIp">10.10.1.34</Data>
    <Data Name="SourceHostname">WS-DRAMIREZ-01.meridianhcs.local</Data>
    <Data Name="SourcePort">51077</Data>
    <Data Name="SourcePortName">-</Data>
    <Data Name="DestinationIsIpv6">false</Data>
    <Data Name="DestinationIp">10.10.2.10</Data>
    <Data Name="DestinationHostname">DC-01.meridianhcs.local</Data>
    <Data Name="DestinationPort">88</Data>
    <Data Name="DestinationPortName">kerberos</Data>
    
  </EventData>
</Event>
<Event xmlns="http://schemas.microsoft.com/win/2004/08/events/event">
  <System>
    <Provider Name="Microsoft-Windows-Sysmon" Guid="{5770385f-c22a-43e0-bf4c-06f5698ffbd9}"/>
    <EventID>13</EventID>
    <Version>2</Version>
    <Level>4</Level>
    <Task>13</Task>
    <Opcode>0</Opcode>
    <Keywords>0x8000000000000000</Keywords>
    <TimeCreated SystemTime="2024-03-18T12:27:14.6468146Z"/>
    <EventRecordID>320056</EventRecordID>
    <Correlation/>
    <Execution ProcessID="2140" ThreadID="1752"/>
    <Channel>Microsoft-Windows-Sysmon/Operational</Channel>
    <Computer>WS-DRAMIREZ-01.meridianhcs.local</Computer>
    <Security UserID="S-1-5-18"/>
  </System>
  <EventData>
    
    <Data Name="RuleName">-</Data>
    <Data Name="EventType">SetValue</Data>
    <Data Name="UtcTime">2024-03-18 12:27:14.646</Data>
    <Data Name="ProcessGuid">{5af96291-0958-65e7-2002-0010916d9972}</Data>
    <Data Name="ProcessId">5872</Data>
    <Data Name="Image">C:\Windows\System32\dllhost.exe</Data>
    <Data Name="TargetObject">HKLM\SYSTEM\CurrentControlSet\Services\SharedAccess\Parameters\FirewallPolicy\StandardProfile\EnableFirewall</Data>
    <Data Name="Details">DWORD (0x00000001)</Data>
    <Data Name="User">NT AUTHORITY\SYSTEM</Data>
    
  </EventData>
</Event>
<Event xmlns="http://schemas.microsoft.com/win/2004/08/events/event">
  <System>
    <Provider Name="Microsoft-Windows-Sysmon" Guid="{5770385f-c22a-43e0-bf4c-06f5698ffbd9}"/>
    <EventID>22</EventID>
    <Version>5</Version>
    <Level>4</Level>
    <Task>22</Task>
    <Opcode>0</Opcode>
    <Keywords>0x8000000000000000</Keywords>
    <TimeCreated SystemTime="2024-03-18T12:31:52.6241350Z"/>
    <EventRecordID>320066</EventRecordID>
    <Correlation/>
    <Execution ProcessID="2140" ThreadID="1752"/>
    <Channel>Microsoft-Windows-Sysmon/Operational</Channel>
    <Computer>WS-DRAMIREZ-01.meridianhcs.local</Computer>
    <Security UserID="S-1-5-18"/>
  </System>
  <EventData>
    
    <Data Name="RuleName">-</Data>
    <Data Name="UtcTime">2024-03-18 12:31:52.624</Data>
    <Data Name="ProcessGuid">{5af96291-094b-65e7-3c02-00108c04be3d}</Data>
    <Data Name="ProcessId">5796</Data>
    <Data Name="QueryName">APP-INT-01.meridianhcs.local</Data>
    <Data Name="QueryStatus">0</Data>
    <Data Name="QueryResults">10.10.2.30;</Data>
    <Data Name="Image">C:\Windows\System32\svchost.exe</Data>
    <Data Name="User">NT AUTHORITY\NETWORK SERVICE</Data>
    
  </EventData>
</Event>
<Event xmlns="http://schemas.microsoft.com/win/2004/08/events/event">
  <System>
    <Provider Name="Microsoft-Windows-Sysmon" Guid="{5770385f-c22a-43e0-bf4c-06f5698ffbd9}"/>
    <EventID>13</EventID>
    <Version>2</Version>
    <Level>4</Level>
    <Task>13</Task>
    <Opcode>0</Opcode>
    <Keywords>0x8000000000000000</Keywords>
    <TimeCreated SystemTime="2024-03-18T12:33:17.8328008Z"/>
    <EventRecordID>320068</EventRecordID>
    <Correlation/>
    <Execution ProcessID="2140" ThreadID="1752"/>
    <Channel>Microsoft-Windows-Sysmon/Operational</Channel>
    <Computer>WS-DRAMIREZ-01.meridianhcs.local</Computer>
    <Security UserID="S-1-5-18"/>
  </System>
  <EventData>
    
    <Data Name="RuleName">-</Data>
    <Data Name="EventType">SetValue</Data>
    <Data Name="UtcTime">2024-03-18 12:33:17.832</Data>
    <Data Name="ProcessGuid">{5af96291-0965-65e7-2f00-00108a7cce94}</Data>
    <Data Name="ProcessId">6020</Data>
    <Data Name="Image">C:\Windows\explorer.exe</Data>
    <Data Name="TargetObject">HKU\S-1-5-21-1537687973-2974994828-3875246326-1006\Software\Microsoft\Windows\CurrentVersion\Explorer\UserAssist\{CEBFF5CD-ACE2-4F4F-9178-9926F41749EA}\Count\HRZR_EHACNGU:P:\Jvaqbjf\Flfgrz32\JvaqbjfCbjreFuryy\i1.0\cbjrefuryy.rkr</Data>
    <Data Name="Details">5B D8 86 30 E8 43 79 E2 5C 7F EA 22 82 63 99 CE 93 8E D3 63 60 DA 6B 6D A1 E0 02 33 08 A8 A6 64</Data>
    <Data Name="User">MERIDIANHCS\diego.ramirez</Data>
    
  </EventData>
</Event>
<Event xmlns="http://schemas.microsoft.com/win/2004/08/events/event">
  <System>
    <Provider Name="Microsoft-Windows-Sysmon" Guid="{5770385f-c22a-43e0-bf4c-06f5698ffbd9}"/>
    <EventID>7</EventID>
    <Version>3</Version>
    <Level>4</Level>
    <Task>7</Task>
    <Opcode>0</Opcode>
    <Keywords>0x8000000000000000</Keywords>
    <TimeCreated SystemTime="2024-03-18T12:33:23.1539088Z"/>
    <EventRecordID>320069</EventRecordID>
    <Correlation/>
    <Execution ProcessID="2140" ThreadID="4452"/>
    <Channel>Microsoft-Windows-Sysmon/Operational</Channel>
    <Computer>WS-DRAMIREZ-01.meridianhcs.local</Computer>
    <Security UserID="S-1-5-18"/>
  </System>
  <EventData>
    
    <Data Name="RuleName">-</Data>
    <Data Name="UtcTime">2024-03-18 12:33:23.153</Data>
    <Data Name="ProcessGuid">{5af96291-0965-65e7-2f00-00108a7cce94}</Data>
    <Data Name="ProcessId">6020</Data>
    <Data Name="Image">C:\Windows\explorer.exe</Data>
    <Data Name="ImageLoaded">C:\Program Files\7-Zip\7-zip.dll</Data>
    <Data Name="FileVersion">23.01.0.0</Data>
    <Data Name="Description">7-Zip Shell Extension</Data>
    <Data Name="Product">7-Zip</Data>
    <Data Name="Company">Igor Pavlov</Data>
    <Data Name="OriginalFileName">7-zip.dll</Data>
    <Data Name="Hashes">SHA1=BF2619160C548067C80B010F0B9F5D224435A4AA,MD5=4FFC4040B68D405900BE629547DF0786,SHA256=A34E512691EB799A505E71B1CD8F01B889912AFB7CCB2D5DEC396F8C366E9BEE,IMPHASH=D6D3685D4A430A287607E444371EB5F5</Data>
    <Data Name="Signed">false</Data>
    <Data Name="Signature">-</Data>
    <Data Name="SignatureStatus">Unavailable</Data>
    <Data Name="User">MERIDIANHCS\diego.ramirez</Data>
    
  </EventData>
</Event>
<Event xmlns="http://schemas.microsoft.com/win/2004/08/events/event">
  <System>
    <Provider Name="Microsoft-Windows-Sysmon" Guid="{5770385f-c22a-43e0-bf4c-06f5698ffbd9}"/>
    <EventID>1</EventID>
    <Version>5</Version>
    <Level>4</Level>
    <Task>1</Task>
    <Opcode>0</Opcode>
    <Keywords>0x8000000000000000</Keywords>
    <TimeCreated SystemTime="2024-03-18T12:35:59.8861560Z"/>
    <EventRecordID>320076</EventRecordID>
    <Correlation/>
    <Execution ProcessID="2140" ThreadID="4452"/>
    <Channel>Microsoft-Windows-Sysmon/Operational</Channel>
    <Computer>WS-DRAMIREZ-01.meridianhcs.local</Computer>
    <Security UserID="S-1-5-18"/>
  </System>
  <EventData>
    
    <Data Name="RuleName">-</Data>
    <Data Name="UtcTime">2024-03-18 12:35:59.886</Data>
    <Data Name="ProcessGuid">{5af96291-352f-65f8-1000-000078440336}</Data>
    <Data Name="ProcessId">6504</Data>
    <Data Name="Image">C:\Windows\System32\wbem\WmiPrvSE.exe</Data>
    <Data Name="FileVersion">10.0.19041.1</Data>
    <Data Name="Description">WMI Provider Host</Data>
    <Data Name="Product">Microsoft Windows Operating System</Data>
    <Data Name="Company">Microsoft Corporation</Data>
    <Data Name="OriginalFileName">WmiPrvSE.exe</Data>
    <Data Name="CommandLine">WmiPrvSE.exe -secured -Embedding</Data>
    <Data Name="CurrentDirectory">C:\Windows\System32\</Data>
    <Data Name="User">NT AUTHORITY\SYSTEM</Data>
    <Data Name="LogonGuid">{00000000-0000-0000-0000-000000000000}</Data>
    <Data Name="LogonId">0x3e7</Data>
    <Data Name="TerminalSessionId">0</Data>
    <Data Name="IntegrityLevel">System</Data>
    <Data Name="Hashes">SHA1=B4BD6C34172F75B7837344487A3C6DA495D113E7,MD5=6A401484EE6D531392D8C9FC99834F28,SHA256=1555993AB3FEF3471E82C00937373D6A9CB82B8F4F0543C5B86D2E46EA1648CA,IMPHASH=8218D8C6FD491D3BFF8555FF24C7E4E4</Data>
    <Data Name="ParentProcessGuid">{5af96291-0948-65e7-e300-000089ae3cc1}</Data>
    <Data Name="ParentProcessId">5764</Data>
    <Data Name="ParentImage">C:\Windows\System32\svchost.exe</Data>
    <Data Name="ParentCommandLine">svchost.exe -k DcomLaunch</Data>
    <Data Name="ParentUser">NT AUTHORITY\SYSTEM</Data>
    
  </EventData>
</Event>
<Event xmlns="http://schemas.microsoft.com/win/2004/08/events/event">
  <System>
    <Provider Name="Microsoft-Windows-Sysmon" Guid="{5770385f-c22a-43e0-bf4c-06f5698ffbd9}"/>
    <EventID>1</EventID>
    <Version>5</Version>
    <Level>4</Level>
    <Task>1</Task>
    <Opcode>0</Opcode>
    <Keywords>0x8000000000000000</Keywords>
    <TimeCreated SystemTime="2024-03-18T12:36:02.8565283Z"/>
    <EventRecordID>320077</EventRecordID>
    <Correlation/>
    <Execution ProcessID="2140" ThreadID="4452"/>
    <Channel>Microsoft-Windows-Sysmon/Operational</Channel>
    <Computer>WS-DRAMIREZ-01.meridianhcs.local</Computer>
    <Security UserID="S-1-5-18"/>
  </System>
  <EventData>
    
    <Data Name="RuleName">-</Data>
    <Data Name="UtcTime">2024-03-18 12:36:02.856</Data>
    <Data Name="ProcessGuid">{5af96291-3532-65f8-8c02-0010f1de4e38}</Data>
    <Data Name="ProcessId">6592</Data>
    <Data Name="Image">C:\Windows\System32\taskhostw.exe</Data>
    <Data Name="FileVersion">10.0.19041.1</Data>
    <Data Name="Description">Host Process for Windows Tasks</Data>
    <Data Name="Product">Microsoft Windows Operating System</Data>
    <Data Name="Company">Microsoft Corporation</Data>
    <Data Name="OriginalFileName">taskhostw.exe</Data>
    <Data Name="CommandLine">taskhostw.exe</Data>
    <Data Name="CurrentDirectory">C:\Windows\System32\</Data>
    <Data Name="User">NT AUTHORITY\SYSTEM</Data>
    <Data Name="LogonGuid">{00000000-0000-0000-0000-000000000000}</Data>
    <Data Name="LogonId">0x3e7</Data>
    <Data Name="TerminalSessionId">0</Data>
    <Data Name="IntegrityLevel">System</Data>
    <Data Name="Hashes">SHA1=0D0798CA08A020352F83C46BC44F9ADDC991DE9F,MD5=EC0C1E99417725DC2ED68306AF16B723,SHA256=15AEDEDFBC2F424097ED0051B77FBD9A0870430D41EC38ED942AE27C1954959A,IMPHASH=E420767DCAA62092822D04994066BC36</Data>
    <Data Name="ParentProcessGuid">{5af96291-0949-65e7-2200-0000713dfbef}</Data>
    <Data Name="ParentProcessId">5772</Data>
    <Data Name="ParentImage">C:\Windows\System32\svchost.exe</Data>
    <Data Name="ParentCommandLine">svchost.exe -k LocalSystem</Data>
    <Data Name="ParentUser">NT AUTHORITY\SYSTEM</Data>
    
  </EventData>
</Event>
<Event xmlns="http://schemas.microsoft.com/win/2004/08/events/event">
  <System>
    <Provider Name="Microsoft-Windows-Sysmon" Guid="{5770385f-c22a-43e0-bf4c-06f5698ffbd9}"/>
    <EventID>3</EventID>
    <Version>5</Version>
    <Level>4</Level>
    <Task>3</Task>
    <Opcode>0</Opcode>
    <Keywords>0x8000000000000000</Keywords>
    <TimeCreated SystemTime="2024-03-18T12:37:33.6606944Z"/>
    <EventRecordID>320083</EventRecordID>
    <Correlation/>
    <Execution ProcessID="2140" ThreadID="1752"/>
    <Channel>Microsoft-Windows-Sysmon/Operational</Channel>
    <Computer>WS-DRAMIREZ-01.meridianhcs.local</Computer>
    <Security UserID="S-1-5-18"/>
  </System>
  <EventData>
    
    <Data Name="RuleName">-</Data>
    <Data Name="UtcTime">2024-03-18 12:37:33.660</Data>
    <Data Name="ProcessGuid">{5af96291-094b-65e7-3c02-00108c04be3d}</Data>
    <Data Name="ProcessId">5796</Data>
    <Data Name="Image">C:\Windows\System32\svchost.exe</Data>
    <Data Name="User">NT AUTHORITY\NETWORK SERVICE</Data>
    <Data Name="Protocol">tcp</Data>
    <Data Name="Initiated">true</Data>
    <Data Name="SourceIsIpv6">false</Data>
    <Data Name="SourceIp">10.10.1.34</Data>
    <Data Name="SourceHostname">WS-DRAMIREZ-01.meridianhcs.local</Data>
    <Data Name="SourcePort">56916</Data>
    <Data Name="SourcePortName">-</Data>
    <Data Name="DestinationIsIpv6">false</Data>
    <Data Name="DestinationIp">10.10.2.20</Data>
    <Data Name="DestinationHostname">FILE-SRV-01.meridianhcs.local</Data>
    <Data Name="DestinationPort">445</Data>
    <Data Name="DestinationPortName">microsoft-ds</Data>
    
  </EventData>
</Event>
<Event xmlns="http://schemas.microsoft.com/win/2004/08/events/event">
  <System>
    <Provider Name="Microsoft-Windows-Sysmon" Guid="{5770385f-c22a-43e0-bf4c-06f5698ffbd9}"/>
    <EventID>22</EventID>
    <Version>5</Version>
    <Level>4</Level>
    <Task>22</Task>
    <Opcode>0</Opcode>
    <Keywords>0x8000000000000000</Keywords>
    <TimeCreated SystemTime="2024-03-18T12:37:35.2091395Z"/>
    <EventRecordID>320084</EventRecordID>
    <Correlation/>
    <Execution ProcessID="2140" ThreadID="1764"/>
    <Channel>Microsoft-Windows-Sysmon/Operational</Channel>
    <Computer>WS-DRAMIREZ-01.meridianhcs.local</Computer>
    <Security UserID="S-1-5-18"/>
  </System>
  <EventData>
    
    <Data Name="RuleName">-</Data>
    <Data Name="UtcTime">2024-03-18 12:37:35.209</Data>
    <Data Name="ProcessGuid">{5af96291-094c-65e7-4a02-0000862ccb47}</Data>
    <Data Name="ProcessId">5800</Data>
    <Data Name="QueryName">DC-01.meridianhcs.local</Data>
    <Data Name="QueryStatus">0</Data>
    <Data Name="QueryResults">10.10.2.10;</Data>
    <Data Name="Image">C:\Windows\System32\svchost.exe</Data>
    <Data Name="User">NT AUTHORITY\LOCAL SERVICE</Data>
    
  </EventData>
</Event>
<Event xmlns="http://schemas.microsoft.com/win/2004/08/events/event">
  <System>
    <Provider Name="Microsoft-Windows-Sysmon" Guid="{5770385f-c22a-43e0-bf4c-06f5698ffbd9}"/>
    <EventID>22</EventID>
    <Version>5</Version>
    <Level>4</Level>
    <Task>22</Task>
    <Opcode>0</Opcode>
    <Keywords>0x8000000000000000</Keywords>
    <TimeCreated SystemTime="2024-03-18T12:39:26.3494461Z"/>
    <EventRecordID>320089</EventRecordID>
    <Correlation/>
    <Execution ProcessID="2140" ThreadID="1764"/>
    <Channel>Microsoft-Windows-Sysmon/Operational</Channel>
    <Computer>WS-DRAMIREZ-01.meridianhcs.local</Computer>
    <Security UserID="S-1-5-18"/>
  </System>
  <EventData>
    
    <Data Name="RuleName">-</Data>
    <Data Name="UtcTime">2024-03-18 12:39:26.349</Data>
    <Data Name="ProcessGuid">{5af96291-0940-65e7-2d00-000096bac59d}</Data>
    <Data Name="ProcessId">4</Data>
    <Data Name="QueryName">FILE-SRV-01.meridianhcs.local</Data>
    <Data Name="QueryStatus">0</Data>
    <Data Name="QueryResults">-</Data>
    <Data Name="Image">System</Data>
    <Data Name="User">NT AUTHORITY\SYSTEM</Data>
    
  </EventData>
</Event>
<Event xmlns="http://schemas.microsoft.com/win/2004/08/events/event">
  <System>
    <Provider Name="Microsoft-Windows-Sysmon" Guid="{5770385f-c22a-43e0-bf4c-06f5698ffbd9}"/>
    <EventID>10</EventID>
    <Version>3</Version>
    <Level>4</Level>
    <Task>10</Task>
    <Opcode>0</Opcode>
    <Keywords>0x8000000000000000</Keywords>
    <TimeCreated SystemTime="2024-03-18T12:39:32.4033644Z"/>
    <EventRecordID>320090</EventRecordID>
    <Correlation/>
    <Execution ProcessID="2140" ThreadID="1764"/>
    <Channel>Microsoft-Windows-Sysmon/Operational</Channel>
    <Computer>WS-DRAMIREZ-01.meridianhcs.local</Computer>
    <Security UserID="S-1-5-18"/>
  </System>
  <EventData>
    
    <Data Name="RuleName">-</Data>
    <Data Name="UtcTime">2024-03-18 12:39:32.403</Data>
    <Data Name="SourceProcessGUID">{5af96291-0944-65e7-2202-0000c48197b6}</Data>
    <Data Name="SourceProcessId">5752</Data>
    <Data Name="SourceThreadId">4604</Data>
    <Data Name="SourceImage">C:\Windows\System32\services.exe</Data>
    <Data Name="TargetProcessGUID">{5af96291-0954-65e7-1802-0000015e389a}</Data>
    <Data Name="TargetProcessId">5848</Data>
    <Data Name="TargetImage">C:\ProgramData\Microsoft\Windows Defender\Platform\4.18.2301.6-0\MsMpEng.exe</Data>
    <Data Name="GrantedAccess">0x1000</Data>
    <Data Name="CallTrace">C:\Windows\SYSTEM32\ntdll.dll+9E647|C:\Windows\SYSTEM32\KERNELBASE.dll+2DE17|C:\Windows\SYSTEM32\sechost.dll+1428C</Data>
    <Data Name="SourceUser">NT AUTHORITY\SYSTEM</Data>
    <Data Name="TargetUser">NT AUTHORITY\SYSTEM</Data>
    
  </EventData>
</Event>
<Event xmlns="http://schemas.microsoft.com/win/2004/08/events/event">
  <System>
    <Provider Name="Microsoft-Windows-Sysmon" Guid="{5770385f-c22a-43e0-bf4c-06f5698ffbd9}"/>
    <EventID>7</EventID>
    <Version>3</Version>
    <Level>4</Level>
    <Task>7</Task>
    <Opcode>0</Opcode>
    <Keywords>0x8000000000000000</Keywords>
    <TimeCreated SystemTime="2024-03-18T12:40:27.3799417Z"/>
    <EventRecordID>320093</EventRecordID>
    <Correlation/>
    <Execution ProcessID="2140" ThreadID="4452"/>
    <Channel>Microsoft-Windows-Sysmon/Operational</Channel>
    <Computer>WS-DRAMIREZ-01.meridianhcs.local</Computer>
    <Security UserID="S-1-5-18"/>
  </System>
  <EventData>
    
    <Data Name="RuleName">-</Data>
    <Data Name="UtcTime">2024-03-18 12:40:27.379</Data>
    <Data Name="ProcessGuid">{5af96291-3532-65f8-8c02-0010f1de4e38}</Data>
    <Data Name="ProcessId">6592</Data>
    <Data Name="Image">C:\Windows\System32\taskhostw.exe</Data>
    <Data Name="ImageLoaded">C:\Program Files\Windows Defender\MpOAV.dll</Data>
    <Data Name="FileVersion">4.18.2301.6</Data>
    <Data Name="Description">IOfficeAntiVirus Module</Data>
    <Data Name="Product">Microsoft Defender Antivirus</Data>
    <Data Name="Company">Microsoft Corporation</Data>
    <Data Name="OriginalFileName">MpOAV.dll</Data>
    <Data Name="Hashes">SHA1=FC17FE09B96E6641A0C4DD89FE19E33173B862A9,MD5=DDBA590E19E88EA28373E3D47061E407,SHA256=11D3F5E67D04915646C72F60356E8ABB54A72F49B33A321C9E8622576EE491DD,IMPHASH=B50EDBF447D04C1BEFF75D2CC5E6EDF5</Data>
    <Data Name="Signed">true</Data>
    <Data Name="Signature">Microsoft Corporation</Data>
    <Data Name="SignatureStatus">Valid</Data>
    <Data Name="User">NT AUTHORITY\SYSTEM</Data>
    
  </EventData>
</Event>
<Event xmlns="http://schemas.microsoft.com/win/2004/08/events/event">
  <System>
    <Provider Name="Microsoft-Windows-Sysmon" Guid="{5770385f-c22a-43e0-bf4c-06f5698ffbd9}"/>
    <EventID>1</EventID>
    <Version>5</Version>
    <Level>4</Level>
    <Task>1</Task>
    <Opcode>0</Opcode>
    <Keywords>0x8000000000000000</Keywords>
    <TimeCreated SystemTime="2024-03-18T12:42:13.6490544Z"/>
    <EventRecordID>320098</EventRecordID>
    <Correlation/>
    <Execution ProcessID="2140" ThreadID="4452"/>
    <Channel>Microsoft-Windows-Sysmon/Operational</Channel>
    <Computer>WS-DRAMIREZ-01.meridianhcs.local</Computer>
    <Security UserID="S-1-5-18"/>
  </System>
  <EventData>
    
    <Data Name="RuleName">-</Data>
    <Data Name="UtcTime">2024-03-18 12:42:13.649</Data>
    <Data Name="ProcessGuid">{5af96291-36a5-65f8-2b00-0010261234f3}</Data>
    <Data Name="ProcessId">6616</Data>
    <Data Name="Image">C:\Windows\System32\WindowsPowerShell\v1.0\powershell.exe</Data>
    <Data Name="FileVersion">10.0.19041.1</Data>
    <Data Name="Description">Windows PowerShell</Data>
    <Data Name="Product">Microsoft Windows Operating System</Data>
    <Data Name="Company">Microsoft Corporation</Data>
    <Data Name="OriginalFileName">PowerShell.EXE</Data>
    <Data Name="CommandLine">powershell.exe -NoProfile -ExecutionPolicy Bypass -File C:\Scripts\backup-check.ps1</Data>
    <Data Name="CurrentDirectory">C:\Windows\System32\</Data>
    <Data Name="User">NT AUTHORITY\SYSTEM</Data>
    <Data Name="LogonGuid">{00000000-0000-0000-0000-000000000000}</Data>
    <Data Name="LogonId">0x3e7</Data>
    <Data Name="TerminalSessionId">0</Data>
    <Data Name="IntegrityLevel">System</Data>
    <Data Name="Hashes">SHA1=AA5C0981E3C11BE782DEAAD56696E2F3E852E18B,MD5=4D33DC7E8B4834AA9E902021AC16637F,SHA256=875E2C2BE61EC1C151E409396E11BD6D9E58DBAF7466BD0190747B243D9E54A7,IMPHASH=2521D16C640A8A54697B19668CB35A35</Data>
    <Data Name="ParentProcessGuid">{5af96291-0944-65e7-2202-0000c48197b6}</Data>
    <Data Name="ParentProcessId">5752</Data>
    <Data Name="ParentImage">C:\Windows\System32\services.exe</Data>
    <Data Name="ParentCommandLine">services.exe</Data>
    <Data Name="ParentUser">NT AUTHORITY\SYSTEM</Data>
    
  </EventData>
</Event>
<Event xmlns="http://schemas.microsoft.com/win/2004/08/events/event">
  <System>
    <Provider Name="Microsoft-Windows-Sysmon" Guid="{5770385f-c22a-43e0-bf4c-06f5698ffbd9}"/>
    <EventID>13</EventID>
    <Version>2</Version>
    <Level>4</Level>
    <Task>13</Task>
    <Opcode>0</Opcode>
    <Keywords>0x8000000000000000</Keywords>
    <TimeCreated SystemTime="2024-03-18T12:43:33.6862264Z"/>
    <EventRecordID>320100</EventRecordID>
    <Correlation/>
    <Execution ProcessID="2140" ThreadID="1752"/>
    <Channel>Microsoft-Windows-Sysmon/Operational</Channel>
    <Computer>WS-DRAMIREZ-01.meridianhcs.local</Computer>
    <Security UserID="S-1-5-18"/>
  </System>
  <EventData>
    
    <Data Name="RuleName">-</Data>
    <Data Name="EventType">SetValue</Data>
    <Data Name="UtcTime">2024-03-18 12:43:33.686</Data>
    <Data Name="ProcessGuid">{5af96291-094b-65e7-3c02-00108c04be3d}</Data>
    <Data Name="ProcessId">5796</Data>
    <Data Name="Image">C:\Windows\System32\svchost.exe</Data>
    <Data Name="TargetObject">HKLM\SOFTWARE\Microsoft\Windows\CurrentVersion\Policies\System\EnableLUA</Data>
    <Data Name="Details">DWORD (0x00000001)</Data>
    <Data Name="User">NT AUTHORITY\NETWORK SERVICE</Data>
    
  </EventData>
</Event>
<Event xmlns="http://schemas.microsoft.com/win/2004/08/events/event">
  <System>
    <Provider Name="Microsoft-Windows-Sysmon" Guid="{5770385f-c22a-43e0-bf4c-06f5698ffbd9}"/>
    <EventID>13</EventID>
    <Version>2</Version>
    <Level>4</Level>
    <Task>13</Task>
    <Opcode>0</Opcode>
    <Keywords>0x8000000000000000</Keywords>
    <TimeCreated SystemTime="2024-03-18T12:45:04.0515720Z"/>
    <EventRecordID>320103</EventRecordID>
    <Correlation/>
    <Execution ProcessID="2140" ThreadID="1752"/>
    <Channel>Microsoft-Windows-Sysmon/Operational</Channel>
    <Computer>WS-DRAMIREZ-01.meridianhcs.local</Computer>
    <Security UserID="S-1-5-18"/>
  </System>
  <EventData>
    
    <Data Name="RuleName">-</Data>
    <Data Name="EventType">SetValue</Data>
    <Data Name="UtcTime">2024-03-18 12:45:04.051</Data>
    <Data Name="ProcessGuid">{5af96291-0965-65e7-2f00-00108a7cce94}</Data>
    <Data Name="ProcessId">6020</Data>
    <Data Name="Image">C:\Windows\explorer.exe</Data>
    <Data Name="TargetObject">HKU\S-1-5-21-1537687973-2974994828-3875246326-1006\Software\Microsoft\Windows\CurrentVersion\Explorer\UserAssist\{CEBFF5CD-ACE2-4F4F-9178-9926F41749EA}\Count\HRZR_EHACNGU:P:\Cebtenz Svyrf\Tbbtyr\Puebzr\Nccyvpngvba\puebzr.rkr</Data>
    <Data Name="Details">CA 72 FD 71 DA 6E D6 98 B6 DD D5 E2 84 42 D0 F1 8D 8C 60 5A A8 11 55 EE 49 84 8E 93 A6 46 7D 6B 4A 5B 18 31 5D 86 EC BA 1C 68 E8 85 78 C8 C0 B7</Data>
    <Data Name="User">MERIDIANHCS\diego.ramirez</Data>
    
  </EventData>
</Event>
<Event xmlns="http://schemas.microsoft.com/win/2004/08/events/event">
  <System>
    <Provider Name="Microsoft-Windows-Sysmon" Guid="{5770385f-c22a-43e0-bf4c-06f5698ffbd9}"/>
    <EventID>5</EventID>
    <Version>3</Version>
    <Level>4</Level>
    <Task>5</Task>
    <Opcode>0</Opcode>
    <Keywords>0x8000000000000000</Keywords>
    <TimeCreated SystemTime="2024-03-18T12:46:55.0727287Z"/>
    <EventRecordID>320109</EventRecordID>
    <Correlation/>
    <Execution ProcessID="2140" ThreadID="4452"/>
    <Channel>Microsoft-Windows-Sysmon/Operational</Channel>
    <Computer>WS-DRAMIREZ-01.meridianhcs.local</Computer>
    <Security UserID="S-1-5-18"/>
  </System>
  <EventData>
    
    <Data Name="RuleName">-</Data>
    <Data Name="UtcTime">2024-03-18 12:46:55.072</Data>
    <Data Name="ProcessGuid">{5af96291-352f-65f8-1000-000078440336}</Data>
    <Data Name="ProcessId">6504</Data>
    <Data Name="Image">C:\Windows\System32\wbem\WmiPrvSE.exe</Data>
    <Data Name="User">NT AUTHORITY\SYSTEM</Data>
    
  </EventData>
</Event>
<Event xmlns="http://schemas.microsoft.com/win/2004/08/events/event">
  <System>
    <Provider Name="Microsoft-Windows-Sysmon" Guid="{5770385f-c22a-43e0-bf4c-06f5698ffbd9}"/>
    <EventID>22</EventID>
    <Version>5</Version>
    <Level>4</Level>
    <Task>22</Task>
    <Opcode>0</Opcode>
    <Keywords>0x8000000000000000</Keywords>
    <TimeCreated SystemTime="2024-03-18T12:46:59.6007493Z"/>
    <EventRecordID>320110</EventRecordID>
    <Correlation/>
    <Execution ProcessID="2140" ThreadID="1752"/>
    <Channel>Microsoft-Windows-Sysmon/Operational</Channel>
    <Computer>WS-DRAMIREZ-01.meridianhcs.local</Computer>
    <Security UserID="S-1-5-18"/>
  </System>
  <EventData>
    
    <Data Name="RuleName">-</Data>
    <Data Name="UtcTime">2024-03-18 12:46:59.600</Data>
    <Data Name="ProcessGuid">{5af96291-0946-65e7-7902-00000327d62d}</Data>
    <Data Name="ProcessId">5756</Data>
    <Data Name="QueryName">DC-01.meridianhcs.local</Data>
    <Data Name="QueryStatus">0</Data>
    <Data Name="QueryResults">10.10.2.10;</Data>
    <Data Name="Image">C:\Windows\System32\lsass.exe</Data>
    <Data Name="User">NT AUTHORITY\SYSTEM</Data>
    
  </EventData>
</Event>
<Event xmlns="http://schemas.microsoft.com/win/2004/08/events/event">
  <System>
    <Provider Name="Microsoft-Windows-Sysmon" Guid="{5770385f-c22a-43e0-bf4c-06f5698ffbd9}"/>
    <EventID>1</EventID>
    <Version>5</Version>
    <Level>4</Level>
    <Task>1</Task>
    <Opcode>0</Opcode>
    <Keywords>0x8000000000000000</Keywords>
    <TimeCreated SystemTime="2024-03-18T12:48:33.1235841Z"/>
    <EventRecordID>320113</EventRecordID>
    <Correlation/>
    <Execution ProcessID="2140" ThreadID="1764"/>
    <Channel>Microsoft-Windows-Sysmon/Operational</Channel>
    <Computer>WS-DRAMIREZ-01.meridianhcs.local</Computer>
    <Security UserID="S-1-5-18"/>
  </System>
  <EventData>
    
    <Data Name="RuleName">-</Data>
    <Data Name="UtcTime">2024-03-18 12:48:33.123</Data>
    <Data Name="ProcessGuid">{5af96291-3821-65f8-5a00-001002f66a36}</Data>
    <Data Name="ProcessId">6496</Data>
    <Data Name="Image">C:\Windows\System32\SearchFilterHost.exe</Data>
    <Data Name="FileVersion">10.0.19041.1</Data>
    <Data Name="Description">Microsoft Windows Search Filter Host</Data>
    <Data Name="Product">Microsoft Windows Operating System</Data>
    <Data Name="Company">Microsoft Corporation</Data>
    <Data Name="OriginalFileName">SearchFilterHost.exe</Data>
    <Data Name="CommandLine">SearchFilterHost.exe 0 828 0 0 0</Data>
    <Data Name="CurrentDirectory">C:\Windows\System32\</Data>
    <Data Name="User">NT AUTHORITY\SYSTEM</Data>
    <Data Name="LogonGuid">{00000000-0000-0000-0000-000000000000}</Data>
    <Data Name="LogonId">0x3e7</Data>
    <Data Name="TerminalSessionId">0</Data>
    <Data Name="IntegrityLevel">System</Data>
    <Data Name="Hashes">SHA1=4D21E4E17144F60488C6828111E477C73B0D3E1A,MD5=E3564052272CB8F86BC5914FE3843671,SHA256=0AFD0D73AC5763EE26DA6059CA6C59F31E1365488D9E2994C8E15D2B76B26F84,IMPHASH=F8C2CC90D910DE9FC4F690882E57ABEC</Data>
    <Data Name="ParentProcessGuid">{5af96291-0955-65e7-c600-000056544942}</Data>
    <Data Name="ParentProcessId">5860</Data>
    <Data Name="ParentImage">C:\Windows\System32\SearchIndexer.exe</Data>
    <Data Name="ParentCommandLine">SearchIndexer.exe</Data>
    <Data Name="ParentUser">NT AUTHORITY\SYSTEM</Data>
    
  </EventData>
</Event>
<Event xmlns="http://schemas.microsoft.com/win/2004/08/events/event">
  <System>
    <Provider Name="Microsoft-Windows-Sysmon" Guid="{5770385f-c22a-43e0-bf4c-06f5698ffbd9}"/>
    <EventID>13</EventID>
    <Version>2</Version>
    <Level>4</Level>
    <Task>13</Task>
    <Opcode>0</Opcode>
    <Keywords>0x8000000000000000</Keywords>
    <TimeCreated SystemTime="2024-03-18T12:52:17.7495605Z"/>
    <EventRecordID>320120</EventRecordID>
    <Correlation/>
    <Execution ProcessID="2140" ThreadID="1752"/>
    <Channel>Microsoft-Windows-Sysmon/Operational</Channel>
    <Computer>WS-DRAMIREZ-01.meridianhcs.local</Computer>
    <Security UserID="S-1-5-18"/>
  </System>
  <EventData>
    
    <Data Name="RuleName">-</Data>
    <Data Name="EventType">SetValue</Data>
    <Data Name="UtcTime">2024-03-18 12:52:17.749</Data>
    <Data Name="ProcessGuid">{5af96291-0966-65e7-ab02-001057da334f}</Data>
    <Data Name="ProcessId">6032</Data>
    <Data Name="Image">C:\Windows\System32\RuntimeBroker.exe</Data>
    <Data Name="TargetObject">HKU\S-1-5-21-1537687973-2974994828-3875246326-1006\Software\Microsoft\Windows\CurrentVersion\Internet Settings\MigrateProxy</Data>
    <Data Name="Details">DWORD (0x00000001)</Data>
    <Data Name="User">MERIDIANHCS\diego.ramirez</Data>
    
  </EventData>
</Event>
<Event xmlns="http://schemas.microsoft.com/win/2004/08/events/event">
  <System>
    <Provider Name="Microsoft-Windows-Sysmon" Guid="{5770385f-c22a-43e0-bf4c-06f5698ffbd9}"/>
    <EventID>22</EventID>
    <Version>5</Version>
    <Level>4</Level>
    <Task>22</Task>
    <Opcode>0</Opcode>
    <Keywords>0x8000000000000000</Keywords>
    <TimeCreated SystemTime="2024-03-18T12:54:37.8449438Z"/>
    <EventRecordID>320131</EventRecordID>
    <Correlation/>
    <Execution ProcessID="2140" ThreadID="1752"/>
    <Channel>Microsoft-Windows-Sysmon/Operational</Channel>
    <Computer>WS-DRAMIREZ-01.meridianhcs.local</Computer>
    <Security UserID="S-1-5-18"/>
  </System>
  <EventData>
    
    <Data Name="RuleName">-</Data>
    <Data Name="UtcTime">2024-03-18 12:54:37.844</Data>
    <Data Name="ProcessGuid">{5af96291-094c-65e7-4a02-0000862ccb47}</Data>
    <Data Name="ProcessId">5800</Data>
    <Data Name="QueryName">DC-01.meridianhcs.local</Data>
    <Data Name="QueryStatus">0</Data>
    <Data Name="QueryResults">10.10.2.10;</Data>
    <Data Name="Image">C:\Windows\System32\svchost.exe</Data>
    <Data Name="User">NT AUTHORITY\LOCAL SERVICE</Data>
    
  </EventData>
</Event>
<Event xmlns="http://schemas.microsoft.com/win/2004/08/events/event">
  <System>
    <Provider Name="Microsoft-Windows-Sysmon" Guid="{5770385f-c22a-43e0-bf4c-06f5698ffbd9}"/>
    <EventID>10</EventID>
    <Version>3</Version>
    <Level>4</Level>
    <Task>10</Task>
    <Opcode>0</Opcode>
    <Keywords>0x8000000000000000</Keywords>
    <TimeCreated SystemTime="2024-03-18T12:55:22.3704160Z"/>
    <EventRecordID>320134</EventRecordID>
    <Correlation/>
    <Execution ProcessID="2140" ThreadID="4452"/>
    <Channel>Microsoft-Windows-Sysmon/Operational</Channel>
    <Computer>WS-DRAMIREZ-01.meridianhcs.local</Computer>
    <Security UserID="S-1-5-18"/>
  </System>
  <EventData>
    
    <Data Name="RuleName">-</Data>
    <Data Name="UtcTime">2024-03-18 12:55:22.370</Data>
    <Data Name="SourceProcessGUID">{5af96291-095e-65e7-5502-00006cf4f8ec}</Data>
    <Data Name="SourceProcessId">5936</Data>
    <Data Name="SourceThreadId">5148</Data>
    <Data Name="SourceImage">C:\Windows\System32\taskhostw.exe</Data>
    <Data Name="TargetProcessGUID">{5af96291-0966-65e7-ab02-001057da334f}</Data>
    <Data Name="TargetProcessId">6032</Data>
    <Data Name="TargetImage">C:\Windows\System32\RuntimeBroker.exe</Data>
    <Data Name="GrantedAccess">0x1000</Data>
    <Data Name="CallTrace">C:\Windows\SYSTEM32\ntdll.dll+9E8F4|C:\Windows\SYSTEM32\KERNELBASE.dll+2C389|C:\Windows\SYSTEM32\advapi32.dll+4CB40</Data>
    <Data Name="SourceUser">NT AUTHORITY\SYSTEM</Data>
    <Data Name="TargetUser">MERIDIANHCS\diego.ramirez</Data>
    
  </EventData>
</Event>
<Event xmlns="http://schemas.microsoft.com/win/2004/08/events/event">
  <System>
    <Provider Name="Microsoft-Windows-Sysmon" Guid="{5770385f-c22a-43e0-bf4c-06f5698ffbd9}"/>
    <EventID>1</EventID>
    <Version>5</Version>
    <Level>4</Level>
    <Task>1</Task>
    <Opcode>0</Opcode>
    <Keywords>0x8000000000000000</Keywords>
    <TimeCreated SystemTime="2024-03-18T12:56:13.1533133Z"/>
    <EventRecordID>320136</EventRecordID>
    <Correlation/>
    <Execution ProcessID="2140" ThreadID="1752"/>
    <Channel>Microsoft-Windows-Sysmon/Operational</Channel>
    <Computer>WS-DRAMIREZ-01.meridianhcs.local</Computer>
    <Security UserID="S-1-5-18"/>
  </System>
  <EventData>
    
    <Data Name="RuleName">-</Data>
    <Data Name="UtcTime">2024-03-18 12:56:13.153</Data>
    <Data Name="ProcessGuid">{5af96291-39ed-65f8-eb00-0010e8d0cf8d}</Data>
    <Data Name="ProcessId">6544</Data>
    <Data Name="Image">C:\Program Files (x86)\Cisco\Cisco AnyConnect Secure Mobility Client\vpnagent.exe</Data>
    <Data Name="FileVersion">-</Data>
    <Data Name="Description">-</Data>
    <Data Name="Product">-</Data>
    <Data Name="Company">-</Data>
    <Data Name="OriginalFileName">-</Data>
    <Data Name="CommandLine">vpnagent.exe</Data>
    <Data Name="CurrentDirectory">C:\Windows\System32\</Data>
    <Data Name="User">NT AUTHORITY\SYSTEM</Data>
    <Data Name="LogonGuid">{00000000-0000-0000-0000-000000000000}</Data>
    <Data Name="LogonId">0x3e7</Data>
    <Data Name="TerminalSessionId">0</Data>
    <Data Name="IntegrityLevel">System</Data>
    <Data Name="Hashes">SHA1=E5C261B32AD13EAE8BB6160C144E7D01B15D680E,MD5=751CA0C85F1A2CD273FE55F5AB6DC8FF,SHA256=A0DAF4583A062F2E6F9F735C6D1C7509468AA3CC84858D29A96518B0122544A0,IMPHASH=D23BA061037A52A84AEC4F31BDCA10E4</Data>
    <Data Name="ParentProcessGuid">{5af96291-0944-65e7-2202-0000c48197b6}</Data>
    <Data Name="ParentProcessId">5752</Data>
    <Data Name="ParentImage">C:\Windows\System32\services.exe</Data>
    <Data Name="ParentCommandLine">services.exe</Data>
    <Data Name="ParentUser">NT AUTHORITY\SYSTEM</Data>
    
  </EventData>
</Event>
<Event xmlns="http://schemas.microsoft.com/win/2004/08/events/event">
  <System>
    <Provider Name="Microsoft-Windows-Sysmon" Guid="{5770385f-c22a-43e0-bf4c-06f5698ffbd9}"/>
    <EventID>1</EventID>
    <Version>5</Version>
    <Level>4</Level>
    <Task>1</Task>
    <Opcode>0</Opcode>
    <Keywords>0x8000000000000000</Keywords>
    <TimeCreated SystemTime="2024-03-18T12:57:09.1970115Z"/>
    <EventRecordID>320141</EventRecordID>
    <Correlation/>
    <Execution ProcessID="2140" ThreadID="4452"/>
    <Channel>Microsoft-Windows-Sysmon/Operational</Channel>
    <Computer>WS-DRAMIREZ-01.meridianhcs.local</Computer>
    <Security UserID="S-1-5-18"/>
  </System>
  <EventData>
    
    <Data Name="RuleName">-</Data>
    <Data Name="UtcTime">2024-03-18 12:57:09.197</Data>
    <Data Name="ProcessGuid">{5af96291-3a25-65f8-1500-00107e488e9a}</Data>
    <Data Name="ProcessId">6600</Data>
    <Data Name="Image">C:\Windows\System32\taskhostw.exe</Data>
    <Data Name="FileVersion">10.0.19041.1</Data>
    <Data Name="Description">Host Process for Windows Tasks</Data>
    <Data Name="Product">Microsoft Windows Operating System</Data>
    <Data Name="Company">Microsoft Corporation</Data>
    <Data Name="OriginalFileName">taskhostw.exe</Data>
    <Data Name="CommandLine">taskhostw.exe /Run</Data>
    <Data Name="CurrentDirectory">C:\Windows\System32\</Data>
    <Data Name="User">NT AUTHORITY\SYSTEM</Data>
    <Data Name="LogonGuid">{00000000-0000-0000-0000-000000000000}</Data>
    <Data Name="LogonId">0x3e7</Data>
    <Data Name="TerminalSessionId">0</Data>
    <Data Name="IntegrityLevel">System</Data>
    <Data Name="Hashes">SHA1=0D0798CA08A020352F83C46BC44F9ADDC991DE9F,MD5=EC0C1E99417725DC2ED68306AF16B723,SHA256=15AEDEDFBC2F424097ED0051B77FBD9A0870430D41EC38ED942AE27C1954959A,IMPHASH=E420767DCAA62092822D04994066BC36</Data>
    <Data Name="ParentProcessGuid">{5af96291-0949-65e7-2200-0000713dfbef}</Data>
    <Data Name="ParentProcessId">5772</Data>
    <Data Name="ParentImage">C:\Windows\System32\svchost.exe</Data>
    <Data Name="ParentCommandLine">svchost.exe -k LocalSystem</Data>
    <Data Name="ParentUser">NT AUTHORITY\SYSTEM</Data>
    
  </EventData>
</Event>
