<Event xmlns="http://schemas.microsoft.com/win/2004/08/events/event">
  <System>
    <Provider Name="Microsoft-Windows-Sysmon" Guid="{5770385f-c22a-43e0-bf4c-06f5698ffbd9}"/>
    <EventID>13</EventID>
    <Version>2</Version>
    <Level>4</Level>
    <Task>13</Task>
    <Opcode>0</Opcode>
    <Keywords>0x8000000000000000</Keywords>
    <TimeCreated SystemTime="2024-03-18T13:28:30.0034672Z"/>
    <EventRecordID>788508</EventRecordID>
    <Correlation/>
    <Execution ProcessID="2904" ThreadID="4112"/>
    <Channel>Microsoft-Windows-Sysmon/Operational</Channel>
    <Computer>MAIL-FIN-01.meridianhcs.local</Computer>
    <Security UserID="S-1-5-18"/>
  </System>
  <EventData>
    
    <Data Name="RuleName">-</Data>
    <Data Name="EventType">SetValue</Data>
    <Data Name="UtcTime">2024-03-18 13:28:30.003</Data>
    <Data Name="ProcessGuid">{bef5213c-71c8-65e0-c302-0000ca3a5a71}</Data>
    <Data Name="ProcessId">2376</Data>
    <Data Name="Image">C:\Windows\System32\services.exe</Data>
    <Data Name="User">NT AUTHORITY\SYSTEM</Data>
    <Data Name="TargetObject">HKLM\SOFTWARE\Microsoft\Windows\CurrentVersion\Component Based Servicing\Packages\Microsoft-Windows-Client-Features~31bf3856ad364e35~amd64~~10.0.20348.60\CurrentState</Data>
    <Data Name="Details">DWORD (0x00000070)</Data>
    
  </EventData>
</Event>
<Event xmlns="http://schemas.microsoft.com/win/2004/08/events/event">
  <System>
    <Provider Name="Microsoft-Windows-Sysmon" Guid="{5770385f-c22a-43e0-bf4c-06f5698ffbd9}"/>
    <EventID>13</EventID>
    <Version>2</Version>
    <Level>4</Level>
    <Task>13</Task>
    <Opcode>0</Opcode>
    <Keywords>0x8000000000000000</Keywords>
    <TimeCreated SystemTime="2024-03-18T13:30:30.8952117Z"/>
    <EventRecordID>788516</EventRecordID>
    <Correlation/>
    <Execution ProcessID="2904" ThreadID="4112"/>
    <Channel>Microsoft-Windows-Sysmon/Operational</Channel>
    <Computer>MAIL-FIN-01.meridianhcs.local</Computer>
    <Security UserID="S-1-5-18"/>
  </System>
  <EventData>
    
    <Data Name="RuleName">-</Data>
    <Data Name="EventType">SetValue</Data>
    <Data Name="UtcTime">2024-03-18 13:30:30.895</Data>
    <Data Name="ProcessGuid">{bef5213c-71e4-65e0-f502-0000b3367f4d}</Data>
    <Data Name="ProcessId">2660</Data>
    <Data Name="Image">C:\Windows\System32\msiexec.exe</Data>
    <Data Name="User">NT AUTHORITY\SYSTEM</Data>
    <Data Name="TargetObject">HKLM\SOFTWARE\Microsoft\Windows\CurrentVersion\Component Based Servicing\Packages\Package_for_RollupFix~31bf3856ad364e35~amd64~~10.0.20348.57\CurrentState</Data>
    <Data Name="Details">DWORD (0x00000070)</Data>
    
  </EventData>
</Event>
<Event xmlns="http://schemas.microsoft.com/win/2004/08/events/event">
  <System>
    <Provider Name="Microsoft-Windows-Sysmon" Guid="{5770385f-c22a-43e0-bf4c-06f5698ffbd9}"/>
    <EventID>22</EventID>
    <Version>5</Version>
    <Level>4</Level>
    <Task>22</Task>
    <Opcode>0</Opcode>
    <Keywords>0x8000000000000000</Keywords>
    <TimeCreated SystemTime="2024-03-18T13:31:03.6064969Z"/>
    <EventRecordID>788521</EventRecordID>
    <Correlation/>
    <Execution ProcessID="2904" ThreadID="4112"/>
    <Channel>Microsoft-Windows-Sysmon/Operational</Channel>
    <Computer>MAIL-FIN-01.meridianhcs.local</Computer>
    <Security UserID="S-1-5-18"/>
  </System>
  <EventData>
    
    <Data Name="RuleName">-</Data>
    <Data Name="UtcTime">2024-03-18 13:31:03.606</Data>
    <Data Name="ProcessGuid">{bef5213c-71d1-65e0-7f00-00109a675012}</Data>
    <Data Name="ProcessId">2460</Data>
    <Data Name="QueryName">mail.meridianhcs.com</Data>
    <Data Name="QueryStatus">0</Data>
    <Data Name="QueryResults">10.10.2.25;</Data>
    <Data Name="Image">C:\Windows\System32\svchost.exe</Data>
    <Data Name="User">NT AUTHORITY\LOCAL SERVICE</Data>
    
  </EventData>
</Event>
<Event xmlns="http://schemas.microsoft.com/win/2004/08/events/event">
  <System>
    <Provider Name="Microsoft-Windows-Sysmon" Guid="{5770385f-c22a-43e0-bf4c-06f5698ffbd9}"/>
    <EventID>3</EventID>
    <Version>5</Version>
    <Level>4</Level>
    <Task>3</Task>
    <Opcode>0</Opcode>
    <Keywords>0x8000000000000000</Keywords>
    <TimeCreated SystemTime="2024-03-18T13:31:10.4884060Z"/>
    <EventRecordID>788523</EventRecordID>
    <Correlation/>
    <Execution ProcessID="2904" ThreadID="4112"/>
    <Channel>Microsoft-Windows-Sysmon/Operational</Channel>
    <Computer>MAIL-FIN-01.meridianhcs.local</Computer>
    <Security UserID="S-1-5-18"/>
  </System>
  <EventData>
    
    <Data Name="RuleName">-</Data>
    <Data Name="UtcTime">2024-03-18 13:31:10.488</Data>
    <Data Name="ProcessGuid">{bef5213c-3656-65f8-4600-00008679a428}</Data>
    <Data Name="ProcessId">3716</Data>
    <Data Name="Image">C:\Program Files\Microsoft\Exchange Server\V15\Bin\EdgeTransport.exe</Data>
    <Data Name="User">NT AUTHORITY\SYSTEM</Data>
    <Data Name="Protocol">tcp</Data>
    <Data Name="Initiated">true</Data>
    <Data Name="SourceIsIpv6">false</Data>
    <Data Name="SourceIp">10.10.2.27</Data>
    <Data Name="SourceHostname">MAIL-FIN-01.meridianhcs.local</Data>
    <Data Name="SourcePort">54448</Data>
    <Data Name="SourcePortName">-</Data>
    <Data Name="DestinationIsIpv6">false</Data>
    <Data Name="DestinationIp">203.14.220.11</Data>
    <Data Name="DestinationHostname">-</Data>
    <Data Name="DestinationPort">25</Data>
    <Data Name="DestinationPortName">smtp</Data>
    
  </EventData>
</Event>
<Event xmlns="http://schemas.microsoft.com/win/2004/08/events/event">
  <System>
    <Provider Name="Microsoft-Windows-Sysmon" Guid="{5770385f-c22a-43e0-bf4c-06f5698ffbd9}"/>
    <EventID>13</EventID>
    <Version>2</Version>
    <Level>4</Level>
    <Task>13</Task>
    <Opcode>0</Opcode>
    <Keywords>0x8000000000000000</Keywords>
    <TimeCreated SystemTime="2024-03-18T13:31:34.3444787Z"/>
    <EventRecordID>788525</EventRecordID>
    <Correlation/>
    <Execution ProcessID="2904" ThreadID="4112"/>
    <Channel>Microsoft-Windows-Sysmon/Operational</Channel>
    <Computer>MAIL-FIN-01.meridianhcs.local</Computer>
    <Security UserID="S-1-5-18"/>
  </System>
  <EventData>
    
    <Data Name="RuleName">-</Data>
    <Data Name="EventType">SetValue</Data>
    <Data Name="UtcTime">2024-03-18 13:31:34.344</Data>
    <Data Name="ProcessGuid">{bef5213c-71d7-65e0-6800-0000f381e6c1}</Data>
    <Data Name="ProcessId">2556</Data>
    <Data Name="Image">C:\Windows\System32\svchost.exe</Data>
    <Data Name="User">NT AUTHORITY\SYSTEM</Data>
    <Data Name="TargetObject">HKLM\SOFTWARE\Microsoft\Windows\CurrentVersion\Component Based Servicing\Packages\Package_for_ServicingStack~31bf3856ad364e35~amd64~~10.0.20348.11\CurrentState</Data>
    <Data Name="Details">DWORD (0x00000070)</Data>
    
  </EventData>
</Event>
<Event xmlns="http://schemas.microsoft.com/win/2004/08/events/event">
  <System>
    <Provider Name="Microsoft-Windows-Sysmon" Guid="{5770385f-c22a-43e0-bf4c-06f5698ffbd9}"/>
    <EventID>1</EventID>
    <Version>5</Version>
    <Level>4</Level>
    <Task>1</Task>
    <Opcode>0</Opcode>
    <Keywords>0x8000000000000000</Keywords>
    <TimeCreated SystemTime="2024-03-18T13:31:51.3792568Z"/>
    <EventRecordID>789333</EventRecordID>
    <Correlation/>
    <Execution ProcessID="2904" ThreadID="4580"/>
    <Channel>Microsoft-Windows-Sysmon/Operational</Channel>
    <Computer>MAIL-FIN-01.meridianhcs.local</Computer>
    <Security UserID="S-1-5-18"/>
  </System>
  <EventData>
    
    <Data Name="RuleName">-</Data>
    <Data Name="UtcTime">2024-03-18 13:31:51.379</Data>
    <Data Name="ProcessGuid">{bef5213c-4247-65f8-e702-0000bf65b0c9}</Data>
    <Data Name="ProcessId">4108</Data>
    <Data Name="Image">C:\Windows\System32\wsqmcons.exe</Data>
    <Data Name="FileVersion">10.0.20348.1</Data>
    <Data Name="Description">Windows SQM Consolidator</Data>
    <Data Name="Product">Microsoft Windows Operating System</Data>
    <Data Name="Company">Microsoft Corporation</Data>
    <Data Name="OriginalFileName">wsqmcons.exe</Data>
    <Data Name="CommandLine">wsqmcons.exe</Data>
    <Data Name="CurrentDirectory">C:\Windows\System32\</Data>
    <Data Name="User">NT AUTHORITY\SYSTEM</Data>
    <Data Name="LogonGuid">{b413ee21-45f8-405f-8ae1-2fabb88fd197}</Data>
    <Data Name="LogonId">0x3e7</Data>
    <Data Name="TerminalSessionId">0</Data>
    <Data Name="IntegrityLevel">System</Data>
    <Data Name="Hashes">SHA1=6104A75C65DB07E6EE6706906D704A1338B653FE,MD5=489C55BAC89C8302A2923642E37CCDAC,SHA256=55155F8AFE96FB01851A1DFB6259B5176C3F6B5FCC3B60C8261A2F7B1F792A4D,IMPHASH=899A0BCAA8253EB42A3742DEA8E5B794</Data>
    <Data Name="ParentProcessGuid">{bef5213c-71cd-65e0-5f02-00001acb2045}</Data>
    <Data Name="ParentProcessId">2432</Data>
    <Data Name="ParentImage">C:\Windows\System32\svchost.exe</Data>
    <Data Name="ParentCommandLine">svchost.exe -k LocalSystem</Data>
    <Data Name="ParentUser">NT AUTHORITY\SYSTEM</Data>
    
  </EventData>
</Event>
<Event xmlns="http://schemas.microsoft.com/win/2004/08/events/event">
  <System>
    <Provider Name="Microsoft-Windows-Sysmon" Guid="{5770385f-c22a-43e0-bf4c-06f5698ffbd9}"/>
    <EventID>7</EventID>
    <Version>3</Version>
    <Level>4</Level>
    <Task>7</Task>
    <Opcode>0</Opcode>
    <Keywords>0x8000000000000000</Keywords>
    <TimeCreated SystemTime="2024-03-18T13:32:00.4512213Z"/>
    <EventRecordID>789334</EventRecordID>
    <Correlation/>
    <Execution ProcessID="2904" ThreadID="4112"/>
    <Channel>Microsoft-Windows-Sysmon/Operational</Channel>
    <Computer>MAIL-FIN-01.meridianhcs.local</Computer>
    <Security UserID="S-1-5-18"/>
  </System>
  <EventData>
    
    <Data Name="RuleName">-</Data>
    <Data Name="UtcTime">2024-03-18 13:32:00.451</Data>
    <Data Name="ProcessGuid">{bef5213c-71cb-65e0-7802-0010b65b659a}</Data>
    <Data Name="ProcessId">2408</Data>
    <Data Name="Image">C:\Windows\System32\svchost.exe</Data>
    <Data Name="ImageLoaded">C:\Program Files\Cisco\Cisco AnyConnect Secure Mobility Client\vpnapi.dll</Data>
    <Data Name="FileVersion">5.1.4.74</Data>
    <Data Name="Description">Cisco Secure Client API</Data>
    <Data Name="Product">Cisco Secure Client</Data>
    <Data Name="Company">Cisco Systems, Inc.</Data>
    <Data Name="OriginalFileName">vpnapi.dll</Data>
    <Data Name="Hashes">SHA1=558BAB5949895B830CA45E75F09FB8934E7914BC,MD5=F77F3DA9BE8209A46C2E7A1CC27E40F2,SHA256=6BDA8E95531273676DF1C7BBF723070D6C6BF90250B5FBC99980B77F554B7A3F,IMPHASH=041B795A214B84F21AE78A14EE46F1B5</Data>
    <Data Name="Signed">true</Data>
    <Data Name="Signature">Cisco Systems, Inc.</Data>
    <Data Name="SignatureStatus">Valid</Data>
    
  </EventData>
</Event>
<Event xmlns="http://schemas.microsoft.com/win/2004/08/events/event">
  <System>
    <Provider Name="Microsoft-Windows-Sysmon" Guid="{5770385f-c22a-43e0-bf4c-06f5698ffbd9}"/>
    <EventID>5</EventID>
    <Version>3</Version>
    <Level>4</Level>
    <Task>5</Task>
    <Opcode>0</Opcode>
    <Keywords>0x8000000000000000</Keywords>
    <TimeCreated SystemTime="2024-03-18T13:33:18.1496970Z"/>
    <EventRecordID>789340</EventRecordID>
    <Correlation/>
    <Execution ProcessID="2904" ThreadID="4580"/>
    <Channel>Microsoft-Windows-Sysmon/Operational</Channel>
    <Computer>MAIL-FIN-01.meridianhcs.local</Computer>
    <Security UserID="S-1-5-18"/>
  </System>
  <EventData>
    
    <Data Name="RuleName">-</Data>
    <Data Name="UtcTime">2024-03-18 13:33:18.149</Data>
    <Data Name="ProcessGuid">{bef5213c-4247-65f8-e702-0000bf65b0c9}</Data>
    <Data Name="ProcessId">4108</Data>
    <Data Name="Image">C:\Windows\System32\wsqmcons.exe</Data>
    <Data Name="User">NT AUTHORITY\SYSTEM</Data>
    
  </EventData>
</Event>
<Event xmlns="http://schemas.microsoft.com/win/2004/08/events/event">
  <System>
    <Provider Name="Microsoft-Windows-Sysmon" Guid="{5770385f-c22a-43e0-bf4c-06f5698ffbd9}"/>
    <EventID>13</EventID>
    <Version>2</Version>
    <Level>4</Level>
    <Task>13</Task>
    <Opcode>0</Opcode>
    <Keywords>0x8000000000000000</Keywords>
    <TimeCreated SystemTime="2024-03-18T13:33:22.7242110Z"/>
    <EventRecordID>789364</EventRecordID>
    <Correlation/>
    <Execution ProcessID="2904" ThreadID="4580"/>
    <Channel>Microsoft-Windows-Sysmon/Operational</Channel>
    <Computer>MAIL-FIN-01.meridianhcs.local</Computer>
    <Security UserID="S-1-5-18"/>
  </System>
  <EventData>
    
    <Data Name="RuleName">-</Data>
    <Data Name="EventType">SetValue</Data>
    <Data Name="UtcTime">2024-03-18 13:33:22.724</Data>
    <Data Name="ProcessGuid">{bef5213c-71e4-65e0-f502-0000b3367f4d}</Data>
    <Data Name="ProcessId">2660</Data>
    <Data Name="Image">C:\Windows\System32\msiexec.exe</Data>
    <Data Name="User">NT AUTHORITY\SYSTEM</Data>
    <Data Name="TargetObject">HKLM\SOFTWARE\Microsoft\Windows\CurrentVersion\Component Based Servicing\Packages\Package_for_ServicingStack~31bf3856ad364e35~amd64~~10.0.20348.58\CurrentState</Data>
    <Data Name="Details">DWORD (0x00000070)</Data>
    
  </EventData>
</Event>
<Event xmlns="http://schemas.microsoft.com/win/2004/08/events/event">
  <System>
    <Provider Name="Microsoft-Windows-Sysmon" Guid="{5770385f-c22a-43e0-bf4c-06f5698ffbd9}"/>
    <EventID>7</EventID>
    <Version>3</Version>
    <Level>4</Level>
    <Task>7</Task>
    <Opcode>0</Opcode>
    <Keywords>0x8000000000000000</Keywords>
    <TimeCreated SystemTime="2024-03-18T13:35:14.8782810Z"/>
    <EventRecordID>789372</EventRecordID>
    <Correlation/>
    <Execution ProcessID="2904" ThreadID="1436"/>
    <Channel>Microsoft-Windows-Sysmon/Operational</Channel>
    <Computer>MAIL-FIN-01.meridianhcs.local</Computer>
    <Security UserID="S-1-5-18"/>
  </System>
  <EventData>
    
    <Data Name="RuleName">-</Data>
    <Data Name="UtcTime">2024-03-18 13:35:14.878</Data>
    <Data Name="ProcessGuid">{bef5213c-24ae-65f8-6502-00009f84639b}</Data>
    <Data Name="ProcessId">3140</Data>
    <Data Name="Image">C:\Windows\System32\taskhostw.exe</Data>
    <Data Name="ImageLoaded">C:\ProgramData\Microsoft\Windows Defender\Platform\4.18.2301.6-0\MpClient.dll</Data>
    <Data Name="FileVersion">10.0.19041.1</Data>
    <Data Name="Description">MpClient.dll system library</Data>
    <Data Name="Product">Microsoft Windows Operating System</Data>
    <Data Name="Company">Microsoft Corporation</Data>
    <Data Name="OriginalFileName">MpClient.dll</Data>
    <Data Name="Hashes">SHA1=4EBD0CB418B646D66B75B6D3F2B67E91F7B3B446,MD5=5F2E97046C77BE473616ED1279BEAA8E,SHA256=422A0693BDA99E6CDFF4A8A0C8BD30836EEF8EB07274C75EEF93A5821955DB34,IMPHASH=6D02D9D84BB1546D6814A7A1F16E72C7</Data>
    <Data Name="Signed">true</Data>
    <Data Name="Signature">Microsoft Corporation</Data>
    <Data Name="SignatureStatus">Valid</Data>
    
  </EventData>
</Event>
<Event xmlns="http://schemas.microsoft.com/win/2004/08/events/event">
  <System>
    <Provider Name="Microsoft-Windows-Sysmon" Guid="{5770385f-c22a-43e0-bf4c-06f5698ffbd9}"/>
    <EventID>13</EventID>
    <Version>2</Version>
    <Level>4</Level>
    <Task>13</Task>
    <Opcode>0</Opcode>
    <Keywords>0x8000000000000000</Keywords>
    <TimeCreated SystemTime="2024-03-18T13:35:58.6803834Z"/>
    <EventRecordID>789375</EventRecordID>
    <Correlation/>
    <Execution ProcessID="2904" ThreadID="4580"/>
    <Channel>Microsoft-Windows-Sysmon/Operational</Channel>
    <Computer>MAIL-FIN-01.meridianhcs.local</Computer>
    <Security UserID="S-1-5-18"/>
  </System>
  <EventData>
    
    <Data Name="RuleName">-</Data>
    <Data Name="EventType">SetValue</Data>
    <Data Name="UtcTime">2024-03-18 13:35:58.680</Data>
    <Data Name="ProcessGuid">{bef5213c-71da-65e0-e402-0000ac0345b3}</Data>
    <Data Name="ProcessId">2572</Data>
    <Data Name="Image">C:\ProgramData\Microsoft\Windows Defender\Platform\4.18.2301.6-0\MsMpEng.exe</Data>
    <Data Name="User">NT AUTHORITY\SYSTEM</Data>
    <Data Name="TargetObject">HKLM\SOFTWARE\Microsoft\Windows Defender\Real-Time Protection\DisableRealtimeMonitoring</Data>
    <Data Name="Details">DWORD (0x00000000)</Data>
    
  </EventData>
</Event>
<Event xmlns="http://schemas.microsoft.com/win/2004/08/events/event">
  <System>
    <Provider Name="Microsoft-Windows-Sysmon" Guid="{5770385f-c22a-43e0-bf4c-06f5698ffbd9}"/>
    <EventID>13</EventID>
    <Version>2</Version>
    <Level>4</Level>
    <Task>13</Task>
    <Opcode>0</Opcode>
    <Keywords>0x8000000000000000</Keywords>
    <TimeCreated SystemTime="2024-03-18T13:36:40.4343706Z"/>
    <EventRecordID>789458</EventRecordID>
    <Correlation/>
    <Execution ProcessID="2904" ThreadID="2676"/>
    <Channel>Microsoft-Windows-Sysmon/Operational</Channel>
    <Computer>MAIL-FIN-01.meridianhcs.local</Computer>
    <Security UserID="S-1-5-18"/>
  </System>
  <EventData>
    
    <Data Name="RuleName">-</Data>
    <Data Name="EventType">SetValue</Data>
    <Data Name="UtcTime">2024-03-18 13:36:40.434</Data>
    <Data Name="ProcessGuid">{bef5213c-71dd-65e0-6100-0010b5a9956a}</Data>
    <Data Name="ProcessId">2608</Data>
    <Data Name="Image">C:\Windows\System32\dllhost.exe</Data>
    <Data Name="User">NT AUTHORITY\SYSTEM</Data>
    <Data Name="TargetObject">HKLM\SOFTWARE\Microsoft\Windows\CurrentVersion\Run\SecurityHealthSystray</Data>
    <Data Name="Details">C:\Windows\System32\SecurityHealthSystray.exe</Data>
    
  </EventData>
</Event>
<Event xmlns="http://schemas.microsoft.com/win/2004/08/events/event">
  <System>
    <Provider Name="Microsoft-Windows-Sysmon" Guid="{5770385f-c22a-43e0-bf4c-06f5698ffbd9}"/>
    <EventID>1</EventID>
    <Version>5</Version>
    <Level>4</Level>
    <Task>1</Task>
    <Opcode>0</Opcode>
    <Keywords>0x8000000000000000</Keywords>
    <TimeCreated SystemTime="2024-03-18T13:37:09.2073613Z"/>
    <EventRecordID>789461</EventRecordID>
    <Correlation/>
    <Execution ProcessID="2904" ThreadID="1436"/>
    <Channel>Microsoft-Windows-Sysmon/Operational</Channel>
    <Computer>MAIL-FIN-01.meridianhcs.local</Computer>
    <Security UserID="S-1-5-18"/>
  </System>
  <EventData>
    
    <Data Name="RuleName">-</Data>
    <Data Name="UtcTime">2024-03-18 13:37:09.207</Data>
    <Data Name="ProcessGuid">{bef5213c-4385-65f8-ab00-00102e206f8d}</Data>
    <Data Name="ProcessId">4112</Data>
    <Data Name="Image">C:\Windows\System32\svchost.exe</Data>
    <Data Name="FileVersion">10.0.20348.1</Data>
    <Data Name="Description">Host Process for Windows Services</Data>
    <Data Name="Product">Microsoft Windows Operating System</Data>
    <Data Name="Company">Microsoft Corporation</Data>
    <Data Name="OriginalFileName">svchost.exe</Data>
    <Data Name="CommandLine">svchost.exe -k netsvcs -p -s BITS</Data>
    <Data Name="CurrentDirectory">C:\Windows\System32\</Data>
    <Data Name="User">NT AUTHORITY\SYSTEM</Data>
    <Data Name="LogonGuid">{b413ee21-45f8-405f-8ae1-2fabb88fd197}</Data>
    <Data Name="LogonId">0x3e7</Data>
    <Data Name="TerminalSessionId">0</Data>
    <Data Name="IntegrityLevel">System</Data>
    <Data Name="Hashes">SHA1=5CE448FA905EE08A22B960503A5E06876992E092,MD5=A417C300E2BB7D055C6DFD9E80D04ED8,SHA256=7DA8E1E1E69684B8341E442E8629C6746359808E7B8E9A51BE070AD7866B2CB2,IMPHASH=F9EBF344F0DAE6163C276DAF3CFFA3D3</Data>
    <Data Name="ParentProcessGuid">{bef5213c-71c8-65e0-c302-0000ca3a5a71}</Data>
    <Data Name="ParentProcessId">2376</Data>
    <Data Name="ParentImage">C:\Windows\System32\services.exe</Data>
    <Data Name="ParentCommandLine">services.exe</Data>
    <Data Name="ParentUser">NT AUTHORITY\SYSTEM</Data>
    
  </EventData>
</Event>
<Event xmlns="http://schemas.microsoft.com/win/2004/08/events/event">
  <System>
    <Provider Name="Microsoft-Windows-Sysmon" Guid="{5770385f-c22a-43e0-bf4c-06f5698ffbd9}"/>
    <EventID>1</EventID>
    <Version>5</Version>
    <Level>4</Level>
    <Task>1</Task>
    <Opcode>0</Opcode>
    <Keywords>0x8000000000000000</Keywords>
    <TimeCreated SystemTime="2024-03-18T13:37:55.3363477Z"/>
    <EventRecordID>789465</EventRecordID>
    <Correlation/>
    <Execution ProcessID="2904" ThreadID="2676"/>
    <Channel>Microsoft-Windows-Sysmon/Operational</Channel>
    <Computer>MAIL-FIN-01.meridianhcs.local</Computer>
    <Security UserID="S-1-5-18"/>
  </System>
  <EventData>
    
    <Data Name="RuleName">-</Data>
    <Data Name="UtcTime">2024-03-18 13:37:55.336</Data>
    <Data Name="ProcessGuid">{bef5213c-43b3-65f8-be00-0000adf41dd6}</Data>
    <Data Name="ProcessId">4060</Data>
    <Data Name="Image">C:\Windows\System32\conhost.exe</Data>
    <Data Name="FileVersion">10.0.20348.1</Data>
    <Data Name="Description">Console Window Host</Data>
    <Data Name="Product">Microsoft Windows Operating System</Data>
    <Data Name="Company">Microsoft Corporation</Data>
    <Data Name="OriginalFileName">conhost.exe</Data>
    <Data Name="CommandLine">conhost.exe 0x4</Data>
    <Data Name="CurrentDirectory">C:\Windows\System32\</Data>
    <Data Name="User">NT AUTHORITY\SYSTEM</Data>
    <Data Name="LogonGuid">{b413ee21-45f8-405f-8ae1-2fabb88fd197}</Data>
    <Data Name="LogonId">0x3e7</Data>
    <Data Name="TerminalSessionId">0</Data>
    <Data Name="IntegrityLevel">System</Data>
    <Data Name="Hashes">SHA1=A21F01CD47C2566A531DDDA6295C5F2729AEB2DD,MD5=D5DD0A35623D416B52F2DF3E64573716,SHA256=AD5D2369D2F142C551BF783A7F30D5BD9DE38C580046305DEDBBE7CD844E1905,IMPHASH=259D1C1188D5A01EADD9B3F236B1C61A</Data>
    <Data Name="ParentProcessGuid">{bef5213c-71c4-65e0-1400-0000fd6fb77c}</Data>
    <Data Name="ParentProcessId">2352</Data>
    <Data Name="ParentImage">C:\Windows\System32\csrss.exe</Data>
    <Data Name="ParentCommandLine">csrss.exe</Data>
    <Data Name="ParentUser">NT AUTHORITY\SYSTEM</Data>
    
  </EventData>
</Event>
<Event xmlns="http://schemas.microsoft.com/win/2004/08/events/event">
  <System>
    <Provider Name="Microsoft-Windows-Sysmon" Guid="{5770385f-c22a-43e0-bf4c-06f5698ffbd9}"/>
    <EventID>5</EventID>
    <Version>3</Version>
    <Level>4</Level>
    <Task>5</Task>
    <Opcode>0</Opcode>
    <Keywords>0x8000000000000000</Keywords>
    <TimeCreated SystemTime="2024-03-18T13:37:57.1572709Z"/>
    <EventRecordID>789466</EventRecordID>
    <Correlation/>
    <Execution ProcessID="2904" ThreadID="2676"/>
    <Channel>Microsoft-Windows-Sysmon/Operational</Channel>
    <Computer>MAIL-FIN-01.meridianhcs.local</Computer>
    <Security UserID="S-1-5-18"/>
  </System>
  <EventData>
    
    <Data Name="RuleName">-</Data>
    <Data Name="UtcTime">2024-03-18 13:37:57.157</Data>
    <Data Name="ProcessGuid">{bef5213c-43b3-65f8-be00-0000adf41dd6}</Data>
    <Data Name="ProcessId">4060</Data>
    <Data Name="Image">C:\Windows\System32\conhost.exe</Data>
    <Data Name="User">NT AUTHORITY\SYSTEM</Data>
    
  </EventData>
</Event>
<Event xmlns="http://schemas.microsoft.com/win/2004/08/events/event">
  <System>
    <Provider Name="Microsoft-Windows-Sysmon" Guid="{5770385f-c22a-43e0-bf4c-06f5698ffbd9}"/>
    <EventID>22</EventID>
    <Version>5</Version>
    <Level>4</Level>
    <Task>22</Task>
    <Opcode>0</Opcode>
    <Keywords>0x8000000000000000</Keywords>
    <TimeCreated SystemTime="2024-03-18T13:38:07.2697634Z"/>
    <EventRecordID>789468</EventRecordID>
    <Correlation/>
    <Execution ProcessID="2904" ThreadID="4112"/>
    <Channel>Microsoft-Windows-Sysmon/Operational</Channel>
    <Computer>MAIL-FIN-01.meridianhcs.local</Computer>
    <Security UserID="S-1-5-18"/>
  </System>
  <EventData>
    
    <Data Name="RuleName">-</Data>
    <Data Name="UtcTime">2024-03-18 13:38:07.269</Data>
    <Data Name="ProcessGuid">{bef5213c-71d1-65e0-7f00-00109a675012}</Data>
    <Data Name="ProcessId">2460</Data>
    <Data Name="QueryName">10.2.10.10.in-addr.arpa</Data>
    <Data Name="QueryStatus">0</Data>
    <Data Name="QueryResults">DC-01.meridianhcs.local;</Data>
    <Data Name="Image">C:\Windows\System32\svchost.exe</Data>
    <Data Name="User">NT AUTHORITY\LOCAL SERVICE</Data>
    
  </EventData>
</Event>
<Event xmlns="http://schemas.microsoft.com/win/2004/08/events/event">
  <System>
    <Provider Name="Microsoft-Windows-Sysmon" Guid="{5770385f-c22a-43e0-bf4c-06f5698ffbd9}"/>
    <EventID>3</EventID>
    <Version>5</Version>
    <Level>4</Level>
    <Task>3</Task>
    <Opcode>0</Opcode>
    <Keywords>0x8000000000000000</Keywords>
    <TimeCreated SystemTime="2024-03-18T13:38:08.4640858Z"/>
    <EventRecordID>789469</EventRecordID>
    <Correlation/>
    <Execution ProcessID="2904" ThreadID="4112"/>
    <Channel>Microsoft-Windows-Sysmon/Operational</Channel>
    <Computer>MAIL-FIN-01.meridianhcs.local</Computer>
    <Security UserID="S-1-5-18"/>
  </System>
  <EventData>
    
    <Data Name="RuleName">-</Data>
    <Data Name="UtcTime">2024-03-18 13:38:08.464</Data>
    <Data Name="ProcessGuid">{bef5213c-71ca-65e0-1c00-0000639e9e7a}</Data>
    <Data Name="ProcessId">2384</Data>
    <Data Name="Image">C:\Windows\System32\lsass.exe</Data>
    <Data Name="User">NT AUTHORITY\SYSTEM</Data>
    <Data Name="Protocol">tcp</Data>
    <Data Name="Initiated">true</Data>
    <Data Name="SourceIsIpv6">false</Data>
    <Data Name="SourceIp">10.10.2.27</Data>
    <Data Name="SourceHostname">MAIL-FIN-01.meridianhcs.local</Data>
    <Data Name="SourcePort">53107</Data>
    <Data Name="SourcePortName">-</Data>
    <Data Name="DestinationIsIpv6">false</Data>
    <Data Name="DestinationIp">10.10.2.10</Data>
    <Data Name="DestinationHostname">DC-01.meridianhcs.local</Data>
    <Data Name="DestinationPort">389</Data>
    <Data Name="DestinationPortName">ldap</Data>
    
  </EventData>
</Event>
<Event xmlns="http://schemas.microsoft.com/win/2004/08/events/event">
  <System>
    <Provider Name="Microsoft-Windows-Sysmon" Guid="{5770385f-c22a-43e0-bf4c-06f5698ffbd9}"/>
    <EventID>13</EventID>
    <Version>2</Version>
    <Level>4</Level>
    <Task>13</Task>
    <Opcode>0</Opcode>
    <Keywords>0x8000000000000000</Keywords>
    <TimeCreated SystemTime="2024-03-18T13:39:01.0899088Z"/>
    <EventRecordID>789473</EventRecordID>
    <Correlation/>
    <Execution ProcessID="2904" ThreadID="4112"/>
    <Channel>Microsoft-Windows-Sysmon/Operational</Channel>
    <Computer>MAIL-FIN-01.meridianhcs.local</Computer>
    <Security UserID="S-1-5-18"/>
  </System>
  <EventData>
    
    <Data Name="RuleName">-</Data>
    <Data Name="EventType">SetValue</Data>
    <Data Name="UtcTime">2024-03-18 13:39:01.089</Data>
    <Data Name="ProcessGuid">{bef5213c-71dd-65e0-6100-0010b5a9956a}</Data>
    <Data Name="ProcessId">2608</Data>
    <Data Name="Image">C:\Windows\System32\dllhost.exe</Data>
    <Data Name="User">NT AUTHORITY\SYSTEM</Data>
    <Data Name="TargetObject">HKLM\SYSTEM\CurrentControlSet\Services\SharedAccess\Parameters\FirewallPolicy\StandardProfile\EnableFirewall</Data>
    <Data Name="Details">DWORD (0x00000001)</Data>
    
  </EventData>
</Event>
<Event xmlns="http://schemas.microsoft.com/win/2004/08/events/event">
  <System>
    <Provider Name="Microsoft-Windows-Sysmon" Guid="{5770385f-c22a-43e0-bf4c-06f5698ffbd9}"/>
    <EventID>3</EventID>
    <Version>5</Version>
    <Level>4</Level>
    <Task>3</Task>
    <Opcode>0</Opcode>
    <Keywords>0x8000000000000000</Keywords>
    <TimeCreated SystemTime="2024-03-18T13:39:54.7345059Z"/>
    <EventRecordID>789510</EventRecordID>
    <Correlation/>
    <Execution ProcessID="2904" ThreadID="4112"/>
    <Channel>Microsoft-Windows-Sysmon/Operational</Channel>
    <Computer>MAIL-FIN-01.meridianhcs.local</Computer>
    <Security UserID="S-1-5-18"/>
  </System>
  <EventData>
    
    <Data Name="RuleName">-</Data>
    <Data Name="UtcTime">2024-03-18 13:39:54.734</Data>
    <Data Name="ProcessGuid">{bef5213c-2943-65f8-b900-0010caff7abf}</Data>
    <Data Name="ProcessId">2896</Data>
    <Data Name="Image">C:\Program Files\Meridian\ServiceHealth\service-healthcheck.exe</Data>
    <Data Name="User">NT AUTHORITY\SYSTEM</Data>
    <Data Name="Protocol">tcp</Data>
    <Data Name="Initiated">true</Data>
    <Data Name="SourceIsIpv6">false</Data>
    <Data Name="SourceIp">10.10.2.27</Data>
    <Data Name="SourceHostname">MAIL-FIN-01.meridianhcs.local</Data>
    <Data Name="SourcePort">58311</Data>
    <Data Name="SourcePortName">-</Data>
    <Data Name="DestinationIsIpv6">false</Data>
    <Data Name="DestinationIp">10.10.3.20</Data>
    <Data Name="DestinationHostname">PROXY-01.meridianhcs.local</Data>
    <Data Name="DestinationPort">8080</Data>
    <Data Name="DestinationPortName">http-alt</Data>
    
  </EventData>
</Event>
<Event xmlns="http://schemas.microsoft.com/win/2004/08/events/event">
  <System>
    <Provider Name="Microsoft-Windows-Sysmon" Guid="{5770385f-c22a-43e0-bf4c-06f5698ffbd9}"/>
    <EventID>5</EventID>
    <Version>3</Version>
    <Level>4</Level>
    <Task>5</Task>
    <Opcode>0</Opcode>
    <Keywords>0x8000000000000000</Keywords>
    <TimeCreated SystemTime="2024-03-18T13:39:57.9581216Z"/>
    <EventRecordID>789541</EventRecordID>
    <Correlation/>
    <Execution ProcessID="2904" ThreadID="4580"/>
    <Channel>Microsoft-Windows-Sysmon/Operational</Channel>
    <Computer>MAIL-FIN-01.meridianhcs.local</Computer>
    <Security UserID="S-1-5-18"/>
  </System>
  <EventData>
    
    <Data Name="RuleName">-</Data>
    <Data Name="UtcTime">2024-03-18 13:39:57.958</Data>
    <Data Name="ProcessGuid">{bef5213c-307d-65f8-2600-0000b7bb5e38}</Data>
    <Data Name="ProcessId">3816</Data>
    <Data Name="Image">C:\Windows\System32\inetsrv\w3wp.exe</Data>
    <Data Name="User">NT AUTHORITY\SYSTEM</Data>
    
  </EventData>
</Event>
<Event xmlns="http://schemas.microsoft.com/win/2004/08/events/event">
  <System>
    <Provider Name="Microsoft-Windows-Sysmon" Guid="{5770385f-c22a-43e0-bf4c-06f5698ffbd9}"/>
    <EventID>7</EventID>
    <Version>3</Version>
    <Level>4</Level>
    <Task>7</Task>
    <Opcode>0</Opcode>
    <Keywords>0x8000000000000000</Keywords>
    <TimeCreated SystemTime="2024-03-18T13:40:00.2665300Z"/>
    <EventRecordID>789566</EventRecordID>
    <Correlation/>
    <Execution ProcessID="2904" ThreadID="1436"/>
    <Channel>Microsoft-Windows-Sysmon/Operational</Channel>
    <Computer>MAIL-FIN-01.meridianhcs.local</Computer>
    <Security UserID="S-1-5-18"/>
  </System>
  <EventData>
    
    <Data Name="RuleName">-</Data>
    <Data Name="UtcTime">2024-03-18 13:40:00.266</Data>
    <Data Name="ProcessGuid">{bef5213c-2bf5-65f8-ca00-0010a7c2be30}</Data>
    <Data Name="ProcessId">3204</Data>
    <Data Name="Image">C:\Windows\System32\taskhostw.exe</Data>
    <Data Name="ImageLoaded">C:\Program Files\Dell\SupportAssistAgent\bin\pcdrsysinfosoftware.p5x</Data>
    <Data Name="FileVersion">1.0.0.0</Data>
    <Data Name="Description">pcdrsysinfosoftware.p5x module</Data>
    <Data Name="Product">Dell Inc.</Data>
    <Data Name="Company">Dell Inc.</Data>
    <Data Name="OriginalFileName">pcdrsysinfosoftware.p5x</Data>
    <Data Name="Hashes">SHA1=DA2C7A7A281800947B5C71F4A92CE843B1DC50F2,MD5=D6EB67E7B79CE37086993703C1352704,SHA256=0DE9D6BA42DE73879DA0EAFD44873E30FCB362AF0AF13A34923E24513C239AD5,IMPHASH=EF39C50EF82A06742DB4608EF8AF9CBB</Data>
    <Data Name="Signed">true</Data>
    <Data Name="Signature">Dell Inc.</Data>
    <Data Name="SignatureStatus">Valid</Data>
    
  </EventData>
</Event>
<Event xmlns="http://schemas.microsoft.com/win/2004/08/events/event">
  <System>
    <Provider Name="Microsoft-Windows-Sysmon" Guid="{5770385f-c22a-43e0-bf4c-06f5698ffbd9}"/>
    <EventID>22</EventID>
    <Version>5</Version>
    <Level>4</Level>
    <Task>22</Task>
    <Opcode>0</Opcode>
    <Keywords>0x8000000000000000</Keywords>
    <TimeCreated SystemTime="2024-03-18T13:40:33.0678953Z"/>
    <EventRecordID>789569</EventRecordID>
    <Correlation/>
    <Execution ProcessID="2904" ThreadID="4112"/>
    <Channel>Microsoft-Windows-Sysmon/Operational</Channel>
    <Computer>MAIL-FIN-01.meridianhcs.local</Computer>
    <Security UserID="S-1-5-18"/>
  </System>
  <EventData>
    
    <Data Name="RuleName">-</Data>
    <Data Name="UtcTime">2024-03-18 13:40:33.067</Data>
    <Data Name="ProcessGuid">{bef5213c-71d1-65e0-7f00-00109a675012}</Data>
    <Data Name="ProcessId">2460</Data>
    <Data Name="QueryName">DC-01.meridianhcs.local</Data>
    <Data Name="QueryStatus">0</Data>
    <Data Name="QueryResults">10.10.2.10;</Data>
    <Data Name="Image">C:\Windows\System32\svchost.exe</Data>
    <Data Name="User">NT AUTHORITY\LOCAL SERVICE</Data>
    
  </EventData>
</Event>
<Event xmlns="http://schemas.microsoft.com/win/2004/08/events/event">
  <System>
    <Provider Name="Microsoft-Windows-Sysmon" Guid="{5770385f-c22a-43e0-bf4c-06f5698ffbd9}"/>
    <EventID>1</EventID>
    <Version>5</Version>
    <Level>4</Level>
    <Task>1</Task>
    <Opcode>0</Opcode>
    <Keywords>0x8000000000000000</Keywords>
    <TimeCreated SystemTime="2024-03-18T13:40:35.2227283Z"/>
    <EventRecordID>789570</EventRecordID>
    <Correlation/>
    <Execution ProcessID="2904" ThreadID="1436"/>
    <Channel>Microsoft-Windows-Sysmon/Operational</Channel>
    <Computer>MAIL-FIN-01.meridianhcs.local</Computer>
    <Security UserID="S-1-5-18"/>
  </System>
  <EventData>
    
    <Data Name="RuleName">-</Data>
    <Data Name="UtcTime">2024-03-18 13:40:35.222</Data>
    <Data Name="ProcessGuid">{bef5213c-4453-65f8-0002-0010a3b7e5b1}</Data>
    <Data Name="ProcessId">4124</Data>
    <Data Name="Image">C:\Windows\System32\wsqmcons.exe</Data>
    <Data Name="FileVersion">10.0.20348.1</Data>
    <Data Name="Description">Windows SQM Consolidator</Data>
    <Data Name="Product">Microsoft Windows Operating System</Data>
    <Data Name="Company">Microsoft Corporation</Data>
    <Data Name="OriginalFileName">wsqmcons.exe</Data>
    <Data Name="CommandLine">wsqmcons.exe</Data>
    <Data Name="CurrentDirectory">C:\Windows\System32\</Data>
    <Data Name="User">NT AUTHORITY\SYSTEM</Data>
    <Data Name="LogonGuid">{b413ee21-45f8-405f-8ae1-2fabb88fd197}</Data>
    <Data Name="LogonId">0x3e7</Data>
    <Data Name="TerminalSessionId">0</Data>
    <Data Name="IntegrityLevel">System</Data>
    <Data Name="Hashes">SHA1=6104A75C65DB07E6EE6706906D704A1338B653FE,MD5=489C55BAC89C8302A2923642E37CCDAC,SHA256=55155F8AFE96FB01851A1DFB6259B5176C3F6B5FCC3B60C8261A2F7B1F792A4D,IMPHASH=899A0BCAA8253EB42A3742DEA8E5B794</Data>
    <Data Name="ParentProcessGuid">{bef5213c-71cd-65e0-5f02-00001acb2045}</Data>
    <Data Name="ParentProcessId">2432</Data>
    <Data Name="ParentImage">C:\Windows\System32\svchost.exe</Data>
    <Data Name="ParentCommandLine">svchost.exe -k LocalSystem</Data>
    <Data Name="ParentUser">NT AUTHORITY\SYSTEM</Data>
    
  </EventData>
</Event>
<Event xmlns="http://schemas.microsoft.com/win/2004/08/events/event">
  <System>
    <Provider Name="Microsoft-Windows-Sysmon" Guid="{5770385f-c22a-43e0-bf4c-06f5698ffbd9}"/>
    <EventID>5</EventID>
    <Version>3</Version>
    <Level>4</Level>
    <Task>5</Task>
    <Opcode>0</Opcode>
    <Keywords>0x8000000000000000</Keywords>
    <TimeCreated SystemTime="2024-03-18T13:40:39.4767564Z"/>
    <EventRecordID>789571</EventRecordID>
    <Correlation/>
    <Execution ProcessID="2904" ThreadID="1436"/>
    <Channel>Microsoft-Windows-Sysmon/Operational</Channel>
    <Computer>MAIL-FIN-01.meridianhcs.local</Computer>
    <Security UserID="S-1-5-18"/>
  </System>
  <EventData>
    
    <Data Name="RuleName">-</Data>
    <Data Name="UtcTime">2024-03-18 13:40:39.476</Data>
    <Data Name="ProcessGuid">{bef5213c-4453-65f8-0002-0010a3b7e5b1}</Data>
    <Data Name="ProcessId">4124</Data>
    <Data Name="Image">C:\Windows\System32\wsqmcons.exe</Data>
    <Data Name="User">NT AUTHORITY\SYSTEM</Data>
    
  </EventData>
</Event>
<Event xmlns="http://schemas.microsoft.com/win/2004/08/events/event">
  <System>
    <Provider Name="Microsoft-Windows-Sysmon" Guid="{5770385f-c22a-43e0-bf4c-06f5698ffbd9}"/>
    <EventID>11</EventID>
    <Version>2</Version>
    <Level>4</Level>
    <Task>11</Task>
    <Opcode>0</Opcode>
    <Keywords>0x8000000000000000</Keywords>
    <TimeCreated SystemTime="2024-03-18T13:41:03.4210463Z"/>
    <EventRecordID>789574</EventRecordID>
    <Correlation/>
    <Execution ProcessID="2904" ThreadID="4112"/>
    <Channel>Microsoft-Windows-Sysmon/Operational</Channel>
    <Computer>MAIL-FIN-01.meridianhcs.local</Computer>
    <Security UserID="S-1-5-18"/>
  </System>
  <EventData>
    
    <Data Name="RuleName">-</Data>
    <Data Name="UtcTime">2024-03-18 13:41:03.421</Data>
    <Data Name="ProcessGuid">{bef5213c-71d7-65e0-6800-0000f381e6c1}</Data>
    <Data Name="ProcessId">2556</Data>
    <Data Name="Image">C:\Windows\System32\svchost.exe</Data>
    <Data Name="User">NT AUTHORITY\SYSTEM</Data>
    <Data Name="TargetFilename">C:\Windows\Temp\37141.tmp</Data>
    <Data Name="CreationUtcTime">2024-03-18 13:41:03.420</Data>
    
  </EventData>
</Event>
<Event xmlns="http://schemas.microsoft.com/win/2004/08/events/event">
  <System>
    <Provider Name="Microsoft-Windows-Sysmon" Guid="{5770385f-c22a-43e0-bf4c-06f5698ffbd9}"/>
    <EventID>10</EventID>
    <Version>3</Version>
    <Level>4</Level>
    <Task>10</Task>
    <Opcode>0</Opcode>
    <Keywords>0x8000000000000000</Keywords>
    <TimeCreated SystemTime="2024-03-18T13:42:45.5170466Z"/>
    <EventRecordID>789601</EventRecordID>
    <Correlation/>
    <Execution ProcessID="2904" ThreadID="4580"/>
    <Channel>Microsoft-Windows-Sysmon/Operational</Channel>
    <Computer>MAIL-FIN-01.meridianhcs.local</Computer>
    <Security UserID="S-1-5-18"/>
  </System>
  <EventData>
    
    <Data Name="RuleName">-</Data>
    <Data Name="UtcTime">2024-03-18 13:42:45.517</Data>
    <Data Name="SourceProcessGUID">{bef5213c-71c4-65e0-1400-0000fd6fb77c}</Data>
    <Data Name="SourceProcessId">2352</Data>
    <Data Name="SourceImage">C:\Windows\System32\csrss.exe</Data>
    <Data Name="SourceThreadId">3044</Data>
    <Data Name="SourceUser">NT AUTHORITY\SYSTEM</Data>
    <Data Name="TargetProcessGUID">{bef5213c-71cd-65e0-5f02-00001acb2045}</Data>
    <Data Name="TargetProcessId">2432</Data>
    <Data Name="TargetImage">C:\Windows\System32\svchost.exe</Data>
    <Data Name="TargetUser">NT AUTHORITY\SYSTEM</Data>
    <Data Name="GrantedAccess">0x1010</Data>
    <Data Name="CallTrace">C:\Windows\SYSTEM32\ntdll.dll+9C5ED</Data>
    
  </EventData>
</Event>
<Event xmlns="http://schemas.microsoft.com/win/2004/08/events/event">
  <System>
    <Provider Name="Microsoft-Windows-Sysmon" Guid="{5770385f-c22a-43e0-bf4c-06f5698ffbd9}"/>
    <EventID>8</EventID>
    <Version>2</Version>
    <Level>4</Level>
    <Task>8</Task>
    <Opcode>0</Opcode>
    <Keywords>0x8000000000000000</Keywords>
    <TimeCreated SystemTime="2024-03-18T13:42:45.5967534Z"/>
    <EventRecordID>789602</EventRecordID>
    <Correlation/>
    <Execution ProcessID="2904" ThreadID="4580"/>
    <Channel>Microsoft-Windows-Sysmon/Operational</Channel>
    <Computer>MAIL-FIN-01.meridianhcs.local</Computer>
    <Security UserID="S-1-5-18"/>
  </System>
  <EventData>
    
    <Data Name="RuleName">-</Data>
    <Data Name="UtcTime">2024-03-18 13:42:45.596</Data>
    <Data Name="SourceProcessGuid">{bef5213c-71c4-65e0-1400-0000fd6fb77c}</Data>
    <Data Name="SourceProcessId">2352</Data>
    <Data Name="SourceImage">C:\Windows\System32\csrss.exe</Data>
    <Data Name="TargetProcessGuid">{bef5213c-71cd-65e0-5f02-00001acb2045}</Data>
    <Data Name="TargetProcessId">2432</Data>
    <Data Name="TargetImage">C:\Windows\System32\svchost.exe</Data>
    <Data Name="NewThreadId">7052</Data>
    <Data Name="StartAddress">0x7FF6EDB11F80</Data>
    <Data Name="StartModule">C:\Windows\System32\winsrv.dll</Data>
    <Data Name="StartFunction">SrvCreateSystemThreads</Data>
    
  </EventData>
</Event>
<Event xmlns="http://schemas.microsoft.com/win/2004/08/events/event">
  <System>
    <Provider Name="Microsoft-Windows-Sysmon" Guid="{5770385f-c22a-43e0-bf4c-06f5698ffbd9}"/>
    <EventID>1</EventID>
    <Version>5</Version>
    <Level>4</Level>
    <Task>1</Task>
    <Opcode>0</Opcode>
    <Keywords>0x8000000000000000</Keywords>
    <TimeCreated SystemTime="2024-03-18T13:43:03.1563673Z"/>
    <EventRecordID>789604</EventRecordID>
    <Correlation/>
    <Execution ProcessID="2904" ThreadID="2676"/>
    <Channel>Microsoft-Windows-Sysmon/Operational</Channel>
    <Computer>MAIL-FIN-01.meridianhcs.local</Computer>
    <Security UserID="S-1-5-18"/>
  </System>
  <EventData>
    
    <Data Name="RuleName">-</Data>
    <Data Name="UtcTime">2024-03-18 13:43:03.156</Data>
    <Data Name="ProcessGuid">{bef5213c-44e7-65f8-9e02-00005aa904fd}</Data>
    <Data Name="ProcessId">4072</Data>
    <Data Name="Image">C:\Windows\System32\wbem\WmiPrvSE.exe</Data>
    <Data Name="FileVersion">10.0.20348.1</Data>
    <Data Name="Description">WMI Provider Host</Data>
    <Data Name="Product">Microsoft Windows Operating System</Data>
    <Data Name="Company">Microsoft Corporation</Data>
    <Data Name="OriginalFileName">WmiPrvSE.exe</Data>
    <Data Name="CommandLine">WmiPrvSE.exe -secured -Embedding</Data>
    <Data Name="CurrentDirectory">C:\Windows\System32\</Data>
    <Data Name="User">NT AUTHORITY\SYSTEM</Data>
    <Data Name="LogonGuid">{b413ee21-45f8-405f-8ae1-2fabb88fd197}</Data>
    <Data Name="LogonId">0x3e7</Data>
    <Data Name="TerminalSessionId">0</Data>
    <Data Name="IntegrityLevel">System</Data>
    <Data Name="Hashes">SHA1=A5E3AF2A96B47DDFB49DA94A8671FB987C1FE2BB,MD5=7D26B8B7840F97C88857B470C235D9FE,SHA256=1066389BE1D488A653647CC3A656AC18A6219B4DDAFF89A68A5F31BACF2E0B3F,IMPHASH=7315DF3EBAFC67944E00B47EC7B4744A</Data>
    <Data Name="ParentProcessGuid">{bef5213c-71cb-65e0-7802-0010b65b659a}</Data>
    <Data Name="ParentProcessId">2408</Data>
    <Data Name="ParentImage">C:\Windows\System32\svchost.exe</Data>
    <Data Name="ParentCommandLine">svchost.exe -k DcomLaunch</Data>
    <Data Name="ParentUser">NT AUTHORITY\SYSTEM</Data>
    
  </EventData>
</Event>
<Event xmlns="http://schemas.microsoft.com/win/2004/08/events/event">
  <System>
    <Provider Name="Microsoft-Windows-Sysmon" Guid="{5770385f-c22a-43e0-bf4c-06f5698ffbd9}"/>
    <EventID>11</EventID>
    <Version>2</Version>
    <Level>4</Level>
    <Task>11</Task>
    <Opcode>0</Opcode>
    <Keywords>0x8000000000000000</Keywords>
    <TimeCreated SystemTime="2024-03-18T13:43:50.2026961Z"/>
    <EventRecordID>789608</EventRecordID>
    <Correlation/>
    <Execution ProcessID="2904" ThreadID="4112"/>
    <Channel>Microsoft-Windows-Sysmon/Operational</Channel>
    <Computer>MAIL-FIN-01.meridianhcs.local</Computer>
    <Security UserID="S-1-5-18"/>
  </System>
  <EventData>
    
    <Data Name="RuleName">-</Data>
    <Data Name="UtcTime">2024-03-18 13:43:50.202</Data>
    <Data Name="ProcessGuid">{bef5213c-3550-65f8-f500-001078f9708a}</Data>
    <Data Name="ProcessId">3384</Data>
    <Data Name="Image">C:\Program Files\Meridian\ServiceHealth\service-healthcheck.exe</Data>
    <Data Name="User">NT AUTHORITY\SYSTEM</Data>
    <Data Name="TargetFilename">C:\ProgramData\Microsoft\Windows\WER\ReportQueue\74928\Report.wer</Data>
    <Data Name="CreationUtcTime">2024-03-18 13:43:50.202</Data>
    
  </EventData>
</Event>
<Event xmlns="http://schemas.microsoft.com/win/2004/08/events/event">
  <System>
    <Provider Name="Microsoft-Windows-Sysmon" Guid="{5770385f-c22a-43e0-bf4c-06f5698ffbd9}"/>
    <EventID>1</EventID>
    <Version>5</Version>
    <Level>4</Level>
    <Task>1</Task>
    <Opcode>0</Opcode>
    <Keywords>0x8000000000000000</Keywords>
    <TimeCreated SystemTime="2024-03-18T13:44:29.2642946Z"/>
    <EventRecordID>789611</EventRecordID>
    <Correlation/>
    <Execution ProcessID="2904" ThreadID="4112"/>
    <Channel>Microsoft-Windows-Sysmon/Operational</Channel>
    <Computer>MAIL-FIN-01.meridianhcs.local</Computer>
    <Security UserID="S-1-5-18"/>
  </System>
  <EventData>
    
    <Data Name="RuleName">-</Data>
    <Data Name="UtcTime">2024-03-18 13:44:29.264</Data>
    <Data Name="ProcessGuid">{bef5213c-453d-65f8-d902-0010eb9f04ec}</Data>
    <Data Name="ProcessId">4076</Data>
    <Data Name="Image">C:\Windows\System32\wbem\WmiPrvSE.exe</Data>
    <Data Name="FileVersion">10.0.20348.1</Data>
    <Data Name="Description">WMI Provider Host</Data>
    <Data Name="Product">Microsoft Windows Operating System</Data>
    <Data Name="Company">Microsoft Corporation</Data>
    <Data Name="OriginalFileName">WmiPrvSE.exe</Data>
    <Data Name="CommandLine">WmiPrvSE.exe -secured -Embedding</Data>
    <Data Name="CurrentDirectory">C:\Windows\System32\</Data>
    <Data Name="User">NT AUTHORITY\SYSTEM</Data>
    <Data Name="LogonGuid">{b413ee21-45f8-405f-8ae1-2fabb88fd197}</Data>
    <Data Name="LogonId">0x3e7</Data>
    <Data Name="TerminalSessionId">0</Data>
    <Data Name="IntegrityLevel">System</Data>
    <Data Name="Hashes">SHA1=A5E3AF2A96B47DDFB49DA94A8671FB987C1FE2BB,MD5=7D26B8B7840F97C88857B470C235D9FE,SHA256=1066389BE1D488A653647CC3A656AC18A6219B4DDAFF89A68A5F31BACF2E0B3F,IMPHASH=7315DF3EBAFC67944E00B47EC7B4744A</Data>
    <Data Name="ParentProcessGuid">{bef5213c-71cb-65e0-7802-0010b65b659a}</Data>
    <Data Name="ParentProcessId">2408</Data>
    <Data Name="ParentImage">C:\Windows\System32\svchost.exe</Data>
    <Data Name="ParentCommandLine">svchost.exe -k DcomLaunch</Data>
    <Data Name="ParentUser">NT AUTHORITY\SYSTEM</Data>
    
  </EventData>
</Event>
<Event xmlns="http://schemas.microsoft.com/win/2004/08/events/event">
  <System>
    <Provider Name="Microsoft-Windows-Sysmon" Guid="{5770385f-c22a-43e0-bf4c-06f5698ffbd9}"/>
    <EventID>13</EventID>
    <Version>2</Version>
    <Level>4</Level>
    <Task>13</Task>
    <Opcode>0</Opcode>
    <Keywords>0x8000000000000000</Keywords>
    <TimeCreated SystemTime="2024-03-18T13:45:22.1319185Z"/>
    <EventRecordID>789615</EventRecordID>
    <Correlation/>
    <Execution ProcessID="2904" ThreadID="2676"/>
    <Channel>Microsoft-Windows-Sysmon/Operational</Channel>
    <Computer>MAIL-FIN-01.meridianhcs.local</Computer>
    <Security UserID="S-1-5-18"/>
  </System>
  <EventData>
    
    <Data Name="RuleName">-</Data>
    <Data Name="EventType">SetValue</Data>
    <Data Name="UtcTime">2024-03-18 13:45:22.131</Data>
    <Data Name="ProcessGuid">{bef5213c-71e4-65e0-f502-0000b3367f4d}</Data>
    <Data Name="ProcessId">2660</Data>
    <Data Name="Image">C:\Windows\System32\msiexec.exe</Data>
    <Data Name="User">NT AUTHORITY\SYSTEM</Data>
    <Data Name="TargetObject">HKLM\SOFTWARE\Microsoft\Windows\CurrentVersion\Component Based Servicing\Packages\Microsoft-Windows-Client-Features~31bf3856ad364e35~amd64~~10.0.20348.14\CurrentState</Data>
    <Data Name="Details">DWORD (0x00000070)</Data>
    
  </EventData>
</Event>
<Event xmlns="http://schemas.microsoft.com/win/2004/08/events/event">
  <System>
    <Provider Name="Microsoft-Windows-Sysmon" Guid="{5770385f-c22a-43e0-bf4c-06f5698ffbd9}"/>
    <EventID>1</EventID>
    <Version>5</Version>
    <Level>4</Level>
    <Task>1</Task>
    <Opcode>0</Opcode>
    <Keywords>0x8000000000000000</Keywords>
    <TimeCreated SystemTime="2024-03-18T13:45:33.7949806Z"/>
    <EventRecordID>789617</EventRecordID>
    <Correlation/>
    <Execution ProcessID="2904" ThreadID="4580"/>
    <Channel>Microsoft-Windows-Sysmon/Operational</Channel>
    <Computer>MAIL-FIN-01.meridianhcs.local</Computer>
    <Security UserID="S-1-5-18"/>
  </System>
  <EventData>
    
    <Data Name="RuleName">-</Data>
    <Data Name="UtcTime">2024-03-18 13:45:33.794</Data>
    <Data Name="ProcessGuid">{bef5213c-457d-65f8-e300-0010ee8e1977}</Data>
    <Data Name="ProcessId">4148</Data>
    <Data Name="Image">C:\Windows\System32\taskhostw.exe</Data>
    <Data Name="FileVersion">10.0.20348.1</Data>
    <Data Name="Description">Host Process for Windows Tasks</Data>
    <Data Name="Product">Microsoft Windows Operating System</Data>
    <Data Name="Company">Microsoft Corporation</Data>
    <Data Name="OriginalFileName">taskhostw.exe</Data>
    <Data Name="CommandLine">taskhostw.exe</Data>
    <Data Name="CurrentDirectory">C:\Windows\System32\</Data>
    <Data Name="User">NT AUTHORITY\SYSTEM</Data>
    <Data Name="LogonGuid">{b413ee21-45f8-405f-8ae1-2fabb88fd197}</Data>
    <Data Name="LogonId">0x3e7</Data>
    <Data Name="TerminalSessionId">0</Data>
    <Data Name="IntegrityLevel">System</Data>
    <Data Name="Hashes">SHA1=8619AEABA32A5BF02C7A7FEA0D605D220CC764C3,MD5=61B2B0A2846502D2A87C115BFC6844F2,SHA256=8DD50FB44A96C9A062B4243044C25FAE85D88190CF1715DE6640D6D2C51098AC,IMPHASH=03BE90DC9D714E2211C4EA3429EA7C04</Data>
    <Data Name="ParentProcessGuid">{bef5213c-71cd-65e0-5f02-00001acb2045}</Data>
    <Data Name="ParentProcessId">2432</Data>
    <Data Name="ParentImage">C:\Windows\System32\svchost.exe</Data>
    <Data Name="ParentCommandLine">svchost.exe -k LocalSystem</Data>
    <Data Name="ParentUser">NT AUTHORITY\SYSTEM</Data>
    
  </EventData>
</Event>
<Event xmlns="http://schemas.microsoft.com/win/2004/08/events/event">
  <System>
    <Provider Name="Microsoft-Windows-Sysmon" Guid="{5770385f-c22a-43e0-bf4c-06f5698ffbd9}"/>
    <EventID>5</EventID>
    <Version>3</Version>
    <Level>4</Level>
    <Task>5</Task>
    <Opcode>0</Opcode>
    <Keywords>0x8000000000000000</Keywords>
    <TimeCreated SystemTime="2024-03-18T13:45:50.0211112Z"/>
    <EventRecordID>789648</EventRecordID>
    <Correlation/>
    <Execution ProcessID="2904" ThreadID="4580"/>
    <Channel>Microsoft-Windows-Sysmon/Operational</Channel>
    <Computer>MAIL-FIN-01.meridianhcs.local</Computer>
    <Security UserID="S-1-5-18"/>
  </System>
  <EventData>
    
    <Data Name="RuleName">-</Data>
    <Data Name="UtcTime">2024-03-18 13:45:50.021</Data>
    <Data Name="ProcessGuid">{bef5213c-2e86-65f8-bd00-0010e88e8029}</Data>
    <Data Name="ProcessId">3808</Data>
    <Data Name="Image">C:\Program Files\Microsoft\Exchange Server\V15\Bin\EdgeTransport.exe</Data>
    <Data Name="User">NT AUTHORITY\SYSTEM</Data>
    
  </EventData>
</Event>
