<Event xmlns="http://schemas.microsoft.com/win/2004/08/events/event">
  <System>
    <Provider Name="Microsoft-Windows-Sysmon" Guid="{5770385f-c22a-43e0-bf4c-06f5698ffbd9}"/>
    <EventID>1</EventID>
    <Version>5</Version>
    <Level>4</Level>
    <Task>1</Task>
    <Opcode>0</Opcode>
    <Keywords>0x8000000000000000</Keywords>
    <TimeCreated SystemTime="2024-03-18T13:51:54.1260458Z"/>
    <EventRecordID>30792</EventRecordID>
    <Correlation/>
    <Execution ProcessID="2716" ThreadID="3920"/>
    <Channel>Microsoft-Windows-Sysmon/Operational</Channel>
    <Computer>WS-AJOHNSON-01.meridianhcs.local</Computer>
    <Security UserID="S-1-5-18"/>
  </System>
  <EventData>
    
    <Data Name="RuleName">-</Data>
    <Data Name="UtcTime">2024-03-18 13:51:54.126</Data>
    <Data Name="ProcessGuid">{fd907e59-46fa-65f8-8102-00004a26b213}</Data>
    <Data Name="ProcessId">5808</Data>
    <Data Name="Image">C:\Program Files (x86)\Google\Update\GoogleUpdater.exe</Data>
    <Data Name="FileVersion">-</Data>
    <Data Name="Description">-</Data>
    <Data Name="Product">-</Data>
    <Data Name="Company">-</Data>
    <Data Name="OriginalFileName">-</Data>
    <Data Name="CommandLine">GoogleUpdater.exe -Embedding</Data>
    <Data Name="CurrentDirectory">C:\Windows\System32\</Data>
    <Data Name="User">NT AUTHORITY\SYSTEM</Data>
    <Data Name="LogonGuid">{00000000-0000-0000-0000-000000000000}</Data>
    <Data Name="LogonId">0x3e7</Data>
    <Data Name="TerminalSessionId">0</Data>
    <Data Name="IntegrityLevel">System</Data>
    <Data Name="Hashes">SHA1=24AF88C7C0D70B182A7348C2DAF4F251A90A132E,MD5=2513FBBCCCB4592862E55F73BAAF7A59,SHA256=F616F8B514853E182CDEEC6D1CE4D81C08452FD3172CA216FA75E894DFF25663,IMPHASH=AAD04978F326086CD7E71FF70766AFC0</Data>
    <Data Name="ParentProcessGuid">{fd907e59-3843-65f4-0f00-00107034dbbb}</Data>
    <Data Name="ParentProcessId">4284</Data>
    <Data Name="ParentImage">C:\Windows\System32\services.exe</Data>
    <Data Name="ParentCommandLine">services.exe</Data>
    <Data Name="ParentUser">NT AUTHORITY\SYSTEM</Data>
    
  </EventData>
</Event>
<Event xmlns="http://schemas.microsoft.com/win/2004/08/events/event">
  <System>
    <Provider Name="Microsoft-Windows-Sysmon" Guid="{5770385f-c22a-43e0-bf4c-06f5698ffbd9}"/>
    <EventID>3</EventID>
    <Version>5</Version>
    <Level>4</Level>
    <Task>3</Task>
    <Opcode>0</Opcode>
    <Keywords>0x8000000000000000</Keywords>
    <TimeCreated SystemTime="2024-03-18T13:51:58.9795769Z"/>
    <EventRecordID>30793</EventRecordID>
    <Correlation/>
    <Execution ProcessID="2716" ThreadID="4236"/>
    <Channel>Microsoft-Windows-Sysmon/Operational</Channel>
    <Computer>WS-AJOHNSON-01.meridianhcs.local</Computer>
    <Security UserID="S-1-5-18"/>
  </System>
  <EventData>
    
    <Data Name="RuleName">-</Data>
    <Data Name="UtcTime">2024-03-18 13:51:58.979</Data>
    <Data Name="ProcessGuid">{fd907e59-4325-65f8-2c02-00000cc659aa}</Data>
    <Data Name="ProcessId">5692</Data>
    <Data Name="Image">C:\Program Files\Mozilla Firefox\firefox.exe</Data>
    <Data Name="User">MERIDIANHCS\aisha.johnson</Data>
    <Data Name="Protocol">tcp</Data>
    <Data Name="Initiated">true</Data>
    <Data Name="SourceIsIpv6">false</Data>
    <Data Name="SourceIp">10.10.1.35</Data>
    <Data Name="SourceHostname">WS-AJOHNSON-01.meridianhcs.local</Data>
    <Data Name="SourcePort">60917</Data>
    <Data Name="SourcePortName">-</Data>
    <Data Name="DestinationIsIpv6">false</Data>
    <Data Name="DestinationIp">10.10.3.20</Data>
    <Data Name="DestinationHostname">PROXY-01.meridianhcs.local</Data>
    <Data Name="DestinationPort">8080</Data>
    <Data Name="DestinationPortName">http-alt</Data>
    
  </EventData>
</Event>
<Event xmlns="http://schemas.microsoft.com/win/2004/08/events/event">
  <System>
    <Provider Name="Microsoft-Windows-Sysmon" Guid="{5770385f-c22a-43e0-bf4c-06f5698ffbd9}"/>
    <EventID>22</EventID>
    <Version>5</Version>
    <Level>4</Level>
    <Task>22</Task>
    <Opcode>0</Opcode>
    <Keywords>0x8000000000000000</Keywords>
    <TimeCreated SystemTime="2024-03-18T13:52:02.5157090Z"/>
    <EventRecordID>30795</EventRecordID>
    <Correlation/>
    <Execution ProcessID="2716" ThreadID="3920"/>
    <Channel>Microsoft-Windows-Sysmon/Operational</Channel>
    <Computer>WS-AJOHNSON-01.meridianhcs.local</Computer>
    <Security UserID="S-1-5-18"/>
  </System>
  <EventData>
    
    <Data Name="RuleName">-</Data>
    <Data Name="UtcTime">2024-03-18 13:52:02.515</Data>
    <Data Name="ProcessGuid">{fd907e59-46ec-65f8-d600-0000928a04d6}</Data>
    <Data Name="ProcessId">6048</Data>
    <Data Name="QueryName">MAIL-CLIN-01.meridianhcs.local</Data>
    <Data Name="QueryStatus">0</Data>
    <Data Name="QueryResults">10.10.2.26;</Data>
    <Data Name="Image">C:\Windows\System32\OpenSSH\ssh.exe</Data>
    <Data Name="User">MERIDIANHCS\aisha.johnson</Data>
    
  </EventData>
</Event>
<Event xmlns="http://schemas.microsoft.com/win/2004/08/events/event">
  <System>
    <Provider Name="Microsoft-Windows-Sysmon" Guid="{5770385f-c22a-43e0-bf4c-06f5698ffbd9}"/>
    <EventID>3</EventID>
    <Version>5</Version>
    <Level>4</Level>
    <Task>3</Task>
    <Opcode>0</Opcode>
    <Keywords>0x8000000000000000</Keywords>
    <TimeCreated SystemTime="2024-03-18T13:52:04.5656360Z"/>
    <EventRecordID>30796</EventRecordID>
    <Correlation/>
    <Execution ProcessID="2716" ThreadID="3920"/>
    <Channel>Microsoft-Windows-Sysmon/Operational</Channel>
    <Computer>WS-AJOHNSON-01.meridianhcs.local</Computer>
    <Security UserID="S-1-5-18"/>
  </System>
  <EventData>
    
    <Data Name="RuleName">-</Data>
    <Data Name="UtcTime">2024-03-18 13:52:04.565</Data>
    <Data Name="ProcessGuid">{fd907e59-46ec-65f8-d600-0000928a04d6}</Data>
    <Data Name="ProcessId">6048</Data>
    <Data Name="Image">C:\Windows\System32\OpenSSH\ssh.exe</Data>
    <Data Name="User">MERIDIANHCS\aisha.johnson</Data>
    <Data Name="Protocol">tcp</Data>
    <Data Name="Initiated">true</Data>
    <Data Name="SourceIsIpv6">false</Data>
    <Data Name="SourceIp">10.10.1.35</Data>
    <Data Name="SourceHostname">WS-AJOHNSON-01.meridianhcs.local</Data>
    <Data Name="SourcePort">57004</Data>
    <Data Name="SourcePortName">-</Data>
    <Data Name="DestinationIsIpv6">false</Data>
    <Data Name="DestinationIp">10.10.2.26</Data>
    <Data Name="DestinationHostname">MAIL-CLIN-01.meridianhcs.local</Data>
    <Data Name="DestinationPort">22</Data>
    <Data Name="DestinationPortName">ssh</Data>
    
  </EventData>
</Event>
<Event xmlns="http://schemas.microsoft.com/win/2004/08/events/event">
  <System>
    <Provider Name="Microsoft-Windows-Sysmon" Guid="{5770385f-c22a-43e0-bf4c-06f5698ffbd9}"/>
    <EventID>3</EventID>
    <Version>5</Version>
    <Level>4</Level>
    <Task>3</Task>
    <Opcode>0</Opcode>
    <Keywords>0x8000000000000000</Keywords>
    <TimeCreated SystemTime="2024-03-18T13:52:21.9472858Z"/>
    <EventRecordID>30798</EventRecordID>
    <Correlation/>
    <Execution ProcessID="2716" ThreadID="3920"/>
    <Channel>Microsoft-Windows-Sysmon/Operational</Channel>
    <Computer>WS-AJOHNSON-01.meridianhcs.local</Computer>
    <Security UserID="S-1-5-18"/>
  </System>
  <EventData>
    
    <Data Name="RuleName">-</Data>
    <Data Name="UtcTime">2024-03-18 13:52:21.947</Data>
    <Data Name="ProcessGuid">{fd907e59-4325-65f8-2c02-00000cc659aa}</Data>
    <Data Name="ProcessId">5692</Data>
    <Data Name="Image">C:\Program Files\Mozilla Firefox\firefox.exe</Data>
    <Data Name="User">MERIDIANHCS\aisha.johnson</Data>
    <Data Name="Protocol">tcp</Data>
    <Data Name="Initiated">true</Data>
    <Data Name="SourceIsIpv6">false</Data>
    <Data Name="SourceIp">10.10.1.35</Data>
    <Data Name="SourceHostname">WS-AJOHNSON-01.meridianhcs.local</Data>
    <Data Name="SourcePort">61316</Data>
    <Data Name="SourcePortName">-</Data>
    <Data Name="DestinationIsIpv6">false</Data>
    <Data Name="DestinationIp">10.10.3.20</Data>
    <Data Name="DestinationHostname">PROXY-01.meridianhcs.local</Data>
    <Data Name="DestinationPort">8080</Data>
    <Data Name="DestinationPortName">http-alt</Data>
    
  </EventData>
</Event>
<Event xmlns="http://schemas.microsoft.com/win/2004/08/events/event">
  <System>
    <Provider Name="Microsoft-Windows-Sysmon" Guid="{5770385f-c22a-43e0-bf4c-06f5698ffbd9}"/>
    <EventID>3</EventID>
    <Version>5</Version>
    <Level>4</Level>
    <Task>3</Task>
    <Opcode>0</Opcode>
    <Keywords>0x8000000000000000</Keywords>
    <TimeCreated SystemTime="2024-03-18T13:53:11.7926269Z"/>
    <EventRecordID>30800</EventRecordID>
    <Correlation/>
    <Execution ProcessID="2716" ThreadID="4236"/>
    <Channel>Microsoft-Windows-Sysmon/Operational</Channel>
    <Computer>WS-AJOHNSON-01.meridianhcs.local</Computer>
    <Security UserID="S-1-5-18"/>
  </System>
  <EventData>
    
    <Data Name="RuleName">-</Data>
    <Data Name="UtcTime">2024-03-18 13:53:11.792</Data>
    <Data Name="ProcessGuid">{fd907e59-4325-65f8-2c02-00000cc659aa}</Data>
    <Data Name="ProcessId">5692</Data>
    <Data Name="Image">C:\Program Files\Mozilla Firefox\firefox.exe</Data>
    <Data Name="User">MERIDIANHCS\aisha.johnson</Data>
    <Data Name="Protocol">tcp</Data>
    <Data Name="Initiated">true</Data>
    <Data Name="SourceIsIpv6">false</Data>
    <Data Name="SourceIp">10.10.1.35</Data>
    <Data Name="SourceHostname">WS-AJOHNSON-01.meridianhcs.local</Data>
    <Data Name="SourcePort">50733</Data>
    <Data Name="SourcePortName">-</Data>
    <Data Name="DestinationIsIpv6">false</Data>
    <Data Name="DestinationIp">10.10.3.20</Data>
    <Data Name="DestinationHostname">PROXY-01.meridianhcs.local</Data>
    <Data Name="DestinationPort">8080</Data>
    <Data Name="DestinationPortName">http-alt</Data>
    
  </EventData>
</Event>
<Event xmlns="http://schemas.microsoft.com/win/2004/08/events/event">
  <System>
    <Provider Name="Microsoft-Windows-Sysmon" Guid="{5770385f-c22a-43e0-bf4c-06f5698ffbd9}"/>
    <EventID>22</EventID>
    <Version>5</Version>
    <Level>4</Level>
    <Task>22</Task>
    <Opcode>0</Opcode>
    <Keywords>0x8000000000000000</Keywords>
    <TimeCreated SystemTime="2024-03-18T13:55:29.4531340Z"/>
    <EventRecordID>30807</EventRecordID>
    <Correlation/>
    <Execution ProcessID="2716" ThreadID="3920"/>
    <Channel>Microsoft-Windows-Sysmon/Operational</Channel>
    <Computer>WS-AJOHNSON-01.meridianhcs.local</Computer>
    <Security UserID="S-1-5-18"/>
  </System>
  <EventData>
    
    <Data Name="RuleName">-</Data>
    <Data Name="UtcTime">2024-03-18 13:55:29.453</Data>
    <Data Name="ProcessGuid">{fd907e59-3849-65f4-3a00-0010b7a7855c}</Data>
    <Data Name="ProcessId">4528</Data>
    <Data Name="QueryName">DC-01.meridianhcs.local</Data>
    <Data Name="QueryStatus">0</Data>
    <Data Name="QueryResults">10.10.2.10;</Data>
    <Data Name="Image">C:\Windows\System32\svchost.exe</Data>
    <Data Name="User">NT AUTHORITY\LOCAL SERVICE</Data>
    
  </EventData>
</Event>
<Event xmlns="http://schemas.microsoft.com/win/2004/08/events/event">
  <System>
    <Provider Name="Microsoft-Windows-Sysmon" Guid="{5770385f-c22a-43e0-bf4c-06f5698ffbd9}"/>
    <EventID>5</EventID>
    <Version>3</Version>
    <Level>4</Level>
    <Task>5</Task>
    <Opcode>0</Opcode>
    <Keywords>0x8000000000000000</Keywords>
    <TimeCreated SystemTime="2024-03-18T13:56:24.7052015Z"/>
    <EventRecordID>30810</EventRecordID>
    <Correlation/>
    <Execution ProcessID="2716" ThreadID="3920"/>
    <Channel>Microsoft-Windows-Sysmon/Operational</Channel>
    <Computer>WS-AJOHNSON-01.meridianhcs.local</Computer>
    <Security UserID="S-1-5-18"/>
  </System>
  <EventData>
    
    <Data Name="RuleName">-</Data>
    <Data Name="UtcTime">2024-03-18 13:56:24.705</Data>
    <Data Name="ProcessGuid">{fd907e59-42a7-65f8-5500-0000d654c5b6}</Data>
    <Data Name="ProcessId">6076</Data>
    <Data Name="Image">C:\Windows\System32\OpenSSH\ssh.exe</Data>
    <Data Name="User">MERIDIANHCS\aisha.johnson</Data>
    
  </EventData>
</Event>
<Event xmlns="http://schemas.microsoft.com/win/2004/08/events/event">
  <System>
    <Provider Name="Microsoft-Windows-Sysmon" Guid="{5770385f-c22a-43e0-bf4c-06f5698ffbd9}"/>
    <EventID>10</EventID>
    <Version>3</Version>
    <Level>4</Level>
    <Task>10</Task>
    <Opcode>0</Opcode>
    <Keywords>0x8000000000000000</Keywords>
    <TimeCreated SystemTime="2024-03-18T13:56:44.6562015Z"/>
    <EventRecordID>30813</EventRecordID>
    <Correlation/>
    <Execution ProcessID="2716" ThreadID="4036"/>
    <Channel>Microsoft-Windows-Sysmon/Operational</Channel>
    <Computer>WS-AJOHNSON-01.meridianhcs.local</Computer>
    <Security UserID="S-1-5-18"/>
  </System>
  <EventData>
    
    <Data Name="RuleName">-</Data>
    <Data Name="UtcTime">2024-03-18 13:56:44.656</Data>
    <Data Name="SourceProcessGUID">{fd907e59-384f-65f4-7802-0000c3ac2015}</Data>
    <Data Name="SourceProcessId">4600</Data>
    <Data Name="SourceThreadId">14732</Data>
    <Data Name="SourceImage">C:\ProgramData\Microsoft\Windows Defender\Platform\4.18.2301.6-0\MsMpEng.exe</Data>
    <Data Name="TargetProcessGUID">{fd907e59-3846-65f4-4b02-00100994a9c2}</Data>
    <Data Name="TargetProcessId">4500</Data>
    <Data Name="TargetImage">C:\Windows\System32\svchost.exe</Data>
    <Data Name="GrantedAccess">0x1410</Data>
    <Data Name="CallTrace">C:\Windows\SYSTEM32\ntdll.dll+9E68C|C:\Windows\SYSTEM32\KERNELBASE.dll+2D360|C:\Windows\SYSTEM32\advapi32.dll+4CFA5</Data>
    <Data Name="SourceUser">NT AUTHORITY\SYSTEM</Data>
    <Data Name="TargetUser">NT AUTHORITY\NETWORK SERVICE</Data>
    
  </EventData>
</Event>
<Event xmlns="http://schemas.microsoft.com/win/2004/08/events/event">
  <System>
    <Provider Name="Microsoft-Windows-Sysmon" Guid="{5770385f-c22a-43e0-bf4c-06f5698ffbd9}"/>
    <EventID>10</EventID>
    <Version>3</Version>
    <Level>4</Level>
    <Task>10</Task>
    <Opcode>0</Opcode>
    <Keywords>0x8000000000000000</Keywords>
    <TimeCreated SystemTime="2024-03-18T13:58:20.2441934Z"/>
    <EventRecordID>30818</EventRecordID>
    <Correlation/>
    <Execution ProcessID="2716" ThreadID="4036"/>
    <Channel>Microsoft-Windows-Sysmon/Operational</Channel>
    <Computer>WS-AJOHNSON-01.meridianhcs.local</Computer>
    <Security UserID="S-1-5-18"/>
  </System>
  <EventData>
    
    <Data Name="RuleName">-</Data>
    <Data Name="UtcTime">2024-03-18 13:58:20.244</Data>
    <Data Name="SourceProcessGUID">{fd907e59-3851-65f4-e700-000020c23557}</Data>
    <Data Name="SourceProcessId">4664</Data>
    <Data Name="SourceThreadId">14864</Data>
    <Data Name="SourceImage">C:\Windows\System32\dllhost.exe</Data>
    <Data Name="TargetProcessGUID">{fd907e59-385c-65f4-8200-0000ff37dee1}</Data>
    <Data Name="TargetProcessId">4784</Data>
    <Data Name="TargetImage">C:\Windows\explorer.exe</Data>
    <Data Name="GrantedAccess">0x1000</Data>
    <Data Name="CallTrace">C:\Windows\SYSTEM32\ntdll.dll+9E147</Data>
    <Data Name="SourceUser">NT AUTHORITY\SYSTEM</Data>
    <Data Name="TargetUser">MERIDIANHCS\aisha.johnson</Data>
    
  </EventData>
</Event>
<Event xmlns="http://schemas.microsoft.com/win/2004/08/events/event">
  <System>
    <Provider Name="Microsoft-Windows-Sysmon" Guid="{5770385f-c22a-43e0-bf4c-06f5698ffbd9}"/>
    <EventID>5</EventID>
    <Version>3</Version>
    <Level>4</Level>
    <Task>5</Task>
    <Opcode>0</Opcode>
    <Keywords>0x8000000000000000</Keywords>
    <TimeCreated SystemTime="2024-03-18T14:00:45.5071248Z"/>
    <EventRecordID>30823</EventRecordID>
    <Correlation/>
    <Execution ProcessID="2716" ThreadID="4236"/>
    <Channel>Microsoft-Windows-Sysmon/Operational</Channel>
    <Computer>WS-AJOHNSON-01.meridianhcs.local</Computer>
    <Security UserID="S-1-5-18"/>
  </System>
  <EventData>
    
    <Data Name="RuleName">-</Data>
    <Data Name="UtcTime">2024-03-18 14:00:45.507</Data>
    <Data Name="ProcessGuid">{fd907e59-3d4e-65f8-e602-00000fdbe8a3}</Data>
    <Data Name="ProcessId">5956</Data>
    <Data Name="Image">C:\Windows\System32\OpenSSH\ssh.exe</Data>
    <Data Name="User">MERIDIANHCS\aisha.johnson</Data>
    
  </EventData>
</Event>
<Event xmlns="http://schemas.microsoft.com/win/2004/08/events/event">
  <System>
    <Provider Name="Microsoft-Windows-Sysmon" Guid="{5770385f-c22a-43e0-bf4c-06f5698ffbd9}"/>
    <EventID>5</EventID>
    <Version>3</Version>
    <Level>4</Level>
    <Task>5</Task>
    <Opcode>0</Opcode>
    <Keywords>0x8000000000000000</Keywords>
    <TimeCreated SystemTime="2024-03-18T14:00:59.9408788Z"/>
    <EventRecordID>30824</EventRecordID>
    <Correlation/>
    <Execution ProcessID="2716" ThreadID="3684"/>
    <Channel>Microsoft-Windows-Sysmon/Operational</Channel>
    <Computer>WS-AJOHNSON-01.meridianhcs.local</Computer>
    <Security UserID="S-1-5-18"/>
  </System>
  <EventData>
    
    <Data Name="RuleName">-</Data>
    <Data Name="UtcTime">2024-03-18 14:00:59.940</Data>
    <Data Name="ProcessGuid">{fd907e59-4451-65f8-8600-00104788a882}</Data>
    <Data Name="ProcessId">5976</Data>
    <Data Name="Image">C:\Windows\System32\OpenSSH\ssh.exe</Data>
    <Data Name="User">MERIDIANHCS\aisha.johnson</Data>
    
  </EventData>
</Event>
<Event xmlns="http://schemas.microsoft.com/win/2004/08/events/event">
  <System>
    <Provider Name="Microsoft-Windows-Sysmon" Guid="{5770385f-c22a-43e0-bf4c-06f5698ffbd9}"/>
    <EventID>5</EventID>
    <Version>3</Version>
    <Level>4</Level>
    <Task>5</Task>
    <Opcode>0</Opcode>
    <Keywords>0x8000000000000000</Keywords>
    <TimeCreated SystemTime="2024-03-18T14:01:21.4465873Z"/>
    <EventRecordID>30826</EventRecordID>
    <Correlation/>
    <Execution ProcessID="2716" ThreadID="3920"/>
    <Channel>Microsoft-Windows-Sysmon/Operational</Channel>
    <Computer>WS-AJOHNSON-01.meridianhcs.local</Computer>
    <Security UserID="S-1-5-18"/>
  </System>
  <EventData>
    
    <Data Name="RuleName">-</Data>
    <Data Name="UtcTime">2024-03-18 14:01:21.446</Data>
    <Data Name="ProcessGuid">{fd907e59-4000-65f8-2800-0010cfc16dff}</Data>
    <Data Name="ProcessId">5964</Data>
    <Data Name="Image">C:\Windows\System32\OpenSSH\ssh.exe</Data>
    <Data Name="User">MERIDIANHCS\aisha.johnson</Data>
    
  </EventData>
</Event>
<Event xmlns="http://schemas.microsoft.com/win/2004/08/events/event">
  <System>
    <Provider Name="Microsoft-Windows-Sysmon" Guid="{5770385f-c22a-43e0-bf4c-06f5698ffbd9}"/>
    <EventID>1</EventID>
    <Version>5</Version>
    <Level>4</Level>
    <Task>1</Task>
    <Opcode>0</Opcode>
    <Keywords>0x8000000000000000</Keywords>
    <TimeCreated SystemTime="2024-03-18T14:01:51.1339794Z"/>
    <EventRecordID>30832</EventRecordID>
    <Correlation/>
    <Execution ProcessID="2716" ThreadID="3920"/>
    <Channel>Microsoft-Windows-Sysmon/Operational</Channel>
    <Computer>WS-AJOHNSON-01.meridianhcs.local</Computer>
    <Security UserID="S-1-5-18"/>
  </System>
  <EventData>
    
    <Data Name="RuleName">-</Data>
    <Data Name="UtcTime">2024-03-18 14:01:51.133</Data>
    <Data Name="ProcessGuid">{fd907e59-494f-65f8-1a00-001053d06e97}</Data>
    <Data Name="ProcessId">6212</Data>
    <Data Name="Image">C:\Windows\System32\WindowsPowerShell\v1.0\powershell.exe</Data>
    <Data Name="FileVersion">10.0.19041.1</Data>
    <Data Name="Description">Windows PowerShell</Data>
    <Data Name="Product">Microsoft Windows Operating System</Data>
    <Data Name="Company">Microsoft Corporation</Data>
    <Data Name="OriginalFileName">PowerShell.EXE</Data>
    <Data Name="CommandLine">powershell.exe -NoProfile -ExecutionPolicy Bypass -File C:\Scripts\service-health.ps1</Data>
    <Data Name="CurrentDirectory">C:\Windows\System32\</Data>
    <Data Name="User">NT AUTHORITY\SYSTEM</Data>
    <Data Name="LogonGuid">{00000000-0000-0000-0000-000000000000}</Data>
    <Data Name="LogonId">0x3e7</Data>
    <Data Name="TerminalSessionId">0</Data>
    <Data Name="IntegrityLevel">System</Data>
    <Data Name="Hashes">SHA1=AA5C0981E3C11BE782DEAAD56696E2F3E852E18B,MD5=4D33DC7E8B4834AA9E902021AC16637F,SHA256=875E2C2BE61EC1C151E409396E11BD6D9E58DBAF7466BD0190747B243D9E54A7,IMPHASH=2521D16C640A8A54697B19668CB35A35</Data>
    <Data Name="ParentProcessGuid">{fd907e59-3843-65f4-0f00-00107034dbbb}</Data>
    <Data Name="ParentProcessId">4284</Data>
    <Data Name="ParentImage">C:\Windows\System32\services.exe</Data>
    <Data Name="ParentCommandLine">services.exe</Data>
    <Data Name="ParentUser">NT AUTHORITY\SYSTEM</Data>
    
  </EventData>
</Event>
<Event xmlns="http://schemas.microsoft.com/win/2004/08/events/event">
  <System>
    <Provider Name="Microsoft-Windows-Sysmon" Guid="{5770385f-c22a-43e0-bf4c-06f5698ffbd9}"/>
    <EventID>3</EventID>
    <Version>5</Version>
    <Level>4</Level>
    <Task>3</Task>
    <Opcode>0</Opcode>
    <Keywords>0x8000000000000000</Keywords>
    <TimeCreated SystemTime="2024-03-18T14:02:16.7372380Z"/>
    <EventRecordID>30834</EventRecordID>
    <Correlation/>
    <Execution ProcessID="2716" ThreadID="4236"/>
    <Channel>Microsoft-Windows-Sysmon/Operational</Channel>
    <Computer>WS-AJOHNSON-01.meridianhcs.local</Computer>
    <Security UserID="S-1-5-18"/>
  </System>
  <EventData>
    
    <Data Name="RuleName">-</Data>
    <Data Name="UtcTime">2024-03-18 14:02:16.737</Data>
    <Data Name="ProcessGuid">{fd907e59-4325-65f8-2c02-00000cc659aa}</Data>
    <Data Name="ProcessId">5692</Data>
    <Data Name="Image">C:\Program Files\Mozilla Firefox\firefox.exe</Data>
    <Data Name="User">MERIDIANHCS\aisha.johnson</Data>
    <Data Name="Protocol">tcp</Data>
    <Data Name="Initiated">true</Data>
    <Data Name="SourceIsIpv6">false</Data>
    <Data Name="SourceIp">10.10.1.35</Data>
    <Data Name="SourceHostname">WS-AJOHNSON-01.meridianhcs.local</Data>
    <Data Name="SourcePort">52783</Data>
    <Data Name="SourcePortName">-</Data>
    <Data Name="DestinationIsIpv6">false</Data>
    <Data Name="DestinationIp">10.10.3.20</Data>
    <Data Name="DestinationHostname">PROXY-01.meridianhcs.local</Data>
    <Data Name="DestinationPort">8080</Data>
    <Data Name="DestinationPortName">http-alt</Data>
    
  </EventData>
</Event>
<Event xmlns="http://schemas.microsoft.com/win/2004/08/events/event">
  <System>
    <Provider Name="Microsoft-Windows-Sysmon" Guid="{5770385f-c22a-43e0-bf4c-06f5698ffbd9}"/>
    <EventID>5</EventID>
    <Version>3</Version>
    <Level>4</Level>
    <Task>5</Task>
    <Opcode>0</Opcode>
    <Keywords>0x8000000000000000</Keywords>
    <TimeCreated SystemTime="2024-03-18T14:02:46.3240993Z"/>
    <EventRecordID>30836</EventRecordID>
    <Correlation/>
    <Execution ProcessID="2716" ThreadID="3920"/>
    <Channel>Microsoft-Windows-Sysmon/Operational</Channel>
    <Computer>WS-AJOHNSON-01.meridianhcs.local</Computer>
    <Security UserID="S-1-5-18"/>
  </System>
  <EventData>
    
    <Data Name="RuleName">-</Data>
    <Data Name="UtcTime">2024-03-18 14:02:46.324</Data>
    <Data Name="ProcessGuid">{fd907e59-43f5-65f8-2202-0000c4b77097}</Data>
    <Data Name="ProcessId">6068</Data>
    <Data Name="Image">C:\Windows\System32\OpenSSH\ssh.exe</Data>
    <Data Name="User">MERIDIANHCS\aisha.johnson</Data>
    
  </EventData>
</Event>
<Event xmlns="http://schemas.microsoft.com/win/2004/08/events/event">
  <System>
    <Provider Name="Microsoft-Windows-Sysmon" Guid="{5770385f-c22a-43e0-bf4c-06f5698ffbd9}"/>
    <EventID>13</EventID>
    <Version>2</Version>
    <Level>4</Level>
    <Task>13</Task>
    <Opcode>0</Opcode>
    <Keywords>0x8000000000000000</Keywords>
    <TimeCreated SystemTime="2024-03-18T14:02:47.5802745Z"/>
    <EventRecordID>30837</EventRecordID>
    <Correlation/>
    <Execution ProcessID="2716" ThreadID="4036"/>
    <Channel>Microsoft-Windows-Sysmon/Operational</Channel>
    <Computer>WS-AJOHNSON-01.meridianhcs.local</Computer>
    <Security UserID="S-1-5-18"/>
  </System>
  <EventData>
    
    <Data Name="RuleName">-</Data>
    <Data Name="EventType">SetValue</Data>
    <Data Name="UtcTime">2024-03-18 14:02:47.580</Data>
    <Data Name="ProcessGuid">{fd907e59-3846-65f4-4b02-00100994a9c2}</Data>
    <Data Name="ProcessId">4500</Data>
    <Data Name="Image">C:\Windows\System32\svchost.exe</Data>
    <Data Name="TargetObject">HKLM\SYSTEM\CurrentControlSet\Services\W32Time\Config\MaxPollInterval</Data>
    <Data Name="Details">DWORD (0x0000000f)</Data>
    <Data Name="User">NT AUTHORITY\NETWORK SERVICE</Data>
    
  </EventData>
</Event>
<Event xmlns="http://schemas.microsoft.com/win/2004/08/events/event">
  <System>
    <Provider Name="Microsoft-Windows-Sysmon" Guid="{5770385f-c22a-43e0-bf4c-06f5698ffbd9}"/>
    <EventID>3</EventID>
    <Version>5</Version>
    <Level>4</Level>
    <Task>3</Task>
    <Opcode>0</Opcode>
    <Keywords>0x8000000000000000</Keywords>
    <TimeCreated SystemTime="2024-03-18T14:03:56.4594822Z"/>
    <EventRecordID>30839</EventRecordID>
    <Correlation/>
    <Execution ProcessID="2716" ThreadID="3920"/>
    <Channel>Microsoft-Windows-Sysmon/Operational</Channel>
    <Computer>WS-AJOHNSON-01.meridianhcs.local</Computer>
    <Security UserID="S-1-5-18"/>
  </System>
  <EventData>
    
    <Data Name="RuleName">-</Data>
    <Data Name="UtcTime">2024-03-18 14:03:56.459</Data>
    <Data Name="ProcessGuid">{fd907e59-4325-65f8-2c02-00000cc659aa}</Data>
    <Data Name="ProcessId">5692</Data>
    <Data Name="Image">C:\Program Files\Mozilla Firefox\firefox.exe</Data>
    <Data Name="User">MERIDIANHCS\aisha.johnson</Data>
    <Data Name="Protocol">tcp</Data>
    <Data Name="Initiated">true</Data>
    <Data Name="SourceIsIpv6">false</Data>
    <Data Name="SourceIp">10.10.1.35</Data>
    <Data Name="SourceHostname">WS-AJOHNSON-01.meridianhcs.local</Data>
    <Data Name="SourcePort">62859</Data>
    <Data Name="SourcePortName">-</Data>
    <Data Name="DestinationIsIpv6">false</Data>
    <Data Name="DestinationIp">10.10.3.20</Data>
    <Data Name="DestinationHostname">PROXY-01.meridianhcs.local</Data>
    <Data Name="DestinationPort">8080</Data>
    <Data Name="DestinationPortName">http-alt</Data>
    
  </EventData>
</Event>
<Event xmlns="http://schemas.microsoft.com/win/2004/08/events/event">
  <System>
    <Provider Name="Microsoft-Windows-Sysmon" Guid="{5770385f-c22a-43e0-bf4c-06f5698ffbd9}"/>
    <EventID>1</EventID>
    <Version>5</Version>
    <Level>4</Level>
    <Task>1</Task>
    <Opcode>0</Opcode>
    <Keywords>0x8000000000000000</Keywords>
    <TimeCreated SystemTime="2024-03-18T14:04:26.6035669Z"/>
    <EventRecordID>30843</EventRecordID>
    <Correlation/>
    <Execution ProcessID="2716" ThreadID="3684"/>
    <Channel>Microsoft-Windows-Sysmon/Operational</Channel>
    <Computer>WS-AJOHNSON-01.meridianhcs.local</Computer>
    <Security UserID="S-1-5-18"/>
  </System>
  <EventData>
    
    <Data Name="RuleName">-</Data>
    <Data Name="UtcTime">2024-03-18 14:04:26.603</Data>
    <Data Name="ProcessGuid">{fd907e59-49ea-65f8-fa02-001009f33633}</Data>
    <Data Name="ProcessId">6224</Data>
    <Data Name="Image">C:\Windows\System32\mstsc.exe</Data>
    <Data Name="FileVersion">10.0.19041.1</Data>
    <Data Name="Description">Remote Desktop Connection</Data>
    <Data Name="Product">Microsoft Windows Operating System</Data>
    <Data Name="Company">Microsoft Corporation</Data>
    <Data Name="OriginalFileName">mstsc.exe</Data>
    <Data Name="CommandLine">mstsc.exe /v:FILE-SRV-01</Data>
    <Data Name="CurrentDirectory">C:\Windows\System32\</Data>
    <Data Name="User">MERIDIANHCS\aisha.johnson</Data>
    <Data Name="LogonGuid">{00000000-0000-0000-0000-000000000000}</Data>
    <Data Name="LogonId">0x25e58d7</Data>
    <Data Name="TerminalSessionId">3</Data>
    <Data Name="IntegrityLevel">Medium</Data>
    <Data Name="Hashes">SHA1=1B33A52EF26512F9E85D2CF152BFADE33C570522,MD5=361BCD5340BCA82BAAE068C4ED85259E,SHA256=BC3D5E8F8BF570FD19501700F630C56B913EF69103E4D1A0AF5745E2EE539295,IMPHASH=D688E34EF1BD9C35F96D904F0B61EF72</Data>
    <Data Name="ParentProcessGuid">{fd907e59-3a86-65f8-3202-00103209f3a5}</Data>
    <Data Name="ParentProcessId">5560</Data>
    <Data Name="ParentImage">C:\Windows\explorer.exe</Data>
    <Data Name="ParentCommandLine">explorer.exe</Data>
    <Data Name="ParentUser">MERIDIANHCS\aisha.johnson</Data>
    
  </EventData>
</Event>
<Event xmlns="http://schemas.microsoft.com/win/2004/08/events/event">
  <System>
    <Provider Name="Microsoft-Windows-Sysmon" Guid="{5770385f-c22a-43e0-bf4c-06f5698ffbd9}"/>
    <EventID>3</EventID>
    <Version>5</Version>
    <Level>4</Level>
    <Task>3</Task>
    <Opcode>0</Opcode>
    <Keywords>0x8000000000000000</Keywords>
    <TimeCreated SystemTime="2024-03-18T14:04:28.3133709Z"/>
    <EventRecordID>30844</EventRecordID>
    <Correlation/>
    <Execution ProcessID="2716" ThreadID="3684"/>
    <Channel>Microsoft-Windows-Sysmon/Operational</Channel>
    <Computer>WS-AJOHNSON-01.meridianhcs.local</Computer>
    <Security UserID="S-1-5-18"/>
  </System>
  <EventData>
    
    <Data Name="RuleName">-</Data>
    <Data Name="UtcTime">2024-03-18 14:04:28.313</Data>
    <Data Name="ProcessGuid">{fd907e59-49ea-65f8-fa02-001009f33633}</Data>
    <Data Name="ProcessId">6224</Data>
    <Data Name="Image">C:\Windows\System32\mstsc.exe</Data>
    <Data Name="User">MERIDIANHCS\aisha.johnson</Data>
    <Data Name="Protocol">tcp</Data>
    <Data Name="Initiated">true</Data>
    <Data Name="SourceIsIpv6">false</Data>
    <Data Name="SourceIp">10.10.1.35</Data>
    <Data Name="SourceHostname">WS-AJOHNSON-01.meridianhcs.local</Data>
    <Data Name="SourcePort">49588</Data>
    <Data Name="SourcePortName">-</Data>
    <Data Name="DestinationIsIpv6">false</Data>
    <Data Name="DestinationIp">10.10.2.20</Data>
    <Data Name="DestinationHostname">FILE-SRV-01.meridianhcs.local</Data>
    <Data Name="DestinationPort">3389</Data>
    <Data Name="DestinationPortName">ms-wbt-server</Data>
    
  </EventData>
</Event>
<Event xmlns="http://schemas.microsoft.com/win/2004/08/events/event">
  <System>
    <Provider Name="Microsoft-Windows-Sysmon" Guid="{5770385f-c22a-43e0-bf4c-06f5698ffbd9}"/>
    <EventID>22</EventID>
    <Version>5</Version>
    <Level>4</Level>
    <Task>22</Task>
    <Opcode>0</Opcode>
    <Keywords>0x8000000000000000</Keywords>
    <TimeCreated SystemTime="2024-03-18T14:04:34.5905467Z"/>
    <EventRecordID>30846</EventRecordID>
    <Correlation/>
    <Execution ProcessID="2716" ThreadID="3684"/>
    <Channel>Microsoft-Windows-Sysmon/Operational</Channel>
    <Computer>WS-AJOHNSON-01.meridianhcs.local</Computer>
    <Security UserID="S-1-5-18"/>
  </System>
  <EventData>
    
    <Data Name="RuleName">-</Data>
    <Data Name="UtcTime">2024-03-18 14:04:34.590</Data>
    <Data Name="ProcessGuid">{fd907e59-3846-65f4-4b02-00100994a9c2}</Data>
    <Data Name="ProcessId">4500</Data>
    <Data Name="QueryName">10.2.10.10.in-addr.arpa</Data>
    <Data Name="QueryStatus">0</Data>
    <Data Name="QueryResults">DC-01.meridianhcs.local;</Data>
    <Data Name="Image">C:\Windows\System32\svchost.exe</Data>
    <Data Name="User">NT AUTHORITY\NETWORK SERVICE</Data>
    
  </EventData>
</Event>
<Event xmlns="http://schemas.microsoft.com/win/2004/08/events/event">
  <System>
    <Provider Name="Microsoft-Windows-Sysmon" Guid="{5770385f-c22a-43e0-bf4c-06f5698ffbd9}"/>
    <EventID>3</EventID>
    <Version>5</Version>
    <Level>4</Level>
    <Task>3</Task>
    <Opcode>0</Opcode>
    <Keywords>0x8000000000000000</Keywords>
    <TimeCreated SystemTime="2024-03-18T14:04:37.1859020Z"/>
    <EventRecordID>30848</EventRecordID>
    <Correlation/>
    <Execution ProcessID="2716" ThreadID="3920"/>
    <Channel>Microsoft-Windows-Sysmon/Operational</Channel>
    <Computer>WS-AJOHNSON-01.meridianhcs.local</Computer>
    <Security UserID="S-1-5-18"/>
  </System>
  <EventData>
    
    <Data Name="RuleName">-</Data>
    <Data Name="UtcTime">2024-03-18 14:04:37.185</Data>
    <Data Name="ProcessGuid">{fd907e59-3846-65f4-4b02-00100994a9c2}</Data>
    <Data Name="ProcessId">4500</Data>
    <Data Name="Image">C:\Windows\System32\svchost.exe</Data>
    <Data Name="User">NT AUTHORITY\NETWORK SERVICE</Data>
    <Data Name="Protocol">tcp</Data>
    <Data Name="Initiated">true</Data>
    <Data Name="SourceIsIpv6">false</Data>
    <Data Name="SourceIp">10.10.1.35</Data>
    <Data Name="SourceHostname">WS-AJOHNSON-01.meridianhcs.local</Data>
    <Data Name="SourcePort">63990</Data>
    <Data Name="SourcePortName">-</Data>
    <Data Name="DestinationIsIpv6">false</Data>
    <Data Name="DestinationIp">10.10.2.10</Data>
    <Data Name="DestinationHostname">DC-01.meridianhcs.local</Data>
    <Data Name="DestinationPort">445</Data>
    <Data Name="DestinationPortName">microsoft-ds</Data>
    
  </EventData>
</Event>
<Event xmlns="http://schemas.microsoft.com/win/2004/08/events/event">
  <System>
    <Provider Name="Microsoft-Windows-Sysmon" Guid="{5770385f-c22a-43e0-bf4c-06f5698ffbd9}"/>
    <EventID>10</EventID>
    <Version>3</Version>
    <Level>4</Level>
    <Task>10</Task>
    <Opcode>0</Opcode>
    <Keywords>0x8000000000000000</Keywords>
    <TimeCreated SystemTime="2024-03-18T14:04:46.1299901Z"/>
    <EventRecordID>30849</EventRecordID>
    <Correlation/>
    <Execution ProcessID="2716" ThreadID="4036"/>
    <Channel>Microsoft-Windows-Sysmon/Operational</Channel>
    <Computer>WS-AJOHNSON-01.meridianhcs.local</Computer>
    <Security UserID="S-1-5-18"/>
  </System>
  <EventData>
    
    <Data Name="RuleName">-</Data>
    <Data Name="UtcTime">2024-03-18 14:04:46.129</Data>
    <Data Name="SourceProcessGUID">{fd907e59-3851-65f4-8502-00103541d7af}</Data>
    <Data Name="SourceProcessId">4636</Data>
    <Data Name="SourceThreadId">14816</Data>
    <Data Name="SourceImage">C:\Windows\System32\wbem\WmiPrvSE.exe</Data>
    <Data Name="TargetProcessGUID">{fd907e59-3846-65f4-0c02-0010c7cb2065}</Data>
    <Data Name="TargetProcessId">4356</Data>
    <Data Name="TargetImage">C:\Windows\System32\svchost.exe</Data>
    <Data Name="GrantedAccess">0x1400</Data>
    <Data Name="CallTrace">C:\Windows\SYSTEM32\ntdll.dll+9CB8F|C:\Windows\SYSTEM32\KERNELBASE.dll+2CE21|C:\Windows\SYSTEM32\wbemcomn.dll+15C56</Data>
    <Data Name="SourceUser">NT AUTHORITY\NETWORK SERVICE</Data>
    <Data Name="TargetUser">NT AUTHORITY\SYSTEM</Data>
    
  </EventData>
</Event>
<Event xmlns="http://schemas.microsoft.com/win/2004/08/events/event">
  <System>
    <Provider Name="Microsoft-Windows-Sysmon" Guid="{5770385f-c22a-43e0-bf4c-06f5698ffbd9}"/>
    <EventID>22</EventID>
    <Version>5</Version>
    <Level>4</Level>
    <Task>22</Task>
    <Opcode>0</Opcode>
    <Keywords>0x8000000000000000</Keywords>
    <TimeCreated SystemTime="2024-03-18T14:05:03.7503809Z"/>
    <EventRecordID>30850</EventRecordID>
    <Correlation/>
    <Execution ProcessID="2716" ThreadID="3920"/>
    <Channel>Microsoft-Windows-Sysmon/Operational</Channel>
    <Computer>WS-AJOHNSON-01.meridianhcs.local</Computer>
    <Security UserID="S-1-5-18"/>
  </System>
  <EventData>
    
    <Data Name="RuleName">-</Data>
    <Data Name="UtcTime">2024-03-18 14:05:03.750</Data>
    <Data Name="ProcessGuid">{fd907e59-3844-65f4-8800-0010160d00f9}</Data>
    <Data Name="ProcessId">4292</Data>
    <Data Name="QueryName">_ldap._tcp.meridianhcs.local</Data>
    <Data Name="QueryStatus">0</Data>
    <Data Name="QueryResults">0 100 389 DC-01.meridianhcs.local;</Data>
    <Data Name="Image">C:\Windows\System32\lsass.exe</Data>
    <Data Name="User">NT AUTHORITY\SYSTEM</Data>
    
  </EventData>
</Event>
<Event xmlns="http://schemas.microsoft.com/win/2004/08/events/event">
  <System>
    <Provider Name="Microsoft-Windows-Sysmon" Guid="{5770385f-c22a-43e0-bf4c-06f5698ffbd9}"/>
    <EventID>22</EventID>
    <Version>5</Version>
    <Level>4</Level>
    <Task>22</Task>
    <Opcode>0</Opcode>
    <Keywords>0x8000000000000000</Keywords>
    <TimeCreated SystemTime="2024-03-18T14:05:04.0697359Z"/>
    <EventRecordID>30851</EventRecordID>
    <Correlation/>
    <Execution ProcessID="2716" ThreadID="3920"/>
    <Channel>Microsoft-Windows-Sysmon/Operational</Channel>
    <Computer>WS-AJOHNSON-01.meridianhcs.local</Computer>
    <Security UserID="S-1-5-18"/>
  </System>
  <EventData>
    
    <Data Name="RuleName">-</Data>
    <Data Name="UtcTime">2024-03-18 14:05:04.069</Data>
    <Data Name="ProcessGuid">{fd907e59-3844-65f4-8800-0010160d00f9}</Data>
    <Data Name="ProcessId">4292</Data>
    <Data Name="QueryName">_kerberos._tcp.dc._msdcs.meridianhcs.local</Data>
    <Data Name="QueryStatus">0</Data>
    <Data Name="QueryResults">0 100 88 DC-01.meridianhcs.local;</Data>
    <Data Name="Image">C:\Windows\System32\lsass.exe</Data>
    <Data Name="User">NT AUTHORITY\SYSTEM</Data>
    
  </EventData>
</Event>
<Event xmlns="http://schemas.microsoft.com/win/2004/08/events/event">
  <System>
    <Provider Name="Microsoft-Windows-Sysmon" Guid="{5770385f-c22a-43e0-bf4c-06f5698ffbd9}"/>
    <EventID>22</EventID>
    <Version>5</Version>
    <Level>4</Level>
    <Task>22</Task>
    <Opcode>0</Opcode>
    <Keywords>0x8000000000000000</Keywords>
    <TimeCreated SystemTime="2024-03-18T14:05:20.3169137Z"/>
    <EventRecordID>30853</EventRecordID>
    <Correlation/>
    <Execution ProcessID="2716" ThreadID="4236"/>
    <Channel>Microsoft-Windows-Sysmon/Operational</Channel>
    <Computer>WS-AJOHNSON-01.meridianhcs.local</Computer>
    <Security UserID="S-1-5-18"/>
  </System>
  <EventData>
    
    <Data Name="RuleName">-</Data>
    <Data Name="UtcTime">2024-03-18 14:05:20.316</Data>
    <Data Name="ProcessGuid">{fd907e59-3849-65f4-3a00-0010b7a7855c}</Data>
    <Data Name="ProcessId">4528</Data>
    <Data Name="QueryName">DC-01.meridianhcs.local</Data>
    <Data Name="QueryStatus">0</Data>
    <Data Name="QueryResults">10.10.2.10;</Data>
    <Data Name="Image">C:\Windows\System32\svchost.exe</Data>
    <Data Name="User">NT AUTHORITY\LOCAL SERVICE</Data>
    
  </EventData>
</Event>
<Event xmlns="http://schemas.microsoft.com/win/2004/08/events/event">
  <System>
    <Provider Name="Microsoft-Windows-Sysmon" Guid="{5770385f-c22a-43e0-bf4c-06f5698ffbd9}"/>
    <EventID>5</EventID>
    <Version>3</Version>
    <Level>4</Level>
    <Task>5</Task>
    <Opcode>0</Opcode>
    <Keywords>0x8000000000000000</Keywords>
    <TimeCreated SystemTime="2024-03-18T14:05:29.0151486Z"/>
    <EventRecordID>30854</EventRecordID>
    <Correlation/>
    <Execution ProcessID="2716" ThreadID="4036"/>
    <Channel>Microsoft-Windows-Sysmon/Operational</Channel>
    <Computer>WS-AJOHNSON-01.meridianhcs.local</Computer>
    <Security UserID="S-1-5-18"/>
  </System>
  <EventData>
    
    <Data Name="RuleName">-</Data>
    <Data Name="UtcTime">2024-03-18 14:05:29.015</Data>
    <Data Name="ProcessGuid">{fd907e59-35b5-65f8-1e02-00006b3191b0}</Data>
    <Data Name="ProcessId">5308</Data>
    <Data Name="Image">C:\Windows\System32\SearchProtocolHost.exe</Data>
    <Data Name="User">NT AUTHORITY\SYSTEM</Data>
    
  </EventData>
</Event>
<Event xmlns="http://schemas.microsoft.com/win/2004/08/events/event">
  <System>
    <Provider Name="Microsoft-Windows-Sysmon" Guid="{5770385f-c22a-43e0-bf4c-06f5698ffbd9}"/>
    <EventID>5</EventID>
    <Version>3</Version>
    <Level>4</Level>
    <Task>5</Task>
    <Opcode>0</Opcode>
    <Keywords>0x8000000000000000</Keywords>
    <TimeCreated SystemTime="2024-03-18T14:05:54.4513363Z"/>
    <EventRecordID>30856</EventRecordID>
    <Correlation/>
    <Execution ProcessID="2716" ThreadID="3920"/>
    <Channel>Microsoft-Windows-Sysmon/Operational</Channel>
    <Computer>WS-AJOHNSON-01.meridianhcs.local</Computer>
    <Security UserID="S-1-5-18"/>
  </System>
  <EventData>
    
    <Data Name="RuleName">-</Data>
    <Data Name="UtcTime">2024-03-18 14:05:54.451</Data>
    <Data Name="ProcessGuid">{fd907e59-46f2-65f8-5e00-0000e06bf317}</Data>
    <Data Name="ProcessId">5788</Data>
    <Data Name="Image">C:\Windows\System32\wbem\WmiPrvSE.exe</Data>
    <Data Name="User">NT AUTHORITY\SYSTEM</Data>
    
  </EventData>
</Event>
<Event xmlns="http://schemas.microsoft.com/win/2004/08/events/event">
  <System>
    <Provider Name="Microsoft-Windows-Sysmon" Guid="{5770385f-c22a-43e0-bf4c-06f5698ffbd9}"/>
    <EventID>1</EventID>
    <Version>5</Version>
    <Level>4</Level>
    <Task>1</Task>
    <Opcode>0</Opcode>
    <Keywords>0x8000000000000000</Keywords>
    <TimeCreated SystemTime="2024-03-18T14:06:44.0262512Z"/>
    <EventRecordID>30858</EventRecordID>
    <Correlation/>
    <Execution ProcessID="2716" ThreadID="3684"/>
    <Channel>Microsoft-Windows-Sysmon/Operational</Channel>
    <Computer>WS-AJOHNSON-01.meridianhcs.local</Computer>
    <Security UserID="S-1-5-18"/>
  </System>
  <EventData>
    
    <Data Name="RuleName">-</Data>
    <Data Name="UtcTime">2024-03-18 14:06:44.026</Data>
    <Data Name="ProcessGuid">{fd907e59-4a74-65f8-9902-0000ecd06a52}</Data>
    <Data Name="ProcessId">6292</Data>
    <Data Name="Image">C:\Windows\System32\OpenSSH\ssh.exe</Data>
    <Data Name="FileVersion">8.6.0.1</Data>
    <Data Name="Description">OpenSSH SSH client</Data>
    <Data Name="Product">OpenSSH for Windows</Data>
    <Data Name="Company">Microsoft Corporation</Data>
    <Data Name="OriginalFileName">ssh.exe</Data>
    <Data Name="CommandLine">ssh.exe aisha.johnson@WEB-EXT-01.meridianhcs.local</Data>
    <Data Name="CurrentDirectory">C:\Users\aisha.johnson\</Data>
    <Data Name="User">MERIDIANHCS\aisha.johnson</Data>
    <Data Name="LogonGuid">{00000000-0000-0000-0000-000000000000}</Data>
    <Data Name="LogonId">0x25e58d7</Data>
    <Data Name="TerminalSessionId">3</Data>
    <Data Name="IntegrityLevel">Medium</Data>
    <Data Name="Hashes">SHA1=34EDBE1F2503BED1B1F8F387974ACB65F632C21B,MD5=177AE85C74B6D0BB9FC040A42BF2CAC0,SHA256=5CA44FEC35D64819E1CF357648C98073ACA2AEF9816F8FA375095783B3AC3EE1,IMPHASH=62F7B0310260F97B5078263292DD1CBA</Data>
    <Data Name="ParentProcessGuid">{fd907e59-3d39-65f8-c002-00100708cd91}</Data>
    <Data Name="ParentProcessId">5916</Data>
    <Data Name="ParentImage">C:\Windows\System32\WindowsPowerShell\v1.0\powershell.exe</Data>
    <Data Name="ParentCommandLine">powershell.exe</Data>
    <Data Name="ParentUser">MERIDIANHCS\aisha.johnson</Data>
    
  </EventData>
</Event>
<Event xmlns="http://schemas.microsoft.com/win/2004/08/events/event">
  <System>
    <Provider Name="Microsoft-Windows-Sysmon" Guid="{5770385f-c22a-43e0-bf4c-06f5698ffbd9}"/>
    <EventID>22</EventID>
    <Version>5</Version>
    <Level>4</Level>
    <Task>22</Task>
    <Opcode>0</Opcode>
    <Keywords>0x8000000000000000</Keywords>
    <TimeCreated SystemTime="2024-03-18T14:06:49.2858568Z"/>
    <EventRecordID>30859</EventRecordID>
    <Correlation/>
    <Execution ProcessID="2716" ThreadID="3684"/>
    <Channel>Microsoft-Windows-Sysmon/Operational</Channel>
    <Computer>WS-AJOHNSON-01.meridianhcs.local</Computer>
    <Security UserID="S-1-5-18"/>
  </System>
  <EventData>
    
    <Data Name="RuleName">-</Data>
    <Data Name="UtcTime">2024-03-18 14:06:49.285</Data>
    <Data Name="ProcessGuid">{fd907e59-4a74-65f8-9902-0000ecd06a52}</Data>
    <Data Name="ProcessId">6292</Data>
    <Data Name="QueryName">oldserver.meridianhcs.local</Data>
    <Data Name="QueryStatus">9003</Data>
    <Data Name="QueryResults">-</Data>
    <Data Name="Image">C:\Windows\System32\OpenSSH\ssh.exe</Data>
    <Data Name="User">MERIDIANHCS\aisha.johnson</Data>
    
  </EventData>
</Event>
<Event xmlns="http://schemas.microsoft.com/win/2004/08/events/event">
  <System>
    <Provider Name="Microsoft-Windows-Sysmon" Guid="{5770385f-c22a-43e0-bf4c-06f5698ffbd9}"/>
    <EventID>3</EventID>
    <Version>5</Version>
    <Level>4</Level>
    <Task>3</Task>
    <Opcode>0</Opcode>
    <Keywords>0x8000000000000000</Keywords>
    <TimeCreated SystemTime="2024-03-18T14:06:51.1172493Z"/>
    <EventRecordID>30860</EventRecordID>
    <Correlation/>
    <Execution ProcessID="2716" ThreadID="3684"/>
    <Channel>Microsoft-Windows-Sysmon/Operational</Channel>
    <Computer>WS-AJOHNSON-01.meridianhcs.local</Computer>
    <Security UserID="S-1-5-18"/>
  </System>
  <EventData>
    
    <Data Name="RuleName">-</Data>
    <Data Name="UtcTime">2024-03-18 14:06:51.117</Data>
    <Data Name="ProcessGuid">{fd907e59-4a74-65f8-9902-0000ecd06a52}</Data>
    <Data Name="ProcessId">6292</Data>
    <Data Name="Image">C:\Windows\System32\OpenSSH\ssh.exe</Data>
    <Data Name="User">MERIDIANHCS\aisha.johnson</Data>
    <Data Name="Protocol">tcp</Data>
    <Data Name="Initiated">true</Data>
    <Data Name="SourceIsIpv6">false</Data>
    <Data Name="SourceIp">10.10.1.35</Data>
    <Data Name="SourceHostname">WS-AJOHNSON-01.meridianhcs.local</Data>
    <Data Name="SourcePort">61425</Data>
    <Data Name="SourcePortName">-</Data>
    <Data Name="DestinationIsIpv6">false</Data>
    <Data Name="DestinationIp">10.10.3.10</Data>
    <Data Name="DestinationHostname">WEB-EXT-01.meridianhcs.local</Data>
    <Data Name="DestinationPort">22</Data>
    <Data Name="DestinationPortName">ssh</Data>
    
  </EventData>
</Event>
<Event xmlns="http://schemas.microsoft.com/win/2004/08/events/event">
  <System>
    <Provider Name="Microsoft-Windows-Sysmon" Guid="{5770385f-c22a-43e0-bf4c-06f5698ffbd9}"/>
    <EventID>22</EventID>
    <Version>5</Version>
    <Level>4</Level>
    <Task>22</Task>
    <Opcode>0</Opcode>
    <Keywords>0x8000000000000000</Keywords>
    <TimeCreated SystemTime="2024-03-18T14:07:32.7666252Z"/>
    <EventRecordID>30864</EventRecordID>
    <Correlation/>
    <Execution ProcessID="2716" ThreadID="4036"/>
    <Channel>Microsoft-Windows-Sysmon/Operational</Channel>
    <Computer>WS-AJOHNSON-01.meridianhcs.local</Computer>
    <Security UserID="S-1-5-18"/>
  </System>
  <EventData>
    
    <Data Name="RuleName">-</Data>
    <Data Name="UtcTime">2024-03-18 14:07:32.766</Data>
    <Data Name="ProcessGuid">{fd907e59-3846-65f4-4b02-00100994a9c2}</Data>
    <Data Name="ProcessId">4500</Data>
    <Data Name="QueryName">APP-INT-01.meridianhcs.local</Data>
    <Data Name="QueryStatus">0</Data>
    <Data Name="QueryResults">10.10.2.30;</Data>
    <Data Name="Image">C:\Windows\System32\svchost.exe</Data>
    <Data Name="User">NT AUTHORITY\NETWORK SERVICE</Data>
    
  </EventData>
</Event>
<Event xmlns="http://schemas.microsoft.com/win/2004/08/events/event">
  <System>
    <Provider Name="Microsoft-Windows-Sysmon" Guid="{5770385f-c22a-43e0-bf4c-06f5698ffbd9}"/>
    <EventID>22</EventID>
    <Version>5</Version>
    <Level>4</Level>
    <Task>22</Task>
    <Opcode>0</Opcode>
    <Keywords>0x8000000000000000</Keywords>
    <TimeCreated SystemTime="2024-03-18T14:07:38.3393949Z"/>
    <EventRecordID>30865</EventRecordID>
    <Correlation/>
    <Execution ProcessID="2716" ThreadID="4036"/>
    <Channel>Microsoft-Windows-Sysmon/Operational</Channel>
    <Computer>WS-AJOHNSON-01.meridianhcs.local</Computer>
    <Security UserID="S-1-5-18"/>
  </System>
  <EventData>
    
    <Data Name="RuleName">-</Data>
    <Data Name="UtcTime">2024-03-18 14:07:38.339</Data>
    <Data Name="ProcessGuid">{fd907e59-3846-65f4-4b02-00100994a9c2}</Data>
    <Data Name="ProcessId">4500</Data>
    <Data Name="QueryName">ocsp.meridianhcs.local</Data>
    <Data Name="QueryStatus">0</Data>
    <Data Name="QueryResults">10.10.1.10;</Data>
    <Data Name="Image">C:\Windows\System32\svchost.exe</Data>
    <Data Name="User">NT AUTHORITY\NETWORK SERVICE</Data>
    
  </EventData>
</Event>
<Event xmlns="http://schemas.microsoft.com/win/2004/08/events/event">
  <System>
    <Provider Name="Microsoft-Windows-Sysmon" Guid="{5770385f-c22a-43e0-bf4c-06f5698ffbd9}"/>
    <EventID>22</EventID>
    <Version>5</Version>
    <Level>4</Level>
    <Task>22</Task>
    <Opcode>0</Opcode>
    <Keywords>0x8000000000000000</Keywords>
    <TimeCreated SystemTime="2024-03-18T14:07:38.7788610Z"/>
    <EventRecordID>30866</EventRecordID>
    <Correlation/>
    <Execution ProcessID="2716" ThreadID="3684"/>
    <Channel>Microsoft-Windows-Sysmon/Operational</Channel>
    <Computer>WS-AJOHNSON-01.meridianhcs.local</Computer>
    <Security UserID="S-1-5-18"/>
  </System>
  <EventData>
    
    <Data Name="RuleName">-</Data>
    <Data Name="UtcTime">2024-03-18 14:07:38.778</Data>
    <Data Name="ProcessGuid">{fd907e59-3846-65f4-4b02-00100994a9c2}</Data>
    <Data Name="ProcessId">4500</Data>
    <Data Name="QueryName">ocsp.meridianhcs.local</Data>
    <Data Name="QueryStatus">0</Data>
    <Data Name="QueryResults">-</Data>
    <Data Name="Image">C:\Windows\System32\svchost.exe</Data>
    <Data Name="User">NT AUTHORITY\NETWORK SERVICE</Data>
    
  </EventData>
</Event>
