<Event xmlns="http://schemas.microsoft.com/win/2004/08/events/event">
  <System>
    <Provider Name="Microsoft-Windows-Sysmon" Guid="{5770385f-c22a-43e0-bf4c-06f5698ffbd9}"/>
    <EventID>1</EventID>
    <Version>5</Version>
    <Level>4</Level>
    <Task>1</Task>
    <Opcode>0</Opcode>
    <Keywords>0x8000000000000000</Keywords>
    <TimeCreated SystemTime="2024-03-18T13:20:53.5916936Z"/>
    <EventRecordID>30641</EventRecordID>
    <Correlation/>
    <Execution ProcessID="2716" ThreadID="3684"/>
    <Channel>Microsoft-Windows-Sysmon/Operational</Channel>
    <Computer>WS-AJOHNSON-01.meridianhcs.local</Computer>
    <Security UserID="S-1-5-18"/>
  </System>
  <EventData>
    
    <Data Name="RuleName">-</Data>
    <Data Name="UtcTime">2024-03-18 13:20:53.591</Data>
    <Data Name="ProcessGuid">{fd907e59-3fb5-65f8-ab02-0000c7dc961c}</Data>
    <Data Name="ProcessId">5872</Data>
    <Data Name="Image">C:\Windows\System32\svchost.exe</Data>
    <Data Name="FileVersion">10.0.19041.1</Data>
    <Data Name="Description">Host Process for Windows Services</Data>
    <Data Name="Product">Microsoft Windows Operating System</Data>
    <Data Name="Company">Microsoft Corporation</Data>
    <Data Name="OriginalFileName">svchost.exe</Data>
    <Data Name="CommandLine">svchost.exe -k netsvcs -p -s Schedule</Data>
    <Data Name="CurrentDirectory">C:\Windows\System32\</Data>
    <Data Name="User">NT AUTHORITY\SYSTEM</Data>
    <Data Name="LogonGuid">{00000000-0000-0000-0000-000000000000}</Data>
    <Data Name="LogonId">0x3e7</Data>
    <Data Name="TerminalSessionId">0</Data>
    <Data Name="IntegrityLevel">System</Data>
    <Data Name="Hashes">SHA1=2AB96130C53285DF8A4180B1C58116F2D8A102F7,MD5=EE761712D9C5CD46ED32A3031A8DF21B,SHA256=03812016E9E40AF9E48B967D50612484DB904E2FFA8A285BA3E5EB3949D4332C,IMPHASH=E99A33F545C49936BFCAC79E2469E461</Data>
    <Data Name="ParentProcessGuid">{fd907e59-3843-65f4-0f00-00107034dbbb}</Data>
    <Data Name="ParentProcessId">4284</Data>
    <Data Name="ParentImage">C:\Windows\System32\services.exe</Data>
    <Data Name="ParentCommandLine">services.exe</Data>
    <Data Name="ParentUser">NT AUTHORITY\SYSTEM</Data>
    
  </EventData>
</Event>
<Event xmlns="http://schemas.microsoft.com/win/2004/08/events/event">
  <System>
    <Provider Name="Microsoft-Windows-Sysmon" Guid="{5770385f-c22a-43e0-bf4c-06f5698ffbd9}"/>
    <EventID>1</EventID>
    <Version>5</Version>
    <Level>4</Level>
    <Task>1</Task>
    <Opcode>0</Opcode>
    <Keywords>0x8000000000000000</Keywords>
    <TimeCreated SystemTime="2024-03-18T13:22:08.5099672Z"/>
    <EventRecordID>30646</EventRecordID>
    <Correlation/>
    <Execution ProcessID="2716" ThreadID="4236"/>
    <Channel>Microsoft-Windows-Sysmon/Operational</Channel>
    <Computer>WS-AJOHNSON-01.meridianhcs.local</Computer>
    <Security UserID="S-1-5-18"/>
  </System>
  <EventData>
    
    <Data Name="RuleName">-</Data>
    <Data Name="UtcTime">2024-03-18 13:22:08.509</Data>
    <Data Name="ProcessGuid">{fd907e59-4000-65f8-2800-0010cfc16dff}</Data>
    <Data Name="ProcessId">5964</Data>
    <Data Name="Image">C:\Windows\System32\OpenSSH\ssh.exe</Data>
    <Data Name="FileVersion">8.6.0.1</Data>
    <Data Name="Description">OpenSSH SSH client</Data>
    <Data Name="Product">OpenSSH for Windows</Data>
    <Data Name="Company">Microsoft Corporation</Data>
    <Data Name="OriginalFileName">ssh.exe</Data>
    <Data Name="CommandLine">ssh.exe aisha.johnson@WEB-EXT-01.meridianhcs.local</Data>
    <Data Name="CurrentDirectory">C:\Users\aisha.johnson\</Data>
    <Data Name="User">MERIDIANHCS\aisha.johnson</Data>
    <Data Name="LogonGuid">{00000000-0000-0000-0000-000000000000}</Data>
    <Data Name="LogonId">0x25e58d7</Data>
    <Data Name="TerminalSessionId">3</Data>
    <Data Name="IntegrityLevel">Medium</Data>
    <Data Name="Hashes">SHA1=34EDBE1F2503BED1B1F8F387974ACB65F632C21B,MD5=177AE85C74B6D0BB9FC040A42BF2CAC0,SHA256=5CA44FEC35D64819E1CF357648C98073ACA2AEF9816F8FA375095783B3AC3EE1,IMPHASH=62F7B0310260F97B5078263292DD1CBA</Data>
    <Data Name="ParentProcessGuid">{fd907e59-3d39-65f8-c002-00100708cd91}</Data>
    <Data Name="ParentProcessId">5916</Data>
    <Data Name="ParentImage">C:\Windows\System32\WindowsPowerShell\v1.0\powershell.exe</Data>
    <Data Name="ParentCommandLine">powershell.exe</Data>
    <Data Name="ParentUser">MERIDIANHCS\aisha.johnson</Data>
    
  </EventData>
</Event>
<Event xmlns="http://schemas.microsoft.com/win/2004/08/events/event">
  <System>
    <Provider Name="Microsoft-Windows-Sysmon" Guid="{5770385f-c22a-43e0-bf4c-06f5698ffbd9}"/>
    <EventID>3</EventID>
    <Version>5</Version>
    <Level>4</Level>
    <Task>3</Task>
    <Opcode>0</Opcode>
    <Keywords>0x8000000000000000</Keywords>
    <TimeCreated SystemTime="2024-03-18T13:22:26.5302078Z"/>
    <EventRecordID>30648</EventRecordID>
    <Correlation/>
    <Execution ProcessID="2716" ThreadID="4236"/>
    <Channel>Microsoft-Windows-Sysmon/Operational</Channel>
    <Computer>WS-AJOHNSON-01.meridianhcs.local</Computer>
    <Security UserID="S-1-5-18"/>
  </System>
  <EventData>
    
    <Data Name="RuleName">-</Data>
    <Data Name="UtcTime">2024-03-18 13:22:26.530</Data>
    <Data Name="ProcessGuid">{fd907e59-4000-65f8-2800-0010cfc16dff}</Data>
    <Data Name="ProcessId">5964</Data>
    <Data Name="Image">C:\Windows\System32\OpenSSH\ssh.exe</Data>
    <Data Name="User">MERIDIANHCS\aisha.johnson</Data>
    <Data Name="Protocol">tcp</Data>
    <Data Name="Initiated">true</Data>
    <Data Name="SourceIsIpv6">false</Data>
    <Data Name="SourceIp">10.10.1.35</Data>
    <Data Name="SourceHostname">WS-AJOHNSON-01.meridianhcs.local</Data>
    <Data Name="SourcePort">53377</Data>
    <Data Name="SourcePortName">-</Data>
    <Data Name="DestinationIsIpv6">false</Data>
    <Data Name="DestinationIp">10.10.3.10</Data>
    <Data Name="DestinationHostname">WEB-EXT-01.meridianhcs.local</Data>
    <Data Name="DestinationPort">22</Data>
    <Data Name="DestinationPortName">ssh</Data>
    
  </EventData>
</Event>
<Event xmlns="http://schemas.microsoft.com/win/2004/08/events/event">
  <System>
    <Provider Name="Microsoft-Windows-Sysmon" Guid="{5770385f-c22a-43e0-bf4c-06f5698ffbd9}"/>
    <EventID>3</EventID>
    <Version>5</Version>
    <Level>4</Level>
    <Task>3</Task>
    <Opcode>0</Opcode>
    <Keywords>0x8000000000000000</Keywords>
    <TimeCreated SystemTime="2024-03-18T13:23:22.1810289Z"/>
    <EventRecordID>30651</EventRecordID>
    <Correlation/>
    <Execution ProcessID="2716" ThreadID="3920"/>
    <Channel>Microsoft-Windows-Sysmon/Operational</Channel>
    <Computer>WS-AJOHNSON-01.meridianhcs.local</Computer>
    <Security UserID="S-1-5-18"/>
  </System>
  <EventData>
    
    <Data Name="RuleName">-</Data>
    <Data Name="UtcTime">2024-03-18 13:23:22.181</Data>
    <Data Name="ProcessGuid">{fd907e59-3b9d-65f8-1902-001002768e9b}</Data>
    <Data Name="ProcessId">5696</Data>
    <Data Name="Image">C:\Program Files\Mozilla Firefox\firefox.exe</Data>
    <Data Name="User">MERIDIANHCS\aisha.johnson</Data>
    <Data Name="Protocol">tcp</Data>
    <Data Name="Initiated">true</Data>
    <Data Name="SourceIsIpv6">false</Data>
    <Data Name="SourceIp">10.10.1.35</Data>
    <Data Name="SourceHostname">WS-AJOHNSON-01.meridianhcs.local</Data>
    <Data Name="SourcePort">62082</Data>
    <Data Name="SourcePortName">-</Data>
    <Data Name="DestinationIsIpv6">false</Data>
    <Data Name="DestinationIp">10.10.3.20</Data>
    <Data Name="DestinationHostname">PROXY-01.meridianhcs.local</Data>
    <Data Name="DestinationPort">8080</Data>
    <Data Name="DestinationPortName">http-alt</Data>
    
  </EventData>
</Event>
<Event xmlns="http://schemas.microsoft.com/win/2004/08/events/event">
  <System>
    <Provider Name="Microsoft-Windows-Sysmon" Guid="{5770385f-c22a-43e0-bf4c-06f5698ffbd9}"/>
    <EventID>22</EventID>
    <Version>5</Version>
    <Level>4</Level>
    <Task>22</Task>
    <Opcode>0</Opcode>
    <Keywords>0x8000000000000000</Keywords>
    <TimeCreated SystemTime="2024-03-18T13:24:44.5871081Z"/>
    <EventRecordID>30657</EventRecordID>
    <Correlation/>
    <Execution ProcessID="2716" ThreadID="3920"/>
    <Channel>Microsoft-Windows-Sysmon/Operational</Channel>
    <Computer>WS-AJOHNSON-01.meridianhcs.local</Computer>
    <Security UserID="S-1-5-18"/>
  </System>
  <EventData>
    
    <Data Name="RuleName">-</Data>
    <Data Name="UtcTime">2024-03-18 13:24:44.587</Data>
    <Data Name="ProcessGuid">{fd907e59-3849-65f4-3a00-0010b7a7855c}</Data>
    <Data Name="ProcessId">4528</Data>
    <Data Name="QueryName">DC-01.meridianhcs.local</Data>
    <Data Name="QueryStatus">0</Data>
    <Data Name="QueryResults">10.10.2.10;</Data>
    <Data Name="Image">C:\Windows\System32\svchost.exe</Data>
    <Data Name="User">NT AUTHORITY\LOCAL SERVICE</Data>
    
  </EventData>
</Event>
<Event xmlns="http://schemas.microsoft.com/win/2004/08/events/event">
  <System>
    <Provider Name="Microsoft-Windows-Sysmon" Guid="{5770385f-c22a-43e0-bf4c-06f5698ffbd9}"/>
    <EventID>22</EventID>
    <Version>5</Version>
    <Level>4</Level>
    <Task>22</Task>
    <Opcode>0</Opcode>
    <Keywords>0x8000000000000000</Keywords>
    <TimeCreated SystemTime="2024-03-18T13:25:35.5721829Z"/>
    <EventRecordID>30661</EventRecordID>
    <Correlation/>
    <Execution ProcessID="2716" ThreadID="3920"/>
    <Channel>Microsoft-Windows-Sysmon/Operational</Channel>
    <Computer>WS-AJOHNSON-01.meridianhcs.local</Computer>
    <Security UserID="S-1-5-18"/>
  </System>
  <EventData>
    
    <Data Name="RuleName">-</Data>
    <Data Name="UtcTime">2024-03-18 13:25:35.572</Data>
    <Data Name="ProcessGuid">{fd907e59-3846-65f4-4b02-00100994a9c2}</Data>
    <Data Name="ProcessId">4500</Data>
    <Data Name="QueryName">APP-INT-01.meridianhcs.local</Data>
    <Data Name="QueryStatus">0</Data>
    <Data Name="QueryResults">10.10.2.30;</Data>
    <Data Name="Image">C:\Windows\System32\svchost.exe</Data>
    <Data Name="User">NT AUTHORITY\NETWORK SERVICE</Data>
    
  </EventData>
</Event>
<Event xmlns="http://schemas.microsoft.com/win/2004/08/events/event">
  <System>
    <Provider Name="Microsoft-Windows-Sysmon" Guid="{5770385f-c22a-43e0-bf4c-06f5698ffbd9}"/>
    <EventID>3</EventID>
    <Version>5</Version>
    <Level>4</Level>
    <Task>3</Task>
    <Opcode>0</Opcode>
    <Keywords>0x8000000000000000</Keywords>
    <TimeCreated SystemTime="2024-03-18T13:26:58.6291269Z"/>
    <EventRecordID>30665</EventRecordID>
    <Correlation/>
    <Execution ProcessID="2716" ThreadID="4236"/>
    <Channel>Microsoft-Windows-Sysmon/Operational</Channel>
    <Computer>WS-AJOHNSON-01.meridianhcs.local</Computer>
    <Security UserID="S-1-5-18"/>
  </System>
  <EventData>
    
    <Data Name="RuleName">-</Data>
    <Data Name="UtcTime">2024-03-18 13:26:58.629</Data>
    <Data Name="ProcessGuid">{fd907e59-3b9d-65f8-1902-001002768e9b}</Data>
    <Data Name="ProcessId">5696</Data>
    <Data Name="Image">C:\Program Files\Mozilla Firefox\firefox.exe</Data>
    <Data Name="User">MERIDIANHCS\aisha.johnson</Data>
    <Data Name="Protocol">tcp</Data>
    <Data Name="Initiated">true</Data>
    <Data Name="SourceIsIpv6">false</Data>
    <Data Name="SourceIp">10.10.1.35</Data>
    <Data Name="SourceHostname">WS-AJOHNSON-01.meridianhcs.local</Data>
    <Data Name="SourcePort">61695</Data>
    <Data Name="SourcePortName">-</Data>
    <Data Name="DestinationIsIpv6">false</Data>
    <Data Name="DestinationIp">10.10.3.20</Data>
    <Data Name="DestinationHostname">PROXY-01.meridianhcs.local</Data>
    <Data Name="DestinationPort">8080</Data>
    <Data Name="DestinationPortName">http-alt</Data>
    
  </EventData>
</Event>
<Event xmlns="http://schemas.microsoft.com/win/2004/08/events/event">
  <System>
    <Provider Name="Microsoft-Windows-Sysmon" Guid="{5770385f-c22a-43e0-bf4c-06f5698ffbd9}"/>
    <EventID>3</EventID>
    <Version>5</Version>
    <Level>4</Level>
    <Task>3</Task>
    <Opcode>0</Opcode>
    <Keywords>0x8000000000000000</Keywords>
    <TimeCreated SystemTime="2024-03-18T13:27:00.6463282Z"/>
    <EventRecordID>30666</EventRecordID>
    <Correlation/>
    <Execution ProcessID="2716" ThreadID="4236"/>
    <Channel>Microsoft-Windows-Sysmon/Operational</Channel>
    <Computer>WS-AJOHNSON-01.meridianhcs.local</Computer>
    <Security UserID="S-1-5-18"/>
  </System>
  <EventData>
    
    <Data Name="RuleName">-</Data>
    <Data Name="UtcTime">2024-03-18 13:27:00.646</Data>
    <Data Name="ProcessGuid">{fd907e59-3b9d-65f8-1902-001002768e9b}</Data>
    <Data Name="ProcessId">5696</Data>
    <Data Name="Image">C:\Program Files\Mozilla Firefox\firefox.exe</Data>
    <Data Name="User">MERIDIANHCS\aisha.johnson</Data>
    <Data Name="Protocol">tcp</Data>
    <Data Name="Initiated">true</Data>
    <Data Name="SourceIsIpv6">false</Data>
    <Data Name="SourceIp">10.10.1.35</Data>
    <Data Name="SourceHostname">WS-AJOHNSON-01.meridianhcs.local</Data>
    <Data Name="SourcePort">63107</Data>
    <Data Name="SourcePortName">-</Data>
    <Data Name="DestinationIsIpv6">false</Data>
    <Data Name="DestinationIp">10.10.3.20</Data>
    <Data Name="DestinationHostname">PROXY-01.meridianhcs.local</Data>
    <Data Name="DestinationPort">8080</Data>
    <Data Name="DestinationPortName">http-alt</Data>
    
  </EventData>
</Event>
<Event xmlns="http://schemas.microsoft.com/win/2004/08/events/event">
  <System>
    <Provider Name="Microsoft-Windows-Sysmon" Guid="{5770385f-c22a-43e0-bf4c-06f5698ffbd9}"/>
    <EventID>5</EventID>
    <Version>3</Version>
    <Level>4</Level>
    <Task>5</Task>
    <Opcode>0</Opcode>
    <Keywords>0x8000000000000000</Keywords>
    <TimeCreated SystemTime="2024-03-18T13:27:50.4611695Z"/>
    <EventRecordID>30669</EventRecordID>
    <Correlation/>
    <Execution ProcessID="2716" ThreadID="3920"/>
    <Channel>Microsoft-Windows-Sysmon/Operational</Channel>
    <Computer>WS-AJOHNSON-01.meridianhcs.local</Computer>
    <Security UserID="S-1-5-18"/>
  </System>
  <EventData>
    
    <Data Name="RuleName">-</Data>
    <Data Name="UtcTime">2024-03-18 13:27:50.461</Data>
    <Data Name="ProcessGuid">{fd907e59-1252-65f8-ec02-00101983cbc3}</Data>
    <Data Name="ProcessId">4844</Data>
    <Data Name="Image">C:\Windows\System32\spoolsv.exe</Data>
    <Data Name="User">NT AUTHORITY\SYSTEM</Data>
    
  </EventData>
</Event>
<Event xmlns="http://schemas.microsoft.com/win/2004/08/events/event">
  <System>
    <Provider Name="Microsoft-Windows-Sysmon" Guid="{5770385f-c22a-43e0-bf4c-06f5698ffbd9}"/>
    <EventID>5</EventID>
    <Version>3</Version>
    <Level>4</Level>
    <Task>5</Task>
    <Opcode>0</Opcode>
    <Keywords>0x8000000000000000</Keywords>
    <TimeCreated SystemTime="2024-03-18T13:28:24.0788202Z"/>
    <EventRecordID>30671</EventRecordID>
    <Correlation/>
    <Execution ProcessID="2716" ThreadID="3920"/>
    <Channel>Microsoft-Windows-Sysmon/Operational</Channel>
    <Computer>WS-AJOHNSON-01.meridianhcs.local</Computer>
    <Security UserID="S-1-5-18"/>
  </System>
  <EventData>
    
    <Data Name="RuleName">-</Data>
    <Data Name="UtcTime">2024-03-18 13:28:24.078</Data>
    <Data Name="ProcessGuid">{fd907e59-3c12-65f8-7f02-0000cbf8e82a}</Data>
    <Data Name="ProcessId">5728</Data>
    <Data Name="Image">C:\Program Files (x86)\Citrix\ICA Client\SelfServicePlugin\SelfService.exe</Data>
    <Data Name="User">MERIDIANHCS\aisha.johnson</Data>
    
  </EventData>
</Event>
<Event xmlns="http://schemas.microsoft.com/win/2004/08/events/event">
  <System>
    <Provider Name="Microsoft-Windows-Sysmon" Guid="{5770385f-c22a-43e0-bf4c-06f5698ffbd9}"/>
    <EventID>1</EventID>
    <Version>5</Version>
    <Level>4</Level>
    <Task>1</Task>
    <Opcode>0</Opcode>
    <Keywords>0x8000000000000000</Keywords>
    <TimeCreated SystemTime="2024-03-18T13:31:28.8839177Z"/>
    <EventRecordID>30682</EventRecordID>
    <Correlation/>
    <Execution ProcessID="2716" ThreadID="3684"/>
    <Channel>Microsoft-Windows-Sysmon/Operational</Channel>
    <Computer>WS-AJOHNSON-01.meridianhcs.local</Computer>
    <Security UserID="S-1-5-18"/>
  </System>
  <EventData>
    
    <Data Name="RuleName">-</Data>
    <Data Name="UtcTime">2024-03-18 13:31:28.883</Data>
    <Data Name="ProcessGuid">{fd907e59-4230-65f8-2400-0010dee11eae}</Data>
    <Data Name="ProcessId">6024</Data>
    <Data Name="Image">C:\Windows\System32\OpenSSH\ssh.exe</Data>
    <Data Name="FileVersion">8.6.0.1</Data>
    <Data Name="Description">OpenSSH SSH client</Data>
    <Data Name="Product">OpenSSH for Windows</Data>
    <Data Name="Company">Microsoft Corporation</Data>
    <Data Name="OriginalFileName">ssh.exe</Data>
    <Data Name="CommandLine">ssh.exe aisha.johnson@MAIL-CLIN-01.meridianhcs.local</Data>
    <Data Name="CurrentDirectory">C:\Users\aisha.johnson\</Data>
    <Data Name="User">MERIDIANHCS\aisha.johnson</Data>
    <Data Name="LogonGuid">{00000000-0000-0000-0000-000000000000}</Data>
    <Data Name="LogonId">0x25e58d7</Data>
    <Data Name="TerminalSessionId">3</Data>
    <Data Name="IntegrityLevel">Medium</Data>
    <Data Name="Hashes">SHA1=34EDBE1F2503BED1B1F8F387974ACB65F632C21B,MD5=177AE85C74B6D0BB9FC040A42BF2CAC0,SHA256=5CA44FEC35D64819E1CF357648C98073ACA2AEF9816F8FA375095783B3AC3EE1,IMPHASH=62F7B0310260F97B5078263292DD1CBA</Data>
    <Data Name="ParentProcessGuid">{fd907e59-3d39-65f8-c002-00100708cd91}</Data>
    <Data Name="ParentProcessId">5916</Data>
    <Data Name="ParentImage">C:\Windows\System32\WindowsPowerShell\v1.0\powershell.exe</Data>
    <Data Name="ParentCommandLine">powershell.exe</Data>
    <Data Name="ParentUser">MERIDIANHCS\aisha.johnson</Data>
    
  </EventData>
</Event>
<Event xmlns="http://schemas.microsoft.com/win/2004/08/events/event">
  <System>
    <Provider Name="Microsoft-Windows-Sysmon" Guid="{5770385f-c22a-43e0-bf4c-06f5698ffbd9}"/>
    <EventID>1</EventID>
    <Version>5</Version>
    <Level>4</Level>
    <Task>1</Task>
    <Opcode>0</Opcode>
    <Keywords>0x8000000000000000</Keywords>
    <TimeCreated SystemTime="2024-03-18T13:31:32.7389646Z"/>
    <EventRecordID>30683</EventRecordID>
    <Correlation/>
    <Execution ProcessID="2716" ThreadID="4236"/>
    <Channel>Microsoft-Windows-Sysmon/Operational</Channel>
    <Computer>WS-AJOHNSON-01.meridianhcs.local</Computer>
    <Security UserID="S-1-5-18"/>
  </System>
  <EventData>
    
    <Data Name="RuleName">-</Data>
    <Data Name="UtcTime">2024-03-18 13:31:32.738</Data>
    <Data Name="ProcessGuid">{fd907e59-4234-65f8-df00-00007931e236}</Data>
    <Data Name="ProcessId">5796</Data>
    <Data Name="Image">C:\Windows\System32\SearchFilterHost.exe</Data>
    <Data Name="FileVersion">10.0.19041.1</Data>
    <Data Name="Description">Microsoft Windows Search Filter Host</Data>
    <Data Name="Product">Microsoft Windows Operating System</Data>
    <Data Name="Company">Microsoft Corporation</Data>
    <Data Name="OriginalFileName">SearchFilterHost.exe</Data>
    <Data Name="CommandLine">SearchFilterHost.exe 0 804 0 0 0</Data>
    <Data Name="CurrentDirectory">C:\Windows\System32\</Data>
    <Data Name="User">NT AUTHORITY\SYSTEM</Data>
    <Data Name="LogonGuid">{00000000-0000-0000-0000-000000000000}</Data>
    <Data Name="LogonId">0x3e7</Data>
    <Data Name="TerminalSessionId">0</Data>
    <Data Name="IntegrityLevel">System</Data>
    <Data Name="Hashes">SHA1=4D21E4E17144F60488C6828111E477C73B0D3E1A,MD5=E3564052272CB8F86BC5914FE3843671,SHA256=0AFD0D73AC5763EE26DA6059CA6C59F31E1365488D9E2994C8E15D2B76B26F84,IMPHASH=F8C2CC90D910DE9FC4F690882E57ABEC</Data>
    <Data Name="ParentProcessGuid">{fd907e59-3850-65f4-5402-0010c6a9a264}</Data>
    <Data Name="ParentProcessId">4628</Data>
    <Data Name="ParentImage">C:\Windows\System32\SearchIndexer.exe</Data>
    <Data Name="ParentCommandLine">SearchIndexer.exe</Data>
    <Data Name="ParentUser">NT AUTHORITY\SYSTEM</Data>
    
  </EventData>
</Event>
<Event xmlns="http://schemas.microsoft.com/win/2004/08/events/event">
  <System>
    <Provider Name="Microsoft-Windows-Sysmon" Guid="{5770385f-c22a-43e0-bf4c-06f5698ffbd9}"/>
    <EventID>22</EventID>
    <Version>5</Version>
    <Level>4</Level>
    <Task>22</Task>
    <Opcode>0</Opcode>
    <Keywords>0x8000000000000000</Keywords>
    <TimeCreated SystemTime="2024-03-18T13:31:43.1560918Z"/>
    <EventRecordID>30684</EventRecordID>
    <Correlation/>
    <Execution ProcessID="2716" ThreadID="4236"/>
    <Channel>Microsoft-Windows-Sysmon/Operational</Channel>
    <Computer>WS-AJOHNSON-01.meridianhcs.local</Computer>
    <Security UserID="S-1-5-18"/>
  </System>
  <EventData>
    
    <Data Name="RuleName">-</Data>
    <Data Name="UtcTime">2024-03-18 13:31:43.156</Data>
    <Data Name="ProcessGuid">{fd907e59-4230-65f8-2400-0010dee11eae}</Data>
    <Data Name="ProcessId">6024</Data>
    <Data Name="QueryName">MAIL-CLIN-01.meridianhcs.local</Data>
    <Data Name="QueryStatus">0</Data>
    <Data Name="QueryResults">10.10.2.26;</Data>
    <Data Name="Image">C:\Windows\System32\OpenSSH\ssh.exe</Data>
    <Data Name="User">MERIDIANHCS\aisha.johnson</Data>
    
  </EventData>
</Event>
<Event xmlns="http://schemas.microsoft.com/win/2004/08/events/event">
  <System>
    <Provider Name="Microsoft-Windows-Sysmon" Guid="{5770385f-c22a-43e0-bf4c-06f5698ffbd9}"/>
    <EventID>3</EventID>
    <Version>5</Version>
    <Level>4</Level>
    <Task>3</Task>
    <Opcode>0</Opcode>
    <Keywords>0x8000000000000000</Keywords>
    <TimeCreated SystemTime="2024-03-18T13:31:46.3600235Z"/>
    <EventRecordID>30686</EventRecordID>
    <Correlation/>
    <Execution ProcessID="2716" ThreadID="4036"/>
    <Channel>Microsoft-Windows-Sysmon/Operational</Channel>
    <Computer>WS-AJOHNSON-01.meridianhcs.local</Computer>
    <Security UserID="S-1-5-18"/>
  </System>
  <EventData>
    
    <Data Name="RuleName">-</Data>
    <Data Name="UtcTime">2024-03-18 13:31:46.360</Data>
    <Data Name="ProcessGuid">{fd907e59-4230-65f8-2400-0010dee11eae}</Data>
    <Data Name="ProcessId">6024</Data>
    <Data Name="Image">C:\Windows\System32\OpenSSH\ssh.exe</Data>
    <Data Name="User">MERIDIANHCS\aisha.johnson</Data>
    <Data Name="Protocol">tcp</Data>
    <Data Name="Initiated">true</Data>
    <Data Name="SourceIsIpv6">false</Data>
    <Data Name="SourceIp">10.10.1.35</Data>
    <Data Name="SourceHostname">WS-AJOHNSON-01.meridianhcs.local</Data>
    <Data Name="SourcePort">62025</Data>
    <Data Name="SourcePortName">-</Data>
    <Data Name="DestinationIsIpv6">false</Data>
    <Data Name="DestinationIp">10.10.2.26</Data>
    <Data Name="DestinationHostname">MAIL-CLIN-01.meridianhcs.local</Data>
    <Data Name="DestinationPort">22</Data>
    <Data Name="DestinationPortName">ssh</Data>
    
  </EventData>
</Event>
<Event xmlns="http://schemas.microsoft.com/win/2004/08/events/event">
  <System>
    <Provider Name="Microsoft-Windows-Sysmon" Guid="{5770385f-c22a-43e0-bf4c-06f5698ffbd9}"/>
    <EventID>1</EventID>
    <Version>5</Version>
    <Level>4</Level>
    <Task>1</Task>
    <Opcode>0</Opcode>
    <Keywords>0x8000000000000000</Keywords>
    <TimeCreated SystemTime="2024-03-18T13:33:27.5762982Z"/>
    <EventRecordID>30694</EventRecordID>
    <Correlation/>
    <Execution ProcessID="2716" ThreadID="3920"/>
    <Channel>Microsoft-Windows-Sysmon/Operational</Channel>
    <Computer>WS-AJOHNSON-01.meridianhcs.local</Computer>
    <Security UserID="S-1-5-18"/>
  </System>
  <EventData>
    
    <Data Name="RuleName">-</Data>
    <Data Name="UtcTime">2024-03-18 13:33:27.576</Data>
    <Data Name="ProcessGuid">{fd907e59-42a7-65f8-5500-0000d654c5b6}</Data>
    <Data Name="ProcessId">6076</Data>
    <Data Name="Image">C:\Windows\System32\OpenSSH\ssh.exe</Data>
    <Data Name="FileVersion">8.6.0.1</Data>
    <Data Name="Description">OpenSSH SSH client</Data>
    <Data Name="Product">OpenSSH for Windows</Data>
    <Data Name="Company">Microsoft Corporation</Data>
    <Data Name="OriginalFileName">ssh.exe</Data>
    <Data Name="CommandLine">ssh.exe aisha.johnson@DB-PROD-01.meridianhcs.local</Data>
    <Data Name="CurrentDirectory">C:\Users\aisha.johnson\</Data>
    <Data Name="User">MERIDIANHCS\aisha.johnson</Data>
    <Data Name="LogonGuid">{00000000-0000-0000-0000-000000000000}</Data>
    <Data Name="LogonId">0x25e58d7</Data>
    <Data Name="TerminalSessionId">3</Data>
    <Data Name="IntegrityLevel">Medium</Data>
    <Data Name="Hashes">SHA1=34EDBE1F2503BED1B1F8F387974ACB65F632C21B,MD5=177AE85C74B6D0BB9FC040A42BF2CAC0,SHA256=5CA44FEC35D64819E1CF357648C98073ACA2AEF9816F8FA375095783B3AC3EE1,IMPHASH=62F7B0310260F97B5078263292DD1CBA</Data>
    <Data Name="ParentProcessGuid">{fd907e59-3d39-65f8-c002-00100708cd91}</Data>
    <Data Name="ParentProcessId">5916</Data>
    <Data Name="ParentImage">C:\Windows\System32\WindowsPowerShell\v1.0\powershell.exe</Data>
    <Data Name="ParentCommandLine">powershell.exe</Data>
    <Data Name="ParentUser">MERIDIANHCS\aisha.johnson</Data>
    
  </EventData>
</Event>
<Event xmlns="http://schemas.microsoft.com/win/2004/08/events/event">
  <System>
    <Provider Name="Microsoft-Windows-Sysmon" Guid="{5770385f-c22a-43e0-bf4c-06f5698ffbd9}"/>
    <EventID>5</EventID>
    <Version>3</Version>
    <Level>4</Level>
    <Task>5</Task>
    <Opcode>0</Opcode>
    <Keywords>0x8000000000000000</Keywords>
    <TimeCreated SystemTime="2024-03-18T13:33:38.4547941Z"/>
    <EventRecordID>30695</EventRecordID>
    <Correlation/>
    <Execution ProcessID="2716" ThreadID="3684"/>
    <Channel>Microsoft-Windows-Sysmon/Operational</Channel>
    <Computer>WS-AJOHNSON-01.meridianhcs.local</Computer>
    <Security UserID="S-1-5-18"/>
  </System>
  <EventData>
    
    <Data Name="RuleName">-</Data>
    <Data Name="UtcTime">2024-03-18 13:33:38.454</Data>
    <Data Name="ProcessGuid">{fd907e59-4230-65f8-2400-0010dee11eae}</Data>
    <Data Name="ProcessId">6024</Data>
    <Data Name="Image">C:\Windows\System32\OpenSSH\ssh.exe</Data>
    <Data Name="User">MERIDIANHCS\aisha.johnson</Data>
    
  </EventData>
</Event>
<Event xmlns="http://schemas.microsoft.com/win/2004/08/events/event">
  <System>
    <Provider Name="Microsoft-Windows-Sysmon" Guid="{5770385f-c22a-43e0-bf4c-06f5698ffbd9}"/>
    <EventID>3</EventID>
    <Version>5</Version>
    <Level>4</Level>
    <Task>3</Task>
    <Opcode>0</Opcode>
    <Keywords>0x8000000000000000</Keywords>
    <TimeCreated SystemTime="2024-03-18T13:33:56.0396335Z"/>
    <EventRecordID>30698</EventRecordID>
    <Correlation/>
    <Execution ProcessID="2716" ThreadID="3920"/>
    <Channel>Microsoft-Windows-Sysmon/Operational</Channel>
    <Computer>WS-AJOHNSON-01.meridianhcs.local</Computer>
    <Security UserID="S-1-5-18"/>
  </System>
  <EventData>
    
    <Data Name="RuleName">-</Data>
    <Data Name="UtcTime">2024-03-18 13:33:56.039</Data>
    <Data Name="ProcessGuid">{fd907e59-42a7-65f8-5500-0000d654c5b6}</Data>
    <Data Name="ProcessId">6076</Data>
    <Data Name="Image">C:\Windows\System32\OpenSSH\ssh.exe</Data>
    <Data Name="User">MERIDIANHCS\aisha.johnson</Data>
    <Data Name="Protocol">tcp</Data>
    <Data Name="Initiated">true</Data>
    <Data Name="SourceIsIpv6">false</Data>
    <Data Name="SourceIp">10.10.1.35</Data>
    <Data Name="SourceHostname">WS-AJOHNSON-01.meridianhcs.local</Data>
    <Data Name="SourcePort">51404</Data>
    <Data Name="SourcePortName">-</Data>
    <Data Name="DestinationIsIpv6">false</Data>
    <Data Name="DestinationIp">10.10.4.10</Data>
    <Data Name="DestinationHostname">DB-PROD-01.meridianhcs.local</Data>
    <Data Name="DestinationPort">22</Data>
    <Data Name="DestinationPortName">ssh</Data>
    
  </EventData>
</Event>
<Event xmlns="http://schemas.microsoft.com/win/2004/08/events/event">
  <System>
    <Provider Name="Microsoft-Windows-Sysmon" Guid="{5770385f-c22a-43e0-bf4c-06f5698ffbd9}"/>
    <EventID>22</EventID>
    <Version>5</Version>
    <Level>4</Level>
    <Task>22</Task>
    <Opcode>0</Opcode>
    <Keywords>0x8000000000000000</Keywords>
    <TimeCreated SystemTime="2024-03-18T13:35:21.3341783Z"/>
    <EventRecordID>30704</EventRecordID>
    <Correlation/>
    <Execution ProcessID="2716" ThreadID="3920"/>
    <Channel>Microsoft-Windows-Sysmon/Operational</Channel>
    <Computer>WS-AJOHNSON-01.meridianhcs.local</Computer>
    <Security UserID="S-1-5-18"/>
  </System>
  <EventData>
    
    <Data Name="RuleName">-</Data>
    <Data Name="UtcTime">2024-03-18 13:35:21.334</Data>
    <Data Name="ProcessGuid">{fd907e59-3849-65f4-3a00-0010b7a7855c}</Data>
    <Data Name="ProcessId">4528</Data>
    <Data Name="QueryName">DC-01.meridianhcs.local</Data>
    <Data Name="QueryStatus">0</Data>
    <Data Name="QueryResults">10.10.2.10;</Data>
    <Data Name="Image">C:\Windows\System32\svchost.exe</Data>
    <Data Name="User">NT AUTHORITY\LOCAL SERVICE</Data>
    
  </EventData>
</Event>
<Event xmlns="http://schemas.microsoft.com/win/2004/08/events/event">
  <System>
    <Provider Name="Microsoft-Windows-Sysmon" Guid="{5770385f-c22a-43e0-bf4c-06f5698ffbd9}"/>
    <EventID>1</EventID>
    <Version>5</Version>
    <Level>4</Level>
    <Task>1</Task>
    <Opcode>0</Opcode>
    <Keywords>0x8000000000000000</Keywords>
    <TimeCreated SystemTime="2024-03-18T13:35:33.1312619Z"/>
    <EventRecordID>30705</EventRecordID>
    <Correlation/>
    <Execution ProcessID="2716" ThreadID="3920"/>
    <Channel>Microsoft-Windows-Sysmon/Operational</Channel>
    <Computer>WS-AJOHNSON-01.meridianhcs.local</Computer>
    <Security UserID="S-1-5-18"/>
  </System>
  <EventData>
    
    <Data Name="RuleName">-</Data>
    <Data Name="UtcTime">2024-03-18 13:35:33.131</Data>
    <Data Name="ProcessGuid">{fd907e59-4325-65f8-2c02-00000cc659aa}</Data>
    <Data Name="ProcessId">5692</Data>
    <Data Name="Image">C:\Program Files\Mozilla Firefox\firefox.exe</Data>
    <Data Name="FileVersion">121.0</Data>
    <Data Name="Description">Firefox</Data>
    <Data Name="Product">Firefox</Data>
    <Data Name="Company">Mozilla Corporation</Data>
    <Data Name="OriginalFileName">firefox.exe</Data>
    <Data Name="CommandLine">"C:\Program Files\Mozilla Firefox\firefox.exe" -osint -url http://www.linkedin.com/</Data>
    <Data Name="CurrentDirectory">C:\Users\aisha.johnson\</Data>
    <Data Name="User">MERIDIANHCS\aisha.johnson</Data>
    <Data Name="LogonGuid">{00000000-0000-0000-0000-000000000000}</Data>
    <Data Name="LogonId">0x25e58d7</Data>
    <Data Name="TerminalSessionId">3</Data>
    <Data Name="IntegrityLevel">Medium</Data>
    <Data Name="Hashes">SHA1=F78FCDDC7632E6DF6029270507A60E5B4B21951B,MD5=D39A8CE39BB9BC76CDDD45A1DFA17AC9,SHA256=3E053567474CF448D7BBECF77E8545347CA13D74BAEAE80C1874AD8141688016,IMPHASH=4CE80C2CC143420306DE2C6EF18B7974</Data>
    <Data Name="ParentProcessGuid">{fd907e59-3a86-65f8-3202-00103209f3a5}</Data>
    <Data Name="ParentProcessId">5560</Data>
    <Data Name="ParentImage">C:\Windows\explorer.exe</Data>
    <Data Name="ParentCommandLine">explorer.exe</Data>
    <Data Name="ParentUser">MERIDIANHCS\aisha.johnson</Data>
    
  </EventData>
</Event>
<Event xmlns="http://schemas.microsoft.com/win/2004/08/events/event">
  <System>
    <Provider Name="Microsoft-Windows-Sysmon" Guid="{5770385f-c22a-43e0-bf4c-06f5698ffbd9}"/>
    <EventID>7</EventID>
    <Version>3</Version>
    <Level>4</Level>
    <Task>7</Task>
    <Opcode>0</Opcode>
    <Keywords>0x8000000000000000</Keywords>
    <TimeCreated SystemTime="2024-03-18T13:35:33.1325626Z"/>
    <EventRecordID>30706</EventRecordID>
    <Correlation/>
    <Execution ProcessID="2716" ThreadID="3920"/>
    <Channel>Microsoft-Windows-Sysmon/Operational</Channel>
    <Computer>WS-AJOHNSON-01.meridianhcs.local</Computer>
    <Security UserID="S-1-5-18"/>
  </System>
  <EventData>
    
    <Data Name="RuleName">-</Data>
    <Data Name="UtcTime">2024-03-18 13:35:33.132</Data>
    <Data Name="ProcessGuid">{fd907e59-4325-65f8-2c02-00000cc659aa}</Data>
    <Data Name="ProcessId">5692</Data>
    <Data Name="Image">C:\Program Files\Mozilla Firefox\firefox.exe</Data>
    <Data Name="ImageLoaded">C:\Program Files\Mozilla Firefox\mozglue.dll</Data>
    <Data Name="FileVersion">121.0</Data>
    <Data Name="Description">Mozilla Glue Library</Data>
    <Data Name="Product">Firefox</Data>
    <Data Name="Company">Mozilla Corporation</Data>
    <Data Name="OriginalFileName">mozglue.dll</Data>
    <Data Name="Hashes">SHA1=6B9BBA651A0CBD1C8A89D7127D8C873561490666,MD5=C604BED279AA5351FE6810111EDA0A21,SHA256=C35A2A972F11FBBC2C567B6F776B9C78623BCAB97A23367C5A00CE5499A8B106,IMPHASH=0AAAEE36CD7929C388E742028EACD105</Data>
    <Data Name="Signed">true</Data>
    <Data Name="Signature">Mozilla Corporation</Data>
    <Data Name="SignatureStatus">Valid</Data>
    <Data Name="User">MERIDIANHCS\aisha.johnson</Data>
    
  </EventData>
</Event>
<Event xmlns="http://schemas.microsoft.com/win/2004/08/events/event">
  <System>
    <Provider Name="Microsoft-Windows-Sysmon" Guid="{5770385f-c22a-43e0-bf4c-06f5698ffbd9}"/>
    <EventID>7</EventID>
    <Version>3</Version>
    <Level>4</Level>
    <Task>7</Task>
    <Opcode>0</Opcode>
    <Keywords>0x8000000000000000</Keywords>
    <TimeCreated SystemTime="2024-03-18T13:35:33.1326985Z"/>
    <EventRecordID>30707</EventRecordID>
    <Correlation/>
    <Execution ProcessID="2716" ThreadID="3920"/>
    <Channel>Microsoft-Windows-Sysmon/Operational</Channel>
    <Computer>WS-AJOHNSON-01.meridianhcs.local</Computer>
    <Security UserID="S-1-5-18"/>
  </System>
  <EventData>
    
    <Data Name="RuleName">-</Data>
    <Data Name="UtcTime">2024-03-18 13:35:33.132</Data>
    <Data Name="ProcessGuid">{fd907e59-4325-65f8-2c02-00000cc659aa}</Data>
    <Data Name="ProcessId">5692</Data>
    <Data Name="Image">C:\Program Files\Mozilla Firefox\firefox.exe</Data>
    <Data Name="ImageLoaded">C:\Program Files\Mozilla Firefox\nss3.dll</Data>
    <Data Name="FileVersion">121.0</Data>
    <Data Name="Description">Network Security Services</Data>
    <Data Name="Product">Firefox</Data>
    <Data Name="Company">Mozilla Corporation</Data>
    <Data Name="OriginalFileName">nss3.dll</Data>
    <Data Name="Hashes">SHA1=E6FCB2E18D1EDB2960AEEEDC771D31C757ED314A,MD5=B48DFF602DD3068E71014297E34C5DE0,SHA256=3F2C8EACE2F1D61DE9D7D4CBA8161C4C692667AF8F42190DF7719B28F4DD325F,IMPHASH=9ACDE9A71BFFEDFEB8CBD53782FB014D</Data>
    <Data Name="Signed">true</Data>
    <Data Name="Signature">Mozilla Corporation</Data>
    <Data Name="SignatureStatus">Valid</Data>
    <Data Name="User">MERIDIANHCS\aisha.johnson</Data>
    
  </EventData>
</Event>
<Event xmlns="http://schemas.microsoft.com/win/2004/08/events/event">
  <System>
    <Provider Name="Microsoft-Windows-Sysmon" Guid="{5770385f-c22a-43e0-bf4c-06f5698ffbd9}"/>
    <EventID>7</EventID>
    <Version>3</Version>
    <Level>4</Level>
    <Task>7</Task>
    <Opcode>0</Opcode>
    <Keywords>0x8000000000000000</Keywords>
    <TimeCreated SystemTime="2024-03-18T13:35:33.1330710Z"/>
    <EventRecordID>30708</EventRecordID>
    <Correlation/>
    <Execution ProcessID="2716" ThreadID="3920"/>
    <Channel>Microsoft-Windows-Sysmon/Operational</Channel>
    <Computer>WS-AJOHNSON-01.meridianhcs.local</Computer>
    <Security UserID="S-1-5-18"/>
  </System>
  <EventData>
    
    <Data Name="RuleName">-</Data>
    <Data Name="UtcTime">2024-03-18 13:35:33.133</Data>
    <Data Name="ProcessGuid">{fd907e59-4325-65f8-2c02-00000cc659aa}</Data>
    <Data Name="ProcessId">5692</Data>
    <Data Name="Image">C:\Program Files\Mozilla Firefox\firefox.exe</Data>
    <Data Name="ImageLoaded">C:\Program Files\Mozilla Firefox\lgpllibs.dll</Data>
    <Data Name="FileVersion">121.0</Data>
    <Data Name="Description">Mozilla LGPL Libraries</Data>
    <Data Name="Product">Firefox</Data>
    <Data Name="Company">Mozilla Corporation</Data>
    <Data Name="OriginalFileName">lgpllibs.dll</Data>
    <Data Name="Hashes">SHA1=0562DF3F693A93DBDE68290D3D13AAF1631406DE,MD5=870071B76F2AF80A9EB1EDFA262835C8,SHA256=A53F49429E7A2C31C081889BB6FC3BBDA1D19BBCDB698DAB8379941160E66DAC,IMPHASH=59B26FEFF5529EF6E6280222CD78C62B</Data>
    <Data Name="Signed">true</Data>
    <Data Name="Signature">Mozilla Corporation</Data>
    <Data Name="SignatureStatus">Valid</Data>
    <Data Name="User">MERIDIANHCS\aisha.johnson</Data>
    
  </EventData>
</Event>
<Event xmlns="http://schemas.microsoft.com/win/2004/08/events/event">
  <System>
    <Provider Name="Microsoft-Windows-Sysmon" Guid="{5770385f-c22a-43e0-bf4c-06f5698ffbd9}"/>
    <EventID>13</EventID>
    <Version>2</Version>
    <Level>4</Level>
    <Task>13</Task>
    <Opcode>0</Opcode>
    <Keywords>0x8000000000000000</Keywords>
    <TimeCreated SystemTime="2024-03-18T13:35:40.2941382Z"/>
    <EventRecordID>30709</EventRecordID>
    <Correlation/>
    <Execution ProcessID="2716" ThreadID="3920"/>
    <Channel>Microsoft-Windows-Sysmon/Operational</Channel>
    <Computer>WS-AJOHNSON-01.meridianhcs.local</Computer>
    <Security UserID="S-1-5-18"/>
  </System>
  <EventData>
    
    <Data Name="RuleName">-</Data>
    <Data Name="EventType">SetValue</Data>
    <Data Name="UtcTime">2024-03-18 13:35:40.294</Data>
    <Data Name="ProcessGuid">{fd907e59-385c-65f4-8200-0000ff37dee1}</Data>
    <Data Name="ProcessId">4784</Data>
    <Data Name="Image">C:\Windows\explorer.exe</Data>
    <Data Name="TargetObject">HKU\S-1-5-21-1537687973-2974994828-3875246326-1007\Software\Microsoft\Windows\CurrentVersion\Explorer\ComDlg32\OpenSavePidlMRU\pdf\19</Data>
    <Data Name="Details">hex(2):43,00,3a,00</Data>
    <Data Name="User">MERIDIANHCS\aisha.johnson</Data>
    
  </EventData>
</Event>
<Event xmlns="http://schemas.microsoft.com/win/2004/08/events/event">
  <System>
    <Provider Name="Microsoft-Windows-Sysmon" Guid="{5770385f-c22a-43e0-bf4c-06f5698ffbd9}"/>
    <EventID>10</EventID>
    <Version>3</Version>
    <Level>4</Level>
    <Task>10</Task>
    <Opcode>0</Opcode>
    <Keywords>0x8000000000000000</Keywords>
    <TimeCreated SystemTime="2024-03-18T13:36:19.9721943Z"/>
    <EventRecordID>30711</EventRecordID>
    <Correlation/>
    <Execution ProcessID="2716" ThreadID="4036"/>
    <Channel>Microsoft-Windows-Sysmon/Operational</Channel>
    <Computer>WS-AJOHNSON-01.meridianhcs.local</Computer>
    <Security UserID="S-1-5-18"/>
  </System>
  <EventData>
    
    <Data Name="RuleName">-</Data>
    <Data Name="UtcTime">2024-03-18 13:36:19.972</Data>
    <Data Name="SourceProcessGUID">{fd907e59-3843-65f4-0f00-00107034dbbb}</Data>
    <Data Name="SourceProcessId">4284</Data>
    <Data Name="SourceThreadId">14388</Data>
    <Data Name="SourceImage">C:\Windows\System32\services.exe</Data>
    <Data Name="TargetProcessGUID">{fd907e59-3844-65f4-8800-0010160d00f9}</Data>
    <Data Name="TargetProcessId">4292</Data>
    <Data Name="TargetImage">C:\Windows\System32\lsass.exe</Data>
    <Data Name="GrantedAccess">0x0400</Data>
    <Data Name="CallTrace">C:\Windows\SYSTEM32\ntdll.dll+9CFC6|C:\Windows\SYSTEM32\KERNELBASE.dll+2D9CC|C:\Windows\SYSTEM32\sechost.dll+136D4</Data>
    <Data Name="SourceUser">NT AUTHORITY\SYSTEM</Data>
    <Data Name="TargetUser">NT AUTHORITY\SYSTEM</Data>
    
  </EventData>
</Event>
<Event xmlns="http://schemas.microsoft.com/win/2004/08/events/event">
  <System>
    <Provider Name="Microsoft-Windows-Sysmon" Guid="{5770385f-c22a-43e0-bf4c-06f5698ffbd9}"/>
    <EventID>3</EventID>
    <Version>5</Version>
    <Level>4</Level>
    <Task>3</Task>
    <Opcode>0</Opcode>
    <Keywords>0x8000000000000000</Keywords>
    <TimeCreated SystemTime="2024-03-18T13:36:40.4476809Z"/>
    <EventRecordID>30713</EventRecordID>
    <Correlation/>
    <Execution ProcessID="2716" ThreadID="3920"/>
    <Channel>Microsoft-Windows-Sysmon/Operational</Channel>
    <Computer>WS-AJOHNSON-01.meridianhcs.local</Computer>
    <Security UserID="S-1-5-18"/>
  </System>
  <EventData>
    
    <Data Name="RuleName">-</Data>
    <Data Name="UtcTime">2024-03-18 13:36:40.447</Data>
    <Data Name="ProcessGuid">{fd907e59-4325-65f8-2c02-00000cc659aa}</Data>
    <Data Name="ProcessId">5692</Data>
    <Data Name="Image">C:\Program Files\Mozilla Firefox\firefox.exe</Data>
    <Data Name="User">MERIDIANHCS\aisha.johnson</Data>
    <Data Name="Protocol">tcp</Data>
    <Data Name="Initiated">true</Data>
    <Data Name="SourceIsIpv6">false</Data>
    <Data Name="SourceIp">10.10.1.35</Data>
    <Data Name="SourceHostname">WS-AJOHNSON-01.meridianhcs.local</Data>
    <Data Name="SourcePort">65025</Data>
    <Data Name="SourcePortName">-</Data>
    <Data Name="DestinationIsIpv6">false</Data>
    <Data Name="DestinationIp">10.10.3.20</Data>
    <Data Name="DestinationHostname">PROXY-01.meridianhcs.local</Data>
    <Data Name="DestinationPort">8080</Data>
    <Data Name="DestinationPortName">http-alt</Data>
    
  </EventData>
</Event>
<Event xmlns="http://schemas.microsoft.com/win/2004/08/events/event">
  <System>
    <Provider Name="Microsoft-Windows-Sysmon" Guid="{5770385f-c22a-43e0-bf4c-06f5698ffbd9}"/>
    <EventID>5</EventID>
    <Version>3</Version>
    <Level>4</Level>
    <Task>5</Task>
    <Opcode>0</Opcode>
    <Keywords>0x8000000000000000</Keywords>
    <TimeCreated SystemTime="2024-03-18T13:37:54.7249428Z"/>
    <EventRecordID>30718</EventRecordID>
    <Correlation/>
    <Execution ProcessID="2716" ThreadID="4036"/>
    <Channel>Microsoft-Windows-Sysmon/Operational</Channel>
    <Computer>WS-AJOHNSON-01.meridianhcs.local</Computer>
    <Security UserID="S-1-5-18"/>
  </System>
  <EventData>
    
    <Data Name="RuleName">-</Data>
    <Data Name="UtcTime">2024-03-18 13:37:54.724</Data>
    <Data Name="ProcessGuid">{fd907e59-3dfd-65f8-4600-00009837edab}</Data>
    <Data Name="ProcessId">6008</Data>
    <Data Name="Image">C:\Windows\System32\OpenSSH\ssh.exe</Data>
    <Data Name="User">MERIDIANHCS\aisha.johnson</Data>
    
  </EventData>
</Event>
<Event xmlns="http://schemas.microsoft.com/win/2004/08/events/event">
  <System>
    <Provider Name="Microsoft-Windows-Sysmon" Guid="{5770385f-c22a-43e0-bf4c-06f5698ffbd9}"/>
    <EventID>1</EventID>
    <Version>5</Version>
    <Level>4</Level>
    <Task>1</Task>
    <Opcode>0</Opcode>
    <Keywords>0x8000000000000000</Keywords>
    <TimeCreated SystemTime="2024-03-18T13:37:58.4331698Z"/>
    <EventRecordID>30719</EventRecordID>
    <Correlation/>
    <Execution ProcessID="2716" ThreadID="3920"/>
    <Channel>Microsoft-Windows-Sysmon/Operational</Channel>
    <Computer>WS-AJOHNSON-01.meridianhcs.local</Computer>
    <Security UserID="S-1-5-18"/>
  </System>
  <EventData>
    
    <Data Name="RuleName">-</Data>
    <Data Name="UtcTime">2024-03-18 13:37:58.433</Data>
    <Data Name="ProcessGuid">{fd907e59-43b6-65f8-4002-0010e990b743}</Data>
    <Data Name="ProcessId">5792</Data>
    <Data Name="Image">C:\Program Files (x86)\Common Files\Adobe\ARM\1.0\AdobeARMservice.exe</Data>
    <Data Name="FileVersion">-</Data>
    <Data Name="Description">-</Data>
    <Data Name="Product">-</Data>
    <Data Name="Company">-</Data>
    <Data Name="OriginalFileName">-</Data>
    <Data Name="CommandLine">AdobeARMservice.exe</Data>
    <Data Name="CurrentDirectory">C:\Windows\System32\</Data>
    <Data Name="User">NT AUTHORITY\SYSTEM</Data>
    <Data Name="LogonGuid">{00000000-0000-0000-0000-000000000000}</Data>
    <Data Name="LogonId">0x3e7</Data>
    <Data Name="TerminalSessionId">0</Data>
    <Data Name="IntegrityLevel">System</Data>
    <Data Name="Hashes">SHA1=F6D11F05CF8A9A0F83C37ED5ECDBD769FE5940D7,MD5=D0D49ED5C483D4411B2FE409B120FB71,SHA256=837159C278E95EA9EFAE5DFBCD8E494488E64BDF14D66B146D3301397AF40143,IMPHASH=2369C9FAD3A1DA461C349F66EAE1B462</Data>
    <Data Name="ParentProcessGuid">{fd907e59-3843-65f4-0f00-00107034dbbb}</Data>
    <Data Name="ParentProcessId">4284</Data>
    <Data Name="ParentImage">C:\Windows\System32\services.exe</Data>
    <Data Name="ParentCommandLine">services.exe</Data>
    <Data Name="ParentUser">NT AUTHORITY\SYSTEM</Data>
    
  </EventData>
</Event>
<Event xmlns="http://schemas.microsoft.com/win/2004/08/events/event">
  <System>
    <Provider Name="Microsoft-Windows-Sysmon" Guid="{5770385f-c22a-43e0-bf4c-06f5698ffbd9}"/>
    <EventID>10</EventID>
    <Version>3</Version>
    <Level>4</Level>
    <Task>10</Task>
    <Opcode>0</Opcode>
    <Keywords>0x8000000000000000</Keywords>
    <TimeCreated SystemTime="2024-03-18T13:38:26.7862026Z"/>
    <EventRecordID>30721</EventRecordID>
    <Correlation/>
    <Execution ProcessID="2716" ThreadID="4036"/>
    <Channel>Microsoft-Windows-Sysmon/Operational</Channel>
    <Computer>WS-AJOHNSON-01.meridianhcs.local</Computer>
    <Security UserID="S-1-5-18"/>
  </System>
  <EventData>
    
    <Data Name="RuleName">-</Data>
    <Data Name="UtcTime">2024-03-18 13:38:26.786</Data>
    <Data Name="SourceProcessGUID">{fd907e59-384f-65f4-7802-0000c3ac2015}</Data>
    <Data Name="SourceProcessId">4600</Data>
    <Data Name="SourceThreadId">14732</Data>
    <Data Name="SourceImage">C:\ProgramData\Microsoft\Windows Defender\Platform\4.18.2301.6-0\MsMpEng.exe</Data>
    <Data Name="TargetProcessGUID">{fd907e59-3844-65f4-8800-0010160d00f9}</Data>
    <Data Name="TargetProcessId">4292</Data>
    <Data Name="TargetImage">C:\Windows\System32\lsass.exe</Data>
    <Data Name="GrantedAccess">0x1010</Data>
    <Data Name="CallTrace">C:\Windows\SYSTEM32\ntdll.dll+9E68C|C:\Windows\SYSTEM32\KERNELBASE.dll+2D360|C:\Windows\SYSTEM32\advapi32.dll+4CFA5</Data>
    <Data Name="SourceUser">NT AUTHORITY\SYSTEM</Data>
    <Data Name="TargetUser">NT AUTHORITY\SYSTEM</Data>
    
  </EventData>
</Event>
<Event xmlns="http://schemas.microsoft.com/win/2004/08/events/event">
  <System>
    <Provider Name="Microsoft-Windows-Sysmon" Guid="{5770385f-c22a-43e0-bf4c-06f5698ffbd9}"/>
    <EventID>5</EventID>
    <Version>3</Version>
    <Level>4</Level>
    <Task>5</Task>
    <Opcode>0</Opcode>
    <Keywords>0x8000000000000000</Keywords>
    <TimeCreated SystemTime="2024-03-18T13:38:44.4710235Z"/>
    <EventRecordID>30722</EventRecordID>
    <Correlation/>
    <Execution ProcessID="2716" ThreadID="3920"/>
    <Channel>Microsoft-Windows-Sysmon/Operational</Channel>
    <Computer>WS-AJOHNSON-01.meridianhcs.local</Computer>
    <Security UserID="S-1-5-18"/>
  </System>
  <EventData>
    
    <Data Name="RuleName">-</Data>
    <Data Name="UtcTime">2024-03-18 13:38:44.471</Data>
    <Data Name="ProcessGuid">{fd907e59-43b6-65f8-4002-0010e990b743}</Data>
    <Data Name="ProcessId">5792</Data>
    <Data Name="Image">C:\Program Files (x86)\Common Files\Adobe\ARM\1.0\AdobeARMservice.exe</Data>
    <Data Name="User">NT AUTHORITY\SYSTEM</Data>
    
  </EventData>
</Event>
<Event xmlns="http://schemas.microsoft.com/win/2004/08/events/event">
  <System>
    <Provider Name="Microsoft-Windows-Sysmon" Guid="{5770385f-c22a-43e0-bf4c-06f5698ffbd9}"/>
    <EventID>1</EventID>
    <Version>5</Version>
    <Level>4</Level>
    <Task>1</Task>
    <Opcode>0</Opcode>
    <Keywords>0x8000000000000000</Keywords>
    <TimeCreated SystemTime="2024-03-18T13:39:01.6729606Z"/>
    <EventRecordID>30726</EventRecordID>
    <Correlation/>
    <Execution ProcessID="2716" ThreadID="3920"/>
    <Channel>Microsoft-Windows-Sysmon/Operational</Channel>
    <Computer>WS-AJOHNSON-01.meridianhcs.local</Computer>
    <Security UserID="S-1-5-18"/>
  </System>
  <EventData>
    
    <Data Name="RuleName">-</Data>
    <Data Name="UtcTime">2024-03-18 13:39:01.672</Data>
    <Data Name="ProcessGuid">{fd907e59-43f5-65f8-2202-0000c4b77097}</Data>
    <Data Name="ProcessId">6068</Data>
    <Data Name="Image">C:\Windows\System32\OpenSSH\ssh.exe</Data>
    <Data Name="FileVersion">8.6.0.1</Data>
    <Data Name="Description">OpenSSH SSH client</Data>
    <Data Name="Product">OpenSSH for Windows</Data>
    <Data Name="Company">Microsoft Corporation</Data>
    <Data Name="OriginalFileName">ssh.exe</Data>
    <Data Name="CommandLine">ssh.exe aisha.johnson@WEB-EXT-01.meridianhcs.local</Data>
    <Data Name="CurrentDirectory">C:\Users\aisha.johnson\</Data>
    <Data Name="User">MERIDIANHCS\aisha.johnson</Data>
    <Data Name="LogonGuid">{00000000-0000-0000-0000-000000000000}</Data>
    <Data Name="LogonId">0x25e58d7</Data>
    <Data Name="TerminalSessionId">3</Data>
    <Data Name="IntegrityLevel">Medium</Data>
    <Data Name="Hashes">SHA1=34EDBE1F2503BED1B1F8F387974ACB65F632C21B,MD5=177AE85C74B6D0BB9FC040A42BF2CAC0,SHA256=5CA44FEC35D64819E1CF357648C98073ACA2AEF9816F8FA375095783B3AC3EE1,IMPHASH=62F7B0310260F97B5078263292DD1CBA</Data>
    <Data Name="ParentProcessGuid">{fd907e59-3d39-65f8-c002-00100708cd91}</Data>
    <Data Name="ParentProcessId">5916</Data>
    <Data Name="ParentImage">C:\Windows\System32\WindowsPowerShell\v1.0\powershell.exe</Data>
    <Data Name="ParentCommandLine">powershell.exe</Data>
    <Data Name="ParentUser">MERIDIANHCS\aisha.johnson</Data>
    
  </EventData>
</Event>
<Event xmlns="http://schemas.microsoft.com/win/2004/08/events/event">
  <System>
    <Provider Name="Microsoft-Windows-Sysmon" Guid="{5770385f-c22a-43e0-bf4c-06f5698ffbd9}"/>
    <EventID>11</EventID>
    <Version>2</Version>
    <Level>4</Level>
    <Task>11</Task>
    <Opcode>0</Opcode>
    <Keywords>0x8000000000000000</Keywords>
    <TimeCreated SystemTime="2024-03-18T13:39:11.4263632Z"/>
    <EventRecordID>30727</EventRecordID>
    <Correlation/>
    <Execution ProcessID="2716" ThreadID="4236"/>
    <Channel>Microsoft-Windows-Sysmon/Operational</Channel>
    <Computer>WS-AJOHNSON-01.meridianhcs.local</Computer>
    <Security UserID="S-1-5-18"/>
  </System>
  <EventData>
    
    <Data Name="RuleName">-</Data>
    <Data Name="UtcTime">2024-03-18 13:39:11.426</Data>
    <Data Name="ProcessGuid">{fd907e59-3850-65f4-5402-0010c6a9a264}</Data>
    <Data Name="ProcessId">4628</Data>
    <Data Name="Image">C:\Windows\System32\SearchIndexer.exe</Data>
    <Data Name="TargetFilename">C:\Windows\Temp\81436.tmp</Data>
    <Data Name="CreationUtcTime">2024-03-18 13:39:11.426</Data>
    <Data Name="User">NT AUTHORITY\SYSTEM</Data>
    
  </EventData>
</Event>
