<Event xmlns="http://schemas.microsoft.com/win/2004/08/events/event">
  <System>
    <Provider Name="Microsoft-Windows-Sysmon" Guid="{5770385f-c22a-43e0-bf4c-06f5698ffbd9}"/>
    <EventID>3</EventID>
    <Version>5</Version>
    <Level>4</Level>
    <Task>3</Task>
    <Opcode>0</Opcode>
    <Keywords>0x8000000000000000</Keywords>
    <TimeCreated SystemTime="2024-03-18T13:38:32.7477106Z"/>
    <EventRecordID>121412</EventRecordID>
    <Correlation/>
    <Execution ProcessID="2492" ThreadID="4724"/>
    <Channel>Microsoft-Windows-Sysmon/Operational</Channel>
    <Computer>WS-SMARTINEZ-01.meridianhcs.local</Computer>
    <Security UserID="S-1-5-18"/>
  </System>
  <EventData>
    
    <Data Name="RuleName">-</Data>
    <Data Name="UtcTime">2024-03-18 13:38:32.747</Data>
    <Data Name="ProcessGuid">{f613acc2-c34d-65e1-5002-000060985713}</Data>
    <Data Name="ProcessId">5984</Data>
    <Data Name="Image">C:\Windows\System32\svchost.exe</Data>
    <Data Name="User">NT AUTHORITY\NETWORK SERVICE</Data>
    <Data Name="Protocol">tcp</Data>
    <Data Name="Initiated">true</Data>
    <Data Name="SourceIsIpv6">false</Data>
    <Data Name="SourceIp">10.10.1.36</Data>
    <Data Name="SourceHostname">WS-SMARTINEZ-01.meridianhcs.local</Data>
    <Data Name="SourcePort">57154</Data>
    <Data Name="SourcePortName">-</Data>
    <Data Name="DestinationIsIpv6">false</Data>
    <Data Name="DestinationIp">10.10.2.10</Data>
    <Data Name="DestinationHostname">DC-01.meridianhcs.local</Data>
    <Data Name="DestinationPort">445</Data>
    <Data Name="DestinationPortName">microsoft-ds</Data>
    
  </EventData>
</Event>
<Event xmlns="http://schemas.microsoft.com/win/2004/08/events/event">
  <System>
    <Provider Name="Microsoft-Windows-Sysmon" Guid="{5770385f-c22a-43e0-bf4c-06f5698ffbd9}"/>
    <EventID>13</EventID>
    <Version>2</Version>
    <Level>4</Level>
    <Task>13</Task>
    <Opcode>0</Opcode>
    <Keywords>0x8000000000000000</Keywords>
    <TimeCreated SystemTime="2024-03-18T13:38:35.5261109Z"/>
    <EventRecordID>121413</EventRecordID>
    <Correlation/>
    <Execution ProcessID="2492" ThreadID="3468"/>
    <Channel>Microsoft-Windows-Sysmon/Operational</Channel>
    <Computer>WS-SMARTINEZ-01.meridianhcs.local</Computer>
    <Security UserID="S-1-5-18"/>
  </System>
  <EventData>
    
    <Data Name="RuleName">-</Data>
    <Data Name="EventType">SetValue</Data>
    <Data Name="UtcTime">2024-03-18 13:38:35.526</Data>
    <Data Name="ProcessGuid">{f613acc2-c367-65e1-c600-00005c9b5f7c}</Data>
    <Data Name="ProcessId">6268</Data>
    <Data Name="Image">C:\Windows\explorer.exe</Data>
    <Data Name="TargetObject">HKU\S-1-5-21-1537687973-2974994828-3875246326-1008\Software\Microsoft\Office\16.0\Word\Reading Locations\Document 79\Datetime</Data>
    <Data Name="Details">2024-03-18T11:50:55</Data>
    <Data Name="User">MERIDIANHCS\sophia.martinez</Data>
    
  </EventData>
</Event>
<Event xmlns="http://schemas.microsoft.com/win/2004/08/events/event">
  <System>
    <Provider Name="Microsoft-Windows-Sysmon" Guid="{5770385f-c22a-43e0-bf4c-06f5698ffbd9}"/>
    <EventID>1</EventID>
    <Version>5</Version>
    <Level>4</Level>
    <Task>1</Task>
    <Opcode>0</Opcode>
    <Keywords>0x8000000000000000</Keywords>
    <TimeCreated SystemTime="2024-03-18T13:38:58.2968264Z"/>
    <EventRecordID>121416</EventRecordID>
    <Correlation/>
    <Execution ProcessID="2492" ThreadID="3468"/>
    <Channel>Microsoft-Windows-Sysmon/Operational</Channel>
    <Computer>WS-SMARTINEZ-01.meridianhcs.local</Computer>
    <Security UserID="S-1-5-18"/>
  </System>
  <EventData>
    
    <Data Name="RuleName">-</Data>
    <Data Name="UtcTime">2024-03-18 13:38:58.296</Data>
    <Data Name="ProcessGuid">{f613acc2-43f2-65f8-6a00-0000f58b9dfb}</Data>
    <Data Name="ProcessId">6968</Data>
    <Data Name="Image">C:\Program Files\Microsoft Monitoring Agent\Agent\MonitoringHost.exe</Data>
    <Data Name="FileVersion">-</Data>
    <Data Name="Description">-</Data>
    <Data Name="Product">-</Data>
    <Data Name="Company">-</Data>
    <Data Name="OriginalFileName">-</Data>
    <Data Name="CommandLine">"C:\Program Files\Microsoft Monitoring Agent\Agent\MonitoringHost.exe" -Embedding</Data>
    <Data Name="CurrentDirectory">C:\Windows\System32\</Data>
    <Data Name="User">NT AUTHORITY\SYSTEM</Data>
    <Data Name="LogonGuid">{00000000-0000-0000-0000-000000000000}</Data>
    <Data Name="LogonId">0x3e7</Data>
    <Data Name="TerminalSessionId">0</Data>
    <Data Name="IntegrityLevel">System</Data>
    <Data Name="Hashes">SHA1=8E9157C5C8CC245A0D721E12F86F29F36FD73DE9,MD5=F16BD05B11F233C65329D8B76CB0FD53,SHA256=C1538682238D92A51F013B7D6226442C270DFA6119BD0DF866546B028A018C19,IMPHASH=9280D6D99E65A940B5EA21C37622DC98</Data>
    <Data Name="ParentProcessGuid">{f613acc2-c348-65e1-4e00-00008e16ee6f}</Data>
    <Data Name="ParentProcessId">5908</Data>
    <Data Name="ParentImage">C:\Windows\System32\services.exe</Data>
    <Data Name="ParentCommandLine">services.exe</Data>
    <Data Name="ParentUser">NT AUTHORITY\SYSTEM</Data>
    
  </EventData>
</Event>
<Event xmlns="http://schemas.microsoft.com/win/2004/08/events/event">
  <System>
    <Provider Name="Microsoft-Windows-Sysmon" Guid="{5770385f-c22a-43e0-bf4c-06f5698ffbd9}"/>
    <EventID>1</EventID>
    <Version>5</Version>
    <Level>4</Level>
    <Task>1</Task>
    <Opcode>0</Opcode>
    <Keywords>0x8000000000000000</Keywords>
    <TimeCreated SystemTime="2024-03-18T13:39:41.7468737Z"/>
    <EventRecordID>121420</EventRecordID>
    <Correlation/>
    <Execution ProcessID="2492" ThreadID="4724"/>
    <Channel>Microsoft-Windows-Sysmon/Operational</Channel>
    <Computer>WS-SMARTINEZ-01.meridianhcs.local</Computer>
    <Security UserID="S-1-5-18"/>
  </System>
  <EventData>
    
    <Data Name="RuleName">-</Data>
    <Data Name="UtcTime">2024-03-18 13:39:41.746</Data>
    <Data Name="ProcessGuid">{f613acc2-441d-65f8-4a00-000046ee0384}</Data>
    <Data Name="ProcessId">6896</Data>
    <Data Name="Image">C:\Windows\System32\MpCmdRun.exe</Data>
    <Data Name="FileVersion">4.18.2211.5</Data>
    <Data Name="Description">Microsoft Malware Protection Command Line Utility</Data>
    <Data Name="Product">Microsoft Antimalware</Data>
    <Data Name="Company">Microsoft Corporation</Data>
    <Data Name="OriginalFileName">MpCmdRun.exe</Data>
    <Data Name="CommandLine">MpCmdRun.exe -Scan -ScanType 1</Data>
    <Data Name="CurrentDirectory">C:\Windows\System32\</Data>
    <Data Name="User">NT AUTHORITY\SYSTEM</Data>
    <Data Name="LogonGuid">{00000000-0000-0000-0000-000000000000}</Data>
    <Data Name="LogonId">0x3e7</Data>
    <Data Name="TerminalSessionId">0</Data>
    <Data Name="IntegrityLevel">System</Data>
    <Data Name="Hashes">SHA1=F4EF00F41048EBCC93DDDD07336499E959343F58,MD5=9B838F4924D64C5DD674FED40433F836,SHA256=6D1A306334F254CECFADAFE15CFDE5758AD680D93A4AF98E6FB2064776AF6334,IMPHASH=F8F14F62C527C382581D90DAA5F1D4C5</Data>
    <Data Name="ParentProcessGuid">{f613acc2-c348-65e1-4e00-00008e16ee6f}</Data>
    <Data Name="ParentProcessId">5908</Data>
    <Data Name="ParentImage">C:\Windows\System32\services.exe</Data>
    <Data Name="ParentCommandLine">services.exe</Data>
    <Data Name="ParentUser">NT AUTHORITY\SYSTEM</Data>
    
  </EventData>
</Event>
<Event xmlns="http://schemas.microsoft.com/win/2004/08/events/event">
  <System>
    <Provider Name="Microsoft-Windows-Sysmon" Guid="{5770385f-c22a-43e0-bf4c-06f5698ffbd9}"/>
    <EventID>1</EventID>
    <Version>5</Version>
    <Level>4</Level>
    <Task>1</Task>
    <Opcode>0</Opcode>
    <Keywords>0x8000000000000000</Keywords>
    <TimeCreated SystemTime="2024-03-18T13:39:57.2807471Z"/>
    <EventRecordID>121421</EventRecordID>
    <Correlation/>
    <Execution ProcessID="2492" ThreadID="4724"/>
    <Channel>Microsoft-Windows-Sysmon/Operational</Channel>
    <Computer>WS-SMARTINEZ-01.meridianhcs.local</Computer>
    <Security UserID="S-1-5-18"/>
  </System>
  <EventData>
    
    <Data Name="RuleName">-</Data>
    <Data Name="UtcTime">2024-03-18 13:39:57.280</Data>
    <Data Name="ProcessGuid">{f613acc2-442d-65f8-b002-001014d7feae}</Data>
    <Data Name="ProcessId">7072</Data>
    <Data Name="Image">C:\Windows\System32\OpenSSH\ssh.exe</Data>
    <Data Name="FileVersion">8.6.0.1</Data>
    <Data Name="Description">OpenSSH SSH client</Data>
    <Data Name="Product">OpenSSH for Windows</Data>
    <Data Name="Company">Microsoft Corporation</Data>
    <Data Name="OriginalFileName">ssh.exe</Data>
    <Data Name="CommandLine">ssh.exe root@WEB-EXT-01.meridianhcs.local</Data>
    <Data Name="CurrentDirectory">C:\Users\sophia.martinez\</Data>
    <Data Name="User">MERIDIANHCS\sophia.martinez</Data>
    <Data Name="LogonGuid">{00000000-0000-0000-0000-000000000000}</Data>
    <Data Name="LogonId">0xc1982c7</Data>
    <Data Name="TerminalSessionId">2</Data>
    <Data Name="IntegrityLevel">Medium</Data>
    <Data Name="Hashes">SHA1=34EDBE1F2503BED1B1F8F387974ACB65F632C21B,MD5=177AE85C74B6D0BB9FC040A42BF2CAC0,SHA256=5CA44FEC35D64819E1CF357648C98073ACA2AEF9816F8FA375095783B3AC3EE1,IMPHASH=62F7B0310260F97B5078263292DD1CBA</Data>
    <Data Name="ParentProcessGuid">{f613acc2-3e40-65f8-8202-00104b27c3b4}</Data>
    <Data Name="ParentProcessId">7036</Data>
    <Data Name="ParentImage">C:\Program Files\Microsoft Office\root\Office16\OUTLOOK.EXE</Data>
    <Data Name="ParentCommandLine">"C:\Program Files\Microsoft Office\root\Office16\OUTLOOK.EXE" /recycle</Data>
    <Data Name="ParentUser">MERIDIANHCS\sophia.martinez</Data>
    
  </EventData>
</Event>
<Event xmlns="http://schemas.microsoft.com/win/2004/08/events/event">
  <System>
    <Provider Name="Microsoft-Windows-Sysmon" Guid="{5770385f-c22a-43e0-bf4c-06f5698ffbd9}"/>
    <EventID>22</EventID>
    <Version>5</Version>
    <Level>4</Level>
    <Task>22</Task>
    <Opcode>0</Opcode>
    <Keywords>0x8000000000000000</Keywords>
    <TimeCreated SystemTime="2024-03-18T13:40:08.8877313Z"/>
    <EventRecordID>121423</EventRecordID>
    <Correlation/>
    <Execution ProcessID="2492" ThreadID="4724"/>
    <Channel>Microsoft-Windows-Sysmon/Operational</Channel>
    <Computer>WS-SMARTINEZ-01.meridianhcs.local</Computer>
    <Security UserID="S-1-5-18"/>
  </System>
  <EventData>
    
    <Data Name="RuleName">-</Data>
    <Data Name="UtcTime">2024-03-18 13:40:08.887</Data>
    <Data Name="ProcessGuid">{f613acc2-442d-65f8-b002-001014d7feae}</Data>
    <Data Name="ProcessId">7072</Data>
    <Data Name="QueryName">WEB-EXT-01.meridianhcs.local</Data>
    <Data Name="QueryStatus">0</Data>
    <Data Name="QueryResults">-</Data>
    <Data Name="Image">C:\Windows\System32\OpenSSH\ssh.exe</Data>
    <Data Name="User">MERIDIANHCS\sophia.martinez</Data>
    
  </EventData>
</Event>
<Event xmlns="http://schemas.microsoft.com/win/2004/08/events/event">
  <System>
    <Provider Name="Microsoft-Windows-Sysmon" Guid="{5770385f-c22a-43e0-bf4c-06f5698ffbd9}"/>
    <EventID>3</EventID>
    <Version>5</Version>
    <Level>4</Level>
    <Task>3</Task>
    <Opcode>0</Opcode>
    <Keywords>0x8000000000000000</Keywords>
    <TimeCreated SystemTime="2024-03-18T13:40:10.6384496Z"/>
    <EventRecordID>121424</EventRecordID>
    <Correlation/>
    <Execution ProcessID="2492" ThreadID="3468"/>
    <Channel>Microsoft-Windows-Sysmon/Operational</Channel>
    <Computer>WS-SMARTINEZ-01.meridianhcs.local</Computer>
    <Security UserID="S-1-5-18"/>
  </System>
  <EventData>
    
    <Data Name="RuleName">-</Data>
    <Data Name="UtcTime">2024-03-18 13:40:10.638</Data>
    <Data Name="ProcessGuid">{f613acc2-442d-65f8-b002-001014d7feae}</Data>
    <Data Name="ProcessId">7072</Data>
    <Data Name="Image">C:\Windows\System32\OpenSSH\ssh.exe</Data>
    <Data Name="User">MERIDIANHCS\sophia.martinez</Data>
    <Data Name="Protocol">tcp</Data>
    <Data Name="Initiated">true</Data>
    <Data Name="SourceIsIpv6">false</Data>
    <Data Name="SourceIp">10.10.1.36</Data>
    <Data Name="SourceHostname">WS-SMARTINEZ-01.meridianhcs.local</Data>
    <Data Name="SourcePort">61896</Data>
    <Data Name="SourcePortName">-</Data>
    <Data Name="DestinationIsIpv6">false</Data>
    <Data Name="DestinationIp">10.10.3.10</Data>
    <Data Name="DestinationHostname">WEB-EXT-01.meridianhcs.local</Data>
    <Data Name="DestinationPort">22</Data>
    <Data Name="DestinationPortName">ssh</Data>
    
  </EventData>
</Event>
<Event xmlns="http://schemas.microsoft.com/win/2004/08/events/event">
  <System>
    <Provider Name="Microsoft-Windows-Sysmon" Guid="{5770385f-c22a-43e0-bf4c-06f5698ffbd9}"/>
    <EventID>13</EventID>
    <Version>2</Version>
    <Level>4</Level>
    <Task>13</Task>
    <Opcode>0</Opcode>
    <Keywords>0x8000000000000000</Keywords>
    <TimeCreated SystemTime="2024-03-18T13:40:48.8637645Z"/>
    <EventRecordID>121426</EventRecordID>
    <Correlation/>
    <Execution ProcessID="2492" ThreadID="3468"/>
    <Channel>Microsoft-Windows-Sysmon/Operational</Channel>
    <Computer>WS-SMARTINEZ-01.meridianhcs.local</Computer>
    <Security UserID="S-1-5-18"/>
  </System>
  <EventData>
    
    <Data Name="RuleName">-</Data>
    <Data Name="EventType">SetValue</Data>
    <Data Name="UtcTime">2024-03-18 13:40:48.863</Data>
    <Data Name="ProcessGuid">{f613acc2-c35c-65e1-9d02-0010d5bfc00d}</Data>
    <Data Name="ProcessId">6148</Data>
    <Data Name="Image">C:\Windows\System32\dllhost.exe</Data>
    <Data Name="TargetObject">HKLM\SYSTEM\CurrentControlSet\Services\LanmanWorkstation\Parameters\EnableSecuritySignature</Data>
    <Data Name="Details">DWORD (0x00000001)</Data>
    <Data Name="User">NT AUTHORITY\SYSTEM</Data>
    
  </EventData>
</Event>
<Event xmlns="http://schemas.microsoft.com/win/2004/08/events/event">
  <System>
    <Provider Name="Microsoft-Windows-Sysmon" Guid="{5770385f-c22a-43e0-bf4c-06f5698ffbd9}"/>
    <EventID>22</EventID>
    <Version>5</Version>
    <Level>4</Level>
    <Task>22</Task>
    <Opcode>0</Opcode>
    <Keywords>0x8000000000000000</Keywords>
    <TimeCreated SystemTime="2024-03-18T13:41:01.7481917Z"/>
    <EventRecordID>121427</EventRecordID>
    <Correlation/>
    <Execution ProcessID="2492" ThreadID="3476"/>
    <Channel>Microsoft-Windows-Sysmon/Operational</Channel>
    <Computer>WS-SMARTINEZ-01.meridianhcs.local</Computer>
    <Security UserID="S-1-5-18"/>
  </System>
  <EventData>
    
    <Data Name="RuleName">-</Data>
    <Data Name="UtcTime">2024-03-18 13:41:01.748</Data>
    <Data Name="ProcessGuid">{f613acc2-c348-65e1-2800-00007f48eab2}</Data>
    <Data Name="ProcessId">5928</Data>
    <Data Name="QueryName">_kerberos._tcp.dc._msdcs.meridianhcs.local</Data>
    <Data Name="QueryStatus">0</Data>
    <Data Name="QueryResults">0 100 88 DC-01.meridianhcs.local;</Data>
    <Data Name="Image">C:\Windows\System32\lsass.exe</Data>
    <Data Name="User">NT AUTHORITY\SYSTEM</Data>
    
  </EventData>
</Event>
<Event xmlns="http://schemas.microsoft.com/win/2004/08/events/event">
  <System>
    <Provider Name="Microsoft-Windows-Sysmon" Guid="{5770385f-c22a-43e0-bf4c-06f5698ffbd9}"/>
    <EventID>22</EventID>
    <Version>5</Version>
    <Level>4</Level>
    <Task>22</Task>
    <Opcode>0</Opcode>
    <Keywords>0x8000000000000000</Keywords>
    <TimeCreated SystemTime="2024-03-18T13:44:54.6457584Z"/>
    <EventRecordID>121432</EventRecordID>
    <Correlation/>
    <Execution ProcessID="2492" ThreadID="3476"/>
    <Channel>Microsoft-Windows-Sysmon/Operational</Channel>
    <Computer>WS-SMARTINEZ-01.meridianhcs.local</Computer>
    <Security UserID="S-1-5-18"/>
  </System>
  <EventData>
    
    <Data Name="RuleName">-</Data>
    <Data Name="UtcTime">2024-03-18 13:44:54.645</Data>
    <Data Name="ProcessGuid">{f613acc2-c34e-65e1-8b00-0000eb2d9206}</Data>
    <Data Name="ProcessId">5988</Data>
    <Data Name="QueryName">DC-01.meridianhcs.local</Data>
    <Data Name="QueryStatus">0</Data>
    <Data Name="QueryResults">10.10.2.10;</Data>
    <Data Name="Image">C:\Windows\System32\svchost.exe</Data>
    <Data Name="User">NT AUTHORITY\LOCAL SERVICE</Data>
    
  </EventData>
</Event>
<Event xmlns="http://schemas.microsoft.com/win/2004/08/events/event">
  <System>
    <Provider Name="Microsoft-Windows-Sysmon" Guid="{5770385f-c22a-43e0-bf4c-06f5698ffbd9}"/>
    <EventID>22</EventID>
    <Version>5</Version>
    <Level>4</Level>
    <Task>22</Task>
    <Opcode>0</Opcode>
    <Keywords>0x8000000000000000</Keywords>
    <TimeCreated SystemTime="2024-03-18T13:45:11.4292378Z"/>
    <EventRecordID>121436</EventRecordID>
    <Correlation/>
    <Execution ProcessID="2492" ThreadID="4724"/>
    <Channel>Microsoft-Windows-Sysmon/Operational</Channel>
    <Computer>WS-SMARTINEZ-01.meridianhcs.local</Computer>
    <Security UserID="S-1-5-18"/>
  </System>
  <EventData>
    
    <Data Name="RuleName">-</Data>
    <Data Name="UtcTime">2024-03-18 13:45:11.429</Data>
    <Data Name="ProcessGuid">{f613acc2-c34d-65e1-5002-000060985713}</Data>
    <Data Name="ProcessId">5984</Data>
    <Data Name="QueryName">FILE-SRV-01.meridianhcs.local</Data>
    <Data Name="QueryStatus">0</Data>
    <Data Name="QueryResults">10.10.2.20;</Data>
    <Data Name="Image">C:\Windows\System32\svchost.exe</Data>
    <Data Name="User">NT AUTHORITY\NETWORK SERVICE</Data>
    
  </EventData>
</Event>
<Event xmlns="http://schemas.microsoft.com/win/2004/08/events/event">
  <System>
    <Provider Name="Microsoft-Windows-Sysmon" Guid="{5770385f-c22a-43e0-bf4c-06f5698ffbd9}"/>
    <EventID>5</EventID>
    <Version>3</Version>
    <Level>4</Level>
    <Task>5</Task>
    <Opcode>0</Opcode>
    <Keywords>0x8000000000000000</Keywords>
    <TimeCreated SystemTime="2024-03-18T13:51:45.3434330Z"/>
    <EventRecordID>121457</EventRecordID>
    <Correlation/>
    <Execution ProcessID="2492" ThreadID="4724"/>
    <Channel>Microsoft-Windows-Sysmon/Operational</Channel>
    <Computer>WS-SMARTINEZ-01.meridianhcs.local</Computer>
    <Security UserID="S-1-5-18"/>
  </System>
  <EventData>
    
    <Data Name="RuleName">-</Data>
    <Data Name="UtcTime">2024-03-18 13:51:45.343</Data>
    <Data Name="ProcessGuid">{f613acc2-441d-65f8-4a00-000046ee0384}</Data>
    <Data Name="ProcessId">6896</Data>
    <Data Name="Image">C:\Windows\System32\MpCmdRun.exe</Data>
    <Data Name="User">NT AUTHORITY\SYSTEM</Data>
    
  </EventData>
</Event>
<Event xmlns="http://schemas.microsoft.com/win/2004/08/events/event">
  <System>
    <Provider Name="Microsoft-Windows-Sysmon" Guid="{5770385f-c22a-43e0-bf4c-06f5698ffbd9}"/>
    <EventID>11</EventID>
    <Version>2</Version>
    <Level>4</Level>
    <Task>11</Task>
    <Opcode>0</Opcode>
    <Keywords>0x8000000000000000</Keywords>
    <TimeCreated SystemTime="2024-03-18T13:56:47.1918305Z"/>
    <EventRecordID>121470</EventRecordID>
    <Correlation/>
    <Execution ProcessID="2492" ThreadID="3468"/>
    <Channel>Microsoft-Windows-Sysmon/Operational</Channel>
    <Computer>WS-SMARTINEZ-01.meridianhcs.local</Computer>
    <Security UserID="S-1-5-18"/>
  </System>
  <EventData>
    
    <Data Name="RuleName">-</Data>
    <Data Name="UtcTime">2024-03-18 13:56:47.191</Data>
    <Data Name="ProcessGuid">{f613acc2-c35c-65e1-9d02-0010d5bfc00d}</Data>
    <Data Name="ProcessId">6148</Data>
    <Data Name="Image">C:\Windows\System32\dllhost.exe</Data>
    <Data Name="TargetFilename">C:\ProgramData\Microsoft\Windows\WER\ReportQueue\82037\Report.wer</Data>
    <Data Name="CreationUtcTime">2024-03-18 13:56:47.191</Data>
    <Data Name="User">NT AUTHORITY\SYSTEM</Data>
    
  </EventData>
</Event>
<Event xmlns="http://schemas.microsoft.com/win/2004/08/events/event">
  <System>
    <Provider Name="Microsoft-Windows-Sysmon" Guid="{5770385f-c22a-43e0-bf4c-06f5698ffbd9}"/>
    <EventID>22</EventID>
    <Version>5</Version>
    <Level>4</Level>
    <Task>22</Task>
    <Opcode>0</Opcode>
    <Keywords>0x8000000000000000</Keywords>
    <TimeCreated SystemTime="2024-03-18T13:57:14.2584937Z"/>
    <EventRecordID>121471</EventRecordID>
    <Correlation/>
    <Execution ProcessID="2492" ThreadID="3476"/>
    <Channel>Microsoft-Windows-Sysmon/Operational</Channel>
    <Computer>WS-SMARTINEZ-01.meridianhcs.local</Computer>
    <Security UserID="S-1-5-18"/>
  </System>
  <EventData>
    
    <Data Name="RuleName">-</Data>
    <Data Name="UtcTime">2024-03-18 13:57:14.258</Data>
    <Data Name="ProcessGuid">{f613acc2-c34e-65e1-8b00-0000eb2d9206}</Data>
    <Data Name="ProcessId">5988</Data>
    <Data Name="QueryName">DC-01.meridianhcs.local</Data>
    <Data Name="QueryStatus">0</Data>
    <Data Name="QueryResults">10.10.2.10;</Data>
    <Data Name="Image">C:\Windows\System32\svchost.exe</Data>
    <Data Name="User">NT AUTHORITY\LOCAL SERVICE</Data>
    
  </EventData>
</Event>
<Event xmlns="http://schemas.microsoft.com/win/2004/08/events/event">
  <System>
    <Provider Name="Microsoft-Windows-Sysmon" Guid="{5770385f-c22a-43e0-bf4c-06f5698ffbd9}"/>
    <EventID>13</EventID>
    <Version>2</Version>
    <Level>4</Level>
    <Task>13</Task>
    <Opcode>0</Opcode>
    <Keywords>0x8000000000000000</Keywords>
    <TimeCreated SystemTime="2024-03-18T13:57:38.7719006Z"/>
    <EventRecordID>121474</EventRecordID>
    <Correlation/>
    <Execution ProcessID="2492" ThreadID="3468"/>
    <Channel>Microsoft-Windows-Sysmon/Operational</Channel>
    <Computer>WS-SMARTINEZ-01.meridianhcs.local</Computer>
    <Security UserID="S-1-5-18"/>
  </System>
  <EventData>
    
    <Data Name="RuleName">-</Data>
    <Data Name="EventType">SetValue</Data>
    <Data Name="UtcTime">2024-03-18 13:57:38.771</Data>
    <Data Name="ProcessGuid">{f613acc2-c367-65e1-c600-00005c9b5f7c}</Data>
    <Data Name="ProcessId">6268</Data>
    <Data Name="Image">C:\Windows\explorer.exe</Data>
    <Data Name="TargetObject">HKU\S-1-5-21-1537687973-2974994828-3875246326-1008\Software\Microsoft\Windows\CurrentVersion\Explorer\Advanced\HideFileExt</Data>
    <Data Name="Details">DWORD (0x00000001)</Data>
    <Data Name="User">MERIDIANHCS\sophia.martinez</Data>
    
  </EventData>
</Event>
<Event xmlns="http://schemas.microsoft.com/win/2004/08/events/event">
  <System>
    <Provider Name="Microsoft-Windows-Sysmon" Guid="{5770385f-c22a-43e0-bf4c-06f5698ffbd9}"/>
    <EventID>10</EventID>
    <Version>3</Version>
    <Level>4</Level>
    <Task>10</Task>
    <Opcode>0</Opcode>
    <Keywords>0x8000000000000000</Keywords>
    <TimeCreated SystemTime="2024-03-18T13:57:44.4432255Z"/>
    <EventRecordID>121475</EventRecordID>
    <Correlation/>
    <Execution ProcessID="2492" ThreadID="3468"/>
    <Channel>Microsoft-Windows-Sysmon/Operational</Channel>
    <Computer>WS-SMARTINEZ-01.meridianhcs.local</Computer>
    <Security UserID="S-1-5-18"/>
  </System>
  <EventData>
    
    <Data Name="RuleName">-</Data>
    <Data Name="UtcTime">2024-03-18 13:57:44.443</Data>
    <Data Name="SourceProcessGUID">{f613acc2-c35b-65e1-6802-000050454dd9}</Data>
    <Data Name="SourceProcessId">6128</Data>
    <Data Name="SourceThreadId">21760</Data>
    <Data Name="SourceImage">C:\Windows\System32\wbem\WmiPrvSE.exe</Data>
    <Data Name="TargetProcessGUID">{f613acc2-c34a-65e1-5500-0000eed020e5}</Data>
    <Data Name="TargetProcessId">5976</Data>
    <Data Name="TargetImage">C:\Windows\System32\svchost.exe</Data>
    <Data Name="GrantedAccess">0x1000</Data>
    <Data Name="CallTrace">C:\Windows\SYSTEM32\ntdll.dll+9C200|C:\Windows\SYSTEM32\KERNELBASE.dll+2C3ED|C:\Windows\SYSTEM32\combase.dll+29A0F</Data>
    <Data Name="SourceUser">NT AUTHORITY\NETWORK SERVICE</Data>
    <Data Name="TargetUser">NT AUTHORITY\SYSTEM</Data>
    
  </EventData>
</Event>
<Event xmlns="http://schemas.microsoft.com/win/2004/08/events/event">
  <System>
    <Provider Name="Microsoft-Windows-Sysmon" Guid="{5770385f-c22a-43e0-bf4c-06f5698ffbd9}"/>
    <EventID>1</EventID>
    <Version>5</Version>
    <Level>4</Level>
    <Task>1</Task>
    <Opcode>0</Opcode>
    <Keywords>0x8000000000000000</Keywords>
    <TimeCreated SystemTime="2024-03-18T13:57:46.5662999Z"/>
    <EventRecordID>121476</EventRecordID>
    <Correlation/>
    <Execution ProcessID="2492" ThreadID="3468"/>
    <Channel>Microsoft-Windows-Sysmon/Operational</Channel>
    <Computer>WS-SMARTINEZ-01.meridianhcs.local</Computer>
    <Security UserID="S-1-5-18"/>
  </System>
  <EventData>
    
    <Data Name="RuleName">-</Data>
    <Data Name="UtcTime">2024-03-18 13:57:46.566</Data>
    <Data Name="ProcessGuid">{f613acc2-485a-65f8-1300-000029292f5d}</Data>
    <Data Name="ProcessId">6748</Data>
    <Data Name="Image">C:\Program Files (x86)\Common Files\Adobe\ARM\1.0\AdobeARMservice.exe</Data>
    <Data Name="FileVersion">-</Data>
    <Data Name="Description">-</Data>
    <Data Name="Product">-</Data>
    <Data Name="Company">-</Data>
    <Data Name="OriginalFileName">-</Data>
    <Data Name="CommandLine">AdobeARMservice.exe</Data>
    <Data Name="CurrentDirectory">C:\Windows\System32\</Data>
    <Data Name="User">NT AUTHORITY\SYSTEM</Data>
    <Data Name="LogonGuid">{00000000-0000-0000-0000-000000000000}</Data>
    <Data Name="LogonId">0x3e7</Data>
    <Data Name="TerminalSessionId">0</Data>
    <Data Name="IntegrityLevel">System</Data>
    <Data Name="Hashes">SHA1=F6D11F05CF8A9A0F83C37ED5ECDBD769FE5940D7,MD5=D0D49ED5C483D4411B2FE409B120FB71,SHA256=837159C278E95EA9EFAE5DFBCD8E494488E64BDF14D66B146D3301397AF40143,IMPHASH=2369C9FAD3A1DA461C349F66EAE1B462</Data>
    <Data Name="ParentProcessGuid">{f613acc2-c348-65e1-4e00-00008e16ee6f}</Data>
    <Data Name="ParentProcessId">5908</Data>
    <Data Name="ParentImage">C:\Windows\System32\services.exe</Data>
    <Data Name="ParentCommandLine">services.exe</Data>
    <Data Name="ParentUser">NT AUTHORITY\SYSTEM</Data>
    
  </EventData>
</Event>
<Event xmlns="http://schemas.microsoft.com/win/2004/08/events/event">
  <System>
    <Provider Name="Microsoft-Windows-Sysmon" Guid="{5770385f-c22a-43e0-bf4c-06f5698ffbd9}"/>
    <EventID>1</EventID>
    <Version>5</Version>
    <Level>4</Level>
    <Task>1</Task>
    <Opcode>0</Opcode>
    <Keywords>0x8000000000000000</Keywords>
    <TimeCreated SystemTime="2024-03-18T13:58:33.1920136Z"/>
    <EventRecordID>121480</EventRecordID>
    <Correlation/>
    <Execution ProcessID="2492" ThreadID="3468"/>
    <Channel>Microsoft-Windows-Sysmon/Operational</Channel>
    <Computer>WS-SMARTINEZ-01.meridianhcs.local</Computer>
    <Security UserID="S-1-5-18"/>
  </System>
  <EventData>
    
    <Data Name="RuleName">-</Data>
    <Data Name="UtcTime">2024-03-18 13:58:33.192</Data>
    <Data Name="ProcessGuid">{f613acc2-4889-65f8-0102-000097b9e0e4}</Data>
    <Data Name="ProcessId">6752</Data>
    <Data Name="Image">C:\Windows\System32\SearchProtocolHost.exe</Data>
    <Data Name="FileVersion">10.0.19041.1</Data>
    <Data Name="Description">Microsoft Windows Search Protocol Host</Data>
    <Data Name="Product">Microsoft Windows Operating System</Data>
    <Data Name="Company">Microsoft Corporation</Data>
    <Data Name="OriginalFileName">SearchProtocolHost.exe</Data>
    <Data Name="CommandLine">SearchProtocolHost.exe Global\UsGthrFltPipeMssGthrPipe_S-1-5-18 Global\UsGthrCtrlFltPipeMssGthrPipe_S-1-5-18 1</Data>
    <Data Name="CurrentDirectory">C:\Windows\System32\</Data>
    <Data Name="User">NT AUTHORITY\SYSTEM</Data>
    <Data Name="LogonGuid">{00000000-0000-0000-0000-000000000000}</Data>
    <Data Name="LogonId">0x3e7</Data>
    <Data Name="TerminalSessionId">0</Data>
    <Data Name="IntegrityLevel">System</Data>
    <Data Name="Hashes">SHA1=21EDF7CB23763D4A5D6323FBAAB70C6CAFA2E778,MD5=C555706BB0DBB04D47F8BFE2DEA21A3B,SHA256=D76E1FD0160E7DE0C4B68E8635BA33A2B5DBBB6CDBF9B5062677FA83E89EB54B,IMPHASH=C36297A27D90DC3CE5AA8168165C7C6D</Data>
    <Data Name="ParentProcessGuid">{f613acc2-c359-65e1-3002-00109e3b46cf}</Data>
    <Data Name="ParentProcessId">6104</Data>
    <Data Name="ParentImage">C:\Windows\System32\SearchIndexer.exe</Data>
    <Data Name="ParentCommandLine">SearchIndexer.exe</Data>
    <Data Name="ParentUser">NT AUTHORITY\SYSTEM</Data>
    
  </EventData>
</Event>
<Event xmlns="http://schemas.microsoft.com/win/2004/08/events/event">
  <System>
    <Provider Name="Microsoft-Windows-Sysmon" Guid="{5770385f-c22a-43e0-bf4c-06f5698ffbd9}"/>
    <EventID>5</EventID>
    <Version>3</Version>
    <Level>4</Level>
    <Task>5</Task>
    <Opcode>0</Opcode>
    <Keywords>0x8000000000000000</Keywords>
    <TimeCreated SystemTime="2024-03-18T14:00:27.6450015Z"/>
    <EventRecordID>121490</EventRecordID>
    <Correlation/>
    <Execution ProcessID="2492" ThreadID="3468"/>
    <Channel>Microsoft-Windows-Sysmon/Operational</Channel>
    <Computer>WS-SMARTINEZ-01.meridianhcs.local</Computer>
    <Security UserID="S-1-5-18"/>
  </System>
  <EventData>
    
    <Data Name="RuleName">-</Data>
    <Data Name="UtcTime">2024-03-18 14:00:27.645</Data>
    <Data Name="ProcessGuid">{f613acc2-485a-65f8-1300-000029292f5d}</Data>
    <Data Name="ProcessId">6748</Data>
    <Data Name="Image">C:\Program Files (x86)\Common Files\Adobe\ARM\1.0\AdobeARMservice.exe</Data>
    <Data Name="User">NT AUTHORITY\SYSTEM</Data>
    
  </EventData>
</Event>
<Event xmlns="http://schemas.microsoft.com/win/2004/08/events/event">
  <System>
    <Provider Name="Microsoft-Windows-Sysmon" Guid="{5770385f-c22a-43e0-bf4c-06f5698ffbd9}"/>
    <EventID>10</EventID>
    <Version>3</Version>
    <Level>4</Level>
    <Task>10</Task>
    <Opcode>0</Opcode>
    <Keywords>0x8000000000000000</Keywords>
    <TimeCreated SystemTime="2024-03-18T14:03:08.3411069Z"/>
    <EventRecordID>121493</EventRecordID>
    <Correlation/>
    <Execution ProcessID="2492" ThreadID="4724"/>
    <Channel>Microsoft-Windows-Sysmon/Operational</Channel>
    <Computer>WS-SMARTINEZ-01.meridianhcs.local</Computer>
    <Security UserID="S-1-5-18"/>
  </System>
  <EventData>
    
    <Data Name="RuleName">-</Data>
    <Data Name="UtcTime">2024-03-18 14:03:08.341</Data>
    <Data Name="SourceProcessGUID">{f613acc2-c35b-65e1-6802-000050454dd9}</Data>
    <Data Name="SourceProcessId">6128</Data>
    <Data Name="SourceThreadId">21760</Data>
    <Data Name="SourceImage">C:\Windows\System32\wbem\WmiPrvSE.exe</Data>
    <Data Name="TargetProcessGUID">{f613acc2-c34a-65e1-5500-0000eed020e5}</Data>
    <Data Name="TargetProcessId">5976</Data>
    <Data Name="TargetImage">C:\Windows\System32\svchost.exe</Data>
    <Data Name="GrantedAccess">0x1400</Data>
    <Data Name="CallTrace">C:\Windows\SYSTEM32\ntdll.dll+9CE61|C:\Windows\SYSTEM32\KERNELBASE.dll+2D937|C:\Windows\SYSTEM32\wbemcomn.dll+156C7</Data>
    <Data Name="SourceUser">NT AUTHORITY\NETWORK SERVICE</Data>
    <Data Name="TargetUser">NT AUTHORITY\SYSTEM</Data>
    
  </EventData>
</Event>
<Event xmlns="http://schemas.microsoft.com/win/2004/08/events/event">
  <System>
    <Provider Name="Microsoft-Windows-Sysmon" Guid="{5770385f-c22a-43e0-bf4c-06f5698ffbd9}"/>
    <EventID>22</EventID>
    <Version>5</Version>
    <Level>4</Level>
    <Task>22</Task>
    <Opcode>0</Opcode>
    <Keywords>0x8000000000000000</Keywords>
    <TimeCreated SystemTime="2024-03-18T14:03:35.7278411Z"/>
    <EventRecordID>121494</EventRecordID>
    <Correlation/>
    <Execution ProcessID="2492" ThreadID="3468"/>
    <Channel>Microsoft-Windows-Sysmon/Operational</Channel>
    <Computer>WS-SMARTINEZ-01.meridianhcs.local</Computer>
    <Security UserID="S-1-5-18"/>
  </System>
  <EventData>
    
    <Data Name="RuleName">-</Data>
    <Data Name="UtcTime">2024-03-18 14:03:35.727</Data>
    <Data Name="ProcessGuid">{f613acc2-c340-65e1-6900-00005abc647f}</Data>
    <Data Name="ProcessId">4</Data>
    <Data Name="QueryName">FILE-SRV-01.meridianhcs.local</Data>
    <Data Name="QueryStatus">0</Data>
    <Data Name="QueryResults">-</Data>
    <Data Name="Image">System</Data>
    <Data Name="User">NT AUTHORITY\SYSTEM</Data>
    
  </EventData>
</Event>
<Event xmlns="http://schemas.microsoft.com/win/2004/08/events/event">
  <System>
    <Provider Name="Microsoft-Windows-Sysmon" Guid="{5770385f-c22a-43e0-bf4c-06f5698ffbd9}"/>
    <EventID>1</EventID>
    <Version>5</Version>
    <Level>4</Level>
    <Task>1</Task>
    <Opcode>0</Opcode>
    <Keywords>0x8000000000000000</Keywords>
    <TimeCreated SystemTime="2024-03-18T14:04:38.4960777Z"/>
    <EventRecordID>121497</EventRecordID>
    <Correlation/>
    <Execution ProcessID="2492" ThreadID="3468"/>
    <Channel>Microsoft-Windows-Sysmon/Operational</Channel>
    <Computer>WS-SMARTINEZ-01.meridianhcs.local</Computer>
    <Security UserID="S-1-5-18"/>
  </System>
  <EventData>
    
    <Data Name="RuleName">-</Data>
    <Data Name="UtcTime">2024-03-18 14:04:38.496</Data>
    <Data Name="ProcessGuid">{f613acc2-49f6-65f8-d602-0000432f9cbe}</Data>
    <Data Name="ProcessId">7164</Data>
    <Data Name="Image">C:\Program Files\Google\Chrome\Application\chrome.exe</Data>
    <Data Name="FileVersion">120.0.6099.225</Data>
    <Data Name="Description">Google Chrome</Data>
    <Data Name="Product">Google Chrome</Data>
    <Data Name="Company">Google LLC</Data>
    <Data Name="OriginalFileName">chrome.exe</Data>
    <Data Name="CommandLine">"C:\Program Files\Google\Chrome\Application\chrome.exe" --single-argument https://login.salesforce.com/</Data>
    <Data Name="CurrentDirectory">C:\Users\sophia.martinez\</Data>
    <Data Name="User">MERIDIANHCS\sophia.martinez</Data>
    <Data Name="LogonGuid">{00000000-0000-0000-0000-000000000000}</Data>
    <Data Name="LogonId">0xc1982c7</Data>
    <Data Name="TerminalSessionId">2</Data>
    <Data Name="IntegrityLevel">Medium</Data>
    <Data Name="Hashes">SHA1=9A6ABFD71C6BF2F4EBB94D3F8749E823BCBA1599,MD5=9C138CF19782C37F8D6546E930658EC5,SHA256=70A3704619A118FFAE3B629CE7A4180B6A590C15315A1AF231BD743641F92879,IMPHASH=CEACCC3BA7E24A3EE7324A871B42715A</Data>
    <Data Name="ParentProcessGuid">{f613acc2-3e3f-65f8-1300-001034583d7d}</Data>
    <Data Name="ParentProcessId">7024</Data>
    <Data Name="ParentImage">C:\Windows\explorer.exe</Data>
    <Data Name="ParentCommandLine">explorer.exe</Data>
    <Data Name="ParentUser">MERIDIANHCS\sophia.martinez</Data>
    
  </EventData>
</Event>
<Event xmlns="http://schemas.microsoft.com/win/2004/08/events/event">
  <System>
    <Provider Name="Microsoft-Windows-Sysmon" Guid="{5770385f-c22a-43e0-bf4c-06f5698ffbd9}"/>
    <EventID>7</EventID>
    <Version>3</Version>
    <Level>4</Level>
    <Task>7</Task>
    <Opcode>0</Opcode>
    <Keywords>0x8000000000000000</Keywords>
    <TimeCreated SystemTime="2024-03-18T14:04:38.7037502Z"/>
    <EventRecordID>121498</EventRecordID>
    <Correlation/>
    <Execution ProcessID="2492" ThreadID="3468"/>
    <Channel>Microsoft-Windows-Sysmon/Operational</Channel>
    <Computer>WS-SMARTINEZ-01.meridianhcs.local</Computer>
    <Security UserID="S-1-5-18"/>
  </System>
  <EventData>
    
    <Data Name="RuleName">-</Data>
    <Data Name="UtcTime">2024-03-18 14:04:38.703</Data>
    <Data Name="ProcessGuid">{f613acc2-49f6-65f8-d602-0000432f9cbe}</Data>
    <Data Name="ProcessId">7164</Data>
    <Data Name="Image">C:\Program Files\Google\Chrome\Application\chrome.exe</Data>
    <Data Name="ImageLoaded">C:\Program Files\Google\Chrome\Application\chrome_elf.dll</Data>
    <Data Name="FileVersion">120.0.6099.225</Data>
    <Data Name="Description">Google Chrome ELF</Data>
    <Data Name="Product">Google Chrome</Data>
    <Data Name="Company">Google LLC</Data>
    <Data Name="OriginalFileName">chrome_elf.dll</Data>
    <Data Name="Hashes">SHA1=98F2C46F436321DF47D29A18726967971BBA8B5D,MD5=2DFDCBCCB66CC7CA411D7399A5897E66,SHA256=8C4F880DC692201052696B65463DFD80CB5488164181D65755AD1522ABC726A2,IMPHASH=86D2DE677295CE14413467B53FCCFA41</Data>
    <Data Name="Signed">true</Data>
    <Data Name="Signature">Google LLC</Data>
    <Data Name="SignatureStatus">Valid</Data>
    <Data Name="User">MERIDIANHCS\sophia.martinez</Data>
    
  </EventData>
</Event>
<Event xmlns="http://schemas.microsoft.com/win/2004/08/events/event">
  <System>
    <Provider Name="Microsoft-Windows-Sysmon" Guid="{5770385f-c22a-43e0-bf4c-06f5698ffbd9}"/>
    <EventID>7</EventID>
    <Version>3</Version>
    <Level>4</Level>
    <Task>7</Task>
    <Opcode>0</Opcode>
    <Keywords>0x8000000000000000</Keywords>
    <TimeCreated SystemTime="2024-03-18T14:04:38.7117896Z"/>
    <EventRecordID>121499</EventRecordID>
    <Correlation/>
    <Execution ProcessID="2492" ThreadID="3468"/>
    <Channel>Microsoft-Windows-Sysmon/Operational</Channel>
    <Computer>WS-SMARTINEZ-01.meridianhcs.local</Computer>
    <Security UserID="S-1-5-18"/>
  </System>
  <EventData>
    
    <Data Name="RuleName">-</Data>
    <Data Name="UtcTime">2024-03-18 14:04:38.711</Data>
    <Data Name="ProcessGuid">{f613acc2-49f6-65f8-d602-0000432f9cbe}</Data>
    <Data Name="ProcessId">7164</Data>
    <Data Name="Image">C:\Program Files\Google\Chrome\Application\chrome.exe</Data>
    <Data Name="ImageLoaded">C:\Program Files\Google\Chrome\Application\libEGL.dll</Data>
    <Data Name="FileVersion">120.0.6099.225</Data>
    <Data Name="Description">ANGLE libEGL</Data>
    <Data Name="Product">Google Chrome</Data>
    <Data Name="Company">Google LLC</Data>
    <Data Name="OriginalFileName">libEGL.dll</Data>
    <Data Name="Hashes">SHA1=38ABAC2C266E5E11C4CDE0D5FE32B698D17E8A3F,MD5=635CC346EF0EFAB57DCE46897D2A6C7C,SHA256=F2A50EBBE0799B7707B8BA601A2A564D953E6C6F3EBC7FA1C7EA61921685211E,IMPHASH=41BB4F9E1CE32C093585BE0316BEE1D8</Data>
    <Data Name="Signed">true</Data>
    <Data Name="Signature">Google LLC</Data>
    <Data Name="SignatureStatus">Valid</Data>
    <Data Name="User">MERIDIANHCS\sophia.martinez</Data>
    
  </EventData>
</Event>
<Event xmlns="http://schemas.microsoft.com/win/2004/08/events/event">
  <System>
    <Provider Name="Microsoft-Windows-Sysmon" Guid="{5770385f-c22a-43e0-bf4c-06f5698ffbd9}"/>
    <EventID>7</EventID>
    <Version>3</Version>
    <Level>4</Level>
    <Task>7</Task>
    <Opcode>0</Opcode>
    <Keywords>0x8000000000000000</Keywords>
    <TimeCreated SystemTime="2024-03-18T14:04:38.7192183Z"/>
    <EventRecordID>121500</EventRecordID>
    <Correlation/>
    <Execution ProcessID="2492" ThreadID="3468"/>
    <Channel>Microsoft-Windows-Sysmon/Operational</Channel>
    <Computer>WS-SMARTINEZ-01.meridianhcs.local</Computer>
    <Security UserID="S-1-5-18"/>
  </System>
  <EventData>
    
    <Data Name="RuleName">-</Data>
    <Data Name="UtcTime">2024-03-18 14:04:38.719</Data>
    <Data Name="ProcessGuid">{f613acc2-49f6-65f8-d602-0000432f9cbe}</Data>
    <Data Name="ProcessId">7164</Data>
    <Data Name="Image">C:\Program Files\Google\Chrome\Application\chrome.exe</Data>
    <Data Name="ImageLoaded">C:\Program Files\Google\Chrome\Application\libGLESv2.dll</Data>
    <Data Name="FileVersion">120.0.6099.225</Data>
    <Data Name="Description">ANGLE libGLESv2</Data>
    <Data Name="Product">Google Chrome</Data>
    <Data Name="Company">Google LLC</Data>
    <Data Name="OriginalFileName">libGLESv2.dll</Data>
    <Data Name="Hashes">SHA1=2382B7BDA749A039BEE9067DA5228AB4E8A7BB47,MD5=B10F540002F7FA9F21C83E9A841C5346,SHA256=2D6B4ACFA96760A029683771E85F021DAEA7F43D2607CB25C8EDA6BBD92F92A0,IMPHASH=2E30E46968E1B465ED3DE5D1DE3F709C</Data>
    <Data Name="Signed">true</Data>
    <Data Name="Signature">Google LLC</Data>
    <Data Name="SignatureStatus">Valid</Data>
    <Data Name="User">MERIDIANHCS\sophia.martinez</Data>
    
  </EventData>
</Event>
<Event xmlns="http://schemas.microsoft.com/win/2004/08/events/event">
  <System>
    <Provider Name="Microsoft-Windows-Sysmon" Guid="{5770385f-c22a-43e0-bf4c-06f5698ffbd9}"/>
    <EventID>13</EventID>
    <Version>2</Version>
    <Level>4</Level>
    <Task>13</Task>
    <Opcode>0</Opcode>
    <Keywords>0x8000000000000000</Keywords>
    <TimeCreated SystemTime="2024-03-18T14:05:32.3229729Z"/>
    <EventRecordID>121502</EventRecordID>
    <Correlation/>
    <Execution ProcessID="2492" ThreadID="3476"/>
    <Channel>Microsoft-Windows-Sysmon/Operational</Channel>
    <Computer>WS-SMARTINEZ-01.meridianhcs.local</Computer>
    <Security UserID="S-1-5-18"/>
  </System>
  <EventData>
    
    <Data Name="RuleName">-</Data>
    <Data Name="EventType">SetValue</Data>
    <Data Name="UtcTime">2024-03-18 14:05:32.322</Data>
    <Data Name="ProcessGuid">{f613acc2-c362-65e1-6800-0000615e60c3}</Data>
    <Data Name="ProcessId">6216</Data>
    <Data Name="Image">C:\Windows\System32\msiexec.exe</Data>
    <Data Name="TargetObject">HKLM\SOFTWARE\Microsoft\Windows\CurrentVersion\Component Based Servicing\Packages\Package_for_RollupFix~31bf3856ad364e35~amd64~~10.0.19041.37\CurrentState</Data>
    <Data Name="Details">DWORD (0x00000070)</Data>
    <Data Name="User">NT AUTHORITY\SYSTEM</Data>
    
  </EventData>
</Event>
<Event xmlns="http://schemas.microsoft.com/win/2004/08/events/event">
  <System>
    <Provider Name="Microsoft-Windows-Sysmon" Guid="{5770385f-c22a-43e0-bf4c-06f5698ffbd9}"/>
    <EventID>10</EventID>
    <Version>3</Version>
    <Level>4</Level>
    <Task>10</Task>
    <Opcode>0</Opcode>
    <Keywords>0x8000000000000000</Keywords>
    <TimeCreated SystemTime="2024-03-18T14:05:34.2292549Z"/>
    <EventRecordID>121503</EventRecordID>
    <Correlation/>
    <Execution ProcessID="2492" ThreadID="4724"/>
    <Channel>Microsoft-Windows-Sysmon/Operational</Channel>
    <Computer>WS-SMARTINEZ-01.meridianhcs.local</Computer>
    <Security UserID="S-1-5-18"/>
  </System>
  <EventData>
    
    <Data Name="RuleName">-</Data>
    <Data Name="UtcTime">2024-03-18 14:05:34.229</Data>
    <Data Name="SourceProcessGUID">{f613acc2-c348-65e1-4e00-00008e16ee6f}</Data>
    <Data Name="SourceProcessId">5908</Data>
    <Data Name="SourceThreadId">21264</Data>
    <Data Name="SourceImage">C:\Windows\System32\services.exe</Data>
    <Data Name="TargetProcessGUID">{f613acc2-c356-65e1-8402-001036b6b32e}</Data>
    <Data Name="TargetProcessId">6100</Data>
    <Data Name="TargetImage">C:\ProgramData\Microsoft\Windows Defender\Platform\4.18.2301.6-0\MsMpEng.exe</Data>
    <Data Name="GrantedAccess">0x1000</Data>
    <Data Name="CallTrace">C:\Windows\SYSTEM32\ntdll.dll+9E1A4|C:\Windows\SYSTEM32\KERNELBASE.dll+2DB1E|C:\Windows\SYSTEM32\sechost.dll+1482E</Data>
    <Data Name="SourceUser">NT AUTHORITY\SYSTEM</Data>
    <Data Name="TargetUser">NT AUTHORITY\SYSTEM</Data>
    
  </EventData>
</Event>
<Event xmlns="http://schemas.microsoft.com/win/2004/08/events/event">
  <System>
    <Provider Name="Microsoft-Windows-Sysmon" Guid="{5770385f-c22a-43e0-bf4c-06f5698ffbd9}"/>
    <EventID>1</EventID>
    <Version>5</Version>
    <Level>4</Level>
    <Task>1</Task>
    <Opcode>0</Opcode>
    <Keywords>0x8000000000000000</Keywords>
    <TimeCreated SystemTime="2024-03-18T14:06:20.3017251Z"/>
    <EventRecordID>121507</EventRecordID>
    <Correlation/>
    <Execution ProcessID="2492" ThreadID="3468"/>
    <Channel>Microsoft-Windows-Sysmon/Operational</Channel>
    <Computer>WS-SMARTINEZ-01.meridianhcs.local</Computer>
    <Security UserID="S-1-5-18"/>
  </System>
  <EventData>
    
    <Data Name="RuleName">-</Data>
    <Data Name="UtcTime">2024-03-18 14:06:20.301</Data>
    <Data Name="ProcessGuid">{f613acc2-4a5c-65f8-a100-00004ac27f1f}</Data>
    <Data Name="ProcessId">7156</Data>
    <Data Name="Image">C:\Program Files\Google\Drive File Stream\97.0.1.0\GoogleDriveFS.exe</Data>
    <Data Name="FileVersion">97.0.1.0</Data>
    <Data Name="Description">Google Drive</Data>
    <Data Name="Product">Google Drive</Data>
    <Data Name="Company">Google LLC</Data>
    <Data Name="OriginalFileName">GoogleDriveFS.exe</Data>
    <Data Name="CommandLine">"C:\Program Files\Google\Drive File Stream\97.0.1.0\GoogleDriveFS.exe" --user-data-dir="C:\Users\sophia.martinez\AppData\Local\Google\DriveFS"</Data>
    <Data Name="CurrentDirectory">C:\Program Files\Google\Drive File Stream\97.0.1.0\</Data>
    <Data Name="User">MERIDIANHCS\sophia.martinez</Data>
    <Data Name="LogonGuid">{00000000-0000-0000-0000-000000000000}</Data>
    <Data Name="LogonId">0xc185aa1</Data>
    <Data Name="TerminalSessionId">5</Data>
    <Data Name="IntegrityLevel">Medium</Data>
    <Data Name="Hashes">SHA1=25ACC8C0AA0987C02764208149947F03A032DF22,MD5=FCCE097CCD27ABF25F91D0CCD2603A08,SHA256=44DC1566428242FDC5F84E82ED27651F5242B7A11D5F6599A104F0FB95156143,IMPHASH=9DF0929D6C9E6A62EF4B968739EA1F78</Data>
    <Data Name="ParentProcessGuid">{f613acc2-3bff-65f8-af02-0010000f8b9f}</Data>
    <Data Name="ParentProcessId">7108</Data>
    <Data Name="ParentImage">C:\Windows\explorer.exe</Data>
    <Data Name="ParentCommandLine">explorer.exe</Data>
    <Data Name="ParentUser">MERIDIANHCS\sophia.martinez</Data>
    
  </EventData>
</Event>
<Event xmlns="http://schemas.microsoft.com/win/2004/08/events/event">
  <System>
    <Provider Name="Microsoft-Windows-Sysmon" Guid="{5770385f-c22a-43e0-bf4c-06f5698ffbd9}"/>
    <EventID>7</EventID>
    <Version>3</Version>
    <Level>4</Level>
    <Task>7</Task>
    <Opcode>0</Opcode>
    <Keywords>0x8000000000000000</Keywords>
    <TimeCreated SystemTime="2024-03-18T14:06:20.5170791Z"/>
    <EventRecordID>121508</EventRecordID>
    <Correlation/>
    <Execution ProcessID="2492" ThreadID="3468"/>
    <Channel>Microsoft-Windows-Sysmon/Operational</Channel>
    <Computer>WS-SMARTINEZ-01.meridianhcs.local</Computer>
    <Security UserID="S-1-5-18"/>
  </System>
  <EventData>
    
    <Data Name="RuleName">-</Data>
    <Data Name="UtcTime">2024-03-18 14:06:20.517</Data>
    <Data Name="ProcessGuid">{f613acc2-4a5c-65f8-a100-00004ac27f1f}</Data>
    <Data Name="ProcessId">7156</Data>
    <Data Name="Image">C:\Program Files\Google\Drive File Stream\97.0.1.0\GoogleDriveFS.exe</Data>
    <Data Name="ImageLoaded">C:\Program Files\Google\Drive File Stream\97.0.1.0\crashpad_handler.exe</Data>
    <Data Name="FileVersion">1.0.0.0</Data>
    <Data Name="Description">crashpad_handler.exe module</Data>
    <Data Name="Product">Google LLC</Data>
    <Data Name="Company">Google LLC</Data>
    <Data Name="OriginalFileName">crashpad_handler.exe</Data>
    <Data Name="Hashes">SHA1=6E0A8995B6036FB06CEF5AFE03DF245032A5C487,MD5=D6F1977B817666EC9821646A2118DBB1,SHA256=EDF4AD7B21F8A94F9D0F3446A194C199289EE3FA8D18238B63BD4723C3376438,IMPHASH=B8F0378B13119395CACD3593D3DDEEF4</Data>
    <Data Name="Signed">true</Data>
    <Data Name="Signature">Google LLC</Data>
    <Data Name="SignatureStatus">Valid</Data>
    <Data Name="User">MERIDIANHCS\sophia.martinez</Data>
    
  </EventData>
</Event>
<Event xmlns="http://schemas.microsoft.com/win/2004/08/events/event">
  <System>
    <Provider Name="Microsoft-Windows-Sysmon" Guid="{5770385f-c22a-43e0-bf4c-06f5698ffbd9}"/>
    <EventID>3</EventID>
    <Version>5</Version>
    <Level>4</Level>
    <Task>3</Task>
    <Opcode>0</Opcode>
    <Keywords>0x8000000000000000</Keywords>
    <TimeCreated SystemTime="2024-03-18T14:06:22.1641797Z"/>
    <EventRecordID>121509</EventRecordID>
    <Correlation/>
    <Execution ProcessID="2492" ThreadID="3468"/>
    <Channel>Microsoft-Windows-Sysmon/Operational</Channel>
    <Computer>WS-SMARTINEZ-01.meridianhcs.local</Computer>
    <Security UserID="S-1-5-18"/>
  </System>
  <EventData>
    
    <Data Name="RuleName">-</Data>
    <Data Name="UtcTime">2024-03-18 14:06:22.164</Data>
    <Data Name="ProcessGuid">{f613acc2-49f6-65f8-d602-0000432f9cbe}</Data>
    <Data Name="ProcessId">7164</Data>
    <Data Name="Image">C:\Program Files\Google\Chrome\Application\chrome.exe</Data>
    <Data Name="User">MERIDIANHCS\sophia.martinez</Data>
    <Data Name="Protocol">tcp</Data>
    <Data Name="Initiated">true</Data>
    <Data Name="SourceIsIpv6">false</Data>
    <Data Name="SourceIp">10.10.1.36</Data>
    <Data Name="SourceHostname">WS-SMARTINEZ-01.meridianhcs.local</Data>
    <Data Name="SourcePort">50213</Data>
    <Data Name="SourcePortName">-</Data>
    <Data Name="DestinationIsIpv6">false</Data>
    <Data Name="DestinationIp">10.10.3.20</Data>
    <Data Name="DestinationHostname">PROXY-01.meridianhcs.local</Data>
    <Data Name="DestinationPort">8080</Data>
    <Data Name="DestinationPortName">http-alt</Data>
    
  </EventData>
</Event>
<Event xmlns="http://schemas.microsoft.com/win/2004/08/events/event">
  <System>
    <Provider Name="Microsoft-Windows-Sysmon" Guid="{5770385f-c22a-43e0-bf4c-06f5698ffbd9}"/>
    <EventID>5</EventID>
    <Version>3</Version>
    <Level>4</Level>
    <Task>5</Task>
    <Opcode>0</Opcode>
    <Keywords>0x8000000000000000</Keywords>
    <TimeCreated SystemTime="2024-03-18T14:06:49.1102961Z"/>
    <EventRecordID>121512</EventRecordID>
    <Correlation/>
    <Execution ProcessID="2492" ThreadID="3468"/>
    <Channel>Microsoft-Windows-Sysmon/Operational</Channel>
    <Computer>WS-SMARTINEZ-01.meridianhcs.local</Computer>
    <Security UserID="S-1-5-18"/>
  </System>
  <EventData>
    
    <Data Name="RuleName">-</Data>
    <Data Name="UtcTime">2024-03-18 14:06:49.110</Data>
    <Data Name="ProcessGuid">{f613acc2-3f5f-65f8-4702-0010505faaf5}</Data>
    <Data Name="ProcessId">6732</Data>
    <Data Name="Image">C:\Windows\System32\dllhost.exe</Data>
    <Data Name="User">NT AUTHORITY\SYSTEM</Data>
    
  </EventData>
</Event>
