<Event xmlns="http://schemas.microsoft.com/win/2004/08/events/event">
  <System>
    <Provider Name="Microsoft-Windows-Sysmon" Guid="{5770385f-c22a-43e0-bf4c-06f5698ffbd9}"/>
    <EventID>5</EventID>
    <Version>3</Version>
    <Level>4</Level>
    <Task>5</Task>
    <Opcode>0</Opcode>
    <Keywords>0x8000000000000000</Keywords>
    <TimeCreated SystemTime="2024-03-18T14:37:57.9775543Z"/>
    <EventRecordID>525450</EventRecordID>
    <Correlation/>
    <Execution ProcessID="2760" ThreadID="3324"/>
    <Channel>Microsoft-Windows-Sysmon/Operational</Channel>
    <Computer>WS-MCHEN-01.meridianhcs.local</Computer>
    <Security UserID="S-1-5-18"/>
  </System>
  <EventData>
    
    <Data Name="RuleName">-</Data>
    <Data Name="UtcTime">2024-03-18 14:37:57.977</Data>
    <Data Name="ProcessGuid">{7b2a0e3f-5131-65f8-c802-00003d7eae04}</Data>
    <Data Name="ProcessId">8844</Data>
    <Data Name="Image">C:\Windows\System32\OpenSSH\ssh.exe</Data>
    <Data Name="User">MERIDIANHCS\marcus.chen</Data>
    
  </EventData>
</Event>
<Event xmlns="http://schemas.microsoft.com/win/2004/08/events/event">
  <System>
    <Provider Name="Microsoft-Windows-Sysmon" Guid="{5770385f-c22a-43e0-bf4c-06f5698ffbd9}"/>
    <EventID>5</EventID>
    <Version>3</Version>
    <Level>4</Level>
    <Task>5</Task>
    <Opcode>0</Opcode>
    <Keywords>0x8000000000000000</Keywords>
    <TimeCreated SystemTime="2024-03-18T14:39:45.0809129Z"/>
    <EventRecordID>525451</EventRecordID>
    <Correlation/>
    <Execution ProcessID="2760" ThreadID="1204"/>
    <Channel>Microsoft-Windows-Sysmon/Operational</Channel>
    <Computer>WS-MCHEN-01.meridianhcs.local</Computer>
    <Security UserID="S-1-5-18"/>
  </System>
  <EventData>
    
    <Data Name="RuleName">-</Data>
    <Data Name="UtcTime">2024-03-18 14:39:45.080</Data>
    <Data Name="ProcessGuid">{7b2a0e3f-294a-65f8-ce00-0010a0933ced}</Data>
    <Data Name="ProcessId">7608</Data>
    <Data Name="Image">C:\Program Files\Microsoft Office\root\Office16\OUTLOOK.EXE</Data>
    <Data Name="User">MERIDIANHCS\marcus.chen</Data>
    
  </EventData>
</Event>
<Event xmlns="http://schemas.microsoft.com/win/2004/08/events/event">
  <System>
    <Provider Name="Microsoft-Windows-Sysmon" Guid="{5770385f-c22a-43e0-bf4c-06f5698ffbd9}"/>
    <EventID>5</EventID>
    <Version>3</Version>
    <Level>4</Level>
    <Task>5</Task>
    <Opcode>0</Opcode>
    <Keywords>0x8000000000000000</Keywords>
    <TimeCreated SystemTime="2024-03-18T14:40:27.8442598Z"/>
    <EventRecordID>525452</EventRecordID>
    <Correlation/>
    <Execution ProcessID="2760" ThreadID="3324"/>
    <Channel>Microsoft-Windows-Sysmon/Operational</Channel>
    <Computer>WS-MCHEN-01.meridianhcs.local</Computer>
    <Security UserID="S-1-5-18"/>
  </System>
  <EventData>
    
    <Data Name="RuleName">-</Data>
    <Data Name="UtcTime">2024-03-18 14:40:27.844</Data>
    <Data Name="ProcessGuid">{7b2a0e3f-4cb0-65f8-df00-0010f0ee3038}</Data>
    <Data Name="ProcessId">8872</Data>
    <Data Name="Image">C:\Windows\System32\OpenSSH\ssh.exe</Data>
    <Data Name="User">MERIDIANHCS\marcus.chen</Data>
    
  </EventData>
</Event>
<Event xmlns="http://schemas.microsoft.com/win/2004/08/events/event">
  <System>
    <Provider Name="Microsoft-Windows-Sysmon" Guid="{5770385f-c22a-43e0-bf4c-06f5698ffbd9}"/>
    <EventID>1</EventID>
    <Version>5</Version>
    <Level>4</Level>
    <Task>1</Task>
    <Opcode>0</Opcode>
    <Keywords>0x8000000000000000</Keywords>
    <TimeCreated SystemTime="2024-03-18T14:40:52.8200472Z"/>
    <EventRecordID>525453</EventRecordID>
    <Correlation/>
    <Execution ProcessID="2760" ThreadID="3324"/>
    <Channel>Microsoft-Windows-Sysmon/Operational</Channel>
    <Computer>WS-MCHEN-01.meridianhcs.local</Computer>
    <Security UserID="S-1-5-18"/>
  </System>
  <EventData>
    
    <Data Name="RuleName">-</Data>
    <Data Name="UtcTime">2024-03-18 14:40:52.820</Data>
    <Data Name="ProcessGuid">{7b2a0e3f-5274-65f8-b102-00105781afdd}</Data>
    <Data Name="ProcessId">8916</Data>
    <Data Name="Image">C:\Windows\System32\OpenSSH\ssh.exe</Data>
    <Data Name="FileVersion">8.6.0.1</Data>
    <Data Name="Description">OpenSSH SSH client</Data>
    <Data Name="Product">OpenSSH for Windows</Data>
    <Data Name="Company">Microsoft Corporation</Data>
    <Data Name="OriginalFileName">ssh.exe</Data>
    <Data Name="CommandLine">ssh.exe marcus.chen@PROXY-01.meridianhcs.local</Data>
    <Data Name="CurrentDirectory">C:\Users\marcus.chen\</Data>
    <Data Name="User">MERIDIANHCS\marcus.chen</Data>
    <Data Name="LogonGuid">{00000000-0000-0000-0000-000000000000}</Data>
    <Data Name="LogonId">0x6c15556</Data>
    <Data Name="TerminalSessionId">5</Data>
    <Data Name="IntegrityLevel">Medium</Data>
    <Data Name="Hashes">SHA1=34EDBE1F2503BED1B1F8F387974ACB65F632C21B,MD5=177AE85C74B6D0BB9FC040A42BF2CAC0,SHA256=5CA44FEC35D64819E1CF357648C98073ACA2AEF9816F8FA375095783B3AC3EE1,IMPHASH=62F7B0310260F97B5078263292DD1CBA</Data>
    <Data Name="ParentProcessGuid">{7b2a0e3f-4d49-65f8-7f02-00001a158063}</Data>
    <Data Name="ParentProcessId">8364</Data>
    <Data Name="ParentImage">C:\Windows\System32\cmd.exe</Data>
    <Data Name="ParentCommandLine">C:\Windows\System32\cmd.exe</Data>
    <Data Name="ParentUser">MERIDIANHCS\marcus.chen</Data>
    
  </EventData>
</Event>
<Event xmlns="http://schemas.microsoft.com/win/2004/08/events/event">
  <System>
    <Provider Name="Microsoft-Windows-Sysmon" Guid="{5770385f-c22a-43e0-bf4c-06f5698ffbd9}"/>
    <EventID>22</EventID>
    <Version>5</Version>
    <Level>4</Level>
    <Task>22</Task>
    <Opcode>0</Opcode>
    <Keywords>0x8000000000000000</Keywords>
    <TimeCreated SystemTime="2024-03-18T14:41:15.3623053Z"/>
    <EventRecordID>525454</EventRecordID>
    <Correlation/>
    <Execution ProcessID="2760" ThreadID="3324"/>
    <Channel>Microsoft-Windows-Sysmon/Operational</Channel>
    <Computer>WS-MCHEN-01.meridianhcs.local</Computer>
    <Security UserID="S-1-5-18"/>
  </System>
  <EventData>
    
    <Data Name="RuleName">-</Data>
    <Data Name="UtcTime">2024-03-18 14:41:15.362</Data>
    <Data Name="ProcessGuid">{7b2a0e3f-5274-65f8-b102-00105781afdd}</Data>
    <Data Name="ProcessId">8916</Data>
    <Data Name="QueryName">wpad.meridianhcs.local</Data>
    <Data Name="QueryStatus">9003</Data>
    <Data Name="QueryResults">-</Data>
    <Data Name="Image">C:\Windows\System32\OpenSSH\ssh.exe</Data>
    <Data Name="User">MERIDIANHCS\marcus.chen</Data>
    
  </EventData>
</Event>
<Event xmlns="http://schemas.microsoft.com/win/2004/08/events/event">
  <System>
    <Provider Name="Microsoft-Windows-Sysmon" Guid="{5770385f-c22a-43e0-bf4c-06f5698ffbd9}"/>
    <EventID>3</EventID>
    <Version>5</Version>
    <Level>4</Level>
    <Task>3</Task>
    <Opcode>0</Opcode>
    <Keywords>0x8000000000000000</Keywords>
    <TimeCreated SystemTime="2024-03-18T14:41:17.9403438Z"/>
    <EventRecordID>525455</EventRecordID>
    <Correlation/>
    <Execution ProcessID="2760" ThreadID="3324"/>
    <Channel>Microsoft-Windows-Sysmon/Operational</Channel>
    <Computer>WS-MCHEN-01.meridianhcs.local</Computer>
    <Security UserID="S-1-5-18"/>
  </System>
  <EventData>
    
    <Data Name="RuleName">-</Data>
    <Data Name="UtcTime">2024-03-18 14:41:17.940</Data>
    <Data Name="ProcessGuid">{7b2a0e3f-5274-65f8-b102-00105781afdd}</Data>
    <Data Name="ProcessId">8916</Data>
    <Data Name="Image">C:\Windows\System32\OpenSSH\ssh.exe</Data>
    <Data Name="User">MERIDIANHCS\marcus.chen</Data>
    <Data Name="Protocol">tcp</Data>
    <Data Name="Initiated">true</Data>
    <Data Name="SourceIsIpv6">false</Data>
    <Data Name="SourceIp">10.10.1.31</Data>
    <Data Name="SourceHostname">WS-MCHEN-01.meridianhcs.local</Data>
    <Data Name="SourcePort">57541</Data>
    <Data Name="SourcePortName">-</Data>
    <Data Name="DestinationIsIpv6">false</Data>
    <Data Name="DestinationIp">10.10.3.20</Data>
    <Data Name="DestinationHostname">PROXY-01.meridianhcs.local</Data>
    <Data Name="DestinationPort">22</Data>
    <Data Name="DestinationPortName">ssh</Data>
    
  </EventData>
</Event>
<Event xmlns="http://schemas.microsoft.com/win/2004/08/events/event">
  <System>
    <Provider Name="Microsoft-Windows-Sysmon" Guid="{5770385f-c22a-43e0-bf4c-06f5698ffbd9}"/>
    <EventID>5</EventID>
    <Version>3</Version>
    <Level>4</Level>
    <Task>5</Task>
    <Opcode>0</Opcode>
    <Keywords>0x8000000000000000</Keywords>
    <TimeCreated SystemTime="2024-03-18T14:41:29.5482589Z"/>
    <EventRecordID>525456</EventRecordID>
    <Correlation/>
    <Execution ProcessID="2760" ThreadID="3324"/>
    <Channel>Microsoft-Windows-Sysmon/Operational</Channel>
    <Computer>WS-MCHEN-01.meridianhcs.local</Computer>
    <Security UserID="S-1-5-18"/>
  </System>
  <EventData>
    
    <Data Name="RuleName">-</Data>
    <Data Name="UtcTime">2024-03-18 14:41:29.548</Data>
    <Data Name="ProcessGuid">{7b2a0e3f-4f70-65f8-3a00-000021a8face}</Data>
    <Data Name="ProcessId">8988</Data>
    <Data Name="Image">C:\Windows\System32\OpenSSH\ssh.exe</Data>
    <Data Name="User">MERIDIANHCS\marcus.chen</Data>
    
  </EventData>
</Event>
<Event xmlns="http://schemas.microsoft.com/win/2004/08/events/event">
  <System>
    <Provider Name="Microsoft-Windows-Sysmon" Guid="{5770385f-c22a-43e0-bf4c-06f5698ffbd9}"/>
    <EventID>22</EventID>
    <Version>5</Version>
    <Level>4</Level>
    <Task>22</Task>
    <Opcode>0</Opcode>
    <Keywords>0x8000000000000000</Keywords>
    <TimeCreated SystemTime="2024-03-18T14:42:13.3086164Z"/>
    <EventRecordID>525457</EventRecordID>
    <Correlation/>
    <Execution ProcessID="2760" ThreadID="2500"/>
    <Channel>Microsoft-Windows-Sysmon/Operational</Channel>
    <Computer>WS-MCHEN-01.meridianhcs.local</Computer>
    <Security UserID="S-1-5-18"/>
  </System>
  <EventData>
    
    <Data Name="RuleName">-</Data>
    <Data Name="UtcTime">2024-03-18 14:42:13.308</Data>
    <Data Name="ProcessGuid">{7b2a0e3f-4f4f-65ec-9302-0000328a62d2}</Data>
    <Data Name="ProcessId">5916</Data>
    <Data Name="QueryName">DC-01.meridianhcs.local</Data>
    <Data Name="QueryStatus">0</Data>
    <Data Name="QueryResults">10.10.2.10;</Data>
    <Data Name="Image">C:\Windows\System32\svchost.exe</Data>
    <Data Name="User">NT AUTHORITY\LOCAL SERVICE</Data>
    
  </EventData>
</Event>
<Event xmlns="http://schemas.microsoft.com/win/2004/08/events/event">
  <System>
    <Provider Name="Microsoft-Windows-Sysmon" Guid="{5770385f-c22a-43e0-bf4c-06f5698ffbd9}"/>
    <EventID>5</EventID>
    <Version>3</Version>
    <Level>4</Level>
    <Task>5</Task>
    <Opcode>0</Opcode>
    <Keywords>0x8000000000000000</Keywords>
    <TimeCreated SystemTime="2024-03-18T14:42:28.4851107Z"/>
    <EventRecordID>525458</EventRecordID>
    <Correlation/>
    <Execution ProcessID="2760" ThreadID="3324"/>
    <Channel>Microsoft-Windows-Sysmon/Operational</Channel>
    <Computer>WS-MCHEN-01.meridianhcs.local</Computer>
    <Security UserID="S-1-5-18"/>
  </System>
  <EventData>
    
    <Data Name="RuleName">-</Data>
    <Data Name="UtcTime">2024-03-18 14:42:28.485</Data>
    <Data Name="ProcessGuid">{7b2a0e3f-5274-65f8-b102-00105781afdd}</Data>
    <Data Name="ProcessId">8916</Data>
    <Data Name="Image">C:\Windows\System32\OpenSSH\ssh.exe</Data>
    <Data Name="User">MERIDIANHCS\marcus.chen</Data>
    
  </EventData>
</Event>
<Event xmlns="http://schemas.microsoft.com/win/2004/08/events/event">
  <System>
    <Provider Name="Microsoft-Windows-Sysmon" Guid="{5770385f-c22a-43e0-bf4c-06f5698ffbd9}"/>
    <EventID>5</EventID>
    <Version>3</Version>
    <Level>4</Level>
    <Task>5</Task>
    <Opcode>0</Opcode>
    <Keywords>0x8000000000000000</Keywords>
    <TimeCreated SystemTime="2024-03-18T14:42:59.8226249Z"/>
    <EventRecordID>525459</EventRecordID>
    <Correlation/>
    <Execution ProcessID="2760" ThreadID="1792"/>
    <Channel>Microsoft-Windows-Sysmon/Operational</Channel>
    <Computer>WS-MCHEN-01.meridianhcs.local</Computer>
    <Security UserID="S-1-5-18"/>
  </System>
  <EventData>
    
    <Data Name="RuleName">-</Data>
    <Data Name="UtcTime">2024-03-18 14:42:59.822</Data>
    <Data Name="ProcessGuid">{7b2a0e3f-1138-65f8-3000-00007021e348}</Data>
    <Data Name="ProcessId">6280</Data>
    <Data Name="Image">C:\Program Files (x86)\Google\Update\GoogleUpdater.exe</Data>
    <Data Name="User">NT AUTHORITY\SYSTEM</Data>
    
  </EventData>
</Event>
<Event xmlns="http://schemas.microsoft.com/win/2004/08/events/event">
  <System>
    <Provider Name="Microsoft-Windows-Sysmon" Guid="{5770385f-c22a-43e0-bf4c-06f5698ffbd9}"/>
    <EventID>22</EventID>
    <Version>5</Version>
    <Level>4</Level>
    <Task>22</Task>
    <Opcode>0</Opcode>
    <Keywords>0x8000000000000000</Keywords>
    <TimeCreated SystemTime="2024-03-18T14:44:14.6879178Z"/>
    <EventRecordID>525460</EventRecordID>
    <Correlation/>
    <Execution ProcessID="2760" ThreadID="1792"/>
    <Channel>Microsoft-Windows-Sysmon/Operational</Channel>
    <Computer>WS-MCHEN-01.meridianhcs.local</Computer>
    <Security UserID="S-1-5-18"/>
  </System>
  <EventData>
    
    <Data Name="RuleName">-</Data>
    <Data Name="UtcTime">2024-03-18 14:44:14.687</Data>
    <Data Name="ProcessGuid">{7b2a0e3f-4f40-65ec-8202-00002a58927d}</Data>
    <Data Name="ProcessId">4</Data>
    <Data Name="QueryName">FILE-SRV-01.meridianhcs.local</Data>
    <Data Name="QueryStatus">0</Data>
    <Data Name="QueryResults">10.10.2.20;</Data>
    <Data Name="Image">System</Data>
    <Data Name="User">NT AUTHORITY\SYSTEM</Data>
    
  </EventData>
</Event>
<Event xmlns="http://schemas.microsoft.com/win/2004/08/events/event">
  <System>
    <Provider Name="Microsoft-Windows-Sysmon" Guid="{5770385f-c22a-43e0-bf4c-06f5698ffbd9}"/>
    <EventID>22</EventID>
    <Version>5</Version>
    <Level>4</Level>
    <Task>22</Task>
    <Opcode>0</Opcode>
    <Keywords>0x8000000000000000</Keywords>
    <TimeCreated SystemTime="2024-03-18T14:44:14.7498953Z"/>
    <EventRecordID>525461</EventRecordID>
    <Correlation/>
    <Execution ProcessID="2760" ThreadID="1792"/>
    <Channel>Microsoft-Windows-Sysmon/Operational</Channel>
    <Computer>WS-MCHEN-01.meridianhcs.local</Computer>
    <Security UserID="S-1-5-18"/>
  </System>
  <EventData>
    
    <Data Name="RuleName">-</Data>
    <Data Name="UtcTime">2024-03-18 14:44:14.749</Data>
    <Data Name="ProcessGuid">{7b2a0e3f-4f40-65ec-8202-00002a58927d}</Data>
    <Data Name="ProcessId">4</Data>
    <Data Name="QueryName">20.2.10.10.in-addr.arpa</Data>
    <Data Name="QueryStatus">0</Data>
    <Data Name="QueryResults">FILE-SRV-01.meridianhcs.local;</Data>
    <Data Name="Image">System</Data>
    <Data Name="User">NT AUTHORITY\SYSTEM</Data>
    
  </EventData>
</Event>
<Event xmlns="http://schemas.microsoft.com/win/2004/08/events/event">
  <System>
    <Provider Name="Microsoft-Windows-Sysmon" Guid="{5770385f-c22a-43e0-bf4c-06f5698ffbd9}"/>
    <EventID>5</EventID>
    <Version>3</Version>
    <Level>4</Level>
    <Task>5</Task>
    <Opcode>0</Opcode>
    <Keywords>0x8000000000000000</Keywords>
    <TimeCreated SystemTime="2024-03-18T14:44:18.4990545Z"/>
    <EventRecordID>525462</EventRecordID>
    <Correlation/>
    <Execution ProcessID="2760" ThreadID="1792"/>
    <Channel>Microsoft-Windows-Sysmon/Operational</Channel>
    <Computer>WS-MCHEN-01.meridianhcs.local</Computer>
    <Security UserID="S-1-5-18"/>
  </System>
  <EventData>
    
    <Data Name="RuleName">-</Data>
    <Data Name="UtcTime">2024-03-18 14:44:18.499</Data>
    <Data Name="ProcessGuid">{7b2a0e3f-49e7-65f8-d502-000026f0fa8e}</Data>
    <Data Name="ProcessId">8828</Data>
    <Data Name="Image">C:\Windows\System32\mstsc.exe</Data>
    <Data Name="User">MERIDIANHCS\marcus.chen</Data>
    
  </EventData>
</Event>
<Event xmlns="http://schemas.microsoft.com/win/2004/08/events/event">
  <System>
    <Provider Name="Microsoft-Windows-Sysmon" Guid="{5770385f-c22a-43e0-bf4c-06f5698ffbd9}"/>
    <EventID>13</EventID>
    <Version>2</Version>
    <Level>4</Level>
    <Task>13</Task>
    <Opcode>0</Opcode>
    <Keywords>0x8000000000000000</Keywords>
    <TimeCreated SystemTime="2024-03-18T14:44:28.8170085Z"/>
    <EventRecordID>525463</EventRecordID>
    <Correlation/>
    <Execution ProcessID="2760" ThreadID="1204"/>
    <Channel>Microsoft-Windows-Sysmon/Operational</Channel>
    <Computer>WS-MCHEN-01.meridianhcs.local</Computer>
    <Security UserID="S-1-5-18"/>
  </System>
  <EventData>
    
    <Data Name="RuleName">-</Data>
    <Data Name="EventType">SetValue</Data>
    <Data Name="UtcTime">2024-03-18 14:44:28.817</Data>
    <Data Name="ProcessGuid">{7b2a0e3f-4f61-65ec-ca02-000042539814}</Data>
    <Data Name="ProcessId">6180</Data>
    <Data Name="Image">C:\Windows\explorer.exe</Data>
    <Data Name="TargetObject">HKU\S-1-5-21-1537687973-2974994828-3875246326-1003\Software\Microsoft\Windows\CurrentVersion\Explorer\UserAssist\{CEBFF5CD-ACE2-4F4F-9178-9926F41749EA}\Count\HRZR_EHACNGU:P:\Cebtenz Svyrf\Zvpebfbsg Bssvpr\ebbg\Bssvpr16\RKPRY.RKR</Data>
    <Data Name="Details">C1 A2 90 8F F8 DF 15 DE 26 10 EC 80 13 F8 E7 81 26 2D 74 6D 17 45 41 46 BF 43 B2 D9 83 1A FC E4 0C D5 1D 48 50 FD A4 63 22 E4 E8 0C 5A B9 C7 33</Data>
    <Data Name="User">MERIDIANHCS\marcus.chen</Data>
    
  </EventData>
</Event>
<Event xmlns="http://schemas.microsoft.com/win/2004/08/events/event">
  <System>
    <Provider Name="Microsoft-Windows-Sysmon" Guid="{5770385f-c22a-43e0-bf4c-06f5698ffbd9}"/>
    <EventID>5</EventID>
    <Version>3</Version>
    <Level>4</Level>
    <Task>5</Task>
    <Opcode>0</Opcode>
    <Keywords>0x8000000000000000</Keywords>
    <TimeCreated SystemTime="2024-03-18T14:44:31.5461961Z"/>
    <EventRecordID>525464</EventRecordID>
    <Correlation/>
    <Execution ProcessID="2760" ThreadID="1792"/>
    <Channel>Microsoft-Windows-Sysmon/Operational</Channel>
    <Computer>WS-MCHEN-01.meridianhcs.local</Computer>
    <Security UserID="S-1-5-18"/>
  </System>
  <EventData>
    
    <Data Name="RuleName">-</Data>
    <Data Name="UtcTime">2024-03-18 14:44:31.546</Data>
    <Data Name="ProcessGuid">{7b2a0e3f-4e0b-65f8-b200-0010cd1ddca4}</Data>
    <Data Name="ProcessId">8868</Data>
    <Data Name="Image">C:\Windows\System32\OpenSSH\ssh.exe</Data>
    <Data Name="User">MERIDIANHCS\marcus.chen</Data>
    
  </EventData>
</Event>
<Event xmlns="http://schemas.microsoft.com/win/2004/08/events/event">
  <System>
    <Provider Name="Microsoft-Windows-Sysmon" Guid="{5770385f-c22a-43e0-bf4c-06f5698ffbd9}"/>
    <EventID>10</EventID>
    <Version>3</Version>
    <Level>4</Level>
    <Task>10</Task>
    <Opcode>0</Opcode>
    <Keywords>0x8000000000000000</Keywords>
    <TimeCreated SystemTime="2024-03-18T14:44:44.4128710Z"/>
    <EventRecordID>525465</EventRecordID>
    <Correlation/>
    <Execution ProcessID="2760" ThreadID="3324"/>
    <Channel>Microsoft-Windows-Sysmon/Operational</Channel>
    <Computer>WS-MCHEN-01.meridianhcs.local</Computer>
    <Security UserID="S-1-5-18"/>
  </System>
  <EventData>
    
    <Data Name="RuleName">-</Data>
    <Data Name="UtcTime">2024-03-18 14:44:44.412</Data>
    <Data Name="SourceProcessGUID">{7b2a0e3f-4f4d-65ec-d700-001003fb4c55}</Data>
    <Data Name="SourceProcessId">5908</Data>
    <Data Name="SourceThreadId">21496</Data>
    <Data Name="SourceImage">C:\Windows\System32\svchost.exe</Data>
    <Data Name="TargetProcessGUID">{7b2a0e3f-4f49-65ec-9600-0000883862a5}</Data>
    <Data Name="TargetProcessId">5888</Data>
    <Data Name="TargetImage">C:\Windows\System32\lsass.exe</Data>
    <Data Name="GrantedAccess">0x1400</Data>
    <Data Name="CallTrace">C:\Windows\SYSTEM32\ntdll.dll+9EBC3|C:\Windows\SYSTEM32\KERNELBASE.dll+2EDFD|C:\Windows\SYSTEM32\sechost.dll+128D8</Data>
    <Data Name="SourceUser">NT AUTHORITY\NETWORK SERVICE</Data>
    <Data Name="TargetUser">NT AUTHORITY\SYSTEM</Data>
    
  </EventData>
</Event>
<Event xmlns="http://schemas.microsoft.com/win/2004/08/events/event">
  <System>
    <Provider Name="Microsoft-Windows-Sysmon" Guid="{5770385f-c22a-43e0-bf4c-06f5698ffbd9}"/>
    <EventID>5</EventID>
    <Version>3</Version>
    <Level>4</Level>
    <Task>5</Task>
    <Opcode>0</Opcode>
    <Keywords>0x8000000000000000</Keywords>
    <TimeCreated SystemTime="2024-03-18T14:45:53.0843847Z"/>
    <EventRecordID>525466</EventRecordID>
    <Correlation/>
    <Execution ProcessID="2760" ThreadID="1204"/>
    <Channel>Microsoft-Windows-Sysmon/Operational</Channel>
    <Computer>WS-MCHEN-01.meridianhcs.local</Computer>
    <Security UserID="S-1-5-18"/>
  </System>
  <EventData>
    
    <Data Name="RuleName">-</Data>
    <Data Name="UtcTime">2024-03-18 14:45:53.084</Data>
    <Data Name="ProcessGuid">{7b2a0e3f-4fed-65f8-af00-00000bef7993}</Data>
    <Data Name="ProcessId">8836</Data>
    <Data Name="Image">C:\Windows\System32\OpenSSH\ssh.exe</Data>
    <Data Name="User">MERIDIANHCS\marcus.chen</Data>
    
  </EventData>
</Event>
<Event xmlns="http://schemas.microsoft.com/win/2004/08/events/event">
  <System>
    <Provider Name="Microsoft-Windows-Sysmon" Guid="{5770385f-c22a-43e0-bf4c-06f5698ffbd9}"/>
    <EventID>3</EventID>
    <Version>5</Version>
    <Level>4</Level>
    <Task>3</Task>
    <Opcode>0</Opcode>
    <Keywords>0x8000000000000000</Keywords>
    <TimeCreated SystemTime="2024-03-18T14:46:36.1002220Z"/>
    <EventRecordID>525467</EventRecordID>
    <Correlation/>
    <Execution ProcessID="2760" ThreadID="2500"/>
    <Channel>Microsoft-Windows-Sysmon/Operational</Channel>
    <Computer>WS-MCHEN-01.meridianhcs.local</Computer>
    <Security UserID="S-1-5-18"/>
  </System>
  <EventData>
    
    <Data Name="RuleName">-</Data>
    <Data Name="UtcTime">2024-03-18 14:46:36.100</Data>
    <Data Name="ProcessGuid">{7b2a0e3f-2d62-65f8-bd00-000094c3d208}</Data>
    <Data Name="ProcessId">7204</Data>
    <Data Name="Image">C:\Program Files (x86)\Microsoft\Edge\Application\msedge.exe</Data>
    <Data Name="User">MERIDIANHCS\marcus.chen</Data>
    <Data Name="Protocol">tcp</Data>
    <Data Name="Initiated">true</Data>
    <Data Name="SourceIsIpv6">false</Data>
    <Data Name="SourceIp">10.10.1.31</Data>
    <Data Name="SourceHostname">WS-MCHEN-01.meridianhcs.local</Data>
    <Data Name="SourcePort">52462</Data>
    <Data Name="SourcePortName">-</Data>
    <Data Name="DestinationIsIpv6">false</Data>
    <Data Name="DestinationIp">10.10.3.20</Data>
    <Data Name="DestinationHostname">PROXY-01.meridianhcs.local</Data>
    <Data Name="DestinationPort">8080</Data>
    <Data Name="DestinationPortName">http-alt</Data>
    
  </EventData>
</Event>
<Event xmlns="http://schemas.microsoft.com/win/2004/08/events/event">
  <System>
    <Provider Name="Microsoft-Windows-Sysmon" Guid="{5770385f-c22a-43e0-bf4c-06f5698ffbd9}"/>
    <EventID>7</EventID>
    <Version>3</Version>
    <Level>4</Level>
    <Task>7</Task>
    <Opcode>0</Opcode>
    <Keywords>0x8000000000000000</Keywords>
    <TimeCreated SystemTime="2024-03-18T14:47:36.3371584Z"/>
    <EventRecordID>525468</EventRecordID>
    <Correlation/>
    <Execution ProcessID="2760" ThreadID="3324"/>
    <Channel>Microsoft-Windows-Sysmon/Operational</Channel>
    <Computer>WS-MCHEN-01.meridianhcs.local</Computer>
    <Security UserID="S-1-5-18"/>
  </System>
  <EventData>
    
    <Data Name="RuleName">-</Data>
    <Data Name="UtcTime">2024-03-18 14:47:36.337</Data>
    <Data Name="ProcessGuid">{7b2a0e3f-294a-65f8-6200-0000b81fa844}</Data>
    <Data Name="ProcessId">7184</Data>
    <Data Name="Image">C:\Windows\explorer.exe</Data>
    <Data Name="ImageLoaded">C:\Program Files\7-Zip\7-zip.dll</Data>
    <Data Name="FileVersion">23.01.0.0</Data>
    <Data Name="Description">7-Zip Shell Extension</Data>
    <Data Name="Product">7-Zip</Data>
    <Data Name="Company">Igor Pavlov</Data>
    <Data Name="OriginalFileName">7-zip.dll</Data>
    <Data Name="Hashes">SHA1=BF2619160C548067C80B010F0B9F5D224435A4AA,MD5=4FFC4040B68D405900BE629547DF0786,SHA256=A34E512691EB799A505E71B1CD8F01B889912AFB7CCB2D5DEC396F8C366E9BEE,IMPHASH=D6D3685D4A430A287607E444371EB5F5</Data>
    <Data Name="Signed">false</Data>
    <Data Name="Signature">-</Data>
    <Data Name="SignatureStatus">Unavailable</Data>
    <Data Name="User">MERIDIANHCS\marcus.chen</Data>
    
  </EventData>
</Event>
<Event xmlns="http://schemas.microsoft.com/win/2004/08/events/event">
  <System>
    <Provider Name="Microsoft-Windows-Sysmon" Guid="{5770385f-c22a-43e0-bf4c-06f5698ffbd9}"/>
    <EventID>10</EventID>
    <Version>3</Version>
    <Level>4</Level>
    <Task>10</Task>
    <Opcode>0</Opcode>
    <Keywords>0x8000000000000000</Keywords>
    <TimeCreated SystemTime="2024-03-18T14:48:12.9099303Z"/>
    <EventRecordID>525469</EventRecordID>
    <Correlation/>
    <Execution ProcessID="2760" ThreadID="3324"/>
    <Channel>Microsoft-Windows-Sysmon/Operational</Channel>
    <Computer>WS-MCHEN-01.meridianhcs.local</Computer>
    <Security UserID="S-1-5-18"/>
  </System>
  <EventData>
    
    <Data Name="RuleName">-</Data>
    <Data Name="UtcTime">2024-03-18 14:48:12.909</Data>
    <Data Name="SourceProcessGUID">{7b2a0e3f-4f58-65ec-2400-0010b365c4e8}</Data>
    <Data Name="SourceProcessId">6088</Data>
    <Data Name="SourceThreadId">21768</Data>
    <Data Name="SourceImage">C:\Windows\System32\dllhost.exe</Data>
    <Data Name="TargetProcessGUID">{7b2a0e3f-4f61-65ec-ca02-000042539814}</Data>
    <Data Name="TargetProcessId">6180</Data>
    <Data Name="TargetImage">C:\Windows\explorer.exe</Data>
    <Data Name="GrantedAccess">0x1000</Data>
    <Data Name="CallTrace">C:\Windows\SYSTEM32\ntdll.dll+9E96A|C:\Windows\SYSTEM32\KERNELBASE.dll+2E04A|C:\Windows\SYSTEM32\advapi32.dll+4BD1B</Data>
    <Data Name="SourceUser">NT AUTHORITY\SYSTEM</Data>
    <Data Name="TargetUser">MERIDIANHCS\marcus.chen</Data>
    
  </EventData>
</Event>
<Event xmlns="http://schemas.microsoft.com/win/2004/08/events/event">
  <System>
    <Provider Name="Microsoft-Windows-Sysmon" Guid="{5770385f-c22a-43e0-bf4c-06f5698ffbd9}"/>
    <EventID>10</EventID>
    <Version>3</Version>
    <Level>4</Level>
    <Task>10</Task>
    <Opcode>0</Opcode>
    <Keywords>0x8000000000000000</Keywords>
    <TimeCreated SystemTime="2024-03-18T14:48:33.7997900Z"/>
    <EventRecordID>525470</EventRecordID>
    <Correlation/>
    <Execution ProcessID="2760" ThreadID="1204"/>
    <Channel>Microsoft-Windows-Sysmon/Operational</Channel>
    <Computer>WS-MCHEN-01.meridianhcs.local</Computer>
    <Security UserID="S-1-5-18"/>
  </System>
  <EventData>
    
    <Data Name="RuleName">-</Data>
    <Data Name="UtcTime">2024-03-18 14:48:33.799</Data>
    <Data Name="SourceProcessGUID">{7b2a0e3f-4f4c-65ec-6600-0000d1b8a625}</Data>
    <Data Name="SourceProcessId">5904</Data>
    <Data Name="SourceThreadId">21484</Data>
    <Data Name="SourceImage">C:\Windows\System32\svchost.exe</Data>
    <Data Name="TargetProcessGUID">{7b2a0e3f-4f49-65ec-9600-0000883862a5}</Data>
    <Data Name="TargetProcessId">5888</Data>
    <Data Name="TargetImage">C:\Windows\System32\lsass.exe</Data>
    <Data Name="GrantedAccess">0x1000</Data>
    <Data Name="CallTrace">C:\Windows\SYSTEM32\ntdll.dll+9E14F|C:\Windows\SYSTEM32\KERNELBASE.dll+2EC88|C:\Windows\SYSTEM32\combase.dll+29BA0</Data>
    <Data Name="SourceUser">NT AUTHORITY\SYSTEM</Data>
    <Data Name="TargetUser">NT AUTHORITY\SYSTEM</Data>
    
  </EventData>
</Event>
<Event xmlns="http://schemas.microsoft.com/win/2004/08/events/event">
  <System>
    <Provider Name="Microsoft-Windows-Sysmon" Guid="{5770385f-c22a-43e0-bf4c-06f5698ffbd9}"/>
    <EventID>1</EventID>
    <Version>5</Version>
    <Level>4</Level>
    <Task>1</Task>
    <Opcode>0</Opcode>
    <Keywords>0x8000000000000000</Keywords>
    <TimeCreated SystemTime="2024-03-18T14:48:47.0692776Z"/>
    <EventRecordID>525471</EventRecordID>
    <Correlation/>
    <Execution ProcessID="2760" ThreadID="1792"/>
    <Channel>Microsoft-Windows-Sysmon/Operational</Channel>
    <Computer>WS-MCHEN-01.meridianhcs.local</Computer>
    <Security UserID="S-1-5-18"/>
  </System>
  <EventData>
    
    <Data Name="RuleName">-</Data>
    <Data Name="UtcTime">2024-03-18 14:48:47.069</Data>
    <Data Name="ProcessGuid">{7b2a0e3f-544f-65f8-a602-0000dcdb3a3e}</Data>
    <Data Name="ProcessId">8504</Data>
    <Data Name="Image">C:\Windows\System32\SearchProtocolHost.exe</Data>
    <Data Name="FileVersion">10.0.22621.1</Data>
    <Data Name="Description">Microsoft Windows Search Protocol Host</Data>
    <Data Name="Product">Microsoft Windows Operating System</Data>
    <Data Name="Company">Microsoft Corporation</Data>
    <Data Name="OriginalFileName">SearchProtocolHost.exe</Data>
    <Data Name="CommandLine">SearchProtocolHost.exe Global\UsGthrFltPipeMssGthrPipe_S-1-5-20 Global\UsGthrCtrlFltPipeMssGthrPipe_S-1-5-20 1</Data>
    <Data Name="CurrentDirectory">C:\Windows\System32\</Data>
    <Data Name="User">NT AUTHORITY\SYSTEM</Data>
    <Data Name="LogonGuid">{00000000-0000-0000-0000-000000000000}</Data>
    <Data Name="LogonId">0x3e7</Data>
    <Data Name="TerminalSessionId">0</Data>
    <Data Name="IntegrityLevel">System</Data>
    <Data Name="Hashes">SHA1=43216957F6B1F6C0C1C954D1CFC7F9CE3FC72B60,MD5=BA242BD070D4A866C5D58169DB10ED02,SHA256=D48FE4EDB7B572D8CF8A37CD1AFC0882D88CA17A0BE3F4615C9E5A4F608E954A,IMPHASH=E495A5C3FEEEA98E32665B0ADE2B5A18</Data>
    <Data Name="ParentProcessGuid">{7b2a0e3f-4f56-65ec-6202-00102298e014}</Data>
    <Data Name="ParentProcessId">6068</Data>
    <Data Name="ParentImage">C:\Windows\System32\SearchIndexer.exe</Data>
    <Data Name="ParentCommandLine">SearchIndexer.exe</Data>
    <Data Name="ParentUser">NT AUTHORITY\SYSTEM</Data>
    
  </EventData>
</Event>
<Event xmlns="http://schemas.microsoft.com/win/2004/08/events/event">
  <System>
    <Provider Name="Microsoft-Windows-Sysmon" Guid="{5770385f-c22a-43e0-bf4c-06f5698ffbd9}"/>
    <EventID>5</EventID>
    <Version>3</Version>
    <Level>4</Level>
    <Task>5</Task>
    <Opcode>0</Opcode>
    <Keywords>0x8000000000000000</Keywords>
    <TimeCreated SystemTime="2024-03-18T14:49:20.6661513Z"/>
    <EventRecordID>525472</EventRecordID>
    <Correlation/>
    <Execution ProcessID="2760" ThreadID="3324"/>
    <Channel>Microsoft-Windows-Sysmon/Operational</Channel>
    <Computer>WS-MCHEN-01.meridianhcs.local</Computer>
    <Security UserID="S-1-5-18"/>
  </System>
  <EventData>
    
    <Data Name="RuleName">-</Data>
    <Data Name="UtcTime">2024-03-18 14:49:20.666</Data>
    <Data Name="ProcessGuid">{7b2a0e3f-512e-65f8-e000-0000ade87cad}</Data>
    <Data Name="ProcessId">8936</Data>
    <Data Name="Image">C:\Windows\System32\OpenSSH\ssh.exe</Data>
    <Data Name="User">MERIDIANHCS\marcus.chen</Data>
    
  </EventData>
</Event>
<Event xmlns="http://schemas.microsoft.com/win/2004/08/events/event">
  <System>
    <Provider Name="Microsoft-Windows-Sysmon" Guid="{5770385f-c22a-43e0-bf4c-06f5698ffbd9}"/>
    <EventID>1</EventID>
    <Version>5</Version>
    <Level>4</Level>
    <Task>1</Task>
    <Opcode>0</Opcode>
    <Keywords>0x8000000000000000</Keywords>
    <TimeCreated SystemTime="2024-03-18T14:49:21.9159688Z"/>
    <EventRecordID>525473</EventRecordID>
    <Correlation/>
    <Execution ProcessID="2760" ThreadID="3324"/>
    <Channel>Microsoft-Windows-Sysmon/Operational</Channel>
    <Computer>WS-MCHEN-01.meridianhcs.local</Computer>
    <Security UserID="S-1-5-18"/>
  </System>
  <EventData>
    
    <Data Name="RuleName">-</Data>
    <Data Name="UtcTime">2024-03-18 14:49:21.915</Data>
    <Data Name="ProcessGuid">{7b2a0e3f-5471-65f8-2c00-001042d22d90}</Data>
    <Data Name="ProcessId">8812</Data>
    <Data Name="Image">C:\Windows\System32\OpenSSH\ssh.exe</Data>
    <Data Name="FileVersion">8.6.0.1</Data>
    <Data Name="Description">OpenSSH SSH client</Data>
    <Data Name="Product">OpenSSH for Windows</Data>
    <Data Name="Company">Microsoft Corporation</Data>
    <Data Name="OriginalFileName">ssh.exe</Data>
    <Data Name="CommandLine">ssh.exe marcus.chen@APP-INT-01.meridianhcs.local</Data>
    <Data Name="CurrentDirectory">C:\Users\marcus.chen\</Data>
    <Data Name="User">MERIDIANHCS\marcus.chen</Data>
    <Data Name="LogonGuid">{00000000-0000-0000-0000-000000000000}</Data>
    <Data Name="LogonId">0x6c15556</Data>
    <Data Name="TerminalSessionId">5</Data>
    <Data Name="IntegrityLevel">Medium</Data>
    <Data Name="Hashes">SHA1=34EDBE1F2503BED1B1F8F387974ACB65F632C21B,MD5=177AE85C74B6D0BB9FC040A42BF2CAC0,SHA256=5CA44FEC35D64819E1CF357648C98073ACA2AEF9816F8FA375095783B3AC3EE1,IMPHASH=62F7B0310260F97B5078263292DD1CBA</Data>
    <Data Name="ParentProcessGuid">{7b2a0e3f-4d49-65f8-7f02-00001a158063}</Data>
    <Data Name="ParentProcessId">8364</Data>
    <Data Name="ParentImage">C:\Windows\System32\cmd.exe</Data>
    <Data Name="ParentCommandLine">C:\Windows\System32\cmd.exe</Data>
    <Data Name="ParentUser">MERIDIANHCS\marcus.chen</Data>
    
  </EventData>
</Event>
<Event xmlns="http://schemas.microsoft.com/win/2004/08/events/event">
  <System>
    <Provider Name="Microsoft-Windows-Sysmon" Guid="{5770385f-c22a-43e0-bf4c-06f5698ffbd9}"/>
    <EventID>11</EventID>
    <Version>2</Version>
    <Level>4</Level>
    <Task>11</Task>
    <Opcode>0</Opcode>
    <Keywords>0x8000000000000000</Keywords>
    <TimeCreated SystemTime="2024-03-18T14:49:28.6646969Z"/>
    <EventRecordID>525474</EventRecordID>
    <Correlation/>
    <Execution ProcessID="2760" ThreadID="2500"/>
    <Channel>Microsoft-Windows-Sysmon/Operational</Channel>
    <Computer>WS-MCHEN-01.meridianhcs.local</Computer>
    <Security UserID="S-1-5-18"/>
  </System>
  <EventData>
    
    <Data Name="RuleName">-</Data>
    <Data Name="UtcTime">2024-03-18 14:49:28.664</Data>
    <Data Name="ProcessGuid">{7b2a0e3f-4f42-65ec-5202-0000e2efd49c}</Data>
    <Data Name="ProcessId">5856</Data>
    <Data Name="Image">C:\Windows\System32\smss.exe</Data>
    <Data Name="TargetFilename">C:\Windows\Temp\47141.tmp</Data>
    <Data Name="CreationUtcTime">2024-03-18 14:49:28.664</Data>
    <Data Name="User">NT AUTHORITY\SYSTEM</Data>
    
  </EventData>
</Event>
<Event xmlns="http://schemas.microsoft.com/win/2004/08/events/event">
  <System>
    <Provider Name="Microsoft-Windows-Sysmon" Guid="{5770385f-c22a-43e0-bf4c-06f5698ffbd9}"/>
    <EventID>3</EventID>
    <Version>5</Version>
    <Level>4</Level>
    <Task>3</Task>
    <Opcode>0</Opcode>
    <Keywords>0x8000000000000000</Keywords>
    <TimeCreated SystemTime="2024-03-18T14:49:47.5686278Z"/>
    <EventRecordID>525475</EventRecordID>
    <Correlation/>
    <Execution ProcessID="2760" ThreadID="3324"/>
    <Channel>Microsoft-Windows-Sysmon/Operational</Channel>
    <Computer>WS-MCHEN-01.meridianhcs.local</Computer>
    <Security UserID="S-1-5-18"/>
  </System>
  <EventData>
    
    <Data Name="RuleName">-</Data>
    <Data Name="UtcTime">2024-03-18 14:49:47.568</Data>
    <Data Name="ProcessGuid">{7b2a0e3f-5471-65f8-2c00-001042d22d90}</Data>
    <Data Name="ProcessId">8812</Data>
    <Data Name="Image">C:\Windows\System32\OpenSSH\ssh.exe</Data>
    <Data Name="User">MERIDIANHCS\marcus.chen</Data>
    <Data Name="Protocol">tcp</Data>
    <Data Name="Initiated">true</Data>
    <Data Name="SourceIsIpv6">false</Data>
    <Data Name="SourceIp">10.10.1.31</Data>
    <Data Name="SourceHostname">WS-MCHEN-01.meridianhcs.local</Data>
    <Data Name="SourcePort">50488</Data>
    <Data Name="SourcePortName">-</Data>
    <Data Name="DestinationIsIpv6">false</Data>
    <Data Name="DestinationIp">10.10.2.30</Data>
    <Data Name="DestinationHostname">APP-INT-01.meridianhcs.local</Data>
    <Data Name="DestinationPort">22</Data>
    <Data Name="DestinationPortName">ssh</Data>
    
  </EventData>
</Event>
<Event xmlns="http://schemas.microsoft.com/win/2004/08/events/event">
  <System>
    <Provider Name="Microsoft-Windows-Sysmon" Guid="{5770385f-c22a-43e0-bf4c-06f5698ffbd9}"/>
    <EventID>1</EventID>
    <Version>5</Version>
    <Level>4</Level>
    <Task>1</Task>
    <Opcode>0</Opcode>
    <Keywords>0x8000000000000000</Keywords>
    <TimeCreated SystemTime="2024-03-18T14:50:02.8374333Z"/>
    <EventRecordID>525477</EventRecordID>
    <Correlation/>
    <Execution ProcessID="2760" ThreadID="1792"/>
    <Channel>Microsoft-Windows-Sysmon/Operational</Channel>
    <Computer>WS-MCHEN-01.meridianhcs.local</Computer>
    <Security UserID="S-1-5-18"/>
  </System>
  <EventData>
    
    <Data Name="RuleName">-</Data>
    <Data Name="UtcTime">2024-03-18 14:50:02.837</Data>
    <Data Name="ProcessGuid">{7b2a0e3f-549a-65f8-ee02-0010ca1cfce1}</Data>
    <Data Name="ProcessId">8484</Data>
    <Data Name="Image">C:\Windows\System32\dllhost.exe</Data>
    <Data Name="FileVersion">10.0.22621.1</Data>
    <Data Name="Description">COM Surrogate</Data>
    <Data Name="Product">Microsoft Windows Operating System</Data>
    <Data Name="Company">Microsoft Corporation</Data>
    <Data Name="OriginalFileName">dllhost.exe</Data>
    <Data Name="CommandLine">dllhost.exe /Processid:{73E709EA-5D93-4B2E-BBB0-99B7938DA9E4}</Data>
    <Data Name="CurrentDirectory">C:\Windows\System32\</Data>
    <Data Name="User">NT AUTHORITY\SYSTEM</Data>
    <Data Name="LogonGuid">{00000000-0000-0000-0000-000000000000}</Data>
    <Data Name="LogonId">0x3e7</Data>
    <Data Name="TerminalSessionId">0</Data>
    <Data Name="IntegrityLevel">System</Data>
    <Data Name="Hashes">SHA1=B50E716E3959BD7D9EFCF885BBAF84F837EFDAD2,MD5=5E659C310A9E39CB882747D6F904A7AB,SHA256=6DA7E097C9C5FA197672678842CCA84B053B93571838CBBD620386EF3F6878F4,IMPHASH=7A9666B001C1F3337ACF7F3BEFF4373E</Data>
    <Data Name="ParentProcessGuid">{7b2a0e3f-4f4c-65ec-4000-0010b5f91f6b}</Data>
    <Data Name="ParentProcessId">5896</Data>
    <Data Name="ParentImage">C:\Windows\System32\svchost.exe</Data>
    <Data Name="ParentCommandLine">svchost.exe -k DcomLaunch</Data>
    <Data Name="ParentUser">NT AUTHORITY\SYSTEM</Data>
    
  </EventData>
</Event>
<Event xmlns="http://schemas.microsoft.com/win/2004/08/events/event">
  <System>
    <Provider Name="Microsoft-Windows-Sysmon" Guid="{5770385f-c22a-43e0-bf4c-06f5698ffbd9}"/>
    <EventID>1</EventID>
    <Version>5</Version>
    <Level>4</Level>
    <Task>1</Task>
    <Opcode>0</Opcode>
    <Keywords>0x8000000000000000</Keywords>
    <TimeCreated SystemTime="2024-03-18T14:50:03.0831814Z"/>
    <EventRecordID>525478</EventRecordID>
    <Correlation/>
    <Execution ProcessID="2760" ThreadID="1204"/>
    <Channel>Microsoft-Windows-Sysmon/Operational</Channel>
    <Computer>WS-MCHEN-01.meridianhcs.local</Computer>
    <Security UserID="S-1-5-18"/>
  </System>
  <EventData>
    
    <Data Name="RuleName">-</Data>
    <Data Name="UtcTime">2024-03-18 14:50:03.083</Data>
    <Data Name="ProcessGuid">{7b2a0e3f-549b-65f8-8102-00102ae41b3c}</Data>
    <Data Name="ProcessId">9020</Data>
    <Data Name="Image">C:\Windows\System32\runas.exe</Data>
    <Data Name="FileVersion">10.0.22621.1</Data>
    <Data Name="Description">RunAs Command</Data>
    <Data Name="Product">Microsoft Windows Operating System</Data>
    <Data Name="Company">Microsoft Corporation</Data>
    <Data Name="OriginalFileName">runas.exe</Data>
    <Data Name="CommandLine">runas.exe</Data>
    <Data Name="CurrentDirectory">C:\Windows\System32\</Data>
    <Data Name="User">MERIDIANHCS\marcus.chen</Data>
    <Data Name="LogonGuid">{00000000-0000-0000-0000-000000000000}</Data>
    <Data Name="LogonId">0x6c15556</Data>
    <Data Name="TerminalSessionId">5</Data>
    <Data Name="IntegrityLevel">Medium</Data>
    <Data Name="Hashes">SHA1=7976285A6196394866ABDFA17FD669FB868D58EC,MD5=7F7F621CD658FF088FF8664B412EAD31,SHA256=6AB8D49B0079B5A48460769EDE97A7743C57DCDF43CBCFDBF08D4031C916CE41,IMPHASH=048D93B19B8966EFE507A06CF29CE00E</Data>
    <Data Name="ParentProcessGuid">{7b2a0e3f-294a-65f8-6200-0000b81fa844}</Data>
    <Data Name="ParentProcessId">7184</Data>
    <Data Name="ParentImage">C:\Windows\explorer.exe</Data>
    <Data Name="ParentCommandLine">explorer.exe</Data>
    <Data Name="ParentUser">MERIDIANHCS\marcus.chen</Data>
    
  </EventData>
</Event>
<Event xmlns="http://schemas.microsoft.com/win/2004/08/events/event">
  <System>
    <Provider Name="Microsoft-Windows-Sysmon" Guid="{5770385f-c22a-43e0-bf4c-06f5698ffbd9}"/>
    <EventID>5</EventID>
    <Version>3</Version>
    <Level>4</Level>
    <Task>5</Task>
    <Opcode>0</Opcode>
    <Keywords>0x8000000000000000</Keywords>
    <TimeCreated SystemTime="2024-03-18T14:50:19.3013248Z"/>
    <EventRecordID>525479</EventRecordID>
    <Correlation/>
    <Execution ProcessID="2760" ThreadID="1792"/>
    <Channel>Microsoft-Windows-Sysmon/Operational</Channel>
    <Computer>WS-MCHEN-01.meridianhcs.local</Computer>
    <Security UserID="S-1-5-18"/>
  </System>
  <EventData>
    
    <Data Name="RuleName">-</Data>
    <Data Name="UtcTime">2024-03-18 14:50:19.301</Data>
    <Data Name="ProcessGuid">{7b2a0e3f-549a-65f8-ee02-0010ca1cfce1}</Data>
    <Data Name="ProcessId">8484</Data>
    <Data Name="Image">C:\Windows\System32\dllhost.exe</Data>
    <Data Name="User">NT AUTHORITY\SYSTEM</Data>
    
  </EventData>
</Event>
<Event xmlns="http://schemas.microsoft.com/win/2004/08/events/event">
  <System>
    <Provider Name="Microsoft-Windows-Sysmon" Guid="{5770385f-c22a-43e0-bf4c-06f5698ffbd9}"/>
    <EventID>1</EventID>
    <Version>5</Version>
    <Level>4</Level>
    <Task>1</Task>
    <Opcode>0</Opcode>
    <Keywords>0x8000000000000000</Keywords>
    <TimeCreated SystemTime="2024-03-18T14:50:39.2287623Z"/>
    <EventRecordID>525480</EventRecordID>
    <Correlation/>
    <Execution ProcessID="2760" ThreadID="3324"/>
    <Channel>Microsoft-Windows-Sysmon/Operational</Channel>
    <Computer>WS-MCHEN-01.meridianhcs.local</Computer>
    <Security UserID="S-1-5-18"/>
  </System>
  <EventData>
    
    <Data Name="RuleName">-</Data>
    <Data Name="UtcTime">2024-03-18 14:50:39.228</Data>
    <Data Name="ProcessGuid">{7b2a0e3f-54bf-65f8-0d02-0000eede22b5}</Data>
    <Data Name="ProcessId">8412</Data>
    <Data Name="Image">C:\Windows\System32\winlogon.exe</Data>
    <Data Name="FileVersion">-</Data>
    <Data Name="Description">-</Data>
    <Data Name="Product">-</Data>
    <Data Name="Company">-</Data>
    <Data Name="OriginalFileName">-</Data>
    <Data Name="CommandLine">winlogon.exe</Data>
    <Data Name="CurrentDirectory">C:\Windows\System32\</Data>
    <Data Name="User">NT AUTHORITY\SYSTEM</Data>
    <Data Name="LogonGuid">{00000000-0000-0000-0000-000000000000}</Data>
    <Data Name="LogonId">0x3e7</Data>
    <Data Name="TerminalSessionId">0</Data>
    <Data Name="IntegrityLevel">System</Data>
    <Data Name="Hashes">SHA1=9346FD5F83897428CBEEFE7541717E3A158E2B11,MD5=11A2E297BEA7B166F4A9D2C6BE5E2278,SHA256=6B0FA04BC5E8CE24A5DB36851D4A6CDBBB1030B9C471A3E4FC3BD613B85080E7,IMPHASH=57930F079A22768C8BF86A9C197BCDCF</Data>
    <Data Name="ParentProcessGuid">{7b2a0e3f-4f42-65ec-5202-0000e2efd49c}</Data>
    <Data Name="ParentProcessId">5856</Data>
    <Data Name="ParentImage">C:\Windows\System32\smss.exe</Data>
    <Data Name="ParentCommandLine">smss.exe</Data>
    <Data Name="ParentUser">NT AUTHORITY\SYSTEM</Data>
    
  </EventData>
</Event>
<Event xmlns="http://schemas.microsoft.com/win/2004/08/events/event">
  <System>
    <Provider Name="Microsoft-Windows-Sysmon" Guid="{5770385f-c22a-43e0-bf4c-06f5698ffbd9}"/>
    <EventID>1</EventID>
    <Version>5</Version>
    <Level>4</Level>
    <Task>1</Task>
    <Opcode>0</Opcode>
    <Keywords>0x8000000000000000</Keywords>
    <TimeCreated SystemTime="2024-03-18T14:50:40.6078995Z"/>
    <EventRecordID>525481</EventRecordID>
    <Correlation/>
    <Execution ProcessID="2760" ThreadID="3324"/>
    <Channel>Microsoft-Windows-Sysmon/Operational</Channel>
    <Computer>WS-MCHEN-01.meridianhcs.local</Computer>
    <Security UserID="S-1-5-18"/>
  </System>
  <EventData>
    
    <Data Name="RuleName">-</Data>
    <Data Name="UtcTime">2024-03-18 14:50:40.607</Data>
    <Data Name="ProcessGuid">{7b2a0e3f-54c0-65f8-0300-0010ae97ea2b}</Data>
    <Data Name="ProcessId">8432</Data>
    <Data Name="Image">C:\Windows\System32\userinit.exe</Data>
    <Data Name="FileVersion">-</Data>
    <Data Name="Description">-</Data>
    <Data Name="Product">-</Data>
    <Data Name="Company">-</Data>
    <Data Name="OriginalFileName">-</Data>
    <Data Name="CommandLine">userinit.exe</Data>
    <Data Name="CurrentDirectory">C:\Windows\System32\</Data>
    <Data Name="User">MERIDIANHCS\diego.ramirez</Data>
    <Data Name="LogonGuid">{00000000-0000-0000-0000-000000000000}</Data>
    <Data Name="LogonId">0x6d88320</Data>
    <Data Name="TerminalSessionId">1</Data>
    <Data Name="IntegrityLevel">Medium</Data>
    <Data Name="Hashes">SHA1=6A4714367CD4C105D4349C5F089354153BE58DD9,MD5=5A56268C48DE9F5E679EDCE87E08B276,SHA256=91665FC0325F4DE548C15AAFB5C01CD83C3A50136038AE6B7BB2DC31330399A9,IMPHASH=6B2B4605529C1A2D51ED6C8F0DFC02C4</Data>
    <Data Name="ParentProcessGuid">{7b2a0e3f-54bf-65f8-0d02-0000eede22b5}</Data>
    <Data Name="ParentProcessId">8412</Data>
    <Data Name="ParentImage">C:\Windows\System32\winlogon.exe</Data>
    <Data Name="ParentCommandLine">winlogon.exe</Data>
    <Data Name="ParentUser">NT AUTHORITY\SYSTEM</Data>
    
  </EventData>
</Event>
<Event xmlns="http://schemas.microsoft.com/win/2004/08/events/event">
  <System>
    <Provider Name="Microsoft-Windows-Sysmon" Guid="{5770385f-c22a-43e0-bf4c-06f5698ffbd9}"/>
    <EventID>1</EventID>
    <Version>5</Version>
    <Level>4</Level>
    <Task>1</Task>
    <Opcode>0</Opcode>
    <Keywords>0x8000000000000000</Keywords>
    <TimeCreated SystemTime="2024-03-18T14:50:41.1114629Z"/>
    <EventRecordID>525482</EventRecordID>
    <Correlation/>
    <Execution ProcessID="2760" ThreadID="3324"/>
    <Channel>Microsoft-Windows-Sysmon/Operational</Channel>
    <Computer>WS-MCHEN-01.meridianhcs.local</Computer>
    <Security UserID="S-1-5-18"/>
  </System>
  <EventData>
    
    <Data Name="RuleName">-</Data>
    <Data Name="UtcTime">2024-03-18 14:50:41.111</Data>
    <Data Name="ProcessGuid">{7b2a0e3f-54c1-65f8-7f02-0000cb15377a}</Data>
    <Data Name="ProcessId">8444</Data>
    <Data Name="Image">C:\Windows\explorer.exe</Data>
    <Data Name="FileVersion">10.0.22621.1</Data>
    <Data Name="Description">Windows Explorer</Data>
    <Data Name="Product">Microsoft Windows Operating System</Data>
    <Data Name="Company">Microsoft Corporation</Data>
    <Data Name="OriginalFileName">EXPLORER.EXE</Data>
    <Data Name="CommandLine">explorer.exe</Data>
    <Data Name="CurrentDirectory">C:\Windows\</Data>
    <Data Name="User">MERIDIANHCS\diego.ramirez</Data>
    <Data Name="LogonGuid">{00000000-0000-0000-0000-000000000000}</Data>
    <Data Name="LogonId">0x6d88320</Data>
    <Data Name="TerminalSessionId">1</Data>
    <Data Name="IntegrityLevel">Medium</Data>
    <Data Name="Hashes">SHA1=3922E3757754CF8848DAFCB0E35BD21FC056C472,MD5=F01FD4C9C159B0E18F9FE7FA4FDC181A,SHA256=8C469B1EB65ED2CFD03B604DDEF39743BB03724423FB1FD944E29D590B369B3B,IMPHASH=A863B5AAD4A2056679EBC19C74B829AE</Data>
    <Data Name="ParentProcessGuid">{7b2a0e3f-54c0-65f8-0300-0010ae97ea2b}</Data>
    <Data Name="ParentProcessId">8432</Data>
    <Data Name="ParentImage">C:\Windows\System32\userinit.exe</Data>
    <Data Name="ParentCommandLine">userinit.exe</Data>
    <Data Name="ParentUser">MERIDIANHCS\diego.ramirez</Data>
    
  </EventData>
</Event>
<Event xmlns="http://schemas.microsoft.com/win/2004/08/events/event">
  <System>
    <Provider Name="Microsoft-Windows-Sysmon" Guid="{5770385f-c22a-43e0-bf4c-06f5698ffbd9}"/>
    <EventID>5</EventID>
    <Version>3</Version>
    <Level>4</Level>
    <Task>5</Task>
    <Opcode>0</Opcode>
    <Keywords>0x8000000000000000</Keywords>
    <TimeCreated SystemTime="2024-03-18T14:50:41.5773049Z"/>
    <EventRecordID>525483</EventRecordID>
    <Correlation/>
    <Execution ProcessID="2760" ThreadID="1792"/>
    <Channel>Microsoft-Windows-Sysmon/Operational</Channel>
    <Computer>WS-MCHEN-01.meridianhcs.local</Computer>
    <Security UserID="S-1-5-18"/>
  </System>
  <EventData>
    
    <Data Name="RuleName">-</Data>
    <Data Name="UtcTime">2024-03-18 14:50:41.577</Data>
    <Data Name="ProcessGuid">{7b2a0e3f-54c0-65f8-0300-0010ae97ea2b}</Data>
    <Data Name="ProcessId">8432</Data>
    <Data Name="Image">C:\Windows\System32\userinit.exe</Data>
    <Data Name="User">MERIDIANHCS\diego.ramirez</Data>
    
  </EventData>
</Event>
<Event xmlns="http://schemas.microsoft.com/win/2004/08/events/event">
  <System>
    <Provider Name="Microsoft-Windows-Sysmon" Guid="{5770385f-c22a-43e0-bf4c-06f5698ffbd9}"/>
    <EventID>22</EventID>
    <Version>5</Version>
    <Level>4</Level>
    <Task>22</Task>
    <Opcode>0</Opcode>
    <Keywords>0x8000000000000000</Keywords>
    <TimeCreated SystemTime="2024-03-18T14:51:06.1613862Z"/>
    <EventRecordID>525484</EventRecordID>
    <Correlation/>
    <Execution ProcessID="2760" ThreadID="1792"/>
    <Channel>Microsoft-Windows-Sysmon/Operational</Channel>
    <Computer>WS-MCHEN-01.meridianhcs.local</Computer>
    <Security UserID="S-1-5-18"/>
  </System>
  <EventData>
    
    <Data Name="RuleName">-</Data>
    <Data Name="UtcTime">2024-03-18 14:51:06.161</Data>
    <Data Name="ProcessGuid">{7b2a0e3f-4f49-65ec-9600-0000883862a5}</Data>
    <Data Name="ProcessId">5888</Data>
    <Data Name="QueryName">DC-01.meridianhcs.local</Data>
    <Data Name="QueryStatus">0</Data>
    <Data Name="QueryResults">10.10.2.10;</Data>
    <Data Name="Image">C:\Windows\System32\lsass.exe</Data>
    <Data Name="User">NT AUTHORITY\SYSTEM</Data>
    
  </EventData>
</Event>
