<Event xmlns="http://schemas.microsoft.com/win/2004/08/events/event">
  <System>
    <Provider Name="Microsoft-Windows-Sysmon" Guid="{5770385f-c22a-43e0-bf4c-06f5698ffbd9}"/>
    <EventID>1</EventID>
    <Version>5</Version>
    <Level>4</Level>
    <Task>1</Task>
    <Opcode>0</Opcode>
    <Keywords>0x8000000000000000</Keywords>
    <TimeCreated SystemTime="2024-03-18T16:08:00.5431311Z"/>
    <EventRecordID>320729</EventRecordID>
    <Correlation/>
    <Execution ProcessID="2140" ThreadID="4452"/>
    <Channel>Microsoft-Windows-Sysmon/Operational</Channel>
    <Computer>WS-DRAMIREZ-01.meridianhcs.local</Computer>
    <Security UserID="S-1-5-18"/>
  </System>
  <EventData>
    
    <Data Name="RuleName">-</Data>
    <Data Name="UtcTime">2024-03-18 16:08:00.543</Data>
    <Data Name="ProcessGuid">{5af96291-66e0-65f8-aa02-00101658d856}</Data>
    <Data Name="ProcessId">7428</Data>
    <Data Name="Image">C:\Windows\System32\spoolsv.exe</Data>
    <Data Name="FileVersion">10.0.19041.1</Data>
    <Data Name="Description">Spooler SubSystem App</Data>
    <Data Name="Product">Microsoft Windows Operating System</Data>
    <Data Name="Company">Microsoft Corporation</Data>
    <Data Name="OriginalFileName">spoolsv.exe</Data>
    <Data Name="CommandLine">spoolsv.exe</Data>
    <Data Name="CurrentDirectory">C:\Windows\System32\</Data>
    <Data Name="User">NT AUTHORITY\SYSTEM</Data>
    <Data Name="LogonGuid">{00000000-0000-0000-0000-000000000000}</Data>
    <Data Name="LogonId">0x3e7</Data>
    <Data Name="TerminalSessionId">0</Data>
    <Data Name="IntegrityLevel">System</Data>
    <Data Name="Hashes">SHA1=F6649061E7440CA663A2B1DC7E6C648C44F47911,MD5=78156B270D18932CFF651E3A4D30A6F7,SHA256=0598A98F65C72DAE18FD4D1A96255472AC97222A13D56B9DF7C998F2F969BB5E,IMPHASH=F7EC939E235C6626EC39253478A55C80</Data>
    <Data Name="ParentProcessGuid">{5af96291-0944-65e7-2202-0000c48197b6}</Data>
    <Data Name="ParentProcessId">5752</Data>
    <Data Name="ParentImage">C:\Windows\System32\services.exe</Data>
    <Data Name="ParentCommandLine">services.exe</Data>
    <Data Name="ParentUser">NT AUTHORITY\SYSTEM</Data>
    
  </EventData>
</Event>
<Event xmlns="http://schemas.microsoft.com/win/2004/08/events/event">
  <System>
    <Provider Name="Microsoft-Windows-Sysmon" Guid="{5770385f-c22a-43e0-bf4c-06f5698ffbd9}"/>
    <EventID>1</EventID>
    <Version>5</Version>
    <Level>4</Level>
    <Task>1</Task>
    <Opcode>0</Opcode>
    <Keywords>0x8000000000000000</Keywords>
    <TimeCreated SystemTime="2024-03-18T16:11:37.4922325Z"/>
    <EventRecordID>320741</EventRecordID>
    <Correlation/>
    <Execution ProcessID="2140" ThreadID="1764"/>
    <Channel>Microsoft-Windows-Sysmon/Operational</Channel>
    <Computer>WS-DRAMIREZ-01.meridianhcs.local</Computer>
    <Security UserID="S-1-5-18"/>
  </System>
  <EventData>
    
    <Data Name="RuleName">-</Data>
    <Data Name="UtcTime">2024-03-18 16:11:37.492</Data>
    <Data Name="ProcessGuid">{5af96291-67b9-65f8-2e00-0010d1ff644b}</Data>
    <Data Name="ProcessId">7384</Data>
    <Data Name="Image">C:\Users\diego.ramirez\AppData\Local\Microsoft\OneDrive\OneDrive.exe</Data>
    <Data Name="FileVersion">24.070.0407.0003</Data>
    <Data Name="Description">Microsoft OneDrive</Data>
    <Data Name="Product">Microsoft OneDrive</Data>
    <Data Name="Company">Microsoft Corporation</Data>
    <Data Name="OriginalFileName">OneDrive.exe</Data>
    <Data Name="CommandLine">"C:\Users\diego.ramirez\AppData\Local\Microsoft\OneDrive\OneDrive.exe" /background</Data>
    <Data Name="CurrentDirectory">C:\Users\diego.ramirez\</Data>
    <Data Name="User">MERIDIANHCS\diego.ramirez</Data>
    <Data Name="LogonGuid">{00000000-0000-0000-0000-000000000000}</Data>
    <Data Name="LogonId">0x9776c29</Data>
    <Data Name="TerminalSessionId">1</Data>
    <Data Name="IntegrityLevel">Medium</Data>
    <Data Name="Hashes">SHA1=4020FC0DEEB4E868942C4CEC54DDE8156237C29E,MD5=C4CBB100C8448BE3FB192157A6E62021,SHA256=6401D284469E520E4CDB257DCF506B4BE57D57442369E1F4AD96B3216FEA42E1,IMPHASH=B709FDAAC5640D6E96296A1A4E56271C</Data>
    <Data Name="ParentProcessGuid">{5af96291-327b-65f8-d700-000014250f0e}</Data>
    <Data Name="ParentProcessId">6652</Data>
    <Data Name="ParentImage">C:\Windows\explorer.exe</Data>
    <Data Name="ParentCommandLine">explorer.exe</Data>
    <Data Name="ParentUser">MERIDIANHCS\diego.ramirez</Data>
    
  </EventData>
</Event>
<Event xmlns="http://schemas.microsoft.com/win/2004/08/events/event">
  <System>
    <Provider Name="Microsoft-Windows-Sysmon" Guid="{5770385f-c22a-43e0-bf4c-06f5698ffbd9}"/>
    <EventID>3</EventID>
    <Version>5</Version>
    <Level>4</Level>
    <Task>3</Task>
    <Opcode>0</Opcode>
    <Keywords>0x8000000000000000</Keywords>
    <TimeCreated SystemTime="2024-03-18T16:11:39.0283194Z"/>
    <EventRecordID>320742</EventRecordID>
    <Correlation/>
    <Execution ProcessID="2140" ThreadID="1764"/>
    <Channel>Microsoft-Windows-Sysmon/Operational</Channel>
    <Computer>WS-DRAMIREZ-01.meridianhcs.local</Computer>
    <Security UserID="S-1-5-18"/>
  </System>
  <EventData>
    
    <Data Name="RuleName">-</Data>
    <Data Name="UtcTime">2024-03-18 16:11:39.028</Data>
    <Data Name="ProcessGuid">{5af96291-427e-65f8-8d02-000040fa8b54}</Data>
    <Data Name="ProcessId">6752</Data>
    <Data Name="Image">C:\Program Files\Mozilla Firefox\firefox.exe</Data>
    <Data Name="User">MERIDIANHCS\diego.ramirez</Data>
    <Data Name="Protocol">tcp</Data>
    <Data Name="Initiated">true</Data>
    <Data Name="SourceIsIpv6">false</Data>
    <Data Name="SourceIp">10.10.1.34</Data>
    <Data Name="SourceHostname">WS-DRAMIREZ-01.meridianhcs.local</Data>
    <Data Name="SourcePort">55455</Data>
    <Data Name="SourcePortName">-</Data>
    <Data Name="DestinationIsIpv6">false</Data>
    <Data Name="DestinationIp">10.10.3.20</Data>
    <Data Name="DestinationHostname">PROXY-01.meridianhcs.local</Data>
    <Data Name="DestinationPort">8080</Data>
    <Data Name="DestinationPortName">http-alt</Data>
    
  </EventData>
</Event>
<Event xmlns="http://schemas.microsoft.com/win/2004/08/events/event">
  <System>
    <Provider Name="Microsoft-Windows-Sysmon" Guid="{5770385f-c22a-43e0-bf4c-06f5698ffbd9}"/>
    <EventID>1</EventID>
    <Version>5</Version>
    <Level>4</Level>
    <Task>1</Task>
    <Opcode>0</Opcode>
    <Keywords>0x8000000000000000</Keywords>
    <TimeCreated SystemTime="2024-03-18T16:12:01.7447708Z"/>
    <EventRecordID>320743</EventRecordID>
    <Correlation/>
    <Execution ProcessID="2140" ThreadID="1764"/>
    <Channel>Microsoft-Windows-Sysmon/Operational</Channel>
    <Computer>WS-DRAMIREZ-01.meridianhcs.local</Computer>
    <Security UserID="S-1-5-18"/>
  </System>
  <EventData>
    
    <Data Name="RuleName">-</Data>
    <Data Name="UtcTime">2024-03-18 16:12:01.744</Data>
    <Data Name="ProcessGuid">{5af96291-67d1-65f8-3302-00000818df32}</Data>
    <Data Name="ProcessId">7472</Data>
    <Data Name="Image">C:\Windows\System32\cleanmgr.exe</Data>
    <Data Name="FileVersion">10.0.19041.1</Data>
    <Data Name="Description">Disk Cleanup</Data>
    <Data Name="Product">Microsoft Windows Operating System</Data>
    <Data Name="Company">Microsoft Corporation</Data>
    <Data Name="OriginalFileName">cleanmgr.exe</Data>
    <Data Name="CommandLine">cleanmgr.exe /autoclean /d C:</Data>
    <Data Name="CurrentDirectory">C:\Windows\System32\</Data>
    <Data Name="User">NT AUTHORITY\SYSTEM</Data>
    <Data Name="LogonGuid">{00000000-0000-0000-0000-000000000000}</Data>
    <Data Name="LogonId">0x3e7</Data>
    <Data Name="TerminalSessionId">0</Data>
    <Data Name="IntegrityLevel">System</Data>
    <Data Name="Hashes">SHA1=FDD82724FAEA1D50E541EE9F3D806B869F3D7967,MD5=6A6B6AEDA98CB77D54A2283634D93B92,SHA256=868F30BB25CAB5AAA353EBFD8B26F6A5B78DB3DC611DFF4FFD57B7546EF894C0,IMPHASH=C60A0EEEF48A359EAB1A4BBCD8A7A9A2</Data>
    <Data Name="ParentProcessGuid">{5af96291-0949-65e7-2200-0000713dfbef}</Data>
    <Data Name="ParentProcessId">5772</Data>
    <Data Name="ParentImage">C:\Windows\System32\svchost.exe</Data>
    <Data Name="ParentCommandLine">svchost.exe -k LocalSystem</Data>
    <Data Name="ParentUser">NT AUTHORITY\SYSTEM</Data>
    
  </EventData>
</Event>
<Event xmlns="http://schemas.microsoft.com/win/2004/08/events/event">
  <System>
    <Provider Name="Microsoft-Windows-Sysmon" Guid="{5770385f-c22a-43e0-bf4c-06f5698ffbd9}"/>
    <EventID>22</EventID>
    <Version>5</Version>
    <Level>4</Level>
    <Task>22</Task>
    <Opcode>0</Opcode>
    <Keywords>0x8000000000000000</Keywords>
    <TimeCreated SystemTime="2024-03-18T16:12:17.6041263Z"/>
    <EventRecordID>320745</EventRecordID>
    <Correlation/>
    <Execution ProcessID="2140" ThreadID="1764"/>
    <Channel>Microsoft-Windows-Sysmon/Operational</Channel>
    <Computer>WS-DRAMIREZ-01.meridianhcs.local</Computer>
    <Security UserID="S-1-5-18"/>
  </System>
  <EventData>
    
    <Data Name="RuleName">-</Data>
    <Data Name="UtcTime">2024-03-18 16:12:17.604</Data>
    <Data Name="ProcessGuid">{5af96291-327b-65f8-d700-000014250f0e}</Data>
    <Data Name="ProcessId">6652</Data>
    <Data Name="QueryName">DC-01.meridianhcs.local</Data>
    <Data Name="QueryStatus">0</Data>
    <Data Name="QueryResults">10.10.2.10;</Data>
    <Data Name="Image">C:\Windows\explorer.exe</Data>
    <Data Name="User">MERIDIANHCS\diego.ramirez</Data>
    
  </EventData>
</Event>
<Event xmlns="http://schemas.microsoft.com/win/2004/08/events/event">
  <System>
    <Provider Name="Microsoft-Windows-Sysmon" Guid="{5770385f-c22a-43e0-bf4c-06f5698ffbd9}"/>
    <EventID>5</EventID>
    <Version>3</Version>
    <Level>4</Level>
    <Task>5</Task>
    <Opcode>0</Opcode>
    <Keywords>0x8000000000000000</Keywords>
    <TimeCreated SystemTime="2024-03-18T16:12:30.2391904Z"/>
    <EventRecordID>320746</EventRecordID>
    <Correlation/>
    <Execution ProcessID="2140" ThreadID="4452"/>
    <Channel>Microsoft-Windows-Sysmon/Operational</Channel>
    <Computer>WS-DRAMIREZ-01.meridianhcs.local</Computer>
    <Security UserID="S-1-5-18"/>
  </System>
  <EventData>
    
    <Data Name="RuleName">-</Data>
    <Data Name="UtcTime">2024-03-18 16:12:30.239</Data>
    <Data Name="ProcessGuid">{5af96291-5601-65f8-7b02-0000c5db5792}</Data>
    <Data Name="ProcessId">7064</Data>
    <Data Name="Image">C:\Windows\System32\SearchFilterHost.exe</Data>
    <Data Name="User">NT AUTHORITY\SYSTEM</Data>
    
  </EventData>
</Event>
<Event xmlns="http://schemas.microsoft.com/win/2004/08/events/event">
  <System>
    <Provider Name="Microsoft-Windows-Sysmon" Guid="{5770385f-c22a-43e0-bf4c-06f5698ffbd9}"/>
    <EventID>5</EventID>
    <Version>3</Version>
    <Level>4</Level>
    <Task>5</Task>
    <Opcode>0</Opcode>
    <Keywords>0x8000000000000000</Keywords>
    <TimeCreated SystemTime="2024-03-18T16:14:40.7018958Z"/>
    <EventRecordID>320751</EventRecordID>
    <Correlation/>
    <Execution ProcessID="2140" ThreadID="1764"/>
    <Channel>Microsoft-Windows-Sysmon/Operational</Channel>
    <Computer>WS-DRAMIREZ-01.meridianhcs.local</Computer>
    <Security UserID="S-1-5-18"/>
  </System>
  <EventData>
    
    <Data Name="RuleName">-</Data>
    <Data Name="UtcTime">2024-03-18 16:14:40.701</Data>
    <Data Name="ProcessGuid">{5af96291-67d1-65f8-3302-00000818df32}</Data>
    <Data Name="ProcessId">7472</Data>
    <Data Name="Image">C:\Windows\System32\cleanmgr.exe</Data>
    <Data Name="User">NT AUTHORITY\SYSTEM</Data>
    
  </EventData>
</Event>
<Event xmlns="http://schemas.microsoft.com/win/2004/08/events/event">
  <System>
    <Provider Name="Microsoft-Windows-Sysmon" Guid="{5770385f-c22a-43e0-bf4c-06f5698ffbd9}"/>
    <EventID>13</EventID>
    <Version>2</Version>
    <Level>4</Level>
    <Task>13</Task>
    <Opcode>0</Opcode>
    <Keywords>0x8000000000000000</Keywords>
    <TimeCreated SystemTime="2024-03-18T16:16:47.4220391Z"/>
    <EventRecordID>320759</EventRecordID>
    <Correlation/>
    <Execution ProcessID="2140" ThreadID="1764"/>
    <Channel>Microsoft-Windows-Sysmon/Operational</Channel>
    <Computer>WS-DRAMIREZ-01.meridianhcs.local</Computer>
    <Security UserID="S-1-5-18"/>
  </System>
  <EventData>
    
    <Data Name="RuleName">-</Data>
    <Data Name="EventType">SetValue</Data>
    <Data Name="UtcTime">2024-03-18 16:16:47.422</Data>
    <Data Name="ProcessGuid">{5af96291-0965-65e7-2f00-00108a7cce94}</Data>
    <Data Name="ProcessId">6020</Data>
    <Data Name="Image">C:\Windows\explorer.exe</Data>
    <Data Name="TargetObject">HKU\S-1-5-21-1537687973-2974994828-3875246326-1006\Software\Microsoft\Windows\CurrentVersion\Explorer\UserAssist\{CEBFF5CD-ACE2-4F4F-9178-9926F41749EA}\Count\HRZR_EHACNGU:P:\Hfref\qvrtb.enzverm\NccQngn\Ebnzvat\Zvpebfbsg\Jvaqbjf\Fgneg Zrah\Cebtenzf\Fynpx.yax</Data>
    <Data Name="Details">BB 70 26 8B 6A 84 89 A1 F8 A2 87 CB BF 66 15 44 C1 8B 22 D0 52 E4 D1 84 DB 9C 73 DA E1 C1 5F 2C</Data>
    <Data Name="User">MERIDIANHCS\diego.ramirez</Data>
    
  </EventData>
</Event>
<Event xmlns="http://schemas.microsoft.com/win/2004/08/events/event">
  <System>
    <Provider Name="Microsoft-Windows-Sysmon" Guid="{5770385f-c22a-43e0-bf4c-06f5698ffbd9}"/>
    <EventID>1</EventID>
    <Version>5</Version>
    <Level>4</Level>
    <Task>1</Task>
    <Opcode>0</Opcode>
    <Keywords>0x8000000000000000</Keywords>
    <TimeCreated SystemTime="2024-03-18T16:18:18.5132366Z"/>
    <EventRecordID>320764</EventRecordID>
    <Correlation/>
    <Execution ProcessID="2140" ThreadID="1764"/>
    <Channel>Microsoft-Windows-Sysmon/Operational</Channel>
    <Computer>WS-DRAMIREZ-01.meridianhcs.local</Computer>
    <Security UserID="S-1-5-18"/>
  </System>
  <EventData>
    
    <Data Name="RuleName">-</Data>
    <Data Name="UtcTime">2024-03-18 16:18:18.513</Data>
    <Data Name="ProcessGuid">{5af96291-694a-65f8-5700-0010fd5e1907}</Data>
    <Data Name="ProcessId">7460</Data>
    <Data Name="Image">C:\Program Files (x86)\Cisco\Cisco AnyConnect Secure Mobility Client\vpnagent.exe</Data>
    <Data Name="FileVersion">-</Data>
    <Data Name="Description">-</Data>
    <Data Name="Product">-</Data>
    <Data Name="Company">-</Data>
    <Data Name="OriginalFileName">-</Data>
    <Data Name="CommandLine">vpnagent.exe</Data>
    <Data Name="CurrentDirectory">C:\Windows\System32\</Data>
    <Data Name="User">NT AUTHORITY\SYSTEM</Data>
    <Data Name="LogonGuid">{00000000-0000-0000-0000-000000000000}</Data>
    <Data Name="LogonId">0x3e7</Data>
    <Data Name="TerminalSessionId">0</Data>
    <Data Name="IntegrityLevel">System</Data>
    <Data Name="Hashes">SHA1=E5C261B32AD13EAE8BB6160C144E7D01B15D680E,MD5=751CA0C85F1A2CD273FE55F5AB6DC8FF,SHA256=A0DAF4583A062F2E6F9F735C6D1C7509468AA3CC84858D29A96518B0122544A0,IMPHASH=D23BA061037A52A84AEC4F31BDCA10E4</Data>
    <Data Name="ParentProcessGuid">{5af96291-0944-65e7-2202-0000c48197b6}</Data>
    <Data Name="ParentProcessId">5752</Data>
    <Data Name="ParentImage">C:\Windows\System32\services.exe</Data>
    <Data Name="ParentCommandLine">services.exe</Data>
    <Data Name="ParentUser">NT AUTHORITY\SYSTEM</Data>
    
  </EventData>
</Event>
<Event xmlns="http://schemas.microsoft.com/win/2004/08/events/event">
  <System>
    <Provider Name="Microsoft-Windows-Sysmon" Guid="{5770385f-c22a-43e0-bf4c-06f5698ffbd9}"/>
    <EventID>22</EventID>
    <Version>5</Version>
    <Level>4</Level>
    <Task>22</Task>
    <Opcode>0</Opcode>
    <Keywords>0x8000000000000000</Keywords>
    <TimeCreated SystemTime="2024-03-18T16:24:00.6849676Z"/>
    <EventRecordID>320775</EventRecordID>
    <Correlation/>
    <Execution ProcessID="2140" ThreadID="1764"/>
    <Channel>Microsoft-Windows-Sysmon/Operational</Channel>
    <Computer>WS-DRAMIREZ-01.meridianhcs.local</Computer>
    <Security UserID="S-1-5-18"/>
  </System>
  <EventData>
    
    <Data Name="RuleName">-</Data>
    <Data Name="UtcTime">2024-03-18 16:24:00.684</Data>
    <Data Name="ProcessGuid">{5af96291-094c-65e7-4a02-0000862ccb47}</Data>
    <Data Name="ProcessId">5800</Data>
    <Data Name="QueryName">DC-01.meridianhcs.local</Data>
    <Data Name="QueryStatus">0</Data>
    <Data Name="QueryResults">10.10.2.10;</Data>
    <Data Name="Image">C:\Windows\System32\svchost.exe</Data>
    <Data Name="User">NT AUTHORITY\LOCAL SERVICE</Data>
    
  </EventData>
</Event>
<Event xmlns="http://schemas.microsoft.com/win/2004/08/events/event">
  <System>
    <Provider Name="Microsoft-Windows-Sysmon" Guid="{5770385f-c22a-43e0-bf4c-06f5698ffbd9}"/>
    <EventID>5</EventID>
    <Version>3</Version>
    <Level>4</Level>
    <Task>5</Task>
    <Opcode>0</Opcode>
    <Keywords>0x8000000000000000</Keywords>
    <TimeCreated SystemTime="2024-03-18T16:24:38.5461871Z"/>
    <EventRecordID>320776</EventRecordID>
    <Correlation/>
    <Execution ProcessID="2140" ThreadID="1752"/>
    <Channel>Microsoft-Windows-Sysmon/Operational</Channel>
    <Computer>WS-DRAMIREZ-01.meridianhcs.local</Computer>
    <Security UserID="S-1-5-18"/>
  </System>
  <EventData>
    
    <Data Name="RuleName">-</Data>
    <Data Name="UtcTime">2024-03-18 16:24:38.546</Data>
    <Data Name="ProcessGuid">{5af96291-6566-65f8-8602-00006a9b4a22}</Data>
    <Data Name="ProcessId">7392</Data>
    <Data Name="Image">C:\Windows\System32\wbem\WmiPrvSE.exe</Data>
    <Data Name="User">NT AUTHORITY\SYSTEM</Data>
    
  </EventData>
</Event>
<Event xmlns="http://schemas.microsoft.com/win/2004/08/events/event">
  <System>
    <Provider Name="Microsoft-Windows-Sysmon" Guid="{5770385f-c22a-43e0-bf4c-06f5698ffbd9}"/>
    <EventID>5</EventID>
    <Version>3</Version>
    <Level>4</Level>
    <Task>5</Task>
    <Opcode>0</Opcode>
    <Keywords>0x8000000000000000</Keywords>
    <TimeCreated SystemTime="2024-03-18T16:26:12.6524255Z"/>
    <EventRecordID>320779</EventRecordID>
    <Correlation/>
    <Execution ProcessID="2140" ThreadID="1764"/>
    <Channel>Microsoft-Windows-Sysmon/Operational</Channel>
    <Computer>WS-DRAMIREZ-01.meridianhcs.local</Computer>
    <Security UserID="S-1-5-18"/>
  </System>
  <EventData>
    
    <Data Name="RuleName">-</Data>
    <Data Name="UtcTime">2024-03-18 16:26:12.652</Data>
    <Data Name="ProcessGuid">{5af96291-5556-65f8-c402-0000d998cc6b}</Data>
    <Data Name="ProcessId">6968</Data>
    <Data Name="Image">C:\Users\diego.ramirez\AppData\Local\Microsoft\Teams\current\Teams.exe</Data>
    <Data Name="User">MERIDIANHCS\diego.ramirez</Data>
    
  </EventData>
</Event>
<Event xmlns="http://schemas.microsoft.com/win/2004/08/events/event">
  <System>
    <Provider Name="Microsoft-Windows-Sysmon" Guid="{5770385f-c22a-43e0-bf4c-06f5698ffbd9}"/>
    <EventID>10</EventID>
    <Version>3</Version>
    <Level>4</Level>
    <Task>10</Task>
    <Opcode>0</Opcode>
    <Keywords>0x8000000000000000</Keywords>
    <TimeCreated SystemTime="2024-03-18T16:27:08.8203813Z"/>
    <EventRecordID>320785</EventRecordID>
    <Correlation/>
    <Execution ProcessID="2140" ThreadID="1764"/>
    <Channel>Microsoft-Windows-Sysmon/Operational</Channel>
    <Computer>WS-DRAMIREZ-01.meridianhcs.local</Computer>
    <Security UserID="S-1-5-18"/>
  </System>
  <EventData>
    
    <Data Name="RuleName">-</Data>
    <Data Name="UtcTime">2024-03-18 16:27:08.820</Data>
    <Data Name="SourceProcessGUID">{5af96291-0954-65e7-1802-0000015e389a}</Data>
    <Data Name="SourceProcessId">5848</Data>
    <Data Name="SourceThreadId">4892</Data>
    <Data Name="SourceImage">C:\ProgramData\Microsoft\Windows Defender\Platform\4.18.2301.6-0\MsMpEng.exe</Data>
    <Data Name="TargetProcessGUID">{5af96291-0946-65e7-7902-00000327d62d}</Data>
    <Data Name="TargetProcessId">5756</Data>
    <Data Name="TargetImage">C:\Windows\System32\lsass.exe</Data>
    <Data Name="GrantedAccess">0x1410</Data>
    <Data Name="CallTrace">C:\Windows\SYSTEM32\ntdll.dll+9E8F4|C:\Windows\SYSTEM32\KERNELBASE.dll+2C389|C:\Windows\SYSTEM32\advapi32.dll+4CB40</Data>
    <Data Name="SourceUser">NT AUTHORITY\SYSTEM</Data>
    <Data Name="TargetUser">NT AUTHORITY\SYSTEM</Data>
    
  </EventData>
</Event>
<Event xmlns="http://schemas.microsoft.com/win/2004/08/events/event">
  <System>
    <Provider Name="Microsoft-Windows-Sysmon" Guid="{5770385f-c22a-43e0-bf4c-06f5698ffbd9}"/>
    <EventID>1</EventID>
    <Version>5</Version>
    <Level>4</Level>
    <Task>1</Task>
    <Opcode>0</Opcode>
    <Keywords>0x8000000000000000</Keywords>
    <TimeCreated SystemTime="2024-03-18T16:29:47.0994333Z"/>
    <EventRecordID>320792</EventRecordID>
    <Correlation/>
    <Execution ProcessID="2140" ThreadID="1752"/>
    <Channel>Microsoft-Windows-Sysmon/Operational</Channel>
    <Computer>WS-DRAMIREZ-01.meridianhcs.local</Computer>
    <Security UserID="S-1-5-18"/>
  </System>
  <EventData>
    
    <Data Name="RuleName">-</Data>
    <Data Name="UtcTime">2024-03-18 16:29:47.099</Data>
    <Data Name="ProcessGuid">{5af96291-6bfb-65f8-6100-000071e5ce18}</Data>
    <Data Name="ProcessId">7412</Data>
    <Data Name="Image">C:\Windows\System32\SearchFilterHost.exe</Data>
    <Data Name="FileVersion">10.0.19041.1</Data>
    <Data Name="Description">Microsoft Windows Search Filter Host</Data>
    <Data Name="Product">Microsoft Windows Operating System</Data>
    <Data Name="Company">Microsoft Corporation</Data>
    <Data Name="OriginalFileName">SearchFilterHost.exe</Data>
    <Data Name="CommandLine">SearchFilterHost.exe 0 812 0 0 0</Data>
    <Data Name="CurrentDirectory">C:\Windows\System32\</Data>
    <Data Name="User">NT AUTHORITY\SYSTEM</Data>
    <Data Name="LogonGuid">{00000000-0000-0000-0000-000000000000}</Data>
    <Data Name="LogonId">0x3e7</Data>
    <Data Name="TerminalSessionId">0</Data>
    <Data Name="IntegrityLevel">System</Data>
    <Data Name="Hashes">SHA1=4D21E4E17144F60488C6828111E477C73B0D3E1A,MD5=E3564052272CB8F86BC5914FE3843671,SHA256=0AFD0D73AC5763EE26DA6059CA6C59F31E1365488D9E2994C8E15D2B76B26F84,IMPHASH=F8C2CC90D910DE9FC4F690882E57ABEC</Data>
    <Data Name="ParentProcessGuid">{5af96291-0955-65e7-c600-000056544942}</Data>
    <Data Name="ParentProcessId">5860</Data>
    <Data Name="ParentImage">C:\Windows\System32\SearchIndexer.exe</Data>
    <Data Name="ParentCommandLine">SearchIndexer.exe</Data>
    <Data Name="ParentUser">NT AUTHORITY\SYSTEM</Data>
    
  </EventData>
</Event>
<Event xmlns="http://schemas.microsoft.com/win/2004/08/events/event">
  <System>
    <Provider Name="Microsoft-Windows-Sysmon" Guid="{5770385f-c22a-43e0-bf4c-06f5698ffbd9}"/>
    <EventID>3</EventID>
    <Version>5</Version>
    <Level>4</Level>
    <Task>3</Task>
    <Opcode>0</Opcode>
    <Keywords>0x8000000000000000</Keywords>
    <TimeCreated SystemTime="2024-03-18T16:30:25.7911090Z"/>
    <EventRecordID>320794</EventRecordID>
    <Correlation/>
    <Execution ProcessID="2140" ThreadID="1752"/>
    <Channel>Microsoft-Windows-Sysmon/Operational</Channel>
    <Computer>WS-DRAMIREZ-01.meridianhcs.local</Computer>
    <Security UserID="S-1-5-18"/>
  </System>
  <EventData>
    
    <Data Name="RuleName">-</Data>
    <Data Name="UtcTime">2024-03-18 16:30:25.791</Data>
    <Data Name="ProcessGuid">{5af96291-4410-65f8-0a02-00000ff14742}</Data>
    <Data Name="ProcessId">6712</Data>
    <Data Name="Image">C:\Program Files\Google\Chrome\Application\chrome.exe</Data>
    <Data Name="User">MERIDIANHCS\diego.ramirez</Data>
    <Data Name="Protocol">tcp</Data>
    <Data Name="Initiated">true</Data>
    <Data Name="SourceIsIpv6">false</Data>
    <Data Name="SourceIp">10.10.1.34</Data>
    <Data Name="SourceHostname">WS-DRAMIREZ-01.meridianhcs.local</Data>
    <Data Name="SourcePort">52250</Data>
    <Data Name="SourcePortName">-</Data>
    <Data Name="DestinationIsIpv6">false</Data>
    <Data Name="DestinationIp">10.10.3.20</Data>
    <Data Name="DestinationHostname">PROXY-01.meridianhcs.local</Data>
    <Data Name="DestinationPort">8080</Data>
    <Data Name="DestinationPortName">http-alt</Data>
    
  </EventData>
</Event>
<Event xmlns="http://schemas.microsoft.com/win/2004/08/events/event">
  <System>
    <Provider Name="Microsoft-Windows-Sysmon" Guid="{5770385f-c22a-43e0-bf4c-06f5698ffbd9}"/>
    <EventID>3</EventID>
    <Version>5</Version>
    <Level>4</Level>
    <Task>3</Task>
    <Opcode>0</Opcode>
    <Keywords>0x8000000000000000</Keywords>
    <TimeCreated SystemTime="2024-03-18T16:30:28.0031513Z"/>
    <EventRecordID>320795</EventRecordID>
    <Correlation/>
    <Execution ProcessID="2140" ThreadID="4452"/>
    <Channel>Microsoft-Windows-Sysmon/Operational</Channel>
    <Computer>WS-DRAMIREZ-01.meridianhcs.local</Computer>
    <Security UserID="S-1-5-18"/>
  </System>
  <EventData>
    
    <Data Name="RuleName">-</Data>
    <Data Name="UtcTime">2024-03-18 16:30:28.003</Data>
    <Data Name="ProcessGuid">{5af96291-4410-65f8-0a02-00000ff14742}</Data>
    <Data Name="ProcessId">6712</Data>
    <Data Name="Image">C:\Program Files\Google\Chrome\Application\chrome.exe</Data>
    <Data Name="User">MERIDIANHCS\diego.ramirez</Data>
    <Data Name="Protocol">tcp</Data>
    <Data Name="Initiated">true</Data>
    <Data Name="SourceIsIpv6">false</Data>
    <Data Name="SourceIp">10.10.1.34</Data>
    <Data Name="SourceHostname">WS-DRAMIREZ-01.meridianhcs.local</Data>
    <Data Name="SourcePort">55142</Data>
    <Data Name="SourcePortName">-</Data>
    <Data Name="DestinationIsIpv6">false</Data>
    <Data Name="DestinationIp">10.10.3.20</Data>
    <Data Name="DestinationHostname">PROXY-01.meridianhcs.local</Data>
    <Data Name="DestinationPort">8080</Data>
    <Data Name="DestinationPortName">http-alt</Data>
    
  </EventData>
</Event>
<Event xmlns="http://schemas.microsoft.com/win/2004/08/events/event">
  <System>
    <Provider Name="Microsoft-Windows-Sysmon" Guid="{5770385f-c22a-43e0-bf4c-06f5698ffbd9}"/>
    <EventID>3</EventID>
    <Version>5</Version>
    <Level>4</Level>
    <Task>3</Task>
    <Opcode>0</Opcode>
    <Keywords>0x8000000000000000</Keywords>
    <TimeCreated SystemTime="2024-03-18T16:30:29.1271335Z"/>
    <EventRecordID>320796</EventRecordID>
    <Correlation/>
    <Execution ProcessID="2140" ThreadID="1764"/>
    <Channel>Microsoft-Windows-Sysmon/Operational</Channel>
    <Computer>WS-DRAMIREZ-01.meridianhcs.local</Computer>
    <Security UserID="S-1-5-18"/>
  </System>
  <EventData>
    
    <Data Name="RuleName">-</Data>
    <Data Name="UtcTime">2024-03-18 16:30:29.127</Data>
    <Data Name="ProcessGuid">{5af96291-4410-65f8-0a02-00000ff14742}</Data>
    <Data Name="ProcessId">6712</Data>
    <Data Name="Image">C:\Program Files\Google\Chrome\Application\chrome.exe</Data>
    <Data Name="User">MERIDIANHCS\diego.ramirez</Data>
    <Data Name="Protocol">tcp</Data>
    <Data Name="Initiated">true</Data>
    <Data Name="SourceIsIpv6">false</Data>
    <Data Name="SourceIp">10.10.1.34</Data>
    <Data Name="SourceHostname">WS-DRAMIREZ-01.meridianhcs.local</Data>
    <Data Name="SourcePort">60049</Data>
    <Data Name="SourcePortName">-</Data>
    <Data Name="DestinationIsIpv6">false</Data>
    <Data Name="DestinationIp">10.10.3.20</Data>
    <Data Name="DestinationHostname">PROXY-01.meridianhcs.local</Data>
    <Data Name="DestinationPort">8080</Data>
    <Data Name="DestinationPortName">http-alt</Data>
    
  </EventData>
</Event>
<Event xmlns="http://schemas.microsoft.com/win/2004/08/events/event">
  <System>
    <Provider Name="Microsoft-Windows-Sysmon" Guid="{5770385f-c22a-43e0-bf4c-06f5698ffbd9}"/>
    <EventID>22</EventID>
    <Version>5</Version>
    <Level>4</Level>
    <Task>22</Task>
    <Opcode>0</Opcode>
    <Keywords>0x8000000000000000</Keywords>
    <TimeCreated SystemTime="2024-03-18T16:31:13.7155813Z"/>
    <EventRecordID>320801</EventRecordID>
    <Correlation/>
    <Execution ProcessID="2140" ThreadID="4452"/>
    <Channel>Microsoft-Windows-Sysmon/Operational</Channel>
    <Computer>WS-DRAMIREZ-01.meridianhcs.local</Computer>
    <Security UserID="S-1-5-18"/>
  </System>
  <EventData>
    
    <Data Name="RuleName">-</Data>
    <Data Name="UtcTime">2024-03-18 16:31:13.715</Data>
    <Data Name="ProcessGuid">{5af96291-0946-65e7-7902-00000327d62d}</Data>
    <Data Name="ProcessId">5756</Data>
    <Data Name="QueryName">DC-01.meridianhcs.local</Data>
    <Data Name="QueryStatus">0</Data>
    <Data Name="QueryResults">10.10.2.10;</Data>
    <Data Name="Image">C:\Windows\System32\lsass.exe</Data>
    <Data Name="User">NT AUTHORITY\SYSTEM</Data>
    
  </EventData>
</Event>
<Event xmlns="http://schemas.microsoft.com/win/2004/08/events/event">
  <System>
    <Provider Name="Microsoft-Windows-Sysmon" Guid="{5770385f-c22a-43e0-bf4c-06f5698ffbd9}"/>
    <EventID>10</EventID>
    <Version>3</Version>
    <Level>4</Level>
    <Task>10</Task>
    <Opcode>0</Opcode>
    <Keywords>0x8000000000000000</Keywords>
    <TimeCreated SystemTime="2024-03-18T16:37:53.8490944Z"/>
    <EventRecordID>320817</EventRecordID>
    <Correlation/>
    <Execution ProcessID="2140" ThreadID="1752"/>
    <Channel>Microsoft-Windows-Sysmon/Operational</Channel>
    <Computer>WS-DRAMIREZ-01.meridianhcs.local</Computer>
    <Security UserID="S-1-5-18"/>
  </System>
  <EventData>
    
    <Data Name="RuleName">-</Data>
    <Data Name="UtcTime">2024-03-18 16:37:53.849</Data>
    <Data Name="SourceProcessGUID">{5af96291-095c-65e7-fd00-000068d55729}</Data>
    <Data Name="SourceProcessId">5932</Data>
    <Data Name="SourceThreadId">5080</Data>
    <Data Name="SourceImage">C:\Windows\System32\msiexec.exe</Data>
    <Data Name="TargetProcessGUID">{5af96291-0944-65e7-2202-0000c48197b6}</Data>
    <Data Name="TargetProcessId">5752</Data>
    <Data Name="TargetImage">C:\Windows\System32\services.exe</Data>
    <Data Name="GrantedAccess">0x1000</Data>
    <Data Name="CallTrace">C:\Windows\SYSTEM32\ntdll.dll+9DAF6|C:\Windows\SYSTEM32\RPCRT4.dll+7DD15|C:\Windows\SYSTEM32\KERNELBASE.dll+2E213</Data>
    <Data Name="SourceUser">NT AUTHORITY\SYSTEM</Data>
    <Data Name="TargetUser">NT AUTHORITY\SYSTEM</Data>
    
  </EventData>
</Event>
<Event xmlns="http://schemas.microsoft.com/win/2004/08/events/event">
  <System>
    <Provider Name="Microsoft-Windows-Sysmon" Guid="{5770385f-c22a-43e0-bf4c-06f5698ffbd9}"/>
    <EventID>13</EventID>
    <Version>2</Version>
    <Level>4</Level>
    <Task>13</Task>
    <Opcode>0</Opcode>
    <Keywords>0x8000000000000000</Keywords>
    <TimeCreated SystemTime="2024-03-18T16:39:08.0403288Z"/>
    <EventRecordID>320819</EventRecordID>
    <Correlation/>
    <Execution ProcessID="2140" ThreadID="1764"/>
    <Channel>Microsoft-Windows-Sysmon/Operational</Channel>
    <Computer>WS-DRAMIREZ-01.meridianhcs.local</Computer>
    <Security UserID="S-1-5-18"/>
  </System>
  <EventData>
    
    <Data Name="RuleName">-</Data>
    <Data Name="EventType">SetValue</Data>
    <Data Name="UtcTime">2024-03-18 16:39:08.040</Data>
    <Data Name="ProcessGuid">{5af96291-0965-65e7-2f00-00108a7cce94}</Data>
    <Data Name="ProcessId">6020</Data>
    <Data Name="Image">C:\Windows\explorer.exe</Data>
    <Data Name="TargetObject">HKU\S-1-5-21-1537687973-2974994828-3875246326-1006\Software\Microsoft\Windows\CurrentVersion\Explorer\UserAssist\{CEBFF5CD-ACE2-4F4F-9178-9926F41749EA}\Count\HRZR_EHACNGU:P:\Cebtenz Svyrf\Zvpebfbsg Bssvpr\ebbg\Bssvpr16\JVAJBEQ.RKR</Data>
    <Data Name="Details">36 21 01 29 D5 A8 54 4F C7 46 8C 34 93 C7 57 B2 8D 4C 22 99 5A 08 22 CA F6 92 4A 1F 31 07 D3 6C 15 C1 29 1C 55 AF D1 C7 A4 01 61 14 A4 4E B0 60</Data>
    <Data Name="User">MERIDIANHCS\diego.ramirez</Data>
    
  </EventData>
</Event>
<Event xmlns="http://schemas.microsoft.com/win/2004/08/events/event">
  <System>
    <Provider Name="Microsoft-Windows-Sysmon" Guid="{5770385f-c22a-43e0-bf4c-06f5698ffbd9}"/>
    <EventID>10</EventID>
    <Version>3</Version>
    <Level>4</Level>
    <Task>10</Task>
    <Opcode>0</Opcode>
    <Keywords>0x8000000000000000</Keywords>
    <TimeCreated SystemTime="2024-03-18T16:40:15.9347261Z"/>
    <EventRecordID>320823</EventRecordID>
    <Correlation/>
    <Execution ProcessID="2140" ThreadID="1764"/>
    <Channel>Microsoft-Windows-Sysmon/Operational</Channel>
    <Computer>WS-DRAMIREZ-01.meridianhcs.local</Computer>
    <Security UserID="S-1-5-18"/>
  </System>
  <EventData>
    
    <Data Name="RuleName">-</Data>
    <Data Name="UtcTime">2024-03-18 16:40:15.934</Data>
    <Data Name="SourceProcessGUID">{5af96291-0954-65e7-1802-0000015e389a}</Data>
    <Data Name="SourceProcessId">5848</Data>
    <Data Name="SourceThreadId">4892</Data>
    <Data Name="SourceImage">C:\ProgramData\Microsoft\Windows Defender\Platform\4.18.2301.6-0\MsMpEng.exe</Data>
    <Data Name="TargetProcessGUID">{5af96291-0946-65e7-7902-00000327d62d}</Data>
    <Data Name="TargetProcessId">5756</Data>
    <Data Name="TargetImage">C:\Windows\System32\lsass.exe</Data>
    <Data Name="GrantedAccess">0x1410</Data>
    <Data Name="CallTrace">C:\Windows\SYSTEM32\ntdll.dll+9E8F4|C:\Windows\SYSTEM32\KERNELBASE.dll+2C389|C:\Windows\SYSTEM32\advapi32.dll+4CB40</Data>
    <Data Name="SourceUser">NT AUTHORITY\SYSTEM</Data>
    <Data Name="TargetUser">NT AUTHORITY\SYSTEM</Data>
    
  </EventData>
</Event>
<Event xmlns="http://schemas.microsoft.com/win/2004/08/events/event">
  <System>
    <Provider Name="Microsoft-Windows-Sysmon" Guid="{5770385f-c22a-43e0-bf4c-06f5698ffbd9}"/>
    <EventID>3</EventID>
    <Version>5</Version>
    <Level>4</Level>
    <Task>3</Task>
    <Opcode>0</Opcode>
    <Keywords>0x8000000000000000</Keywords>
    <TimeCreated SystemTime="2024-03-18T16:40:27.7482987Z"/>
    <EventRecordID>320824</EventRecordID>
    <Correlation/>
    <Execution ProcessID="2140" ThreadID="4452"/>
    <Channel>Microsoft-Windows-Sysmon/Operational</Channel>
    <Computer>WS-DRAMIREZ-01.meridianhcs.local</Computer>
    <Security UserID="S-1-5-18"/>
  </System>
  <EventData>
    
    <Data Name="RuleName">-</Data>
    <Data Name="UtcTime">2024-03-18 16:40:27.748</Data>
    <Data Name="ProcessGuid">{5af96291-4410-65f8-0a02-00000ff14742}</Data>
    <Data Name="ProcessId">6712</Data>
    <Data Name="Image">C:\Program Files\Google\Chrome\Application\chrome.exe</Data>
    <Data Name="User">MERIDIANHCS\diego.ramirez</Data>
    <Data Name="Protocol">tcp</Data>
    <Data Name="Initiated">true</Data>
    <Data Name="SourceIsIpv6">false</Data>
    <Data Name="SourceIp">10.10.1.34</Data>
    <Data Name="SourceHostname">WS-DRAMIREZ-01.meridianhcs.local</Data>
    <Data Name="SourcePort">57663</Data>
    <Data Name="SourcePortName">-</Data>
    <Data Name="DestinationIsIpv6">false</Data>
    <Data Name="DestinationIp">10.10.3.20</Data>
    <Data Name="DestinationHostname">PROXY-01.meridianhcs.local</Data>
    <Data Name="DestinationPort">8080</Data>
    <Data Name="DestinationPortName">http-alt</Data>
    
  </EventData>
</Event>
<Event xmlns="http://schemas.microsoft.com/win/2004/08/events/event">
  <System>
    <Provider Name="Microsoft-Windows-Sysmon" Guid="{5770385f-c22a-43e0-bf4c-06f5698ffbd9}"/>
    <EventID>1</EventID>
    <Version>5</Version>
    <Level>4</Level>
    <Task>1</Task>
    <Opcode>0</Opcode>
    <Keywords>0x8000000000000000</Keywords>
    <TimeCreated SystemTime="2024-03-18T16:40:42.5792548Z"/>
    <EventRecordID>320825</EventRecordID>
    <Correlation/>
    <Execution ProcessID="2140" ThreadID="1752"/>
    <Channel>Microsoft-Windows-Sysmon/Operational</Channel>
    <Computer>WS-DRAMIREZ-01.meridianhcs.local</Computer>
    <Security UserID="S-1-5-18"/>
  </System>
  <EventData>
    
    <Data Name="RuleName">-</Data>
    <Data Name="UtcTime">2024-03-18 16:40:42.579</Data>
    <Data Name="ProcessGuid">{5af96291-6e8a-65f8-7602-00105a836009}</Data>
    <Data Name="ProcessId">7416</Data>
    <Data Name="Image">C:\Windows\System32\SearchProtocolHost.exe</Data>
    <Data Name="FileVersion">10.0.19041.1</Data>
    <Data Name="Description">Microsoft Windows Search Protocol Host</Data>
    <Data Name="Product">Microsoft Windows Operating System</Data>
    <Data Name="Company">Microsoft Corporation</Data>
    <Data Name="OriginalFileName">SearchProtocolHost.exe</Data>
    <Data Name="CommandLine">SearchProtocolHost.exe Global\UsGthrFltPipeMssGthrPipe_S-1-5-20 Global\UsGthrCtrlFltPipeMssGthrPipe_S-1-5-20 1</Data>
    <Data Name="CurrentDirectory">C:\Windows\System32\</Data>
    <Data Name="User">NT AUTHORITY\SYSTEM</Data>
    <Data Name="LogonGuid">{00000000-0000-0000-0000-000000000000}</Data>
    <Data Name="LogonId">0x3e7</Data>
    <Data Name="TerminalSessionId">0</Data>
    <Data Name="IntegrityLevel">System</Data>
    <Data Name="Hashes">SHA1=21EDF7CB23763D4A5D6323FBAAB70C6CAFA2E778,MD5=C555706BB0DBB04D47F8BFE2DEA21A3B,SHA256=D76E1FD0160E7DE0C4B68E8635BA33A2B5DBBB6CDBF9B5062677FA83E89EB54B,IMPHASH=C36297A27D90DC3CE5AA8168165C7C6D</Data>
    <Data Name="ParentProcessGuid">{5af96291-0955-65e7-c600-000056544942}</Data>
    <Data Name="ParentProcessId">5860</Data>
    <Data Name="ParentImage">C:\Windows\System32\SearchIndexer.exe</Data>
    <Data Name="ParentCommandLine">SearchIndexer.exe</Data>
    <Data Name="ParentUser">NT AUTHORITY\SYSTEM</Data>
    
  </EventData>
</Event>
<Event xmlns="http://schemas.microsoft.com/win/2004/08/events/event">
  <System>
    <Provider Name="Microsoft-Windows-Sysmon" Guid="{5770385f-c22a-43e0-bf4c-06f5698ffbd9}"/>
    <EventID>22</EventID>
    <Version>5</Version>
    <Level>4</Level>
    <Task>22</Task>
    <Opcode>0</Opcode>
    <Keywords>0x8000000000000000</Keywords>
    <TimeCreated SystemTime="2024-03-18T16:40:44.6429581Z"/>
    <EventRecordID>320826</EventRecordID>
    <Correlation/>
    <Execution ProcessID="2140" ThreadID="1764"/>
    <Channel>Microsoft-Windows-Sysmon/Operational</Channel>
    <Computer>WS-DRAMIREZ-01.meridianhcs.local</Computer>
    <Security UserID="S-1-5-18"/>
  </System>
  <EventData>
    
    <Data Name="RuleName">-</Data>
    <Data Name="UtcTime">2024-03-18 16:40:44.642</Data>
    <Data Name="ProcessGuid">{5af96291-094c-65e7-4a02-0000862ccb47}</Data>
    <Data Name="ProcessId">5800</Data>
    <Data Name="QueryName">DC-01.meridianhcs.local</Data>
    <Data Name="QueryStatus">0</Data>
    <Data Name="QueryResults">10.10.2.10;</Data>
    <Data Name="Image">C:\Windows\System32\svchost.exe</Data>
    <Data Name="User">NT AUTHORITY\LOCAL SERVICE</Data>
    
  </EventData>
</Event>
<Event xmlns="http://schemas.microsoft.com/win/2004/08/events/event">
  <System>
    <Provider Name="Microsoft-Windows-Sysmon" Guid="{5770385f-c22a-43e0-bf4c-06f5698ffbd9}"/>
    <EventID>1</EventID>
    <Version>5</Version>
    <Level>4</Level>
    <Task>1</Task>
    <Opcode>0</Opcode>
    <Keywords>0x8000000000000000</Keywords>
    <TimeCreated SystemTime="2024-03-18T16:41:34.2898247Z"/>
    <EventRecordID>320830</EventRecordID>
    <Correlation/>
    <Execution ProcessID="2140" ThreadID="1764"/>
    <Channel>Microsoft-Windows-Sysmon/Operational</Channel>
    <Computer>WS-DRAMIREZ-01.meridianhcs.local</Computer>
    <Security UserID="S-1-5-18"/>
  </System>
  <EventData>
    
    <Data Name="RuleName">-</Data>
    <Data Name="UtcTime">2024-03-18 16:41:34.289</Data>
    <Data Name="ProcessGuid">{5af96291-6ebe-65f8-c400-0010e5ac35f0}</Data>
    <Data Name="ProcessId">7484</Data>
    <Data Name="Image">C:\Windows\System32\wsqmcons.exe</Data>
    <Data Name="FileVersion">10.0.19041.1</Data>
    <Data Name="Description">Windows SQM Consolidator</Data>
    <Data Name="Product">Microsoft Windows Operating System</Data>
    <Data Name="Company">Microsoft Corporation</Data>
    <Data Name="OriginalFileName">wsqmcons.exe</Data>
    <Data Name="CommandLine">wsqmcons.exe</Data>
    <Data Name="CurrentDirectory">C:\Windows\System32\</Data>
    <Data Name="User">NT AUTHORITY\SYSTEM</Data>
    <Data Name="LogonGuid">{00000000-0000-0000-0000-000000000000}</Data>
    <Data Name="LogonId">0x3e7</Data>
    <Data Name="TerminalSessionId">0</Data>
    <Data Name="IntegrityLevel">System</Data>
    <Data Name="Hashes">SHA1=B6B178D785EF384D28F469D7CDCBCBAD978C2175,MD5=BA201043CC9F14E971AA7F5D832F699E,SHA256=D9E17C59C660B25C56F003C1B3F45916A6F260736071067982AC275002363A16,IMPHASH=BF8E76259754B3F7624D9C7425CE3B66</Data>
    <Data Name="ParentProcessGuid">{5af96291-0949-65e7-2200-0000713dfbef}</Data>
    <Data Name="ParentProcessId">5772</Data>
    <Data Name="ParentImage">C:\Windows\System32\svchost.exe</Data>
    <Data Name="ParentCommandLine">svchost.exe -k LocalSystem</Data>
    <Data Name="ParentUser">NT AUTHORITY\SYSTEM</Data>
    
  </EventData>
</Event>
<Event xmlns="http://schemas.microsoft.com/win/2004/08/events/event">
  <System>
    <Provider Name="Microsoft-Windows-Sysmon" Guid="{5770385f-c22a-43e0-bf4c-06f5698ffbd9}"/>
    <EventID>5</EventID>
    <Version>3</Version>
    <Level>4</Level>
    <Task>5</Task>
    <Opcode>0</Opcode>
    <Keywords>0x8000000000000000</Keywords>
    <TimeCreated SystemTime="2024-03-18T16:42:02.0266709Z"/>
    <EventRecordID>320832</EventRecordID>
    <Correlation/>
    <Execution ProcessID="2140" ThreadID="1752"/>
    <Channel>Microsoft-Windows-Sysmon/Operational</Channel>
    <Computer>WS-DRAMIREZ-01.meridianhcs.local</Computer>
    <Security UserID="S-1-5-18"/>
  </System>
  <EventData>
    
    <Data Name="RuleName">-</Data>
    <Data Name="UtcTime">2024-03-18 16:42:02.026</Data>
    <Data Name="ProcessGuid">{5af96291-6ebe-65f8-c400-0010e5ac35f0}</Data>
    <Data Name="ProcessId">7484</Data>
    <Data Name="Image">C:\Windows\System32\wsqmcons.exe</Data>
    <Data Name="User">NT AUTHORITY\SYSTEM</Data>
    
  </EventData>
</Event>
<Event xmlns="http://schemas.microsoft.com/win/2004/08/events/event">
  <System>
    <Provider Name="Microsoft-Windows-Sysmon" Guid="{5770385f-c22a-43e0-bf4c-06f5698ffbd9}"/>
    <EventID>10</EventID>
    <Version>3</Version>
    <Level>4</Level>
    <Task>10</Task>
    <Opcode>0</Opcode>
    <Keywords>0x8000000000000000</Keywords>
    <TimeCreated SystemTime="2024-03-18T16:42:45.2308308Z"/>
    <EventRecordID>320833</EventRecordID>
    <Correlation/>
    <Execution ProcessID="2140" ThreadID="1764"/>
    <Channel>Microsoft-Windows-Sysmon/Operational</Channel>
    <Computer>WS-DRAMIREZ-01.meridianhcs.local</Computer>
    <Security UserID="S-1-5-18"/>
  </System>
  <EventData>
    
    <Data Name="RuleName">-</Data>
    <Data Name="UtcTime">2024-03-18 16:42:45.230</Data>
    <Data Name="SourceProcessGUID">{5af96291-095b-65e7-b500-00106e45dd8f}</Data>
    <Data Name="SourceProcessId">5928</Data>
    <Data Name="SourceThreadId">5044</Data>
    <Data Name="SourceImage">C:\ProgramData\Microsoft\Windows Defender\Platform\4.18.2301.6-0\MpCmdRun.exe</Data>
    <Data Name="TargetProcessGUID">{5af96291-0954-65e7-1802-0000015e389a}</Data>
    <Data Name="TargetProcessId">5848</Data>
    <Data Name="TargetImage">C:\ProgramData\Microsoft\Windows Defender\Platform\4.18.2301.6-0\MsMpEng.exe</Data>
    <Data Name="GrantedAccess">0x1410</Data>
    <Data Name="CallTrace">C:\Windows\SYSTEM32\ntdll.dll+9E8F4|C:\Windows\SYSTEM32\KERNELBASE.dll+2C389|C:\Windows\SYSTEM32\advapi32.dll+4CB40</Data>
    <Data Name="SourceUser">NT AUTHORITY\SYSTEM</Data>
    <Data Name="TargetUser">NT AUTHORITY\SYSTEM</Data>
    
  </EventData>
</Event>
<Event xmlns="http://schemas.microsoft.com/win/2004/08/events/event">
  <System>
    <Provider Name="Microsoft-Windows-Sysmon" Guid="{5770385f-c22a-43e0-bf4c-06f5698ffbd9}"/>
    <EventID>1</EventID>
    <Version>5</Version>
    <Level>4</Level>
    <Task>1</Task>
    <Opcode>0</Opcode>
    <Keywords>0x8000000000000000</Keywords>
    <TimeCreated SystemTime="2024-03-18T16:44:03.8308089Z"/>
    <EventRecordID>320837</EventRecordID>
    <Correlation/>
    <Execution ProcessID="2140" ThreadID="1764"/>
    <Channel>Microsoft-Windows-Sysmon/Operational</Channel>
    <Computer>WS-DRAMIREZ-01.meridianhcs.local</Computer>
    <Security UserID="S-1-5-18"/>
  </System>
  <EventData>
    
    <Data Name="RuleName">-</Data>
    <Data Name="UtcTime">2024-03-18 16:44:03.830</Data>
    <Data Name="ProcessGuid">{5af96291-6f53-65f8-0300-00108cc8b229}</Data>
    <Data Name="ProcessId">7388</Data>
    <Data Name="Image">C:\Windows\System32\SearchFilterHost.exe</Data>
    <Data Name="FileVersion">10.0.19041.1</Data>
    <Data Name="Description">Microsoft Windows Search Filter Host</Data>
    <Data Name="Product">Microsoft Windows Operating System</Data>
    <Data Name="Company">Microsoft Corporation</Data>
    <Data Name="OriginalFileName">SearchFilterHost.exe</Data>
    <Data Name="CommandLine">SearchFilterHost.exe 0 804 0 0 0</Data>
    <Data Name="CurrentDirectory">C:\Windows\System32\</Data>
    <Data Name="User">NT AUTHORITY\SYSTEM</Data>
    <Data Name="LogonGuid">{00000000-0000-0000-0000-000000000000}</Data>
    <Data Name="LogonId">0x3e7</Data>
    <Data Name="TerminalSessionId">0</Data>
    <Data Name="IntegrityLevel">System</Data>
    <Data Name="Hashes">SHA1=4D21E4E17144F60488C6828111E477C73B0D3E1A,MD5=E3564052272CB8F86BC5914FE3843671,SHA256=0AFD0D73AC5763EE26DA6059CA6C59F31E1365488D9E2994C8E15D2B76B26F84,IMPHASH=F8C2CC90D910DE9FC4F690882E57ABEC</Data>
    <Data Name="ParentProcessGuid">{5af96291-0955-65e7-c600-000056544942}</Data>
    <Data Name="ParentProcessId">5860</Data>
    <Data Name="ParentImage">C:\Windows\System32\SearchIndexer.exe</Data>
    <Data Name="ParentCommandLine">SearchIndexer.exe</Data>
    <Data Name="ParentUser">NT AUTHORITY\SYSTEM</Data>
    
  </EventData>
</Event>
<Event xmlns="http://schemas.microsoft.com/win/2004/08/events/event">
  <System>
    <Provider Name="Microsoft-Windows-Sysmon" Guid="{5770385f-c22a-43e0-bf4c-06f5698ffbd9}"/>
    <EventID>22</EventID>
    <Version>5</Version>
    <Level>4</Level>
    <Task>22</Task>
    <Opcode>0</Opcode>
    <Keywords>0x8000000000000000</Keywords>
    <TimeCreated SystemTime="2024-03-18T16:45:06.4020429Z"/>
    <EventRecordID>320840</EventRecordID>
    <Correlation/>
    <Execution ProcessID="2140" ThreadID="4452"/>
    <Channel>Microsoft-Windows-Sysmon/Operational</Channel>
    <Computer>WS-DRAMIREZ-01.meridianhcs.local</Computer>
    <Security UserID="S-1-5-18"/>
  </System>
  <EventData>
    
    <Data Name="RuleName">-</Data>
    <Data Name="UtcTime">2024-03-18 16:45:06.402</Data>
    <Data Name="ProcessGuid">{5af96291-0946-65e7-7902-00000327d62d}</Data>
    <Data Name="ProcessId">5756</Data>
    <Data Name="QueryName">10.2.10.10.in-addr.arpa</Data>
    <Data Name="QueryStatus">0</Data>
    <Data Name="QueryResults">DC-01.meridianhcs.local;</Data>
    <Data Name="Image">C:\Windows\System32\lsass.exe</Data>
    <Data Name="User">NT AUTHORITY\SYSTEM</Data>
    
  </EventData>
</Event>
<Event xmlns="http://schemas.microsoft.com/win/2004/08/events/event">
  <System>
    <Provider Name="Microsoft-Windows-Sysmon" Guid="{5770385f-c22a-43e0-bf4c-06f5698ffbd9}"/>
    <EventID>13</EventID>
    <Version>2</Version>
    <Level>4</Level>
    <Task>13</Task>
    <Opcode>0</Opcode>
    <Keywords>0x8000000000000000</Keywords>
    <TimeCreated SystemTime="2024-03-18T16:45:35.1519393Z"/>
    <EventRecordID>320842</EventRecordID>
    <Correlation/>
    <Execution ProcessID="2140" ThreadID="1764"/>
    <Channel>Microsoft-Windows-Sysmon/Operational</Channel>
    <Computer>WS-DRAMIREZ-01.meridianhcs.local</Computer>
    <Security UserID="S-1-5-18"/>
  </System>
  <EventData>
    
    <Data Name="RuleName">-</Data>
    <Data Name="EventType">SetValue</Data>
    <Data Name="UtcTime">2024-03-18 16:45:35.151</Data>
    <Data Name="ProcessGuid">{5af96291-0965-65e7-2f00-00108a7cce94}</Data>
    <Data Name="ProcessId">6020</Data>
    <Data Name="Image">C:\Windows\explorer.exe</Data>
    <Data Name="TargetObject">HKU\S-1-5-21-1537687973-2974994828-3875246326-1006\Software\Microsoft\Windows\CurrentVersion\Explorer\UserAssist\{CEBFF5CD-ACE2-4F4F-9178-9926F41749EA}\Count\HRZR_EHACNGU:P:\Cebtenz Svyrf\Zvpebfbsg Bssvpr\ebbg\Bssvpr16\RKPRY.RKR</Data>
    <Data Name="Details">1D 7A 89 0E 4F C5 BA 79 28 AC 36 B0 AD 63 DB 96 4B 00 DB 91 77 56 B2 AA 26 5B 21 47 1B 1B A1 00</Data>
    <Data Name="User">MERIDIANHCS\diego.ramirez</Data>
    
  </EventData>
</Event>
<Event xmlns="http://schemas.microsoft.com/win/2004/08/events/event">
  <System>
    <Provider Name="Microsoft-Windows-Sysmon" Guid="{5770385f-c22a-43e0-bf4c-06f5698ffbd9}"/>
    <EventID>10</EventID>
    <Version>3</Version>
    <Level>4</Level>
    <Task>10</Task>
    <Opcode>0</Opcode>
    <Keywords>0x8000000000000000</Keywords>
    <TimeCreated SystemTime="2024-03-18T16:45:55.4440065Z"/>
    <EventRecordID>320844</EventRecordID>
    <Correlation/>
    <Execution ProcessID="2140" ThreadID="1764"/>
    <Channel>Microsoft-Windows-Sysmon/Operational</Channel>
    <Computer>WS-DRAMIREZ-01.meridianhcs.local</Computer>
    <Security UserID="S-1-5-18"/>
  </System>
  <EventData>
    
    <Data Name="RuleName">-</Data>
    <Data Name="UtcTime">2024-03-18 16:45:55.444</Data>
    <Data Name="SourceProcessGUID">{5af96291-0942-65e7-2902-0000ce679259}</Data>
    <Data Name="SourceProcessId">5716</Data>
    <Data Name="SourceThreadId">4512</Data>
    <Data Name="SourceImage">C:\Windows\System32\csrss.exe</Data>
    <Data Name="TargetProcessGUID">{5af96291-0946-65e7-7902-00000327d62d}</Data>
    <Data Name="TargetProcessId">5756</Data>
    <Data Name="TargetImage">C:\Windows\System32\lsass.exe</Data>
    <Data Name="GrantedAccess">0x1000</Data>
    <Data Name="CallTrace">C:\Windows\SYSTEM32\ntdll.dll+9D971</Data>
    <Data Name="SourceUser">NT AUTHORITY\SYSTEM</Data>
    <Data Name="TargetUser">NT AUTHORITY\SYSTEM</Data>
    
  </EventData>
</Event>
