<Event xmlns="http://schemas.microsoft.com/win/2004/08/events/event">
  <System>
    <Provider Name="Microsoft-Windows-Sysmon" Guid="{5770385f-c22a-43e0-bf4c-06f5698ffbd9}"/>
    <EventID>5</EventID>
    <Version>3</Version>
    <Level>4</Level>
    <Task>5</Task>
    <Opcode>0</Opcode>
    <Keywords>0x8000000000000000</Keywords>
    <TimeCreated SystemTime="2024-03-18T16:55:02.3477897Z"/>
    <EventRecordID>31470</EventRecordID>
    <Correlation/>
    <Execution ProcessID="2716" ThreadID="4236"/>
    <Channel>Microsoft-Windows-Sysmon/Operational</Channel>
    <Computer>WS-AJOHNSON-01.meridianhcs.local</Computer>
    <Security UserID="S-1-5-18"/>
  </System>
  <EventData>
    
    <Data Name="RuleName">-</Data>
    <Data Name="UtcTime">2024-03-18 16:55:02.347</Data>
    <Data Name="ProcessGuid">{fd907e59-4e36-65f8-c702-0000e74013a0}</Data>
    <Data Name="ProcessId">5564</Data>
    <Data Name="Image">C:\Program Files\Mozilla Firefox\firefox.exe</Data>
    <Data Name="User">MERIDIANHCS\aisha.johnson</Data>
    
  </EventData>
</Event>
<Event xmlns="http://schemas.microsoft.com/win/2004/08/events/event">
  <System>
    <Provider Name="Microsoft-Windows-Sysmon" Guid="{5770385f-c22a-43e0-bf4c-06f5698ffbd9}"/>
    <EventID>13</EventID>
    <Version>2</Version>
    <Level>4</Level>
    <Task>13</Task>
    <Opcode>0</Opcode>
    <Keywords>0x8000000000000000</Keywords>
    <TimeCreated SystemTime="2024-03-18T16:56:16.8116928Z"/>
    <EventRecordID>31474</EventRecordID>
    <Correlation/>
    <Execution ProcessID="2716" ThreadID="3684"/>
    <Channel>Microsoft-Windows-Sysmon/Operational</Channel>
    <Computer>WS-AJOHNSON-01.meridianhcs.local</Computer>
    <Security UserID="S-1-5-18"/>
  </System>
  <EventData>
    
    <Data Name="RuleName">-</Data>
    <Data Name="EventType">SetValue</Data>
    <Data Name="UtcTime">2024-03-18 16:56:16.811</Data>
    <Data Name="ProcessGuid">{fd907e59-385e-65f4-5f00-00003a6842dd}</Data>
    <Data Name="ProcessId">4796</Data>
    <Data Name="Image">C:\Windows\System32\RuntimeBroker.exe</Data>
    <Data Name="TargetObject">HKU\S-1-5-21-1537687973-2974994828-3875246326-1007\Software\Microsoft\Office\16.0\Word\Reading Locations\Document 62\Datetime</Data>
    <Data Name="Details">2024-03-18T13:56:34</Data>
    <Data Name="User">MERIDIANHCS\aisha.johnson</Data>
    
  </EventData>
</Event>
<Event xmlns="http://schemas.microsoft.com/win/2004/08/events/event">
  <System>
    <Provider Name="Microsoft-Windows-Sysmon" Guid="{5770385f-c22a-43e0-bf4c-06f5698ffbd9}"/>
    <EventID>1</EventID>
    <Version>5</Version>
    <Level>4</Level>
    <Task>1</Task>
    <Opcode>0</Opcode>
    <Keywords>0x8000000000000000</Keywords>
    <TimeCreated SystemTime="2024-03-18T16:56:17.3970085Z"/>
    <EventRecordID>31475</EventRecordID>
    <Correlation/>
    <Execution ProcessID="2716" ThreadID="3920"/>
    <Channel>Microsoft-Windows-Sysmon/Operational</Channel>
    <Computer>WS-AJOHNSON-01.meridianhcs.local</Computer>
    <Security UserID="S-1-5-18"/>
  </System>
  <EventData>
    
    <Data Name="RuleName">-</Data>
    <Data Name="UtcTime">2024-03-18 16:56:17.397</Data>
    <Data Name="ProcessGuid">{fd907e59-7231-65f8-d402-000008dfe5ed}</Data>
    <Data Name="ProcessId">6700</Data>
    <Data Name="Image">C:\Windows\System32\svchost.exe</Data>
    <Data Name="FileVersion">10.0.19041.1</Data>
    <Data Name="Description">Host Process for Windows Services</Data>
    <Data Name="Product">Microsoft Windows Operating System</Data>
    <Data Name="Company">Microsoft Corporation</Data>
    <Data Name="OriginalFileName">svchost.exe</Data>
    <Data Name="CommandLine">svchost.exe -k netsvcs -p -s BITS</Data>
    <Data Name="CurrentDirectory">C:\Windows\System32\</Data>
    <Data Name="User">NT AUTHORITY\SYSTEM</Data>
    <Data Name="LogonGuid">{00000000-0000-0000-0000-000000000000}</Data>
    <Data Name="LogonId">0x3e7</Data>
    <Data Name="TerminalSessionId">0</Data>
    <Data Name="IntegrityLevel">System</Data>
    <Data Name="Hashes">SHA1=2AB96130C53285DF8A4180B1C58116F2D8A102F7,MD5=EE761712D9C5CD46ED32A3031A8DF21B,SHA256=03812016E9E40AF9E48B967D50612484DB904E2FFA8A285BA3E5EB3949D4332C,IMPHASH=E99A33F545C49936BFCAC79E2469E461</Data>
    <Data Name="ParentProcessGuid">{fd907e59-3843-65f4-0f00-00107034dbbb}</Data>
    <Data Name="ParentProcessId">4284</Data>
    <Data Name="ParentImage">C:\Windows\System32\services.exe</Data>
    <Data Name="ParentCommandLine">services.exe</Data>
    <Data Name="ParentUser">NT AUTHORITY\SYSTEM</Data>
    
  </EventData>
</Event>
<Event xmlns="http://schemas.microsoft.com/win/2004/08/events/event">
  <System>
    <Provider Name="Microsoft-Windows-Sysmon" Guid="{5770385f-c22a-43e0-bf4c-06f5698ffbd9}"/>
    <EventID>1</EventID>
    <Version>5</Version>
    <Level>4</Level>
    <Task>1</Task>
    <Opcode>0</Opcode>
    <Keywords>0x8000000000000000</Keywords>
    <TimeCreated SystemTime="2024-03-18T16:57:01.5359206Z"/>
    <EventRecordID>31477</EventRecordID>
    <Correlation/>
    <Execution ProcessID="2716" ThreadID="3920"/>
    <Channel>Microsoft-Windows-Sysmon/Operational</Channel>
    <Computer>WS-AJOHNSON-01.meridianhcs.local</Computer>
    <Security UserID="S-1-5-18"/>
  </System>
  <EventData>
    
    <Data Name="RuleName">-</Data>
    <Data Name="UtcTime">2024-03-18 16:57:01.535</Data>
    <Data Name="ProcessGuid">{fd907e59-725d-65f8-3b00-00105f0a3293}</Data>
    <Data Name="ProcessId">6500</Data>
    <Data Name="Image">C:\Program Files (x86)\Google\Update\GoogleUpdater.exe</Data>
    <Data Name="FileVersion">-</Data>
    <Data Name="Description">-</Data>
    <Data Name="Product">-</Data>
    <Data Name="Company">-</Data>
    <Data Name="OriginalFileName">-</Data>
    <Data Name="CommandLine">GoogleUpdater.exe -Embedding</Data>
    <Data Name="CurrentDirectory">C:\Windows\System32\</Data>
    <Data Name="User">NT AUTHORITY\SYSTEM</Data>
    <Data Name="LogonGuid">{00000000-0000-0000-0000-000000000000}</Data>
    <Data Name="LogonId">0x3e7</Data>
    <Data Name="TerminalSessionId">0</Data>
    <Data Name="IntegrityLevel">System</Data>
    <Data Name="Hashes">SHA1=24AF88C7C0D70B182A7348C2DAF4F251A90A132E,MD5=2513FBBCCCB4592862E55F73BAAF7A59,SHA256=F616F8B514853E182CDEEC6D1CE4D81C08452FD3172CA216FA75E894DFF25663,IMPHASH=AAD04978F326086CD7E71FF70766AFC0</Data>
    <Data Name="ParentProcessGuid">{fd907e59-3843-65f4-0f00-00107034dbbb}</Data>
    <Data Name="ParentProcessId">4284</Data>
    <Data Name="ParentImage">C:\Windows\System32\services.exe</Data>
    <Data Name="ParentCommandLine">services.exe</Data>
    <Data Name="ParentUser">NT AUTHORITY\SYSTEM</Data>
    
  </EventData>
</Event>
<Event xmlns="http://schemas.microsoft.com/win/2004/08/events/event">
  <System>
    <Provider Name="Microsoft-Windows-Sysmon" Guid="{5770385f-c22a-43e0-bf4c-06f5698ffbd9}"/>
    <EventID>5</EventID>
    <Version>3</Version>
    <Level>4</Level>
    <Task>5</Task>
    <Opcode>0</Opcode>
    <Keywords>0x8000000000000000</Keywords>
    <TimeCreated SystemTime="2024-03-18T16:57:44.0288469Z"/>
    <EventRecordID>31481</EventRecordID>
    <Correlation/>
    <Execution ProcessID="2716" ThreadID="3920"/>
    <Channel>Microsoft-Windows-Sysmon/Operational</Channel>
    <Computer>WS-AJOHNSON-01.meridianhcs.local</Computer>
    <Security UserID="S-1-5-18"/>
  </System>
  <EventData>
    
    <Data Name="RuleName">-</Data>
    <Data Name="UtcTime">2024-03-18 16:57:44.028</Data>
    <Data Name="ProcessGuid">{fd907e59-70fe-65f8-9c02-00006135e95c}</Data>
    <Data Name="ProcessId">6604</Data>
    <Data Name="Image">C:\Windows\System32\dllhost.exe</Data>
    <Data Name="User">NT AUTHORITY\SYSTEM</Data>
    
  </EventData>
</Event>
<Event xmlns="http://schemas.microsoft.com/win/2004/08/events/event">
  <System>
    <Provider Name="Microsoft-Windows-Sysmon" Guid="{5770385f-c22a-43e0-bf4c-06f5698ffbd9}"/>
    <EventID>22</EventID>
    <Version>5</Version>
    <Level>4</Level>
    <Task>22</Task>
    <Opcode>0</Opcode>
    <Keywords>0x8000000000000000</Keywords>
    <TimeCreated SystemTime="2024-03-18T16:58:08.7230581Z"/>
    <EventRecordID>31482</EventRecordID>
    <Correlation/>
    <Execution ProcessID="2716" ThreadID="3920"/>
    <Channel>Microsoft-Windows-Sysmon/Operational</Channel>
    <Computer>WS-AJOHNSON-01.meridianhcs.local</Computer>
    <Security UserID="S-1-5-18"/>
  </System>
  <EventData>
    
    <Data Name="RuleName">-</Data>
    <Data Name="UtcTime">2024-03-18 16:58:08.723</Data>
    <Data Name="ProcessGuid">{fd907e59-3849-65f4-3a00-0010b7a7855c}</Data>
    <Data Name="ProcessId">4528</Data>
    <Data Name="QueryName">DC-01.meridianhcs.local</Data>
    <Data Name="QueryStatus">0</Data>
    <Data Name="QueryResults">10.10.2.10;</Data>
    <Data Name="Image">C:\Windows\System32\svchost.exe</Data>
    <Data Name="User">NT AUTHORITY\LOCAL SERVICE</Data>
    
  </EventData>
</Event>
<Event xmlns="http://schemas.microsoft.com/win/2004/08/events/event">
  <System>
    <Provider Name="Microsoft-Windows-Sysmon" Guid="{5770385f-c22a-43e0-bf4c-06f5698ffbd9}"/>
    <EventID>7</EventID>
    <Version>3</Version>
    <Level>4</Level>
    <Task>7</Task>
    <Opcode>0</Opcode>
    <Keywords>0x8000000000000000</Keywords>
    <TimeCreated SystemTime="2024-03-18T16:58:24.2768007Z"/>
    <EventRecordID>31483</EventRecordID>
    <Correlation/>
    <Execution ProcessID="2716" ThreadID="4036"/>
    <Channel>Microsoft-Windows-Sysmon/Operational</Channel>
    <Computer>WS-AJOHNSON-01.meridianhcs.local</Computer>
    <Security UserID="S-1-5-18"/>
  </System>
  <EventData>
    
    <Data Name="RuleName">-</Data>
    <Data Name="UtcTime">2024-03-18 16:58:24.276</Data>
    <Data Name="ProcessGuid">{fd907e59-5b90-65f8-3b00-00107b8d4505}</Data>
    <Data Name="ProcessId">6292</Data>
    <Data Name="Image">C:\Windows\explorer.exe</Data>
    <Data Name="ImageLoaded">C:\Program Files\7-Zip\7-zip.dll</Data>
    <Data Name="FileVersion">23.01.0.0</Data>
    <Data Name="Description">7-Zip Shell Extension</Data>
    <Data Name="Product">7-Zip</Data>
    <Data Name="Company">Igor Pavlov</Data>
    <Data Name="OriginalFileName">7-zip.dll</Data>
    <Data Name="Hashes">SHA1=BF2619160C548067C80B010F0B9F5D224435A4AA,MD5=4FFC4040B68D405900BE629547DF0786,SHA256=A34E512691EB799A505E71B1CD8F01B889912AFB7CCB2D5DEC396F8C366E9BEE,IMPHASH=D6D3685D4A430A287607E444371EB5F5</Data>
    <Data Name="Signed">false</Data>
    <Data Name="Signature">-</Data>
    <Data Name="SignatureStatus">Unavailable</Data>
    <Data Name="User">MERIDIANHCS\aisha.johnson</Data>
    
  </EventData>
</Event>
<Event xmlns="http://schemas.microsoft.com/win/2004/08/events/event">
  <System>
    <Provider Name="Microsoft-Windows-Sysmon" Guid="{5770385f-c22a-43e0-bf4c-06f5698ffbd9}"/>
    <EventID>22</EventID>
    <Version>5</Version>
    <Level>4</Level>
    <Task>22</Task>
    <Opcode>0</Opcode>
    <Keywords>0x8000000000000000</Keywords>
    <TimeCreated SystemTime="2024-03-18T16:59:45.8301766Z"/>
    <EventRecordID>31485</EventRecordID>
    <Correlation/>
    <Execution ProcessID="2716" ThreadID="3920"/>
    <Channel>Microsoft-Windows-Sysmon/Operational</Channel>
    <Computer>WS-AJOHNSON-01.meridianhcs.local</Computer>
    <Security UserID="S-1-5-18"/>
  </System>
  <EventData>
    
    <Data Name="RuleName">-</Data>
    <Data Name="UtcTime">2024-03-18 16:59:45.830</Data>
    <Data Name="ProcessGuid">{fd907e59-3849-65f4-3a00-0010b7a7855c}</Data>
    <Data Name="ProcessId">4528</Data>
    <Data Name="QueryName">_dmarc.microsoft.com</Data>
    <Data Name="QueryStatus">0</Data>
    <Data Name="QueryResults">v=DMARC1; p=reject; rua=mailto:dmarc@microsoft.com; ruf=mailto:dmarc-forensics@microsoft.com; fo=1;</Data>
    <Data Name="Image">C:\Windows\System32\svchost.exe</Data>
    <Data Name="User">NT AUTHORITY\LOCAL SERVICE</Data>
    
  </EventData>
</Event>
<Event xmlns="http://schemas.microsoft.com/win/2004/08/events/event">
  <System>
    <Provider Name="Microsoft-Windows-Sysmon" Guid="{5770385f-c22a-43e0-bf4c-06f5698ffbd9}"/>
    <EventID>1</EventID>
    <Version>5</Version>
    <Level>4</Level>
    <Task>1</Task>
    <Opcode>0</Opcode>
    <Keywords>0x8000000000000000</Keywords>
    <TimeCreated SystemTime="2024-03-18T17:00:25.8921621Z"/>
    <EventRecordID>31486</EventRecordID>
    <Correlation/>
    <Execution ProcessID="2716" ThreadID="4036"/>
    <Channel>Microsoft-Windows-Sysmon/Operational</Channel>
    <Computer>WS-AJOHNSON-01.meridianhcs.local</Computer>
    <Security UserID="S-1-5-18"/>
  </System>
  <EventData>
    
    <Data Name="RuleName">-</Data>
    <Data Name="UtcTime">2024-03-18 17:00:25.892</Data>
    <Data Name="ProcessGuid">{fd907e59-7329-65f8-e202-0010fe6b93eb}</Data>
    <Data Name="ProcessId">6960</Data>
    <Data Name="Image">C:\Windows\System32\OpenSSH\ssh.exe</Data>
    <Data Name="FileVersion">8.6.0.1</Data>
    <Data Name="Description">OpenSSH SSH client</Data>
    <Data Name="Product">OpenSSH for Windows</Data>
    <Data Name="Company">Microsoft Corporation</Data>
    <Data Name="OriginalFileName">ssh.exe</Data>
    <Data Name="CommandLine">ssh.exe aisha.johnson@MAIL-CLIN-01.meridianhcs.local</Data>
    <Data Name="CurrentDirectory">C:\Users\aisha.johnson\</Data>
    <Data Name="User">MERIDIANHCS\aisha.johnson</Data>
    <Data Name="LogonGuid">{00000000-0000-0000-0000-000000000000}</Data>
    <Data Name="LogonId">0x26ffec8</Data>
    <Data Name="TerminalSessionId">4</Data>
    <Data Name="IntegrityLevel">Medium</Data>
    <Data Name="Hashes">SHA1=34EDBE1F2503BED1B1F8F387974ACB65F632C21B,MD5=177AE85C74B6D0BB9FC040A42BF2CAC0,SHA256=5CA44FEC35D64819E1CF357648C98073ACA2AEF9816F8FA375095783B3AC3EE1,IMPHASH=62F7B0310260F97B5078263292DD1CBA</Data>
    <Data Name="ParentProcessGuid">{fd907e59-5b90-65f8-2c02-001092c31ba4}</Data>
    <Data Name="ParentProcessId">6312</Data>
    <Data Name="ParentImage">C:\Windows\System32\cmd.exe</Data>
    <Data Name="ParentCommandLine">C:\Windows\System32\cmd.exe</Data>
    <Data Name="ParentUser">MERIDIANHCS\aisha.johnson</Data>
    
  </EventData>
</Event>
<Event xmlns="http://schemas.microsoft.com/win/2004/08/events/event">
  <System>
    <Provider Name="Microsoft-Windows-Sysmon" Guid="{5770385f-c22a-43e0-bf4c-06f5698ffbd9}"/>
    <EventID>22</EventID>
    <Version>5</Version>
    <Level>4</Level>
    <Task>22</Task>
    <Opcode>0</Opcode>
    <Keywords>0x8000000000000000</Keywords>
    <TimeCreated SystemTime="2024-03-18T17:00:33.8021749Z"/>
    <EventRecordID>31488</EventRecordID>
    <Correlation/>
    <Execution ProcessID="2716" ThreadID="4036"/>
    <Channel>Microsoft-Windows-Sysmon/Operational</Channel>
    <Computer>WS-AJOHNSON-01.meridianhcs.local</Computer>
    <Security UserID="S-1-5-18"/>
  </System>
  <EventData>
    
    <Data Name="RuleName">-</Data>
    <Data Name="UtcTime">2024-03-18 17:00:33.802</Data>
    <Data Name="ProcessGuid">{fd907e59-7329-65f8-e202-0010fe6b93eb}</Data>
    <Data Name="ProcessId">6960</Data>
    <Data Name="QueryName">MAIL-CLIN-01.meridianhcs.local</Data>
    <Data Name="QueryStatus">0</Data>
    <Data Name="QueryResults">10.10.2.26;</Data>
    <Data Name="Image">C:\Windows\System32\OpenSSH\ssh.exe</Data>
    <Data Name="User">MERIDIANHCS\aisha.johnson</Data>
    
  </EventData>
</Event>
<Event xmlns="http://schemas.microsoft.com/win/2004/08/events/event">
  <System>
    <Provider Name="Microsoft-Windows-Sysmon" Guid="{5770385f-c22a-43e0-bf4c-06f5698ffbd9}"/>
    <EventID>3</EventID>
    <Version>5</Version>
    <Level>4</Level>
    <Task>3</Task>
    <Opcode>0</Opcode>
    <Keywords>0x8000000000000000</Keywords>
    <TimeCreated SystemTime="2024-03-18T17:00:35.9485797Z"/>
    <EventRecordID>31489</EventRecordID>
    <Correlation/>
    <Execution ProcessID="2716" ThreadID="4036"/>
    <Channel>Microsoft-Windows-Sysmon/Operational</Channel>
    <Computer>WS-AJOHNSON-01.meridianhcs.local</Computer>
    <Security UserID="S-1-5-18"/>
  </System>
  <EventData>
    
    <Data Name="RuleName">-</Data>
    <Data Name="UtcTime">2024-03-18 17:00:35.948</Data>
    <Data Name="ProcessGuid">{fd907e59-7329-65f8-e202-0010fe6b93eb}</Data>
    <Data Name="ProcessId">6960</Data>
    <Data Name="Image">C:\Windows\System32\OpenSSH\ssh.exe</Data>
    <Data Name="User">MERIDIANHCS\aisha.johnson</Data>
    <Data Name="Protocol">tcp</Data>
    <Data Name="Initiated">true</Data>
    <Data Name="SourceIsIpv6">false</Data>
    <Data Name="SourceIp">10.10.1.35</Data>
    <Data Name="SourceHostname">WS-AJOHNSON-01.meridianhcs.local</Data>
    <Data Name="SourcePort">62304</Data>
    <Data Name="SourcePortName">-</Data>
    <Data Name="DestinationIsIpv6">false</Data>
    <Data Name="DestinationIp">10.10.2.26</Data>
    <Data Name="DestinationHostname">MAIL-CLIN-01.meridianhcs.local</Data>
    <Data Name="DestinationPort">22</Data>
    <Data Name="DestinationPortName">ssh</Data>
    
  </EventData>
</Event>
<Event xmlns="http://schemas.microsoft.com/win/2004/08/events/event">
  <System>
    <Provider Name="Microsoft-Windows-Sysmon" Guid="{5770385f-c22a-43e0-bf4c-06f5698ffbd9}"/>
    <EventID>5</EventID>
    <Version>3</Version>
    <Level>4</Level>
    <Task>5</Task>
    <Opcode>0</Opcode>
    <Keywords>0x8000000000000000</Keywords>
    <TimeCreated SystemTime="2024-03-18T17:01:08.8200378Z"/>
    <EventRecordID>31491</EventRecordID>
    <Correlation/>
    <Execution ProcessID="2716" ThreadID="3684"/>
    <Channel>Microsoft-Windows-Sysmon/Operational</Channel>
    <Computer>WS-AJOHNSON-01.meridianhcs.local</Computer>
    <Security UserID="S-1-5-18"/>
  </System>
  <EventData>
    
    <Data Name="RuleName">-</Data>
    <Data Name="UtcTime">2024-03-18 17:01:08.820</Data>
    <Data Name="ProcessGuid">{fd907e59-691e-65f8-9000-0000268d7a15}</Data>
    <Data Name="ProcessId">6716</Data>
    <Data Name="Image">C:\Windows\System32\OpenSSH\ssh.exe</Data>
    <Data Name="User">MERIDIANHCS\aisha.johnson</Data>
    
  </EventData>
</Event>
<Event xmlns="http://schemas.microsoft.com/win/2004/08/events/event">
  <System>
    <Provider Name="Microsoft-Windows-Sysmon" Guid="{5770385f-c22a-43e0-bf4c-06f5698ffbd9}"/>
    <EventID>1</EventID>
    <Version>5</Version>
    <Level>4</Level>
    <Task>1</Task>
    <Opcode>0</Opcode>
    <Keywords>0x8000000000000000</Keywords>
    <TimeCreated SystemTime="2024-03-18T17:02:05.0667662Z"/>
    <EventRecordID>31497</EventRecordID>
    <Correlation/>
    <Execution ProcessID="2716" ThreadID="3684"/>
    <Channel>Microsoft-Windows-Sysmon/Operational</Channel>
    <Computer>WS-AJOHNSON-01.meridianhcs.local</Computer>
    <Security UserID="S-1-5-18"/>
  </System>
  <EventData>
    
    <Data Name="RuleName">-</Data>
    <Data Name="UtcTime">2024-03-18 17:02:05.066</Data>
    <Data Name="ProcessGuid">{fd907e59-738d-65f8-1502-001058c04750}</Data>
    <Data Name="ProcessId">7048</Data>
    <Data Name="Image">C:\Windows\System32\mstsc.exe</Data>
    <Data Name="FileVersion">10.0.19041.1</Data>
    <Data Name="Description">Remote Desktop Connection</Data>
    <Data Name="Product">Microsoft Windows Operating System</Data>
    <Data Name="Company">Microsoft Corporation</Data>
    <Data Name="OriginalFileName">mstsc.exe</Data>
    <Data Name="CommandLine">mstsc.exe /v:FILE-SRV-01</Data>
    <Data Name="CurrentDirectory">C:\Windows\System32\</Data>
    <Data Name="User">MERIDIANHCS\aisha.johnson</Data>
    <Data Name="LogonGuid">{00000000-0000-0000-0000-000000000000}</Data>
    <Data Name="LogonId">0x26ffec8</Data>
    <Data Name="TerminalSessionId">4</Data>
    <Data Name="IntegrityLevel">Medium</Data>
    <Data Name="Hashes">SHA1=1B33A52EF26512F9E85D2CF152BFADE33C570522,MD5=361BCD5340BCA82BAAE068C4ED85259E,SHA256=BC3D5E8F8BF570FD19501700F630C56B913EF69103E4D1A0AF5745E2EE539295,IMPHASH=D688E34EF1BD9C35F96D904F0B61EF72</Data>
    <Data Name="ParentProcessGuid">{fd907e59-5b90-65f8-3b00-00107b8d4505}</Data>
    <Data Name="ParentProcessId">6292</Data>
    <Data Name="ParentImage">C:\Windows\explorer.exe</Data>
    <Data Name="ParentCommandLine">explorer.exe</Data>
    <Data Name="ParentUser">MERIDIANHCS\aisha.johnson</Data>
    
  </EventData>
</Event>
<Event xmlns="http://schemas.microsoft.com/win/2004/08/events/event">
  <System>
    <Provider Name="Microsoft-Windows-Sysmon" Guid="{5770385f-c22a-43e0-bf4c-06f5698ffbd9}"/>
    <EventID>3</EventID>
    <Version>5</Version>
    <Level>4</Level>
    <Task>3</Task>
    <Opcode>0</Opcode>
    <Keywords>0x8000000000000000</Keywords>
    <TimeCreated SystemTime="2024-03-18T17:02:08.0280079Z"/>
    <EventRecordID>31498</EventRecordID>
    <Correlation/>
    <Execution ProcessID="2716" ThreadID="4236"/>
    <Channel>Microsoft-Windows-Sysmon/Operational</Channel>
    <Computer>WS-AJOHNSON-01.meridianhcs.local</Computer>
    <Security UserID="S-1-5-18"/>
  </System>
  <EventData>
    
    <Data Name="RuleName">-</Data>
    <Data Name="UtcTime">2024-03-18 17:02:08.028</Data>
    <Data Name="ProcessGuid">{fd907e59-738d-65f8-1502-001058c04750}</Data>
    <Data Name="ProcessId">7048</Data>
    <Data Name="Image">C:\Windows\System32\mstsc.exe</Data>
    <Data Name="User">MERIDIANHCS\aisha.johnson</Data>
    <Data Name="Protocol">tcp</Data>
    <Data Name="Initiated">true</Data>
    <Data Name="SourceIsIpv6">false</Data>
    <Data Name="SourceIp">10.10.1.35</Data>
    <Data Name="SourceHostname">WS-AJOHNSON-01.meridianhcs.local</Data>
    <Data Name="SourcePort">55675</Data>
    <Data Name="SourcePortName">-</Data>
    <Data Name="DestinationIsIpv6">false</Data>
    <Data Name="DestinationIp">10.10.2.20</Data>
    <Data Name="DestinationHostname">FILE-SRV-01.meridianhcs.local</Data>
    <Data Name="DestinationPort">3389</Data>
    <Data Name="DestinationPortName">ms-wbt-server</Data>
    
  </EventData>
</Event>
<Event xmlns="http://schemas.microsoft.com/win/2004/08/events/event">
  <System>
    <Provider Name="Microsoft-Windows-Sysmon" Guid="{5770385f-c22a-43e0-bf4c-06f5698ffbd9}"/>
    <EventID>13</EventID>
    <Version>2</Version>
    <Level>4</Level>
    <Task>13</Task>
    <Opcode>0</Opcode>
    <Keywords>0x8000000000000000</Keywords>
    <TimeCreated SystemTime="2024-03-18T17:03:43.3861211Z"/>
    <EventRecordID>31502</EventRecordID>
    <Correlation/>
    <Execution ProcessID="2716" ThreadID="4236"/>
    <Channel>Microsoft-Windows-Sysmon/Operational</Channel>
    <Computer>WS-AJOHNSON-01.meridianhcs.local</Computer>
    <Security UserID="S-1-5-18"/>
  </System>
  <EventData>
    
    <Data Name="RuleName">-</Data>
    <Data Name="EventType">SetValue</Data>
    <Data Name="UtcTime">2024-03-18 17:03:43.386</Data>
    <Data Name="ProcessGuid">{fd907e59-385c-65f4-8200-0000ff37dee1}</Data>
    <Data Name="ProcessId">4784</Data>
    <Data Name="Image">C:\Windows\explorer.exe</Data>
    <Data Name="TargetObject">HKU\S-1-5-21-1537687973-2974994828-3875246326-1007\Software\Microsoft\Windows\CurrentVersion\Explorer\UserAssist\{CEBFF5CD-ACE2-4F4F-9178-9926F41749EA}\Count\HRZR_EHACNGU:P:\Cebtenz Svyrf\Zbmvyyn Sversbk\sversbk.rkr</Data>
    <Data Name="Details">9B 2E 99 CE 69 0E 37 AD DE 67 2D 3A ED 3A 58 B7 22 DC 03 ED 3C 4A E1 56 58 33 0C 3F 29 6D 7C 76</Data>
    <Data Name="User">MERIDIANHCS\aisha.johnson</Data>
    
  </EventData>
</Event>
<Event xmlns="http://schemas.microsoft.com/win/2004/08/events/event">
  <System>
    <Provider Name="Microsoft-Windows-Sysmon" Guid="{5770385f-c22a-43e0-bf4c-06f5698ffbd9}"/>
    <EventID>3</EventID>
    <Version>5</Version>
    <Level>4</Level>
    <Task>3</Task>
    <Opcode>0</Opcode>
    <Keywords>0x8000000000000000</Keywords>
    <TimeCreated SystemTime="2024-03-18T17:03:54.3290803Z"/>
    <EventRecordID>31504</EventRecordID>
    <Correlation/>
    <Execution ProcessID="2716" ThreadID="3920"/>
    <Channel>Microsoft-Windows-Sysmon/Operational</Channel>
    <Computer>WS-AJOHNSON-01.meridianhcs.local</Computer>
    <Security UserID="S-1-5-18"/>
  </System>
  <EventData>
    
    <Data Name="RuleName">-</Data>
    <Data Name="UtcTime">2024-03-18 17:03:54.329</Data>
    <Data Name="ProcessGuid">{fd907e59-6f8d-65f8-0c00-00107c2b1507}</Data>
    <Data Name="ProcessId">6472</Data>
    <Data Name="Image">C:\Program Files\Mozilla Firefox\firefox.exe</Data>
    <Data Name="User">MERIDIANHCS\aisha.johnson</Data>
    <Data Name="Protocol">tcp</Data>
    <Data Name="Initiated">true</Data>
    <Data Name="SourceIsIpv6">false</Data>
    <Data Name="SourceIp">10.10.1.35</Data>
    <Data Name="SourceHostname">WS-AJOHNSON-01.meridianhcs.local</Data>
    <Data Name="SourcePort">60627</Data>
    <Data Name="SourcePortName">-</Data>
    <Data Name="DestinationIsIpv6">false</Data>
    <Data Name="DestinationIp">10.10.3.20</Data>
    <Data Name="DestinationHostname">PROXY-01.meridianhcs.local</Data>
    <Data Name="DestinationPort">8080</Data>
    <Data Name="DestinationPortName">http-alt</Data>
    
  </EventData>
</Event>
<Event xmlns="http://schemas.microsoft.com/win/2004/08/events/event">
  <System>
    <Provider Name="Microsoft-Windows-Sysmon" Guid="{5770385f-c22a-43e0-bf4c-06f5698ffbd9}"/>
    <EventID>1</EventID>
    <Version>5</Version>
    <Level>4</Level>
    <Task>1</Task>
    <Opcode>0</Opcode>
    <Keywords>0x8000000000000000</Keywords>
    <TimeCreated SystemTime="2024-03-18T17:04:05.1338245Z"/>
    <EventRecordID>31505</EventRecordID>
    <Correlation/>
    <Execution ProcessID="2716" ThreadID="4236"/>
    <Channel>Microsoft-Windows-Sysmon/Operational</Channel>
    <Computer>WS-AJOHNSON-01.meridianhcs.local</Computer>
    <Security UserID="S-1-5-18"/>
  </System>
  <EventData>
    
    <Data Name="RuleName">-</Data>
    <Data Name="UtcTime">2024-03-18 17:04:05.133</Data>
    <Data Name="ProcessGuid">{fd907e59-7405-65f8-c400-00001feb8f1b}</Data>
    <Data Name="ProcessId">6912</Data>
    <Data Name="Image">C:\Windows\System32\wsqmcons.exe</Data>
    <Data Name="FileVersion">10.0.19041.1</Data>
    <Data Name="Description">Windows SQM Consolidator</Data>
    <Data Name="Product">Microsoft Windows Operating System</Data>
    <Data Name="Company">Microsoft Corporation</Data>
    <Data Name="OriginalFileName">wsqmcons.exe</Data>
    <Data Name="CommandLine">wsqmcons.exe</Data>
    <Data Name="CurrentDirectory">C:\Windows\System32\</Data>
    <Data Name="User">NT AUTHORITY\SYSTEM</Data>
    <Data Name="LogonGuid">{00000000-0000-0000-0000-000000000000}</Data>
    <Data Name="LogonId">0x3e7</Data>
    <Data Name="TerminalSessionId">0</Data>
    <Data Name="IntegrityLevel">System</Data>
    <Data Name="Hashes">SHA1=B6B178D785EF384D28F469D7CDCBCBAD978C2175,MD5=BA201043CC9F14E971AA7F5D832F699E,SHA256=D9E17C59C660B25C56F003C1B3F45916A6F260736071067982AC275002363A16,IMPHASH=BF8E76259754B3F7624D9C7425CE3B66</Data>
    <Data Name="ParentProcessGuid">{fd907e59-3846-65f4-0c02-0010c7cb2065}</Data>
    <Data Name="ParentProcessId">4356</Data>
    <Data Name="ParentImage">C:\Windows\System32\svchost.exe</Data>
    <Data Name="ParentCommandLine">svchost.exe -k LocalSystem</Data>
    <Data Name="ParentUser">NT AUTHORITY\SYSTEM</Data>
    
  </EventData>
</Event>
<Event xmlns="http://schemas.microsoft.com/win/2004/08/events/event">
  <System>
    <Provider Name="Microsoft-Windows-Sysmon" Guid="{5770385f-c22a-43e0-bf4c-06f5698ffbd9}"/>
    <EventID>10</EventID>
    <Version>3</Version>
    <Level>4</Level>
    <Task>10</Task>
    <Opcode>0</Opcode>
    <Keywords>0x8000000000000000</Keywords>
    <TimeCreated SystemTime="2024-03-18T17:04:27.2339037Z"/>
    <EventRecordID>31508</EventRecordID>
    <Correlation/>
    <Execution ProcessID="2716" ThreadID="4236"/>
    <Channel>Microsoft-Windows-Sysmon/Operational</Channel>
    <Computer>WS-AJOHNSON-01.meridianhcs.local</Computer>
    <Security UserID="S-1-5-18"/>
  </System>
  <EventData>
    
    <Data Name="RuleName">-</Data>
    <Data Name="UtcTime">2024-03-18 17:04:27.233</Data>
    <Data Name="SourceProcessGUID">{fd907e59-3854-65f4-8400-0000ad088955}</Data>
    <Data Name="SourceProcessId">4700</Data>
    <Data Name="SourceThreadId">14912</Data>
    <Data Name="SourceImage">C:\Windows\System32\msiexec.exe</Data>
    <Data Name="TargetProcessGUID">{fd907e59-3843-65f4-0f00-00107034dbbb}</Data>
    <Data Name="TargetProcessId">4284</Data>
    <Data Name="TargetImage">C:\Windows\System32\services.exe</Data>
    <Data Name="GrantedAccess">0x1400</Data>
    <Data Name="CallTrace">C:\Windows\SYSTEM32\ntdll.dll+9C1E8|C:\Windows\SYSTEM32\KERNELBASE.dll+2C87C|C:\Windows\SYSTEM32\combase.dll+2ADEB</Data>
    <Data Name="SourceUser">NT AUTHORITY\SYSTEM</Data>
    <Data Name="TargetUser">NT AUTHORITY\SYSTEM</Data>
    
  </EventData>
</Event>
<Event xmlns="http://schemas.microsoft.com/win/2004/08/events/event">
  <System>
    <Provider Name="Microsoft-Windows-Sysmon" Guid="{5770385f-c22a-43e0-bf4c-06f5698ffbd9}"/>
    <EventID>1</EventID>
    <Version>5</Version>
    <Level>4</Level>
    <Task>1</Task>
    <Opcode>0</Opcode>
    <Keywords>0x8000000000000000</Keywords>
    <TimeCreated SystemTime="2024-03-18T17:04:48.7455807Z"/>
    <EventRecordID>31510</EventRecordID>
    <Correlation/>
    <Execution ProcessID="2716" ThreadID="3920"/>
    <Channel>Microsoft-Windows-Sysmon/Operational</Channel>
    <Computer>WS-AJOHNSON-01.meridianhcs.local</Computer>
    <Security UserID="S-1-5-18"/>
  </System>
  <EventData>
    
    <Data Name="RuleName">-</Data>
    <Data Name="UtcTime">2024-03-18 17:04:48.745</Data>
    <Data Name="ProcessGuid">{fd907e59-7430-65f8-7d02-001025d809b5}</Data>
    <Data Name="ProcessId">6852</Data>
    <Data Name="Image">C:\Program Files (x86)\Dropbox\Update\DropboxUpdate.exe</Data>
    <Data Name="FileVersion">-</Data>
    <Data Name="Description">-</Data>
    <Data Name="Product">-</Data>
    <Data Name="Company">-</Data>
    <Data Name="OriginalFileName">-</Data>
    <Data Name="CommandLine">DropboxUpdate.exe /svc</Data>
    <Data Name="CurrentDirectory">C:\Windows\System32\</Data>
    <Data Name="User">NT AUTHORITY\SYSTEM</Data>
    <Data Name="LogonGuid">{00000000-0000-0000-0000-000000000000}</Data>
    <Data Name="LogonId">0x3e7</Data>
    <Data Name="TerminalSessionId">0</Data>
    <Data Name="IntegrityLevel">System</Data>
    <Data Name="Hashes">SHA1=9C9553118846730CD57BE76D7FD1D6569396BDDD,MD5=28D8439028ABA7E4A3E3734E1C47A9CC,SHA256=C1E09E737846E713E9AC8D9DB04CB231377706742CC76F187A9C586FE4928980,IMPHASH=E3D92598470BD2B25DC52DD1D8A4CD13</Data>
    <Data Name="ParentProcessGuid">{fd907e59-3843-65f4-0f00-00107034dbbb}</Data>
    <Data Name="ParentProcessId">4284</Data>
    <Data Name="ParentImage">C:\Windows\System32\services.exe</Data>
    <Data Name="ParentCommandLine">services.exe</Data>
    <Data Name="ParentUser">NT AUTHORITY\SYSTEM</Data>
    
  </EventData>
</Event>
<Event xmlns="http://schemas.microsoft.com/win/2004/08/events/event">
  <System>
    <Provider Name="Microsoft-Windows-Sysmon" Guid="{5770385f-c22a-43e0-bf4c-06f5698ffbd9}"/>
    <EventID>22</EventID>
    <Version>5</Version>
    <Level>4</Level>
    <Task>22</Task>
    <Opcode>0</Opcode>
    <Keywords>0x8000000000000000</Keywords>
    <TimeCreated SystemTime="2024-03-18T17:04:52.4221227Z"/>
    <EventRecordID>31511</EventRecordID>
    <Correlation/>
    <Execution ProcessID="2716" ThreadID="4036"/>
    <Channel>Microsoft-Windows-Sysmon/Operational</Channel>
    <Computer>WS-AJOHNSON-01.meridianhcs.local</Computer>
    <Security UserID="S-1-5-18"/>
  </System>
  <EventData>
    
    <Data Name="RuleName">-</Data>
    <Data Name="UtcTime">2024-03-18 17:04:52.422</Data>
    <Data Name="ProcessGuid">{fd907e59-3840-65f4-0a00-00102d470a85}</Data>
    <Data Name="ProcessId">4</Data>
    <Data Name="QueryName">FILE-SRV-01.meridianhcs.local</Data>
    <Data Name="QueryStatus">0</Data>
    <Data Name="QueryResults">-</Data>
    <Data Name="Image">System</Data>
    <Data Name="User">NT AUTHORITY\SYSTEM</Data>
    
  </EventData>
</Event>
<Event xmlns="http://schemas.microsoft.com/win/2004/08/events/event">
  <System>
    <Provider Name="Microsoft-Windows-Sysmon" Guid="{5770385f-c22a-43e0-bf4c-06f5698ffbd9}"/>
    <EventID>5</EventID>
    <Version>3</Version>
    <Level>4</Level>
    <Task>5</Task>
    <Opcode>0</Opcode>
    <Keywords>0x8000000000000000</Keywords>
    <TimeCreated SystemTime="2024-03-18T17:05:18.2431091Z"/>
    <EventRecordID>31513</EventRecordID>
    <Correlation/>
    <Execution ProcessID="2716" ThreadID="4236"/>
    <Channel>Microsoft-Windows-Sysmon/Operational</Channel>
    <Computer>WS-AJOHNSON-01.meridianhcs.local</Computer>
    <Security UserID="S-1-5-18"/>
  </System>
  <EventData>
    
    <Data Name="RuleName">-</Data>
    <Data Name="UtcTime">2024-03-18 17:05:18.243</Data>
    <Data Name="ProcessGuid">{fd907e59-7405-65f8-c400-00001feb8f1b}</Data>
    <Data Name="ProcessId">6912</Data>
    <Data Name="Image">C:\Windows\System32\wsqmcons.exe</Data>
    <Data Name="User">NT AUTHORITY\SYSTEM</Data>
    
  </EventData>
</Event>
<Event xmlns="http://schemas.microsoft.com/win/2004/08/events/event">
  <System>
    <Provider Name="Microsoft-Windows-Sysmon" Guid="{5770385f-c22a-43e0-bf4c-06f5698ffbd9}"/>
    <EventID>5</EventID>
    <Version>3</Version>
    <Level>4</Level>
    <Task>5</Task>
    <Opcode>0</Opcode>
    <Keywords>0x8000000000000000</Keywords>
    <TimeCreated SystemTime="2024-03-18T17:05:29.9705018Z"/>
    <EventRecordID>31514</EventRecordID>
    <Correlation/>
    <Execution ProcessID="2716" ThreadID="4236"/>
    <Channel>Microsoft-Windows-Sysmon/Operational</Channel>
    <Computer>WS-AJOHNSON-01.meridianhcs.local</Computer>
    <Security UserID="S-1-5-18"/>
  </System>
  <EventData>
    
    <Data Name="RuleName">-</Data>
    <Data Name="UtcTime">2024-03-18 17:05:29.970</Data>
    <Data Name="ProcessGuid">{fd907e59-7430-65f8-7d02-001025d809b5}</Data>
    <Data Name="ProcessId">6852</Data>
    <Data Name="Image">C:\Program Files (x86)\Dropbox\Update\DropboxUpdate.exe</Data>
    <Data Name="User">NT AUTHORITY\SYSTEM</Data>
    
  </EventData>
</Event>
<Event xmlns="http://schemas.microsoft.com/win/2004/08/events/event">
  <System>
    <Provider Name="Microsoft-Windows-Sysmon" Guid="{5770385f-c22a-43e0-bf4c-06f5698ffbd9}"/>
    <EventID>1</EventID>
    <Version>5</Version>
    <Level>4</Level>
    <Task>1</Task>
    <Opcode>0</Opcode>
    <Keywords>0x8000000000000000</Keywords>
    <TimeCreated SystemTime="2024-03-18T17:06:00.6388624Z"/>
    <EventRecordID>31517</EventRecordID>
    <Correlation/>
    <Execution ProcessID="2716" ThreadID="4236"/>
    <Channel>Microsoft-Windows-Sysmon/Operational</Channel>
    <Computer>WS-AJOHNSON-01.meridianhcs.local</Computer>
    <Security UserID="S-1-5-18"/>
  </System>
  <EventData>
    
    <Data Name="RuleName">-</Data>
    <Data Name="UtcTime">2024-03-18 17:06:00.638</Data>
    <Data Name="ProcessGuid">{fd907e59-7478-65f8-eb02-00002e081eb0}</Data>
    <Data Name="ProcessId">6816</Data>
    <Data Name="Image">C:\Program Files\Google\Drive File Stream\97.0.1.0\GoogleDriveFS.exe</Data>
    <Data Name="FileVersion">97.0.1.0</Data>
    <Data Name="Description">Google Drive</Data>
    <Data Name="Product">Google Drive</Data>
    <Data Name="Company">Google LLC</Data>
    <Data Name="OriginalFileName">GoogleDriveFS.exe</Data>
    <Data Name="CommandLine">"C:\Program Files\Google\Drive File Stream\97.0.1.0\GoogleDriveFS.exe" --user-data-dir="C:\Users\aisha.johnson\AppData\Local\Google\DriveFS"</Data>
    <Data Name="CurrentDirectory">C:\Program Files\Google\Drive File Stream\97.0.1.0\</Data>
    <Data Name="User">MERIDIANHCS\aisha.johnson</Data>
    <Data Name="LogonGuid">{00000000-0000-0000-0000-000000000000}</Data>
    <Data Name="LogonId">0x25fd6a3</Data>
    <Data Name="TerminalSessionId">2</Data>
    <Data Name="IntegrityLevel">Medium</Data>
    <Data Name="Hashes">SHA1=25ACC8C0AA0987C02764208149947F03A032DF22,MD5=FCCE097CCD27ABF25F91D0CCD2603A08,SHA256=44DC1566428242FDC5F84E82ED27651F5242B7A11D5F6599A104F0FB95156143,IMPHASH=9DF0929D6C9E6A62EF4B968739EA1F78</Data>
    <Data Name="ParentProcessGuid">{fd907e59-3d44-65f8-8c02-00108ea7aca2}</Data>
    <Data Name="ParentProcessId">5440</Data>
    <Data Name="ParentImage">C:\Windows\explorer.exe</Data>
    <Data Name="ParentCommandLine">explorer.exe</Data>
    <Data Name="ParentUser">MERIDIANHCS\aisha.johnson</Data>
    
  </EventData>
</Event>
<Event xmlns="http://schemas.microsoft.com/win/2004/08/events/event">
  <System>
    <Provider Name="Microsoft-Windows-Sysmon" Guid="{5770385f-c22a-43e0-bf4c-06f5698ffbd9}"/>
    <EventID>7</EventID>
    <Version>3</Version>
    <Level>4</Level>
    <Task>7</Task>
    <Opcode>0</Opcode>
    <Keywords>0x8000000000000000</Keywords>
    <TimeCreated SystemTime="2024-03-18T17:06:00.6399515Z"/>
    <EventRecordID>31518</EventRecordID>
    <Correlation/>
    <Execution ProcessID="2716" ThreadID="3920"/>
    <Channel>Microsoft-Windows-Sysmon/Operational</Channel>
    <Computer>WS-AJOHNSON-01.meridianhcs.local</Computer>
    <Security UserID="S-1-5-18"/>
  </System>
  <EventData>
    
    <Data Name="RuleName">-</Data>
    <Data Name="UtcTime">2024-03-18 17:06:00.639</Data>
    <Data Name="ProcessGuid">{fd907e59-7478-65f8-eb02-00002e081eb0}</Data>
    <Data Name="ProcessId">6816</Data>
    <Data Name="Image">C:\Program Files\Google\Drive File Stream\97.0.1.0\GoogleDriveFS.exe</Data>
    <Data Name="ImageLoaded">C:\Program Files\Google\Drive File Stream\97.0.1.0\crashpad_handler.exe</Data>
    <Data Name="FileVersion">1.0.0.0</Data>
    <Data Name="Description">crashpad_handler.exe module</Data>
    <Data Name="Product">Google LLC</Data>
    <Data Name="Company">Google LLC</Data>
    <Data Name="OriginalFileName">crashpad_handler.exe</Data>
    <Data Name="Hashes">SHA1=6E0A8995B6036FB06CEF5AFE03DF245032A5C487,MD5=D6F1977B817666EC9821646A2118DBB1,SHA256=EDF4AD7B21F8A94F9D0F3446A194C199289EE3FA8D18238B63BD4723C3376438,IMPHASH=B8F0378B13119395CACD3593D3DDEEF4</Data>
    <Data Name="Signed">true</Data>
    <Data Name="Signature">Google LLC</Data>
    <Data Name="SignatureStatus">Valid</Data>
    <Data Name="User">MERIDIANHCS\aisha.johnson</Data>
    
  </EventData>
</Event>
<Event xmlns="http://schemas.microsoft.com/win/2004/08/events/event">
  <System>
    <Provider Name="Microsoft-Windows-Sysmon" Guid="{5770385f-c22a-43e0-bf4c-06f5698ffbd9}"/>
    <EventID>1</EventID>
    <Version>5</Version>
    <Level>4</Level>
    <Task>1</Task>
    <Opcode>0</Opcode>
    <Keywords>0x8000000000000000</Keywords>
    <TimeCreated SystemTime="2024-03-18T17:06:04.8922048Z"/>
    <EventRecordID>31519</EventRecordID>
    <Correlation/>
    <Execution ProcessID="2716" ThreadID="3684"/>
    <Channel>Microsoft-Windows-Sysmon/Operational</Channel>
    <Computer>WS-AJOHNSON-01.meridianhcs.local</Computer>
    <Security UserID="S-1-5-18"/>
  </System>
  <EventData>
    
    <Data Name="RuleName">-</Data>
    <Data Name="UtcTime">2024-03-18 17:06:04.892</Data>
    <Data Name="ProcessGuid">{fd907e59-747c-65f8-8800-0010ebf9e4c1}</Data>
    <Data Name="ProcessId">6872</Data>
    <Data Name="Image">C:\Program Files (x86)\Dropbox\Update\DropboxUpdate.exe</Data>
    <Data Name="FileVersion">-</Data>
    <Data Name="Description">-</Data>
    <Data Name="Product">-</Data>
    <Data Name="Company">-</Data>
    <Data Name="OriginalFileName">-</Data>
    <Data Name="CommandLine">DropboxUpdate.exe /svc</Data>
    <Data Name="CurrentDirectory">C:\Windows\System32\</Data>
    <Data Name="User">NT AUTHORITY\SYSTEM</Data>
    <Data Name="LogonGuid">{00000000-0000-0000-0000-000000000000}</Data>
    <Data Name="LogonId">0x3e7</Data>
    <Data Name="TerminalSessionId">0</Data>
    <Data Name="IntegrityLevel">System</Data>
    <Data Name="Hashes">SHA1=9C9553118846730CD57BE76D7FD1D6569396BDDD,MD5=28D8439028ABA7E4A3E3734E1C47A9CC,SHA256=C1E09E737846E713E9AC8D9DB04CB231377706742CC76F187A9C586FE4928980,IMPHASH=E3D92598470BD2B25DC52DD1D8A4CD13</Data>
    <Data Name="ParentProcessGuid">{fd907e59-3843-65f4-0f00-00107034dbbb}</Data>
    <Data Name="ParentProcessId">4284</Data>
    <Data Name="ParentImage">C:\Windows\System32\services.exe</Data>
    <Data Name="ParentCommandLine">services.exe</Data>
    <Data Name="ParentUser">NT AUTHORITY\SYSTEM</Data>
    
  </EventData>
</Event>
<Event xmlns="http://schemas.microsoft.com/win/2004/08/events/event">
  <System>
    <Provider Name="Microsoft-Windows-Sysmon" Guid="{5770385f-c22a-43e0-bf4c-06f5698ffbd9}"/>
    <EventID>10</EventID>
    <Version>3</Version>
    <Level>4</Level>
    <Task>10</Task>
    <Opcode>0</Opcode>
    <Keywords>0x8000000000000000</Keywords>
    <TimeCreated SystemTime="2024-03-18T17:06:30.1419242Z"/>
    <EventRecordID>31521</EventRecordID>
    <Correlation/>
    <Execution ProcessID="2716" ThreadID="4236"/>
    <Channel>Microsoft-Windows-Sysmon/Operational</Channel>
    <Computer>WS-AJOHNSON-01.meridianhcs.local</Computer>
    <Security UserID="S-1-5-18"/>
  </System>
  <EventData>
    
    <Data Name="RuleName">-</Data>
    <Data Name="UtcTime">2024-03-18 17:06:30.141</Data>
    <Data Name="SourceProcessGUID">{fd907e59-3850-65f4-5402-0010c6a9a264}</Data>
    <Data Name="SourceProcessId">4628</Data>
    <Data Name="SourceThreadId">14780</Data>
    <Data Name="SourceImage">C:\Windows\System32\SearchIndexer.exe</Data>
    <Data Name="TargetProcessGUID">{fd907e59-3854-65f4-9302-0010929a30e5}</Data>
    <Data Name="TargetProcessId">4684</Data>
    <Data Name="TargetImage">C:\Windows\System32\SearchProtocolHost.exe</Data>
    <Data Name="GrantedAccess">0x0400</Data>
    <Data Name="CallTrace">C:\Windows\SYSTEM32\ntdll.dll+9E7AE|C:\Windows\SYSTEM32\RPCRT4.dll+7D9F3|C:\Windows\SYSTEM32\KERNELBASE.dll+2ED9F</Data>
    <Data Name="SourceUser">NT AUTHORITY\SYSTEM</Data>
    <Data Name="TargetUser">NT AUTHORITY\SYSTEM</Data>
    
  </EventData>
</Event>
<Event xmlns="http://schemas.microsoft.com/win/2004/08/events/event">
  <System>
    <Provider Name="Microsoft-Windows-Sysmon" Guid="{5770385f-c22a-43e0-bf4c-06f5698ffbd9}"/>
    <EventID>10</EventID>
    <Version>3</Version>
    <Level>4</Level>
    <Task>10</Task>
    <Opcode>0</Opcode>
    <Keywords>0x8000000000000000</Keywords>
    <TimeCreated SystemTime="2024-03-18T17:07:00.6730174Z"/>
    <EventRecordID>31523</EventRecordID>
    <Correlation/>
    <Execution ProcessID="2716" ThreadID="4236"/>
    <Channel>Microsoft-Windows-Sysmon/Operational</Channel>
    <Computer>WS-AJOHNSON-01.meridianhcs.local</Computer>
    <Security UserID="S-1-5-18"/>
  </System>
  <EventData>
    
    <Data Name="RuleName">-</Data>
    <Data Name="UtcTime">2024-03-18 17:07:00.673</Data>
    <Data Name="SourceProcessGUID">{fd907e59-3841-65f4-9002-0000df701018}</Data>
    <Data Name="SourceProcessId">4256</Data>
    <Data Name="SourceThreadId">14304</Data>
    <Data Name="SourceImage">C:\Windows\System32\csrss.exe</Data>
    <Data Name="TargetProcessGUID">{fd907e59-385c-65f4-8200-0000ff37dee1}</Data>
    <Data Name="TargetProcessId">4784</Data>
    <Data Name="TargetImage">C:\Windows\explorer.exe</Data>
    <Data Name="GrantedAccess">0x0400</Data>
    <Data Name="CallTrace">C:\Windows\SYSTEM32\ntdll.dll+9E147</Data>
    <Data Name="SourceUser">NT AUTHORITY\SYSTEM</Data>
    <Data Name="TargetUser">MERIDIANHCS\aisha.johnson</Data>
    
  </EventData>
</Event>
<Event xmlns="http://schemas.microsoft.com/win/2004/08/events/event">
  <System>
    <Provider Name="Microsoft-Windows-Sysmon" Guid="{5770385f-c22a-43e0-bf4c-06f5698ffbd9}"/>
    <EventID>13</EventID>
    <Version>2</Version>
    <Level>4</Level>
    <Task>13</Task>
    <Opcode>0</Opcode>
    <Keywords>0x8000000000000000</Keywords>
    <TimeCreated SystemTime="2024-03-18T17:08:29.1105091Z"/>
    <EventRecordID>31527</EventRecordID>
    <Correlation/>
    <Execution ProcessID="2716" ThreadID="4036"/>
    <Channel>Microsoft-Windows-Sysmon/Operational</Channel>
    <Computer>WS-AJOHNSON-01.meridianhcs.local</Computer>
    <Security UserID="S-1-5-18"/>
  </System>
  <EventData>
    
    <Data Name="RuleName">-</Data>
    <Data Name="EventType">SetValue</Data>
    <Data Name="UtcTime">2024-03-18 17:08:29.110</Data>
    <Data Name="ProcessGuid">{fd907e59-385c-65f4-8200-0000ff37dee1}</Data>
    <Data Name="ProcessId">4784</Data>
    <Data Name="Image">C:\Windows\explorer.exe</Data>
    <Data Name="TargetObject">HKU\S-1-5-21-1537687973-2974994828-3875246326-1007\Software\Microsoft\Office\16.0\Word\Reading Locations\Document 41\Datetime</Data>
    <Data Name="Details">2024-03-18T15:49:05</Data>
    <Data Name="User">MERIDIANHCS\aisha.johnson</Data>
    
  </EventData>
</Event>
<Event xmlns="http://schemas.microsoft.com/win/2004/08/events/event">
  <System>
    <Provider Name="Microsoft-Windows-Sysmon" Guid="{5770385f-c22a-43e0-bf4c-06f5698ffbd9}"/>
    <EventID>22</EventID>
    <Version>5</Version>
    <Level>4</Level>
    <Task>22</Task>
    <Opcode>0</Opcode>
    <Keywords>0x8000000000000000</Keywords>
    <TimeCreated SystemTime="2024-03-18T17:08:41.2525194Z"/>
    <EventRecordID>31528</EventRecordID>
    <Correlation/>
    <Execution ProcessID="2716" ThreadID="3920"/>
    <Channel>Microsoft-Windows-Sysmon/Operational</Channel>
    <Computer>WS-AJOHNSON-01.meridianhcs.local</Computer>
    <Security UserID="S-1-5-18"/>
  </System>
  <EventData>
    
    <Data Name="RuleName">-</Data>
    <Data Name="UtcTime">2024-03-18 17:08:41.252</Data>
    <Data Name="ProcessGuid">{fd907e59-3849-65f4-3a00-0010b7a7855c}</Data>
    <Data Name="ProcessId">4528</Data>
    <Data Name="QueryName">DC-01.meridianhcs.local</Data>
    <Data Name="QueryStatus">0</Data>
    <Data Name="QueryResults">10.10.2.10;</Data>
    <Data Name="Image">C:\Windows\System32\svchost.exe</Data>
    <Data Name="User">NT AUTHORITY\LOCAL SERVICE</Data>
    
  </EventData>
</Event>
<Event xmlns="http://schemas.microsoft.com/win/2004/08/events/event">
  <System>
    <Provider Name="Microsoft-Windows-Sysmon" Guid="{5770385f-c22a-43e0-bf4c-06f5698ffbd9}"/>
    <EventID>3</EventID>
    <Version>5</Version>
    <Level>4</Level>
    <Task>3</Task>
    <Opcode>0</Opcode>
    <Keywords>0x8000000000000000</Keywords>
    <TimeCreated SystemTime="2024-03-18T17:08:41.5153539Z"/>
    <EventRecordID>31529</EventRecordID>
    <Correlation/>
    <Execution ProcessID="2716" ThreadID="4036"/>
    <Channel>Microsoft-Windows-Sysmon/Operational</Channel>
    <Computer>WS-AJOHNSON-01.meridianhcs.local</Computer>
    <Security UserID="S-1-5-18"/>
  </System>
  <EventData>
    
    <Data Name="RuleName">-</Data>
    <Data Name="UtcTime">2024-03-18 17:08:41.515</Data>
    <Data Name="ProcessGuid">{fd907e59-3849-65f4-3a00-0010b7a7855c}</Data>
    <Data Name="ProcessId">4528</Data>
    <Data Name="Image">C:\Windows\System32\svchost.exe</Data>
    <Data Name="User">NT AUTHORITY\LOCAL SERVICE</Data>
    <Data Name="Protocol">udp</Data>
    <Data Name="Initiated">true</Data>
    <Data Name="SourceIsIpv6">false</Data>
    <Data Name="SourceIp">10.10.1.35</Data>
    <Data Name="SourceHostname">WS-AJOHNSON-01.meridianhcs.local</Data>
    <Data Name="SourcePort">58007</Data>
    <Data Name="SourcePortName">-</Data>
    <Data Name="DestinationIsIpv6">false</Data>
    <Data Name="DestinationIp">10.10.2.10</Data>
    <Data Name="DestinationHostname">DC-01.meridianhcs.local</Data>
    <Data Name="DestinationPort">53</Data>
    <Data Name="DestinationPortName">domain</Data>
    
  </EventData>
</Event>
<Event xmlns="http://schemas.microsoft.com/win/2004/08/events/event">
  <System>
    <Provider Name="Microsoft-Windows-Sysmon" Guid="{5770385f-c22a-43e0-bf4c-06f5698ffbd9}"/>
    <EventID>5</EventID>
    <Version>3</Version>
    <Level>4</Level>
    <Task>5</Task>
    <Opcode>0</Opcode>
    <Keywords>0x8000000000000000</Keywords>
    <TimeCreated SystemTime="2024-03-18T17:08:51.1819619Z"/>
    <EventRecordID>31531</EventRecordID>
    <Correlation/>
    <Execution ProcessID="2716" ThreadID="3684"/>
    <Channel>Microsoft-Windows-Sysmon/Operational</Channel>
    <Computer>WS-AJOHNSON-01.meridianhcs.local</Computer>
    <Security UserID="S-1-5-18"/>
  </System>
  <EventData>
    
    <Data Name="RuleName">-</Data>
    <Data Name="UtcTime">2024-03-18 17:08:51.181</Data>
    <Data Name="ProcessGuid">{fd907e59-747c-65f8-8800-0010ebf9e4c1}</Data>
    <Data Name="ProcessId">6872</Data>
    <Data Name="Image">C:\Program Files (x86)\Dropbox\Update\DropboxUpdate.exe</Data>
    <Data Name="User">NT AUTHORITY\SYSTEM</Data>
    
  </EventData>
</Event>
<Event xmlns="http://schemas.microsoft.com/win/2004/08/events/event">
  <System>
    <Provider Name="Microsoft-Windows-Sysmon" Guid="{5770385f-c22a-43e0-bf4c-06f5698ffbd9}"/>
    <EventID>10</EventID>
    <Version>3</Version>
    <Level>4</Level>
    <Task>10</Task>
    <Opcode>0</Opcode>
    <Keywords>0x8000000000000000</Keywords>
    <TimeCreated SystemTime="2024-03-18T17:09:24.8893964Z"/>
    <EventRecordID>31533</EventRecordID>
    <Correlation/>
    <Execution ProcessID="2716" ThreadID="3684"/>
    <Channel>Microsoft-Windows-Sysmon/Operational</Channel>
    <Computer>WS-AJOHNSON-01.meridianhcs.local</Computer>
    <Security UserID="S-1-5-18"/>
  </System>
  <EventData>
    
    <Data Name="RuleName">-</Data>
    <Data Name="UtcTime">2024-03-18 17:09:24.889</Data>
    <Data Name="SourceProcessGUID">{fd907e59-3846-65f4-4b02-00100994a9c2}</Data>
    <Data Name="SourceProcessId">4500</Data>
    <Data Name="SourceThreadId">14548</Data>
    <Data Name="SourceImage">C:\Windows\System32\svchost.exe</Data>
    <Data Name="TargetProcessGUID">{fd907e59-3844-65f4-8800-0010160d00f9}</Data>
    <Data Name="TargetProcessId">4292</Data>
    <Data Name="TargetImage">C:\Windows\System32\lsass.exe</Data>
    <Data Name="GrantedAccess">0x1000</Data>
    <Data Name="CallTrace">C:\Windows\SYSTEM32\ntdll.dll+9E7AE|C:\Windows\SYSTEM32\RPCRT4.dll+7D9F3|C:\Windows\SYSTEM32\KERNELBASE.dll+2ED9F</Data>
    <Data Name="SourceUser">NT AUTHORITY\NETWORK SERVICE</Data>
    <Data Name="TargetUser">NT AUTHORITY\SYSTEM</Data>
    
  </EventData>
</Event>
