<?xml version="1.0" encoding="utf-8"?>
<Events>
<Event xmlns="http://schemas.microsoft.com/win/2004/08/events/event">
  <System>
    <Provider Name="Microsoft-Windows-Sysmon" Guid="{5770385f-c22a-43e0-bf4c-06f5698ffbd9}"/>
    <EventID>5</EventID>
    <Version>3</Version>
    <Level>4</Level>
    <Task>5</Task>
    <Opcode>0</Opcode>
    <Keywords>0x8000000000000000</Keywords>
    <TimeCreated SystemTime="2024-03-18T12:00:05.0827395Z"/>
    <EventRecordID>739645</EventRecordID>
    <Correlation/>
    <Execution ProcessID="2440" ThreadID="1040"/>
    <Channel>Microsoft-Windows-Sysmon/Operational</Channel>
    <Computer>WS-PPATEL-01.meridianhcs.local</Computer>
    <Security UserID="S-1-5-18"/>
  </System>
  <EventData>
    
    <Data Name="RuleName">-</Data>
    <Data Name="UtcTime">2024-03-18 12:00:05.082</Data>
    <Data Name="ProcessGuid">{398565f9-2c8a-65f8-e602-0010c2a0df22}</Data>
    <Data Name="ProcessId">5636</Data>
    <Data Name="Image">C:\Program Files (x86)\Common Files\Adobe\ARM\1.0\AdobeARMservice.exe</Data>
    <Data Name="User">NT AUTHORITY\SYSTEM</Data>
    
  </EventData>
</Event>
<Event xmlns="http://schemas.microsoft.com/win/2004/08/events/event">
  <System>
    <Provider Name="Microsoft-Windows-Sysmon" Guid="{5770385f-c22a-43e0-bf4c-06f5698ffbd9}"/>
    <EventID>22</EventID>
    <Version>5</Version>
    <Level>4</Level>
    <Task>22</Task>
    <Opcode>0</Opcode>
    <Keywords>0x8000000000000000</Keywords>
    <TimeCreated SystemTime="2024-03-18T12:00:25.9366095Z"/>
    <EventRecordID>739646</EventRecordID>
    <Correlation/>
    <Execution ProcessID="2440" ThreadID="2612"/>
    <Channel>Microsoft-Windows-Sysmon/Operational</Channel>
    <Computer>WS-PPATEL-01.meridianhcs.local</Computer>
    <Security UserID="S-1-5-18"/>
  </System>
  <EventData>
    
    <Data Name="RuleName">-</Data>
    <Data Name="UtcTime">2024-03-18 12:00:25.936</Data>
    <Data Name="ProcessGuid">{398565f9-204a-65df-6100-00100ae1b213}</Data>
    <Data Name="ProcessId">5072</Data>
    <Data Name="QueryName">PROXY-01.meridianhcs.local</Data>
    <Data Name="QueryStatus">0</Data>
    <Data Name="QueryResults">10.10.3.20;</Data>
    <Data Name="Image">C:\Windows\System32\svchost.exe</Data>
    <Data Name="User">NT AUTHORITY\LOCAL SERVICE</Data>
    
  </EventData>
</Event>
<Event xmlns="http://schemas.microsoft.com/win/2004/08/events/event">
  <System>
    <Provider Name="Microsoft-Windows-Sysmon" Guid="{5770385f-c22a-43e0-bf4c-06f5698ffbd9}"/>
    <EventID>13</EventID>
    <Version>2</Version>
    <Level>4</Level>
    <Task>13</Task>
    <Opcode>0</Opcode>
    <Keywords>0x8000000000000000</Keywords>
    <TimeCreated SystemTime="2024-03-18T12:02:55.6551636Z"/>
    <EventRecordID>739649</EventRecordID>
    <Correlation/>
    <Execution ProcessID="2440" ThreadID="4416"/>
    <Channel>Microsoft-Windows-Sysmon/Operational</Channel>
    <Computer>WS-PPATEL-01.meridianhcs.local</Computer>
    <Security UserID="S-1-5-18"/>
  </System>
  <EventData>
    
    <Data Name="RuleName">-</Data>
    <Data Name="EventType">SetValue</Data>
    <Data Name="UtcTime">2024-03-18 12:02:55.655</Data>
    <Data Name="ProcessGuid">{398565f9-2060-65df-d800-00101df51c9f}</Data>
    <Data Name="ProcessId">5352</Data>
    <Data Name="Image">C:\Windows\System32\RuntimeBroker.exe</Data>
    <Data Name="TargetObject">HKU\S-1-5-21-1537687973-2974994828-3875246326-1004\Software\Microsoft\Windows\CurrentVersion\Search\SearchboxTaskbarMode</Data>
    <Data Name="Details">DWORD (0x00000002)</Data>
    <Data Name="User">MERIDIANHCS\priya.patel</Data>
    
  </EventData>
</Event>
<Event xmlns="http://schemas.microsoft.com/win/2004/08/events/event">
  <System>
    <Provider Name="Microsoft-Windows-Sysmon" Guid="{5770385f-c22a-43e0-bf4c-06f5698ffbd9}"/>
    <EventID>13</EventID>
    <Version>2</Version>
    <Level>4</Level>
    <Task>13</Task>
    <Opcode>0</Opcode>
    <Keywords>0x8000000000000000</Keywords>
    <TimeCreated SystemTime="2024-03-18T12:06:20.0630101Z"/>
    <EventRecordID>739655</EventRecordID>
    <Correlation/>
    <Execution ProcessID="2440" ThreadID="4416"/>
    <Channel>Microsoft-Windows-Sysmon/Operational</Channel>
    <Computer>WS-PPATEL-01.meridianhcs.local</Computer>
    <Security UserID="S-1-5-18"/>
  </System>
  <EventData>
    
    <Data Name="RuleName">-</Data>
    <Data Name="EventType">SetValue</Data>
    <Data Name="UtcTime">2024-03-18 12:06:20.063</Data>
    <Data Name="ProcessGuid">{398565f9-2052-65df-5d00-000026e7c1fb}</Data>
    <Data Name="ProcessId">5200</Data>
    <Data Name="Image">C:\ProgramData\Microsoft\Windows Defender\Platform\4.18.24010.12-0\MsMpEng.exe</Data>
    <Data Name="TargetObject">HKLM\SOFTWARE\Microsoft\Windows Defender\Real-Time Protection\DisableRealtimeMonitoring</Data>
    <Data Name="Details">DWORD (0x00000000)</Data>
    <Data Name="User">NT AUTHORITY\SYSTEM</Data>
    
  </EventData>
</Event>
<Event xmlns="http://schemas.microsoft.com/win/2004/08/events/event">
  <System>
    <Provider Name="Microsoft-Windows-Sysmon" Guid="{5770385f-c22a-43e0-bf4c-06f5698ffbd9}"/>
    <EventID>3</EventID>
    <Version>5</Version>
    <Level>4</Level>
    <Task>3</Task>
    <Opcode>0</Opcode>
    <Keywords>0x8000000000000000</Keywords>
    <TimeCreated SystemTime="2024-03-18T12:07:59.4260516Z"/>
    <EventRecordID>739659</EventRecordID>
    <Correlation/>
    <Execution ProcessID="2440" ThreadID="2612"/>
    <Channel>Microsoft-Windows-Sysmon/Operational</Channel>
    <Computer>WS-PPATEL-01.meridianhcs.local</Computer>
    <Security UserID="S-1-5-18"/>
  </System>
  <EventData>
    
    <Data Name="RuleName">-</Data>
    <Data Name="UtcTime">2024-03-18 12:07:59.426</Data>
    <Data Name="ProcessGuid">{398565f9-2044-65df-1402-000095f69efa}</Data>
    <Data Name="ProcessId">5044</Data>
    <Data Name="Image">C:\Windows\System32\lsass.exe</Data>
    <Data Name="User">NT AUTHORITY\SYSTEM</Data>
    <Data Name="Protocol">tcp</Data>
    <Data Name="Initiated">true</Data>
    <Data Name="SourceIsIpv6">false</Data>
    <Data Name="SourceIp">10.10.1.32</Data>
    <Data Name="SourceHostname">WS-PPATEL-01.meridianhcs.local</Data>
    <Data Name="SourcePort">60148</Data>
    <Data Name="SourcePortName">-</Data>
    <Data Name="DestinationIsIpv6">false</Data>
    <Data Name="DestinationIp">10.10.2.10</Data>
    <Data Name="DestinationHostname">DC-01.meridianhcs.local</Data>
    <Data Name="DestinationPort">88</Data>
    <Data Name="DestinationPortName">kerberos</Data>
    
  </EventData>
</Event>
<Event xmlns="http://schemas.microsoft.com/win/2004/08/events/event">
  <System>
    <Provider Name="Microsoft-Windows-Sysmon" Guid="{5770385f-c22a-43e0-bf4c-06f5698ffbd9}"/>
    <EventID>22</EventID>
    <Version>5</Version>
    <Level>4</Level>
    <Task>22</Task>
    <Opcode>0</Opcode>
    <Keywords>0x8000000000000000</Keywords>
    <TimeCreated SystemTime="2024-03-18T12:08:32.7168231Z"/>
    <EventRecordID>739661</EventRecordID>
    <Correlation/>
    <Execution ProcessID="2440" ThreadID="2612"/>
    <Channel>Microsoft-Windows-Sysmon/Operational</Channel>
    <Computer>WS-PPATEL-01.meridianhcs.local</Computer>
    <Security UserID="S-1-5-18"/>
  </System>
  <EventData>
    
    <Data Name="RuleName">-</Data>
    <Data Name="UtcTime">2024-03-18 12:08:32.716</Data>
    <Data Name="ProcessGuid">{398565f9-2048-65df-5600-00105d50de3b}</Data>
    <Data Name="ProcessId">5064</Data>
    <Data Name="QueryName">20.2.10.10.in-addr.arpa</Data>
    <Data Name="QueryStatus">0</Data>
    <Data Name="QueryResults">FILE-SRV-01.meridianhcs.local;</Data>
    <Data Name="Image">C:\Windows\System32\svchost.exe</Data>
    <Data Name="User">NT AUTHORITY\NETWORK SERVICE</Data>
    
  </EventData>
</Event>
<Event xmlns="http://schemas.microsoft.com/win/2004/08/events/event">
  <System>
    <Provider Name="Microsoft-Windows-Sysmon" Guid="{5770385f-c22a-43e0-bf4c-06f5698ffbd9}"/>
    <EventID>13</EventID>
    <Version>2</Version>
    <Level>4</Level>
    <Task>13</Task>
    <Opcode>0</Opcode>
    <Keywords>0x8000000000000000</Keywords>
    <TimeCreated SystemTime="2024-03-18T12:08:32.9988671Z"/>
    <EventRecordID>739662</EventRecordID>
    <Correlation/>
    <Execution ProcessID="2440" ThreadID="4416"/>
    <Channel>Microsoft-Windows-Sysmon/Operational</Channel>
    <Computer>WS-PPATEL-01.meridianhcs.local</Computer>
    <Security UserID="S-1-5-18"/>
  </System>
  <EventData>
    
    <Data Name="RuleName">-</Data>
    <Data Name="EventType">SetValue</Data>
    <Data Name="UtcTime">2024-03-18 12:08:32.998</Data>
    <Data Name="ProcessGuid">{398565f9-205f-65df-8b02-00106217d31e}</Data>
    <Data Name="ProcessId">5348</Data>
    <Data Name="Image">C:\Windows\explorer.exe</Data>
    <Data Name="TargetObject">HKU\S-1-5-21-1537687973-2974994828-3875246326-1004\Software\Microsoft\Windows\CurrentVersion\Explorer\UserAssist\{CEBFF5CD-ACE2-4F4F-9178-9926F41749EA}\Count\HRZR_EHACNGU:P:\Hfref\cevln.cngry\NccQngn\Ebnzvat\Zvpebfbsg\Jvaqbjf\Fgneg Zrah\Cebtenzf\Grnzf.yax</Data>
    <Data Name="Details">CD 57 1D 18 88 45 21 B4 7E C4 CF 58 3D AF 9F EE 58 3E 9E 27 31 F0 ED 49 DC 1A BF 53 20 84 68 2C 24 7E 22 6B 75 6C 06 9C</Data>
    <Data Name="User">MERIDIANHCS\priya.patel</Data>
    
  </EventData>
</Event>
<Event xmlns="http://schemas.microsoft.com/win/2004/08/events/event">
  <System>
    <Provider Name="Microsoft-Windows-Sysmon" Guid="{5770385f-c22a-43e0-bf4c-06f5698ffbd9}"/>
    <EventID>22</EventID>
    <Version>5</Version>
    <Level>4</Level>
    <Task>22</Task>
    <Opcode>0</Opcode>
    <Keywords>0x8000000000000000</Keywords>
    <TimeCreated SystemTime="2024-03-18T12:08:33.1203462Z"/>
    <EventRecordID>739663</EventRecordID>
    <Correlation/>
    <Execution ProcessID="2440" ThreadID="4416"/>
    <Channel>Microsoft-Windows-Sysmon/Operational</Channel>
    <Computer>WS-PPATEL-01.meridianhcs.local</Computer>
    <Security UserID="S-1-5-18"/>
  </System>
  <EventData>
    
    <Data Name="RuleName">-</Data>
    <Data Name="UtcTime">2024-03-18 12:08:33.120</Data>
    <Data Name="ProcessGuid">{398565f9-2048-65df-5600-00105d50de3b}</Data>
    <Data Name="ProcessId">5064</Data>
    <Data Name="QueryName">FILE-SRV-01.meridianhcs.local</Data>
    <Data Name="QueryStatus">0</Data>
    <Data Name="QueryResults">10.10.2.20;</Data>
    <Data Name="Image">C:\Windows\System32\svchost.exe</Data>
    <Data Name="User">NT AUTHORITY\NETWORK SERVICE</Data>
    
  </EventData>
</Event>
<Event xmlns="http://schemas.microsoft.com/win/2004/08/events/event">
  <System>
    <Provider Name="Microsoft-Windows-Sysmon" Guid="{5770385f-c22a-43e0-bf4c-06f5698ffbd9}"/>
    <EventID>1</EventID>
    <Version>5</Version>
    <Level>4</Level>
    <Task>1</Task>
    <Opcode>0</Opcode>
    <Keywords>0x8000000000000000</Keywords>
    <TimeCreated SystemTime="2024-03-18T12:08:58.0472637Z"/>
    <EventRecordID>739664</EventRecordID>
    <Correlation/>
    <Execution ProcessID="2440" ThreadID="1040"/>
    <Channel>Microsoft-Windows-Sysmon/Operational</Channel>
    <Computer>WS-PPATEL-01.meridianhcs.local</Computer>
    <Security UserID="S-1-5-18"/>
  </System>
  <EventData>
    
    <Data Name="RuleName">-</Data>
    <Data Name="UtcTime">2024-03-18 12:08:58.047</Data>
    <Data Name="ProcessGuid">{398565f9-2eda-65f8-0700-000032d4ea2f}</Data>
    <Data Name="ProcessId">6016</Data>
    <Data Name="Image">C:\Windows\System32\wsqmcons.exe</Data>
    <Data Name="FileVersion">10.0.22621.1</Data>
    <Data Name="Description">Windows SQM Consolidator</Data>
    <Data Name="Product">Microsoft Windows Operating System</Data>
    <Data Name="Company">Microsoft Corporation</Data>
    <Data Name="OriginalFileName">wsqmcons.exe</Data>
    <Data Name="CommandLine">wsqmcons.exe</Data>
    <Data Name="CurrentDirectory">C:\Windows\System32\</Data>
    <Data Name="User">NT AUTHORITY\SYSTEM</Data>
    <Data Name="LogonGuid">{00000000-0000-0000-0000-000000000000}</Data>
    <Data Name="LogonId">0x3e7</Data>
    <Data Name="TerminalSessionId">0</Data>
    <Data Name="IntegrityLevel">System</Data>
    <Data Name="Hashes">SHA1=F9FA354F4840B7E9239DE64F32FA74DB394F6F72,MD5=D4E8C66AECA0321FE0E5C5FCAE1AB0D3,SHA256=3CBD8272C2210AA1B9F2408BDD09CAA39B433E5384314C95B4F8C468A687B86E,IMPHASH=E70CA8B5A14A3E20D3AF153C870448D1</Data>
    <Data Name="ParentProcessGuid">{398565f9-2046-65df-8a02-0010df2f9121}</Data>
    <Data Name="ParentProcessId">5060</Data>
    <Data Name="ParentImage">C:\Windows\System32\svchost.exe</Data>
    <Data Name="ParentCommandLine">svchost.exe -k LocalSystem</Data>
    <Data Name="ParentUser">NT AUTHORITY\SYSTEM</Data>
    
  </EventData>
</Event>
<Event xmlns="http://schemas.microsoft.com/win/2004/08/events/event">
  <System>
    <Provider Name="Microsoft-Windows-Sysmon" Guid="{5770385f-c22a-43e0-bf4c-06f5698ffbd9}"/>
    <EventID>5</EventID>
    <Version>3</Version>
    <Level>4</Level>
    <Task>5</Task>
    <Opcode>0</Opcode>
    <Keywords>0x8000000000000000</Keywords>
    <TimeCreated SystemTime="2024-03-18T12:09:06.0310091Z"/>
    <EventRecordID>739665</EventRecordID>
    <Correlation/>
    <Execution ProcessID="2440" ThreadID="1040"/>
    <Channel>Microsoft-Windows-Sysmon/Operational</Channel>
    <Computer>WS-PPATEL-01.meridianhcs.local</Computer>
    <Security UserID="S-1-5-18"/>
  </System>
  <EventData>
    
    <Data Name="RuleName">-</Data>
    <Data Name="UtcTime">2024-03-18 12:09:06.031</Data>
    <Data Name="ProcessGuid">{398565f9-2eda-65f8-0700-000032d4ea2f}</Data>
    <Data Name="ProcessId">6016</Data>
    <Data Name="Image">C:\Windows\System32\wsqmcons.exe</Data>
    <Data Name="User">NT AUTHORITY\SYSTEM</Data>
    
  </EventData>
</Event>
<Event xmlns="http://schemas.microsoft.com/win/2004/08/events/event">
  <System>
    <Provider Name="Microsoft-Windows-Sysmon" Guid="{5770385f-c22a-43e0-bf4c-06f5698ffbd9}"/>
    <EventID>10</EventID>
    <Version>3</Version>
    <Level>4</Level>
    <Task>10</Task>
    <Opcode>0</Opcode>
    <Keywords>0x8000000000000000</Keywords>
    <TimeCreated SystemTime="2024-03-18T12:10:48.6695713Z"/>
    <EventRecordID>739668</EventRecordID>
    <Correlation/>
    <Execution ProcessID="2440" ThreadID="4896"/>
    <Channel>Microsoft-Windows-Sysmon/Operational</Channel>
    <Computer>WS-PPATEL-01.meridianhcs.local</Computer>
    <Security UserID="S-1-5-18"/>
  </System>
  <EventData>
    
    <Data Name="RuleName">-</Data>
    <Data Name="UtcTime">2024-03-18 12:10:48.669</Data>
    <Data Name="SourceProcessGUID">{398565f9-2043-65df-f902-0000c413d836}</Data>
    <Data Name="SourceProcessId">5032</Data>
    <Data Name="SourceThreadId">10892</Data>
    <Data Name="SourceImage">C:\Windows\System32\services.exe</Data>
    <Data Name="TargetProcessGUID">{398565f9-2048-65df-5600-00105d50de3b}</Data>
    <Data Name="TargetProcessId">5064</Data>
    <Data Name="TargetImage">C:\Windows\System32\svchost.exe</Data>
    <Data Name="GrantedAccess">0x1000</Data>
    <Data Name="CallTrace">C:\Windows\SYSTEM32\ntdll.dll+9CFEE|C:\Windows\SYSTEM32\KERNELBASE.dll+2ED2C|C:\Windows\SYSTEM32\sechost.dll+12A26</Data>
    <Data Name="SourceUser">NT AUTHORITY\SYSTEM</Data>
    <Data Name="TargetUser">NT AUTHORITY\NETWORK SERVICE</Data>
    
  </EventData>
</Event>
<Event xmlns="http://schemas.microsoft.com/win/2004/08/events/event">
  <System>
    <Provider Name="Microsoft-Windows-Sysmon" Guid="{5770385f-c22a-43e0-bf4c-06f5698ffbd9}"/>
    <EventID>13</EventID>
    <Version>2</Version>
    <Level>4</Level>
    <Task>13</Task>
    <Opcode>0</Opcode>
    <Keywords>0x8000000000000000</Keywords>
    <TimeCreated SystemTime="2024-03-18T12:10:58.7244001Z"/>
    <EventRecordID>739669</EventRecordID>
    <Correlation/>
    <Execution ProcessID="2440" ThreadID="4416"/>
    <Channel>Microsoft-Windows-Sysmon/Operational</Channel>
    <Computer>WS-PPATEL-01.meridianhcs.local</Computer>
    <Security UserID="S-1-5-18"/>
  </System>
  <EventData>
    
    <Data Name="RuleName">-</Data>
    <Data Name="EventType">SetValue</Data>
    <Data Name="UtcTime">2024-03-18 12:10:58.724</Data>
    <Data Name="ProcessGuid">{398565f9-205f-65df-8b02-00106217d31e}</Data>
    <Data Name="ProcessId">5348</Data>
    <Data Name="Image">C:\Windows\explorer.exe</Data>
    <Data Name="TargetObject">HKU\S-1-5-21-1537687973-2974994828-3875246326-1004\Software\Microsoft\Windows\CurrentVersion\Explorer\UserAssist\{CEBFF5CD-ACE2-4F4F-9178-9926F41749EA}\Count\HRZR_EHACNGU:P:\Cebtenz Svyrf\Zvpebfbsg Bssvpr\ebbg\Bssvpr16\JVAJBEQ.RKR</Data>
    <Data Name="Details">85 8A 2F 0F 16 94 0D C1 A9 59 38 CA 72 80 F2 C5 A0 34 34 C4 B6 40 F8 45 D3 22 3F A3 E1 D5 D2 A5 E1 B9 8A AB 89 18 80 4B</Data>
    <Data Name="User">MERIDIANHCS\priya.patel</Data>
    
  </EventData>
</Event>
<Event xmlns="http://schemas.microsoft.com/win/2004/08/events/event">
  <System>
    <Provider Name="Microsoft-Windows-Sysmon" Guid="{5770385f-c22a-43e0-bf4c-06f5698ffbd9}"/>
    <EventID>22</EventID>
    <Version>5</Version>
    <Level>4</Level>
    <Task>22</Task>
    <Opcode>0</Opcode>
    <Keywords>0x8000000000000000</Keywords>
    <TimeCreated SystemTime="2024-03-18T12:11:29.1207525Z"/>
    <EventRecordID>739672</EventRecordID>
    <Correlation/>
    <Execution ProcessID="2440" ThreadID="1040"/>
    <Channel>Microsoft-Windows-Sysmon/Operational</Channel>
    <Computer>WS-PPATEL-01.meridianhcs.local</Computer>
    <Security UserID="S-1-5-18"/>
  </System>
  <EventData>
    
    <Data Name="RuleName">-</Data>
    <Data Name="UtcTime">2024-03-18 12:11:29.120</Data>
    <Data Name="ProcessGuid">{398565f9-204a-65df-6100-00100ae1b213}</Data>
    <Data Name="ProcessId">5072</Data>
    <Data Name="QueryName">DC-01.meridianhcs.local</Data>
    <Data Name="QueryStatus">0</Data>
    <Data Name="QueryResults">10.10.2.10;</Data>
    <Data Name="Image">C:\Windows\System32\svchost.exe</Data>
    <Data Name="User">NT AUTHORITY\LOCAL SERVICE</Data>
    
  </EventData>
</Event>
<Event xmlns="http://schemas.microsoft.com/win/2004/08/events/event">
  <System>
    <Provider Name="Microsoft-Windows-Sysmon" Guid="{5770385f-c22a-43e0-bf4c-06f5698ffbd9}"/>
    <EventID>3</EventID>
    <Version>5</Version>
    <Level>4</Level>
    <Task>3</Task>
    <Opcode>0</Opcode>
    <Keywords>0x8000000000000000</Keywords>
    <TimeCreated SystemTime="2024-03-18T12:12:45.9743889Z"/>
    <EventRecordID>739673</EventRecordID>
    <Correlation/>
    <Execution ProcessID="2440" ThreadID="4896"/>
    <Channel>Microsoft-Windows-Sysmon/Operational</Channel>
    <Computer>WS-PPATEL-01.meridianhcs.local</Computer>
    <Security UserID="S-1-5-18"/>
  </System>
  <EventData>
    
    <Data Name="RuleName">-</Data>
    <Data Name="UtcTime">2024-03-18 12:12:45.974</Data>
    <Data Name="ProcessGuid">{398565f9-2044-65df-1402-000095f69efa}</Data>
    <Data Name="ProcessId">5044</Data>
    <Data Name="Image">C:\Windows\System32\lsass.exe</Data>
    <Data Name="User">NT AUTHORITY\SYSTEM</Data>
    <Data Name="Protocol">tcp</Data>
    <Data Name="Initiated">true</Data>
    <Data Name="SourceIsIpv6">false</Data>
    <Data Name="SourceIp">10.10.1.32</Data>
    <Data Name="SourceHostname">WS-PPATEL-01.meridianhcs.local</Data>
    <Data Name="SourcePort">64828</Data>
    <Data Name="SourcePortName">-</Data>
    <Data Name="DestinationIsIpv6">false</Data>
    <Data Name="DestinationIp">10.10.2.10</Data>
    <Data Name="DestinationHostname">DC-01.meridianhcs.local</Data>
    <Data Name="DestinationPort">389</Data>
    <Data Name="DestinationPortName">ldap</Data>
    
  </EventData>
</Event>
<Event xmlns="http://schemas.microsoft.com/win/2004/08/events/event">
  <System>
    <Provider Name="Microsoft-Windows-Sysmon" Guid="{5770385f-c22a-43e0-bf4c-06f5698ffbd9}"/>
    <EventID>10</EventID>
    <Version>3</Version>
    <Level>4</Level>
    <Task>10</Task>
    <Opcode>0</Opcode>
    <Keywords>0x8000000000000000</Keywords>
    <TimeCreated SystemTime="2024-03-18T12:12:49.1662384Z"/>
    <EventRecordID>739674</EventRecordID>
    <Correlation/>
    <Execution ProcessID="2440" ThreadID="1040"/>
    <Channel>Microsoft-Windows-Sysmon/Operational</Channel>
    <Computer>WS-PPATEL-01.meridianhcs.local</Computer>
    <Security UserID="S-1-5-18"/>
  </System>
  <EventData>
    
    <Data Name="RuleName">-</Data>
    <Data Name="UtcTime">2024-03-18 12:12:49.166</Data>
    <Data Name="SourceProcessGUID">{398565f9-2043-65df-f902-0000c413d836}</Data>
    <Data Name="SourceProcessId">5032</Data>
    <Data Name="SourceThreadId">10892</Data>
    <Data Name="SourceImage">C:\Windows\System32\services.exe</Data>
    <Data Name="TargetProcessGUID">{398565f9-2048-65df-5600-00105d50de3b}</Data>
    <Data Name="TargetProcessId">5064</Data>
    <Data Name="TargetImage">C:\Windows\System32\svchost.exe</Data>
    <Data Name="GrantedAccess">0x0400</Data>
    <Data Name="CallTrace">C:\Windows\SYSTEM32\ntdll.dll+9CFEE|C:\Windows\SYSTEM32\KERNELBASE.dll+2ED2C|C:\Windows\SYSTEM32\sechost.dll+12A26</Data>
    <Data Name="SourceUser">NT AUTHORITY\SYSTEM</Data>
    <Data Name="TargetUser">NT AUTHORITY\NETWORK SERVICE</Data>
    
  </EventData>
</Event>
<Event xmlns="http://schemas.microsoft.com/win/2004/08/events/event">
  <System>
    <Provider Name="Microsoft-Windows-Sysmon" Guid="{5770385f-c22a-43e0-bf4c-06f5698ffbd9}"/>
    <EventID>1</EventID>
    <Version>5</Version>
    <Level>4</Level>
    <Task>1</Task>
    <Opcode>0</Opcode>
    <Keywords>0x8000000000000000</Keywords>
    <TimeCreated SystemTime="2024-03-18T12:13:35.0318124Z"/>
    <EventRecordID>739677</EventRecordID>
    <Correlation/>
    <Execution ProcessID="2440" ThreadID="2612"/>
    <Channel>Microsoft-Windows-Sysmon/Operational</Channel>
    <Computer>WS-PPATEL-01.meridianhcs.local</Computer>
    <Security UserID="S-1-5-18"/>
  </System>
  <EventData>
    
    <Data Name="RuleName">-</Data>
    <Data Name="UtcTime">2024-03-18 12:13:35.031</Data>
    <Data Name="ProcessGuid">{398565f9-2fef-65f8-ac02-00101a225a7e}</Data>
    <Data Name="ProcessId">5896</Data>
    <Data Name="Image">C:\Windows\System32\spoolsv.exe</Data>
    <Data Name="FileVersion">10.0.22621.1</Data>
    <Data Name="Description">Spooler SubSystem App</Data>
    <Data Name="Product">Microsoft Windows Operating System</Data>
    <Data Name="Company">Microsoft Corporation</Data>
    <Data Name="OriginalFileName">spoolsv.exe</Data>
    <Data Name="CommandLine">spoolsv.exe</Data>
    <Data Name="CurrentDirectory">C:\Windows\System32\</Data>
    <Data Name="User">NT AUTHORITY\SYSTEM</Data>
    <Data Name="LogonGuid">{00000000-0000-0000-0000-000000000000}</Data>
    <Data Name="LogonId">0x3e7</Data>
    <Data Name="TerminalSessionId">0</Data>
    <Data Name="IntegrityLevel">System</Data>
    <Data Name="Hashes">SHA1=D7EA37840FF44A245AD18E5E207AE4901C4C18FB,MD5=F60B5C571AD75771ABD1D35C7765DC04,SHA256=C62074641183B84BD60F329FFC8412BB060770B6F2D3BE7F21CBE926B78AF568,IMPHASH=6C5BCD2285686A422084A17A03042505</Data>
    <Data Name="ParentProcessGuid">{398565f9-2043-65df-f902-0000c413d836}</Data>
    <Data Name="ParentProcessId">5032</Data>
    <Data Name="ParentImage">C:\Windows\System32\services.exe</Data>
    <Data Name="ParentCommandLine">services.exe</Data>
    <Data Name="ParentUser">NT AUTHORITY\SYSTEM</Data>
    
  </EventData>
</Event>
<Event xmlns="http://schemas.microsoft.com/win/2004/08/events/event">
  <System>
    <Provider Name="Microsoft-Windows-Sysmon" Guid="{5770385f-c22a-43e0-bf4c-06f5698ffbd9}"/>
    <EventID>22</EventID>
    <Version>5</Version>
    <Level>4</Level>
    <Task>22</Task>
    <Opcode>0</Opcode>
    <Keywords>0x8000000000000000</Keywords>
    <TimeCreated SystemTime="2024-03-18T12:17:12.7644313Z"/>
    <EventRecordID>739685</EventRecordID>
    <Correlation/>
    <Execution ProcessID="2440" ThreadID="2612"/>
    <Channel>Microsoft-Windows-Sysmon/Operational</Channel>
    <Computer>WS-PPATEL-01.meridianhcs.local</Computer>
    <Security UserID="S-1-5-18"/>
  </System>
  <EventData>
    
    <Data Name="RuleName">-</Data>
    <Data Name="UtcTime">2024-03-18 12:17:12.764</Data>
    <Data Name="ProcessGuid">{398565f9-2040-65df-a800-00108740f0e0}</Data>
    <Data Name="ProcessId">4</Data>
    <Data Name="QueryName">DC-01.meridianhcs.local</Data>
    <Data Name="QueryStatus">0</Data>
    <Data Name="QueryResults">10.10.2.10;</Data>
    <Data Name="Image">System</Data>
    <Data Name="User">NT AUTHORITY\SYSTEM</Data>
    
  </EventData>
</Event>
<Event xmlns="http://schemas.microsoft.com/win/2004/08/events/event">
  <System>
    <Provider Name="Microsoft-Windows-Sysmon" Guid="{5770385f-c22a-43e0-bf4c-06f5698ffbd9}"/>
    <EventID>22</EventID>
    <Version>5</Version>
    <Level>4</Level>
    <Task>22</Task>
    <Opcode>0</Opcode>
    <Keywords>0x8000000000000000</Keywords>
    <TimeCreated SystemTime="2024-03-18T12:18:23.7250969Z"/>
    <EventRecordID>739686</EventRecordID>
    <Correlation/>
    <Execution ProcessID="2440" ThreadID="1040"/>
    <Channel>Microsoft-Windows-Sysmon/Operational</Channel>
    <Computer>WS-PPATEL-01.meridianhcs.local</Computer>
    <Security UserID="S-1-5-18"/>
  </System>
  <EventData>
    
    <Data Name="RuleName">-</Data>
    <Data Name="UtcTime">2024-03-18 12:18:23.725</Data>
    <Data Name="ProcessGuid">{398565f9-204a-65df-6100-00100ae1b213}</Data>
    <Data Name="ProcessId">5072</Data>
    <Data Name="QueryName">mail.meridianhcs.com</Data>
    <Data Name="QueryStatus">0</Data>
    <Data Name="QueryResults">10.10.2.25;</Data>
    <Data Name="Image">C:\Windows\System32\svchost.exe</Data>
    <Data Name="User">NT AUTHORITY\LOCAL SERVICE</Data>
    
  </EventData>
</Event>
<Event xmlns="http://schemas.microsoft.com/win/2004/08/events/event">
  <System>
    <Provider Name="Microsoft-Windows-Sysmon" Guid="{5770385f-c22a-43e0-bf4c-06f5698ffbd9}"/>
    <EventID>1</EventID>
    <Version>5</Version>
    <Level>4</Level>
    <Task>1</Task>
    <Opcode>0</Opcode>
    <Keywords>0x8000000000000000</Keywords>
    <TimeCreated SystemTime="2024-03-18T12:18:25.3547168Z"/>
    <EventRecordID>739687</EventRecordID>
    <Correlation/>
    <Execution ProcessID="2440" ThreadID="4416"/>
    <Channel>Microsoft-Windows-Sysmon/Operational</Channel>
    <Computer>WS-PPATEL-01.meridianhcs.local</Computer>
    <Security UserID="S-1-5-18"/>
  </System>
  <EventData>
    
    <Data Name="RuleName">-</Data>
    <Data Name="UtcTime">2024-03-18 12:18:25.354</Data>
    <Data Name="ProcessGuid">{398565f9-3111-65f8-d400-0010ff6af8d1}</Data>
    <Data Name="ProcessId">6048</Data>
    <Data Name="Image">C:\Windows\System32\winlogon.exe</Data>
    <Data Name="FileVersion">-</Data>
    <Data Name="Description">-</Data>
    <Data Name="Product">-</Data>
    <Data Name="Company">-</Data>
    <Data Name="OriginalFileName">-</Data>
    <Data Name="CommandLine">winlogon.exe</Data>
    <Data Name="CurrentDirectory">C:\Windows\System32\</Data>
    <Data Name="User">NT AUTHORITY\SYSTEM</Data>
    <Data Name="LogonGuid">{00000000-0000-0000-0000-000000000000}</Data>
    <Data Name="LogonId">0x3e7</Data>
    <Data Name="TerminalSessionId">0</Data>
    <Data Name="IntegrityLevel">System</Data>
    <Data Name="Hashes">SHA1=9346FD5F83897428CBEEFE7541717E3A158E2B11,MD5=11A2E297BEA7B166F4A9D2C6BE5E2278,SHA256=6B0FA04BC5E8CE24A5DB36851D4A6CDBBB1030B9C471A3E4FC3BD613B85080E7,IMPHASH=57930F079A22768C8BF86A9C197BCDCF</Data>
    <Data Name="ParentProcessGuid">{398565f9-2040-65df-1200-00006d127f81}</Data>
    <Data Name="ParentProcessId">4996</Data>
    <Data Name="ParentImage">C:\Windows\System32\smss.exe</Data>
    <Data Name="ParentCommandLine">smss.exe</Data>
    <Data Name="ParentUser">NT AUTHORITY\SYSTEM</Data>
    
  </EventData>
</Event>
<Event xmlns="http://schemas.microsoft.com/win/2004/08/events/event">
  <System>
    <Provider Name="Microsoft-Windows-Sysmon" Guid="{5770385f-c22a-43e0-bf4c-06f5698ffbd9}"/>
    <EventID>1</EventID>
    <Version>5</Version>
    <Level>4</Level>
    <Task>1</Task>
    <Opcode>0</Opcode>
    <Keywords>0x8000000000000000</Keywords>
    <TimeCreated SystemTime="2024-03-18T12:18:26.3280208Z"/>
    <EventRecordID>739688</EventRecordID>
    <Correlation/>
    <Execution ProcessID="2440" ThreadID="1040"/>
    <Channel>Microsoft-Windows-Sysmon/Operational</Channel>
    <Computer>WS-PPATEL-01.meridianhcs.local</Computer>
    <Security UserID="S-1-5-18"/>
  </System>
  <EventData>
    
    <Data Name="RuleName">-</Data>
    <Data Name="UtcTime">2024-03-18 12:18:26.328</Data>
    <Data Name="ProcessGuid">{398565f9-3112-65f8-0500-000080e2e7f2}</Data>
    <Data Name="ProcessId">6068</Data>
    <Data Name="Image">C:\Windows\System32\userinit.exe</Data>
    <Data Name="FileVersion">-</Data>
    <Data Name="Description">-</Data>
    <Data Name="Product">-</Data>
    <Data Name="Company">-</Data>
    <Data Name="OriginalFileName">-</Data>
    <Data Name="CommandLine">userinit.exe</Data>
    <Data Name="CurrentDirectory">C:\Windows\System32\</Data>
    <Data Name="User">MERIDIANHCS\priya.patel</Data>
    <Data Name="LogonGuid">{00000000-0000-0000-0000-000000000000}</Data>
    <Data Name="LogonId">0xd8d7b28</Data>
    <Data Name="TerminalSessionId">2</Data>
    <Data Name="IntegrityLevel">Medium</Data>
    <Data Name="Hashes">SHA1=6A4714367CD4C105D4349C5F089354153BE58DD9,MD5=5A56268C48DE9F5E679EDCE87E08B276,SHA256=91665FC0325F4DE548C15AAFB5C01CD83C3A50136038AE6B7BB2DC31330399A9,IMPHASH=6B2B4605529C1A2D51ED6C8F0DFC02C4</Data>
    <Data Name="ParentProcessGuid">{398565f9-3111-65f8-d400-0010ff6af8d1}</Data>
    <Data Name="ParentProcessId">6048</Data>
    <Data Name="ParentImage">C:\Windows\System32\winlogon.exe</Data>
    <Data Name="ParentCommandLine">winlogon.exe</Data>
    <Data Name="ParentUser">NT AUTHORITY\SYSTEM</Data>
    
  </EventData>
</Event>
<Event xmlns="http://schemas.microsoft.com/win/2004/08/events/event">
  <System>
    <Provider Name="Microsoft-Windows-Sysmon" Guid="{5770385f-c22a-43e0-bf4c-06f5698ffbd9}"/>
    <EventID>1</EventID>
    <Version>5</Version>
    <Level>4</Level>
    <Task>1</Task>
    <Opcode>0</Opcode>
    <Keywords>0x8000000000000000</Keywords>
    <TimeCreated SystemTime="2024-03-18T12:18:26.8378713Z"/>
    <EventRecordID>739689</EventRecordID>
    <Correlation/>
    <Execution ProcessID="2440" ThreadID="1040"/>
    <Channel>Microsoft-Windows-Sysmon/Operational</Channel>
    <Computer>WS-PPATEL-01.meridianhcs.local</Computer>
    <Security UserID="S-1-5-18"/>
  </System>
  <EventData>
    
    <Data Name="RuleName">-</Data>
    <Data Name="UtcTime">2024-03-18 12:18:26.837</Data>
    <Data Name="ProcessGuid">{398565f9-3112-65f8-c800-00103458c2ae}</Data>
    <Data Name="ProcessId">6076</Data>
    <Data Name="Image">C:\Windows\explorer.exe</Data>
    <Data Name="FileVersion">10.0.22621.1</Data>
    <Data Name="Description">Windows Explorer</Data>
    <Data Name="Product">Microsoft Windows Operating System</Data>
    <Data Name="Company">Microsoft Corporation</Data>
    <Data Name="OriginalFileName">EXPLORER.EXE</Data>
    <Data Name="CommandLine">explorer.exe</Data>
    <Data Name="CurrentDirectory">C:\Windows\</Data>
    <Data Name="User">MERIDIANHCS\priya.patel</Data>
    <Data Name="LogonGuid">{00000000-0000-0000-0000-000000000000}</Data>
    <Data Name="LogonId">0xd8d7b28</Data>
    <Data Name="TerminalSessionId">2</Data>
    <Data Name="IntegrityLevel">Medium</Data>
    <Data Name="Hashes">SHA1=3922E3757754CF8848DAFCB0E35BD21FC056C472,MD5=F01FD4C9C159B0E18F9FE7FA4FDC181A,SHA256=8C469B1EB65ED2CFD03B604DDEF39743BB03724423FB1FD944E29D590B369B3B,IMPHASH=A863B5AAD4A2056679EBC19C74B829AE</Data>
    <Data Name="ParentProcessGuid">{398565f9-3112-65f8-0500-000080e2e7f2}</Data>
    <Data Name="ParentProcessId">6068</Data>
    <Data Name="ParentImage">C:\Windows\System32\userinit.exe</Data>
    <Data Name="ParentCommandLine">userinit.exe</Data>
    <Data Name="ParentUser">MERIDIANHCS\priya.patel</Data>
    
  </EventData>
</Event>
<Event xmlns="http://schemas.microsoft.com/win/2004/08/events/event">
  <System>
    <Provider Name="Microsoft-Windows-Sysmon" Guid="{5770385f-c22a-43e0-bf4c-06f5698ffbd9}"/>
    <EventID>5</EventID>
    <Version>3</Version>
    <Level>4</Level>
    <Task>5</Task>
    <Opcode>0</Opcode>
    <Keywords>0x8000000000000000</Keywords>
    <TimeCreated SystemTime="2024-03-18T12:18:27.2015784Z"/>
    <EventRecordID>739690</EventRecordID>
    <Correlation/>
    <Execution ProcessID="2440" ThreadID="4896"/>
    <Channel>Microsoft-Windows-Sysmon/Operational</Channel>
    <Computer>WS-PPATEL-01.meridianhcs.local</Computer>
    <Security UserID="S-1-5-18"/>
  </System>
  <EventData>
    
    <Data Name="RuleName">-</Data>
    <Data Name="UtcTime">2024-03-18 12:18:27.201</Data>
    <Data Name="ProcessGuid">{398565f9-3112-65f8-0500-000080e2e7f2}</Data>
    <Data Name="ProcessId">6068</Data>
    <Data Name="Image">C:\Windows\System32\userinit.exe</Data>
    <Data Name="User">MERIDIANHCS\priya.patel</Data>
    
  </EventData>
</Event>
<Event xmlns="http://schemas.microsoft.com/win/2004/08/events/event">
  <System>
    <Provider Name="Microsoft-Windows-Sysmon" Guid="{5770385f-c22a-43e0-bf4c-06f5698ffbd9}"/>
    <EventID>1</EventID>
    <Version>5</Version>
    <Level>4</Level>
    <Task>1</Task>
    <Opcode>0</Opcode>
    <Keywords>0x8000000000000000</Keywords>
    <TimeCreated SystemTime="2024-03-18T12:18:27.7061226Z"/>
    <EventRecordID>739691</EventRecordID>
    <Correlation/>
    <Execution ProcessID="2440" ThreadID="4896"/>
    <Channel>Microsoft-Windows-Sysmon/Operational</Channel>
    <Computer>WS-PPATEL-01.meridianhcs.local</Computer>
    <Security UserID="S-1-5-18"/>
  </System>
  <EventData>
    
    <Data Name="RuleName">-</Data>
    <Data Name="UtcTime">2024-03-18 12:18:27.706</Data>
    <Data Name="ProcessGuid">{398565f9-3113-65f8-4e00-001070c7a9ec}</Data>
    <Data Name="ProcessId">6088</Data>
    <Data Name="Image">C:\Program Files\Microsoft Office\root\Office16\OUTLOOK.EXE</Data>
    <Data Name="FileVersion">16.0.17628.20006</Data>
    <Data Name="Description">Microsoft Outlook</Data>
    <Data Name="Product">Microsoft Office</Data>
    <Data Name="Company">Microsoft Corporation</Data>
    <Data Name="OriginalFileName">OUTLOOK.EXE</Data>
    <Data Name="CommandLine">"C:\Program Files\Microsoft Office\root\Office16\OUTLOOK.EXE" /recycle</Data>
    <Data Name="CurrentDirectory">C:\Users\priya.patel\</Data>
    <Data Name="User">MERIDIANHCS\priya.patel</Data>
    <Data Name="LogonGuid">{00000000-0000-0000-0000-000000000000}</Data>
    <Data Name="LogonId">0xd8d7b28</Data>
    <Data Name="TerminalSessionId">2</Data>
    <Data Name="IntegrityLevel">Medium</Data>
    <Data Name="Hashes">SHA1=00553B41FF2C633CDDCC70DC6A89DE4549199D21,MD5=B89F7BBAB029745FB9584FD036A59174,SHA256=87C0B5BE68710F6A918925753EEA06D480A50E9082C36456F8D15DF00C45BA6A,IMPHASH=EDD021C2475DBC2F7A7B985B732DFB97</Data>
    <Data Name="ParentProcessGuid">{398565f9-3112-65f8-c800-00103458c2ae}</Data>
    <Data Name="ParentProcessId">6076</Data>
    <Data Name="ParentImage">C:\Windows\explorer.exe</Data>
    <Data Name="ParentCommandLine">explorer.exe</Data>
    <Data Name="ParentUser">MERIDIANHCS\priya.patel</Data>
    
  </EventData>
</Event>
<Event xmlns="http://schemas.microsoft.com/win/2004/08/events/event">
  <System>
    <Provider Name="Microsoft-Windows-Sysmon" Guid="{5770385f-c22a-43e0-bf4c-06f5698ffbd9}"/>
    <EventID>7</EventID>
    <Version>3</Version>
    <Level>4</Level>
    <Task>7</Task>
    <Opcode>0</Opcode>
    <Keywords>0x8000000000000000</Keywords>
    <TimeCreated SystemTime="2024-03-18T12:18:27.7070170Z"/>
    <EventRecordID>739692</EventRecordID>
    <Correlation/>
    <Execution ProcessID="2440" ThreadID="4896"/>
    <Channel>Microsoft-Windows-Sysmon/Operational</Channel>
    <Computer>WS-PPATEL-01.meridianhcs.local</Computer>
    <Security UserID="S-1-5-18"/>
  </System>
  <EventData>
    
    <Data Name="RuleName">-</Data>
    <Data Name="UtcTime">2024-03-18 12:18:27.707</Data>
    <Data Name="ProcessGuid">{398565f9-3113-65f8-4e00-001070c7a9ec}</Data>
    <Data Name="ProcessId">6088</Data>
    <Data Name="Image">C:\Program Files\Microsoft Office\root\Office16\OUTLOOK.EXE</Data>
    <Data Name="ImageLoaded">C:\Program Files\Microsoft Office\root\Office16\OLMAPI32.DLL</Data>
    <Data Name="FileVersion">16.0.17628.20006</Data>
    <Data Name="Description">olmapi32.dll module</Data>
    <Data Name="Product">Microsoft Office</Data>
    <Data Name="Company">Microsoft Corporation</Data>
    <Data Name="OriginalFileName">olmapi32.dll</Data>
    <Data Name="Hashes">SHA1=6A40D0A6AEC5C258BE503074F28F34E64D699E0B,MD5=B6DE00791371F5A34F8343C689AE3C31,SHA256=0AE0FADF1766CA37500C6998CB02EA2192473B8C806EF2E4DC9DEB7A49444686,IMPHASH=D356903B06A6F5435B42D26A2D11CABA</Data>
    <Data Name="Signed">true</Data>
    <Data Name="Signature">Microsoft Corporation</Data>
    <Data Name="SignatureStatus">Valid</Data>
    <Data Name="User">MERIDIANHCS\priya.patel</Data>
    
  </EventData>
</Event>
<Event xmlns="http://schemas.microsoft.com/win/2004/08/events/event">
  <System>
    <Provider Name="Microsoft-Windows-Sysmon" Guid="{5770385f-c22a-43e0-bf4c-06f5698ffbd9}"/>
    <EventID>7</EventID>
    <Version>3</Version>
    <Level>4</Level>
    <Task>7</Task>
    <Opcode>0</Opcode>
    <Keywords>0x8000000000000000</Keywords>
    <TimeCreated SystemTime="2024-03-18T12:18:27.7073568Z"/>
    <EventRecordID>739693</EventRecordID>
    <Correlation/>
    <Execution ProcessID="2440" ThreadID="2612"/>
    <Channel>Microsoft-Windows-Sysmon/Operational</Channel>
    <Computer>WS-PPATEL-01.meridianhcs.local</Computer>
    <Security UserID="S-1-5-18"/>
  </System>
  <EventData>
    
    <Data Name="RuleName">-</Data>
    <Data Name="UtcTime">2024-03-18 12:18:27.707</Data>
    <Data Name="ProcessGuid">{398565f9-3113-65f8-4e00-001070c7a9ec}</Data>
    <Data Name="ProcessId">6088</Data>
    <Data Name="Image">C:\Program Files\Microsoft Office\root\Office16\OUTLOOK.EXE</Data>
    <Data Name="ImageLoaded">C:\Program Files\Microsoft Office\root\Office16\mso.dll</Data>
    <Data Name="FileVersion">16.0.17628.20006</Data>
    <Data Name="Description">mso.dll module</Data>
    <Data Name="Product">Microsoft Office</Data>
    <Data Name="Company">Microsoft Corporation</Data>
    <Data Name="OriginalFileName">mso.dll</Data>
    <Data Name="Hashes">SHA1=5145DA7A68EBB536DBC800527E3C72C92A0431FF,MD5=F8412A282D3B177395141379D7683EC3,SHA256=062ADB0CE74BDF3E423A202AE2E3AFFFCB53DA36FED56407F0DCEF514F662529,IMPHASH=73D94C6CAFE443A5229CBB8C6C01BE54</Data>
    <Data Name="Signed">true</Data>
    <Data Name="Signature">Microsoft Corporation</Data>
    <Data Name="SignatureStatus">Valid</Data>
    <Data Name="User">MERIDIANHCS\priya.patel</Data>
    
  </EventData>
</Event>
<Event xmlns="http://schemas.microsoft.com/win/2004/08/events/event">
  <System>
    <Provider Name="Microsoft-Windows-Sysmon" Guid="{5770385f-c22a-43e0-bf4c-06f5698ffbd9}"/>
    <EventID>13</EventID>
    <Version>2</Version>
    <Level>4</Level>
    <Task>13</Task>
    <Opcode>0</Opcode>
    <Keywords>0x8000000000000000</Keywords>
    <TimeCreated SystemTime="2024-03-18T12:18:27.7075857Z"/>
    <EventRecordID>739694</EventRecordID>
    <Correlation/>
    <Execution ProcessID="2440" ThreadID="2612"/>
    <Channel>Microsoft-Windows-Sysmon/Operational</Channel>
    <Computer>WS-PPATEL-01.meridianhcs.local</Computer>
    <Security UserID="S-1-5-18"/>
  </System>
  <EventData>
    
    <Data Name="RuleName">-</Data>
    <Data Name="EventType">SetValue</Data>
    <Data Name="UtcTime">2024-03-18 12:18:27.707</Data>
    <Data Name="ProcessGuid">{398565f9-3113-65f8-4e00-001070c7a9ec}</Data>
    <Data Name="ProcessId">6088</Data>
    <Data Name="Image">C:\Program Files\Microsoft Office\root\Office16\OUTLOOK.EXE</Data>
    <Data Name="TargetObject">HKU\S-1-5-21-1537687973-2974994828-3875246326-1004\Software\Microsoft\Office\16.0\Common\General\ShownFirstRunOptin</Data>
    <Data Name="Details">DWORD (0x00000001)</Data>
    <Data Name="User">MERIDIANHCS\priya.patel</Data>
    
  </EventData>
</Event>
<Event xmlns="http://schemas.microsoft.com/win/2004/08/events/event">
  <System>
    <Provider Name="Microsoft-Windows-Sysmon" Guid="{5770385f-c22a-43e0-bf4c-06f5698ffbd9}"/>
    <EventID>13</EventID>
    <Version>2</Version>
    <Level>4</Level>
    <Task>13</Task>
    <Opcode>0</Opcode>
    <Keywords>0x8000000000000000</Keywords>
    <TimeCreated SystemTime="2024-03-18T12:18:27.7077107Z"/>
    <EventRecordID>739695</EventRecordID>
    <Correlation/>
    <Execution ProcessID="2440" ThreadID="2612"/>
    <Channel>Microsoft-Windows-Sysmon/Operational</Channel>
    <Computer>WS-PPATEL-01.meridianhcs.local</Computer>
    <Security UserID="S-1-5-18"/>
  </System>
  <EventData>
    
    <Data Name="RuleName">-</Data>
    <Data Name="EventType">SetValue</Data>
    <Data Name="UtcTime">2024-03-18 12:18:27.707</Data>
    <Data Name="ProcessGuid">{398565f9-3113-65f8-4e00-001070c7a9ec}</Data>
    <Data Name="ProcessId">6088</Data>
    <Data Name="Image">C:\Program Files\Microsoft Office\root\Office16\OUTLOOK.EXE</Data>
    <Data Name="TargetObject">HKU\S-1-5-21-1537687973-2974994828-3875246326-1004\Software\Microsoft\Windows\CurrentVersion\Search\SearchboxTaskbarMode</Data>
    <Data Name="Details">DWORD (0x00000002)</Data>
    <Data Name="User">MERIDIANHCS\priya.patel</Data>
    
  </EventData>
</Event>
<Event xmlns="http://schemas.microsoft.com/win/2004/08/events/event">
  <System>
    <Provider Name="Microsoft-Windows-Sysmon" Guid="{5770385f-c22a-43e0-bf4c-06f5698ffbd9}"/>
    <EventID>1</EventID>
    <Version>5</Version>
    <Level>4</Level>
    <Task>1</Task>
    <Opcode>0</Opcode>
    <Keywords>0x8000000000000000</Keywords>
    <TimeCreated SystemTime="2024-03-18T12:19:20.1418127Z"/>
    <EventRecordID>739697</EventRecordID>
    <Correlation/>
    <Execution ProcessID="2440" ThreadID="1040"/>
    <Channel>Microsoft-Windows-Sysmon/Operational</Channel>
    <Computer>WS-PPATEL-01.meridianhcs.local</Computer>
    <Security UserID="S-1-5-18"/>
  </System>
  <EventData>
    
    <Data Name="RuleName">-</Data>
    <Data Name="UtcTime">2024-03-18 12:19:20.141</Data>
    <Data Name="ProcessGuid">{398565f9-3148-65f8-eb02-0010e5fc38a0}</Data>
    <Data Name="ProcessId">6020</Data>
    <Data Name="Image">C:\Windows\System32\svchost.exe</Data>
    <Data Name="FileVersion">10.0.22621.1</Data>
    <Data Name="Description">Host Process for Windows Services</Data>
    <Data Name="Product">Microsoft Windows Operating System</Data>
    <Data Name="Company">Microsoft Corporation</Data>
    <Data Name="OriginalFileName">svchost.exe</Data>
    <Data Name="CommandLine">svchost.exe -k netsvcs -p -s CryptSvc</Data>
    <Data Name="CurrentDirectory">C:\Windows\System32\</Data>
    <Data Name="User">NT AUTHORITY\SYSTEM</Data>
    <Data Name="LogonGuid">{00000000-0000-0000-0000-000000000000}</Data>
    <Data Name="LogonId">0x3e7</Data>
    <Data Name="TerminalSessionId">0</Data>
    <Data Name="IntegrityLevel">System</Data>
    <Data Name="Hashes">SHA1=368D2441944693B0CBA629E5ADBC34A8407C40C3,MD5=8CF7DD20664F50F77B71A622747C3D66,SHA256=139556DF0A11AAA4D60AE41B55524114829D5C419E8E043A1F46FC360C93693A,IMPHASH=FC6BB923636A32BB4D62A5991B95FB0D</Data>
    <Data Name="ParentProcessGuid">{398565f9-2043-65df-f902-0000c413d836}</Data>
    <Data Name="ParentProcessId">5032</Data>
    <Data Name="ParentImage">C:\Windows\System32\services.exe</Data>
    <Data Name="ParentCommandLine">services.exe</Data>
    <Data Name="ParentUser">NT AUTHORITY\SYSTEM</Data>
    
  </EventData>
</Event>
<Event xmlns="http://schemas.microsoft.com/win/2004/08/events/event">
  <System>
    <Provider Name="Microsoft-Windows-Sysmon" Guid="{5770385f-c22a-43e0-bf4c-06f5698ffbd9}"/>
    <EventID>10</EventID>
    <Version>3</Version>
    <Level>4</Level>
    <Task>10</Task>
    <Opcode>0</Opcode>
    <Keywords>0x8000000000000000</Keywords>
    <TimeCreated SystemTime="2024-03-18T12:22:16.7238613Z"/>
    <EventRecordID>739704</EventRecordID>
    <Correlation/>
    <Execution ProcessID="2440" ThreadID="4896"/>
    <Channel>Microsoft-Windows-Sysmon/Operational</Channel>
    <Computer>WS-PPATEL-01.meridianhcs.local</Computer>
    <Security UserID="S-1-5-18"/>
  </System>
  <EventData>
    
    <Data Name="RuleName">-</Data>
    <Data Name="UtcTime">2024-03-18 12:22:16.723</Data>
    <Data Name="SourceProcessGUID">{398565f9-2058-65df-4d00-001021da35f1}</Data>
    <Data Name="SourceProcessId">5260</Data>
    <Data Name="SourceThreadId">11560</Data>
    <Data Name="SourceImage">C:\ProgramData\Microsoft\Windows Defender\Platform\4.18.24010.12-0\MpCmdRun.exe</Data>
    <Data Name="TargetProcessGUID">{398565f9-2052-65df-5d00-000026e7c1fb}</Data>
    <Data Name="TargetProcessId">5200</Data>
    <Data Name="TargetImage">C:\ProgramData\Microsoft\Windows Defender\Platform\4.18.24010.12-0\MsMpEng.exe</Data>
    <Data Name="GrantedAccess">0x0410</Data>
    <Data Name="CallTrace">C:\Windows\SYSTEM32\ntdll.dll+9E84F|C:\Windows\SYSTEM32\KERNELBASE.dll+2D123|C:\Windows\SYSTEM32\advapi32.dll+4A462</Data>
    <Data Name="SourceUser">NT AUTHORITY\SYSTEM</Data>
    <Data Name="TargetUser">NT AUTHORITY\SYSTEM</Data>
    
  </EventData>
</Event>
<Event xmlns="http://schemas.microsoft.com/win/2004/08/events/event">
  <System>
    <Provider Name="Microsoft-Windows-Sysmon" Guid="{5770385f-c22a-43e0-bf4c-06f5698ffbd9}"/>
    <EventID>13</EventID>
    <Version>2</Version>
    <Level>4</Level>
    <Task>13</Task>
    <Opcode>0</Opcode>
    <Keywords>0x8000000000000000</Keywords>
    <TimeCreated SystemTime="2024-03-18T12:24:24.4979858Z"/>
    <EventRecordID>739710</EventRecordID>
    <Correlation/>
    <Execution ProcessID="2440" ThreadID="2612"/>
    <Channel>Microsoft-Windows-Sysmon/Operational</Channel>
    <Computer>WS-PPATEL-01.meridianhcs.local</Computer>
    <Security UserID="S-1-5-18"/>
  </System>
  <EventData>
    
    <Data Name="RuleName">-</Data>
    <Data Name="EventType">SetValue</Data>
    <Data Name="UtcTime">2024-03-18 12:24:24.497</Data>
    <Data Name="ProcessGuid">{398565f9-205f-65df-8b02-00106217d31e}</Data>
    <Data Name="ProcessId">5348</Data>
    <Data Name="Image">C:\Windows\explorer.exe</Data>
    <Data Name="TargetObject">HKU\S-1-5-21-1537687973-2974994828-3875246326-1004\Software\Microsoft\Windows\CurrentVersion\Explorer\UserAssist\{CEBFF5CD-ACE2-4F4F-9178-9926F41749EA}\Count\HRZR_EHACNGU:P:\Jvaqbjf\Flfgrz32\zfgfp.rkr</Data>
    <Data Name="Details">BE E4 66 FC 41 37 57 2F 78 39 8B 2C 09 79 81 D3 2A 74 CC 1D 7A 2F 4B 94 4F 0E 8B 2D A0 4B CF 7A 07 72 08 90 C6 97 F1 EF</Data>
    <Data Name="User">MERIDIANHCS\priya.patel</Data>
    
  </EventData>
</Event>
<Event xmlns="http://schemas.microsoft.com/win/2004/08/events/event">
  <System>
    <Provider Name="Microsoft-Windows-Sysmon" Guid="{5770385f-c22a-43e0-bf4c-06f5698ffbd9}"/>
    <EventID>22</EventID>
    <Version>5</Version>
    <Level>4</Level>
    <Task>22</Task>
    <Opcode>0</Opcode>
    <Keywords>0x8000000000000000</Keywords>
    <TimeCreated SystemTime="2024-03-18T12:24:53.5937172Z"/>
    <EventRecordID>739711</EventRecordID>
    <Correlation/>
    <Execution ProcessID="2440" ThreadID="2612"/>
    <Channel>Microsoft-Windows-Sysmon/Operational</Channel>
    <Computer>WS-PPATEL-01.meridianhcs.local</Computer>
    <Security UserID="S-1-5-18"/>
  </System>
  <EventData>
    
    <Data Name="RuleName">-</Data>
    <Data Name="UtcTime">2024-03-18 12:24:53.593</Data>
    <Data Name="ProcessGuid">{398565f9-2040-65df-a800-00108740f0e0}</Data>
    <Data Name="ProcessId">4</Data>
    <Data Name="QueryName">DC-01.meridianhcs.local</Data>
    <Data Name="QueryStatus">0</Data>
    <Data Name="QueryResults">10.10.2.10;</Data>
    <Data Name="Image">System</Data>
    <Data Name="User">NT AUTHORITY\SYSTEM</Data>
    
  </EventData>
</Event>
<Event xmlns="http://schemas.microsoft.com/win/2004/08/events/event">
  <System>
    <Provider Name="Microsoft-Windows-Sysmon" Guid="{5770385f-c22a-43e0-bf4c-06f5698ffbd9}"/>
    <EventID>1</EventID>
    <Version>5</Version>
    <Level>4</Level>
    <Task>1</Task>
    <Opcode>0</Opcode>
    <Keywords>0x8000000000000000</Keywords>
    <TimeCreated SystemTime="2024-03-18T12:29:16.1149635Z"/>
    <EventRecordID>739718</EventRecordID>
    <Correlation/>
    <Execution ProcessID="2440" ThreadID="1040"/>
    <Channel>Microsoft-Windows-Sysmon/Operational</Channel>
    <Computer>WS-PPATEL-01.meridianhcs.local</Computer>
    <Security UserID="S-1-5-18"/>
  </System>
  <EventData>
    
    <Data Name="RuleName">-</Data>
    <Data Name="UtcTime">2024-03-18 12:29:16.114</Data>
    <Data Name="ProcessGuid">{398565f9-339c-65f8-9b00-00108650cdf4}</Data>
    <Data Name="ProcessId">6024</Data>
    <Data Name="Image">C:\Windows\WinSxS\amd64_microsoft-windows-servicingstack_31bf3856ad364e35_10.0.22621.3155_none_7c91d6e7c9f7f1f5\TiWorker.exe</Data>
    <Data Name="FileVersion">10.0.22621.3155</Data>
    <Data Name="Description">Windows Module Installer Worker</Data>
    <Data Name="Product">Microsoft Windows Operating System</Data>
    <Data Name="Company">Microsoft Corporation</Data>
    <Data Name="OriginalFileName">TiWorker.exe</Data>
    <Data Name="CommandLine">TiWorker.exe -Embedding</Data>
    <Data Name="CurrentDirectory">C:\Windows\System32\</Data>
    <Data Name="User">NT AUTHORITY\SYSTEM</Data>
    <Data Name="LogonGuid">{00000000-0000-0000-0000-000000000000}</Data>
    <Data Name="LogonId">0x3e7</Data>
    <Data Name="TerminalSessionId">0</Data>
    <Data Name="IntegrityLevel">System</Data>
    <Data Name="Hashes">SHA1=35DAC578E7264F00085E9C3B3ACB7B6820206892,MD5=211CBEC63CF8FE393D2788F87D53B5BA,SHA256=7F187497C5E0C4605A6837541EBD7F988831DF0D0D45728015A204764110C0DE,IMPHASH=8D7D747B53EA6FAD2E589282D780A2F4</Data>
    <Data Name="ParentProcessGuid">{398565f9-2048-65df-5600-00105d50de3b}</Data>
    <Data Name="ParentProcessId">5064</Data>
    <Data Name="ParentImage">C:\Windows\System32\svchost.exe</Data>
    <Data Name="ParentCommandLine">svchost.exe -k netsvcs</Data>
    <Data Name="ParentUser">NT AUTHORITY\NETWORK SERVICE</Data>
    
  </EventData>
</Event>
