<Event xmlns="http://schemas.microsoft.com/win/2004/08/events/event">
  <System>
    <Provider Name="Microsoft-Windows-Sysmon" Guid="{5770385f-c22a-43e0-bf4c-06f5698ffbd9}"/>
    <EventID>3</EventID>
    <Version>5</Version>
    <Level>4</Level>
    <Task>3</Task>
    <Opcode>0</Opcode>
    <Keywords>0x8000000000000000</Keywords>
    <TimeCreated SystemTime="2024-03-18T15:29:03.1984252Z"/>
    <EventRecordID>740091</EventRecordID>
    <Correlation/>
    <Execution ProcessID="2440" ThreadID="4416"/>
    <Channel>Microsoft-Windows-Sysmon/Operational</Channel>
    <Computer>WS-PPATEL-01.meridianhcs.local</Computer>
    <Security UserID="S-1-5-18"/>
  </System>
  <EventData>
    
    <Data Name="RuleName">-</Data>
    <Data Name="UtcTime">2024-03-18 15:29:03.198</Data>
    <Data Name="ProcessGuid">{398565f9-2044-65df-1402-000095f69efa}</Data>
    <Data Name="ProcessId">5044</Data>
    <Data Name="Image">C:\Windows\System32\lsass.exe</Data>
    <Data Name="User">NT AUTHORITY\SYSTEM</Data>
    <Data Name="Protocol">tcp</Data>
    <Data Name="Initiated">true</Data>
    <Data Name="SourceIsIpv6">false</Data>
    <Data Name="SourceIp">10.10.1.32</Data>
    <Data Name="SourceHostname">WS-PPATEL-01.meridianhcs.local</Data>
    <Data Name="SourcePort">57331</Data>
    <Data Name="SourcePortName">-</Data>
    <Data Name="DestinationIsIpv6">false</Data>
    <Data Name="DestinationIp">10.10.2.10</Data>
    <Data Name="DestinationHostname">DC-01.meridianhcs.local</Data>
    <Data Name="DestinationPort">389</Data>
    <Data Name="DestinationPortName">ldap</Data>
    
  </EventData>
</Event>
<Event xmlns="http://schemas.microsoft.com/win/2004/08/events/event">
  <System>
    <Provider Name="Microsoft-Windows-Sysmon" Guid="{5770385f-c22a-43e0-bf4c-06f5698ffbd9}"/>
    <EventID>1</EventID>
    <Version>5</Version>
    <Level>4</Level>
    <Task>1</Task>
    <Opcode>0</Opcode>
    <Keywords>0x8000000000000000</Keywords>
    <TimeCreated SystemTime="2024-03-18T15:29:24.4950967Z"/>
    <EventRecordID>740092</EventRecordID>
    <Correlation/>
    <Execution ProcessID="2440" ThreadID="4416"/>
    <Channel>Microsoft-Windows-Sysmon/Operational</Channel>
    <Computer>WS-PPATEL-01.meridianhcs.local</Computer>
    <Security UserID="S-1-5-18"/>
  </System>
  <EventData>
    
    <Data Name="RuleName">-</Data>
    <Data Name="UtcTime">2024-03-18 15:29:24.495</Data>
    <Data Name="ProcessGuid">{398565f9-5dd4-65f8-2a00-00101289e5a4}</Data>
    <Data Name="ProcessId">6496</Data>
    <Data Name="Image">C:\Windows\System32\dllhost.exe</Data>
    <Data Name="FileVersion">10.0.22621.1</Data>
    <Data Name="Description">COM Surrogate</Data>
    <Data Name="Product">Microsoft Windows Operating System</Data>
    <Data Name="Company">Microsoft Corporation</Data>
    <Data Name="OriginalFileName">dllhost.exe</Data>
    <Data Name="CommandLine">dllhost.exe /Processid:{73E709EA-5D93-4B2E-BBB0-99B7938DA9E4}</Data>
    <Data Name="CurrentDirectory">C:\Windows\System32\</Data>
    <Data Name="User">NT AUTHORITY\SYSTEM</Data>
    <Data Name="LogonGuid">{00000000-0000-0000-0000-000000000000}</Data>
    <Data Name="LogonId">0x3e7</Data>
    <Data Name="TerminalSessionId">0</Data>
    <Data Name="IntegrityLevel">System</Data>
    <Data Name="Hashes">SHA1=B50E716E3959BD7D9EFCF885BBAF84F837EFDAD2,MD5=5E659C310A9E39CB882747D6F904A7AB,SHA256=6DA7E097C9C5FA197672678842CCA84B053B93571838CBBD620386EF3F6878F4,IMPHASH=7A9666B001C1F3337ACF7F3BEFF4373E</Data>
    <Data Name="ParentProcessGuid">{398565f9-2044-65df-cb00-0010b14784aa}</Data>
    <Data Name="ParentProcessId">5048</Data>
    <Data Name="ParentImage">C:\Windows\System32\svchost.exe</Data>
    <Data Name="ParentCommandLine">svchost.exe -k DcomLaunch</Data>
    <Data Name="ParentUser">NT AUTHORITY\SYSTEM</Data>
    
  </EventData>
</Event>
<Event xmlns="http://schemas.microsoft.com/win/2004/08/events/event">
  <System>
    <Provider Name="Microsoft-Windows-Sysmon" Guid="{5770385f-c22a-43e0-bf4c-06f5698ffbd9}"/>
    <EventID>5</EventID>
    <Version>3</Version>
    <Level>4</Level>
    <Task>5</Task>
    <Opcode>0</Opcode>
    <Keywords>0x8000000000000000</Keywords>
    <TimeCreated SystemTime="2024-03-18T15:29:35.4725023Z"/>
    <EventRecordID>740094</EventRecordID>
    <Correlation/>
    <Execution ProcessID="2440" ThreadID="4416"/>
    <Channel>Microsoft-Windows-Sysmon/Operational</Channel>
    <Computer>WS-PPATEL-01.meridianhcs.local</Computer>
    <Security UserID="S-1-5-18"/>
  </System>
  <EventData>
    
    <Data Name="RuleName">-</Data>
    <Data Name="UtcTime">2024-03-18 15:29:35.472</Data>
    <Data Name="ProcessGuid">{398565f9-5dd4-65f8-2a00-00101289e5a4}</Data>
    <Data Name="ProcessId">6496</Data>
    <Data Name="Image">C:\Windows\System32\dllhost.exe</Data>
    <Data Name="User">NT AUTHORITY\SYSTEM</Data>
    
  </EventData>
</Event>
<Event xmlns="http://schemas.microsoft.com/win/2004/08/events/event">
  <System>
    <Provider Name="Microsoft-Windows-Sysmon" Guid="{5770385f-c22a-43e0-bf4c-06f5698ffbd9}"/>
    <EventID>5</EventID>
    <Version>3</Version>
    <Level>4</Level>
    <Task>5</Task>
    <Opcode>0</Opcode>
    <Keywords>0x8000000000000000</Keywords>
    <TimeCreated SystemTime="2024-03-18T15:30:47.0099058Z"/>
    <EventRecordID>740096</EventRecordID>
    <Correlation/>
    <Execution ProcessID="2440" ThreadID="1040"/>
    <Channel>Microsoft-Windows-Sysmon/Operational</Channel>
    <Computer>WS-PPATEL-01.meridianhcs.local</Computer>
    <Security UserID="S-1-5-18"/>
  </System>
  <EventData>
    
    <Data Name="RuleName">-</Data>
    <Data Name="UtcTime">2024-03-18 15:30:47.009</Data>
    <Data Name="ProcessGuid">{398565f9-3909-65f8-e700-001028b1c82a}</Data>
    <Data Name="ProcessId">5876</Data>
    <Data Name="Image">C:\Program Files (x86)\Google\Update\GoogleUpdater.exe</Data>
    <Data Name="User">NT AUTHORITY\SYSTEM</Data>
    
  </EventData>
</Event>
<Event xmlns="http://schemas.microsoft.com/win/2004/08/events/event">
  <System>
    <Provider Name="Microsoft-Windows-Sysmon" Guid="{5770385f-c22a-43e0-bf4c-06f5698ffbd9}"/>
    <EventID>13</EventID>
    <Version>2</Version>
    <Level>4</Level>
    <Task>13</Task>
    <Opcode>0</Opcode>
    <Keywords>0x8000000000000000</Keywords>
    <TimeCreated SystemTime="2024-03-18T15:31:15.0450435Z"/>
    <EventRecordID>740097</EventRecordID>
    <Correlation/>
    <Execution ProcessID="2440" ThreadID="4416"/>
    <Channel>Microsoft-Windows-Sysmon/Operational</Channel>
    <Computer>WS-PPATEL-01.meridianhcs.local</Computer>
    <Security UserID="S-1-5-18"/>
  </System>
  <EventData>
    
    <Data Name="RuleName">-</Data>
    <Data Name="EventType">SetValue</Data>
    <Data Name="UtcTime">2024-03-18 15:31:15.045</Data>
    <Data Name="ProcessGuid">{398565f9-2060-65df-d800-00101df51c9f}</Data>
    <Data Name="ProcessId">5352</Data>
    <Data Name="Image">C:\Windows\System32\RuntimeBroker.exe</Data>
    <Data Name="TargetObject">HKU\S-1-5-21-1537687973-2974994828-3875246326-1004\Software\Microsoft\Windows\CurrentVersion\Themes\Personalize\AppsUseLightTheme</Data>
    <Data Name="Details">DWORD (0x00000001)</Data>
    <Data Name="User">MERIDIANHCS\priya.patel</Data>
    
  </EventData>
</Event>
<Event xmlns="http://schemas.microsoft.com/win/2004/08/events/event">
  <System>
    <Provider Name="Microsoft-Windows-Sysmon" Guid="{5770385f-c22a-43e0-bf4c-06f5698ffbd9}"/>
    <EventID>22</EventID>
    <Version>5</Version>
    <Level>4</Level>
    <Task>22</Task>
    <Opcode>0</Opcode>
    <Keywords>0x8000000000000000</Keywords>
    <TimeCreated SystemTime="2024-03-18T15:31:24.3828907Z"/>
    <EventRecordID>740098</EventRecordID>
    <Correlation/>
    <Execution ProcessID="2440" ThreadID="4896"/>
    <Channel>Microsoft-Windows-Sysmon/Operational</Channel>
    <Computer>WS-PPATEL-01.meridianhcs.local</Computer>
    <Security UserID="S-1-5-18"/>
  </System>
  <EventData>
    
    <Data Name="RuleName">-</Data>
    <Data Name="UtcTime">2024-03-18 15:31:24.382</Data>
    <Data Name="ProcessGuid">{398565f9-2044-65df-1402-000095f69efa}</Data>
    <Data Name="ProcessId">5044</Data>
    <Data Name="QueryName">DC-01.meridianhcs.local</Data>
    <Data Name="QueryStatus">0</Data>
    <Data Name="QueryResults">10.10.2.10;</Data>
    <Data Name="Image">C:\Windows\System32\lsass.exe</Data>
    <Data Name="User">NT AUTHORITY\SYSTEM</Data>
    
  </EventData>
</Event>
<Event xmlns="http://schemas.microsoft.com/win/2004/08/events/event">
  <System>
    <Provider Name="Microsoft-Windows-Sysmon" Guid="{5770385f-c22a-43e0-bf4c-06f5698ffbd9}"/>
    <EventID>5</EventID>
    <Version>3</Version>
    <Level>4</Level>
    <Task>5</Task>
    <Opcode>0</Opcode>
    <Keywords>0x8000000000000000</Keywords>
    <TimeCreated SystemTime="2024-03-18T15:37:30.6733581Z"/>
    <EventRecordID>740115</EventRecordID>
    <Correlation/>
    <Execution ProcessID="2440" ThreadID="1040"/>
    <Channel>Microsoft-Windows-Sysmon/Operational</Channel>
    <Computer>WS-PPATEL-01.meridianhcs.local</Computer>
    <Security UserID="S-1-5-18"/>
  </System>
  <EventData>
    
    <Data Name="RuleName">-</Data>
    <Data Name="UtcTime">2024-03-18 15:37:30.673</Data>
    <Data Name="ProcessGuid">{398565f9-594e-65f8-ac00-00003bd13bb6}</Data>
    <Data Name="ProcessId">6684</Data>
    <Data Name="Image">C:\Windows\System32\OpenSSH\ssh.exe</Data>
    <Data Name="User">MERIDIANHCS\priya.patel</Data>
    
  </EventData>
</Event>
<Event xmlns="http://schemas.microsoft.com/win/2004/08/events/event">
  <System>
    <Provider Name="Microsoft-Windows-Sysmon" Guid="{5770385f-c22a-43e0-bf4c-06f5698ffbd9}"/>
    <EventID>1</EventID>
    <Version>5</Version>
    <Level>4</Level>
    <Task>1</Task>
    <Opcode>0</Opcode>
    <Keywords>0x8000000000000000</Keywords>
    <TimeCreated SystemTime="2024-03-18T15:37:56.9093258Z"/>
    <EventRecordID>740116</EventRecordID>
    <Correlation/>
    <Execution ProcessID="2440" ThreadID="4416"/>
    <Channel>Microsoft-Windows-Sysmon/Operational</Channel>
    <Computer>WS-PPATEL-01.meridianhcs.local</Computer>
    <Security UserID="S-1-5-18"/>
  </System>
  <EventData>
    
    <Data Name="RuleName">-</Data>
    <Data Name="UtcTime">2024-03-18 15:37:56.909</Data>
    <Data Name="ProcessGuid">{398565f9-5fd4-65f8-5702-001004a05fb3}</Data>
    <Data Name="ProcessId">6508</Data>
    <Data Name="Image">C:\Program Files (x86)\Google\Update\GoogleUpdater.exe</Data>
    <Data Name="FileVersion">-</Data>
    <Data Name="Description">-</Data>
    <Data Name="Product">-</Data>
    <Data Name="Company">-</Data>
    <Data Name="OriginalFileName">-</Data>
    <Data Name="CommandLine">GoogleUpdater.exe -Embedding</Data>
    <Data Name="CurrentDirectory">C:\Windows\System32\</Data>
    <Data Name="User">NT AUTHORITY\SYSTEM</Data>
    <Data Name="LogonGuid">{00000000-0000-0000-0000-000000000000}</Data>
    <Data Name="LogonId">0x3e7</Data>
    <Data Name="TerminalSessionId">0</Data>
    <Data Name="IntegrityLevel">System</Data>
    <Data Name="Hashes">SHA1=24AF88C7C0D70B182A7348C2DAF4F251A90A132E,MD5=2513FBBCCCB4592862E55F73BAAF7A59,SHA256=F616F8B514853E182CDEEC6D1CE4D81C08452FD3172CA216FA75E894DFF25663,IMPHASH=AAD04978F326086CD7E71FF70766AFC0</Data>
    <Data Name="ParentProcessGuid">{398565f9-2043-65df-f902-0000c413d836}</Data>
    <Data Name="ParentProcessId">5032</Data>
    <Data Name="ParentImage">C:\Windows\System32\services.exe</Data>
    <Data Name="ParentCommandLine">services.exe</Data>
    <Data Name="ParentUser">NT AUTHORITY\SYSTEM</Data>
    
  </EventData>
</Event>
<Event xmlns="http://schemas.microsoft.com/win/2004/08/events/event">
  <System>
    <Provider Name="Microsoft-Windows-Sysmon" Guid="{5770385f-c22a-43e0-bf4c-06f5698ffbd9}"/>
    <EventID>22</EventID>
    <Version>5</Version>
    <Level>4</Level>
    <Task>22</Task>
    <Opcode>0</Opcode>
    <Keywords>0x8000000000000000</Keywords>
    <TimeCreated SystemTime="2024-03-18T15:40:49.5429476Z"/>
    <EventRecordID>740121</EventRecordID>
    <Correlation/>
    <Execution ProcessID="2440" ThreadID="4416"/>
    <Channel>Microsoft-Windows-Sysmon/Operational</Channel>
    <Computer>WS-PPATEL-01.meridianhcs.local</Computer>
    <Security UserID="S-1-5-18"/>
  </System>
  <EventData>
    
    <Data Name="RuleName">-</Data>
    <Data Name="UtcTime">2024-03-18 15:40:49.542</Data>
    <Data Name="ProcessGuid">{398565f9-2040-65df-a800-00108740f0e0}</Data>
    <Data Name="ProcessId">4</Data>
    <Data Name="QueryName">20.2.10.10.in-addr.arpa</Data>
    <Data Name="QueryStatus">0</Data>
    <Data Name="QueryResults">FILE-SRV-01.meridianhcs.local;</Data>
    <Data Name="Image">System</Data>
    <Data Name="User">NT AUTHORITY\SYSTEM</Data>
    
  </EventData>
</Event>
<Event xmlns="http://schemas.microsoft.com/win/2004/08/events/event">
  <System>
    <Provider Name="Microsoft-Windows-Sysmon" Guid="{5770385f-c22a-43e0-bf4c-06f5698ffbd9}"/>
    <EventID>1</EventID>
    <Version>5</Version>
    <Level>4</Level>
    <Task>1</Task>
    <Opcode>0</Opcode>
    <Keywords>0x8000000000000000</Keywords>
    <TimeCreated SystemTime="2024-03-18T15:41:25.4179104Z"/>
    <EventRecordID>740122</EventRecordID>
    <Correlation/>
    <Execution ProcessID="2440" ThreadID="4416"/>
    <Channel>Microsoft-Windows-Sysmon/Operational</Channel>
    <Computer>WS-PPATEL-01.meridianhcs.local</Computer>
    <Security UserID="S-1-5-18"/>
  </System>
  <EventData>
    
    <Data Name="RuleName">-</Data>
    <Data Name="UtcTime">2024-03-18 15:41:25.417</Data>
    <Data Name="ProcessGuid">{398565f9-60a5-65f8-e300-0000577265f1}</Data>
    <Data Name="ProcessId">6488</Data>
    <Data Name="Image">C:\Windows\System32\SearchProtocolHost.exe</Data>
    <Data Name="FileVersion">10.0.22621.1</Data>
    <Data Name="Description">Microsoft Windows Search Protocol Host</Data>
    <Data Name="Product">Microsoft Windows Operating System</Data>
    <Data Name="Company">Microsoft Corporation</Data>
    <Data Name="OriginalFileName">SearchProtocolHost.exe</Data>
    <Data Name="CommandLine">SearchProtocolHost.exe Global\UsGthrFltPipeMssGthrPipe_S-1-5-18 Global\UsGthrCtrlFltPipeMssGthrPipe_S-1-5-18 1</Data>
    <Data Name="CurrentDirectory">C:\Windows\System32\</Data>
    <Data Name="User">NT AUTHORITY\SYSTEM</Data>
    <Data Name="LogonGuid">{00000000-0000-0000-0000-000000000000}</Data>
    <Data Name="LogonId">0x3e7</Data>
    <Data Name="TerminalSessionId">0</Data>
    <Data Name="IntegrityLevel">System</Data>
    <Data Name="Hashes">SHA1=43216957F6B1F6C0C1C954D1CFC7F9CE3FC72B60,MD5=BA242BD070D4A866C5D58169DB10ED02,SHA256=D48FE4EDB7B572D8CF8A37CD1AFC0882D88CA17A0BE3F4615C9E5A4F608E954A,IMPHASH=E495A5C3FEEEA98E32665B0ADE2B5A18</Data>
    <Data Name="ParentProcessGuid">{398565f9-2053-65df-be02-000043156376}</Data>
    <Data Name="ParentProcessId">5204</Data>
    <Data Name="ParentImage">C:\Windows\System32\SearchIndexer.exe</Data>
    <Data Name="ParentCommandLine">SearchIndexer.exe</Data>
    <Data Name="ParentUser">NT AUTHORITY\SYSTEM</Data>
    
  </EventData>
</Event>
<Event xmlns="http://schemas.microsoft.com/win/2004/08/events/event">
  <System>
    <Provider Name="Microsoft-Windows-Sysmon" Guid="{5770385f-c22a-43e0-bf4c-06f5698ffbd9}"/>
    <EventID>22</EventID>
    <Version>5</Version>
    <Level>4</Level>
    <Task>22</Task>
    <Opcode>0</Opcode>
    <Keywords>0x8000000000000000</Keywords>
    <TimeCreated SystemTime="2024-03-18T15:42:51.6884211Z"/>
    <EventRecordID>740124</EventRecordID>
    <Correlation/>
    <Execution ProcessID="2440" ThreadID="4896"/>
    <Channel>Microsoft-Windows-Sysmon/Operational</Channel>
    <Computer>WS-PPATEL-01.meridianhcs.local</Computer>
    <Security UserID="S-1-5-18"/>
  </System>
  <EventData>
    
    <Data Name="RuleName">-</Data>
    <Data Name="UtcTime">2024-03-18 15:42:51.688</Data>
    <Data Name="ProcessGuid">{398565f9-204a-65df-6100-00100ae1b213}</Data>
    <Data Name="ProcessId">5072</Data>
    <Data Name="QueryName">DC-01.meridianhcs.local</Data>
    <Data Name="QueryStatus">0</Data>
    <Data Name="QueryResults">10.10.2.10;</Data>
    <Data Name="Image">C:\Windows\System32\svchost.exe</Data>
    <Data Name="User">NT AUTHORITY\LOCAL SERVICE</Data>
    
  </EventData>
</Event>
<Event xmlns="http://schemas.microsoft.com/win/2004/08/events/event">
  <System>
    <Provider Name="Microsoft-Windows-Sysmon" Guid="{5770385f-c22a-43e0-bf4c-06f5698ffbd9}"/>
    <EventID>1</EventID>
    <Version>5</Version>
    <Level>4</Level>
    <Task>1</Task>
    <Opcode>0</Opcode>
    <Keywords>0x8000000000000000</Keywords>
    <TimeCreated SystemTime="2024-03-18T15:43:41.3225132Z"/>
    <EventRecordID>740125</EventRecordID>
    <Correlation/>
    <Execution ProcessID="2440" ThreadID="1040"/>
    <Channel>Microsoft-Windows-Sysmon/Operational</Channel>
    <Computer>WS-PPATEL-01.meridianhcs.local</Computer>
    <Security UserID="S-1-5-18"/>
  </System>
  <EventData>
    
    <Data Name="RuleName">-</Data>
    <Data Name="UtcTime">2024-03-18 15:43:41.322</Data>
    <Data Name="ProcessGuid">{398565f9-612d-65f8-a100-00005698cadf}</Data>
    <Data Name="ProcessId">6536</Data>
    <Data Name="Image">C:\Windows\System32\dllhost.exe</Data>
    <Data Name="FileVersion">10.0.22621.1</Data>
    <Data Name="Description">COM Surrogate</Data>
    <Data Name="Product">Microsoft Windows Operating System</Data>
    <Data Name="Company">Microsoft Corporation</Data>
    <Data Name="OriginalFileName">dllhost.exe</Data>
    <Data Name="CommandLine">dllhost.exe /Processid:{73E709EA-5D93-4B2E-BBB0-99B7938DA9E4}</Data>
    <Data Name="CurrentDirectory">C:\Windows\System32\</Data>
    <Data Name="User">NT AUTHORITY\SYSTEM</Data>
    <Data Name="LogonGuid">{00000000-0000-0000-0000-000000000000}</Data>
    <Data Name="LogonId">0x3e7</Data>
    <Data Name="TerminalSessionId">0</Data>
    <Data Name="IntegrityLevel">System</Data>
    <Data Name="Hashes">SHA1=B50E716E3959BD7D9EFCF885BBAF84F837EFDAD2,MD5=5E659C310A9E39CB882747D6F904A7AB,SHA256=6DA7E097C9C5FA197672678842CCA84B053B93571838CBBD620386EF3F6878F4,IMPHASH=7A9666B001C1F3337ACF7F3BEFF4373E</Data>
    <Data Name="ParentProcessGuid">{398565f9-2044-65df-cb00-0010b14784aa}</Data>
    <Data Name="ParentProcessId">5048</Data>
    <Data Name="ParentImage">C:\Windows\System32\svchost.exe</Data>
    <Data Name="ParentCommandLine">svchost.exe -k DcomLaunch</Data>
    <Data Name="ParentUser">NT AUTHORITY\SYSTEM</Data>
    
  </EventData>
</Event>
<Event xmlns="http://schemas.microsoft.com/win/2004/08/events/event">
  <System>
    <Provider Name="Microsoft-Windows-Sysmon" Guid="{5770385f-c22a-43e0-bf4c-06f5698ffbd9}"/>
    <EventID>1</EventID>
    <Version>5</Version>
    <Level>4</Level>
    <Task>1</Task>
    <Opcode>0</Opcode>
    <Keywords>0x8000000000000000</Keywords>
    <TimeCreated SystemTime="2024-03-18T15:43:43.6765411Z"/>
    <EventRecordID>740126</EventRecordID>
    <Correlation/>
    <Execution ProcessID="2440" ThreadID="4416"/>
    <Channel>Microsoft-Windows-Sysmon/Operational</Channel>
    <Computer>WS-PPATEL-01.meridianhcs.local</Computer>
    <Security UserID="S-1-5-18"/>
  </System>
  <EventData>
    
    <Data Name="RuleName">-</Data>
    <Data Name="UtcTime">2024-03-18 15:43:43.676</Data>
    <Data Name="ProcessGuid">{398565f9-612f-65f8-0f00-0000d272009b}</Data>
    <Data Name="ProcessId">6704</Data>
    <Data Name="Image">C:\Windows\System32\WindowsPowerShell\v1.0\powershell.exe</Data>
    <Data Name="FileVersion">10.0.22621.1</Data>
    <Data Name="Description">Windows PowerShell</Data>
    <Data Name="Product">Microsoft Windows Operating System</Data>
    <Data Name="Company">Microsoft Corporation</Data>
    <Data Name="OriginalFileName">PowerShell.EXE</Data>
    <Data Name="CommandLine">powershell.exe -Command Get-Service | Where-Object {$_.Status -eq 'Stopped'}</Data>
    <Data Name="CurrentDirectory">C:\Users\priya.patel\</Data>
    <Data Name="User">MERIDIANHCS\priya.patel</Data>
    <Data Name="LogonGuid">{00000000-0000-0000-0000-000000000000}</Data>
    <Data Name="LogonId">0xd8d7b28</Data>
    <Data Name="TerminalSessionId">2</Data>
    <Data Name="IntegrityLevel">Medium</Data>
    <Data Name="Hashes">SHA1=74807298BB026542B177B40CEC0B2D64D5238D09,MD5=EEACC5305C17D7F9E330B33280A27AC5,SHA256=8A59DE82B9F4AD767B08A19B8F47E045B6E82C53F55A422FE0CE860BA3A9470A,IMPHASH=9E37895148BCA2306FCE4BCB0E51C310</Data>
    <Data Name="ParentProcessGuid">{398565f9-585f-65f8-ef02-0000442b3247}</Data>
    <Data Name="ParentProcessId">6668</Data>
    <Data Name="ParentImage">C:\Windows\System32\cmd.exe</Data>
    <Data Name="ParentCommandLine">cmd.exe</Data>
    <Data Name="ParentUser">MERIDIANHCS\priya.patel</Data>
    
  </EventData>
</Event>
<Event xmlns="http://schemas.microsoft.com/win/2004/08/events/event">
  <System>
    <Provider Name="Microsoft-Windows-Sysmon" Guid="{5770385f-c22a-43e0-bf4c-06f5698ffbd9}"/>
    <EventID>11</EventID>
    <Version>2</Version>
    <Level>4</Level>
    <Task>11</Task>
    <Opcode>0</Opcode>
    <Keywords>0x8000000000000000</Keywords>
    <TimeCreated SystemTime="2024-03-18T15:43:43.6776041Z"/>
    <EventRecordID>740127</EventRecordID>
    <Correlation/>
    <Execution ProcessID="2440" ThreadID="1040"/>
    <Channel>Microsoft-Windows-Sysmon/Operational</Channel>
    <Computer>WS-PPATEL-01.meridianhcs.local</Computer>
    <Security UserID="S-1-5-18"/>
  </System>
  <EventData>
    
    <Data Name="RuleName">-</Data>
    <Data Name="UtcTime">2024-03-18 15:43:43.677</Data>
    <Data Name="ProcessGuid">{398565f9-612f-65f8-0f00-0000d272009b}</Data>
    <Data Name="ProcessId">6704</Data>
    <Data Name="Image">C:\Windows\System32\WindowsPowerShell\v1.0\powershell.exe</Data>
    <Data Name="TargetFilename">C:\Users\priya.patel\AppData\Local\Temp\tmp61195.tmp</Data>
    <Data Name="CreationUtcTime">2024-03-18 15:43:43.677</Data>
    <Data Name="User">MERIDIANHCS\priya.patel</Data>
    
  </EventData>
</Event>
<Event xmlns="http://schemas.microsoft.com/win/2004/08/events/event">
  <System>
    <Provider Name="Microsoft-Windows-Sysmon" Guid="{5770385f-c22a-43e0-bf4c-06f5698ffbd9}"/>
    <EventID>5</EventID>
    <Version>3</Version>
    <Level>4</Level>
    <Task>5</Task>
    <Opcode>0</Opcode>
    <Keywords>0x8000000000000000</Keywords>
    <TimeCreated SystemTime="2024-03-18T15:43:45.2945807Z"/>
    <EventRecordID>740128</EventRecordID>
    <Correlation/>
    <Execution ProcessID="2440" ThreadID="1040"/>
    <Channel>Microsoft-Windows-Sysmon/Operational</Channel>
    <Computer>WS-PPATEL-01.meridianhcs.local</Computer>
    <Security UserID="S-1-5-18"/>
  </System>
  <EventData>
    
    <Data Name="RuleName">-</Data>
    <Data Name="UtcTime">2024-03-18 15:43:45.294</Data>
    <Data Name="ProcessGuid">{398565f9-612f-65f8-0f00-0000d272009b}</Data>
    <Data Name="ProcessId">6704</Data>
    <Data Name="Image">C:\Windows\System32\WindowsPowerShell\v1.0\powershell.exe</Data>
    <Data Name="User">MERIDIANHCS\priya.patel</Data>
    
  </EventData>
</Event>
<Event xmlns="http://schemas.microsoft.com/win/2004/08/events/event">
  <System>
    <Provider Name="Microsoft-Windows-Sysmon" Guid="{5770385f-c22a-43e0-bf4c-06f5698ffbd9}"/>
    <EventID>1</EventID>
    <Version>5</Version>
    <Level>4</Level>
    <Task>1</Task>
    <Opcode>0</Opcode>
    <Keywords>0x8000000000000000</Keywords>
    <TimeCreated SystemTime="2024-03-18T15:43:55.3571965Z"/>
    <EventRecordID>740130</EventRecordID>
    <Correlation/>
    <Execution ProcessID="2440" ThreadID="4416"/>
    <Channel>Microsoft-Windows-Sysmon/Operational</Channel>
    <Computer>WS-PPATEL-01.meridianhcs.local</Computer>
    <Security UserID="S-1-5-18"/>
  </System>
  <EventData>
    
    <Data Name="RuleName">-</Data>
    <Data Name="UtcTime">2024-03-18 15:43:55.357</Data>
    <Data Name="ProcessGuid">{398565f9-613b-65f8-0700-00000c828ee3}</Data>
    <Data Name="ProcessId">6504</Data>
    <Data Name="Image">C:\Program Files (x86)\Dropbox\Update\DropboxUpdate.exe</Data>
    <Data Name="FileVersion">-</Data>
    <Data Name="Description">-</Data>
    <Data Name="Product">-</Data>
    <Data Name="Company">-</Data>
    <Data Name="OriginalFileName">-</Data>
    <Data Name="CommandLine">DropboxUpdate.exe /svc</Data>
    <Data Name="CurrentDirectory">C:\Windows\System32\</Data>
    <Data Name="User">NT AUTHORITY\SYSTEM</Data>
    <Data Name="LogonGuid">{00000000-0000-0000-0000-000000000000}</Data>
    <Data Name="LogonId">0x3e7</Data>
    <Data Name="TerminalSessionId">0</Data>
    <Data Name="IntegrityLevel">System</Data>
    <Data Name="Hashes">SHA1=9C9553118846730CD57BE76D7FD1D6569396BDDD,MD5=28D8439028ABA7E4A3E3734E1C47A9CC,SHA256=C1E09E737846E713E9AC8D9DB04CB231377706742CC76F187A9C586FE4928980,IMPHASH=E3D92598470BD2B25DC52DD1D8A4CD13</Data>
    <Data Name="ParentProcessGuid">{398565f9-2043-65df-f902-0000c413d836}</Data>
    <Data Name="ParentProcessId">5032</Data>
    <Data Name="ParentImage">C:\Windows\System32\services.exe</Data>
    <Data Name="ParentCommandLine">services.exe</Data>
    <Data Name="ParentUser">NT AUTHORITY\SYSTEM</Data>
    
  </EventData>
</Event>
<Event xmlns="http://schemas.microsoft.com/win/2004/08/events/event">
  <System>
    <Provider Name="Microsoft-Windows-Sysmon" Guid="{5770385f-c22a-43e0-bf4c-06f5698ffbd9}"/>
    <EventID>5</EventID>
    <Version>3</Version>
    <Level>4</Level>
    <Task>5</Task>
    <Opcode>0</Opcode>
    <Keywords>0x8000000000000000</Keywords>
    <TimeCreated SystemTime="2024-03-18T15:43:57.3573803Z"/>
    <EventRecordID>740131</EventRecordID>
    <Correlation/>
    <Execution ProcessID="2440" ThreadID="1040"/>
    <Channel>Microsoft-Windows-Sysmon/Operational</Channel>
    <Computer>WS-PPATEL-01.meridianhcs.local</Computer>
    <Security UserID="S-1-5-18"/>
  </System>
  <EventData>
    
    <Data Name="RuleName">-</Data>
    <Data Name="UtcTime">2024-03-18 15:43:57.357</Data>
    <Data Name="ProcessGuid">{398565f9-612d-65f8-a100-00005698cadf}</Data>
    <Data Name="ProcessId">6536</Data>
    <Data Name="Image">C:\Windows\System32\dllhost.exe</Data>
    <Data Name="User">NT AUTHORITY\SYSTEM</Data>
    
  </EventData>
</Event>
<Event xmlns="http://schemas.microsoft.com/win/2004/08/events/event">
  <System>
    <Provider Name="Microsoft-Windows-Sysmon" Guid="{5770385f-c22a-43e0-bf4c-06f5698ffbd9}"/>
    <EventID>10</EventID>
    <Version>3</Version>
    <Level>4</Level>
    <Task>10</Task>
    <Opcode>0</Opcode>
    <Keywords>0x8000000000000000</Keywords>
    <TimeCreated SystemTime="2024-03-18T15:44:34.2148013Z"/>
    <EventRecordID>740134</EventRecordID>
    <Correlation/>
    <Execution ProcessID="2440" ThreadID="2612"/>
    <Channel>Microsoft-Windows-Sysmon/Operational</Channel>
    <Computer>WS-PPATEL-01.meridianhcs.local</Computer>
    <Security UserID="S-1-5-18"/>
  </System>
  <EventData>
    
    <Data Name="RuleName">-</Data>
    <Data Name="UtcTime">2024-03-18 15:44:34.214</Data>
    <Data Name="SourceProcessGUID">{398565f9-2052-65df-5d00-000026e7c1fb}</Data>
    <Data Name="SourceProcessId">5200</Data>
    <Data Name="SourceThreadId">11340</Data>
    <Data Name="SourceImage">C:\ProgramData\Microsoft\Windows Defender\Platform\4.18.24010.12-0\MsMpEng.exe</Data>
    <Data Name="TargetProcessGUID">{398565f9-2044-65df-1402-000095f69efa}</Data>
    <Data Name="TargetProcessId">5044</Data>
    <Data Name="TargetImage">C:\Windows\System32\lsass.exe</Data>
    <Data Name="GrantedAccess">0x1410</Data>
    <Data Name="CallTrace">C:\Windows\SYSTEM32\ntdll.dll+9E84F|C:\Windows\SYSTEM32\KERNELBASE.dll+2D123|C:\Windows\SYSTEM32\advapi32.dll+4A462</Data>
    <Data Name="SourceUser">NT AUTHORITY\SYSTEM</Data>
    <Data Name="TargetUser">NT AUTHORITY\SYSTEM</Data>
    
  </EventData>
</Event>
<Event xmlns="http://schemas.microsoft.com/win/2004/08/events/event">
  <System>
    <Provider Name="Microsoft-Windows-Sysmon" Guid="{5770385f-c22a-43e0-bf4c-06f5698ffbd9}"/>
    <EventID>5</EventID>
    <Version>3</Version>
    <Level>4</Level>
    <Task>5</Task>
    <Opcode>0</Opcode>
    <Keywords>0x8000000000000000</Keywords>
    <TimeCreated SystemTime="2024-03-18T15:44:42.1627075Z"/>
    <EventRecordID>740135</EventRecordID>
    <Correlation/>
    <Execution ProcessID="2440" ThreadID="4416"/>
    <Channel>Microsoft-Windows-Sysmon/Operational</Channel>
    <Computer>WS-PPATEL-01.meridianhcs.local</Computer>
    <Security UserID="S-1-5-18"/>
  </System>
  <EventData>
    
    <Data Name="RuleName">-</Data>
    <Data Name="UtcTime">2024-03-18 15:44:42.162</Data>
    <Data Name="ProcessGuid">{398565f9-613b-65f8-0700-00000c828ee3}</Data>
    <Data Name="ProcessId">6504</Data>
    <Data Name="Image">C:\Program Files (x86)\Dropbox\Update\DropboxUpdate.exe</Data>
    <Data Name="User">NT AUTHORITY\SYSTEM</Data>
    
  </EventData>
</Event>
<Event xmlns="http://schemas.microsoft.com/win/2004/08/events/event">
  <System>
    <Provider Name="Microsoft-Windows-Sysmon" Guid="{5770385f-c22a-43e0-bf4c-06f5698ffbd9}"/>
    <EventID>22</EventID>
    <Version>5</Version>
    <Level>4</Level>
    <Task>22</Task>
    <Opcode>0</Opcode>
    <Keywords>0x8000000000000000</Keywords>
    <TimeCreated SystemTime="2024-03-18T15:44:58.9842665Z"/>
    <EventRecordID>740137</EventRecordID>
    <Correlation/>
    <Execution ProcessID="2440" ThreadID="4896"/>
    <Channel>Microsoft-Windows-Sysmon/Operational</Channel>
    <Computer>WS-PPATEL-01.meridianhcs.local</Computer>
    <Security UserID="S-1-5-18"/>
  </System>
  <EventData>
    
    <Data Name="RuleName">-</Data>
    <Data Name="UtcTime">2024-03-18 15:44:58.984</Data>
    <Data Name="ProcessGuid">{398565f9-204a-65df-6100-00100ae1b213}</Data>
    <Data Name="ProcessId">5072</Data>
    <Data Name="QueryName">mail.meridianhcs.com</Data>
    <Data Name="QueryStatus">0</Data>
    <Data Name="QueryResults">10.10.2.25;</Data>
    <Data Name="Image">C:\Windows\System32\svchost.exe</Data>
    <Data Name="User">NT AUTHORITY\LOCAL SERVICE</Data>
    
  </EventData>
</Event>
<Event xmlns="http://schemas.microsoft.com/win/2004/08/events/event">
  <System>
    <Provider Name="Microsoft-Windows-Sysmon" Guid="{5770385f-c22a-43e0-bf4c-06f5698ffbd9}"/>
    <EventID>13</EventID>
    <Version>2</Version>
    <Level>4</Level>
    <Task>13</Task>
    <Opcode>0</Opcode>
    <Keywords>0x8000000000000000</Keywords>
    <TimeCreated SystemTime="2024-03-18T15:45:06.6303046Z"/>
    <EventRecordID>740138</EventRecordID>
    <Correlation/>
    <Execution ProcessID="2440" ThreadID="1040"/>
    <Channel>Microsoft-Windows-Sysmon/Operational</Channel>
    <Computer>WS-PPATEL-01.meridianhcs.local</Computer>
    <Security UserID="S-1-5-18"/>
  </System>
  <EventData>
    
    <Data Name="RuleName">-</Data>
    <Data Name="EventType">SetValue</Data>
    <Data Name="UtcTime">2024-03-18 15:45:06.630</Data>
    <Data Name="ProcessGuid">{398565f9-205f-65df-8b02-00106217d31e}</Data>
    <Data Name="ProcessId">5348</Data>
    <Data Name="Image">C:\Windows\explorer.exe</Data>
    <Data Name="TargetObject">HKU\S-1-5-21-1537687973-2974994828-3875246326-1004\Software\Microsoft\Windows\CurrentVersion\Explorer\UserAssist\{CEBFF5CD-ACE2-4F4F-9178-9926F41749EA}\Count\HRZR_EHACNGU:P:\Hfref\cevln.cngry\NccQngn\Ebnzvat\Zvpebfbsg\Jvaqbjf\Fgneg Zrah\Cebtenzf\Fynpx.yax</Data>
    <Data Name="Details">AD 24 7F 1C B3 96 78 82 DC 03 54 26 8C 4B 19 5F 87 E3 80 BD 0E 9D 9E F1 62 2B 2F EC 67 75 72 50</Data>
    <Data Name="User">MERIDIANHCS\priya.patel</Data>
    
  </EventData>
</Event>
<Event xmlns="http://schemas.microsoft.com/win/2004/08/events/event">
  <System>
    <Provider Name="Microsoft-Windows-Sysmon" Guid="{5770385f-c22a-43e0-bf4c-06f5698ffbd9}"/>
    <EventID>10</EventID>
    <Version>3</Version>
    <Level>4</Level>
    <Task>10</Task>
    <Opcode>0</Opcode>
    <Keywords>0x8000000000000000</Keywords>
    <TimeCreated SystemTime="2024-03-18T15:47:26.1681394Z"/>
    <EventRecordID>740141</EventRecordID>
    <Correlation/>
    <Execution ProcessID="2440" ThreadID="2612"/>
    <Channel>Microsoft-Windows-Sysmon/Operational</Channel>
    <Computer>WS-PPATEL-01.meridianhcs.local</Computer>
    <Security UserID="S-1-5-18"/>
  </System>
  <EventData>
    
    <Data Name="RuleName">-</Data>
    <Data Name="UtcTime">2024-03-18 15:47:26.168</Data>
    <Data Name="SourceProcessGUID">{398565f9-2052-65df-5d00-000026e7c1fb}</Data>
    <Data Name="SourceProcessId">5200</Data>
    <Data Name="SourceThreadId">11340</Data>
    <Data Name="SourceImage">C:\ProgramData\Microsoft\Windows Defender\Platform\4.18.24010.12-0\MsMpEng.exe</Data>
    <Data Name="TargetProcessGUID">{398565f9-2044-65df-1402-000095f69efa}</Data>
    <Data Name="TargetProcessId">5044</Data>
    <Data Name="TargetImage">C:\Windows\System32\lsass.exe</Data>
    <Data Name="GrantedAccess">0x1400</Data>
    <Data Name="CallTrace">C:\Windows\SYSTEM32\ntdll.dll+9E84F|C:\Windows\SYSTEM32\KERNELBASE.dll+2D123|C:\Windows\SYSTEM32\advapi32.dll+4A462</Data>
    <Data Name="SourceUser">NT AUTHORITY\SYSTEM</Data>
    <Data Name="TargetUser">NT AUTHORITY\SYSTEM</Data>
    
  </EventData>
</Event>
<Event xmlns="http://schemas.microsoft.com/win/2004/08/events/event">
  <System>
    <Provider Name="Microsoft-Windows-Sysmon" Guid="{5770385f-c22a-43e0-bf4c-06f5698ffbd9}"/>
    <EventID>22</EventID>
    <Version>5</Version>
    <Level>4</Level>
    <Task>22</Task>
    <Opcode>0</Opcode>
    <Keywords>0x8000000000000000</Keywords>
    <TimeCreated SystemTime="2024-03-18T15:48:09.0915283Z"/>
    <EventRecordID>740142</EventRecordID>
    <Correlation/>
    <Execution ProcessID="2440" ThreadID="2612"/>
    <Channel>Microsoft-Windows-Sysmon/Operational</Channel>
    <Computer>WS-PPATEL-01.meridianhcs.local</Computer>
    <Security UserID="S-1-5-18"/>
  </System>
  <EventData>
    
    <Data Name="RuleName">-</Data>
    <Data Name="UtcTime">2024-03-18 15:48:09.091</Data>
    <Data Name="ProcessGuid">{398565f9-2040-65df-a800-00108740f0e0}</Data>
    <Data Name="ProcessId">4</Data>
    <Data Name="QueryName">FILE-SRV-01.meridianhcs.local</Data>
    <Data Name="QueryStatus">0</Data>
    <Data Name="QueryResults">-</Data>
    <Data Name="Image">System</Data>
    <Data Name="User">NT AUTHORITY\SYSTEM</Data>
    
  </EventData>
</Event>
<Event xmlns="http://schemas.microsoft.com/win/2004/08/events/event">
  <System>
    <Provider Name="Microsoft-Windows-Sysmon" Guid="{5770385f-c22a-43e0-bf4c-06f5698ffbd9}"/>
    <EventID>5</EventID>
    <Version>3</Version>
    <Level>4</Level>
    <Task>5</Task>
    <Opcode>0</Opcode>
    <Keywords>0x8000000000000000</Keywords>
    <TimeCreated SystemTime="2024-03-18T15:49:53.6360566Z"/>
    <EventRecordID>740145</EventRecordID>
    <Correlation/>
    <Execution ProcessID="2440" ThreadID="1040"/>
    <Channel>Microsoft-Windows-Sysmon/Operational</Channel>
    <Computer>WS-PPATEL-01.meridianhcs.local</Computer>
    <Security UserID="S-1-5-18"/>
  </System>
  <EventData>
    
    <Data Name="RuleName">-</Data>
    <Data Name="UtcTime">2024-03-18 15:49:53.636</Data>
    <Data Name="ProcessGuid">{398565f9-4718-65f8-7702-00009a107278}</Data>
    <Data Name="ProcessId">6192</Data>
    <Data Name="Image">C:\Program Files (x86)\Google\Update\GoogleUpdater.exe</Data>
    <Data Name="User">NT AUTHORITY\SYSTEM</Data>
    
  </EventData>
</Event>
<Event xmlns="http://schemas.microsoft.com/win/2004/08/events/event">
  <System>
    <Provider Name="Microsoft-Windows-Sysmon" Guid="{5770385f-c22a-43e0-bf4c-06f5698ffbd9}"/>
    <EventID>7</EventID>
    <Version>3</Version>
    <Level>4</Level>
    <Task>7</Task>
    <Opcode>0</Opcode>
    <Keywords>0x8000000000000000</Keywords>
    <TimeCreated SystemTime="2024-03-18T15:50:05.6731548Z"/>
    <EventRecordID>740146</EventRecordID>
    <Correlation/>
    <Execution ProcessID="2440" ThreadID="4416"/>
    <Channel>Microsoft-Windows-Sysmon/Operational</Channel>
    <Computer>WS-PPATEL-01.meridianhcs.local</Computer>
    <Security UserID="S-1-5-18"/>
  </System>
  <EventData>
    
    <Data Name="RuleName">-</Data>
    <Data Name="UtcTime">2024-03-18 15:50:05.673</Data>
    <Data Name="ProcessGuid">{398565f9-461b-65f8-eb00-0000303fb1d7}</Data>
    <Data Name="ProcessId">6292</Data>
    <Data Name="Image">C:\Windows\System32\taskhostw.exe</Data>
    <Data Name="ImageLoaded">C:\Program Files\Windows Defender\MpOAV.dll</Data>
    <Data Name="FileVersion">4.18.2301.6</Data>
    <Data Name="Description">IOfficeAntiVirus Module</Data>
    <Data Name="Product">Microsoft Defender Antivirus</Data>
    <Data Name="Company">Microsoft Corporation</Data>
    <Data Name="OriginalFileName">MpOAV.dll</Data>
    <Data Name="Hashes">SHA1=FC17FE09B96E6641A0C4DD89FE19E33173B862A9,MD5=DDBA590E19E88EA28373E3D47061E407,SHA256=11D3F5E67D04915646C72F60356E8ABB54A72F49B33A321C9E8622576EE491DD,IMPHASH=B50EDBF447D04C1BEFF75D2CC5E6EDF5</Data>
    <Data Name="Signed">true</Data>
    <Data Name="Signature">Microsoft Corporation</Data>
    <Data Name="SignatureStatus">Valid</Data>
    <Data Name="User">NT AUTHORITY\SYSTEM</Data>
    
  </EventData>
</Event>
<Event xmlns="http://schemas.microsoft.com/win/2004/08/events/event">
  <System>
    <Provider Name="Microsoft-Windows-Sysmon" Guid="{5770385f-c22a-43e0-bf4c-06f5698ffbd9}"/>
    <EventID>3</EventID>
    <Version>5</Version>
    <Level>4</Level>
    <Task>3</Task>
    <Opcode>0</Opcode>
    <Keywords>0x8000000000000000</Keywords>
    <TimeCreated SystemTime="2024-03-18T15:50:08.0606716Z"/>
    <EventRecordID>740147</EventRecordID>
    <Correlation/>
    <Execution ProcessID="2440" ThreadID="4416"/>
    <Channel>Microsoft-Windows-Sysmon/Operational</Channel>
    <Computer>WS-PPATEL-01.meridianhcs.local</Computer>
    <Security UserID="S-1-5-18"/>
  </System>
  <EventData>
    
    <Data Name="RuleName">-</Data>
    <Data Name="UtcTime">2024-03-18 15:50:08.060</Data>
    <Data Name="ProcessGuid">{398565f9-3c93-65f8-5a00-0000b0c14115}</Data>
    <Data Name="ProcessId">6132</Data>
    <Data Name="Image">C:\Program Files\Google\Chrome\Application\chrome.exe</Data>
    <Data Name="User">MERIDIANHCS\priya.patel</Data>
    <Data Name="Protocol">tcp</Data>
    <Data Name="Initiated">true</Data>
    <Data Name="SourceIsIpv6">false</Data>
    <Data Name="SourceIp">10.10.1.32</Data>
    <Data Name="SourceHostname">WS-PPATEL-01.meridianhcs.local</Data>
    <Data Name="SourcePort">62026</Data>
    <Data Name="SourcePortName">-</Data>
    <Data Name="DestinationIsIpv6">false</Data>
    <Data Name="DestinationIp">10.10.3.20</Data>
    <Data Name="DestinationHostname">PROXY-01.meridianhcs.local</Data>
    <Data Name="DestinationPort">8080</Data>
    <Data Name="DestinationPortName">http-alt</Data>
    
  </EventData>
</Event>
<Event xmlns="http://schemas.microsoft.com/win/2004/08/events/event">
  <System>
    <Provider Name="Microsoft-Windows-Sysmon" Guid="{5770385f-c22a-43e0-bf4c-06f5698ffbd9}"/>
    <EventID>3</EventID>
    <Version>5</Version>
    <Level>4</Level>
    <Task>3</Task>
    <Opcode>0</Opcode>
    <Keywords>0x8000000000000000</Keywords>
    <TimeCreated SystemTime="2024-03-18T15:50:10.7906425Z"/>
    <EventRecordID>740148</EventRecordID>
    <Correlation/>
    <Execution ProcessID="2440" ThreadID="1040"/>
    <Channel>Microsoft-Windows-Sysmon/Operational</Channel>
    <Computer>WS-PPATEL-01.meridianhcs.local</Computer>
    <Security UserID="S-1-5-18"/>
  </System>
  <EventData>
    
    <Data Name="RuleName">-</Data>
    <Data Name="UtcTime">2024-03-18 15:50:10.790</Data>
    <Data Name="ProcessGuid">{398565f9-3c93-65f8-5a00-0000b0c14115}</Data>
    <Data Name="ProcessId">6132</Data>
    <Data Name="Image">C:\Program Files\Google\Chrome\Application\chrome.exe</Data>
    <Data Name="User">MERIDIANHCS\priya.patel</Data>
    <Data Name="Protocol">tcp</Data>
    <Data Name="Initiated">true</Data>
    <Data Name="SourceIsIpv6">false</Data>
    <Data Name="SourceIp">10.10.1.32</Data>
    <Data Name="SourceHostname">WS-PPATEL-01.meridianhcs.local</Data>
    <Data Name="SourcePort">57992</Data>
    <Data Name="SourcePortName">-</Data>
    <Data Name="DestinationIsIpv6">false</Data>
    <Data Name="DestinationIp">10.10.3.20</Data>
    <Data Name="DestinationHostname">PROXY-01.meridianhcs.local</Data>
    <Data Name="DestinationPort">8080</Data>
    <Data Name="DestinationPortName">http-alt</Data>
    
  </EventData>
</Event>
<Event xmlns="http://schemas.microsoft.com/win/2004/08/events/event">
  <System>
    <Provider Name="Microsoft-Windows-Sysmon" Guid="{5770385f-c22a-43e0-bf4c-06f5698ffbd9}"/>
    <EventID>3</EventID>
    <Version>5</Version>
    <Level>4</Level>
    <Task>3</Task>
    <Opcode>0</Opcode>
    <Keywords>0x8000000000000000</Keywords>
    <TimeCreated SystemTime="2024-03-18T15:50:11.3037353Z"/>
    <EventRecordID>740149</EventRecordID>
    <Correlation/>
    <Execution ProcessID="2440" ThreadID="4416"/>
    <Channel>Microsoft-Windows-Sysmon/Operational</Channel>
    <Computer>WS-PPATEL-01.meridianhcs.local</Computer>
    <Security UserID="S-1-5-18"/>
  </System>
  <EventData>
    
    <Data Name="RuleName">-</Data>
    <Data Name="UtcTime">2024-03-18 15:50:11.303</Data>
    <Data Name="ProcessGuid">{398565f9-3c93-65f8-5a00-0000b0c14115}</Data>
    <Data Name="ProcessId">6132</Data>
    <Data Name="Image">C:\Program Files\Google\Chrome\Application\chrome.exe</Data>
    <Data Name="User">MERIDIANHCS\priya.patel</Data>
    <Data Name="Protocol">tcp</Data>
    <Data Name="Initiated">true</Data>
    <Data Name="SourceIsIpv6">false</Data>
    <Data Name="SourceIp">10.10.1.32</Data>
    <Data Name="SourceHostname">WS-PPATEL-01.meridianhcs.local</Data>
    <Data Name="SourcePort">60984</Data>
    <Data Name="SourcePortName">-</Data>
    <Data Name="DestinationIsIpv6">false</Data>
    <Data Name="DestinationIp">10.10.3.20</Data>
    <Data Name="DestinationHostname">PROXY-01.meridianhcs.local</Data>
    <Data Name="DestinationPort">8080</Data>
    <Data Name="DestinationPortName">http-alt</Data>
    
  </EventData>
</Event>
<Event xmlns="http://schemas.microsoft.com/win/2004/08/events/event">
  <System>
    <Provider Name="Microsoft-Windows-Sysmon" Guid="{5770385f-c22a-43e0-bf4c-06f5698ffbd9}"/>
    <EventID>3</EventID>
    <Version>5</Version>
    <Level>4</Level>
    <Task>3</Task>
    <Opcode>0</Opcode>
    <Keywords>0x8000000000000000</Keywords>
    <TimeCreated SystemTime="2024-03-18T15:50:44.2659328Z"/>
    <EventRecordID>740151</EventRecordID>
    <Correlation/>
    <Execution ProcessID="2440" ThreadID="4416"/>
    <Channel>Microsoft-Windows-Sysmon/Operational</Channel>
    <Computer>WS-PPATEL-01.meridianhcs.local</Computer>
    <Security UserID="S-1-5-18"/>
  </System>
  <EventData>
    
    <Data Name="RuleName">-</Data>
    <Data Name="UtcTime">2024-03-18 15:50:44.265</Data>
    <Data Name="ProcessGuid">{398565f9-3c93-65f8-5a00-0000b0c14115}</Data>
    <Data Name="ProcessId">6132</Data>
    <Data Name="Image">C:\Program Files\Google\Chrome\Application\chrome.exe</Data>
    <Data Name="User">MERIDIANHCS\priya.patel</Data>
    <Data Name="Protocol">tcp</Data>
    <Data Name="Initiated">true</Data>
    <Data Name="SourceIsIpv6">false</Data>
    <Data Name="SourceIp">10.10.1.32</Data>
    <Data Name="SourceHostname">WS-PPATEL-01.meridianhcs.local</Data>
    <Data Name="SourcePort">51440</Data>
    <Data Name="SourcePortName">-</Data>
    <Data Name="DestinationIsIpv6">false</Data>
    <Data Name="DestinationIp">10.10.3.20</Data>
    <Data Name="DestinationHostname">PROXY-01.meridianhcs.local</Data>
    <Data Name="DestinationPort">8080</Data>
    <Data Name="DestinationPortName">http-alt</Data>
    
  </EventData>
</Event>
<Event xmlns="http://schemas.microsoft.com/win/2004/08/events/event">
  <System>
    <Provider Name="Microsoft-Windows-Sysmon" Guid="{5770385f-c22a-43e0-bf4c-06f5698ffbd9}"/>
    <EventID>22</EventID>
    <Version>5</Version>
    <Level>4</Level>
    <Task>22</Task>
    <Opcode>0</Opcode>
    <Keywords>0x8000000000000000</Keywords>
    <TimeCreated SystemTime="2024-03-18T15:51:38.1681566Z"/>
    <EventRecordID>740153</EventRecordID>
    <Correlation/>
    <Execution ProcessID="2440" ThreadID="4896"/>
    <Channel>Microsoft-Windows-Sysmon/Operational</Channel>
    <Computer>WS-PPATEL-01.meridianhcs.local</Computer>
    <Security UserID="S-1-5-18"/>
  </System>
  <EventData>
    
    <Data Name="RuleName">-</Data>
    <Data Name="UtcTime">2024-03-18 15:51:38.168</Data>
    <Data Name="ProcessGuid">{398565f9-204a-65df-6100-00100ae1b213}</Data>
    <Data Name="ProcessId">5072</Data>
    <Data Name="QueryName">sync-5qxbuqz3.bit</Data>
    <Data Name="QueryStatus">9005</Data>
    <Data Name="QueryResults">-</Data>
    <Data Name="Image">C:\Windows\System32\svchost.exe</Data>
    <Data Name="User">NT AUTHORITY\LOCAL SERVICE</Data>
    
  </EventData>
</Event>
<Event xmlns="http://schemas.microsoft.com/win/2004/08/events/event">
  <System>
    <Provider Name="Microsoft-Windows-Sysmon" Guid="{5770385f-c22a-43e0-bf4c-06f5698ffbd9}"/>
    <EventID>3</EventID>
    <Version>5</Version>
    <Level>4</Level>
    <Task>3</Task>
    <Opcode>0</Opcode>
    <Keywords>0x8000000000000000</Keywords>
    <TimeCreated SystemTime="2024-03-18T15:51:38.1750538Z"/>
    <EventRecordID>740154</EventRecordID>
    <Correlation/>
    <Execution ProcessID="2440" ThreadID="4896"/>
    <Channel>Microsoft-Windows-Sysmon/Operational</Channel>
    <Computer>WS-PPATEL-01.meridianhcs.local</Computer>
    <Security UserID="S-1-5-18"/>
  </System>
  <EventData>
    
    <Data Name="RuleName">-</Data>
    <Data Name="UtcTime">2024-03-18 15:51:38.175</Data>
    <Data Name="ProcessGuid">{398565f9-204a-65df-6100-00100ae1b213}</Data>
    <Data Name="ProcessId">5072</Data>
    <Data Name="Image">C:\Windows\System32\svchost.exe</Data>
    <Data Name="User">NT AUTHORITY\LOCAL SERVICE</Data>
    <Data Name="Protocol">udp</Data>
    <Data Name="Initiated">true</Data>
    <Data Name="SourceIsIpv6">false</Data>
    <Data Name="SourceIp">10.10.1.32</Data>
    <Data Name="SourceHostname">WS-PPATEL-01.meridianhcs.local</Data>
    <Data Name="SourcePort">54168</Data>
    <Data Name="SourcePortName">-</Data>
    <Data Name="DestinationIsIpv6">false</Data>
    <Data Name="DestinationIp">10.10.2.10</Data>
    <Data Name="DestinationHostname">DC-01.meridianhcs.local</Data>
    <Data Name="DestinationPort">53</Data>
    <Data Name="DestinationPortName">domain</Data>
    
  </EventData>
</Event>
<Event xmlns="http://schemas.microsoft.com/win/2004/08/events/event">
  <System>
    <Provider Name="Microsoft-Windows-Sysmon" Guid="{5770385f-c22a-43e0-bf4c-06f5698ffbd9}"/>
    <EventID>22</EventID>
    <Version>5</Version>
    <Level>4</Level>
    <Task>22</Task>
    <Opcode>0</Opcode>
    <Keywords>0x8000000000000000</Keywords>
    <TimeCreated SystemTime="2024-03-18T15:51:42.6896292Z"/>
    <EventRecordID>740156</EventRecordID>
    <Correlation/>
    <Execution ProcessID="2440" ThreadID="4896"/>
    <Channel>Microsoft-Windows-Sysmon/Operational</Channel>
    <Computer>WS-PPATEL-01.meridianhcs.local</Computer>
    <Security UserID="S-1-5-18"/>
  </System>
  <EventData>
    
    <Data Name="RuleName">-</Data>
    <Data Name="UtcTime">2024-03-18 15:51:42.689</Data>
    <Data Name="ProcessGuid">{398565f9-2048-65df-5600-00105d50de3b}</Data>
    <Data Name="ProcessId">5064</Data>
    <Data Name="QueryName">FILE-SRV-01.meridianhcs.local</Data>
    <Data Name="QueryStatus">0</Data>
    <Data Name="QueryResults">10.10.2.20;</Data>
    <Data Name="Image">C:\Windows\System32\svchost.exe</Data>
    <Data Name="User">NT AUTHORITY\NETWORK SERVICE</Data>
    
  </EventData>
</Event>
<Event xmlns="http://schemas.microsoft.com/win/2004/08/events/event">
  <System>
    <Provider Name="Microsoft-Windows-Sysmon" Guid="{5770385f-c22a-43e0-bf4c-06f5698ffbd9}"/>
    <EventID>1</EventID>
    <Version>5</Version>
    <Level>4</Level>
    <Task>1</Task>
    <Opcode>0</Opcode>
    <Keywords>0x8000000000000000</Keywords>
    <TimeCreated SystemTime="2024-03-18T15:52:12.1574697Z"/>
    <EventRecordID>740158</EventRecordID>
    <Correlation/>
    <Execution ProcessID="2440" ThreadID="4416"/>
    <Channel>Microsoft-Windows-Sysmon/Operational</Channel>
    <Computer>WS-PPATEL-01.meridianhcs.local</Computer>
    <Security UserID="S-1-5-18"/>
  </System>
  <EventData>
    
    <Data Name="RuleName">-</Data>
    <Data Name="UtcTime">2024-03-18 15:52:12.157</Data>
    <Data Name="ProcessGuid">{398565f9-632c-65f8-b802-0010e02f05ba}</Data>
    <Data Name="ProcessId">6500</Data>
    <Data Name="Image">C:\Program Files (x86)\Google\Update\GoogleUpdater.exe</Data>
    <Data Name="FileVersion">-</Data>
    <Data Name="Description">-</Data>
    <Data Name="Product">-</Data>
    <Data Name="Company">-</Data>
    <Data Name="OriginalFileName">-</Data>
    <Data Name="CommandLine">GoogleUpdater.exe -Embedding</Data>
    <Data Name="CurrentDirectory">C:\Windows\System32\</Data>
    <Data Name="User">NT AUTHORITY\SYSTEM</Data>
    <Data Name="LogonGuid">{00000000-0000-0000-0000-000000000000}</Data>
    <Data Name="LogonId">0x3e7</Data>
    <Data Name="TerminalSessionId">0</Data>
    <Data Name="IntegrityLevel">System</Data>
    <Data Name="Hashes">SHA1=24AF88C7C0D70B182A7348C2DAF4F251A90A132E,MD5=2513FBBCCCB4592862E55F73BAAF7A59,SHA256=F616F8B514853E182CDEEC6D1CE4D81C08452FD3172CA216FA75E894DFF25663,IMPHASH=AAD04978F326086CD7E71FF70766AFC0</Data>
    <Data Name="ParentProcessGuid">{398565f9-2043-65df-f902-0000c413d836}</Data>
    <Data Name="ParentProcessId">5032</Data>
    <Data Name="ParentImage">C:\Windows\System32\services.exe</Data>
    <Data Name="ParentCommandLine">services.exe</Data>
    <Data Name="ParentUser">NT AUTHORITY\SYSTEM</Data>
    
  </EventData>
</Event>
