<Event xmlns="http://schemas.microsoft.com/win/2004/08/events/event">
  <System>
    <Provider Name="Microsoft-Windows-Sysmon" Guid="{5770385f-c22a-43e0-bf4c-06f5698ffbd9}"/>
    <EventID>1</EventID>
    <Version>5</Version>
    <Level>4</Level>
    <Task>1</Task>
    <Opcode>0</Opcode>
    <Keywords>0x8000000000000000</Keywords>
    <TimeCreated SystemTime="2024-03-18T15:32:39.1007757Z"/>
    <EventRecordID>525502</EventRecordID>
    <Correlation/>
    <Execution ProcessID="2760" ThreadID="1792"/>
    <Channel>Microsoft-Windows-Sysmon/Operational</Channel>
    <Computer>WS-MCHEN-01.meridianhcs.local</Computer>
    <Security UserID="S-1-5-18"/>
  </System>
  <EventData>
    
    <Data Name="RuleName">-</Data>
    <Data Name="UtcTime">2024-03-18 15:32:39.100</Data>
    <Data Name="ProcessGuid">{7b2a0e3f-5e97-65f8-bf02-0000a15be2c0}</Data>
    <Data Name="ProcessId">8836</Data>
    <Data Name="Image">C:\Windows\System32\SearchProtocolHost.exe</Data>
    <Data Name="FileVersion">10.0.22621.1</Data>
    <Data Name="Description">Microsoft Windows Search Protocol Host</Data>
    <Data Name="Product">Microsoft Windows Operating System</Data>
    <Data Name="Company">Microsoft Corporation</Data>
    <Data Name="OriginalFileName">SearchProtocolHost.exe</Data>
    <Data Name="CommandLine">SearchProtocolHost.exe Global\UsGthrFltPipeMssGthrPipe_S-1-5-20 Global\UsGthrCtrlFltPipeMssGthrPipe_S-1-5-20 1</Data>
    <Data Name="CurrentDirectory">C:\Windows\System32\</Data>
    <Data Name="User">NT AUTHORITY\SYSTEM</Data>
    <Data Name="LogonGuid">{00000000-0000-0000-0000-000000000000}</Data>
    <Data Name="LogonId">0x3e7</Data>
    <Data Name="TerminalSessionId">0</Data>
    <Data Name="IntegrityLevel">System</Data>
    <Data Name="Hashes">SHA1=43216957F6B1F6C0C1C954D1CFC7F9CE3FC72B60,MD5=BA242BD070D4A866C5D58169DB10ED02,SHA256=D48FE4EDB7B572D8CF8A37CD1AFC0882D88CA17A0BE3F4615C9E5A4F608E954A,IMPHASH=E495A5C3FEEEA98E32665B0ADE2B5A18</Data>
    <Data Name="ParentProcessGuid">{7b2a0e3f-4f56-65ec-6202-00102298e014}</Data>
    <Data Name="ParentProcessId">6068</Data>
    <Data Name="ParentImage">C:\Windows\System32\SearchIndexer.exe</Data>
    <Data Name="ParentCommandLine">SearchIndexer.exe</Data>
    <Data Name="ParentUser">NT AUTHORITY\SYSTEM</Data>
    
  </EventData>
</Event>
<Event xmlns="http://schemas.microsoft.com/win/2004/08/events/event">
  <System>
    <Provider Name="Microsoft-Windows-Sysmon" Guid="{5770385f-c22a-43e0-bf4c-06f5698ffbd9}"/>
    <EventID>1</EventID>
    <Version>5</Version>
    <Level>4</Level>
    <Task>1</Task>
    <Opcode>0</Opcode>
    <Keywords>0x8000000000000000</Keywords>
    <TimeCreated SystemTime="2024-03-18T15:33:15.3121767Z"/>
    <EventRecordID>525503</EventRecordID>
    <Correlation/>
    <Execution ProcessID="2760" ThreadID="1792"/>
    <Channel>Microsoft-Windows-Sysmon/Operational</Channel>
    <Computer>WS-MCHEN-01.meridianhcs.local</Computer>
    <Security UserID="S-1-5-18"/>
  </System>
  <EventData>
    
    <Data Name="RuleName">-</Data>
    <Data Name="UtcTime">2024-03-18 15:33:15.312</Data>
    <Data Name="ProcessGuid">{7b2a0e3f-5ebb-65f8-cb00-0000ac194bdc}</Data>
    <Data Name="ProcessId">8900</Data>
    <Data Name="Image">C:\Windows\System32\svchost.exe</Data>
    <Data Name="FileVersion">10.0.22621.1</Data>
    <Data Name="Description">Host Process for Windows Services</Data>
    <Data Name="Product">Microsoft Windows Operating System</Data>
    <Data Name="Company">Microsoft Corporation</Data>
    <Data Name="OriginalFileName">svchost.exe</Data>
    <Data Name="CommandLine">svchost.exe -k netsvcs -p -s Winmgmt</Data>
    <Data Name="CurrentDirectory">C:\Windows\System32\</Data>
    <Data Name="User">NT AUTHORITY\SYSTEM</Data>
    <Data Name="LogonGuid">{00000000-0000-0000-0000-000000000000}</Data>
    <Data Name="LogonId">0x3e7</Data>
    <Data Name="TerminalSessionId">0</Data>
    <Data Name="IntegrityLevel">System</Data>
    <Data Name="Hashes">SHA1=368D2441944693B0CBA629E5ADBC34A8407C40C3,MD5=8CF7DD20664F50F77B71A622747C3D66,SHA256=139556DF0A11AAA4D60AE41B55524114829D5C419E8E043A1F46FC360C93693A,IMPHASH=FC6BB923636A32BB4D62A5991B95FB0D</Data>
    <Data Name="ParentProcessGuid">{7b2a0e3f-4f47-65ec-b400-0000d196fffd}</Data>
    <Data Name="ParentProcessId">5872</Data>
    <Data Name="ParentImage">C:\Windows\System32\services.exe</Data>
    <Data Name="ParentCommandLine">services.exe</Data>
    <Data Name="ParentUser">NT AUTHORITY\SYSTEM</Data>
    
  </EventData>
</Event>
<Event xmlns="http://schemas.microsoft.com/win/2004/08/events/event">
  <System>
    <Provider Name="Microsoft-Windows-Sysmon" Guid="{5770385f-c22a-43e0-bf4c-06f5698ffbd9}"/>
    <EventID>5</EventID>
    <Version>3</Version>
    <Level>4</Level>
    <Task>5</Task>
    <Opcode>0</Opcode>
    <Keywords>0x8000000000000000</Keywords>
    <TimeCreated SystemTime="2024-03-18T15:35:41.8282388Z"/>
    <EventRecordID>525504</EventRecordID>
    <Correlation/>
    <Execution ProcessID="2760" ThreadID="1792"/>
    <Channel>Microsoft-Windows-Sysmon/Operational</Channel>
    <Computer>WS-MCHEN-01.meridianhcs.local</Computer>
    <Security UserID="S-1-5-18"/>
  </System>
  <EventData>
    
    <Data Name="RuleName">-</Data>
    <Data Name="UtcTime">2024-03-18 15:35:41.828</Data>
    <Data Name="ProcessGuid">{7b2a0e3f-5de6-65f8-8000-0010ae45498d}</Data>
    <Data Name="ProcessId">9052</Data>
    <Data Name="Image">C:\Windows\System32\OpenSSH\ssh.exe</Data>
    <Data Name="User">MERIDIANHCS\marcus.chen</Data>
    
  </EventData>
</Event>
<Event xmlns="http://schemas.microsoft.com/win/2004/08/events/event">
  <System>
    <Provider Name="Microsoft-Windows-Sysmon" Guid="{5770385f-c22a-43e0-bf4c-06f5698ffbd9}"/>
    <EventID>1</EventID>
    <Version>5</Version>
    <Level>4</Level>
    <Task>1</Task>
    <Opcode>0</Opcode>
    <Keywords>0x8000000000000000</Keywords>
    <TimeCreated SystemTime="2024-03-18T15:39:24.0510742Z"/>
    <EventRecordID>525506</EventRecordID>
    <Correlation/>
    <Execution ProcessID="2760" ThreadID="1792"/>
    <Channel>Microsoft-Windows-Sysmon/Operational</Channel>
    <Computer>WS-MCHEN-01.meridianhcs.local</Computer>
    <Security UserID="S-1-5-18"/>
  </System>
  <EventData>
    
    <Data Name="RuleName">-</Data>
    <Data Name="UtcTime">2024-03-18 15:39:24.051</Data>
    <Data Name="ProcessGuid">{7b2a0e3f-602c-65f8-4d00-0010d61672f4}</Data>
    <Data Name="ProcessId">9024</Data>
    <Data Name="Image">C:\Windows\System32\OpenSSH\ssh.exe</Data>
    <Data Name="FileVersion">8.6.0.1</Data>
    <Data Name="Description">OpenSSH SSH client</Data>
    <Data Name="Product">OpenSSH for Windows</Data>
    <Data Name="Company">Microsoft Corporation</Data>
    <Data Name="OriginalFileName">ssh.exe</Data>
    <Data Name="CommandLine">ssh.exe marcus.chen@MAIL-CLIN-01.meridianhcs.local</Data>
    <Data Name="CurrentDirectory">C:\Users\marcus.chen\</Data>
    <Data Name="User">MERIDIANHCS\marcus.chen</Data>
    <Data Name="LogonGuid">{00000000-0000-0000-0000-000000000000}</Data>
    <Data Name="LogonId">0x6c8581e</Data>
    <Data Name="TerminalSessionId">1</Data>
    <Data Name="IntegrityLevel">Medium</Data>
    <Data Name="Hashes">SHA1=34EDBE1F2503BED1B1F8F387974ACB65F632C21B,MD5=177AE85C74B6D0BB9FC040A42BF2CAC0,SHA256=5CA44FEC35D64819E1CF357648C98073ACA2AEF9816F8FA375095783B3AC3EE1,IMPHASH=62F7B0310260F97B5078263292DD1CBA</Data>
    <Data Name="ParentProcessGuid">{7b2a0e3f-3671-65f8-3f00-00105e1d3fbe}</Data>
    <Data Name="ParentProcessId">7244</Data>
    <Data Name="ParentImage">C:\Windows\explorer.exe</Data>
    <Data Name="ParentCommandLine">explorer.exe</Data>
    <Data Name="ParentUser">MERIDIANHCS\marcus.chen</Data>
    
  </EventData>
</Event>
<Event xmlns="http://schemas.microsoft.com/win/2004/08/events/event">
  <System>
    <Provider Name="Microsoft-Windows-Sysmon" Guid="{5770385f-c22a-43e0-bf4c-06f5698ffbd9}"/>
    <EventID>3</EventID>
    <Version>5</Version>
    <Level>4</Level>
    <Task>3</Task>
    <Opcode>0</Opcode>
    <Keywords>0x8000000000000000</Keywords>
    <TimeCreated SystemTime="2024-03-18T15:39:24.2943935Z"/>
    <EventRecordID>525507</EventRecordID>
    <Correlation/>
    <Execution ProcessID="2760" ThreadID="3324"/>
    <Channel>Microsoft-Windows-Sysmon/Operational</Channel>
    <Computer>WS-MCHEN-01.meridianhcs.local</Computer>
    <Security UserID="S-1-5-18"/>
  </System>
  <EventData>
    
    <Data Name="RuleName">-</Data>
    <Data Name="UtcTime">2024-03-18 15:39:24.294</Data>
    <Data Name="ProcessGuid">{7b2a0e3f-4f4f-65ec-9302-0000328a62d2}</Data>
    <Data Name="ProcessId">5916</Data>
    <Data Name="Image">C:\Windows\System32\svchost.exe</Data>
    <Data Name="User">NT AUTHORITY\LOCAL SERVICE</Data>
    <Data Name="Protocol">udp</Data>
    <Data Name="Initiated">true</Data>
    <Data Name="SourceIsIpv6">false</Data>
    <Data Name="SourceIp">10.10.1.31</Data>
    <Data Name="SourceHostname">WS-MCHEN-01.meridianhcs.local</Data>
    <Data Name="SourcePort">61844</Data>
    <Data Name="SourcePortName">-</Data>
    <Data Name="DestinationIsIpv6">false</Data>
    <Data Name="DestinationIp">10.10.2.10</Data>
    <Data Name="DestinationHostname">DC-01.meridianhcs.local</Data>
    <Data Name="DestinationPort">53</Data>
    <Data Name="DestinationPortName">domain</Data>
    
  </EventData>
</Event>
<Event xmlns="http://schemas.microsoft.com/win/2004/08/events/event">
  <System>
    <Provider Name="Microsoft-Windows-Sysmon" Guid="{5770385f-c22a-43e0-bf4c-06f5698ffbd9}"/>
    <EventID>22</EventID>
    <Version>5</Version>
    <Level>4</Level>
    <Task>22</Task>
    <Opcode>0</Opcode>
    <Keywords>0x8000000000000000</Keywords>
    <TimeCreated SystemTime="2024-03-18T15:39:24.5501662Z"/>
    <EventRecordID>525508</EventRecordID>
    <Correlation/>
    <Execution ProcessID="2760" ThreadID="2500"/>
    <Channel>Microsoft-Windows-Sysmon/Operational</Channel>
    <Computer>WS-MCHEN-01.meridianhcs.local</Computer>
    <Security UserID="S-1-5-18"/>
  </System>
  <EventData>
    
    <Data Name="RuleName">-</Data>
    <Data Name="UtcTime">2024-03-18 15:39:24.550</Data>
    <Data Name="ProcessGuid">{7b2a0e3f-602c-65f8-4d00-0010d61672f4}</Data>
    <Data Name="ProcessId">9024</Data>
    <Data Name="QueryName">26.2.10.10.in-addr.arpa</Data>
    <Data Name="QueryStatus">0</Data>
    <Data Name="QueryResults">MAIL-CLIN-01.meridianhcs.local;</Data>
    <Data Name="Image">C:\Windows\System32\OpenSSH\ssh.exe</Data>
    <Data Name="User">MERIDIANHCS\marcus.chen</Data>
    
  </EventData>
</Event>
<Event xmlns="http://schemas.microsoft.com/win/2004/08/events/event">
  <System>
    <Provider Name="Microsoft-Windows-Sysmon" Guid="{5770385f-c22a-43e0-bf4c-06f5698ffbd9}"/>
    <EventID>22</EventID>
    <Version>5</Version>
    <Level>4</Level>
    <Task>22</Task>
    <Opcode>0</Opcode>
    <Keywords>0x8000000000000000</Keywords>
    <TimeCreated SystemTime="2024-03-18T15:39:24.8367368Z"/>
    <EventRecordID>525509</EventRecordID>
    <Correlation/>
    <Execution ProcessID="2760" ThreadID="1792"/>
    <Channel>Microsoft-Windows-Sysmon/Operational</Channel>
    <Computer>WS-MCHEN-01.meridianhcs.local</Computer>
    <Security UserID="S-1-5-18"/>
  </System>
  <EventData>
    
    <Data Name="RuleName">-</Data>
    <Data Name="UtcTime">2024-03-18 15:39:24.836</Data>
    <Data Name="ProcessGuid">{7b2a0e3f-602c-65f8-4d00-0010d61672f4}</Data>
    <Data Name="ProcessId">9024</Data>
    <Data Name="QueryName">MAIL-CLIN-01.meridianhcs.local</Data>
    <Data Name="QueryStatus">0</Data>
    <Data Name="QueryResults">10.10.2.26;</Data>
    <Data Name="Image">C:\Windows\System32\OpenSSH\ssh.exe</Data>
    <Data Name="User">MERIDIANHCS\marcus.chen</Data>
    
  </EventData>
</Event>
<Event xmlns="http://schemas.microsoft.com/win/2004/08/events/event">
  <System>
    <Provider Name="Microsoft-Windows-Sysmon" Guid="{5770385f-c22a-43e0-bf4c-06f5698ffbd9}"/>
    <EventID>3</EventID>
    <Version>5</Version>
    <Level>4</Level>
    <Task>3</Task>
    <Opcode>0</Opcode>
    <Keywords>0x8000000000000000</Keywords>
    <TimeCreated SystemTime="2024-03-18T15:39:26.3266911Z"/>
    <EventRecordID>525510</EventRecordID>
    <Correlation/>
    <Execution ProcessID="2760" ThreadID="1204"/>
    <Channel>Microsoft-Windows-Sysmon/Operational</Channel>
    <Computer>WS-MCHEN-01.meridianhcs.local</Computer>
    <Security UserID="S-1-5-18"/>
  </System>
  <EventData>
    
    <Data Name="RuleName">-</Data>
    <Data Name="UtcTime">2024-03-18 15:39:26.326</Data>
    <Data Name="ProcessGuid">{7b2a0e3f-602c-65f8-4d00-0010d61672f4}</Data>
    <Data Name="ProcessId">9024</Data>
    <Data Name="Image">C:\Windows\System32\OpenSSH\ssh.exe</Data>
    <Data Name="User">MERIDIANHCS\marcus.chen</Data>
    <Data Name="Protocol">tcp</Data>
    <Data Name="Initiated">true</Data>
    <Data Name="SourceIsIpv6">false</Data>
    <Data Name="SourceIp">10.10.1.31</Data>
    <Data Name="SourceHostname">WS-MCHEN-01.meridianhcs.local</Data>
    <Data Name="SourcePort">52580</Data>
    <Data Name="SourcePortName">-</Data>
    <Data Name="DestinationIsIpv6">false</Data>
    <Data Name="DestinationIp">10.10.2.26</Data>
    <Data Name="DestinationHostname">MAIL-CLIN-01.meridianhcs.local</Data>
    <Data Name="DestinationPort">22</Data>
    <Data Name="DestinationPortName">ssh</Data>
    
  </EventData>
</Event>
<Event xmlns="http://schemas.microsoft.com/win/2004/08/events/event">
  <System>
    <Provider Name="Microsoft-Windows-Sysmon" Guid="{5770385f-c22a-43e0-bf4c-06f5698ffbd9}"/>
    <EventID>5</EventID>
    <Version>3</Version>
    <Level>4</Level>
    <Task>5</Task>
    <Opcode>0</Opcode>
    <Keywords>0x8000000000000000</Keywords>
    <TimeCreated SystemTime="2024-03-18T15:39:52.9246586Z"/>
    <EventRecordID>525511</EventRecordID>
    <Correlation/>
    <Execution ProcessID="2760" ThreadID="1792"/>
    <Channel>Microsoft-Windows-Sysmon/Operational</Channel>
    <Computer>WS-MCHEN-01.meridianhcs.local</Computer>
    <Security UserID="S-1-5-18"/>
  </System>
  <EventData>
    
    <Data Name="RuleName">-</Data>
    <Data Name="UtcTime">2024-03-18 15:39:52.924</Data>
    <Data Name="ProcessGuid">{7b2a0e3f-518a-65f8-0e02-00003167d945}</Data>
    <Data Name="ProcessId">7976</Data>
    <Data Name="Image">C:\Program Files (x86)\Cisco\Cisco AnyConnect Secure Mobility Client\vpnui.exe</Data>
    <Data Name="User">MERIDIANHCS\marcus.chen</Data>
    
  </EventData>
</Event>
<Event xmlns="http://schemas.microsoft.com/win/2004/08/events/event">
  <System>
    <Provider Name="Microsoft-Windows-Sysmon" Guid="{5770385f-c22a-43e0-bf4c-06f5698ffbd9}"/>
    <EventID>22</EventID>
    <Version>5</Version>
    <Level>4</Level>
    <Task>22</Task>
    <Opcode>0</Opcode>
    <Keywords>0x8000000000000000</Keywords>
    <TimeCreated SystemTime="2024-03-18T15:39:53.9544560Z"/>
    <EventRecordID>525512</EventRecordID>
    <Correlation/>
    <Execution ProcessID="2760" ThreadID="1792"/>
    <Channel>Microsoft-Windows-Sysmon/Operational</Channel>
    <Computer>WS-MCHEN-01.meridianhcs.local</Computer>
    <Security UserID="S-1-5-18"/>
  </System>
  <EventData>
    
    <Data Name="RuleName">-</Data>
    <Data Name="UtcTime">2024-03-18 15:39:53.954</Data>
    <Data Name="ProcessGuid">{7b2a0e3f-4f4f-65ec-9302-0000328a62d2}</Data>
    <Data Name="ProcessId">5916</Data>
    <Data Name="QueryName">mail.meridianhcs.com</Data>
    <Data Name="QueryStatus">0</Data>
    <Data Name="QueryResults">10.10.2.25;</Data>
    <Data Name="Image">C:\Windows\System32\svchost.exe</Data>
    <Data Name="User">NT AUTHORITY\LOCAL SERVICE</Data>
    
  </EventData>
</Event>
<Event xmlns="http://schemas.microsoft.com/win/2004/08/events/event">
  <System>
    <Provider Name="Microsoft-Windows-Sysmon" Guid="{5770385f-c22a-43e0-bf4c-06f5698ffbd9}"/>
    <EventID>22</EventID>
    <Version>5</Version>
    <Level>4</Level>
    <Task>22</Task>
    <Opcode>0</Opcode>
    <Keywords>0x8000000000000000</Keywords>
    <TimeCreated SystemTime="2024-03-18T15:39:55.3265782Z"/>
    <EventRecordID>525513</EventRecordID>
    <Correlation/>
    <Execution ProcessID="2760" ThreadID="1792"/>
    <Channel>Microsoft-Windows-Sysmon/Operational</Channel>
    <Computer>WS-MCHEN-01.meridianhcs.local</Computer>
    <Security UserID="S-1-5-18"/>
  </System>
  <EventData>
    
    <Data Name="RuleName">-</Data>
    <Data Name="UtcTime">2024-03-18 15:39:55.326</Data>
    <Data Name="ProcessGuid">{7b2a0e3f-3674-65f8-4800-0000b82a7fe2}</Data>
    <Data Name="ProcessId">8344</Data>
    <Data Name="QueryName">isatap</Data>
    <Data Name="QueryStatus">9003</Data>
    <Data Name="QueryResults">-</Data>
    <Data Name="Image">C:\Program Files\Microsoft Office\root\Office16\OUTLOOK.EXE</Data>
    <Data Name="User">MERIDIANHCS\marcus.chen</Data>
    
  </EventData>
</Event>
<Event xmlns="http://schemas.microsoft.com/win/2004/08/events/event">
  <System>
    <Provider Name="Microsoft-Windows-Sysmon" Guid="{5770385f-c22a-43e0-bf4c-06f5698ffbd9}"/>
    <EventID>5</EventID>
    <Version>3</Version>
    <Level>4</Level>
    <Task>5</Task>
    <Opcode>0</Opcode>
    <Keywords>0x8000000000000000</Keywords>
    <TimeCreated SystemTime="2024-03-18T15:40:08.9317858Z"/>
    <EventRecordID>525514</EventRecordID>
    <Correlation/>
    <Execution ProcessID="2760" ThreadID="1792"/>
    <Channel>Microsoft-Windows-Sysmon/Operational</Channel>
    <Computer>WS-MCHEN-01.meridianhcs.local</Computer>
    <Security UserID="S-1-5-18"/>
  </System>
  <EventData>
    
    <Data Name="RuleName">-</Data>
    <Data Name="UtcTime">2024-03-18 15:40:08.931</Data>
    <Data Name="ProcessGuid">{7b2a0e3f-5a50-65f8-7f00-00106b7750c9}</Data>
    <Data Name="ProcessId">9048</Data>
    <Data Name="Image">C:\Windows\System32\OpenSSH\ssh.exe</Data>
    <Data Name="User">MERIDIANHCS\marcus.chen</Data>
    
  </EventData>
</Event>
<Event xmlns="http://schemas.microsoft.com/win/2004/08/events/event">
  <System>
    <Provider Name="Microsoft-Windows-Sysmon" Guid="{5770385f-c22a-43e0-bf4c-06f5698ffbd9}"/>
    <EventID>22</EventID>
    <Version>5</Version>
    <Level>4</Level>
    <Task>22</Task>
    <Opcode>0</Opcode>
    <Keywords>0x8000000000000000</Keywords>
    <TimeCreated SystemTime="2024-03-18T15:46:06.9443343Z"/>
    <EventRecordID>525515</EventRecordID>
    <Correlation/>
    <Execution ProcessID="2760" ThreadID="3324"/>
    <Channel>Microsoft-Windows-Sysmon/Operational</Channel>
    <Computer>WS-MCHEN-01.meridianhcs.local</Computer>
    <Security UserID="S-1-5-18"/>
  </System>
  <EventData>
    
    <Data Name="RuleName">-</Data>
    <Data Name="UtcTime">2024-03-18 15:46:06.944</Data>
    <Data Name="ProcessGuid">{7b2a0e3f-4f4f-65ec-9302-0000328a62d2}</Data>
    <Data Name="ProcessId">5916</Data>
    <Data Name="QueryName">DC-01.meridianhcs.local</Data>
    <Data Name="QueryStatus">0</Data>
    <Data Name="QueryResults">10.10.2.10;</Data>
    <Data Name="Image">C:\Windows\System32\svchost.exe</Data>
    <Data Name="User">NT AUTHORITY\LOCAL SERVICE</Data>
    
  </EventData>
</Event>
<Event xmlns="http://schemas.microsoft.com/win/2004/08/events/event">
  <System>
    <Provider Name="Microsoft-Windows-Sysmon" Guid="{5770385f-c22a-43e0-bf4c-06f5698ffbd9}"/>
    <EventID>1</EventID>
    <Version>5</Version>
    <Level>4</Level>
    <Task>1</Task>
    <Opcode>0</Opcode>
    <Keywords>0x8000000000000000</Keywords>
    <TimeCreated SystemTime="2024-03-18T15:46:14.0368799Z"/>
    <EventRecordID>525516</EventRecordID>
    <Correlation/>
    <Execution ProcessID="2760" ThreadID="3324"/>
    <Channel>Microsoft-Windows-Sysmon/Operational</Channel>
    <Computer>WS-MCHEN-01.meridianhcs.local</Computer>
    <Security UserID="S-1-5-18"/>
  </System>
  <EventData>
    
    <Data Name="RuleName">-</Data>
    <Data Name="UtcTime">2024-03-18 15:46:14.036</Data>
    <Data Name="ProcessGuid">{7b2a0e3f-61c6-65f8-c200-0010dcfb6006}</Data>
    <Data Name="ProcessId">8740</Data>
    <Data Name="Image">C:\Program Files\Cisco Spark\Webex.exe</Data>
    <Data Name="FileVersion">44.4.0.28421</Data>
    <Data Name="Description">Cisco Webex</Data>
    <Data Name="Product">Cisco Webex</Data>
    <Data Name="Company">Cisco Systems, Inc.</Data>
    <Data Name="OriginalFileName">Webex.exe</Data>
    <Data Name="CommandLine">"C:\Program Files\Cisco Spark\Webex.exe" --url=https://app.slack.com/client/T01234567</Data>
    <Data Name="CurrentDirectory">C:\Program Files\Cisco Spark\</Data>
    <Data Name="User">MERIDIANHCS\sophia.martinez</Data>
    <Data Name="LogonGuid">{00000000-0000-0000-0000-000000000000}</Data>
    <Data Name="LogonId">0x6df539d</Data>
    <Data Name="TerminalSessionId">8</Data>
    <Data Name="IntegrityLevel">Medium</Data>
    <Data Name="Hashes">SHA1=B84116C0DEEB5E98ECB484DE9FA0CAA81BAFCC02,MD5=987DBA459398443115153DD36D50B70C,SHA256=3E21E31DECB72E6850C4A6CB9E06E4D86227AEAEC9CEDB6C2210B75E455290A6,IMPHASH=663DCA131FD22D5B403FB2FA0791FC1E</Data>
    <Data Name="ParentProcessGuid">{7b2a0e3f-617f-65f8-ab00-00009d2ad321}</Data>
    <Data Name="ParentProcessId">8636</Data>
    <Data Name="ParentImage">C:\Windows\explorer.exe</Data>
    <Data Name="ParentCommandLine">explorer.exe</Data>
    <Data Name="ParentUser">MERIDIANHCS\sophia.martinez</Data>
    
  </EventData>
</Event>
<Event xmlns="http://schemas.microsoft.com/win/2004/08/events/event">
  <System>
    <Provider Name="Microsoft-Windows-Sysmon" Guid="{5770385f-c22a-43e0-bf4c-06f5698ffbd9}"/>
    <EventID>7</EventID>
    <Version>3</Version>
    <Level>4</Level>
    <Task>7</Task>
    <Opcode>0</Opcode>
    <Keywords>0x8000000000000000</Keywords>
    <TimeCreated SystemTime="2024-03-18T15:46:14.0380131Z"/>
    <EventRecordID>525517</EventRecordID>
    <Correlation/>
    <Execution ProcessID="2760" ThreadID="3324"/>
    <Channel>Microsoft-Windows-Sysmon/Operational</Channel>
    <Computer>WS-MCHEN-01.meridianhcs.local</Computer>
    <Security UserID="S-1-5-18"/>
  </System>
  <EventData>
    
    <Data Name="RuleName">-</Data>
    <Data Name="UtcTime">2024-03-18 15:46:14.038</Data>
    <Data Name="ProcessGuid">{7b2a0e3f-61c6-65f8-c200-0010dcfb6006}</Data>
    <Data Name="ProcessId">8740</Data>
    <Data Name="Image">C:\Program Files\Cisco Spark\Webex.exe</Data>
    <Data Name="ImageLoaded">C:\Program Files\Cisco Spark\WebexHost.dll</Data>
    <Data Name="FileVersion">44.4.0.28421</Data>
    <Data Name="Description">Cisco Webex Host</Data>
    <Data Name="Product">Cisco Webex</Data>
    <Data Name="Company">Cisco Systems, Inc.</Data>
    <Data Name="OriginalFileName">WebexHost.dll</Data>
    <Data Name="Hashes">SHA1=A978906769A29ECD3E6C9151C247EB0CEBB51DE9,MD5=115D1BB2EC1C3BEBC5FF5B5889377D53,SHA256=97EFF9C07491810CD84F67CFC49A8FA96457B99703BD087826B40C2532122103,IMPHASH=41A61349BBA73F216990EAF13255F2EA</Data>
    <Data Name="Signed">true</Data>
    <Data Name="Signature">Cisco Systems, Inc.</Data>
    <Data Name="SignatureStatus">Valid</Data>
    <Data Name="User">MERIDIANHCS\sophia.martinez</Data>
    
  </EventData>
</Event>
<Event xmlns="http://schemas.microsoft.com/win/2004/08/events/event">
  <System>
    <Provider Name="Microsoft-Windows-Sysmon" Guid="{5770385f-c22a-43e0-bf4c-06f5698ffbd9}"/>
    <EventID>3</EventID>
    <Version>5</Version>
    <Level>4</Level>
    <Task>3</Task>
    <Opcode>0</Opcode>
    <Keywords>0x8000000000000000</Keywords>
    <TimeCreated SystemTime="2024-03-18T15:46:14.7381065Z"/>
    <EventRecordID>525518</EventRecordID>
    <Correlation/>
    <Execution ProcessID="2760" ThreadID="3324"/>
    <Channel>Microsoft-Windows-Sysmon/Operational</Channel>
    <Computer>WS-MCHEN-01.meridianhcs.local</Computer>
    <Security UserID="S-1-5-18"/>
  </System>
  <EventData>
    
    <Data Name="RuleName">-</Data>
    <Data Name="UtcTime">2024-03-18 15:46:14.738</Data>
    <Data Name="ProcessGuid">{7b2a0e3f-393c-65f8-ad00-0010c5cdb255}</Data>
    <Data Name="ProcessId">7292</Data>
    <Data Name="Image">C:\Program Files (x86)\Microsoft\Edge\Application\msedge.exe</Data>
    <Data Name="User">MERIDIANHCS\marcus.chen</Data>
    <Data Name="Protocol">tcp</Data>
    <Data Name="Initiated">true</Data>
    <Data Name="SourceIsIpv6">false</Data>
    <Data Name="SourceIp">10.10.1.31</Data>
    <Data Name="SourceHostname">WS-MCHEN-01.meridianhcs.local</Data>
    <Data Name="SourcePort">63227</Data>
    <Data Name="SourcePortName">-</Data>
    <Data Name="DestinationIsIpv6">false</Data>
    <Data Name="DestinationIp">10.10.3.20</Data>
    <Data Name="DestinationHostname">PROXY-01.meridianhcs.local</Data>
    <Data Name="DestinationPort">8080</Data>
    <Data Name="DestinationPortName">http-alt</Data>
    
  </EventData>
</Event>
<Event xmlns="http://schemas.microsoft.com/win/2004/08/events/event">
  <System>
    <Provider Name="Microsoft-Windows-Sysmon" Guid="{5770385f-c22a-43e0-bf4c-06f5698ffbd9}"/>
    <EventID>13</EventID>
    <Version>2</Version>
    <Level>4</Level>
    <Task>13</Task>
    <Opcode>0</Opcode>
    <Keywords>0x8000000000000000</Keywords>
    <TimeCreated SystemTime="2024-03-18T15:46:37.4757993Z"/>
    <EventRecordID>525519</EventRecordID>
    <Correlation/>
    <Execution ProcessID="2760" ThreadID="1792"/>
    <Channel>Microsoft-Windows-Sysmon/Operational</Channel>
    <Computer>WS-MCHEN-01.meridianhcs.local</Computer>
    <Security UserID="S-1-5-18"/>
  </System>
  <EventData>
    
    <Data Name="RuleName">-</Data>
    <Data Name="EventType">SetValue</Data>
    <Data Name="UtcTime">2024-03-18 15:46:37.475</Data>
    <Data Name="ProcessGuid">{7b2a0e3f-4f47-65ec-b400-0000d196fffd}</Data>
    <Data Name="ProcessId">5872</Data>
    <Data Name="Image">C:\Windows\System32\services.exe</Data>
    <Data Name="TargetObject">HKLM\SOFTWARE\Microsoft\Windows\CurrentVersion\Component Based Servicing\Packages\Package_for_KB5034122~31bf3856ad364e35~amd64~~10.0.22621.32\CurrentState</Data>
    <Data Name="Details">DWORD (0x00000070)</Data>
    <Data Name="User">NT AUTHORITY\SYSTEM</Data>
    
  </EventData>
</Event>
<Event xmlns="http://schemas.microsoft.com/win/2004/08/events/event">
  <System>
    <Provider Name="Microsoft-Windows-Sysmon" Guid="{5770385f-c22a-43e0-bf4c-06f5698ffbd9}"/>
    <EventID>3</EventID>
    <Version>5</Version>
    <Level>4</Level>
    <Task>3</Task>
    <Opcode>0</Opcode>
    <Keywords>0x8000000000000000</Keywords>
    <TimeCreated SystemTime="2024-03-18T15:46:38.2667831Z"/>
    <EventRecordID>525520</EventRecordID>
    <Correlation/>
    <Execution ProcessID="2760" ThreadID="3324"/>
    <Channel>Microsoft-Windows-Sysmon/Operational</Channel>
    <Computer>WS-MCHEN-01.meridianhcs.local</Computer>
    <Security UserID="S-1-5-18"/>
  </System>
  <EventData>
    
    <Data Name="RuleName">-</Data>
    <Data Name="UtcTime">2024-03-18 15:46:38.266</Data>
    <Data Name="ProcessGuid">{7b2a0e3f-393c-65f8-ad00-0010c5cdb255}</Data>
    <Data Name="ProcessId">7292</Data>
    <Data Name="Image">C:\Program Files (x86)\Microsoft\Edge\Application\msedge.exe</Data>
    <Data Name="User">MERIDIANHCS\marcus.chen</Data>
    <Data Name="Protocol">tcp</Data>
    <Data Name="Initiated">true</Data>
    <Data Name="SourceIsIpv6">false</Data>
    <Data Name="SourceIp">10.10.1.31</Data>
    <Data Name="SourceHostname">WS-MCHEN-01.meridianhcs.local</Data>
    <Data Name="SourcePort">59359</Data>
    <Data Name="SourcePortName">-</Data>
    <Data Name="DestinationIsIpv6">false</Data>
    <Data Name="DestinationIp">10.10.3.20</Data>
    <Data Name="DestinationHostname">PROXY-01.meridianhcs.local</Data>
    <Data Name="DestinationPort">8080</Data>
    <Data Name="DestinationPortName">http-alt</Data>
    
  </EventData>
</Event>
<Event xmlns="http://schemas.microsoft.com/win/2004/08/events/event">
  <System>
    <Provider Name="Microsoft-Windows-Sysmon" Guid="{5770385f-c22a-43e0-bf4c-06f5698ffbd9}"/>
    <EventID>3</EventID>
    <Version>5</Version>
    <Level>4</Level>
    <Task>3</Task>
    <Opcode>0</Opcode>
    <Keywords>0x8000000000000000</Keywords>
    <TimeCreated SystemTime="2024-03-18T15:46:43.8189578Z"/>
    <EventRecordID>525521</EventRecordID>
    <Correlation/>
    <Execution ProcessID="2760" ThreadID="3324"/>
    <Channel>Microsoft-Windows-Sysmon/Operational</Channel>
    <Computer>WS-MCHEN-01.meridianhcs.local</Computer>
    <Security UserID="S-1-5-18"/>
  </System>
  <EventData>
    
    <Data Name="RuleName">-</Data>
    <Data Name="UtcTime">2024-03-18 15:46:43.818</Data>
    <Data Name="ProcessGuid">{7b2a0e3f-393c-65f8-ad00-0010c5cdb255}</Data>
    <Data Name="ProcessId">7292</Data>
    <Data Name="Image">C:\Program Files (x86)\Microsoft\Edge\Application\msedge.exe</Data>
    <Data Name="User">MERIDIANHCS\marcus.chen</Data>
    <Data Name="Protocol">tcp</Data>
    <Data Name="Initiated">true</Data>
    <Data Name="SourceIsIpv6">false</Data>
    <Data Name="SourceIp">10.10.1.31</Data>
    <Data Name="SourceHostname">WS-MCHEN-01.meridianhcs.local</Data>
    <Data Name="SourcePort">57650</Data>
    <Data Name="SourcePortName">-</Data>
    <Data Name="DestinationIsIpv6">false</Data>
    <Data Name="DestinationIp">10.10.3.20</Data>
    <Data Name="DestinationHostname">PROXY-01.meridianhcs.local</Data>
    <Data Name="DestinationPort">8080</Data>
    <Data Name="DestinationPortName">http-alt</Data>
    
  </EventData>
</Event>
<Event xmlns="http://schemas.microsoft.com/win/2004/08/events/event">
  <System>
    <Provider Name="Microsoft-Windows-Sysmon" Guid="{5770385f-c22a-43e0-bf4c-06f5698ffbd9}"/>
    <EventID>3</EventID>
    <Version>5</Version>
    <Level>4</Level>
    <Task>3</Task>
    <Opcode>0</Opcode>
    <Keywords>0x8000000000000000</Keywords>
    <TimeCreated SystemTime="2024-03-18T15:46:45.3345966Z"/>
    <EventRecordID>525522</EventRecordID>
    <Correlation/>
    <Execution ProcessID="2760" ThreadID="3324"/>
    <Channel>Microsoft-Windows-Sysmon/Operational</Channel>
    <Computer>WS-MCHEN-01.meridianhcs.local</Computer>
    <Security UserID="S-1-5-18"/>
  </System>
  <EventData>
    
    <Data Name="RuleName">-</Data>
    <Data Name="UtcTime">2024-03-18 15:46:45.334</Data>
    <Data Name="ProcessGuid">{7b2a0e3f-393c-65f8-ad00-0010c5cdb255}</Data>
    <Data Name="ProcessId">7292</Data>
    <Data Name="Image">C:\Program Files (x86)\Microsoft\Edge\Application\msedge.exe</Data>
    <Data Name="User">MERIDIANHCS\marcus.chen</Data>
    <Data Name="Protocol">tcp</Data>
    <Data Name="Initiated">true</Data>
    <Data Name="SourceIsIpv6">false</Data>
    <Data Name="SourceIp">10.10.1.31</Data>
    <Data Name="SourceHostname">WS-MCHEN-01.meridianhcs.local</Data>
    <Data Name="SourcePort">53876</Data>
    <Data Name="SourcePortName">-</Data>
    <Data Name="DestinationIsIpv6">false</Data>
    <Data Name="DestinationIp">10.10.3.20</Data>
    <Data Name="DestinationHostname">PROXY-01.meridianhcs.local</Data>
    <Data Name="DestinationPort">8080</Data>
    <Data Name="DestinationPortName">http-alt</Data>
    
  </EventData>
</Event>
<Event xmlns="http://schemas.microsoft.com/win/2004/08/events/event">
  <System>
    <Provider Name="Microsoft-Windows-Sysmon" Guid="{5770385f-c22a-43e0-bf4c-06f5698ffbd9}"/>
    <EventID>1</EventID>
    <Version>5</Version>
    <Level>4</Level>
    <Task>1</Task>
    <Opcode>0</Opcode>
    <Keywords>0x8000000000000000</Keywords>
    <TimeCreated SystemTime="2024-03-18T15:46:58.8283438Z"/>
    <EventRecordID>525523</EventRecordID>
    <Correlation/>
    <Execution ProcessID="2760" ThreadID="3324"/>
    <Channel>Microsoft-Windows-Sysmon/Operational</Channel>
    <Computer>WS-MCHEN-01.meridianhcs.local</Computer>
    <Security UserID="S-1-5-18"/>
  </System>
  <EventData>
    
    <Data Name="RuleName">-</Data>
    <Data Name="UtcTime">2024-03-18 15:46:58.828</Data>
    <Data Name="ProcessGuid">{7b2a0e3f-61f2-65f8-f200-0000cf074483}</Data>
    <Data Name="ProcessId">8652</Data>
    <Data Name="Image">C:\Windows\System32\mstsc.exe</Data>
    <Data Name="FileVersion">10.0.22621.1</Data>
    <Data Name="Description">Remote Desktop Connection</Data>
    <Data Name="Product">Microsoft Windows Operating System</Data>
    <Data Name="Company">Microsoft Corporation</Data>
    <Data Name="OriginalFileName">mstsc.exe</Data>
    <Data Name="CommandLine">mstsc.exe /v:WS-SMARTINEZ-01</Data>
    <Data Name="CurrentDirectory">C:\Windows\System32\</Data>
    <Data Name="User">MERIDIANHCS\sophia.martinez</Data>
    <Data Name="LogonGuid">{00000000-0000-0000-0000-000000000000}</Data>
    <Data Name="LogonId">0x6df539d</Data>
    <Data Name="TerminalSessionId">8</Data>
    <Data Name="IntegrityLevel">Medium</Data>
    <Data Name="Hashes">SHA1=E6E36D2FC9772680CAA626321052A0C9D56D307A,MD5=D279444AE4C9D8B7840B8A914D0D3419,SHA256=07030FD178093090E1B1A171374910B6868B60F1E452940FB8F03806C324C621,IMPHASH=8C24FC2F939A9A509FBC0B5C81CBAA47</Data>
    <Data Name="ParentProcessGuid">{7b2a0e3f-617f-65f8-ab00-00009d2ad321}</Data>
    <Data Name="ParentProcessId">8636</Data>
    <Data Name="ParentImage">C:\Windows\explorer.exe</Data>
    <Data Name="ParentCommandLine">explorer.exe</Data>
    <Data Name="ParentUser">MERIDIANHCS\sophia.martinez</Data>
    
  </EventData>
</Event>
<Event xmlns="http://schemas.microsoft.com/win/2004/08/events/event">
  <System>
    <Provider Name="Microsoft-Windows-Sysmon" Guid="{5770385f-c22a-43e0-bf4c-06f5698ffbd9}"/>
    <EventID>22</EventID>
    <Version>5</Version>
    <Level>4</Level>
    <Task>22</Task>
    <Opcode>0</Opcode>
    <Keywords>0x8000000000000000</Keywords>
    <TimeCreated SystemTime="2024-03-18T15:46:58.8292999Z"/>
    <EventRecordID>525524</EventRecordID>
    <Correlation/>
    <Execution ProcessID="2760" ThreadID="3324"/>
    <Channel>Microsoft-Windows-Sysmon/Operational</Channel>
    <Computer>WS-MCHEN-01.meridianhcs.local</Computer>
    <Security UserID="S-1-5-18"/>
  </System>
  <EventData>
    
    <Data Name="RuleName">-</Data>
    <Data Name="UtcTime">2024-03-18 15:46:58.829</Data>
    <Data Name="ProcessGuid">{7b2a0e3f-61f2-65f8-f200-0000cf074483}</Data>
    <Data Name="ProcessId">8652</Data>
    <Data Name="QueryName">_ldap._tcp.meridianhcs.local</Data>
    <Data Name="QueryStatus">0</Data>
    <Data Name="QueryResults">0 100 389 DC-01.meridianhcs.local;</Data>
    <Data Name="Image">C:\Windows\System32\mstsc.exe</Data>
    <Data Name="User">MERIDIANHCS\sophia.martinez</Data>
    
  </EventData>
</Event>
<Event xmlns="http://schemas.microsoft.com/win/2004/08/events/event">
  <System>
    <Provider Name="Microsoft-Windows-Sysmon" Guid="{5770385f-c22a-43e0-bf4c-06f5698ffbd9}"/>
    <EventID>22</EventID>
    <Version>5</Version>
    <Level>4</Level>
    <Task>22</Task>
    <Opcode>0</Opcode>
    <Keywords>0x8000000000000000</Keywords>
    <TimeCreated SystemTime="2024-03-18T15:46:59.1710548Z"/>
    <EventRecordID>525525</EventRecordID>
    <Correlation/>
    <Execution ProcessID="2760" ThreadID="3324"/>
    <Channel>Microsoft-Windows-Sysmon/Operational</Channel>
    <Computer>WS-MCHEN-01.meridianhcs.local</Computer>
    <Security UserID="S-1-5-18"/>
  </System>
  <EventData>
    
    <Data Name="RuleName">-</Data>
    <Data Name="UtcTime">2024-03-18 15:46:59.171</Data>
    <Data Name="ProcessGuid">{7b2a0e3f-61f2-65f8-f200-0000cf074483}</Data>
    <Data Name="ProcessId">8652</Data>
    <Data Name="QueryName">WS-SMARTINEZ-01.meridianhcs.local</Data>
    <Data Name="QueryStatus">0</Data>
    <Data Name="QueryResults">10.10.1.36;</Data>
    <Data Name="Image">C:\Windows\System32\mstsc.exe</Data>
    <Data Name="User">MERIDIANHCS\sophia.martinez</Data>
    
  </EventData>
</Event>
<Event xmlns="http://schemas.microsoft.com/win/2004/08/events/event">
  <System>
    <Provider Name="Microsoft-Windows-Sysmon" Guid="{5770385f-c22a-43e0-bf4c-06f5698ffbd9}"/>
    <EventID>3</EventID>
    <Version>5</Version>
    <Level>4</Level>
    <Task>3</Task>
    <Opcode>0</Opcode>
    <Keywords>0x8000000000000000</Keywords>
    <TimeCreated SystemTime="2024-03-18T15:47:00.8969240Z"/>
    <EventRecordID>525526</EventRecordID>
    <Correlation/>
    <Execution ProcessID="2760" ThreadID="3324"/>
    <Channel>Microsoft-Windows-Sysmon/Operational</Channel>
    <Computer>WS-MCHEN-01.meridianhcs.local</Computer>
    <Security UserID="S-1-5-18"/>
  </System>
  <EventData>
    
    <Data Name="RuleName">-</Data>
    <Data Name="UtcTime">2024-03-18 15:47:00.896</Data>
    <Data Name="ProcessGuid">{7b2a0e3f-61f2-65f8-f200-0000cf074483}</Data>
    <Data Name="ProcessId">8652</Data>
    <Data Name="Image">C:\Windows\System32\mstsc.exe</Data>
    <Data Name="User">MERIDIANHCS\sophia.martinez</Data>
    <Data Name="Protocol">tcp</Data>
    <Data Name="Initiated">true</Data>
    <Data Name="SourceIsIpv6">false</Data>
    <Data Name="SourceIp">10.10.1.31</Data>
    <Data Name="SourceHostname">WS-MCHEN-01.meridianhcs.local</Data>
    <Data Name="SourcePort">58426</Data>
    <Data Name="SourcePortName">-</Data>
    <Data Name="DestinationIsIpv6">false</Data>
    <Data Name="DestinationIp">10.10.1.36</Data>
    <Data Name="DestinationHostname">WS-SMARTINEZ-01.meridianhcs.local</Data>
    <Data Name="DestinationPort">3389</Data>
    <Data Name="DestinationPortName">ms-wbt-server</Data>
    
  </EventData>
</Event>
<Event xmlns="http://schemas.microsoft.com/win/2004/08/events/event">
  <System>
    <Provider Name="Microsoft-Windows-Sysmon" Guid="{5770385f-c22a-43e0-bf4c-06f5698ffbd9}"/>
    <EventID>3</EventID>
    <Version>5</Version>
    <Level>4</Level>
    <Task>3</Task>
    <Opcode>0</Opcode>
    <Keywords>0x8000000000000000</Keywords>
    <TimeCreated SystemTime="2024-03-18T15:47:07.0533598Z"/>
    <EventRecordID>525527</EventRecordID>
    <Correlation/>
    <Execution ProcessID="2760" ThreadID="3324"/>
    <Channel>Microsoft-Windows-Sysmon/Operational</Channel>
    <Computer>WS-MCHEN-01.meridianhcs.local</Computer>
    <Security UserID="S-1-5-18"/>
  </System>
  <EventData>
    
    <Data Name="RuleName">-</Data>
    <Data Name="UtcTime">2024-03-18 15:47:07.053</Data>
    <Data Name="ProcessGuid">{7b2a0e3f-393c-65f8-ad00-0010c5cdb255}</Data>
    <Data Name="ProcessId">7292</Data>
    <Data Name="Image">C:\Program Files (x86)\Microsoft\Edge\Application\msedge.exe</Data>
    <Data Name="User">MERIDIANHCS\marcus.chen</Data>
    <Data Name="Protocol">tcp</Data>
    <Data Name="Initiated">true</Data>
    <Data Name="SourceIsIpv6">false</Data>
    <Data Name="SourceIp">10.10.1.31</Data>
    <Data Name="SourceHostname">WS-MCHEN-01.meridianhcs.local</Data>
    <Data Name="SourcePort">59932</Data>
    <Data Name="SourcePortName">-</Data>
    <Data Name="DestinationIsIpv6">false</Data>
    <Data Name="DestinationIp">10.10.3.20</Data>
    <Data Name="DestinationHostname">PROXY-01.meridianhcs.local</Data>
    <Data Name="DestinationPort">8080</Data>
    <Data Name="DestinationPortName">http-alt</Data>
    
  </EventData>
</Event>
<Event xmlns="http://schemas.microsoft.com/win/2004/08/events/event">
  <System>
    <Provider Name="Microsoft-Windows-Sysmon" Guid="{5770385f-c22a-43e0-bf4c-06f5698ffbd9}"/>
    <EventID>3</EventID>
    <Version>5</Version>
    <Level>4</Level>
    <Task>3</Task>
    <Opcode>0</Opcode>
    <Keywords>0x8000000000000000</Keywords>
    <TimeCreated SystemTime="2024-03-18T15:47:09.0512909Z"/>
    <EventRecordID>525528</EventRecordID>
    <Correlation/>
    <Execution ProcessID="2760" ThreadID="2500"/>
    <Channel>Microsoft-Windows-Sysmon/Operational</Channel>
    <Computer>WS-MCHEN-01.meridianhcs.local</Computer>
    <Security UserID="S-1-5-18"/>
  </System>
  <EventData>
    
    <Data Name="RuleName">-</Data>
    <Data Name="UtcTime">2024-03-18 15:47:09.051</Data>
    <Data Name="ProcessGuid">{7b2a0e3f-393c-65f8-ad00-0010c5cdb255}</Data>
    <Data Name="ProcessId">7292</Data>
    <Data Name="Image">C:\Program Files (x86)\Microsoft\Edge\Application\msedge.exe</Data>
    <Data Name="User">MERIDIANHCS\marcus.chen</Data>
    <Data Name="Protocol">tcp</Data>
    <Data Name="Initiated">true</Data>
    <Data Name="SourceIsIpv6">false</Data>
    <Data Name="SourceIp">10.10.1.31</Data>
    <Data Name="SourceHostname">WS-MCHEN-01.meridianhcs.local</Data>
    <Data Name="SourcePort">62225</Data>
    <Data Name="SourcePortName">-</Data>
    <Data Name="DestinationIsIpv6">false</Data>
    <Data Name="DestinationIp">10.10.3.20</Data>
    <Data Name="DestinationHostname">PROXY-01.meridianhcs.local</Data>
    <Data Name="DestinationPort">8080</Data>
    <Data Name="DestinationPortName">http-alt</Data>
    
  </EventData>
</Event>
<Event xmlns="http://schemas.microsoft.com/win/2004/08/events/event">
  <System>
    <Provider Name="Microsoft-Windows-Sysmon" Guid="{5770385f-c22a-43e0-bf4c-06f5698ffbd9}"/>
    <EventID>3</EventID>
    <Version>5</Version>
    <Level>4</Level>
    <Task>3</Task>
    <Opcode>0</Opcode>
    <Keywords>0x8000000000000000</Keywords>
    <TimeCreated SystemTime="2024-03-18T15:47:11.2889276Z"/>
    <EventRecordID>525529</EventRecordID>
    <Correlation/>
    <Execution ProcessID="2760" ThreadID="1792"/>
    <Channel>Microsoft-Windows-Sysmon/Operational</Channel>
    <Computer>WS-MCHEN-01.meridianhcs.local</Computer>
    <Security UserID="S-1-5-18"/>
  </System>
  <EventData>
    
    <Data Name="RuleName">-</Data>
    <Data Name="UtcTime">2024-03-18 15:47:11.288</Data>
    <Data Name="ProcessGuid">{7b2a0e3f-393c-65f8-ad00-0010c5cdb255}</Data>
    <Data Name="ProcessId">7292</Data>
    <Data Name="Image">C:\Program Files (x86)\Microsoft\Edge\Application\msedge.exe</Data>
    <Data Name="User">MERIDIANHCS\marcus.chen</Data>
    <Data Name="Protocol">tcp</Data>
    <Data Name="Initiated">true</Data>
    <Data Name="SourceIsIpv6">false</Data>
    <Data Name="SourceIp">10.10.1.31</Data>
    <Data Name="SourceHostname">WS-MCHEN-01.meridianhcs.local</Data>
    <Data Name="SourcePort">58880</Data>
    <Data Name="SourcePortName">-</Data>
    <Data Name="DestinationIsIpv6">false</Data>
    <Data Name="DestinationIp">10.10.3.20</Data>
    <Data Name="DestinationHostname">PROXY-01.meridianhcs.local</Data>
    <Data Name="DestinationPort">8080</Data>
    <Data Name="DestinationPortName">http-alt</Data>
    
  </EventData>
</Event>
<Event xmlns="http://schemas.microsoft.com/win/2004/08/events/event">
  <System>
    <Provider Name="Microsoft-Windows-Sysmon" Guid="{5770385f-c22a-43e0-bf4c-06f5698ffbd9}"/>
    <EventID>1</EventID>
    <Version>5</Version>
    <Level>4</Level>
    <Task>1</Task>
    <Opcode>0</Opcode>
    <Keywords>0x8000000000000000</Keywords>
    <TimeCreated SystemTime="2024-03-18T15:47:27.7347090Z"/>
    <EventRecordID>525530</EventRecordID>
    <Correlation/>
    <Execution ProcessID="2760" ThreadID="1792"/>
    <Channel>Microsoft-Windows-Sysmon/Operational</Channel>
    <Computer>WS-MCHEN-01.meridianhcs.local</Computer>
    <Security UserID="S-1-5-18"/>
  </System>
  <EventData>
    
    <Data Name="RuleName">-</Data>
    <Data Name="UtcTime">2024-03-18 15:47:27.734</Data>
    <Data Name="ProcessGuid">{7b2a0e3f-620f-65f8-6500-0000291720f3}</Data>
    <Data Name="ProcessId">8916</Data>
    <Data Name="Image">C:\Windows\System32\wsqmcons.exe</Data>
    <Data Name="FileVersion">10.0.22621.1</Data>
    <Data Name="Description">Windows SQM Consolidator</Data>
    <Data Name="Product">Microsoft Windows Operating System</Data>
    <Data Name="Company">Microsoft Corporation</Data>
    <Data Name="OriginalFileName">wsqmcons.exe</Data>
    <Data Name="CommandLine">wsqmcons.exe</Data>
    <Data Name="CurrentDirectory">C:\Windows\System32\</Data>
    <Data Name="User">NT AUTHORITY\SYSTEM</Data>
    <Data Name="LogonGuid">{00000000-0000-0000-0000-000000000000}</Data>
    <Data Name="LogonId">0x3e7</Data>
    <Data Name="TerminalSessionId">0</Data>
    <Data Name="IntegrityLevel">System</Data>
    <Data Name="Hashes">SHA1=F9FA354F4840B7E9239DE64F32FA74DB394F6F72,MD5=D4E8C66AECA0321FE0E5C5FCAE1AB0D3,SHA256=3CBD8272C2210AA1B9F2408BDD09CAA39B433E5384314C95B4F8C468A687B86E,IMPHASH=E70CA8B5A14A3E20D3AF153C870448D1</Data>
    <Data Name="ParentProcessGuid">{7b2a0e3f-4f4c-65ec-6600-0000d1b8a625}</Data>
    <Data Name="ParentProcessId">5904</Data>
    <Data Name="ParentImage">C:\Windows\System32\svchost.exe</Data>
    <Data Name="ParentCommandLine">svchost.exe -k LocalSystem</Data>
    <Data Name="ParentUser">NT AUTHORITY\SYSTEM</Data>
    
  </EventData>
</Event>
<Event xmlns="http://schemas.microsoft.com/win/2004/08/events/event">
  <System>
    <Provider Name="Microsoft-Windows-Sysmon" Guid="{5770385f-c22a-43e0-bf4c-06f5698ffbd9}"/>
    <EventID>11</EventID>
    <Version>2</Version>
    <Level>4</Level>
    <Task>11</Task>
    <Opcode>0</Opcode>
    <Keywords>0x8000000000000000</Keywords>
    <TimeCreated SystemTime="2024-03-18T15:47:30.2831938Z"/>
    <EventRecordID>525531</EventRecordID>
    <Correlation/>
    <Execution ProcessID="2760" ThreadID="3324"/>
    <Channel>Microsoft-Windows-Sysmon/Operational</Channel>
    <Computer>WS-MCHEN-01.meridianhcs.local</Computer>
    <Security UserID="S-1-5-18"/>
  </System>
  <EventData>
    
    <Data Name="RuleName">-</Data>
    <Data Name="UtcTime">2024-03-18 15:47:30.283</Data>
    <Data Name="ProcessGuid">{7b2a0e3f-4f5d-65ec-9200-0000a97dfba1}</Data>
    <Data Name="ProcessId">6144</Data>
    <Data Name="Image">C:\Windows\System32\csrss.exe</Data>
    <Data Name="TargetFilename">C:\ProgramData\Microsoft\Windows Defender\Scans\History\Service\DetectionHistory\12859</Data>
    <Data Name="CreationUtcTime">2024-03-18 15:47:30.282</Data>
    <Data Name="User">NT AUTHORITY\SYSTEM</Data>
    
  </EventData>
</Event>
<Event xmlns="http://schemas.microsoft.com/win/2004/08/events/event">
  <System>
    <Provider Name="Microsoft-Windows-Sysmon" Guid="{5770385f-c22a-43e0-bf4c-06f5698ffbd9}"/>
    <EventID>5</EventID>
    <Version>3</Version>
    <Level>4</Level>
    <Task>5</Task>
    <Opcode>0</Opcode>
    <Keywords>0x8000000000000000</Keywords>
    <TimeCreated SystemTime="2024-03-18T15:47:36.1359196Z"/>
    <EventRecordID>525532</EventRecordID>
    <Correlation/>
    <Execution ProcessID="2760" ThreadID="1792"/>
    <Channel>Microsoft-Windows-Sysmon/Operational</Channel>
    <Computer>WS-MCHEN-01.meridianhcs.local</Computer>
    <Security UserID="S-1-5-18"/>
  </System>
  <EventData>
    
    <Data Name="RuleName">-</Data>
    <Data Name="UtcTime">2024-03-18 15:47:36.135</Data>
    <Data Name="ProcessGuid">{7b2a0e3f-620f-65f8-6500-0000291720f3}</Data>
    <Data Name="ProcessId">8916</Data>
    <Data Name="Image">C:\Windows\System32\wsqmcons.exe</Data>
    <Data Name="User">NT AUTHORITY\SYSTEM</Data>
    
  </EventData>
</Event>
<Event xmlns="http://schemas.microsoft.com/win/2004/08/events/event">
  <System>
    <Provider Name="Microsoft-Windows-Sysmon" Guid="{5770385f-c22a-43e0-bf4c-06f5698ffbd9}"/>
    <EventID>1</EventID>
    <Version>5</Version>
    <Level>4</Level>
    <Task>1</Task>
    <Opcode>0</Opcode>
    <Keywords>0x8000000000000000</Keywords>
    <TimeCreated SystemTime="2024-03-18T15:47:57.6240937Z"/>
    <EventRecordID>525533</EventRecordID>
    <Correlation/>
    <Execution ProcessID="2760" ThreadID="1792"/>
    <Channel>Microsoft-Windows-Sysmon/Operational</Channel>
    <Computer>WS-MCHEN-01.meridianhcs.local</Computer>
    <Security UserID="S-1-5-18"/>
  </System>
  <EventData>
    
    <Data Name="RuleName">-</Data>
    <Data Name="UtcTime">2024-03-18 15:47:57.624</Data>
    <Data Name="ProcessGuid">{7b2a0e3f-622d-65f8-3802-0000f80bcb44}</Data>
    <Data Name="ProcessId">8680</Data>
    <Data Name="Image">C:\Users\marcus.chen\AppData\Local\Postman\Postman.exe</Data>
    <Data Name="FileVersion">11.2.14</Data>
    <Data Name="Description">Postman</Data>
    <Data Name="Product">Postman</Data>
    <Data Name="Company">Postman, Inc.</Data>
    <Data Name="OriginalFileName">Postman.exe</Data>
    <Data Name="CommandLine">"C:\Users\marcus.chen\AppData\Local\Postman\Postman.exe" --url=https://api.snapcraft.io/v2/snaps/refresh</Data>
    <Data Name="CurrentDirectory">C:\Users\marcus.chen\AppData\Local\Postman\</Data>
    <Data Name="User">MERIDIANHCS\marcus.chen</Data>
    <Data Name="LogonGuid">{00000000-0000-0000-0000-000000000000}</Data>
    <Data Name="LogonId">0x6c8141d</Data>
    <Data Name="TerminalSessionId">5</Data>
    <Data Name="IntegrityLevel">Medium</Data>
    <Data Name="Hashes">SHA1=7FDF8CCCDB7E5E1899DEB8923990F0F982AF0C59,MD5=604222259382108DAC31E320517BBB33,SHA256=C4B22B8BCAA4F34B80BB1C8000329795475ECC226DFE6A5BD92829DC658A4E02,IMPHASH=50BF981B78E918618E934A0CA63F6219</Data>
    <Data Name="ParentProcessGuid">{7b2a0e3f-35eb-65f8-c502-0000164b78b0}</Data>
    <Data Name="ParentProcessId">7440</Data>
    <Data Name="ParentImage">C:\Windows\explorer.exe</Data>
    <Data Name="ParentCommandLine">explorer.exe</Data>
    <Data Name="ParentUser">MERIDIANHCS\marcus.chen</Data>
    
  </EventData>
</Event>
