<Event xmlns="http://schemas.microsoft.com/win/2004/08/events/event">
  <System>
    <Provider Name="Microsoft-Windows-Sysmon" Guid="{5770385f-c22a-43e0-bf4c-06f5698ffbd9}"/>
    <EventID>1</EventID>
    <Version>5</Version>
    <Level>4</Level>
    <Task>1</Task>
    <Opcode>0</Opcode>
    <Keywords>0x8000000000000000</Keywords>
    <TimeCreated SystemTime="2024-03-18T17:55:23.2198302Z"/>
    <EventRecordID>122444</EventRecordID>
    <Correlation/>
    <Execution ProcessID="2492" ThreadID="3476"/>
    <Channel>Microsoft-Windows-Sysmon/Operational</Channel>
    <Computer>WS-SMARTINEZ-01.meridianhcs.local</Computer>
    <Security UserID="S-1-5-18"/>
  </System>
  <EventData>
    
    <Data Name="RuleName">-</Data>
    <Data Name="UtcTime">2024-03-18 17:55:23.219</Data>
    <Data Name="ProcessGuid">{f613acc2-800b-65f8-1802-001067872e2a}</Data>
    <Data Name="ProcessId">7988</Data>
    <Data Name="Image">C:\Windows\System32\dllhost.exe</Data>
    <Data Name="FileVersion">10.0.19041.1</Data>
    <Data Name="Description">COM Surrogate</Data>
    <Data Name="Product">Microsoft Windows Operating System</Data>
    <Data Name="Company">Microsoft Corporation</Data>
    <Data Name="OriginalFileName">dllhost.exe</Data>
    <Data Name="CommandLine">dllhost.exe /Processid:{73E709EA-5D93-4B2E-BBB0-99B7938DA9E4}</Data>
    <Data Name="CurrentDirectory">C:\Windows\System32\</Data>
    <Data Name="User">NT AUTHORITY\SYSTEM</Data>
    <Data Name="LogonGuid">{00000000-0000-0000-0000-000000000000}</Data>
    <Data Name="LogonId">0x3e7</Data>
    <Data Name="TerminalSessionId">0</Data>
    <Data Name="IntegrityLevel">System</Data>
    <Data Name="Hashes">SHA1=AD104EEC4F303D969081C9ABDA900DAE91EB87D9,MD5=865951347F5F2215717DC89A9D7AD3D0,SHA256=D46BFCA360EAFC3F9B839DF1E1F999DC3D3B57F0040132C3F399E343418FF0BE,IMPHASH=12C829717217DD70F7E29D8DBE3A0E36</Data>
    <Data Name="ParentProcessGuid">{f613acc2-c349-65e1-9a00-0010c0009695}</Data>
    <Data Name="ParentProcessId">5964</Data>
    <Data Name="ParentImage">C:\Windows\System32\svchost.exe</Data>
    <Data Name="ParentCommandLine">svchost.exe -k DcomLaunch</Data>
    <Data Name="ParentUser">NT AUTHORITY\SYSTEM</Data>
    
  </EventData>
</Event>
<Event xmlns="http://schemas.microsoft.com/win/2004/08/events/event">
  <System>
    <Provider Name="Microsoft-Windows-Sysmon" Guid="{5770385f-c22a-43e0-bf4c-06f5698ffbd9}"/>
    <EventID>22</EventID>
    <Version>5</Version>
    <Level>4</Level>
    <Task>22</Task>
    <Opcode>0</Opcode>
    <Keywords>0x8000000000000000</Keywords>
    <TimeCreated SystemTime="2024-03-18T17:57:00.3965601Z"/>
    <EventRecordID>122449</EventRecordID>
    <Correlation/>
    <Execution ProcessID="2492" ThreadID="3476"/>
    <Channel>Microsoft-Windows-Sysmon/Operational</Channel>
    <Computer>WS-SMARTINEZ-01.meridianhcs.local</Computer>
    <Security UserID="S-1-5-18"/>
  </System>
  <EventData>
    
    <Data Name="RuleName">-</Data>
    <Data Name="UtcTime">2024-03-18 17:57:00.396</Data>
    <Data Name="ProcessGuid">{f613acc2-c348-65e1-2800-00007f48eab2}</Data>
    <Data Name="ProcessId">5928</Data>
    <Data Name="QueryName">DC-01.meridianhcs.local</Data>
    <Data Name="QueryStatus">0</Data>
    <Data Name="QueryResults">10.10.2.10;</Data>
    <Data Name="Image">C:\Windows\System32\lsass.exe</Data>
    <Data Name="User">NT AUTHORITY\SYSTEM</Data>
    
  </EventData>
</Event>
<Event xmlns="http://schemas.microsoft.com/win/2004/08/events/event">
  <System>
    <Provider Name="Microsoft-Windows-Sysmon" Guid="{5770385f-c22a-43e0-bf4c-06f5698ffbd9}"/>
    <EventID>3</EventID>
    <Version>5</Version>
    <Level>4</Level>
    <Task>3</Task>
    <Opcode>0</Opcode>
    <Keywords>0x8000000000000000</Keywords>
    <TimeCreated SystemTime="2024-03-18T17:57:03.5629893Z"/>
    <EventRecordID>122450</EventRecordID>
    <Correlation/>
    <Execution ProcessID="2492" ThreadID="3476"/>
    <Channel>Microsoft-Windows-Sysmon/Operational</Channel>
    <Computer>WS-SMARTINEZ-01.meridianhcs.local</Computer>
    <Security UserID="S-1-5-18"/>
  </System>
  <EventData>
    
    <Data Name="RuleName">-</Data>
    <Data Name="UtcTime">2024-03-18 17:57:03.562</Data>
    <Data Name="ProcessGuid">{f613acc2-c348-65e1-2800-00007f48eab2}</Data>
    <Data Name="ProcessId">5928</Data>
    <Data Name="Image">C:\Windows\System32\lsass.exe</Data>
    <Data Name="User">NT AUTHORITY\SYSTEM</Data>
    <Data Name="Protocol">tcp</Data>
    <Data Name="Initiated">true</Data>
    <Data Name="SourceIsIpv6">false</Data>
    <Data Name="SourceIp">10.10.1.36</Data>
    <Data Name="SourceHostname">WS-SMARTINEZ-01.meridianhcs.local</Data>
    <Data Name="SourcePort">51173</Data>
    <Data Name="SourcePortName">-</Data>
    <Data Name="DestinationIsIpv6">false</Data>
    <Data Name="DestinationIp">10.10.2.10</Data>
    <Data Name="DestinationHostname">DC-01.meridianhcs.local</Data>
    <Data Name="DestinationPort">389</Data>
    <Data Name="DestinationPortName">ldap</Data>
    
  </EventData>
</Event>
</Events>
