<Event xmlns="http://schemas.microsoft.com/win/2004/08/events/event">
  <System>
    <Provider Name="Microsoft-Windows-Sysmon" Guid="{5770385f-c22a-43e0-bf4c-06f5698ffbd9}"/>
    <EventID>10</EventID>
    <Version>3</Version>
    <Level>4</Level>
    <Task>10</Task>
    <Opcode>0</Opcode>
    <Keywords>0x8000000000000000</Keywords>
    <TimeCreated SystemTime="2024-03-18T16:02:06.7836839Z"/>
    <EventRecordID>3289795</EventRecordID>
    <Correlation/>
    <Execution ProcessID="2824" ThreadID="1464"/>
    <Channel>Microsoft-Windows-Sysmon/Operational</Channel>
    <Computer>DC-01.meridianhcs.local</Computer>
    <Security UserID="S-1-5-18"/>
  </System>
  <EventData>
    
    <Data Name="RuleName">-</Data>
    <Data Name="UtcTime">2024-03-18 16:02:06.783</Data>
    <Data Name="SourceProcessGUID">{83eb9c06-43de-65f0-d100-000019e606e9}</Data>
    <Data Name="SourceProcessId">2452</Data>
    <Data Name="SourceThreadId">9196</Data>
    <Data Name="SourceImage">C:\ProgramData\Microsoft\Windows Defender\Platform\4.18.2301.6-0\MpCmdRun.exe</Data>
    <Data Name="TargetProcessGUID">{83eb9c06-43d5-65f0-f400-00003b51ab4f}</Data>
    <Data Name="TargetProcessId">2420</Data>
    <Data Name="TargetImage">C:\ProgramData\Microsoft\Windows Defender\Platform\4.18.2301.6-0\MsMpEng.exe</Data>
    <Data Name="GrantedAccess">0x0410</Data>
    <Data Name="CallTrace">C:\Windows\SYSTEM32\ntdll.dll+9C4AB|C:\Windows\SYSTEM32\KERNELBASE.dll+2E9B8|C:\Windows\SYSTEM32\advapi32.dll+4C156</Data>
    <Data Name="SourceUser">NT AUTHORITY\SYSTEM</Data>
    <Data Name="TargetUser">NT AUTHORITY\SYSTEM</Data>
    
  </EventData>
</Event>
<Event xmlns="http://schemas.microsoft.com/win/2004/08/events/event">
  <System>
    <Provider Name="Microsoft-Windows-Sysmon" Guid="{5770385f-c22a-43e0-bf4c-06f5698ffbd9}"/>
    <EventID>5</EventID>
    <Version>3</Version>
    <Level>4</Level>
    <Task>5</Task>
    <Opcode>0</Opcode>
    <Keywords>0x8000000000000000</Keywords>
    <TimeCreated SystemTime="2024-03-18T16:03:00.1885214Z"/>
    <EventRecordID>3289797</EventRecordID>
    <Correlation/>
    <Execution ProcessID="2824" ThreadID="4208"/>
    <Channel>Microsoft-Windows-Sysmon/Operational</Channel>
    <Computer>DC-01.meridianhcs.local</Computer>
    <Security UserID="S-1-5-18"/>
  </System>
  <EventData>
    
    <Data Name="RuleName">-</Data>
    <Data Name="UtcTime">2024-03-18 16:03:00.188</Data>
    <Data Name="ProcessGuid">{83eb9c06-62df-65f8-2d02-00104a5219d7}</Data>
    <Data Name="ProcessId">5164</Data>
    <Data Name="Image">C:\Windows\System32\wbem\WmiPrvSE.exe</Data>
    <Data Name="User">NT AUTHORITY\SYSTEM</Data>
    
  </EventData>
</Event>
<Event xmlns="http://schemas.microsoft.com/win/2004/08/events/event">
  <System>
    <Provider Name="Microsoft-Windows-Sysmon" Guid="{5770385f-c22a-43e0-bf4c-06f5698ffbd9}"/>
    <EventID>10</EventID>
    <Version>3</Version>
    <Level>4</Level>
    <Task>10</Task>
    <Opcode>0</Opcode>
    <Keywords>0x8000000000000000</Keywords>
    <TimeCreated SystemTime="2024-03-18T16:03:09.0018109Z"/>
    <EventRecordID>3289798</EventRecordID>
    <Correlation/>
    <Execution ProcessID="2824" ThreadID="1464"/>
    <Channel>Microsoft-Windows-Sysmon/Operational</Channel>
    <Computer>DC-01.meridianhcs.local</Computer>
    <Security UserID="S-1-5-18"/>
  </System>
  <EventData>
    
    <Data Name="RuleName">-</Data>
    <Data Name="UtcTime">2024-03-18 16:03:09.001</Data>
    <Data Name="SourceProcessGUID">{83eb9c06-43c2-65f0-5902-0010c99eda93}</Data>
    <Data Name="SourceProcessId">2252</Data>
    <Data Name="SourceThreadId">8428</Data>
    <Data Name="SourceImage">C:\Windows\System32\csrss.exe</Data>
    <Data Name="TargetProcessGUID">{83eb9c06-43e4-65f0-8400-0010b2214e04}</Data>
    <Data Name="TargetProcessId">2504</Data>
    <Data Name="TargetImage">C:\Windows\System32\winlogon.exe</Data>
    <Data Name="GrantedAccess">0x1000</Data>
    <Data Name="CallTrace">C:\Windows\SYSTEM32\ntdll.dll+9CCFF</Data>
    <Data Name="SourceUser">NT AUTHORITY\SYSTEM</Data>
    <Data Name="TargetUser">NT AUTHORITY\SYSTEM</Data>
    
  </EventData>
</Event>
<Event xmlns="http://schemas.microsoft.com/win/2004/08/events/event">
  <System>
    <Provider Name="Microsoft-Windows-Sysmon" Guid="{5770385f-c22a-43e0-bf4c-06f5698ffbd9}"/>
    <EventID>10</EventID>
    <Version>3</Version>
    <Level>4</Level>
    <Task>10</Task>
    <Opcode>0</Opcode>
    <Keywords>0x8000000000000000</Keywords>
    <TimeCreated SystemTime="2024-03-18T16:04:12.0914998Z"/>
    <EventRecordID>3289799</EventRecordID>
    <Correlation/>
    <Execution ProcessID="2824" ThreadID="4208"/>
    <Channel>Microsoft-Windows-Sysmon/Operational</Channel>
    <Computer>DC-01.meridianhcs.local</Computer>
    <Security UserID="S-1-5-18"/>
  </System>
  <EventData>
    
    <Data Name="RuleName">-</Data>
    <Data Name="UtcTime">2024-03-18 16:04:12.091</Data>
    <Data Name="SourceProcessGUID">{83eb9c06-43c2-65f0-5902-0010c99eda93}</Data>
    <Data Name="SourceProcessId">2252</Data>
    <Data Name="SourceThreadId">8428</Data>
    <Data Name="SourceImage">C:\Windows\System32\csrss.exe</Data>
    <Data Name="TargetProcessGUID">{83eb9c06-43e4-65f0-8400-0010b2214e04}</Data>
    <Data Name="TargetProcessId">2504</Data>
    <Data Name="TargetImage">C:\Windows\System32\winlogon.exe</Data>
    <Data Name="GrantedAccess">0x0400</Data>
    <Data Name="CallTrace">C:\Windows\SYSTEM32\ntdll.dll+9CCFF</Data>
    <Data Name="SourceUser">NT AUTHORITY\SYSTEM</Data>
    <Data Name="TargetUser">NT AUTHORITY\SYSTEM</Data>
    
  </EventData>
</Event>
<Event xmlns="http://schemas.microsoft.com/win/2004/08/events/event">
  <System>
    <Provider Name="Microsoft-Windows-Sysmon" Guid="{5770385f-c22a-43e0-bf4c-06f5698ffbd9}"/>
    <EventID>13</EventID>
    <Version>2</Version>
    <Level>4</Level>
    <Task>13</Task>
    <Opcode>0</Opcode>
    <Keywords>0x8000000000000000</Keywords>
    <TimeCreated SystemTime="2024-03-18T16:04:16.4215853Z"/>
    <EventRecordID>3289800</EventRecordID>
    <Correlation/>
    <Execution ProcessID="2824" ThreadID="1464"/>
    <Channel>Microsoft-Windows-Sysmon/Operational</Channel>
    <Computer>DC-01.meridianhcs.local</Computer>
    <Security UserID="S-1-5-18"/>
  </System>
  <EventData>
    
    <Data Name="RuleName">-</Data>
    <Data Name="EventType">SetValue</Data>
    <Data Name="UtcTime">2024-03-18 16:04:16.421</Data>
    <Data Name="ProcessGuid">{83eb9c06-43cf-65f0-3100-0010daebcba1}</Data>
    <Data Name="ProcessId">2400</Data>
    <Data Name="Image">C:\Windows\System32\svchost.exe</Data>
    <Data Name="TargetObject">HKLM\SOFTWARE\Microsoft\Windows\CurrentVersion\Component Based Servicing\Packages\Package_for_RollupFix~31bf3856ad364e35~amd64~~10.0.20348.52\CurrentState</Data>
    <Data Name="Details">DWORD (0x00000070)</Data>
    <Data Name="User">NT AUTHORITY\SYSTEM</Data>
    
  </EventData>
</Event>
<Event xmlns="http://schemas.microsoft.com/win/2004/08/events/event">
  <System>
    <Provider Name="Microsoft-Windows-Sysmon" Guid="{5770385f-c22a-43e0-bf4c-06f5698ffbd9}"/>
    <EventID>1</EventID>
    <Version>5</Version>
    <Level>4</Level>
    <Task>1</Task>
    <Opcode>0</Opcode>
    <Keywords>0x8000000000000000</Keywords>
    <TimeCreated SystemTime="2024-03-18T16:04:24.0275797Z"/>
    <EventRecordID>3289801</EventRecordID>
    <Correlation/>
    <Execution ProcessID="2824" ThreadID="4208"/>
    <Channel>Microsoft-Windows-Sysmon/Operational</Channel>
    <Computer>DC-01.meridianhcs.local</Computer>
    <Security UserID="S-1-5-18"/>
  </System>
  <EventData>
    
    <Data Name="RuleName">-</Data>
    <Data Name="UtcTime">2024-03-18 16:04:24.027</Data>
    <Data Name="ProcessGuid">{83eb9c06-6608-65f8-0900-00006781e634}</Data>
    <Data Name="ProcessId">5428</Data>
    <Data Name="Image">C:\Windows\System32\dllhost.exe</Data>
    <Data Name="FileVersion">10.0.20348.1</Data>
    <Data Name="Description">COM Surrogate</Data>
    <Data Name="Product">Microsoft Windows Operating System</Data>
    <Data Name="Company">Microsoft Corporation</Data>
    <Data Name="OriginalFileName">dllhost.exe</Data>
    <Data Name="CommandLine">dllhost.exe /Processid:{3EB3C877-1F16-487C-9050-104DBCD66683}</Data>
    <Data Name="CurrentDirectory">C:\Windows\System32\</Data>
    <Data Name="User">NT AUTHORITY\SYSTEM</Data>
    <Data Name="LogonGuid">{00000000-0000-0000-0000-000000000000}</Data>
    <Data Name="LogonId">0x3e7</Data>
    <Data Name="TerminalSessionId">0</Data>
    <Data Name="IntegrityLevel">System</Data>
    <Data Name="Hashes">SHA1=30A1BB5B6488DA366EC6CB150CFBC5E1D38AE4EC,MD5=0CF8A7A200AB4EC5554D66B94C14DBF1,SHA256=7330E24D8462CB4C728FAFB454B8F7B81D74B116E290264CC3727466370C3B00,IMPHASH=32EF2A6E05BBEAE7E85E49CA7C70F08E</Data>
    <Data Name="ParentProcessGuid">{83eb9c06-43c6-65f0-1d02-0010ab917170}</Data>
    <Data Name="ParentProcessId">2340</Data>
    <Data Name="ParentImage">C:\Windows\System32\svchost.exe</Data>
    <Data Name="ParentCommandLine">svchost.exe -k DcomLaunch</Data>
    <Data Name="ParentUser">NT AUTHORITY\SYSTEM</Data>
    
  </EventData>
</Event>
<Event xmlns="http://schemas.microsoft.com/win/2004/08/events/event">
  <System>
    <Provider Name="Microsoft-Windows-Sysmon" Guid="{5770385f-c22a-43e0-bf4c-06f5698ffbd9}"/>
    <EventID>10</EventID>
    <Version>3</Version>
    <Level>4</Level>
    <Task>10</Task>
    <Opcode>0</Opcode>
    <Keywords>0x8000000000000000</Keywords>
    <TimeCreated SystemTime="2024-03-18T16:04:26.2046987Z"/>
    <EventRecordID>3289802</EventRecordID>
    <Correlation/>
    <Execution ProcessID="2824" ThreadID="4732"/>
    <Channel>Microsoft-Windows-Sysmon/Operational</Channel>
    <Computer>DC-01.meridianhcs.local</Computer>
    <Security UserID="S-1-5-18"/>
  </System>
  <EventData>
    
    <Data Name="RuleName">-</Data>
    <Data Name="UtcTime">2024-03-18 16:04:26.204</Data>
    <Data Name="SourceProcessGUID">{83eb9c06-43d5-65f0-f400-00003b51ab4f}</Data>
    <Data Name="SourceProcessId">2420</Data>
    <Data Name="SourceThreadId">9012</Data>
    <Data Name="SourceImage">C:\ProgramData\Microsoft\Windows Defender\Platform\4.18.2301.6-0\MsMpEng.exe</Data>
    <Data Name="TargetProcessGUID">{83eb9c06-43e4-65f0-8400-0010b2214e04}</Data>
    <Data Name="TargetProcessId">2504</Data>
    <Data Name="TargetImage">C:\Windows\System32\winlogon.exe</Data>
    <Data Name="GrantedAccess">0x1410</Data>
    <Data Name="CallTrace">C:\Windows\SYSTEM32\ntdll.dll+9C4AB|C:\Windows\SYSTEM32\KERNELBASE.dll+2E9B8|C:\Windows\SYSTEM32\advapi32.dll+4C156</Data>
    <Data Name="SourceUser">NT AUTHORITY\SYSTEM</Data>
    <Data Name="TargetUser">NT AUTHORITY\SYSTEM</Data>
    
  </EventData>
</Event>
<Event xmlns="http://schemas.microsoft.com/win/2004/08/events/event">
  <System>
    <Provider Name="Microsoft-Windows-Sysmon" Guid="{5770385f-c22a-43e0-bf4c-06f5698ffbd9}"/>
    <EventID>5</EventID>
    <Version>3</Version>
    <Level>4</Level>
    <Task>5</Task>
    <Opcode>0</Opcode>
    <Keywords>0x8000000000000000</Keywords>
    <TimeCreated SystemTime="2024-03-18T16:05:05.6166978Z"/>
    <EventRecordID>3289806</EventRecordID>
    <Correlation/>
    <Execution ProcessID="2824" ThreadID="4208"/>
    <Channel>Microsoft-Windows-Sysmon/Operational</Channel>
    <Computer>DC-01.meridianhcs.local</Computer>
    <Security UserID="S-1-5-18"/>
  </System>
  <EventData>
    
    <Data Name="RuleName">-</Data>
    <Data Name="UtcTime">2024-03-18 16:05:05.616</Data>
    <Data Name="ProcessGuid">{83eb9c06-6608-65f8-0900-00006781e634}</Data>
    <Data Name="ProcessId">5428</Data>
    <Data Name="Image">C:\Windows\System32\dllhost.exe</Data>
    <Data Name="User">NT AUTHORITY\SYSTEM</Data>
    
  </EventData>
</Event>
<Event xmlns="http://schemas.microsoft.com/win/2004/08/events/event">
  <System>
    <Provider Name="Microsoft-Windows-Sysmon" Guid="{5770385f-c22a-43e0-bf4c-06f5698ffbd9}"/>
    <EventID>1</EventID>
    <Version>5</Version>
    <Level>4</Level>
    <Task>1</Task>
    <Opcode>0</Opcode>
    <Keywords>0x8000000000000000</Keywords>
    <TimeCreated SystemTime="2024-03-18T16:05:44.6594621Z"/>
    <EventRecordID>3289809</EventRecordID>
    <Correlation/>
    <Execution ProcessID="2824" ThreadID="4208"/>
    <Channel>Microsoft-Windows-Sysmon/Operational</Channel>
    <Computer>DC-01.meridianhcs.local</Computer>
    <Security UserID="S-1-5-18"/>
  </System>
  <EventData>
    
    <Data Name="RuleName">-</Data>
    <Data Name="UtcTime">2024-03-18 16:05:44.659</Data>
    <Data Name="ProcessGuid">{83eb9c06-6658-65f8-7002-00103dce9b48}</Data>
    <Data Name="ProcessId">5492</Data>
    <Data Name="Image">C:\Windows\System32\conhost.exe</Data>
    <Data Name="FileVersion">10.0.20348.1</Data>
    <Data Name="Description">Console Window Host</Data>
    <Data Name="Product">Microsoft Windows Operating System</Data>
    <Data Name="Company">Microsoft Corporation</Data>
    <Data Name="OriginalFileName">conhost.exe</Data>
    <Data Name="CommandLine">conhost.exe 0x4</Data>
    <Data Name="CurrentDirectory">C:\Windows\System32\</Data>
    <Data Name="User">NT AUTHORITY\SYSTEM</Data>
    <Data Name="LogonGuid">{00000000-0000-0000-0000-000000000000}</Data>
    <Data Name="LogonId">0x3e7</Data>
    <Data Name="TerminalSessionId">0</Data>
    <Data Name="IntegrityLevel">System</Data>
    <Data Name="Hashes">SHA1=A21F01CD47C2566A531DDDA6295C5F2729AEB2DD,MD5=D5DD0A35623D416B52F2DF3E64573716,SHA256=AD5D2369D2F142C551BF783A7F30D5BD9DE38C580046305DEDBBE7CD844E1905,IMPHASH=259D1C1188D5A01EADD9B3F236B1C61A</Data>
    <Data Name="ParentProcessGuid">{83eb9c06-43c2-65f0-5902-0010c99eda93}</Data>
    <Data Name="ParentProcessId">2252</Data>
    <Data Name="ParentImage">C:\Windows\System32\csrss.exe</Data>
    <Data Name="ParentCommandLine">csrss.exe</Data>
    <Data Name="ParentUser">NT AUTHORITY\SYSTEM</Data>
    
  </EventData>
</Event>
<Event xmlns="http://schemas.microsoft.com/win/2004/08/events/event">
  <System>
    <Provider Name="Microsoft-Windows-Sysmon" Guid="{5770385f-c22a-43e0-bf4c-06f5698ffbd9}"/>
    <EventID>11</EventID>
    <Version>2</Version>
    <Level>4</Level>
    <Task>11</Task>
    <Opcode>0</Opcode>
    <Keywords>0x8000000000000000</Keywords>
    <TimeCreated SystemTime="2024-03-18T16:06:15.1342401Z"/>
    <EventRecordID>3289810</EventRecordID>
    <Correlation/>
    <Execution ProcessID="2824" ThreadID="4732"/>
    <Channel>Microsoft-Windows-Sysmon/Operational</Channel>
    <Computer>DC-01.meridianhcs.local</Computer>
    <Security UserID="S-1-5-18"/>
  </System>
  <EventData>
    
    <Data Name="RuleName">-</Data>
    <Data Name="UtcTime">2024-03-18 16:06:15.134</Data>
    <Data Name="ProcessGuid">{83eb9c06-43ca-65f0-0902-0000bfcd8d8b}</Data>
    <Data Name="ProcessId">2376</Data>
    <Data Name="Image">C:\Windows\System32\svchost.exe</Data>
    <Data Name="TargetFilename">C:\ProgramData\Microsoft\Windows Defender\Scans\History\Service\DetectionHistory\26976</Data>
    <Data Name="CreationUtcTime">2024-03-18 16:06:15.134</Data>
    <Data Name="User">NT AUTHORITY\NETWORK SERVICE</Data>
    
  </EventData>
</Event>
<Event xmlns="http://schemas.microsoft.com/win/2004/08/events/event">
  <System>
    <Provider Name="Microsoft-Windows-Sysmon" Guid="{5770385f-c22a-43e0-bf4c-06f5698ffbd9}"/>
    <EventID>5</EventID>
    <Version>3</Version>
    <Level>4</Level>
    <Task>5</Task>
    <Opcode>0</Opcode>
    <Keywords>0x8000000000000000</Keywords>
    <TimeCreated SystemTime="2024-03-18T16:06:21.4472530Z"/>
    <EventRecordID>3289812</EventRecordID>
    <Correlation/>
    <Execution ProcessID="2824" ThreadID="4208"/>
    <Channel>Microsoft-Windows-Sysmon/Operational</Channel>
    <Computer>DC-01.meridianhcs.local</Computer>
    <Security UserID="S-1-5-18"/>
  </System>
  <EventData>
    
    <Data Name="RuleName">-</Data>
    <Data Name="UtcTime">2024-03-18 16:06:21.447</Data>
    <Data Name="ProcessGuid">{83eb9c06-6658-65f8-7002-00103dce9b48}</Data>
    <Data Name="ProcessId">5492</Data>
    <Data Name="Image">C:\Windows\System32\conhost.exe</Data>
    <Data Name="User">NT AUTHORITY\SYSTEM</Data>
    
  </EventData>
</Event>
<Event xmlns="http://schemas.microsoft.com/win/2004/08/events/event">
  <System>
    <Provider Name="Microsoft-Windows-Sysmon" Guid="{5770385f-c22a-43e0-bf4c-06f5698ffbd9}"/>
    <EventID>5</EventID>
    <Version>3</Version>
    <Level>4</Level>
    <Task>5</Task>
    <Opcode>0</Opcode>
    <Keywords>0x8000000000000000</Keywords>
    <TimeCreated SystemTime="2024-03-18T16:06:45.7868423Z"/>
    <EventRecordID>3289814</EventRecordID>
    <Correlation/>
    <Execution ProcessID="2824" ThreadID="4208"/>
    <Channel>Microsoft-Windows-Sysmon/Operational</Channel>
    <Computer>DC-01.meridianhcs.local</Computer>
    <Security UserID="S-1-5-18"/>
  </System>
  <EventData>
    
    <Data Name="RuleName">-</Data>
    <Data Name="UtcTime">2024-03-18 16:06:45.786</Data>
    <Data Name="ProcessGuid">{83eb9c06-6478-65f8-c900-00103a78a10d}</Data>
    <Data Name="ProcessId">5028</Data>
    <Data Name="Image">C:\Windows\System32\dllhost.exe</Data>
    <Data Name="User">NT AUTHORITY\SYSTEM</Data>
    
  </EventData>
</Event>
<Event xmlns="http://schemas.microsoft.com/win/2004/08/events/event">
  <System>
    <Provider Name="Microsoft-Windows-Sysmon" Guid="{5770385f-c22a-43e0-bf4c-06f5698ffbd9}"/>
    <EventID>5</EventID>
    <Version>3</Version>
    <Level>4</Level>
    <Task>5</Task>
    <Opcode>0</Opcode>
    <Keywords>0x8000000000000000</Keywords>
    <TimeCreated SystemTime="2024-03-18T16:07:06.5015203Z"/>
    <EventRecordID>3289815</EventRecordID>
    <Correlation/>
    <Execution ProcessID="2824" ThreadID="1464"/>
    <Channel>Microsoft-Windows-Sysmon/Operational</Channel>
    <Computer>DC-01.meridianhcs.local</Computer>
    <Security UserID="S-1-5-18"/>
  </System>
  <EventData>
    
    <Data Name="RuleName">-</Data>
    <Data Name="UtcTime">2024-03-18 16:07:06.501</Data>
    <Data Name="ProcessGuid">{83eb9c06-6409-65f8-d400-0000fa993a59}</Data>
    <Data Name="ProcessId">4952</Data>
    <Data Name="Image">C:\Windows\System32\dllhost.exe</Data>
    <Data Name="User">NT AUTHORITY\SYSTEM</Data>
    
  </EventData>
</Event>
<Event xmlns="http://schemas.microsoft.com/win/2004/08/events/event">
  <System>
    <Provider Name="Microsoft-Windows-Sysmon" Guid="{5770385f-c22a-43e0-bf4c-06f5698ffbd9}"/>
    <EventID>1</EventID>
    <Version>5</Version>
    <Level>4</Level>
    <Task>1</Task>
    <Opcode>0</Opcode>
    <Keywords>0x8000000000000000</Keywords>
    <TimeCreated SystemTime="2024-03-18T16:07:07.8199847Z"/>
    <EventRecordID>3289816</EventRecordID>
    <Correlation/>
    <Execution ProcessID="2824" ThreadID="1464"/>
    <Channel>Microsoft-Windows-Sysmon/Operational</Channel>
    <Computer>DC-01.meridianhcs.local</Computer>
    <Security UserID="S-1-5-18"/>
  </System>
  <EventData>
    
    <Data Name="RuleName">-</Data>
    <Data Name="UtcTime">2024-03-18 16:07:07.819</Data>
    <Data Name="ProcessGuid">{83eb9c06-66ab-65f8-5202-000013f73c77}</Data>
    <Data Name="ProcessId">5588</Data>
    <Data Name="Image">C:\Windows\System32\svchost.exe</Data>
    <Data Name="FileVersion">10.0.20348.1</Data>
    <Data Name="Description">Host Process for Windows Services</Data>
    <Data Name="Product">Microsoft Windows Operating System</Data>
    <Data Name="Company">Microsoft Corporation</Data>
    <Data Name="OriginalFileName">svchost.exe</Data>
    <Data Name="CommandLine">svchost.exe -k netsvcs -p -s BITS</Data>
    <Data Name="CurrentDirectory">C:\Windows\System32\</Data>
    <Data Name="User">NT AUTHORITY\SYSTEM</Data>
    <Data Name="LogonGuid">{00000000-0000-0000-0000-000000000000}</Data>
    <Data Name="LogonId">0x3e7</Data>
    <Data Name="TerminalSessionId">0</Data>
    <Data Name="IntegrityLevel">System</Data>
    <Data Name="Hashes">SHA1=5CE448FA905EE08A22B960503A5E06876992E092,MD5=A417C300E2BB7D055C6DFD9E80D04ED8,SHA256=7DA8E1E1E69684B8341E442E8629C6746359808E7B8E9A51BE070AD7866B2CB2,IMPHASH=F9EBF344F0DAE6163C276DAF3CFFA3D3</Data>
    <Data Name="ParentProcessGuid">{83eb9c06-43c3-65f0-2400-001033486d3f}</Data>
    <Data Name="ParentProcessId">2332</Data>
    <Data Name="ParentImage">C:\Windows\System32\services.exe</Data>
    <Data Name="ParentCommandLine">services.exe</Data>
    <Data Name="ParentUser">NT AUTHORITY\SYSTEM</Data>
    
  </EventData>
</Event>
<Event xmlns="http://schemas.microsoft.com/win/2004/08/events/event">
  <System>
    <Provider Name="Microsoft-Windows-Sysmon" Guid="{5770385f-c22a-43e0-bf4c-06f5698ffbd9}"/>
    <EventID>1</EventID>
    <Version>5</Version>
    <Level>4</Level>
    <Task>1</Task>
    <Opcode>0</Opcode>
    <Keywords>0x8000000000000000</Keywords>
    <TimeCreated SystemTime="2024-03-18T16:07:55.1967622Z"/>
    <EventRecordID>3289822</EventRecordID>
    <Correlation/>
    <Execution ProcessID="2824" ThreadID="1464"/>
    <Channel>Microsoft-Windows-Sysmon/Operational</Channel>
    <Computer>DC-01.meridianhcs.local</Computer>
    <Security UserID="S-1-5-18"/>
  </System>
  <EventData>
    
    <Data Name="RuleName">-</Data>
    <Data Name="UtcTime">2024-03-18 16:07:55.196</Data>
    <Data Name="ProcessGuid">{83eb9c06-66db-65f8-6400-00108ea7da0a}</Data>
    <Data Name="ProcessId">5600</Data>
    <Data Name="Image">C:\Windows\System32\wsqmcons.exe</Data>
    <Data Name="FileVersion">10.0.20348.1</Data>
    <Data Name="Description">Windows SQM Consolidator</Data>
    <Data Name="Product">Microsoft Windows Operating System</Data>
    <Data Name="Company">Microsoft Corporation</Data>
    <Data Name="OriginalFileName">wsqmcons.exe</Data>
    <Data Name="CommandLine">wsqmcons.exe</Data>
    <Data Name="CurrentDirectory">C:\Windows\System32\</Data>
    <Data Name="User">NT AUTHORITY\SYSTEM</Data>
    <Data Name="LogonGuid">{00000000-0000-0000-0000-000000000000}</Data>
    <Data Name="LogonId">0x3e7</Data>
    <Data Name="TerminalSessionId">0</Data>
    <Data Name="IntegrityLevel">System</Data>
    <Data Name="Hashes">SHA1=6104A75C65DB07E6EE6706906D704A1338B653FE,MD5=489C55BAC89C8302A2923642E37CCDAC,SHA256=55155F8AFE96FB01851A1DFB6259B5176C3F6B5FCC3B60C8261A2F7B1F792A4D,IMPHASH=899A0BCAA8253EB42A3742DEA8E5B794</Data>
    <Data Name="ParentProcessGuid">{83eb9c06-43c6-65f0-a500-0010a9f570f0}</Data>
    <Data Name="ParentProcessId">2352</Data>
    <Data Name="ParentImage">C:\Windows\System32\svchost.exe</Data>
    <Data Name="ParentCommandLine">svchost.exe -k LocalSystem</Data>
    <Data Name="ParentUser">NT AUTHORITY\SYSTEM</Data>
    
  </EventData>
</Event>
<Event xmlns="http://schemas.microsoft.com/win/2004/08/events/event">
  <System>
    <Provider Name="Microsoft-Windows-Sysmon" Guid="{5770385f-c22a-43e0-bf4c-06f5698ffbd9}"/>
    <EventID>5</EventID>
    <Version>3</Version>
    <Level>4</Level>
    <Task>5</Task>
    <Opcode>0</Opcode>
    <Keywords>0x8000000000000000</Keywords>
    <TimeCreated SystemTime="2024-03-18T16:08:19.0125712Z"/>
    <EventRecordID>3289824</EventRecordID>
    <Correlation/>
    <Execution ProcessID="2824" ThreadID="1464"/>
    <Channel>Microsoft-Windows-Sysmon/Operational</Channel>
    <Computer>DC-01.meridianhcs.local</Computer>
    <Security UserID="S-1-5-18"/>
  </System>
  <EventData>
    
    <Data Name="RuleName">-</Data>
    <Data Name="UtcTime">2024-03-18 16:08:19.012</Data>
    <Data Name="ProcessGuid">{83eb9c06-66db-65f8-6400-00108ea7da0a}</Data>
    <Data Name="ProcessId">5600</Data>
    <Data Name="Image">C:\Windows\System32\wsqmcons.exe</Data>
    <Data Name="User">NT AUTHORITY\SYSTEM</Data>
    
  </EventData>
</Event>
<Event xmlns="http://schemas.microsoft.com/win/2004/08/events/event">
  <System>
    <Provider Name="Microsoft-Windows-Sysmon" Guid="{5770385f-c22a-43e0-bf4c-06f5698ffbd9}"/>
    <EventID>5</EventID>
    <Version>3</Version>
    <Level>4</Level>
    <Task>5</Task>
    <Opcode>0</Opcode>
    <Keywords>0x8000000000000000</Keywords>
    <TimeCreated SystemTime="2024-03-18T16:10:40.0606515Z"/>
    <EventRecordID>3289829</EventRecordID>
    <Correlation/>
    <Execution ProcessID="2824" ThreadID="4732"/>
    <Channel>Microsoft-Windows-Sysmon/Operational</Channel>
    <Computer>DC-01.meridianhcs.local</Computer>
    <Security UserID="S-1-5-18"/>
  </System>
  <EventData>
    
    <Data Name="RuleName">-</Data>
    <Data Name="UtcTime">2024-03-18 16:10:40.060</Data>
    <Data Name="ProcessGuid">{83eb9c06-5a30-65f8-3802-00100fc0fdcf}</Data>
    <Data Name="ProcessId">4936</Data>
    <Data Name="Image">C:\Windows\System32\dfsr.exe</Data>
    <Data Name="User">NT AUTHORITY\SYSTEM</Data>
    
  </EventData>
</Event>
<Event xmlns="http://schemas.microsoft.com/win/2004/08/events/event">
  <System>
    <Provider Name="Microsoft-Windows-Sysmon" Guid="{5770385f-c22a-43e0-bf4c-06f5698ffbd9}"/>
    <EventID>10</EventID>
    <Version>3</Version>
    <Level>4</Level>
    <Task>10</Task>
    <Opcode>0</Opcode>
    <Keywords>0x8000000000000000</Keywords>
    <TimeCreated SystemTime="2024-03-18T16:10:58.1108081Z"/>
    <EventRecordID>3289831</EventRecordID>
    <Correlation/>
    <Execution ProcessID="2824" ThreadID="4732"/>
    <Channel>Microsoft-Windows-Sysmon/Operational</Channel>
    <Computer>DC-01.meridianhcs.local</Computer>
    <Security UserID="S-1-5-18"/>
  </System>
  <EventData>
    
    <Data Name="RuleName">-</Data>
    <Data Name="UtcTime">2024-03-18 16:10:58.110</Data>
    <Data Name="SourceProcessGUID">{83eb9c06-43c6-65f0-5700-0010a70e8279}</Data>
    <Data Name="SourceProcessId">2368</Data>
    <Data Name="SourceThreadId">8760</Data>
    <Data Name="SourceImage">C:\Windows\System32\svchost.exe</Data>
    <Data Name="TargetProcessGUID">{83eb9c06-43c4-65f0-0802-001037d12df1}</Data>
    <Data Name="TargetProcessId">2336</Data>
    <Data Name="TargetImage">C:\Windows\System32\lsass.exe</Data>
    <Data Name="GrantedAccess">0x1400</Data>
    <Data Name="CallTrace">C:\Windows\SYSTEM32\ntdll.dll+9EEDB|C:\Windows\SYSTEM32\RPCRT4.dll+7D13D|C:\Windows\SYSTEM32\KERNELBASE.dll+2E1F8</Data>
    <Data Name="SourceUser">NT AUTHORITY\NETWORK SERVICE</Data>
    <Data Name="TargetUser">NT AUTHORITY\SYSTEM</Data>
    
  </EventData>
</Event>
<Event xmlns="http://schemas.microsoft.com/win/2004/08/events/event">
  <System>
    <Provider Name="Microsoft-Windows-Sysmon" Guid="{5770385f-c22a-43e0-bf4c-06f5698ffbd9}"/>
    <EventID>7</EventID>
    <Version>3</Version>
    <Level>4</Level>
    <Task>7</Task>
    <Opcode>0</Opcode>
    <Keywords>0x8000000000000000</Keywords>
    <TimeCreated SystemTime="2024-03-18T16:11:05.4853920Z"/>
    <EventRecordID>3289832</EventRecordID>
    <Correlation/>
    <Execution ProcessID="2824" ThreadID="1464"/>
    <Channel>Microsoft-Windows-Sysmon/Operational</Channel>
    <Computer>DC-01.meridianhcs.local</Computer>
    <Security UserID="S-1-5-18"/>
  </System>
  <EventData>
    
    <Data Name="RuleName">-</Data>
    <Data Name="UtcTime">2024-03-18 16:11:05.485</Data>
    <Data Name="ProcessGuid">{83eb9c06-5cab-65f8-b800-001065ad6944}</Data>
    <Data Name="ProcessId">5348</Data>
    <Data Name="Image">C:\Windows\System32\taskhostw.exe</Data>
    <Data Name="ImageLoaded">C:\Program Files\Windows Defender\MpOAV.dll</Data>
    <Data Name="FileVersion">4.18.2301.6</Data>
    <Data Name="Description">IOfficeAntiVirus Module</Data>
    <Data Name="Product">Microsoft Defender Antivirus</Data>
    <Data Name="Company">Microsoft Corporation</Data>
    <Data Name="OriginalFileName">MpOAV.dll</Data>
    <Data Name="Hashes">SHA1=FC17FE09B96E6641A0C4DD89FE19E33173B862A9,MD5=DDBA590E19E88EA28373E3D47061E407,SHA256=11D3F5E67D04915646C72F60356E8ABB54A72F49B33A321C9E8622576EE491DD,IMPHASH=B50EDBF447D04C1BEFF75D2CC5E6EDF5</Data>
    <Data Name="Signed">true</Data>
    <Data Name="Signature">Microsoft Corporation</Data>
    <Data Name="SignatureStatus">Valid</Data>
    <Data Name="User">NT AUTHORITY\SYSTEM</Data>
    
  </EventData>
</Event>
<Event xmlns="http://schemas.microsoft.com/win/2004/08/events/event">
  <System>
    <Provider Name="Microsoft-Windows-Sysmon" Guid="{5770385f-c22a-43e0-bf4c-06f5698ffbd9}"/>
    <EventID>7</EventID>
    <Version>3</Version>
    <Level>4</Level>
    <Task>7</Task>
    <Opcode>0</Opcode>
    <Keywords>0x8000000000000000</Keywords>
    <TimeCreated SystemTime="2024-03-18T16:11:48.8053930Z"/>
    <EventRecordID>3289834</EventRecordID>
    <Correlation/>
    <Execution ProcessID="2824" ThreadID="1464"/>
    <Channel>Microsoft-Windows-Sysmon/Operational</Channel>
    <Computer>DC-01.meridianhcs.local</Computer>
    <Security UserID="S-1-5-18"/>
  </System>
  <EventData>
    
    <Data Name="RuleName">-</Data>
    <Data Name="UtcTime">2024-03-18 16:11:48.805</Data>
    <Data Name="ProcessGuid">{83eb9c06-5728-65f8-e500-00007a09e712}</Data>
    <Data Name="ProcessId">5424</Data>
    <Data Name="Image">C:\Windows\explorer.exe</Data>
    <Data Name="ImageLoaded">C:\Program Files\7-Zip\7-zip.dll</Data>
    <Data Name="FileVersion">23.01.0.0</Data>
    <Data Name="Description">7-Zip Shell Extension</Data>
    <Data Name="Product">7-Zip</Data>
    <Data Name="Company">Igor Pavlov</Data>
    <Data Name="OriginalFileName">7-zip.dll</Data>
    <Data Name="Hashes">SHA1=BF2619160C548067C80B010F0B9F5D224435A4AA,MD5=4FFC4040B68D405900BE629547DF0786,SHA256=A34E512691EB799A505E71B1CD8F01B889912AFB7CCB2D5DEC396F8C366E9BEE,IMPHASH=D6D3685D4A430A287607E444371EB5F5</Data>
    <Data Name="Signed">false</Data>
    <Data Name="Signature">-</Data>
    <Data Name="SignatureStatus">Unavailable</Data>
    <Data Name="User">MERIDIANHCS\aisha.johnson</Data>
    
  </EventData>
</Event>
<Event xmlns="http://schemas.microsoft.com/win/2004/08/events/event">
  <System>
    <Provider Name="Microsoft-Windows-Sysmon" Guid="{5770385f-c22a-43e0-bf4c-06f5698ffbd9}"/>
    <EventID>10</EventID>
    <Version>3</Version>
    <Level>4</Level>
    <Task>10</Task>
    <Opcode>0</Opcode>
    <Keywords>0x8000000000000000</Keywords>
    <TimeCreated SystemTime="2024-03-18T16:11:57.0064624Z"/>
    <EventRecordID>3289835</EventRecordID>
    <Correlation/>
    <Execution ProcessID="2824" ThreadID="4732"/>
    <Channel>Microsoft-Windows-Sysmon/Operational</Channel>
    <Computer>DC-01.meridianhcs.local</Computer>
    <Security UserID="S-1-5-18"/>
  </System>
  <EventData>
    
    <Data Name="RuleName">-</Data>
    <Data Name="UtcTime">2024-03-18 16:11:57.006</Data>
    <Data Name="SourceProcessGUID">{83eb9c06-43d5-65f0-f400-00003b51ab4f}</Data>
    <Data Name="SourceProcessId">2420</Data>
    <Data Name="SourceThreadId">9012</Data>
    <Data Name="SourceImage">C:\ProgramData\Microsoft\Windows Defender\Platform\4.18.2301.6-0\MsMpEng.exe</Data>
    <Data Name="TargetProcessGUID">{83eb9c06-43c6-65f0-5700-0010a70e8279}</Data>
    <Data Name="TargetProcessId">2368</Data>
    <Data Name="TargetImage">C:\Windows\System32\svchost.exe</Data>
    <Data Name="GrantedAccess">0x1410</Data>
    <Data Name="CallTrace">C:\Windows\SYSTEM32\ntdll.dll+9C4AB|C:\Windows\SYSTEM32\KERNELBASE.dll+2E9B8|C:\Windows\SYSTEM32\advapi32.dll+4C156</Data>
    <Data Name="SourceUser">NT AUTHORITY\SYSTEM</Data>
    <Data Name="TargetUser">NT AUTHORITY\NETWORK SERVICE</Data>
    
  </EventData>
</Event>
<Event xmlns="http://schemas.microsoft.com/win/2004/08/events/event">
  <System>
    <Provider Name="Microsoft-Windows-Sysmon" Guid="{5770385f-c22a-43e0-bf4c-06f5698ffbd9}"/>
    <EventID>11</EventID>
    <Version>2</Version>
    <Level>4</Level>
    <Task>11</Task>
    <Opcode>0</Opcode>
    <Keywords>0x8000000000000000</Keywords>
    <TimeCreated SystemTime="2024-03-18T16:12:06.0362272Z"/>
    <EventRecordID>3289837</EventRecordID>
    <Correlation/>
    <Execution ProcessID="2824" ThreadID="4732"/>
    <Channel>Microsoft-Windows-Sysmon/Operational</Channel>
    <Computer>DC-01.meridianhcs.local</Computer>
    <Security UserID="S-1-5-18"/>
  </System>
  <EventData>
    
    <Data Name="RuleName">-</Data>
    <Data Name="UtcTime">2024-03-18 16:12:06.036</Data>
    <Data Name="ProcessGuid">{83eb9c06-43e3-65f0-6a00-0010cecb62bc}</Data>
    <Data Name="ProcessId">2492</Data>
    <Data Name="Image">C:\Windows\System32\csrss.exe</Data>
    <Data Name="TargetFilename">C:\ProgramData\Microsoft\Windows Defender\Scans\History\Service\DetectionHistory\74717</Data>
    <Data Name="CreationUtcTime">2024-03-18 16:12:06.036</Data>
    <Data Name="User">NT AUTHORITY\SYSTEM</Data>
    
  </EventData>
</Event>
<Event xmlns="http://schemas.microsoft.com/win/2004/08/events/event">
  <System>
    <Provider Name="Microsoft-Windows-Sysmon" Guid="{5770385f-c22a-43e0-bf4c-06f5698ffbd9}"/>
    <EventID>1</EventID>
    <Version>5</Version>
    <Level>4</Level>
    <Task>1</Task>
    <Opcode>0</Opcode>
    <Keywords>0x8000000000000000</Keywords>
    <TimeCreated SystemTime="2024-03-18T16:13:16.9493430Z"/>
    <EventRecordID>3289843</EventRecordID>
    <Correlation/>
    <Execution ProcessID="2824" ThreadID="1464"/>
    <Channel>Microsoft-Windows-Sysmon/Operational</Channel>
    <Computer>DC-01.meridianhcs.local</Computer>
    <Security UserID="S-1-5-18"/>
  </System>
  <EventData>
    
    <Data Name="RuleName">-</Data>
    <Data Name="UtcTime">2024-03-18 16:13:16.949</Data>
    <Data Name="ProcessGuid">{83eb9c06-681c-65f8-f000-0010d7d1dc38}</Data>
    <Data Name="ProcessId">5612</Data>
    <Data Name="Image">C:\Windows\System32\wsqmcons.exe</Data>
    <Data Name="FileVersion">10.0.20348.1</Data>
    <Data Name="Description">Windows SQM Consolidator</Data>
    <Data Name="Product">Microsoft Windows Operating System</Data>
    <Data Name="Company">Microsoft Corporation</Data>
    <Data Name="OriginalFileName">wsqmcons.exe</Data>
    <Data Name="CommandLine">wsqmcons.exe</Data>
    <Data Name="CurrentDirectory">C:\Windows\System32\</Data>
    <Data Name="User">NT AUTHORITY\SYSTEM</Data>
    <Data Name="LogonGuid">{00000000-0000-0000-0000-000000000000}</Data>
    <Data Name="LogonId">0x3e7</Data>
    <Data Name="TerminalSessionId">0</Data>
    <Data Name="IntegrityLevel">System</Data>
    <Data Name="Hashes">SHA1=6104A75C65DB07E6EE6706906D704A1338B653FE,MD5=489C55BAC89C8302A2923642E37CCDAC,SHA256=55155F8AFE96FB01851A1DFB6259B5176C3F6B5FCC3B60C8261A2F7B1F792A4D,IMPHASH=899A0BCAA8253EB42A3742DEA8E5B794</Data>
    <Data Name="ParentProcessGuid">{83eb9c06-43c6-65f0-a500-0010a9f570f0}</Data>
    <Data Name="ParentProcessId">2352</Data>
    <Data Name="ParentImage">C:\Windows\System32\svchost.exe</Data>
    <Data Name="ParentCommandLine">svchost.exe -k LocalSystem</Data>
    <Data Name="ParentUser">NT AUTHORITY\SYSTEM</Data>
    
  </EventData>
</Event>
<Event xmlns="http://schemas.microsoft.com/win/2004/08/events/event">
  <System>
    <Provider Name="Microsoft-Windows-Sysmon" Guid="{5770385f-c22a-43e0-bf4c-06f5698ffbd9}"/>
    <EventID>5</EventID>
    <Version>3</Version>
    <Level>4</Level>
    <Task>5</Task>
    <Opcode>0</Opcode>
    <Keywords>0x8000000000000000</Keywords>
    <TimeCreated SystemTime="2024-03-18T16:13:28.0202734Z"/>
    <EventRecordID>3289844</EventRecordID>
    <Correlation/>
    <Execution ProcessID="2824" ThreadID="1464"/>
    <Channel>Microsoft-Windows-Sysmon/Operational</Channel>
    <Computer>DC-01.meridianhcs.local</Computer>
    <Security UserID="S-1-5-18"/>
  </System>
  <EventData>
    
    <Data Name="RuleName">-</Data>
    <Data Name="UtcTime">2024-03-18 16:13:28.020</Data>
    <Data Name="ProcessGuid">{83eb9c06-681c-65f8-f000-0010d7d1dc38}</Data>
    <Data Name="ProcessId">5612</Data>
    <Data Name="Image">C:\Windows\System32\wsqmcons.exe</Data>
    <Data Name="User">NT AUTHORITY\SYSTEM</Data>
    
  </EventData>
</Event>
<Event xmlns="http://schemas.microsoft.com/win/2004/08/events/event">
  <System>
    <Provider Name="Microsoft-Windows-Sysmon" Guid="{5770385f-c22a-43e0-bf4c-06f5698ffbd9}"/>
    <EventID>10</EventID>
    <Version>3</Version>
    <Level>4</Level>
    <Task>10</Task>
    <Opcode>0</Opcode>
    <Keywords>0x8000000000000000</Keywords>
    <TimeCreated SystemTime="2024-03-18T16:13:44.8259575Z"/>
    <EventRecordID>3289846</EventRecordID>
    <Correlation/>
    <Execution ProcessID="2824" ThreadID="4208"/>
    <Channel>Microsoft-Windows-Sysmon/Operational</Channel>
    <Computer>DC-01.meridianhcs.local</Computer>
    <Security UserID="S-1-5-18"/>
  </System>
  <EventData>
    
    <Data Name="RuleName">-</Data>
    <Data Name="UtcTime">2024-03-18 16:13:44.825</Data>
    <Data Name="SourceProcessGUID">{83eb9c06-43c3-65f0-2400-001033486d3f}</Data>
    <Data Name="SourceProcessId">2332</Data>
    <Data Name="SourceThreadId">8532</Data>
    <Data Name="SourceImage">C:\Windows\System32\services.exe</Data>
    <Data Name="TargetProcessGUID">{83eb9c06-43c4-65f0-0802-001037d12df1}</Data>
    <Data Name="TargetProcessId">2336</Data>
    <Data Name="TargetImage">C:\Windows\System32\lsass.exe</Data>
    <Data Name="GrantedAccess">0x0400</Data>
    <Data Name="CallTrace">C:\Windows\SYSTEM32\ntdll.dll+9EB09|C:\Windows\SYSTEM32\KERNELBASE.dll+2DFFB|C:\Windows\SYSTEM32\sechost.dll+14349</Data>
    <Data Name="SourceUser">NT AUTHORITY\SYSTEM</Data>
    <Data Name="TargetUser">NT AUTHORITY\SYSTEM</Data>
    
  </EventData>
</Event>
<Event xmlns="http://schemas.microsoft.com/win/2004/08/events/event">
  <System>
    <Provider Name="Microsoft-Windows-Sysmon" Guid="{5770385f-c22a-43e0-bf4c-06f5698ffbd9}"/>
    <EventID>1</EventID>
    <Version>5</Version>
    <Level>4</Level>
    <Task>1</Task>
    <Opcode>0</Opcode>
    <Keywords>0x8000000000000000</Keywords>
    <TimeCreated SystemTime="2024-03-18T16:14:47.6464400Z"/>
    <EventRecordID>3289847</EventRecordID>
    <Correlation/>
    <Execution ProcessID="2824" ThreadID="4732"/>
    <Channel>Microsoft-Windows-Sysmon/Operational</Channel>
    <Computer>DC-01.meridianhcs.local</Computer>
    <Security UserID="S-1-5-18"/>
  </System>
  <EventData>
    
    <Data Name="RuleName">-</Data>
    <Data Name="UtcTime">2024-03-18 16:14:47.646</Data>
    <Data Name="ProcessGuid">{83eb9c06-6877-65f8-5f00-001077ef286e}</Data>
    <Data Name="ProcessId">5704</Data>
    <Data Name="Image">C:\Windows\System32\cmd.exe</Data>
    <Data Name="FileVersion">10.0.20348.1</Data>
    <Data Name="Description">Windows Command Processor</Data>
    <Data Name="Product">Microsoft Windows Operating System</Data>
    <Data Name="Company">Microsoft Corporation</Data>
    <Data Name="OriginalFileName">Cmd.Exe</Data>
    <Data Name="CommandLine">C:\Windows\System32\cmd.exe /c net user svc_mhsync MhsSvc!2024 /add /domain</Data>
    <Data Name="CurrentDirectory">C:\Windows\System32\</Data>
    <Data Name="User">NT AUTHORITY\SYSTEM</Data>
    <Data Name="LogonGuid">{00000000-0000-0000-0000-000000000000}</Data>
    <Data Name="LogonId">0x3e7</Data>
    <Data Name="TerminalSessionId">0</Data>
    <Data Name="IntegrityLevel">System</Data>
    <Data Name="Hashes">SHA1=ACBAE8913018BB16059E65EDCE5CF4D5B43F54C9,MD5=21452B965D62B91482CF96D46082057C,SHA256=706A1B7A6DC020F33C4A3FA82AFF36CA35125B28F85998EC1F55C6EDA0CC3FEF,IMPHASH=311E8982B15DD09EA0B7086656E53915</Data>
    <Data Name="ParentProcessGuid">{83eb9c06-43d8-65f0-2002-001079fbde0e}</Data>
    <Data Name="ParentProcessId">2428</Data>
    <Data Name="ParentImage">C:\Windows\System32\wbem\WmiPrvSE.exe</Data>
    <Data Name="ParentCommandLine">WmiPrvSE.exe -Embedding</Data>
    <Data Name="ParentUser">NT AUTHORITY\NETWORK SERVICE</Data>
    
  </EventData>
</Event>
<Event xmlns="http://schemas.microsoft.com/win/2004/08/events/event">
  <System>
    <Provider Name="Microsoft-Windows-Sysmon" Guid="{5770385f-c22a-43e0-bf4c-06f5698ffbd9}"/>
    <EventID>1</EventID>
    <Version>5</Version>
    <Level>4</Level>
    <Task>1</Task>
    <Opcode>0</Opcode>
    <Keywords>0x8000000000000000</Keywords>
    <TimeCreated SystemTime="2024-03-18T16:14:48.4985631Z"/>
    <EventRecordID>3289848</EventRecordID>
    <Correlation/>
    <Execution ProcessID="2824" ThreadID="4732"/>
    <Channel>Microsoft-Windows-Sysmon/Operational</Channel>
    <Computer>DC-01.meridianhcs.local</Computer>
    <Security UserID="S-1-5-18"/>
  </System>
  <EventData>
    
    <Data Name="RuleName">-</Data>
    <Data Name="UtcTime">2024-03-18 16:14:48.498</Data>
    <Data Name="ProcessGuid">{83eb9c06-6878-65f8-2a02-00009f4c53dc}</Data>
    <Data Name="ProcessId">5712</Data>
    <Data Name="Image">C:\Windows\System32\net.exe</Data>
    <Data Name="FileVersion">10.0.20348.1</Data>
    <Data Name="Description">Net Command</Data>
    <Data Name="Product">Microsoft Windows Operating System</Data>
    <Data Name="Company">Microsoft Corporation</Data>
    <Data Name="OriginalFileName">net.exe</Data>
    <Data Name="CommandLine">net user svc_mhsync MhsSvc!2024 /add /domain</Data>
    <Data Name="CurrentDirectory">C:\Windows\System32\</Data>
    <Data Name="User">NT AUTHORITY\SYSTEM</Data>
    <Data Name="LogonGuid">{00000000-0000-0000-0000-000000000000}</Data>
    <Data Name="LogonId">0x3e7</Data>
    <Data Name="TerminalSessionId">0</Data>
    <Data Name="IntegrityLevel">System</Data>
    <Data Name="Hashes">SHA1=BE4844749F1FD89AFE1175BF2ED377AFE9262A7F,MD5=C4B0D0E0CD1F30915CAC8F4403240DD2,SHA256=F006143155279ACA9A7169AFCF3D53C35DE337F9E008DF8BC03BC576E8079E37,IMPHASH=8BF0F71EF0560CB8B52A4AC995E872C2</Data>
    <Data Name="ParentProcessGuid">{83eb9c06-6877-65f8-5f00-001077ef286e}</Data>
    <Data Name="ParentProcessId">5704</Data>
    <Data Name="ParentImage">C:\Windows\System32\cmd.exe</Data>
    <Data Name="ParentCommandLine">C:\Windows\System32\cmd.exe /c net user svc_mhsync MhsSvc!2024 /add /domain</Data>
    <Data Name="ParentUser">NT AUTHORITY\SYSTEM</Data>
    
  </EventData>
</Event>
<Event xmlns="http://schemas.microsoft.com/win/2004/08/events/event">
  <System>
    <Provider Name="Microsoft-Windows-Sysmon" Guid="{5770385f-c22a-43e0-bf4c-06f5698ffbd9}"/>
    <EventID>1</EventID>
    <Version>5</Version>
    <Level>4</Level>
    <Task>1</Task>
    <Opcode>0</Opcode>
    <Keywords>0x8000000000000000</Keywords>
    <TimeCreated SystemTime="2024-03-18T16:14:49.9243383Z"/>
    <EventRecordID>3289849</EventRecordID>
    <Correlation/>
    <Execution ProcessID="2824" ThreadID="4732"/>
    <Channel>Microsoft-Windows-Sysmon/Operational</Channel>
    <Computer>DC-01.meridianhcs.local</Computer>
    <Security UserID="S-1-5-18"/>
  </System>
  <EventData>
    
    <Data Name="RuleName">-</Data>
    <Data Name="UtcTime">2024-03-18 16:14:49.924</Data>
    <Data Name="ProcessGuid">{83eb9c06-6879-65f8-cd00-001033620fe2}</Data>
    <Data Name="ProcessId">5728</Data>
    <Data Name="Image">C:\Windows\System32\cmd.exe</Data>
    <Data Name="FileVersion">10.0.20348.1</Data>
    <Data Name="Description">Windows Command Processor</Data>
    <Data Name="Product">Microsoft Windows Operating System</Data>
    <Data Name="Company">Microsoft Corporation</Data>
    <Data Name="OriginalFileName">Cmd.Exe</Data>
    <Data Name="CommandLine">C:\Windows\System32\cmd.exe /c net group "Domain Admins" svc_mhsync /add /domain</Data>
    <Data Name="CurrentDirectory">C:\Windows\System32\</Data>
    <Data Name="User">NT AUTHORITY\SYSTEM</Data>
    <Data Name="LogonGuid">{00000000-0000-0000-0000-000000000000}</Data>
    <Data Name="LogonId">0x3e7</Data>
    <Data Name="TerminalSessionId">0</Data>
    <Data Name="IntegrityLevel">System</Data>
    <Data Name="Hashes">SHA1=ACBAE8913018BB16059E65EDCE5CF4D5B43F54C9,MD5=21452B965D62B91482CF96D46082057C,SHA256=706A1B7A6DC020F33C4A3FA82AFF36CA35125B28F85998EC1F55C6EDA0CC3FEF,IMPHASH=311E8982B15DD09EA0B7086656E53915</Data>
    <Data Name="ParentProcessGuid">{83eb9c06-43d8-65f0-2002-001079fbde0e}</Data>
    <Data Name="ParentProcessId">2428</Data>
    <Data Name="ParentImage">C:\Windows\System32\wbem\WmiPrvSE.exe</Data>
    <Data Name="ParentCommandLine">WmiPrvSE.exe -Embedding</Data>
    <Data Name="ParentUser">NT AUTHORITY\NETWORK SERVICE</Data>
    
  </EventData>
</Event>
<Event xmlns="http://schemas.microsoft.com/win/2004/08/events/event">
  <System>
    <Provider Name="Microsoft-Windows-Sysmon" Guid="{5770385f-c22a-43e0-bf4c-06f5698ffbd9}"/>
    <EventID>5</EventID>
    <Version>3</Version>
    <Level>4</Level>
    <Task>5</Task>
    <Opcode>0</Opcode>
    <Keywords>0x8000000000000000</Keywords>
    <TimeCreated SystemTime="2024-03-18T16:14:50.5601376Z"/>
    <EventRecordID>3289850</EventRecordID>
    <Correlation/>
    <Execution ProcessID="2824" ThreadID="4208"/>
    <Channel>Microsoft-Windows-Sysmon/Operational</Channel>
    <Computer>DC-01.meridianhcs.local</Computer>
    <Security UserID="S-1-5-18"/>
  </System>
  <EventData>
    
    <Data Name="RuleName">-</Data>
    <Data Name="UtcTime">2024-03-18 16:14:50.560</Data>
    <Data Name="ProcessGuid">{83eb9c06-6878-65f8-2a02-00009f4c53dc}</Data>
    <Data Name="ProcessId">5712</Data>
    <Data Name="Image">C:\Windows\System32\net.exe</Data>
    <Data Name="User">NT AUTHORITY\SYSTEM</Data>
    
  </EventData>
</Event>
<Event xmlns="http://schemas.microsoft.com/win/2004/08/events/event">
  <System>
    <Provider Name="Microsoft-Windows-Sysmon" Guid="{5770385f-c22a-43e0-bf4c-06f5698ffbd9}"/>
    <EventID>1</EventID>
    <Version>5</Version>
    <Level>4</Level>
    <Task>1</Task>
    <Opcode>0</Opcode>
    <Keywords>0x8000000000000000</Keywords>
    <TimeCreated SystemTime="2024-03-18T16:14:50.7746647Z"/>
    <EventRecordID>3289851</EventRecordID>
    <Correlation/>
    <Execution ProcessID="2824" ThreadID="4732"/>
    <Channel>Microsoft-Windows-Sysmon/Operational</Channel>
    <Computer>DC-01.meridianhcs.local</Computer>
    <Security UserID="S-1-5-18"/>
  </System>
  <EventData>
    
    <Data Name="RuleName">-</Data>
    <Data Name="UtcTime">2024-03-18 16:14:50.774</Data>
    <Data Name="ProcessGuid">{83eb9c06-687a-65f8-aa02-0010677a1e7b}</Data>
    <Data Name="ProcessId">5740</Data>
    <Data Name="Image">C:\Windows\System32\net.exe</Data>
    <Data Name="FileVersion">10.0.20348.1</Data>
    <Data Name="Description">Net Command</Data>
    <Data Name="Product">Microsoft Windows Operating System</Data>
    <Data Name="Company">Microsoft Corporation</Data>
    <Data Name="OriginalFileName">net.exe</Data>
    <Data Name="CommandLine">net group "Domain Admins" svc_mhsync /add /domain</Data>
    <Data Name="CurrentDirectory">C:\Windows\System32\</Data>
    <Data Name="User">NT AUTHORITY\SYSTEM</Data>
    <Data Name="LogonGuid">{00000000-0000-0000-0000-000000000000}</Data>
    <Data Name="LogonId">0x3e7</Data>
    <Data Name="TerminalSessionId">0</Data>
    <Data Name="IntegrityLevel">System</Data>
    <Data Name="Hashes">SHA1=BE4844749F1FD89AFE1175BF2ED377AFE9262A7F,MD5=C4B0D0E0CD1F30915CAC8F4403240DD2,SHA256=F006143155279ACA9A7169AFCF3D53C35DE337F9E008DF8BC03BC576E8079E37,IMPHASH=8BF0F71EF0560CB8B52A4AC995E872C2</Data>
    <Data Name="ParentProcessGuid">{83eb9c06-6879-65f8-cd00-001033620fe2}</Data>
    <Data Name="ParentProcessId">5728</Data>
    <Data Name="ParentImage">C:\Windows\System32\cmd.exe</Data>
    <Data Name="ParentCommandLine">C:\Windows\System32\cmd.exe /c net group "Domain Admins" svc_mhsync /add /domain</Data>
    <Data Name="ParentUser">NT AUTHORITY\SYSTEM</Data>
    
  </EventData>
</Event>
<Event xmlns="http://schemas.microsoft.com/win/2004/08/events/event">
  <System>
    <Provider Name="Microsoft-Windows-Sysmon" Guid="{5770385f-c22a-43e0-bf4c-06f5698ffbd9}"/>
    <EventID>5</EventID>
    <Version>3</Version>
    <Level>4</Level>
    <Task>5</Task>
    <Opcode>0</Opcode>
    <Keywords>0x8000000000000000</Keywords>
    <TimeCreated SystemTime="2024-03-18T16:14:52.8099228Z"/>
    <EventRecordID>3289852</EventRecordID>
    <Correlation/>
    <Execution ProcessID="2824" ThreadID="4208"/>
    <Channel>Microsoft-Windows-Sysmon/Operational</Channel>
    <Computer>DC-01.meridianhcs.local</Computer>
    <Security UserID="S-1-5-18"/>
  </System>
  <EventData>
    
    <Data Name="RuleName">-</Data>
    <Data Name="UtcTime">2024-03-18 16:14:52.809</Data>
    <Data Name="ProcessGuid">{83eb9c06-687a-65f8-aa02-0010677a1e7b}</Data>
    <Data Name="ProcessId">5740</Data>
    <Data Name="Image">C:\Windows\System32\net.exe</Data>
    <Data Name="User">NT AUTHORITY\SYSTEM</Data>
    
  </EventData>
</Event>
<Event xmlns="http://schemas.microsoft.com/win/2004/08/events/event">
  <System>
    <Provider Name="Microsoft-Windows-Sysmon" Guid="{5770385f-c22a-43e0-bf4c-06f5698ffbd9}"/>
    <EventID>5</EventID>
    <Version>3</Version>
    <Level>4</Level>
    <Task>5</Task>
    <Opcode>0</Opcode>
    <Keywords>0x8000000000000000</Keywords>
    <TimeCreated SystemTime="2024-03-18T16:15:19.5376925Z"/>
    <EventRecordID>3289855</EventRecordID>
    <Correlation/>
    <Execution ProcessID="2824" ThreadID="4208"/>
    <Channel>Microsoft-Windows-Sysmon/Operational</Channel>
    <Computer>DC-01.meridianhcs.local</Computer>
    <Security UserID="S-1-5-18"/>
  </System>
  <EventData>
    
    <Data Name="RuleName">-</Data>
    <Data Name="UtcTime">2024-03-18 16:15:19.537</Data>
    <Data Name="ProcessGuid">{83eb9c06-6879-65f8-cd00-001033620fe2}</Data>
    <Data Name="ProcessId">5728</Data>
    <Data Name="Image">C:\Windows\System32\cmd.exe</Data>
    <Data Name="User">NT AUTHORITY\SYSTEM</Data>
    
  </EventData>
</Event>
