<Event xmlns="http://schemas.microsoft.com/win/2004/08/events/event">
  <System>
    <Provider Name="Microsoft-Windows-Sysmon" Guid="{5770385f-c22a-43e0-bf4c-06f5698ffbd9}"/>
    <EventID>1</EventID>
    <Version>5</Version>
    <Level>4</Level>
    <Task>1</Task>
    <Opcode>0</Opcode>
    <Keywords>0x8000000000000000</Keywords>
    <TimeCreated SystemTime="2024-03-18T12:33:16.1039214Z"/>
    <EventRecordID>739720</EventRecordID>
    <Correlation/>
    <Execution ProcessID="2440" ThreadID="2612"/>
    <Channel>Microsoft-Windows-Sysmon/Operational</Channel>
    <Computer>WS-PPATEL-01.meridianhcs.local</Computer>
    <Security UserID="S-1-5-18"/>
  </System>
  <EventData>
    
    <Data Name="RuleName">-</Data>
    <Data Name="UtcTime">2024-03-18 12:33:16.103</Data>
    <Data Name="ProcessGuid">{398565f9-348c-65f8-4800-00002e25048d}</Data>
    <Data Name="ProcessId">6116</Data>
    <Data Name="Image">C:\Windows\WinSxS\amd64_microsoft-windows-servicingstack_31bf3856ad364e35_10.0.22621.3155_none_7c91d6e7c9f7f1f5\TiWorker.exe</Data>
    <Data Name="FileVersion">10.0.22621.3155</Data>
    <Data Name="Description">Windows Module Installer Worker</Data>
    <Data Name="Product">Microsoft Windows Operating System</Data>
    <Data Name="Company">Microsoft Corporation</Data>
    <Data Name="OriginalFileName">TiWorker.exe</Data>
    <Data Name="CommandLine">TiWorker.exe -Embedding</Data>
    <Data Name="CurrentDirectory">C:\Windows\System32\</Data>
    <Data Name="User">NT AUTHORITY\SYSTEM</Data>
    <Data Name="LogonGuid">{00000000-0000-0000-0000-000000000000}</Data>
    <Data Name="LogonId">0x3e7</Data>
    <Data Name="TerminalSessionId">0</Data>
    <Data Name="IntegrityLevel">System</Data>
    <Data Name="Hashes">SHA1=35DAC578E7264F00085E9C3B3ACB7B6820206892,MD5=211CBEC63CF8FE393D2788F87D53B5BA,SHA256=7F187497C5E0C4605A6837541EBD7F988831DF0D0D45728015A204764110C0DE,IMPHASH=8D7D747B53EA6FAD2E589282D780A2F4</Data>
    <Data Name="ParentProcessGuid">{398565f9-2048-65df-5600-00105d50de3b}</Data>
    <Data Name="ParentProcessId">5064</Data>
    <Data Name="ParentImage">C:\Windows\System32\svchost.exe</Data>
    <Data Name="ParentCommandLine">svchost.exe -k netsvcs</Data>
    <Data Name="ParentUser">NT AUTHORITY\NETWORK SERVICE</Data>
    
  </EventData>
</Event>
<Event xmlns="http://schemas.microsoft.com/win/2004/08/events/event">
  <System>
    <Provider Name="Microsoft-Windows-Sysmon" Guid="{5770385f-c22a-43e0-bf4c-06f5698ffbd9}"/>
    <EventID>10</EventID>
    <Version>3</Version>
    <Level>4</Level>
    <Task>10</Task>
    <Opcode>0</Opcode>
    <Keywords>0x8000000000000000</Keywords>
    <TimeCreated SystemTime="2024-03-18T12:33:16.2694464Z"/>
    <EventRecordID>739721</EventRecordID>
    <Correlation/>
    <Execution ProcessID="2440" ThreadID="2612"/>
    <Channel>Microsoft-Windows-Sysmon/Operational</Channel>
    <Computer>WS-PPATEL-01.meridianhcs.local</Computer>
    <Security UserID="S-1-5-18"/>
  </System>
  <EventData>
    
    <Data Name="RuleName">-</Data>
    <Data Name="UtcTime">2024-03-18 12:33:16.269</Data>
    <Data Name="SourceProcessGUID">{398565f9-2052-65df-5d00-000026e7c1fb}</Data>
    <Data Name="SourceProcessId">5200</Data>
    <Data Name="SourceThreadId">11340</Data>
    <Data Name="SourceImage">C:\ProgramData\Microsoft\Windows Defender\Platform\4.18.24010.12-0\MsMpEng.exe</Data>
    <Data Name="TargetProcessGUID">{398565f9-2044-65df-1402-000095f69efa}</Data>
    <Data Name="TargetProcessId">5044</Data>
    <Data Name="TargetImage">C:\Windows\System32\lsass.exe</Data>
    <Data Name="GrantedAccess">0x1400</Data>
    <Data Name="CallTrace">C:\Windows\SYSTEM32\ntdll.dll+9E84F|C:\Windows\SYSTEM32\KERNELBASE.dll+2D123|C:\Windows\SYSTEM32\advapi32.dll+4A462</Data>
    <Data Name="SourceUser">NT AUTHORITY\SYSTEM</Data>
    <Data Name="TargetUser">NT AUTHORITY\SYSTEM</Data>
    
  </EventData>
</Event>
<Event xmlns="http://schemas.microsoft.com/win/2004/08/events/event">
  <System>
    <Provider Name="Microsoft-Windows-Sysmon" Guid="{5770385f-c22a-43e0-bf4c-06f5698ffbd9}"/>
    <EventID>1</EventID>
    <Version>5</Version>
    <Level>4</Level>
    <Task>1</Task>
    <Opcode>0</Opcode>
    <Keywords>0x8000000000000000</Keywords>
    <TimeCreated SystemTime="2024-03-18T12:34:11.3318521Z"/>
    <EventRecordID>739723</EventRecordID>
    <Correlation/>
    <Execution ProcessID="2440" ThreadID="1040"/>
    <Channel>Microsoft-Windows-Sysmon/Operational</Channel>
    <Computer>WS-PPATEL-01.meridianhcs.local</Computer>
    <Security UserID="S-1-5-18"/>
  </System>
  <EventData>
    
    <Data Name="RuleName">-</Data>
    <Data Name="UtcTime">2024-03-18 12:34:11.331</Data>
    <Data Name="ProcessGuid">{398565f9-34c3-65f8-d500-00009692f1e2}</Data>
    <Data Name="ProcessId">6068</Data>
    <Data Name="Image">C:\Program Files (x86)\Common Files\Adobe\ARM\1.0\AdobeARMservice.exe</Data>
    <Data Name="FileVersion">-</Data>
    <Data Name="Description">-</Data>
    <Data Name="Product">-</Data>
    <Data Name="Company">-</Data>
    <Data Name="OriginalFileName">-</Data>
    <Data Name="CommandLine">AdobeARMservice.exe</Data>
    <Data Name="CurrentDirectory">C:\Windows\System32\</Data>
    <Data Name="User">NT AUTHORITY\SYSTEM</Data>
    <Data Name="LogonGuid">{00000000-0000-0000-0000-000000000000}</Data>
    <Data Name="LogonId">0x3e7</Data>
    <Data Name="TerminalSessionId">0</Data>
    <Data Name="IntegrityLevel">System</Data>
    <Data Name="Hashes">SHA1=F6D11F05CF8A9A0F83C37ED5ECDBD769FE5940D7,MD5=D0D49ED5C483D4411B2FE409B120FB71,SHA256=837159C278E95EA9EFAE5DFBCD8E494488E64BDF14D66B146D3301397AF40143,IMPHASH=2369C9FAD3A1DA461C349F66EAE1B462</Data>
    <Data Name="ParentProcessGuid">{398565f9-2043-65df-f902-0000c413d836}</Data>
    <Data Name="ParentProcessId">5032</Data>
    <Data Name="ParentImage">C:\Windows\System32\services.exe</Data>
    <Data Name="ParentCommandLine">services.exe</Data>
    <Data Name="ParentUser">NT AUTHORITY\SYSTEM</Data>
    
  </EventData>
</Event>
<Event xmlns="http://schemas.microsoft.com/win/2004/08/events/event">
  <System>
    <Provider Name="Microsoft-Windows-Sysmon" Guid="{5770385f-c22a-43e0-bf4c-06f5698ffbd9}"/>
    <EventID>5</EventID>
    <Version>3</Version>
    <Level>4</Level>
    <Task>5</Task>
    <Opcode>0</Opcode>
    <Keywords>0x8000000000000000</Keywords>
    <TimeCreated SystemTime="2024-03-18T12:34:49.6406715Z"/>
    <EventRecordID>739724</EventRecordID>
    <Correlation/>
    <Execution ProcessID="2440" ThreadID="1040"/>
    <Channel>Microsoft-Windows-Sysmon/Operational</Channel>
    <Computer>WS-PPATEL-01.meridianhcs.local</Computer>
    <Security UserID="S-1-5-18"/>
  </System>
  <EventData>
    
    <Data Name="RuleName">-</Data>
    <Data Name="UtcTime">2024-03-18 12:34:49.640</Data>
    <Data Name="ProcessGuid">{398565f9-34c3-65f8-d500-00009692f1e2}</Data>
    <Data Name="ProcessId">6068</Data>
    <Data Name="Image">C:\Program Files (x86)\Common Files\Adobe\ARM\1.0\AdobeARMservice.exe</Data>
    <Data Name="User">NT AUTHORITY\SYSTEM</Data>
    
  </EventData>
</Event>
<Event xmlns="http://schemas.microsoft.com/win/2004/08/events/event">
  <System>
    <Provider Name="Microsoft-Windows-Sysmon" Guid="{5770385f-c22a-43e0-bf4c-06f5698ffbd9}"/>
    <EventID>22</EventID>
    <Version>5</Version>
    <Level>4</Level>
    <Task>22</Task>
    <Opcode>0</Opcode>
    <Keywords>0x8000000000000000</Keywords>
    <TimeCreated SystemTime="2024-03-18T12:36:07.1650860Z"/>
    <EventRecordID>739726</EventRecordID>
    <Correlation/>
    <Execution ProcessID="2440" ThreadID="2612"/>
    <Channel>Microsoft-Windows-Sysmon/Operational</Channel>
    <Computer>WS-PPATEL-01.meridianhcs.local</Computer>
    <Security UserID="S-1-5-18"/>
  </System>
  <EventData>
    
    <Data Name="RuleName">-</Data>
    <Data Name="UtcTime">2024-03-18 12:36:07.165</Data>
    <Data Name="ProcessGuid">{398565f9-2044-65df-1402-000095f69efa}</Data>
    <Data Name="ProcessId">5044</Data>
    <Data Name="QueryName">10.2.10.10.in-addr.arpa</Data>
    <Data Name="QueryStatus">0</Data>
    <Data Name="QueryResults">DC-01.meridianhcs.local;</Data>
    <Data Name="Image">C:\Windows\System32\lsass.exe</Data>
    <Data Name="User">NT AUTHORITY\SYSTEM</Data>
    
  </EventData>
</Event>
<Event xmlns="http://schemas.microsoft.com/win/2004/08/events/event">
  <System>
    <Provider Name="Microsoft-Windows-Sysmon" Guid="{5770385f-c22a-43e0-bf4c-06f5698ffbd9}"/>
    <EventID>22</EventID>
    <Version>5</Version>
    <Level>4</Level>
    <Task>22</Task>
    <Opcode>0</Opcode>
    <Keywords>0x8000000000000000</Keywords>
    <TimeCreated SystemTime="2024-03-18T12:36:07.7480956Z"/>
    <EventRecordID>739727</EventRecordID>
    <Correlation/>
    <Execution ProcessID="2440" ThreadID="2612"/>
    <Channel>Microsoft-Windows-Sysmon/Operational</Channel>
    <Computer>WS-PPATEL-01.meridianhcs.local</Computer>
    <Security UserID="S-1-5-18"/>
  </System>
  <EventData>
    
    <Data Name="RuleName">-</Data>
    <Data Name="UtcTime">2024-03-18 12:36:07.748</Data>
    <Data Name="ProcessGuid">{398565f9-2044-65df-1402-000095f69efa}</Data>
    <Data Name="ProcessId">5044</Data>
    <Data Name="QueryName">oldserver.meridianhcs.local</Data>
    <Data Name="QueryStatus">9003</Data>
    <Data Name="QueryResults">-</Data>
    <Data Name="Image">C:\Windows\System32\lsass.exe</Data>
    <Data Name="User">NT AUTHORITY\SYSTEM</Data>
    
  </EventData>
</Event>
<Event xmlns="http://schemas.microsoft.com/win/2004/08/events/event">
  <System>
    <Provider Name="Microsoft-Windows-Sysmon" Guid="{5770385f-c22a-43e0-bf4c-06f5698ffbd9}"/>
    <EventID>22</EventID>
    <Version>5</Version>
    <Level>4</Level>
    <Task>22</Task>
    <Opcode>0</Opcode>
    <Keywords>0x8000000000000000</Keywords>
    <TimeCreated SystemTime="2024-03-18T12:36:30.6590924Z"/>
    <EventRecordID>739728</EventRecordID>
    <Correlation/>
    <Execution ProcessID="2440" ThreadID="1040"/>
    <Channel>Microsoft-Windows-Sysmon/Operational</Channel>
    <Computer>WS-PPATEL-01.meridianhcs.local</Computer>
    <Security UserID="S-1-5-18"/>
  </System>
  <EventData>
    
    <Data Name="RuleName">-</Data>
    <Data Name="UtcTime">2024-03-18 12:36:30.659</Data>
    <Data Name="ProcessGuid">{398565f9-204a-65df-6100-00100ae1b213}</Data>
    <Data Name="ProcessId">5072</Data>
    <Data Name="QueryName">DC-01.meridianhcs.local</Data>
    <Data Name="QueryStatus">0</Data>
    <Data Name="QueryResults">10.10.2.10;</Data>
    <Data Name="Image">C:\Windows\System32\svchost.exe</Data>
    <Data Name="User">NT AUTHORITY\LOCAL SERVICE</Data>
    
  </EventData>
</Event>
<Event xmlns="http://schemas.microsoft.com/win/2004/08/events/event">
  <System>
    <Provider Name="Microsoft-Windows-Sysmon" Guid="{5770385f-c22a-43e0-bf4c-06f5698ffbd9}"/>
    <EventID>22</EventID>
    <Version>5</Version>
    <Level>4</Level>
    <Task>22</Task>
    <Opcode>0</Opcode>
    <Keywords>0x8000000000000000</Keywords>
    <TimeCreated SystemTime="2024-03-18T12:41:47.1402153Z"/>
    <EventRecordID>739731</EventRecordID>
    <Correlation/>
    <Execution ProcessID="2440" ThreadID="2612"/>
    <Channel>Microsoft-Windows-Sysmon/Operational</Channel>
    <Computer>WS-PPATEL-01.meridianhcs.local</Computer>
    <Security UserID="S-1-5-18"/>
  </System>
  <EventData>
    
    <Data Name="RuleName">-</Data>
    <Data Name="UtcTime">2024-03-18 12:41:47.140</Data>
    <Data Name="ProcessGuid">{398565f9-2044-65df-1402-000095f69efa}</Data>
    <Data Name="ProcessId">5044</Data>
    <Data Name="QueryName">_ldap._tcp.dc._msdcs.meridianhcs.local</Data>
    <Data Name="QueryStatus">0</Data>
    <Data Name="QueryResults">0 100 389 DC-01.meridianhcs.local;</Data>
    <Data Name="Image">C:\Windows\System32\lsass.exe</Data>
    <Data Name="User">NT AUTHORITY\SYSTEM</Data>
    
  </EventData>
</Event>
<Event xmlns="http://schemas.microsoft.com/win/2004/08/events/event">
  <System>
    <Provider Name="Microsoft-Windows-Sysmon" Guid="{5770385f-c22a-43e0-bf4c-06f5698ffbd9}"/>
    <EventID>22</EventID>
    <Version>5</Version>
    <Level>4</Level>
    <Task>22</Task>
    <Opcode>0</Opcode>
    <Keywords>0x8000000000000000</Keywords>
    <TimeCreated SystemTime="2024-03-18T12:41:49.0775447Z"/>
    <EventRecordID>739732</EventRecordID>
    <Correlation/>
    <Execution ProcessID="2440" ThreadID="2612"/>
    <Channel>Microsoft-Windows-Sysmon/Operational</Channel>
    <Computer>WS-PPATEL-01.meridianhcs.local</Computer>
    <Security UserID="S-1-5-18"/>
  </System>
  <EventData>
    
    <Data Name="RuleName">-</Data>
    <Data Name="UtcTime">2024-03-18 12:41:49.077</Data>
    <Data Name="ProcessGuid">{398565f9-2044-65df-1402-000095f69efa}</Data>
    <Data Name="ProcessId">5044</Data>
    <Data Name="QueryName">DC-01.meridianhcs.local</Data>
    <Data Name="QueryStatus">0</Data>
    <Data Name="QueryResults">10.10.2.10;</Data>
    <Data Name="Image">C:\Windows\System32\lsass.exe</Data>
    <Data Name="User">NT AUTHORITY\SYSTEM</Data>
    
  </EventData>
</Event>
<Event xmlns="http://schemas.microsoft.com/win/2004/08/events/event">
  <System>
    <Provider Name="Microsoft-Windows-Sysmon" Guid="{5770385f-c22a-43e0-bf4c-06f5698ffbd9}"/>
    <EventID>22</EventID>
    <Version>5</Version>
    <Level>4</Level>
    <Task>22</Task>
    <Opcode>0</Opcode>
    <Keywords>0x8000000000000000</Keywords>
    <TimeCreated SystemTime="2024-03-18T12:43:55.3993035Z"/>
    <EventRecordID>739734</EventRecordID>
    <Correlation/>
    <Execution ProcessID="2440" ThreadID="1040"/>
    <Channel>Microsoft-Windows-Sysmon/Operational</Channel>
    <Computer>WS-PPATEL-01.meridianhcs.local</Computer>
    <Security UserID="S-1-5-18"/>
  </System>
  <EventData>
    
    <Data Name="RuleName">-</Data>
    <Data Name="UtcTime">2024-03-18 12:43:55.399</Data>
    <Data Name="ProcessGuid">{398565f9-2040-65df-a800-00108740f0e0}</Data>
    <Data Name="ProcessId">4</Data>
    <Data Name="QueryName">FILE-SRV-01.meridianhcs.local</Data>
    <Data Name="QueryStatus">0</Data>
    <Data Name="QueryResults">10.10.2.20;</Data>
    <Data Name="Image">System</Data>
    <Data Name="User">NT AUTHORITY\SYSTEM</Data>
    
  </EventData>
</Event>
<Event xmlns="http://schemas.microsoft.com/win/2004/08/events/event">
  <System>
    <Provider Name="Microsoft-Windows-Sysmon" Guid="{5770385f-c22a-43e0-bf4c-06f5698ffbd9}"/>
    <EventID>1</EventID>
    <Version>5</Version>
    <Level>4</Level>
    <Task>1</Task>
    <Opcode>0</Opcode>
    <Keywords>0x8000000000000000</Keywords>
    <TimeCreated SystemTime="2024-03-18T12:43:57.6701322Z"/>
    <EventRecordID>739735</EventRecordID>
    <Correlation/>
    <Execution ProcessID="2440" ThreadID="2612"/>
    <Channel>Microsoft-Windows-Sysmon/Operational</Channel>
    <Computer>WS-PPATEL-01.meridianhcs.local</Computer>
    <Security UserID="S-1-5-18"/>
  </System>
  <EventData>
    
    <Data Name="RuleName">-</Data>
    <Data Name="UtcTime">2024-03-18 12:43:57.670</Data>
    <Data Name="ProcessGuid">{398565f9-370d-65f8-df00-00001f74b0c5}</Data>
    <Data Name="ProcessId">6132</Data>
    <Data Name="Image">C:\Program Files\Microsoft OneDrive\OneDriveStandaloneUpdater.exe</Data>
    <Data Name="FileVersion">-</Data>
    <Data Name="Description">-</Data>
    <Data Name="Product">-</Data>
    <Data Name="Company">-</Data>
    <Data Name="OriginalFileName">-</Data>
    <Data Name="CommandLine">OneDriveStandaloneUpdater.exe /silent</Data>
    <Data Name="CurrentDirectory">C:\Windows\System32\</Data>
    <Data Name="User">NT AUTHORITY\SYSTEM</Data>
    <Data Name="LogonGuid">{00000000-0000-0000-0000-000000000000}</Data>
    <Data Name="LogonId">0x3e7</Data>
    <Data Name="TerminalSessionId">0</Data>
    <Data Name="IntegrityLevel">System</Data>
    <Data Name="Hashes">SHA1=0C78923030FC719861633B3362F38B42A22FE0FB,MD5=87BEA74D86517DB88533DD842A5DDCEF,SHA256=D7CD3E778300D7AEC9AD5E5079904DBDCB94C56DE0836A047DC0297C129E9243,IMPHASH=83625FEAC2CA7AE3D743CB23CF4940EA</Data>
    <Data Name="ParentProcessGuid">{398565f9-205c-65df-4202-00107449b05f}</Data>
    <Data Name="ParentProcessId">5288</Data>
    <Data Name="ParentImage">C:\Windows\System32\taskhostw.exe</Data>
    <Data Name="ParentCommandLine">taskhostw.exe</Data>
    <Data Name="ParentUser">NT AUTHORITY\SYSTEM</Data>
    
  </EventData>
</Event>
<Event xmlns="http://schemas.microsoft.com/win/2004/08/events/event">
  <System>
    <Provider Name="Microsoft-Windows-Sysmon" Guid="{5770385f-c22a-43e0-bf4c-06f5698ffbd9}"/>
    <EventID>5</EventID>
    <Version>3</Version>
    <Level>4</Level>
    <Task>5</Task>
    <Opcode>0</Opcode>
    <Keywords>0x8000000000000000</Keywords>
    <TimeCreated SystemTime="2024-03-18T12:45:24.2916186Z"/>
    <EventRecordID>739739</EventRecordID>
    <Correlation/>
    <Execution ProcessID="2440" ThreadID="2612"/>
    <Channel>Microsoft-Windows-Sysmon/Operational</Channel>
    <Computer>WS-PPATEL-01.meridianhcs.local</Computer>
    <Security UserID="S-1-5-18"/>
  </System>
  <EventData>
    
    <Data Name="RuleName">-</Data>
    <Data Name="UtcTime">2024-03-18 12:45:24.291</Data>
    <Data Name="ProcessGuid">{398565f9-370d-65f8-df00-00001f74b0c5}</Data>
    <Data Name="ProcessId">6132</Data>
    <Data Name="Image">C:\Program Files\Microsoft OneDrive\OneDriveStandaloneUpdater.exe</Data>
    <Data Name="User">NT AUTHORITY\SYSTEM</Data>
    
  </EventData>
</Event>
<Event xmlns="http://schemas.microsoft.com/win/2004/08/events/event">
  <System>
    <Provider Name="Microsoft-Windows-Sysmon" Guid="{5770385f-c22a-43e0-bf4c-06f5698ffbd9}"/>
    <EventID>10</EventID>
    <Version>3</Version>
    <Level>4</Level>
    <Task>10</Task>
    <Opcode>0</Opcode>
    <Keywords>0x8000000000000000</Keywords>
    <TimeCreated SystemTime="2024-03-18T12:46:24.4509324Z"/>
    <EventRecordID>739741</EventRecordID>
    <Correlation/>
    <Execution ProcessID="2440" ThreadID="2612"/>
    <Channel>Microsoft-Windows-Sysmon/Operational</Channel>
    <Computer>WS-PPATEL-01.meridianhcs.local</Computer>
    <Security UserID="S-1-5-18"/>
  </System>
  <EventData>
    
    <Data Name="RuleName">-</Data>
    <Data Name="UtcTime">2024-03-18 12:46:24.450</Data>
    <Data Name="SourceProcessGUID">{398565f9-2048-65df-5600-00105d50de3b}</Data>
    <Data Name="SourceProcessId">5064</Data>
    <Data Name="SourceThreadId">11080</Data>
    <Data Name="SourceImage">C:\Windows\System32\svchost.exe</Data>
    <Data Name="TargetProcessGUID">{398565f9-2044-65df-1402-000095f69efa}</Data>
    <Data Name="TargetProcessId">5044</Data>
    <Data Name="TargetImage">C:\Windows\System32\lsass.exe</Data>
    <Data Name="GrantedAccess">0x1400</Data>
    <Data Name="CallTrace">C:\Windows\SYSTEM32\ntdll.dll+9EB18|C:\Windows\SYSTEM32\RPCRT4.dll+7D081|C:\Windows\SYSTEM32\KERNELBASE.dll+2DDE4</Data>
    <Data Name="SourceUser">NT AUTHORITY\NETWORK SERVICE</Data>
    <Data Name="TargetUser">NT AUTHORITY\SYSTEM</Data>
    
  </EventData>
</Event>
<Event xmlns="http://schemas.microsoft.com/win/2004/08/events/event">
  <System>
    <Provider Name="Microsoft-Windows-Sysmon" Guid="{5770385f-c22a-43e0-bf4c-06f5698ffbd9}"/>
    <EventID>22</EventID>
    <Version>5</Version>
    <Level>4</Level>
    <Task>22</Task>
    <Opcode>0</Opcode>
    <Keywords>0x8000000000000000</Keywords>
    <TimeCreated SystemTime="2024-03-18T12:47:39.7433438Z"/>
    <EventRecordID>739744</EventRecordID>
    <Correlation/>
    <Execution ProcessID="2440" ThreadID="4416"/>
    <Channel>Microsoft-Windows-Sysmon/Operational</Channel>
    <Computer>WS-PPATEL-01.meridianhcs.local</Computer>
    <Security UserID="S-1-5-18"/>
  </System>
  <EventData>
    
    <Data Name="RuleName">-</Data>
    <Data Name="UtcTime">2024-03-18 12:47:39.743</Data>
    <Data Name="ProcessGuid">{398565f9-2044-65df-1402-000095f69efa}</Data>
    <Data Name="ProcessId">5044</Data>
    <Data Name="QueryName">DC-01.meridianhcs.local</Data>
    <Data Name="QueryStatus">0</Data>
    <Data Name="QueryResults">10.10.2.10;</Data>
    <Data Name="Image">C:\Windows\System32\lsass.exe</Data>
    <Data Name="User">NT AUTHORITY\SYSTEM</Data>
    
  </EventData>
</Event>
<Event xmlns="http://schemas.microsoft.com/win/2004/08/events/event">
  <System>
    <Provider Name="Microsoft-Windows-Sysmon" Guid="{5770385f-c22a-43e0-bf4c-06f5698ffbd9}"/>
    <EventID>3</EventID>
    <Version>5</Version>
    <Level>4</Level>
    <Task>3</Task>
    <Opcode>0</Opcode>
    <Keywords>0x8000000000000000</Keywords>
    <TimeCreated SystemTime="2024-03-18T12:47:42.4266858Z"/>
    <EventRecordID>739745</EventRecordID>
    <Correlation/>
    <Execution ProcessID="2440" ThreadID="2612"/>
    <Channel>Microsoft-Windows-Sysmon/Operational</Channel>
    <Computer>WS-PPATEL-01.meridianhcs.local</Computer>
    <Security UserID="S-1-5-18"/>
  </System>
  <EventData>
    
    <Data Name="RuleName">-</Data>
    <Data Name="UtcTime">2024-03-18 12:47:42.426</Data>
    <Data Name="ProcessGuid">{398565f9-2044-65df-1402-000095f69efa}</Data>
    <Data Name="ProcessId">5044</Data>
    <Data Name="Image">C:\Windows\System32\lsass.exe</Data>
    <Data Name="User">NT AUTHORITY\SYSTEM</Data>
    <Data Name="Protocol">tcp</Data>
    <Data Name="Initiated">true</Data>
    <Data Name="SourceIsIpv6">false</Data>
    <Data Name="SourceIp">10.10.1.32</Data>
    <Data Name="SourceHostname">WS-PPATEL-01.meridianhcs.local</Data>
    <Data Name="SourcePort">58866</Data>
    <Data Name="SourcePortName">-</Data>
    <Data Name="DestinationIsIpv6">false</Data>
    <Data Name="DestinationIp">10.10.2.10</Data>
    <Data Name="DestinationHostname">DC-01.meridianhcs.local</Data>
    <Data Name="DestinationPort">389</Data>
    <Data Name="DestinationPortName">ldap</Data>
    
  </EventData>
</Event>
<Event xmlns="http://schemas.microsoft.com/win/2004/08/events/event">
  <System>
    <Provider Name="Microsoft-Windows-Sysmon" Guid="{5770385f-c22a-43e0-bf4c-06f5698ffbd9}"/>
    <EventID>1</EventID>
    <Version>5</Version>
    <Level>4</Level>
    <Task>1</Task>
    <Opcode>0</Opcode>
    <Keywords>0x8000000000000000</Keywords>
    <TimeCreated SystemTime="2024-03-18T12:48:14.3185561Z"/>
    <EventRecordID>739746</EventRecordID>
    <Correlation/>
    <Execution ProcessID="2440" ThreadID="2612"/>
    <Channel>Microsoft-Windows-Sysmon/Operational</Channel>
    <Computer>WS-PPATEL-01.meridianhcs.local</Computer>
    <Security UserID="S-1-5-18"/>
  </System>
  <EventData>
    
    <Data Name="RuleName">-</Data>
    <Data Name="UtcTime">2024-03-18 12:48:14.318</Data>
    <Data Name="ProcessGuid">{398565f9-380e-65f8-3002-00102cef9a48}</Data>
    <Data Name="ProcessId">6136</Data>
    <Data Name="Image">C:\Windows\System32\taskhostw.exe</Data>
    <Data Name="FileVersion">10.0.22621.1</Data>
    <Data Name="Description">Host Process for Windows Tasks</Data>
    <Data Name="Product">Microsoft Windows Operating System</Data>
    <Data Name="Company">Microsoft Corporation</Data>
    <Data Name="OriginalFileName">taskhostw.exe</Data>
    <Data Name="CommandLine">taskhostw.exe /Run</Data>
    <Data Name="CurrentDirectory">C:\Windows\System32\</Data>
    <Data Name="User">NT AUTHORITY\SYSTEM</Data>
    <Data Name="LogonGuid">{00000000-0000-0000-0000-000000000000}</Data>
    <Data Name="LogonId">0x3e7</Data>
    <Data Name="TerminalSessionId">0</Data>
    <Data Name="IntegrityLevel">System</Data>
    <Data Name="Hashes">SHA1=43D2778A530C049762799D2A49B4003FE63197E8,MD5=9CBB25D7316E690FD9A7B5A94FE435BA,SHA256=20F9EA7819597F0D2417814292A93F7DA3C7C772624D93C8D2EBBDEBEFCA7FBA,IMPHASH=6665061B5B72EBC3024E458910E50591</Data>
    <Data Name="ParentProcessGuid">{398565f9-2046-65df-8a02-0010df2f9121}</Data>
    <Data Name="ParentProcessId">5060</Data>
    <Data Name="ParentImage">C:\Windows\System32\svchost.exe</Data>
    <Data Name="ParentCommandLine">svchost.exe -k LocalSystem</Data>
    <Data Name="ParentUser">NT AUTHORITY\SYSTEM</Data>
    
  </EventData>
</Event>
<Event xmlns="http://schemas.microsoft.com/win/2004/08/events/event">
  <System>
    <Provider Name="Microsoft-Windows-Sysmon" Guid="{5770385f-c22a-43e0-bf4c-06f5698ffbd9}"/>
    <EventID>22</EventID>
    <Version>5</Version>
    <Level>4</Level>
    <Task>22</Task>
    <Opcode>0</Opcode>
    <Keywords>0x8000000000000000</Keywords>
    <TimeCreated SystemTime="2024-03-18T12:52:30.0402672Z"/>
    <EventRecordID>739753</EventRecordID>
    <Correlation/>
    <Execution ProcessID="2440" ThreadID="4896"/>
    <Channel>Microsoft-Windows-Sysmon/Operational</Channel>
    <Computer>WS-PPATEL-01.meridianhcs.local</Computer>
    <Security UserID="S-1-5-18"/>
  </System>
  <EventData>
    
    <Data Name="RuleName">-</Data>
    <Data Name="UtcTime">2024-03-18 12:52:30.040</Data>
    <Data Name="ProcessGuid">{398565f9-2048-65df-5600-00105d50de3b}</Data>
    <Data Name="ProcessId">5064</Data>
    <Data Name="QueryName">WEB-EXT-01.meridianhcs.local</Data>
    <Data Name="QueryStatus">0</Data>
    <Data Name="QueryResults">10.10.3.10;</Data>
    <Data Name="Image">C:\Windows\System32\svchost.exe</Data>
    <Data Name="User">NT AUTHORITY\NETWORK SERVICE</Data>
    
  </EventData>
</Event>
<Event xmlns="http://schemas.microsoft.com/win/2004/08/events/event">
  <System>
    <Provider Name="Microsoft-Windows-Sysmon" Guid="{5770385f-c22a-43e0-bf4c-06f5698ffbd9}"/>
    <EventID>13</EventID>
    <Version>2</Version>
    <Level>4</Level>
    <Task>13</Task>
    <Opcode>0</Opcode>
    <Keywords>0x8000000000000000</Keywords>
    <TimeCreated SystemTime="2024-03-18T12:52:59.2054486Z"/>
    <EventRecordID>739754</EventRecordID>
    <Correlation/>
    <Execution ProcessID="2440" ThreadID="1040"/>
    <Channel>Microsoft-Windows-Sysmon/Operational</Channel>
    <Computer>WS-PPATEL-01.meridianhcs.local</Computer>
    <Security UserID="S-1-5-18"/>
  </System>
  <EventData>
    
    <Data Name="RuleName">-</Data>
    <Data Name="EventType">SetValue</Data>
    <Data Name="UtcTime">2024-03-18 12:52:59.205</Data>
    <Data Name="ProcessGuid">{398565f9-2060-65df-d800-00101df51c9f}</Data>
    <Data Name="ProcessId">5352</Data>
    <Data Name="Image">C:\Windows\System32\RuntimeBroker.exe</Data>
    <Data Name="TargetObject">HKU\S-1-5-21-1537687973-2974994828-3875246326-1004\Software\Microsoft\Windows\CurrentVersion\Explorer\UserAssist\{CEBFF5CD-ACE2-4F4F-9178-9926F41749EA}\Count\HRZR_EHACNGU:P:\Jvaqbjf\Flfgrz32\zfgfp.rkr</Data>
    <Data Name="Details">B2 CA 8E 05 24 4A 08 69 10 E3 84 DC C5 84 0B A6 24 73 11 8F 42 E5 8A E8 BF 75 A4 4B D7 8B 88 DF</Data>
    <Data Name="User">MERIDIANHCS\priya.patel</Data>
    
  </EventData>
</Event>
<Event xmlns="http://schemas.microsoft.com/win/2004/08/events/event">
  <System>
    <Provider Name="Microsoft-Windows-Sysmon" Guid="{5770385f-c22a-43e0-bf4c-06f5698ffbd9}"/>
    <EventID>13</EventID>
    <Version>2</Version>
    <Level>4</Level>
    <Task>13</Task>
    <Opcode>0</Opcode>
    <Keywords>0x8000000000000000</Keywords>
    <TimeCreated SystemTime="2024-03-18T12:55:12.8954205Z"/>
    <EventRecordID>739759</EventRecordID>
    <Correlation/>
    <Execution ProcessID="2440" ThreadID="4896"/>
    <Channel>Microsoft-Windows-Sysmon/Operational</Channel>
    <Computer>WS-PPATEL-01.meridianhcs.local</Computer>
    <Security UserID="S-1-5-18"/>
  </System>
  <EventData>
    
    <Data Name="RuleName">-</Data>
    <Data Name="EventType">SetValue</Data>
    <Data Name="UtcTime">2024-03-18 12:55:12.895</Data>
    <Data Name="ProcessGuid">{398565f9-2060-65df-d800-00101df51c9f}</Data>
    <Data Name="ProcessId">5352</Data>
    <Data Name="Image">C:\Windows\System32\RuntimeBroker.exe</Data>
    <Data Name="TargetObject">HKU\S-1-5-21-1537687973-2974994828-3875246326-1004\Software\Microsoft\Windows\CurrentVersion\Explorer\UserAssist\{CEBFF5CD-ACE2-4F4F-9178-9926F41749EA}\Count\HRZR_EHACNGU:P:\Jvaqbjf\Flfgrz32\JvaqbjfCbjreFuryy\i1.0\cbjrefuryy.rkr</Data>
    <Data Name="Details">E1 87 4D EE 58 28 3E C0 23 39 6F 8D 19 36 9E D5 E2 25 87 A6 E3 44 0E 52 A7 AB A2 79 15 73 0E 1A 53 D6 04 66 FF 6E 8D CE A5 B7 2E 44 86 0E 08 D2</Data>
    <Data Name="User">MERIDIANHCS\priya.patel</Data>
    
  </EventData>
</Event>
<Event xmlns="http://schemas.microsoft.com/win/2004/08/events/event">
  <System>
    <Provider Name="Microsoft-Windows-Sysmon" Guid="{5770385f-c22a-43e0-bf4c-06f5698ffbd9}"/>
    <EventID>10</EventID>
    <Version>3</Version>
    <Level>4</Level>
    <Task>10</Task>
    <Opcode>0</Opcode>
    <Keywords>0x8000000000000000</Keywords>
    <TimeCreated SystemTime="2024-03-18T12:57:12.1799536Z"/>
    <EventRecordID>739763</EventRecordID>
    <Correlation/>
    <Execution ProcessID="2440" ThreadID="4896"/>
    <Channel>Microsoft-Windows-Sysmon/Operational</Channel>
    <Computer>WS-PPATEL-01.meridianhcs.local</Computer>
    <Security UserID="S-1-5-18"/>
  </System>
  <EventData>
    
    <Data Name="RuleName">-</Data>
    <Data Name="UtcTime">2024-03-18 12:57:12.179</Data>
    <Data Name="SourceProcessGUID">{398565f9-2058-65df-4d00-001021da35f1}</Data>
    <Data Name="SourceProcessId">5260</Data>
    <Data Name="SourceThreadId">11560</Data>
    <Data Name="SourceImage">C:\ProgramData\Microsoft\Windows Defender\Platform\4.18.24010.12-0\MpCmdRun.exe</Data>
    <Data Name="TargetProcessGUID">{398565f9-2052-65df-5d00-000026e7c1fb}</Data>
    <Data Name="TargetProcessId">5200</Data>
    <Data Name="TargetImage">C:\ProgramData\Microsoft\Windows Defender\Platform\4.18.24010.12-0\MsMpEng.exe</Data>
    <Data Name="GrantedAccess">0x1010</Data>
    <Data Name="CallTrace">C:\Windows\SYSTEM32\ntdll.dll+9E84F|C:\Windows\SYSTEM32\KERNELBASE.dll+2D123|C:\Windows\SYSTEM32\advapi32.dll+4A462</Data>
    <Data Name="SourceUser">NT AUTHORITY\SYSTEM</Data>
    <Data Name="TargetUser">NT AUTHORITY\SYSTEM</Data>
    
  </EventData>
</Event>
<Event xmlns="http://schemas.microsoft.com/win/2004/08/events/event">
  <System>
    <Provider Name="Microsoft-Windows-Sysmon" Guid="{5770385f-c22a-43e0-bf4c-06f5698ffbd9}"/>
    <EventID>13</EventID>
    <Version>2</Version>
    <Level>4</Level>
    <Task>13</Task>
    <Opcode>0</Opcode>
    <Keywords>0x8000000000000000</Keywords>
    <TimeCreated SystemTime="2024-03-18T13:01:37.4180556Z"/>
    <EventRecordID>739770</EventRecordID>
    <Correlation/>
    <Execution ProcessID="2440" ThreadID="4416"/>
    <Channel>Microsoft-Windows-Sysmon/Operational</Channel>
    <Computer>WS-PPATEL-01.meridianhcs.local</Computer>
    <Security UserID="S-1-5-18"/>
  </System>
  <EventData>
    
    <Data Name="RuleName">-</Data>
    <Data Name="EventType">SetValue</Data>
    <Data Name="UtcTime">2024-03-18 13:01:37.418</Data>
    <Data Name="ProcessGuid">{398565f9-2043-65df-f902-0000c413d836}</Data>
    <Data Name="ProcessId">5032</Data>
    <Data Name="Image">C:\Windows\System32\services.exe</Data>
    <Data Name="TargetObject">HKLM\SYSTEM\CurrentControlSet\Services\LanmanWorkstation\Parameters\EnableSecuritySignature</Data>
    <Data Name="Details">DWORD (0x00000001)</Data>
    <Data Name="User">NT AUTHORITY\SYSTEM</Data>
    
  </EventData>
</Event>
<Event xmlns="http://schemas.microsoft.com/win/2004/08/events/event">
  <System>
    <Provider Name="Microsoft-Windows-Sysmon" Guid="{5770385f-c22a-43e0-bf4c-06f5698ffbd9}"/>
    <EventID>22</EventID>
    <Version>5</Version>
    <Level>4</Level>
    <Task>22</Task>
    <Opcode>0</Opcode>
    <Keywords>0x8000000000000000</Keywords>
    <TimeCreated SystemTime="2024-03-18T13:02:42.8730464Z"/>
    <EventRecordID>739772</EventRecordID>
    <Correlation/>
    <Execution ProcessID="2440" ThreadID="2612"/>
    <Channel>Microsoft-Windows-Sysmon/Operational</Channel>
    <Computer>WS-PPATEL-01.meridianhcs.local</Computer>
    <Security UserID="S-1-5-18"/>
  </System>
  <EventData>
    
    <Data Name="RuleName">-</Data>
    <Data Name="UtcTime">2024-03-18 13:02:42.873</Data>
    <Data Name="ProcessGuid">{398565f9-3113-65f8-d700-0010a4d80101}</Data>
    <Data Name="ProcessId">6244</Data>
    <Data Name="QueryName">mail.meridianhcs.com</Data>
    <Data Name="QueryStatus">0</Data>
    <Data Name="QueryResults">10.10.2.25;</Data>
    <Data Name="Image">C:\Program Files\Mozilla Thunderbird\thunderbird.exe</Data>
    <Data Name="User">MERIDIANHCS\priya.patel</Data>
    
  </EventData>
</Event>
<Event xmlns="http://schemas.microsoft.com/win/2004/08/events/event">
  <System>
    <Provider Name="Microsoft-Windows-Sysmon" Guid="{5770385f-c22a-43e0-bf4c-06f5698ffbd9}"/>
    <EventID>11</EventID>
    <Version>2</Version>
    <Level>4</Level>
    <Task>11</Task>
    <Opcode>0</Opcode>
    <Keywords>0x8000000000000000</Keywords>
    <TimeCreated SystemTime="2024-03-18T13:02:50.2045499Z"/>
    <EventRecordID>739773</EventRecordID>
    <Correlation/>
    <Execution ProcessID="2440" ThreadID="2612"/>
    <Channel>Microsoft-Windows-Sysmon/Operational</Channel>
    <Computer>WS-PPATEL-01.meridianhcs.local</Computer>
    <Security UserID="S-1-5-18"/>
  </System>
  <EventData>
    
    <Data Name="RuleName">-</Data>
    <Data Name="UtcTime">2024-03-18 13:02:50.204</Data>
    <Data Name="ProcessGuid">{398565f9-3113-65f8-d700-0010a4d80101}</Data>
    <Data Name="ProcessId">6244</Data>
    <Data Name="Image">C:\Program Files\Mozilla Thunderbird\thunderbird.exe</Data>
    <Data Name="TargetFilename">C:\Users\priya.patel\AppData\Roaming\Thunderbird\Profiles\100043h4g4.default-release\ImapMail\meridianhcs.com\INBOX</Data>
    <Data Name="CreationUtcTime">2024-03-18 13:02:50.204</Data>
    <Data Name="User">MERIDIANHCS\priya.patel</Data>
    
  </EventData>
</Event>
<Event xmlns="http://schemas.microsoft.com/win/2004/08/events/event">
  <System>
    <Provider Name="Microsoft-Windows-Sysmon" Guid="{5770385f-c22a-43e0-bf4c-06f5698ffbd9}"/>
    <EventID>22</EventID>
    <Version>5</Version>
    <Level>4</Level>
    <Task>22</Task>
    <Opcode>0</Opcode>
    <Keywords>0x8000000000000000</Keywords>
    <TimeCreated SystemTime="2024-03-18T13:04:12.0908317Z"/>
    <EventRecordID>739776</EventRecordID>
    <Correlation/>
    <Execution ProcessID="2440" ThreadID="2612"/>
    <Channel>Microsoft-Windows-Sysmon/Operational</Channel>
    <Computer>WS-PPATEL-01.meridianhcs.local</Computer>
    <Security UserID="S-1-5-18"/>
  </System>
  <EventData>
    
    <Data Name="RuleName">-</Data>
    <Data Name="UtcTime">2024-03-18 13:04:12.090</Data>
    <Data Name="ProcessGuid">{398565f9-204a-65df-6100-00100ae1b213}</Data>
    <Data Name="ProcessId">5072</Data>
    <Data Name="QueryName">DC-01.meridianhcs.local</Data>
    <Data Name="QueryStatus">0</Data>
    <Data Name="QueryResults">10.10.2.10;</Data>
    <Data Name="Image">C:\Windows\System32\svchost.exe</Data>
    <Data Name="User">NT AUTHORITY\LOCAL SERVICE</Data>
    
  </EventData>
</Event>
<Event xmlns="http://schemas.microsoft.com/win/2004/08/events/event">
  <System>
    <Provider Name="Microsoft-Windows-Sysmon" Guid="{5770385f-c22a-43e0-bf4c-06f5698ffbd9}"/>
    <EventID>10</EventID>
    <Version>3</Version>
    <Level>4</Level>
    <Task>10</Task>
    <Opcode>0</Opcode>
    <Keywords>0x8000000000000000</Keywords>
    <TimeCreated SystemTime="2024-03-18T13:04:17.5961806Z"/>
    <EventRecordID>739777</EventRecordID>
    <Correlation/>
    <Execution ProcessID="2440" ThreadID="4896"/>
    <Channel>Microsoft-Windows-Sysmon/Operational</Channel>
    <Computer>WS-PPATEL-01.meridianhcs.local</Computer>
    <Security UserID="S-1-5-18"/>
  </System>
  <EventData>
    
    <Data Name="RuleName">-</Data>
    <Data Name="UtcTime">2024-03-18 13:04:17.596</Data>
    <Data Name="SourceProcessGUID">{398565f9-2041-65df-7002-00002f951b8c}</Data>
    <Data Name="SourceProcessId">5004</Data>
    <Data Name="SourceThreadId">10808</Data>
    <Data Name="SourceImage">C:\Windows\System32\csrss.exe</Data>
    <Data Name="TargetProcessGUID">{398565f9-2044-65df-1402-000095f69efa}</Data>
    <Data Name="TargetProcessId">5044</Data>
    <Data Name="TargetImage">C:\Windows\System32\lsass.exe</Data>
    <Data Name="GrantedAccess">0x0400</Data>
    <Data Name="CallTrace">C:\Windows\SYSTEM32\ntdll.dll+9C9AE</Data>
    <Data Name="SourceUser">NT AUTHORITY\SYSTEM</Data>
    <Data Name="TargetUser">NT AUTHORITY\SYSTEM</Data>
    
  </EventData>
</Event>
<Event xmlns="http://schemas.microsoft.com/win/2004/08/events/event">
  <System>
    <Provider Name="Microsoft-Windows-Sysmon" Guid="{5770385f-c22a-43e0-bf4c-06f5698ffbd9}"/>
    <EventID>13</EventID>
    <Version>2</Version>
    <Level>4</Level>
    <Task>13</Task>
    <Opcode>0</Opcode>
    <Keywords>0x8000000000000000</Keywords>
    <TimeCreated SystemTime="2024-03-18T13:05:06.2729927Z"/>
    <EventRecordID>739778</EventRecordID>
    <Correlation/>
    <Execution ProcessID="2440" ThreadID="1040"/>
    <Channel>Microsoft-Windows-Sysmon/Operational</Channel>
    <Computer>WS-PPATEL-01.meridianhcs.local</Computer>
    <Security UserID="S-1-5-18"/>
  </System>
  <EventData>
    
    <Data Name="RuleName">-</Data>
    <Data Name="EventType">SetValue</Data>
    <Data Name="UtcTime">2024-03-18 13:05:06.272</Data>
    <Data Name="ProcessGuid">{398565f9-2060-65df-d800-00101df51c9f}</Data>
    <Data Name="ProcessId">5352</Data>
    <Data Name="Image">C:\Windows\System32\RuntimeBroker.exe</Data>
    <Data Name="TargetObject">HKU\S-1-5-21-1537687973-2974994828-3875246326-1004\Software\Microsoft\Windows\CurrentVersion\Explorer\Accent\AccentPalette</Data>
    <Data Name="Details">hex:021B8804</Data>
    <Data Name="User">MERIDIANHCS\priya.patel</Data>
    
  </EventData>
</Event>
<Event xmlns="http://schemas.microsoft.com/win/2004/08/events/event">
  <System>
    <Provider Name="Microsoft-Windows-Sysmon" Guid="{5770385f-c22a-43e0-bf4c-06f5698ffbd9}"/>
    <EventID>5</EventID>
    <Version>3</Version>
    <Level>4</Level>
    <Task>5</Task>
    <Opcode>0</Opcode>
    <Keywords>0x8000000000000000</Keywords>
    <TimeCreated SystemTime="2024-03-18T13:05:32.6695283Z"/>
    <EventRecordID>739780</EventRecordID>
    <Correlation/>
    <Execution ProcessID="2440" ThreadID="1040"/>
    <Channel>Microsoft-Windows-Sysmon/Operational</Channel>
    <Computer>WS-PPATEL-01.meridianhcs.local</Computer>
    <Security UserID="S-1-5-18"/>
  </System>
  <EventData>
    
    <Data Name="RuleName">-</Data>
    <Data Name="UtcTime">2024-03-18 13:05:32.669</Data>
    <Data Name="ProcessGuid">{398565f9-3113-65f8-d700-0010a4d80101}</Data>
    <Data Name="ProcessId">6244</Data>
    <Data Name="Image">C:\Program Files\Mozilla Thunderbird\thunderbird.exe</Data>
    <Data Name="User">MERIDIANHCS\priya.patel</Data>
    
  </EventData>
</Event>
<Event xmlns="http://schemas.microsoft.com/win/2004/08/events/event">
  <System>
    <Provider Name="Microsoft-Windows-Sysmon" Guid="{5770385f-c22a-43e0-bf4c-06f5698ffbd9}"/>
    <EventID>22</EventID>
    <Version>5</Version>
    <Level>4</Level>
    <Task>22</Task>
    <Opcode>0</Opcode>
    <Keywords>0x8000000000000000</Keywords>
    <TimeCreated SystemTime="2024-03-18T13:05:44.4064976Z"/>
    <EventRecordID>739781</EventRecordID>
    <Correlation/>
    <Execution ProcessID="2440" ThreadID="1040"/>
    <Channel>Microsoft-Windows-Sysmon/Operational</Channel>
    <Computer>WS-PPATEL-01.meridianhcs.local</Computer>
    <Security UserID="S-1-5-18"/>
  </System>
  <EventData>
    
    <Data Name="RuleName">-</Data>
    <Data Name="UtcTime">2024-03-18 13:05:44.406</Data>
    <Data Name="ProcessGuid">{398565f9-2048-65df-5600-00105d50de3b}</Data>
    <Data Name="ProcessId">5064</Data>
    <Data Name="QueryName">APP-INT-01.meridianhcs.local</Data>
    <Data Name="QueryStatus">0</Data>
    <Data Name="QueryResults">10.10.2.30;</Data>
    <Data Name="Image">C:\Windows\System32\svchost.exe</Data>
    <Data Name="User">NT AUTHORITY\NETWORK SERVICE</Data>
    
  </EventData>
</Event>
<Event xmlns="http://schemas.microsoft.com/win/2004/08/events/event">
  <System>
    <Provider Name="Microsoft-Windows-Sysmon" Guid="{5770385f-c22a-43e0-bf4c-06f5698ffbd9}"/>
    <EventID>1</EventID>
    <Version>5</Version>
    <Level>4</Level>
    <Task>1</Task>
    <Opcode>0</Opcode>
    <Keywords>0x8000000000000000</Keywords>
    <TimeCreated SystemTime="2024-03-18T13:07:29.1418442Z"/>
    <EventRecordID>739786</EventRecordID>
    <Correlation/>
    <Execution ProcessID="2440" ThreadID="4416"/>
    <Channel>Microsoft-Windows-Sysmon/Operational</Channel>
    <Computer>WS-PPATEL-01.meridianhcs.local</Computer>
    <Security UserID="S-1-5-18"/>
  </System>
  <EventData>
    
    <Data Name="RuleName">-</Data>
    <Data Name="UtcTime">2024-03-18 13:07:29.141</Data>
    <Data Name="ProcessGuid">{398565f9-3c91-65f8-3302-0010679a86b6}</Data>
    <Data Name="ProcessId">6316</Data>
    <Data Name="Image">C:\Program Files (x86)\Common Files\Adobe\ARM\1.0\AdobeARM.exe</Data>
    <Data Name="FileVersion">-</Data>
    <Data Name="Description">-</Data>
    <Data Name="Product">-</Data>
    <Data Name="Company">-</Data>
    <Data Name="OriginalFileName">-</Data>
    <Data Name="CommandLine">AdobeARM.exe /NOUAC</Data>
    <Data Name="CurrentDirectory">C:\Windows\System32\</Data>
    <Data Name="User">NT AUTHORITY\SYSTEM</Data>
    <Data Name="LogonGuid">{00000000-0000-0000-0000-000000000000}</Data>
    <Data Name="LogonId">0x3e7</Data>
    <Data Name="TerminalSessionId">0</Data>
    <Data Name="IntegrityLevel">System</Data>
    <Data Name="Hashes">SHA1=01BD75C9D4E5A5A31360E5D1D2876AC7FA87A57A,MD5=2660FCA4824B037372B7C0ADAB02A76A,SHA256=DCCE402B9C72278DBA9EE0948BBC8AE6CCB5FA290D0AF1B937AB6DED1FCF7B05,IMPHASH=4E700D57A159D56556A2A0C08DA18C89</Data>
    <Data Name="ParentProcessGuid">{398565f9-205c-65df-4202-00107449b05f}</Data>
    <Data Name="ParentProcessId">5288</Data>
    <Data Name="ParentImage">C:\Windows\System32\taskhostw.exe</Data>
    <Data Name="ParentCommandLine">taskhostw.exe</Data>
    <Data Name="ParentUser">NT AUTHORITY\SYSTEM</Data>
    
  </EventData>
</Event>
<Event xmlns="http://schemas.microsoft.com/win/2004/08/events/event">
  <System>
    <Provider Name="Microsoft-Windows-Sysmon" Guid="{5770385f-c22a-43e0-bf4c-06f5698ffbd9}"/>
    <EventID>3</EventID>
    <Version>5</Version>
    <Level>4</Level>
    <Task>3</Task>
    <Opcode>0</Opcode>
    <Keywords>0x8000000000000000</Keywords>
    <TimeCreated SystemTime="2024-03-18T13:09:51.2176968Z"/>
    <EventRecordID>739789</EventRecordID>
    <Correlation/>
    <Execution ProcessID="2440" ThreadID="4896"/>
    <Channel>Microsoft-Windows-Sysmon/Operational</Channel>
    <Computer>WS-PPATEL-01.meridianhcs.local</Computer>
    <Security UserID="S-1-5-18"/>
  </System>
  <EventData>
    
    <Data Name="RuleName">-</Data>
    <Data Name="UtcTime">2024-03-18 13:09:51.217</Data>
    <Data Name="ProcessGuid">{398565f9-2044-65df-1402-000095f69efa}</Data>
    <Data Name="ProcessId">5044</Data>
    <Data Name="Image">C:\Windows\System32\lsass.exe</Data>
    <Data Name="User">NT AUTHORITY\SYSTEM</Data>
    <Data Name="Protocol">tcp</Data>
    <Data Name="Initiated">true</Data>
    <Data Name="SourceIsIpv6">false</Data>
    <Data Name="SourceIp">10.10.1.32</Data>
    <Data Name="SourceHostname">WS-PPATEL-01.meridianhcs.local</Data>
    <Data Name="SourcePort">50500</Data>
    <Data Name="SourcePortName">-</Data>
    <Data Name="DestinationIsIpv6">false</Data>
    <Data Name="DestinationIp">10.10.2.10</Data>
    <Data Name="DestinationHostname">DC-01.meridianhcs.local</Data>
    <Data Name="DestinationPort">389</Data>
    <Data Name="DestinationPortName">ldap</Data>
    
  </EventData>
</Event>
<Event xmlns="http://schemas.microsoft.com/win/2004/08/events/event">
  <System>
    <Provider Name="Microsoft-Windows-Sysmon" Guid="{5770385f-c22a-43e0-bf4c-06f5698ffbd9}"/>
    <EventID>5</EventID>
    <Version>3</Version>
    <Level>4</Level>
    <Task>5</Task>
    <Opcode>0</Opcode>
    <Keywords>0x8000000000000000</Keywords>
    <TimeCreated SystemTime="2024-03-18T13:12:58.0102064Z"/>
    <EventRecordID>739793</EventRecordID>
    <Correlation/>
    <Execution ProcessID="2440" ThreadID="4896"/>
    <Channel>Microsoft-Windows-Sysmon/Operational</Channel>
    <Computer>WS-PPATEL-01.meridianhcs.local</Computer>
    <Security UserID="S-1-5-18"/>
  </System>
  <EventData>
    
    <Data Name="RuleName">-</Data>
    <Data Name="UtcTime">2024-03-18 13:12:58.010</Data>
    <Data Name="ProcessGuid">{398565f9-135f-65f8-af00-0010d9efd4fe}</Data>
    <Data Name="ProcessId">5392</Data>
    <Data Name="Image">C:\Windows\System32\SearchProtocolHost.exe</Data>
    <Data Name="User">NT AUTHORITY\SYSTEM</Data>
    
  </EventData>
</Event>
<Event xmlns="http://schemas.microsoft.com/win/2004/08/events/event">
  <System>
    <Provider Name="Microsoft-Windows-Sysmon" Guid="{5770385f-c22a-43e0-bf4c-06f5698ffbd9}"/>
    <EventID>5</EventID>
    <Version>3</Version>
    <Level>4</Level>
    <Task>5</Task>
    <Opcode>0</Opcode>
    <Keywords>0x8000000000000000</Keywords>
    <TimeCreated SystemTime="2024-03-18T13:13:08.1608896Z"/>
    <EventRecordID>739794</EventRecordID>
    <Correlation/>
    <Execution ProcessID="2440" ThreadID="2612"/>
    <Channel>Microsoft-Windows-Sysmon/Operational</Channel>
    <Computer>WS-PPATEL-01.meridianhcs.local</Computer>
    <Security UserID="S-1-5-18"/>
  </System>
  <EventData>
    
    <Data Name="RuleName">-</Data>
    <Data Name="UtcTime">2024-03-18 13:13:08.160</Data>
    <Data Name="ProcessGuid">{398565f9-348c-65f8-4800-00002e25048d}</Data>
    <Data Name="ProcessId">6116</Data>
    <Data Name="Image">C:\Windows\WinSxS\amd64_microsoft-windows-servicingstack_31bf3856ad364e35_10.0.22621.3155_none_7c91d6e7c9f7f1f5\TiWorker.exe</Data>
    <Data Name="User">NT AUTHORITY\SYSTEM</Data>
    
  </EventData>
</Event>
<Event xmlns="http://schemas.microsoft.com/win/2004/08/events/event">
  <System>
    <Provider Name="Microsoft-Windows-Sysmon" Guid="{5770385f-c22a-43e0-bf4c-06f5698ffbd9}"/>
    <EventID>5</EventID>
    <Version>3</Version>
    <Level>4</Level>
    <Task>5</Task>
    <Opcode>0</Opcode>
    <Keywords>0x8000000000000000</Keywords>
    <TimeCreated SystemTime="2024-03-18T13:13:30.5475552Z"/>
    <EventRecordID>739795</EventRecordID>
    <Correlation/>
    <Execution ProcessID="2440" ThreadID="4416"/>
    <Channel>Microsoft-Windows-Sysmon/Operational</Channel>
    <Computer>WS-PPATEL-01.meridianhcs.local</Computer>
    <Security UserID="S-1-5-18"/>
  </System>
  <EventData>
    
    <Data Name="RuleName">-</Data>
    <Data Name="UtcTime">2024-03-18 13:13:30.547</Data>
    <Data Name="ProcessGuid">{398565f9-3c91-65f8-3302-0010679a86b6}</Data>
    <Data Name="ProcessId">6316</Data>
    <Data Name="Image">C:\Program Files (x86)\Common Files\Adobe\ARM\1.0\AdobeARM.exe</Data>
    <Data Name="User">NT AUTHORITY\SYSTEM</Data>
    
  </EventData>
</Event>
<Event xmlns="http://schemas.microsoft.com/win/2004/08/events/event">
  <System>
    <Provider Name="Microsoft-Windows-Sysmon" Guid="{5770385f-c22a-43e0-bf4c-06f5698ffbd9}"/>
    <EventID>1</EventID>
    <Version>5</Version>
    <Level>4</Level>
    <Task>1</Task>
    <Opcode>0</Opcode>
    <Keywords>0x8000000000000000</Keywords>
    <TimeCreated SystemTime="2024-03-18T13:14:11.9620906Z"/>
    <EventRecordID>739796</EventRecordID>
    <Correlation/>
    <Execution ProcessID="2440" ThreadID="4896"/>
    <Channel>Microsoft-Windows-Sysmon/Operational</Channel>
    <Computer>WS-PPATEL-01.meridianhcs.local</Computer>
    <Security UserID="S-1-5-18"/>
  </System>
  <EventData>
    
    <Data Name="RuleName">-</Data>
    <Data Name="UtcTime">2024-03-18 13:14:11.962</Data>
    <Data Name="ProcessGuid">{398565f9-3e23-65f8-0e00-00108e726cd6}</Data>
    <Data Name="ProcessId">6248</Data>
    <Data Name="Image">C:\Program Files (x86)\Cisco\Cisco AnyConnect Secure Mobility Client\vpnui.exe</Data>
    <Data Name="FileVersion">5.1.4.74</Data>
    <Data Name="Description">Cisco Secure Client User Interface</Data>
    <Data Name="Product">Cisco Secure Client</Data>
    <Data Name="Company">Cisco Systems, Inc.</Data>
    <Data Name="OriginalFileName">vpnui.exe</Data>
    <Data Name="CommandLine">"C:\Program Files (x86)\Cisco\Cisco AnyConnect Secure Mobility Client\vpnui.exe" -minimized</Data>
    <Data Name="CurrentDirectory">C:\Program Files (x86)\Cisco\Cisco AnyConnect Secure Mobility Client\</Data>
    <Data Name="User">MERIDIANHCS\priya.patel</Data>
    <Data Name="LogonGuid">{00000000-0000-0000-0000-000000000000}</Data>
    <Data Name="LogonId">0xd8d7b28</Data>
    <Data Name="TerminalSessionId">2</Data>
    <Data Name="IntegrityLevel">Medium</Data>
    <Data Name="Hashes">SHA1=CA44E8389AE66DC31D76C155EA8DF9853D4E1214,MD5=91DB5DE730F2C99153E41A341BC64470,SHA256=DEB731FE03CBC8EDEA7A2B486CF54213526253FB17A3BABC572E75B635465AC6,IMPHASH=EBF877CD083162478CD1AD2943071AA2</Data>
    <Data Name="ParentProcessGuid">{398565f9-3110-65f8-2700-00107afe624a}</Data>
    <Data Name="ParentProcessId">6192</Data>
    <Data Name="ParentImage">C:\Windows\explorer.exe</Data>
    <Data Name="ParentCommandLine">explorer.exe</Data>
    <Data Name="ParentUser">MERIDIANHCS\priya.patel</Data>
    
  </EventData>
</Event>
