<Event xmlns="http://schemas.microsoft.com/win/2004/08/events/event">
  <System>
    
    <Provider Name="Microsoft-Windows-Security-Auditing" Guid="{54849625-5478-4994-a5ba-3e3b0328c30d}"/>
    
    <EventID>5156</EventID>
    <Version>1</Version>
    <Level>0</Level>
    <Task>12810</Task>
    <Opcode>0</Opcode>
    <Keywords>0x8020000000000000</Keywords>
    <TimeCreated SystemTime="2024-03-18T17:55:57.4028870Z"/>
    <EventRecordID>1500791</EventRecordID>
    <Correlation/>
    <Execution ProcessID="4" ThreadID="152"/>
    <Channel>Security</Channel>
    <Computer>MAIL-FIN-01.meridianhcs.local</Computer>
    
    <Security/>
    
  </System>
  
  <EventData>
    
    <Data Name="ProcessID">2460</Data>
    <Data Name="Application">\device\harddiskvolume1\windows\system32\svchost.exe</Data>
    <Data Name="Direction">%%14593</Data>
    <Data Name="SourceAddress">10.10.2.27</Data>
    <Data Name="SourcePort">50488</Data>
    <Data Name="DestAddress">10.10.2.10</Data>
    <Data Name="DestPort">53</Data>
    <Data Name="Protocol">17</Data>
    <Data Name="FilterRTID">27151</Data>
    <Data Name="LayerName">%%14611</Data>
    <Data Name="LayerRTID">48</Data>
    <Data Name="RemoteUserID">S-1-0-0</Data>
    <Data Name="RemoteMachineID">S-1-0-0</Data>
    
  </EventData>
  
</Event>
<Event xmlns="http://schemas.microsoft.com/win/2004/08/events/event">
  <System>
    
    <Provider Name="Microsoft-Windows-Security-Auditing" Guid="{54849625-5478-4994-a5ba-3e3b0328c30d}"/>
    
    <EventID>4688</EventID>
    <Version>2</Version>
    <Level>0</Level>
    <Task>13312</Task>
    <Opcode>0</Opcode>
    <Keywords>0x8020000000000000</Keywords>
    <TimeCreated SystemTime="2024-03-18T17:56:35.3480492Z"/>
    <EventRecordID>1500822</EventRecordID>
    <Correlation/>
    <Execution ProcessID="4" ThreadID="1812"/>
    <Channel>Security</Channel>
    <Computer>MAIL-FIN-01.meridianhcs.local</Computer>
    
    <Security/>
    
  </System>
  
  <EventData>
    
    <Data Name="SubjectUserSid">S-1-5-18</Data>
    <Data Name="SubjectUserName">SYSTEM</Data>
    <Data Name="SubjectDomainName">NT AUTHORITY</Data>
    <Data Name="SubjectLogonId">0x3e7</Data>
    <Data Name="NewProcessId">0x14e4</Data>
    <Data Name="NewProcessName">C:\Windows\System32\svchost.exe</Data>
    <Data Name="TokenElevationType">%%1936</Data>
    <Data Name="ProcessId">0x948</Data>
    <Data Name="CommandLine">svchost.exe -k netsvcs -p -s CryptSvc</Data>
    <Data Name="TargetUserSid">S-1-5-18</Data>
    <Data Name="TargetUserName">SYSTEM</Data>
    <Data Name="TargetDomainName">NT AUTHORITY</Data>
    <Data Name="TargetLogonId">0x3e7</Data>
    <Data Name="ParentProcessName">C:\Windows\System32\services.exe</Data>
    <Data Name="MandatoryLabel">S-1-16-16384</Data>
    
  </EventData>
  
</Event>
<Event xmlns="http://schemas.microsoft.com/win/2004/08/events/event">
  <System>
    
    <Provider Name="Microsoft-Windows-Security-Auditing" Guid="{54849625-5478-4994-a5ba-3e3b0328c30d}"/>
    
    <EventID>5156</EventID>
    <Version>1</Version>
    <Level>0</Level>
    <Task>12810</Task>
    <Opcode>0</Opcode>
    <Keywords>0x8020000000000000</Keywords>
    <TimeCreated SystemTime="2024-03-18T17:56:39.0108644Z"/>
    <EventRecordID>1500847</EventRecordID>
    <Correlation/>
    <Execution ProcessID="4" ThreadID="188"/>
    <Channel>Security</Channel>
    <Computer>MAIL-FIN-01.meridianhcs.local</Computer>
    
    <Security/>
    
  </System>
  
  <EventData>
    
    <Data Name="ProcessID">2460</Data>
    <Data Name="Application">\device\harddiskvolume1\windows\system32\svchost.exe</Data>
    <Data Name="Direction">%%14593</Data>
    <Data Name="SourceAddress">10.10.2.27</Data>
    <Data Name="SourcePort">58698</Data>
    <Data Name="DestAddress">10.10.2.10</Data>
    <Data Name="DestPort">53</Data>
    <Data Name="Protocol">17</Data>
    <Data Name="FilterRTID">27151</Data>
    <Data Name="LayerName">%%14611</Data>
    <Data Name="LayerRTID">48</Data>
    <Data Name="RemoteUserID">S-1-0-0</Data>
    <Data Name="RemoteMachineID">S-1-0-0</Data>
    
  </EventData>
  
</Event>
<Event xmlns="http://schemas.microsoft.com/win/2004/08/events/event">
  <System>
    
    <Provider Name="Microsoft-Windows-Security-Auditing" Guid="{54849625-5478-4994-a5ba-3e3b0328c30d}"/>
    
    <EventID>5156</EventID>
    <Version>1</Version>
    <Level>0</Level>
    <Task>12810</Task>
    <Opcode>0</Opcode>
    <Keywords>0x8020000000000000</Keywords>
    <TimeCreated SystemTime="2024-03-18T17:56:40.8752947Z"/>
    <EventRecordID>1501734</EventRecordID>
    <Correlation/>
    <Execution ProcessID="4" ThreadID="68"/>
    <Channel>Security</Channel>
    <Computer>MAIL-FIN-01.meridianhcs.local</Computer>
    
    <Security/>
    
  </System>
  
  <EventData>
    
    <Data Name="ProcessID">2384</Data>
    <Data Name="Application">\device\harddiskvolume1\windows\system32\lsass.exe</Data>
    <Data Name="Direction">%%14593</Data>
    <Data Name="SourceAddress">10.10.2.27</Data>
    <Data Name="SourcePort">57998</Data>
    <Data Name="DestAddress">10.10.2.10</Data>
    <Data Name="DestPort">389</Data>
    <Data Name="Protocol">6</Data>
    <Data Name="FilterRTID">27183</Data>
    <Data Name="LayerName">%%14611</Data>
    <Data Name="LayerRTID">48</Data>
    <Data Name="RemoteUserID">S-1-0-0</Data>
    <Data Name="RemoteMachineID">S-1-0-0</Data>
    
  </EventData>
  
</Event>
<Event xmlns="http://schemas.microsoft.com/win/2004/08/events/event">
  <System>
    
    <Provider Name="Microsoft-Windows-Security-Auditing" Guid="{54849625-5478-4994-a5ba-3e3b0328c30d}"/>
    
    <EventID>4688</EventID>
    <Version>2</Version>
    <Level>0</Level>
    <Task>13312</Task>
    <Opcode>0</Opcode>
    <Keywords>0x8020000000000000</Keywords>
    <TimeCreated SystemTime="2024-03-18T17:58:11.6258724Z"/>
    <EventRecordID>1501794</EventRecordID>
    <Correlation/>
    <Execution ProcessID="4" ThreadID="3616"/>
    <Channel>Security</Channel>
    <Computer>MAIL-FIN-01.meridianhcs.local</Computer>
    
    <Security/>
    
  </System>
  
  <EventData>
    
    <Data Name="SubjectUserSid">S-1-5-18</Data>
    <Data Name="SubjectUserName">SYSTEM</Data>
    <Data Name="SubjectDomainName">NT AUTHORITY</Data>
    <Data Name="SubjectLogonId">0x3e7</Data>
    <Data Name="NewProcessId">0x1448</Data>
    <Data Name="NewProcessName">C:\Windows\System32\conhost.exe</Data>
    <Data Name="TokenElevationType">%%1936</Data>
    <Data Name="ProcessId">0x930</Data>
    <Data Name="CommandLine">conhost.exe 0x4</Data>
    <Data Name="TargetUserSid">S-1-5-18</Data>
    <Data Name="TargetUserName">SYSTEM</Data>
    <Data Name="TargetDomainName">NT AUTHORITY</Data>
    <Data Name="TargetLogonId">0x3e7</Data>
    <Data Name="ParentProcessName">C:\Windows\System32\csrss.exe</Data>
    <Data Name="MandatoryLabel">S-1-16-16384</Data>
    
  </EventData>
  
</Event>
<Event xmlns="http://schemas.microsoft.com/win/2004/08/events/event">
  <System>
    
    <Provider Name="Microsoft-Windows-Security-Auditing" Guid="{54849625-5478-4994-a5ba-3e3b0328c30d}"/>
    
    <EventID>4689</EventID>
    <Version>0</Version>
    <Level>0</Level>
    <Task>13313</Task>
    <Opcode>0</Opcode>
    <Keywords>0x8020000000000000</Keywords>
    <TimeCreated SystemTime="2024-03-18T17:58:12.1738282Z"/>
    <EventRecordID>1501795</EventRecordID>
    <Correlation/>
    <Execution ProcessID="4" ThreadID="312"/>
    <Channel>Security</Channel>
    <Computer>MAIL-FIN-01.meridianhcs.local</Computer>
    
    <Security/>
    
  </System>
  
  <EventData>
    
    <Data Name="SubjectUserSid">S-1-5-18</Data>
    <Data Name="SubjectUserName">SYSTEM</Data>
    <Data Name="SubjectDomainName">NT AUTHORITY</Data>
    <Data Name="SubjectLogonId">0x3e7</Data>
    <Data Name="Status">0x0</Data>
    <Data Name="ProcessId">0x1448</Data>
    <Data Name="ProcessName">C:\Windows\System32\conhost.exe</Data>
    
  </EventData>
  
</Event>
<Event xmlns="http://schemas.microsoft.com/win/2004/08/events/event">
  <System>
    
    <Provider Name="Microsoft-Windows-Security-Auditing" Guid="{54849625-5478-4994-a5ba-3e3b0328c30d}"/>
    
    <EventID>4634</EventID>
    <Version>0</Version>
    <Level>0</Level>
    <Task>12545</Task>
    <Opcode>0</Opcode>
    <Keywords>0x8020000000000000</Keywords>
    <TimeCreated SystemTime="2024-03-18T17:59:52.0071791Z"/>
    <EventRecordID>1501812</EventRecordID>
    <Correlation/>
    <Execution ProcessID="600" ThreadID="496"/>
    <Channel>Security</Channel>
    <Computer>MAIL-FIN-01.meridianhcs.local</Computer>
    
    <Security/>
    
  </System>
  
  <EventData>
    
    <Data Name="TargetUserSid">S-1-5-21-1560264275-2006997774-2274642744-1003</Data>
    <Data Name="TargetUserName">marcus.chen</Data>
    <Data Name="TargetDomainName">MERIDIANHCS</Data>
    <Data Name="TargetLogonId">0xd8d4fdc</Data>
    <Data Name="LogonType">10</Data>
    
  </EventData>
  
</Event>
<Event xmlns="http://schemas.microsoft.com/win/2004/08/events/event">
  <System>
    
    <Provider Name="Microsoft-Windows-Security-Auditing" Guid="{54849625-5478-4994-a5ba-3e3b0328c30d}"/>
    
    <EventID>4689</EventID>
    <Version>0</Version>
    <Level>0</Level>
    <Task>13313</Task>
    <Opcode>0</Opcode>
    <Keywords>0x8020000000000000</Keywords>
    <TimeCreated SystemTime="2024-03-18T18:17:11.1827141Z"/>
    <EventRecordID>1501994</EventRecordID>
    <Correlation/>
    <Execution ProcessID="4" ThreadID="440"/>
    <Channel>Security</Channel>
    <Computer>MAIL-FIN-01.meridianhcs.local</Computer>
    
    <Security/>
    
  </System>
  
  <EventData>
    
    <Data Name="SubjectUserSid">S-1-5-18</Data>
    <Data Name="SubjectUserName">SYSTEM</Data>
    <Data Name="SubjectDomainName">NT AUTHORITY</Data>
    <Data Name="SubjectLogonId">0x3e7</Data>
    <Data Name="Status">0x0</Data>
    <Data Name="ProcessId">0x1460</Data>
    <Data Name="ProcessName">C:\Windows\System32\wbem\WmiPrvSE.exe</Data>
    
  </EventData>
  
</Event>
</Events>
