<Event xmlns="http://schemas.microsoft.com/win/2004/08/events/event">
  <System>
    <Provider Name="Microsoft-Windows-Sysmon" Guid="{5770385f-c22a-43e0-bf4c-06f5698ffbd9}"/>
    <EventID>1</EventID>
    <Version>5</Version>
    <Level>4</Level>
    <Task>1</Task>
    <Opcode>0</Opcode>
    <Keywords>0x8000000000000000</Keywords>
    <TimeCreated SystemTime="2024-03-18T13:38:44.7145809Z"/>
    <EventRecordID>3289228</EventRecordID>
    <Correlation/>
    <Execution ProcessID="2824" ThreadID="1464"/>
    <Channel>Microsoft-Windows-Sysmon/Operational</Channel>
    <Computer>DC-01.meridianhcs.local</Computer>
    <Security UserID="S-1-5-18"/>
  </System>
  <EventData>
    
    <Data Name="RuleName">-</Data>
    <Data Name="UtcTime">2024-03-18 13:38:44.714</Data>
    <Data Name="ProcessGuid">{83eb9c06-43e4-65f8-7600-0010a0920f58}</Data>
    <Data Name="ProcessId">4292</Data>
    <Data Name="Image">C:\Windows\System32\taskhostw.exe</Data>
    <Data Name="FileVersion">10.0.20348.1</Data>
    <Data Name="Description">Host Process for Windows Tasks</Data>
    <Data Name="Product">Microsoft Windows Operating System</Data>
    <Data Name="Company">Microsoft Corporation</Data>
    <Data Name="OriginalFileName">taskhostw.exe</Data>
    <Data Name="CommandLine">taskhostw.exe</Data>
    <Data Name="CurrentDirectory">C:\Windows\System32\</Data>
    <Data Name="User">NT AUTHORITY\SYSTEM</Data>
    <Data Name="LogonGuid">{00000000-0000-0000-0000-000000000000}</Data>
    <Data Name="LogonId">0x3e7</Data>
    <Data Name="TerminalSessionId">0</Data>
    <Data Name="IntegrityLevel">System</Data>
    <Data Name="Hashes">SHA1=8619AEABA32A5BF02C7A7FEA0D605D220CC764C3,MD5=61B2B0A2846502D2A87C115BFC6844F2,SHA256=8DD50FB44A96C9A062B4243044C25FAE85D88190CF1715DE6640D6D2C51098AC,IMPHASH=03BE90DC9D714E2211C4EA3429EA7C04</Data>
    <Data Name="ParentProcessGuid">{83eb9c06-43c6-65f0-a500-0010a9f570f0}</Data>
    <Data Name="ParentProcessId">2352</Data>
    <Data Name="ParentImage">C:\Windows\System32\svchost.exe</Data>
    <Data Name="ParentCommandLine">svchost.exe -k LocalSystem</Data>
    <Data Name="ParentUser">NT AUTHORITY\SYSTEM</Data>
    
  </EventData>
</Event>
<Event xmlns="http://schemas.microsoft.com/win/2004/08/events/event">
  <System>
    <Provider Name="Microsoft-Windows-Sysmon" Guid="{5770385f-c22a-43e0-bf4c-06f5698ffbd9}"/>
    <EventID>7</EventID>
    <Version>3</Version>
    <Level>4</Level>
    <Task>7</Task>
    <Opcode>0</Opcode>
    <Keywords>0x8000000000000000</Keywords>
    <TimeCreated SystemTime="2024-03-18T13:39:22.0712871Z"/>
    <EventRecordID>3289233</EventRecordID>
    <Correlation/>
    <Execution ProcessID="2824" ThreadID="4208"/>
    <Channel>Microsoft-Windows-Sysmon/Operational</Channel>
    <Computer>DC-01.meridianhcs.local</Computer>
    <Security UserID="S-1-5-18"/>
  </System>
  <EventData>
    
    <Data Name="RuleName">-</Data>
    <Data Name="UtcTime">2024-03-18 13:39:22.071</Data>
    <Data Name="ProcessGuid">{83eb9c06-35dd-65f8-9c00-00006d7142d9}</Data>
    <Data Name="ProcessId">3904</Data>
    <Data Name="Image">C:\Windows\System32\taskhostw.exe</Data>
    <Data Name="ImageLoaded">C:\Program Files\Windows Defender\MpOAV.dll</Data>
    <Data Name="FileVersion">4.18.2301.6</Data>
    <Data Name="Description">IOfficeAntiVirus Module</Data>
    <Data Name="Product">Microsoft Defender Antivirus</Data>
    <Data Name="Company">Microsoft Corporation</Data>
    <Data Name="OriginalFileName">MpOAV.dll</Data>
    <Data Name="Hashes">SHA1=FC17FE09B96E6641A0C4DD89FE19E33173B862A9,MD5=DDBA590E19E88EA28373E3D47061E407,SHA256=11D3F5E67D04915646C72F60356E8ABB54A72F49B33A321C9E8622576EE491DD,IMPHASH=B50EDBF447D04C1BEFF75D2CC5E6EDF5</Data>
    <Data Name="Signed">true</Data>
    <Data Name="Signature">Microsoft Corporation</Data>
    <Data Name="SignatureStatus">Valid</Data>
    <Data Name="User">NT AUTHORITY\SYSTEM</Data>
    
  </EventData>
</Event>
<Event xmlns="http://schemas.microsoft.com/win/2004/08/events/event">
  <System>
    <Provider Name="Microsoft-Windows-Sysmon" Guid="{5770385f-c22a-43e0-bf4c-06f5698ffbd9}"/>
    <EventID>10</EventID>
    <Version>3</Version>
    <Level>4</Level>
    <Task>10</Task>
    <Opcode>0</Opcode>
    <Keywords>0x8000000000000000</Keywords>
    <TimeCreated SystemTime="2024-03-18T13:40:05.8455352Z"/>
    <EventRecordID>3289235</EventRecordID>
    <Correlation/>
    <Execution ProcessID="2824" ThreadID="4732"/>
    <Channel>Microsoft-Windows-Sysmon/Operational</Channel>
    <Computer>DC-01.meridianhcs.local</Computer>
    <Security UserID="S-1-5-18"/>
  </System>
  <EventData>
    
    <Data Name="RuleName">-</Data>
    <Data Name="UtcTime">2024-03-18 13:40:05.845</Data>
    <Data Name="SourceProcessGUID">{83eb9c06-43c3-65f0-2400-001033486d3f}</Data>
    <Data Name="SourceProcessId">2332</Data>
    <Data Name="SourceThreadId">8532</Data>
    <Data Name="SourceImage">C:\Windows\System32\services.exe</Data>
    <Data Name="TargetProcessGUID">{83eb9c06-43d5-65f0-f400-00003b51ab4f}</Data>
    <Data Name="TargetProcessId">2420</Data>
    <Data Name="TargetImage">C:\ProgramData\Microsoft\Windows Defender\Platform\4.18.2301.6-0\MsMpEng.exe</Data>
    <Data Name="GrantedAccess">0x0400</Data>
    <Data Name="CallTrace">C:\Windows\SYSTEM32\ntdll.dll+9EB09|C:\Windows\SYSTEM32\KERNELBASE.dll+2DFFB|C:\Windows\SYSTEM32\sechost.dll+14349</Data>
    <Data Name="SourceUser">NT AUTHORITY\SYSTEM</Data>
    <Data Name="TargetUser">NT AUTHORITY\SYSTEM</Data>
    
  </EventData>
</Event>
<Event xmlns="http://schemas.microsoft.com/win/2004/08/events/event">
  <System>
    <Provider Name="Microsoft-Windows-Sysmon" Guid="{5770385f-c22a-43e0-bf4c-06f5698ffbd9}"/>
    <EventID>10</EventID>
    <Version>3</Version>
    <Level>4</Level>
    <Task>10</Task>
    <Opcode>0</Opcode>
    <Keywords>0x8000000000000000</Keywords>
    <TimeCreated SystemTime="2024-03-18T13:40:41.8935144Z"/>
    <EventRecordID>3289236</EventRecordID>
    <Correlation/>
    <Execution ProcessID="2824" ThreadID="4732"/>
    <Channel>Microsoft-Windows-Sysmon/Operational</Channel>
    <Computer>DC-01.meridianhcs.local</Computer>
    <Security UserID="S-1-5-18"/>
  </System>
  <EventData>
    
    <Data Name="RuleName">-</Data>
    <Data Name="UtcTime">2024-03-18 13:40:41.893</Data>
    <Data Name="SourceProcessGUID">{83eb9c06-43d8-65f0-2002-001079fbde0e}</Data>
    <Data Name="SourceProcessId">2428</Data>
    <Data Name="SourceThreadId">9028</Data>
    <Data Name="SourceImage">C:\Windows\System32\wbem\WmiPrvSE.exe</Data>
    <Data Name="TargetProcessGUID">{83eb9c06-43c6-65f0-a500-0010a9f570f0}</Data>
    <Data Name="TargetProcessId">2352</Data>
    <Data Name="TargetImage">C:\Windows\System32\svchost.exe</Data>
    <Data Name="GrantedAccess">0x0400</Data>
    <Data Name="CallTrace">C:\Windows\SYSTEM32\ntdll.dll+9C22E|C:\Windows\SYSTEM32\KERNELBASE.dll+2CF10|C:\Windows\SYSTEM32\combase.dll+29AA9</Data>
    <Data Name="SourceUser">NT AUTHORITY\NETWORK SERVICE</Data>
    <Data Name="TargetUser">NT AUTHORITY\SYSTEM</Data>
    
  </EventData>
</Event>
<Event xmlns="http://schemas.microsoft.com/win/2004/08/events/event">
  <System>
    <Provider Name="Microsoft-Windows-Sysmon" Guid="{5770385f-c22a-43e0-bf4c-06f5698ffbd9}"/>
    <EventID>5</EventID>
    <Version>3</Version>
    <Level>4</Level>
    <Task>5</Task>
    <Opcode>0</Opcode>
    <Keywords>0x8000000000000000</Keywords>
    <TimeCreated SystemTime="2024-03-18T13:41:16.7690518Z"/>
    <EventRecordID>3289239</EventRecordID>
    <Correlation/>
    <Execution ProcessID="2824" ThreadID="4732"/>
    <Channel>Microsoft-Windows-Sysmon/Operational</Channel>
    <Computer>DC-01.meridianhcs.local</Computer>
    <Security UserID="S-1-5-18"/>
  </System>
  <EventData>
    
    <Data Name="RuleName">-</Data>
    <Data Name="UtcTime">2024-03-18 13:41:16.769</Data>
    <Data Name="ProcessGuid">{83eb9c06-3ec7-65f8-ea02-0000f35e0ece}</Data>
    <Data Name="ProcessId">4144</Data>
    <Data Name="Image">C:\Windows\System32\wbem\WmiPrvSE.exe</Data>
    <Data Name="User">NT AUTHORITY\SYSTEM</Data>
    
  </EventData>
</Event>
<Event xmlns="http://schemas.microsoft.com/win/2004/08/events/event">
  <System>
    <Provider Name="Microsoft-Windows-Sysmon" Guid="{5770385f-c22a-43e0-bf4c-06f5698ffbd9}"/>
    <EventID>10</EventID>
    <Version>3</Version>
    <Level>4</Level>
    <Task>10</Task>
    <Opcode>0</Opcode>
    <Keywords>0x8000000000000000</Keywords>
    <TimeCreated SystemTime="2024-03-18T13:41:24.8562901Z"/>
    <EventRecordID>3289240</EventRecordID>
    <Correlation/>
    <Execution ProcessID="2824" ThreadID="4208"/>
    <Channel>Microsoft-Windows-Sysmon/Operational</Channel>
    <Computer>DC-01.meridianhcs.local</Computer>
    <Security UserID="S-1-5-18"/>
  </System>
  <EventData>
    
    <Data Name="RuleName">-</Data>
    <Data Name="UtcTime">2024-03-18 13:41:24.856</Data>
    <Data Name="SourceProcessGUID">{83eb9c06-43de-65f0-ca02-00000e2036d6}</Data>
    <Data Name="SourceProcessId">2460</Data>
    <Data Name="SourceThreadId">9244</Data>
    <Data Name="SourceImage">C:\Windows\System32\msiexec.exe</Data>
    <Data Name="TargetProcessGUID">{83eb9c06-43c3-65f0-2400-001033486d3f}</Data>
    <Data Name="TargetProcessId">2332</Data>
    <Data Name="TargetImage">C:\Windows\System32\services.exe</Data>
    <Data Name="GrantedAccess">0x1000</Data>
    <Data Name="CallTrace">C:\Windows\SYSTEM32\ntdll.dll+9EB09|C:\Windows\SYSTEM32\KERNELBASE.dll+2DFFB|C:\Windows\SYSTEM32\sechost.dll+14349</Data>
    <Data Name="SourceUser">NT AUTHORITY\SYSTEM</Data>
    <Data Name="TargetUser">NT AUTHORITY\SYSTEM</Data>
    
  </EventData>
</Event>
<Event xmlns="http://schemas.microsoft.com/win/2004/08/events/event">
  <System>
    <Provider Name="Microsoft-Windows-Sysmon" Guid="{5770385f-c22a-43e0-bf4c-06f5698ffbd9}"/>
    <EventID>10</EventID>
    <Version>3</Version>
    <Level>4</Level>
    <Task>10</Task>
    <Opcode>0</Opcode>
    <Keywords>0x8000000000000000</Keywords>
    <TimeCreated SystemTime="2024-03-18T13:42:18.8370172Z"/>
    <EventRecordID>3289241</EventRecordID>
    <Correlation/>
    <Execution ProcessID="2824" ThreadID="4732"/>
    <Channel>Microsoft-Windows-Sysmon/Operational</Channel>
    <Computer>DC-01.meridianhcs.local</Computer>
    <Security UserID="S-1-5-18"/>
  </System>
  <EventData>
    
    <Data Name="RuleName">-</Data>
    <Data Name="UtcTime">2024-03-18 13:42:18.837</Data>
    <Data Name="SourceProcessGUID">{83eb9c06-43da-65f0-4400-00104f0c0246}</Data>
    <Data Name="SourceProcessId">2432</Data>
    <Data Name="SourceThreadId">9064</Data>
    <Data Name="SourceImage">C:\Windows\System32\dllhost.exe</Data>
    <Data Name="TargetProcessGUID">{83eb9c06-43e4-65f0-8400-0010b2214e04}</Data>
    <Data Name="TargetProcessId">2504</Data>
    <Data Name="TargetImage">C:\Windows\System32\winlogon.exe</Data>
    <Data Name="GrantedAccess">0x1000</Data>
    <Data Name="CallTrace">C:\Windows\SYSTEM32\ntdll.dll+9CB25|C:\Windows\SYSTEM32\KERNELBASE.dll+2E4EA</Data>
    <Data Name="SourceUser">NT AUTHORITY\SYSTEM</Data>
    <Data Name="TargetUser">NT AUTHORITY\SYSTEM</Data>
    
  </EventData>
</Event>
<Event xmlns="http://schemas.microsoft.com/win/2004/08/events/event">
  <System>
    <Provider Name="Microsoft-Windows-Sysmon" Guid="{5770385f-c22a-43e0-bf4c-06f5698ffbd9}"/>
    <EventID>13</EventID>
    <Version>2</Version>
    <Level>4</Level>
    <Task>13</Task>
    <Opcode>0</Opcode>
    <Keywords>0x8000000000000000</Keywords>
    <TimeCreated SystemTime="2024-03-18T13:43:54.3802383Z"/>
    <EventRecordID>3289243</EventRecordID>
    <Correlation/>
    <Execution ProcessID="2824" ThreadID="1464"/>
    <Channel>Microsoft-Windows-Sysmon/Operational</Channel>
    <Computer>DC-01.meridianhcs.local</Computer>
    <Security UserID="S-1-5-18"/>
  </System>
  <EventData>
    
    <Data Name="RuleName">-</Data>
    <Data Name="EventType">SetValue</Data>
    <Data Name="UtcTime">2024-03-18 13:43:54.380</Data>
    <Data Name="ProcessGuid">{83eb9c06-43cf-65f0-3100-0010daebcba1}</Data>
    <Data Name="ProcessId">2400</Data>
    <Data Name="Image">C:\Windows\System32\svchost.exe</Data>
    <Data Name="TargetObject">HKLM\SOFTWARE\Microsoft\Windows\CurrentVersion\Component Based Servicing\Packages\Microsoft-Windows-Client-Features~31bf3856ad364e35~amd64~~10.0.20348.13\CurrentState</Data>
    <Data Name="Details">DWORD (0x00000070)</Data>
    <Data Name="User">NT AUTHORITY\SYSTEM</Data>
    
  </EventData>
</Event>
<Event xmlns="http://schemas.microsoft.com/win/2004/08/events/event">
  <System>
    <Provider Name="Microsoft-Windows-Sysmon" Guid="{5770385f-c22a-43e0-bf4c-06f5698ffbd9}"/>
    <EventID>10</EventID>
    <Version>3</Version>
    <Level>4</Level>
    <Task>10</Task>
    <Opcode>0</Opcode>
    <Keywords>0x8000000000000000</Keywords>
    <TimeCreated SystemTime="2024-03-18T13:43:59.4745413Z"/>
    <EventRecordID>3289244</EventRecordID>
    <Correlation/>
    <Execution ProcessID="2824" ThreadID="1464"/>
    <Channel>Microsoft-Windows-Sysmon/Operational</Channel>
    <Computer>DC-01.meridianhcs.local</Computer>
    <Security UserID="S-1-5-18"/>
  </System>
  <EventData>
    
    <Data Name="RuleName">-</Data>
    <Data Name="UtcTime">2024-03-18 13:43:59.474</Data>
    <Data Name="SourceProcessGUID">{83eb9c06-43d5-65f0-f400-00003b51ab4f}</Data>
    <Data Name="SourceProcessId">2420</Data>
    <Data Name="SourceThreadId">9012</Data>
    <Data Name="SourceImage">C:\ProgramData\Microsoft\Windows Defender\Platform\4.18.2301.6-0\MsMpEng.exe</Data>
    <Data Name="TargetProcessGUID">{83eb9c06-43e4-65f0-8400-0010b2214e04}</Data>
    <Data Name="TargetProcessId">2504</Data>
    <Data Name="TargetImage">C:\Windows\System32\winlogon.exe</Data>
    <Data Name="GrantedAccess">0x1010</Data>
    <Data Name="CallTrace">C:\Windows\SYSTEM32\ntdll.dll+9C4AB|C:\Windows\SYSTEM32\KERNELBASE.dll+2E9B8|C:\Windows\SYSTEM32\advapi32.dll+4C156</Data>
    <Data Name="SourceUser">NT AUTHORITY\SYSTEM</Data>
    <Data Name="TargetUser">NT AUTHORITY\SYSTEM</Data>
    
  </EventData>
</Event>
<Event xmlns="http://schemas.microsoft.com/win/2004/08/events/event">
  <System>
    <Provider Name="Microsoft-Windows-Sysmon" Guid="{5770385f-c22a-43e0-bf4c-06f5698ffbd9}"/>
    <EventID>1</EventID>
    <Version>5</Version>
    <Level>4</Level>
    <Task>1</Task>
    <Opcode>0</Opcode>
    <Keywords>0x8000000000000000</Keywords>
    <TimeCreated SystemTime="2024-03-18T13:44:29.2681029Z"/>
    <EventRecordID>3289245</EventRecordID>
    <Correlation/>
    <Execution ProcessID="2824" ThreadID="1464"/>
    <Channel>Microsoft-Windows-Sysmon/Operational</Channel>
    <Computer>DC-01.meridianhcs.local</Computer>
    <Security UserID="S-1-5-18"/>
  </System>
  <EventData>
    
    <Data Name="RuleName">-</Data>
    <Data Name="UtcTime">2024-03-18 13:44:29.268</Data>
    <Data Name="ProcessGuid">{83eb9c06-453d-65f8-1600-00005d873cb2}</Data>
    <Data Name="ProcessId">4296</Data>
    <Data Name="Image">C:\Windows\System32\MpCmdRun.exe</Data>
    <Data Name="FileVersion">4.18.2211.5</Data>
    <Data Name="Description">Microsoft Malware Protection Command Line Utility</Data>
    <Data Name="Product">Microsoft Antimalware</Data>
    <Data Name="Company">Microsoft Corporation</Data>
    <Data Name="OriginalFileName">MpCmdRun.exe</Data>
    <Data Name="CommandLine">MpCmdRun.exe -SignatureUpdate</Data>
    <Data Name="CurrentDirectory">C:\Windows\System32\</Data>
    <Data Name="User">NT AUTHORITY\SYSTEM</Data>
    <Data Name="LogonGuid">{00000000-0000-0000-0000-000000000000}</Data>
    <Data Name="LogonId">0x3e7</Data>
    <Data Name="TerminalSessionId">0</Data>
    <Data Name="IntegrityLevel">System</Data>
    <Data Name="Hashes">SHA1=F4EF00F41048EBCC93DDDD07336499E959343F58,MD5=9B838F4924D64C5DD674FED40433F836,SHA256=6D1A306334F254CECFADAFE15CFDE5758AD680D93A4AF98E6FB2064776AF6334,IMPHASH=F8F14F62C527C382581D90DAA5F1D4C5</Data>
    <Data Name="ParentProcessGuid">{83eb9c06-43c3-65f0-2400-001033486d3f}</Data>
    <Data Name="ParentProcessId">2332</Data>
    <Data Name="ParentImage">C:\Windows\System32\services.exe</Data>
    <Data Name="ParentCommandLine">services.exe</Data>
    <Data Name="ParentUser">NT AUTHORITY\SYSTEM</Data>
    
  </EventData>
</Event>
<Event xmlns="http://schemas.microsoft.com/win/2004/08/events/event">
  <System>
    <Provider Name="Microsoft-Windows-Sysmon" Guid="{5770385f-c22a-43e0-bf4c-06f5698ffbd9}"/>
    <EventID>10</EventID>
    <Version>3</Version>
    <Level>4</Level>
    <Task>10</Task>
    <Opcode>0</Opcode>
    <Keywords>0x8000000000000000</Keywords>
    <TimeCreated SystemTime="2024-03-18T13:44:42.7538049Z"/>
    <EventRecordID>3289246</EventRecordID>
    <Correlation/>
    <Execution ProcessID="2824" ThreadID="1464"/>
    <Channel>Microsoft-Windows-Sysmon/Operational</Channel>
    <Computer>DC-01.meridianhcs.local</Computer>
    <Security UserID="S-1-5-18"/>
  </System>
  <EventData>
    
    <Data Name="RuleName">-</Data>
    <Data Name="UtcTime">2024-03-18 13:44:42.753</Data>
    <Data Name="SourceProcessGUID">{83eb9c06-43d6-65f0-fb02-0010e23e40a7}</Data>
    <Data Name="SourceProcessId">2424</Data>
    <Data Name="SourceThreadId">9016</Data>
    <Data Name="SourceImage">C:\Windows\System32\SearchIndexer.exe</Data>
    <Data Name="TargetProcessGUID">{83eb9c06-43dc-65f0-8700-0010371cd5ec}</Data>
    <Data Name="TargetProcessId">2444</Data>
    <Data Name="TargetImage">C:\Windows\System32\SearchProtocolHost.exe</Data>
    <Data Name="GrantedAccess">0x1010</Data>
    <Data Name="CallTrace">C:\Windows\SYSTEM32\ntdll.dll+9EEDB|C:\Windows\SYSTEM32\RPCRT4.dll+7D13D|C:\Windows\SYSTEM32\KERNELBASE.dll+2E1F8</Data>
    <Data Name="SourceUser">NT AUTHORITY\SYSTEM</Data>
    <Data Name="TargetUser">NT AUTHORITY\SYSTEM</Data>
    
  </EventData>
</Event>
<Event xmlns="http://schemas.microsoft.com/win/2004/08/events/event">
  <System>
    <Provider Name="Microsoft-Windows-Sysmon" Guid="{5770385f-c22a-43e0-bf4c-06f5698ffbd9}"/>
    <EventID>5</EventID>
    <Version>3</Version>
    <Level>4</Level>
    <Task>5</Task>
    <Opcode>0</Opcode>
    <Keywords>0x8000000000000000</Keywords>
    <TimeCreated SystemTime="2024-03-18T13:45:10.1227149Z"/>
    <EventRecordID>3289247</EventRecordID>
    <Correlation/>
    <Execution ProcessID="2824" ThreadID="1464"/>
    <Channel>Microsoft-Windows-Sysmon/Operational</Channel>
    <Computer>DC-01.meridianhcs.local</Computer>
    <Security UserID="S-1-5-18"/>
  </System>
  <EventData>
    
    <Data Name="RuleName">-</Data>
    <Data Name="UtcTime">2024-03-18 13:45:10.122</Data>
    <Data Name="ProcessGuid">{83eb9c06-453d-65f8-1600-00005d873cb2}</Data>
    <Data Name="ProcessId">4296</Data>
    <Data Name="Image">C:\Windows\System32\MpCmdRun.exe</Data>
    <Data Name="User">NT AUTHORITY\SYSTEM</Data>
    
  </EventData>
</Event>
<Event xmlns="http://schemas.microsoft.com/win/2004/08/events/event">
  <System>
    <Provider Name="Microsoft-Windows-Sysmon" Guid="{5770385f-c22a-43e0-bf4c-06f5698ffbd9}"/>
    <EventID>13</EventID>
    <Version>2</Version>
    <Level>4</Level>
    <Task>13</Task>
    <Opcode>0</Opcode>
    <Keywords>0x8000000000000000</Keywords>
    <TimeCreated SystemTime="2024-03-18T13:45:14.2914410Z"/>
    <EventRecordID>3289249</EventRecordID>
    <Correlation/>
    <Execution ProcessID="2824" ThreadID="4732"/>
    <Channel>Microsoft-Windows-Sysmon/Operational</Channel>
    <Computer>DC-01.meridianhcs.local</Computer>
    <Security UserID="S-1-5-18"/>
  </System>
  <EventData>
    
    <Data Name="RuleName">-</Data>
    <Data Name="EventType">SetValue</Data>
    <Data Name="UtcTime">2024-03-18 13:45:14.291</Data>
    <Data Name="ProcessGuid">{83eb9c06-43de-65f0-ca02-00000e2036d6}</Data>
    <Data Name="ProcessId">2460</Data>
    <Data Name="Image">C:\Windows\System32\msiexec.exe</Data>
    <Data Name="TargetObject">HKLM\SOFTWARE\Microsoft\Windows\CurrentVersion\Component Based Servicing\Packages\Package_for_DotNetRollup~31bf3856ad364e35~amd64~~10.0.20348.7\CurrentState</Data>
    <Data Name="Details">DWORD (0x00000070)</Data>
    <Data Name="User">NT AUTHORITY\SYSTEM</Data>
    
  </EventData>
</Event>
<Event xmlns="http://schemas.microsoft.com/win/2004/08/events/event">
  <System>
    <Provider Name="Microsoft-Windows-Sysmon" Guid="{5770385f-c22a-43e0-bf4c-06f5698ffbd9}"/>
    <EventID>1</EventID>
    <Version>5</Version>
    <Level>4</Level>
    <Task>1</Task>
    <Opcode>0</Opcode>
    <Keywords>0x8000000000000000</Keywords>
    <TimeCreated SystemTime="2024-03-18T13:45:25.1989878Z"/>
    <EventRecordID>3289250</EventRecordID>
    <Correlation/>
    <Execution ProcessID="2824" ThreadID="1464"/>
    <Channel>Microsoft-Windows-Sysmon/Operational</Channel>
    <Computer>DC-01.meridianhcs.local</Computer>
    <Security UserID="S-1-5-18"/>
  </System>
  <EventData>
    
    <Data Name="RuleName">-</Data>
    <Data Name="UtcTime">2024-03-18 13:45:25.198</Data>
    <Data Name="ProcessGuid">{83eb9c06-4575-65f8-a500-00001e114661}</Data>
    <Data Name="ProcessId">4084</Data>
    <Data Name="Image">C:\Windows\System32\conhost.exe</Data>
    <Data Name="FileVersion">10.0.20348.1</Data>
    <Data Name="Description">Console Window Host</Data>
    <Data Name="Product">Microsoft Windows Operating System</Data>
    <Data Name="Company">Microsoft Corporation</Data>
    <Data Name="OriginalFileName">conhost.exe</Data>
    <Data Name="CommandLine">\??\C:\Windows\system32\conhost.exe 0xffffffff -ForceV1</Data>
    <Data Name="CurrentDirectory">C:\Windows\System32\</Data>
    <Data Name="User">NT AUTHORITY\SYSTEM</Data>
    <Data Name="LogonGuid">{00000000-0000-0000-0000-000000000000}</Data>
    <Data Name="LogonId">0x3e7</Data>
    <Data Name="TerminalSessionId">0</Data>
    <Data Name="IntegrityLevel">System</Data>
    <Data Name="Hashes">SHA1=A21F01CD47C2566A531DDDA6295C5F2729AEB2DD,MD5=D5DD0A35623D416B52F2DF3E64573716,SHA256=AD5D2369D2F142C551BF783A7F30D5BD9DE38C580046305DEDBBE7CD844E1905,IMPHASH=259D1C1188D5A01EADD9B3F236B1C61A</Data>
    <Data Name="ParentProcessGuid">{83eb9c06-43c2-65f0-5902-0010c99eda93}</Data>
    <Data Name="ParentProcessId">2252</Data>
    <Data Name="ParentImage">C:\Windows\System32\csrss.exe</Data>
    <Data Name="ParentCommandLine">csrss.exe</Data>
    <Data Name="ParentUser">NT AUTHORITY\SYSTEM</Data>
    
  </EventData>
</Event>
<Event xmlns="http://schemas.microsoft.com/win/2004/08/events/event">
  <System>
    <Provider Name="Microsoft-Windows-Sysmon" Guid="{5770385f-c22a-43e0-bf4c-06f5698ffbd9}"/>
    <EventID>1</EventID>
    <Version>5</Version>
    <Level>4</Level>
    <Task>1</Task>
    <Opcode>0</Opcode>
    <Keywords>0x8000000000000000</Keywords>
    <TimeCreated SystemTime="2024-03-18T13:46:24.8822943Z"/>
    <EventRecordID>3289253</EventRecordID>
    <Correlation/>
    <Execution ProcessID="2824" ThreadID="4732"/>
    <Channel>Microsoft-Windows-Sysmon/Operational</Channel>
    <Computer>DC-01.meridianhcs.local</Computer>
    <Security UserID="S-1-5-18"/>
  </System>
  <EventData>
    
    <Data Name="RuleName">-</Data>
    <Data Name="UtcTime">2024-03-18 13:46:24.882</Data>
    <Data Name="ProcessGuid">{83eb9c06-45b0-65f8-b600-0000e221aa1a}</Data>
    <Data Name="ProcessId">4132</Data>
    <Data Name="Image">C:\Windows\System32\wbem\WmiPrvSE.exe</Data>
    <Data Name="FileVersion">10.0.20348.1</Data>
    <Data Name="Description">WMI Provider Host</Data>
    <Data Name="Product">Microsoft Windows Operating System</Data>
    <Data Name="Company">Microsoft Corporation</Data>
    <Data Name="OriginalFileName">WmiPrvSE.exe</Data>
    <Data Name="CommandLine">WmiPrvSE.exe -Embedding</Data>
    <Data Name="CurrentDirectory">C:\Windows\System32\</Data>
    <Data Name="User">NT AUTHORITY\SYSTEM</Data>
    <Data Name="LogonGuid">{00000000-0000-0000-0000-000000000000}</Data>
    <Data Name="LogonId">0x3e7</Data>
    <Data Name="TerminalSessionId">0</Data>
    <Data Name="IntegrityLevel">System</Data>
    <Data Name="Hashes">SHA1=A5E3AF2A96B47DDFB49DA94A8671FB987C1FE2BB,MD5=7D26B8B7840F97C88857B470C235D9FE,SHA256=1066389BE1D488A653647CC3A656AC18A6219B4DDAFF89A68A5F31BACF2E0B3F,IMPHASH=7315DF3EBAFC67944E00B47EC7B4744A</Data>
    <Data Name="ParentProcessGuid">{83eb9c06-43c6-65f0-1d02-0010ab917170}</Data>
    <Data Name="ParentProcessId">2340</Data>
    <Data Name="ParentImage">C:\Windows\System32\svchost.exe</Data>
    <Data Name="ParentCommandLine">svchost.exe -k DcomLaunch</Data>
    <Data Name="ParentUser">NT AUTHORITY\SYSTEM</Data>
    
  </EventData>
</Event>
<Event xmlns="http://schemas.microsoft.com/win/2004/08/events/event">
  <System>
    <Provider Name="Microsoft-Windows-Sysmon" Guid="{5770385f-c22a-43e0-bf4c-06f5698ffbd9}"/>
    <EventID>10</EventID>
    <Version>3</Version>
    <Level>4</Level>
    <Task>10</Task>
    <Opcode>0</Opcode>
    <Keywords>0x8000000000000000</Keywords>
    <TimeCreated SystemTime="2024-03-18T13:47:07.8221444Z"/>
    <EventRecordID>3289255</EventRecordID>
    <Correlation/>
    <Execution ProcessID="2824" ThreadID="4732"/>
    <Channel>Microsoft-Windows-Sysmon/Operational</Channel>
    <Computer>DC-01.meridianhcs.local</Computer>
    <Security UserID="S-1-5-18"/>
  </System>
  <EventData>
    
    <Data Name="RuleName">-</Data>
    <Data Name="UtcTime">2024-03-18 13:47:07.822</Data>
    <Data Name="SourceProcessGUID">{83eb9c06-43d5-65f0-f400-00003b51ab4f}</Data>
    <Data Name="SourceProcessId">2420</Data>
    <Data Name="SourceThreadId">9012</Data>
    <Data Name="SourceImage">C:\ProgramData\Microsoft\Windows Defender\Platform\4.18.2301.6-0\MsMpEng.exe</Data>
    <Data Name="TargetProcessGUID">{83eb9c06-43e4-65f0-8400-0010b2214e04}</Data>
    <Data Name="TargetProcessId">2504</Data>
    <Data Name="TargetImage">C:\Windows\System32\winlogon.exe</Data>
    <Data Name="GrantedAccess">0x1410</Data>
    <Data Name="CallTrace">C:\Windows\SYSTEM32\ntdll.dll+9C4AB|C:\Windows\SYSTEM32\KERNELBASE.dll+2E9B8|C:\Windows\SYSTEM32\advapi32.dll+4C156</Data>
    <Data Name="SourceUser">NT AUTHORITY\SYSTEM</Data>
    <Data Name="TargetUser">NT AUTHORITY\SYSTEM</Data>
    
  </EventData>
</Event>
<Event xmlns="http://schemas.microsoft.com/win/2004/08/events/event">
  <System>
    <Provider Name="Microsoft-Windows-Sysmon" Guid="{5770385f-c22a-43e0-bf4c-06f5698ffbd9}"/>
    <EventID>5</EventID>
    <Version>3</Version>
    <Level>4</Level>
    <Task>5</Task>
    <Opcode>0</Opcode>
    <Keywords>0x8000000000000000</Keywords>
    <TimeCreated SystemTime="2024-03-18T13:47:17.3698216Z"/>
    <EventRecordID>3289256</EventRecordID>
    <Correlation/>
    <Execution ProcessID="2824" ThreadID="4732"/>
    <Channel>Microsoft-Windows-Sysmon/Operational</Channel>
    <Computer>DC-01.meridianhcs.local</Computer>
    <Security UserID="S-1-5-18"/>
  </System>
  <EventData>
    
    <Data Name="RuleName">-</Data>
    <Data Name="UtcTime">2024-03-18 13:47:17.369</Data>
    <Data Name="ProcessGuid">{83eb9c06-4575-65f8-a500-00001e114661}</Data>
    <Data Name="ProcessId">4084</Data>
    <Data Name="Image">C:\Windows\System32\conhost.exe</Data>
    <Data Name="User">NT AUTHORITY\SYSTEM</Data>
    
  </EventData>
</Event>
<Event xmlns="http://schemas.microsoft.com/win/2004/08/events/event">
  <System>
    <Provider Name="Microsoft-Windows-Sysmon" Guid="{5770385f-c22a-43e0-bf4c-06f5698ffbd9}"/>
    <EventID>1</EventID>
    <Version>5</Version>
    <Level>4</Level>
    <Task>1</Task>
    <Opcode>0</Opcode>
    <Keywords>0x8000000000000000</Keywords>
    <TimeCreated SystemTime="2024-03-18T13:48:00.2631567Z"/>
    <EventRecordID>3289257</EventRecordID>
    <Correlation/>
    <Execution ProcessID="2824" ThreadID="1464"/>
    <Channel>Microsoft-Windows-Sysmon/Operational</Channel>
    <Computer>DC-01.meridianhcs.local</Computer>
    <Security UserID="S-1-5-18"/>
  </System>
  <EventData>
    
    <Data Name="RuleName">-</Data>
    <Data Name="UtcTime">2024-03-18 13:48:00.263</Data>
    <Data Name="ProcessGuid">{83eb9c06-4610-65f8-aa02-000070ccbc03}</Data>
    <Data Name="ProcessId">4300</Data>
    <Data Name="Image">C:\Windows\System32\taskhostw.exe</Data>
    <Data Name="FileVersion">10.0.20348.1</Data>
    <Data Name="Description">Host Process for Windows Tasks</Data>
    <Data Name="Product">Microsoft Windows Operating System</Data>
    <Data Name="Company">Microsoft Corporation</Data>
    <Data Name="OriginalFileName">taskhostw.exe</Data>
    <Data Name="CommandLine">taskhostw.exe /Run</Data>
    <Data Name="CurrentDirectory">C:\Windows\System32\</Data>
    <Data Name="User">NT AUTHORITY\SYSTEM</Data>
    <Data Name="LogonGuid">{00000000-0000-0000-0000-000000000000}</Data>
    <Data Name="LogonId">0x3e7</Data>
    <Data Name="TerminalSessionId">0</Data>
    <Data Name="IntegrityLevel">System</Data>
    <Data Name="Hashes">SHA1=8619AEABA32A5BF02C7A7FEA0D605D220CC764C3,MD5=61B2B0A2846502D2A87C115BFC6844F2,SHA256=8DD50FB44A96C9A062B4243044C25FAE85D88190CF1715DE6640D6D2C51098AC,IMPHASH=03BE90DC9D714E2211C4EA3429EA7C04</Data>
    <Data Name="ParentProcessGuid">{83eb9c06-43c6-65f0-a500-0010a9f570f0}</Data>
    <Data Name="ParentProcessId">2352</Data>
    <Data Name="ParentImage">C:\Windows\System32\svchost.exe</Data>
    <Data Name="ParentCommandLine">svchost.exe -k LocalSystem</Data>
    <Data Name="ParentUser">NT AUTHORITY\SYSTEM</Data>
    
  </EventData>
</Event>
<Event xmlns="http://schemas.microsoft.com/win/2004/08/events/event">
  <System>
    <Provider Name="Microsoft-Windows-Sysmon" Guid="{5770385f-c22a-43e0-bf4c-06f5698ffbd9}"/>
    <EventID>7</EventID>
    <Version>3</Version>
    <Level>4</Level>
    <Task>7</Task>
    <Opcode>0</Opcode>
    <Keywords>0x8000000000000000</Keywords>
    <TimeCreated SystemTime="2024-03-18T13:48:07.4973436Z"/>
    <EventRecordID>3289258</EventRecordID>
    <Correlation/>
    <Execution ProcessID="2824" ThreadID="4208"/>
    <Channel>Microsoft-Windows-Sysmon/Operational</Channel>
    <Computer>DC-01.meridianhcs.local</Computer>
    <Security UserID="S-1-5-18"/>
  </System>
  <EventData>
    
    <Data Name="RuleName">-</Data>
    <Data Name="UtcTime">2024-03-18 13:48:07.497</Data>
    <Data Name="ProcessGuid">{83eb9c06-3e2d-65f8-0900-00002255abbc}</Data>
    <Data Name="ProcessId">4224</Data>
    <Data Name="Image">C:\Windows\System32\taskhostw.exe</Data>
    <Data Name="ImageLoaded">C:\Program Files\Windows Defender\MpOAV.dll</Data>
    <Data Name="FileVersion">4.18.2301.6</Data>
    <Data Name="Description">IOfficeAntiVirus Module</Data>
    <Data Name="Product">Microsoft Defender Antivirus</Data>
    <Data Name="Company">Microsoft Corporation</Data>
    <Data Name="OriginalFileName">MpOAV.dll</Data>
    <Data Name="Hashes">SHA1=FC17FE09B96E6641A0C4DD89FE19E33173B862A9,MD5=DDBA590E19E88EA28373E3D47061E407,SHA256=11D3F5E67D04915646C72F60356E8ABB54A72F49B33A321C9E8622576EE491DD,IMPHASH=B50EDBF447D04C1BEFF75D2CC5E6EDF5</Data>
    <Data Name="Signed">true</Data>
    <Data Name="Signature">Microsoft Corporation</Data>
    <Data Name="SignatureStatus">Valid</Data>
    <Data Name="User">NT AUTHORITY\SYSTEM</Data>
    
  </EventData>
</Event>
<Event xmlns="http://schemas.microsoft.com/win/2004/08/events/event">
  <System>
    <Provider Name="Microsoft-Windows-Sysmon" Guid="{5770385f-c22a-43e0-bf4c-06f5698ffbd9}"/>
    <EventID>5</EventID>
    <Version>3</Version>
    <Level>4</Level>
    <Task>5</Task>
    <Opcode>0</Opcode>
    <Keywords>0x8000000000000000</Keywords>
    <TimeCreated SystemTime="2024-03-18T13:48:29.8451220Z"/>
    <EventRecordID>3289259</EventRecordID>
    <Correlation/>
    <Execution ProcessID="2824" ThreadID="1464"/>
    <Channel>Microsoft-Windows-Sysmon/Operational</Channel>
    <Computer>DC-01.meridianhcs.local</Computer>
    <Security UserID="S-1-5-18"/>
  </System>
  <EventData>
    
    <Data Name="RuleName">-</Data>
    <Data Name="UtcTime">2024-03-18 13:48:29.845</Data>
    <Data Name="ProcessGuid">{83eb9c06-45b0-65f8-b600-0000e221aa1a}</Data>
    <Data Name="ProcessId">4132</Data>
    <Data Name="Image">C:\Windows\System32\wbem\WmiPrvSE.exe</Data>
    <Data Name="User">NT AUTHORITY\SYSTEM</Data>
    
  </EventData>
</Event>
<Event xmlns="http://schemas.microsoft.com/win/2004/08/events/event">
  <System>
    <Provider Name="Microsoft-Windows-Sysmon" Guid="{5770385f-c22a-43e0-bf4c-06f5698ffbd9}"/>
    <EventID>10</EventID>
    <Version>3</Version>
    <Level>4</Level>
    <Task>10</Task>
    <Opcode>0</Opcode>
    <Keywords>0x8000000000000000</Keywords>
    <TimeCreated SystemTime="2024-03-18T13:48:39.9960154Z"/>
    <EventRecordID>3289261</EventRecordID>
    <Correlation/>
    <Execution ProcessID="2824" ThreadID="1464"/>
    <Channel>Microsoft-Windows-Sysmon/Operational</Channel>
    <Computer>DC-01.meridianhcs.local</Computer>
    <Security UserID="S-1-5-18"/>
  </System>
  <EventData>
    
    <Data Name="RuleName">-</Data>
    <Data Name="UtcTime">2024-03-18 13:48:39.996</Data>
    <Data Name="SourceProcessGUID">{83eb9c06-43de-65f0-d100-000019e606e9}</Data>
    <Data Name="SourceProcessId">2452</Data>
    <Data Name="SourceThreadId">9196</Data>
    <Data Name="SourceImage">C:\ProgramData\Microsoft\Windows Defender\Platform\4.18.2301.6-0\MpCmdRun.exe</Data>
    <Data Name="TargetProcessGUID">{83eb9c06-43d5-65f0-f400-00003b51ab4f}</Data>
    <Data Name="TargetProcessId">2420</Data>
    <Data Name="TargetImage">C:\ProgramData\Microsoft\Windows Defender\Platform\4.18.2301.6-0\MsMpEng.exe</Data>
    <Data Name="GrantedAccess">0x1010</Data>
    <Data Name="CallTrace">C:\Windows\SYSTEM32\ntdll.dll+9C4AB|C:\Windows\SYSTEM32\KERNELBASE.dll+2E9B8|C:\Windows\SYSTEM32\advapi32.dll+4C156</Data>
    <Data Name="SourceUser">NT AUTHORITY\SYSTEM</Data>
    <Data Name="TargetUser">NT AUTHORITY\SYSTEM</Data>
    
  </EventData>
</Event>
<Event xmlns="http://schemas.microsoft.com/win/2004/08/events/event">
  <System>
    <Provider Name="Microsoft-Windows-Sysmon" Guid="{5770385f-c22a-43e0-bf4c-06f5698ffbd9}"/>
    <EventID>10</EventID>
    <Version>3</Version>
    <Level>4</Level>
    <Task>10</Task>
    <Opcode>0</Opcode>
    <Keywords>0x8000000000000000</Keywords>
    <TimeCreated SystemTime="2024-03-18T13:49:09.1665497Z"/>
    <EventRecordID>3289262</EventRecordID>
    <Correlation/>
    <Execution ProcessID="2824" ThreadID="4732"/>
    <Channel>Microsoft-Windows-Sysmon/Operational</Channel>
    <Computer>DC-01.meridianhcs.local</Computer>
    <Security UserID="S-1-5-18"/>
  </System>
  <EventData>
    
    <Data Name="RuleName">-</Data>
    <Data Name="UtcTime">2024-03-18 13:49:09.166</Data>
    <Data Name="SourceProcessGUID">{83eb9c06-43d8-65f0-2002-001079fbde0e}</Data>
    <Data Name="SourceProcessId">2428</Data>
    <Data Name="SourceThreadId">9028</Data>
    <Data Name="SourceImage">C:\Windows\System32\wbem\WmiPrvSE.exe</Data>
    <Data Name="TargetProcessGUID">{83eb9c06-43c6-65f0-a500-0010a9f570f0}</Data>
    <Data Name="TargetProcessId">2352</Data>
    <Data Name="TargetImage">C:\Windows\System32\svchost.exe</Data>
    <Data Name="GrantedAccess">0x1000</Data>
    <Data Name="CallTrace">C:\Windows\SYSTEM32\ntdll.dll+9C22E|C:\Windows\SYSTEM32\KERNELBASE.dll+2CF10|C:\Windows\SYSTEM32\combase.dll+29AA9</Data>
    <Data Name="SourceUser">NT AUTHORITY\NETWORK SERVICE</Data>
    <Data Name="TargetUser">NT AUTHORITY\SYSTEM</Data>
    
  </EventData>
</Event>
<Event xmlns="http://schemas.microsoft.com/win/2004/08/events/event">
  <System>
    <Provider Name="Microsoft-Windows-Sysmon" Guid="{5770385f-c22a-43e0-bf4c-06f5698ffbd9}"/>
    <EventID>13</EventID>
    <Version>2</Version>
    <Level>4</Level>
    <Task>13</Task>
    <Opcode>0</Opcode>
    <Keywords>0x8000000000000000</Keywords>
    <TimeCreated SystemTime="2024-03-18T13:49:27.0519393Z"/>
    <EventRecordID>3289263</EventRecordID>
    <Correlation/>
    <Execution ProcessID="2824" ThreadID="4732"/>
    <Channel>Microsoft-Windows-Sysmon/Operational</Channel>
    <Computer>DC-01.meridianhcs.local</Computer>
    <Security UserID="S-1-5-18"/>
  </System>
  <EventData>
    
    <Data Name="RuleName">-</Data>
    <Data Name="EventType">SetValue</Data>
    <Data Name="UtcTime">2024-03-18 13:49:27.051</Data>
    <Data Name="ProcessGuid">{83eb9c06-43de-65f0-ca02-00000e2036d6}</Data>
    <Data Name="ProcessId">2460</Data>
    <Data Name="Image">C:\Windows\System32\msiexec.exe</Data>
    <Data Name="TargetObject">HKLM\SOFTWARE\Microsoft\Windows\CurrentVersion\Component Based Servicing\Packages\Package_for_KB5034122~31bf3856ad364e35~amd64~~10.0.20348.74\CurrentState</Data>
    <Data Name="Details">DWORD (0x00000070)</Data>
    <Data Name="User">NT AUTHORITY\SYSTEM</Data>
    
  </EventData>
</Event>
<Event xmlns="http://schemas.microsoft.com/win/2004/08/events/event">
  <System>
    <Provider Name="Microsoft-Windows-Sysmon" Guid="{5770385f-c22a-43e0-bf4c-06f5698ffbd9}"/>
    <EventID>10</EventID>
    <Version>3</Version>
    <Level>4</Level>
    <Task>10</Task>
    <Opcode>0</Opcode>
    <Keywords>0x8000000000000000</Keywords>
    <TimeCreated SystemTime="2024-03-18T13:51:38.9207798Z"/>
    <EventRecordID>3289267</EventRecordID>
    <Correlation/>
    <Execution ProcessID="2824" ThreadID="4732"/>
    <Channel>Microsoft-Windows-Sysmon/Operational</Channel>
    <Computer>DC-01.meridianhcs.local</Computer>
    <Security UserID="S-1-5-18"/>
  </System>
  <EventData>
    
    <Data Name="RuleName">-</Data>
    <Data Name="UtcTime">2024-03-18 13:51:38.920</Data>
    <Data Name="SourceProcessGUID">{83eb9c06-43c3-65f0-2400-001033486d3f}</Data>
    <Data Name="SourceProcessId">2332</Data>
    <Data Name="SourceThreadId">8532</Data>
    <Data Name="SourceImage">C:\Windows\System32\services.exe</Data>
    <Data Name="TargetProcessGUID">{83eb9c06-43d5-65f0-f400-00003b51ab4f}</Data>
    <Data Name="TargetProcessId">2420</Data>
    <Data Name="TargetImage">C:\ProgramData\Microsoft\Windows Defender\Platform\4.18.2301.6-0\MsMpEng.exe</Data>
    <Data Name="GrantedAccess">0x1010</Data>
    <Data Name="CallTrace">C:\Windows\SYSTEM32\ntdll.dll+9EB09|C:\Windows\SYSTEM32\KERNELBASE.dll+2DFFB|C:\Windows\SYSTEM32\sechost.dll+14349</Data>
    <Data Name="SourceUser">NT AUTHORITY\SYSTEM</Data>
    <Data Name="TargetUser">NT AUTHORITY\SYSTEM</Data>
    
  </EventData>
</Event>
<Event xmlns="http://schemas.microsoft.com/win/2004/08/events/event">
  <System>
    <Provider Name="Microsoft-Windows-Sysmon" Guid="{5770385f-c22a-43e0-bf4c-06f5698ffbd9}"/>
    <EventID>7</EventID>
    <Version>3</Version>
    <Level>4</Level>
    <Task>7</Task>
    <Opcode>0</Opcode>
    <Keywords>0x8000000000000000</Keywords>
    <TimeCreated SystemTime="2024-03-18T13:51:53.3686774Z"/>
    <EventRecordID>3289269</EventRecordID>
    <Correlation/>
    <Execution ProcessID="2824" ThreadID="4732"/>
    <Channel>Microsoft-Windows-Sysmon/Operational</Channel>
    <Computer>DC-01.meridianhcs.local</Computer>
    <Security UserID="S-1-5-18"/>
  </System>
  <EventData>
    
    <Data Name="RuleName">-</Data>
    <Data Name="UtcTime">2024-03-18 13:51:53.368</Data>
    <Data Name="ProcessGuid">{83eb9c06-3356-65f8-6602-0010c8a7ca6b}</Data>
    <Data Name="ProcessId">3880</Data>
    <Data Name="Image">C:\Windows\System32\taskhostw.exe</Data>
    <Data Name="ImageLoaded">C:\Program Files\Windows Defender\MpOAV.dll</Data>
    <Data Name="FileVersion">4.18.2301.6</Data>
    <Data Name="Description">IOfficeAntiVirus Module</Data>
    <Data Name="Product">Microsoft Defender Antivirus</Data>
    <Data Name="Company">Microsoft Corporation</Data>
    <Data Name="OriginalFileName">MpOAV.dll</Data>
    <Data Name="Hashes">SHA1=FC17FE09B96E6641A0C4DD89FE19E33173B862A9,MD5=DDBA590E19E88EA28373E3D47061E407,SHA256=11D3F5E67D04915646C72F60356E8ABB54A72F49B33A321C9E8622576EE491DD,IMPHASH=B50EDBF447D04C1BEFF75D2CC5E6EDF5</Data>
    <Data Name="Signed">true</Data>
    <Data Name="Signature">Microsoft Corporation</Data>
    <Data Name="SignatureStatus">Valid</Data>
    <Data Name="User">NT AUTHORITY\SYSTEM</Data>
    
  </EventData>
</Event>
<Event xmlns="http://schemas.microsoft.com/win/2004/08/events/event">
  <System>
    <Provider Name="Microsoft-Windows-Sysmon" Guid="{5770385f-c22a-43e0-bf4c-06f5698ffbd9}"/>
    <EventID>11</EventID>
    <Version>2</Version>
    <Level>4</Level>
    <Task>11</Task>
    <Opcode>0</Opcode>
    <Keywords>0x8000000000000000</Keywords>
    <TimeCreated SystemTime="2024-03-18T13:52:44.6051324Z"/>
    <EventRecordID>3289274</EventRecordID>
    <Correlation/>
    <Execution ProcessID="2824" ThreadID="4732"/>
    <Channel>Microsoft-Windows-Sysmon/Operational</Channel>
    <Computer>DC-01.meridianhcs.local</Computer>
    <Security UserID="S-1-5-18"/>
  </System>
  <EventData>
    
    <Data Name="RuleName">-</Data>
    <Data Name="UtcTime">2024-03-18 13:52:44.605</Data>
    <Data Name="ProcessGuid">{83eb9c06-43e5-65f0-7402-001002b7a60c}</Data>
    <Data Name="ProcessId">2524</Data>
    <Data Name="Image">C:\Windows\System32\userinit.exe</Data>
    <Data Name="TargetFilename">C:\Windows\Temp\28254.tmp</Data>
    <Data Name="CreationUtcTime">2024-03-18 13:52:44.604</Data>
    <Data Name="User">NT AUTHORITY\SYSTEM</Data>
    
  </EventData>
</Event>
<Event xmlns="http://schemas.microsoft.com/win/2004/08/events/event">
  <System>
    <Provider Name="Microsoft-Windows-Sysmon" Guid="{5770385f-c22a-43e0-bf4c-06f5698ffbd9}"/>
    <EventID>1</EventID>
    <Version>5</Version>
    <Level>4</Level>
    <Task>1</Task>
    <Opcode>0</Opcode>
    <Keywords>0x8000000000000000</Keywords>
    <TimeCreated SystemTime="2024-03-18T13:53:05.3486976Z"/>
    <EventRecordID>3289275</EventRecordID>
    <Correlation/>
    <Execution ProcessID="2824" ThreadID="4208"/>
    <Channel>Microsoft-Windows-Sysmon/Operational</Channel>
    <Computer>DC-01.meridianhcs.local</Computer>
    <Security UserID="S-1-5-18"/>
  </System>
  <EventData>
    
    <Data Name="RuleName">-</Data>
    <Data Name="UtcTime">2024-03-18 13:53:05.348</Data>
    <Data Name="ProcessGuid">{83eb9c06-4741-65f8-d100-0000f8031091}</Data>
    <Data Name="ProcessId">4320</Data>
    <Data Name="Image">C:\Windows\System32\svchost.exe</Data>
    <Data Name="FileVersion">10.0.20348.1</Data>
    <Data Name="Description">Host Process for Windows Services</Data>
    <Data Name="Product">Microsoft Windows Operating System</Data>
    <Data Name="Company">Microsoft Corporation</Data>
    <Data Name="OriginalFileName">svchost.exe</Data>
    <Data Name="CommandLine">svchost.exe -k netsvcs -p -s LanmanServer</Data>
    <Data Name="CurrentDirectory">C:\Windows\System32\</Data>
    <Data Name="User">NT AUTHORITY\SYSTEM</Data>
    <Data Name="LogonGuid">{00000000-0000-0000-0000-000000000000}</Data>
    <Data Name="LogonId">0x3e7</Data>
    <Data Name="TerminalSessionId">0</Data>
    <Data Name="IntegrityLevel">System</Data>
    <Data Name="Hashes">SHA1=5CE448FA905EE08A22B960503A5E06876992E092,MD5=A417C300E2BB7D055C6DFD9E80D04ED8,SHA256=7DA8E1E1E69684B8341E442E8629C6746359808E7B8E9A51BE070AD7866B2CB2,IMPHASH=F9EBF344F0DAE6163C276DAF3CFFA3D3</Data>
    <Data Name="ParentProcessGuid">{83eb9c06-43c3-65f0-2400-001033486d3f}</Data>
    <Data Name="ParentProcessId">2332</Data>
    <Data Name="ParentImage">C:\Windows\System32\services.exe</Data>
    <Data Name="ParentCommandLine">services.exe</Data>
    <Data Name="ParentUser">NT AUTHORITY\SYSTEM</Data>
    
  </EventData>
</Event>
<Event xmlns="http://schemas.microsoft.com/win/2004/08/events/event">
  <System>
    <Provider Name="Microsoft-Windows-Sysmon" Guid="{5770385f-c22a-43e0-bf4c-06f5698ffbd9}"/>
    <EventID>3</EventID>
    <Version>5</Version>
    <Level>4</Level>
    <Task>3</Task>
    <Opcode>0</Opcode>
    <Keywords>0x8000000000000000</Keywords>
    <TimeCreated SystemTime="2024-03-18T13:54:32.6304024Z"/>
    <EventRecordID>3289281</EventRecordID>
    <Correlation/>
    <Execution ProcessID="2824" ThreadID="1464"/>
    <Channel>Microsoft-Windows-Sysmon/Operational</Channel>
    <Computer>DC-01.meridianhcs.local</Computer>
    <Security UserID="S-1-5-18"/>
  </System>
  <EventData>
    
    <Data Name="RuleName">-</Data>
    <Data Name="UtcTime">2024-03-18 13:54:32.630</Data>
    <Data Name="ProcessGuid">{83eb9c06-43c6-65f0-5700-0010a70e8279}</Data>
    <Data Name="ProcessId">2368</Data>
    <Data Name="Image">C:\Windows\System32\svchost.exe</Data>
    <Data Name="User">NT AUTHORITY\NETWORK SERVICE</Data>
    <Data Name="Protocol">tcp</Data>
    <Data Name="Initiated">true</Data>
    <Data Name="SourceIsIpv6">false</Data>
    <Data Name="SourceIp">10.10.2.10</Data>
    <Data Name="SourceHostname">DC-01.meridianhcs.local</Data>
    <Data Name="SourcePort">61711</Data>
    <Data Name="SourcePortName">-</Data>
    <Data Name="DestinationIsIpv6">false</Data>
    <Data Name="DestinationIp">10.10.3.20</Data>
    <Data Name="DestinationHostname">PROXY-01.meridianhcs.local</Data>
    <Data Name="DestinationPort">8080</Data>
    <Data Name="DestinationPortName">http-alt</Data>
    
  </EventData>
</Event>
<Event xmlns="http://schemas.microsoft.com/win/2004/08/events/event">
  <System>
    <Provider Name="Microsoft-Windows-Sysmon" Guid="{5770385f-c22a-43e0-bf4c-06f5698ffbd9}"/>
    <EventID>13</EventID>
    <Version>2</Version>
    <Level>4</Level>
    <Task>13</Task>
    <Opcode>0</Opcode>
    <Keywords>0x8000000000000000</Keywords>
    <TimeCreated SystemTime="2024-03-18T13:54:33.4890549Z"/>
    <EventRecordID>3289282</EventRecordID>
    <Correlation/>
    <Execution ProcessID="2824" ThreadID="4732"/>
    <Channel>Microsoft-Windows-Sysmon/Operational</Channel>
    <Computer>DC-01.meridianhcs.local</Computer>
    <Security UserID="S-1-5-18"/>
  </System>
  <EventData>
    
    <Data Name="RuleName">-</Data>
    <Data Name="EventType">SetValue</Data>
    <Data Name="UtcTime">2024-03-18 13:54:33.489</Data>
    <Data Name="ProcessGuid">{83eb9c06-43cf-65f0-3100-0010daebcba1}</Data>
    <Data Name="ProcessId">2400</Data>
    <Data Name="Image">C:\Windows\System32\svchost.exe</Data>
    <Data Name="TargetObject">HKLM\SOFTWARE\Microsoft\Windows\CurrentVersion\Component Based Servicing\Packages\Microsoft-Windows-Client-Features~31bf3856ad364e35~amd64~~10.0.20348.2\CurrentState</Data>
    <Data Name="Details">DWORD (0x00000070)</Data>
    <Data Name="User">NT AUTHORITY\SYSTEM</Data>
    
  </EventData>
</Event>
<Event xmlns="http://schemas.microsoft.com/win/2004/08/events/event">
  <System>
    <Provider Name="Microsoft-Windows-Sysmon" Guid="{5770385f-c22a-43e0-bf4c-06f5698ffbd9}"/>
    <EventID>13</EventID>
    <Version>2</Version>
    <Level>4</Level>
    <Task>13</Task>
    <Opcode>0</Opcode>
    <Keywords>0x8000000000000000</Keywords>
    <TimeCreated SystemTime="2024-03-18T13:54:42.7618896Z"/>
    <EventRecordID>3289283</EventRecordID>
    <Correlation/>
    <Execution ProcessID="2824" ThreadID="1464"/>
    <Channel>Microsoft-Windows-Sysmon/Operational</Channel>
    <Computer>DC-01.meridianhcs.local</Computer>
    <Security UserID="S-1-5-18"/>
  </System>
  <EventData>
    
    <Data Name="RuleName">-</Data>
    <Data Name="EventType">SetValue</Data>
    <Data Name="UtcTime">2024-03-18 13:54:42.761</Data>
    <Data Name="ProcessGuid">{83eb9c06-43de-65f0-ca02-00000e2036d6}</Data>
    <Data Name="ProcessId">2460</Data>
    <Data Name="Image">C:\Windows\System32\msiexec.exe</Data>
    <Data Name="TargetObject">HKLM\SOFTWARE\Microsoft\Windows\CurrentVersion\Component Based Servicing\Packages\Package_for_KB5034122~31bf3856ad364e35~amd64~~10.0.20348.17\CurrentState</Data>
    <Data Name="Details">DWORD (0x00000070)</Data>
    <Data Name="User">NT AUTHORITY\SYSTEM</Data>
    
  </EventData>
</Event>
<Event xmlns="http://schemas.microsoft.com/win/2004/08/events/event">
  <System>
    <Provider Name="Microsoft-Windows-Sysmon" Guid="{5770385f-c22a-43e0-bf4c-06f5698ffbd9}"/>
    <EventID>13</EventID>
    <Version>2</Version>
    <Level>4</Level>
    <Task>13</Task>
    <Opcode>0</Opcode>
    <Keywords>0x8000000000000000</Keywords>
    <TimeCreated SystemTime="2024-03-18T13:54:44.3337851Z"/>
    <EventRecordID>3289284</EventRecordID>
    <Correlation/>
    <Execution ProcessID="2824" ThreadID="1464"/>
    <Channel>Microsoft-Windows-Sysmon/Operational</Channel>
    <Computer>DC-01.meridianhcs.local</Computer>
    <Security UserID="S-1-5-18"/>
  </System>
  <EventData>
    
    <Data Name="RuleName">-</Data>
    <Data Name="EventType">SetValue</Data>
    <Data Name="UtcTime">2024-03-18 13:54:44.333</Data>
    <Data Name="ProcessGuid">{83eb9c06-43cf-65f0-3100-0010daebcba1}</Data>
    <Data Name="ProcessId">2400</Data>
    <Data Name="Image">C:\Windows\System32\svchost.exe</Data>
    <Data Name="TargetObject">HKLM\SOFTWARE\Microsoft\Windows\CurrentVersion\Component Based Servicing\Packages\Package_for_RollupFix~31bf3856ad364e35~amd64~~10.0.20348.63\CurrentState</Data>
    <Data Name="Details">DWORD (0x00000070)</Data>
    <Data Name="User">NT AUTHORITY\SYSTEM</Data>
    
  </EventData>
</Event>
