<Event xmlns="http://schemas.microsoft.com/win/2004/08/events/event">
  <System>
    <Provider Name="Microsoft-Windows-Sysmon" Guid="{5770385f-c22a-43e0-bf4c-06f5698ffbd9}"/>
    <EventID>1</EventID>
    <Version>5</Version>
    <Level>4</Level>
    <Task>1</Task>
    <Opcode>0</Opcode>
    <Keywords>0x8000000000000000</Keywords>
    <TimeCreated SystemTime="2024-03-18T16:31:12.7642622Z"/>
    <EventRecordID>122090</EventRecordID>
    <Correlation/>
    <Execution ProcessID="2492" ThreadID="3468"/>
    <Channel>Microsoft-Windows-Sysmon/Operational</Channel>
    <Computer>WS-SMARTINEZ-01.meridianhcs.local</Computer>
    <Security UserID="S-1-5-18"/>
  </System>
  <EventData>
    
    <Data Name="RuleName">-</Data>
    <Data Name="UtcTime">2024-03-18 16:31:12.764</Data>
    <Data Name="ProcessGuid">{f613acc2-6c50-65f8-f000-00005946eab2}</Data>
    <Data Name="ProcessId">7904</Data>
    <Data Name="Image">C:\Windows\System32\wbem\WmiPrvSE.exe</Data>
    <Data Name="FileVersion">10.0.19041.1</Data>
    <Data Name="Description">WMI Provider Host</Data>
    <Data Name="Product">Microsoft Windows Operating System</Data>
    <Data Name="Company">Microsoft Corporation</Data>
    <Data Name="OriginalFileName">WmiPrvSE.exe</Data>
    <Data Name="CommandLine">WmiPrvSE.exe -Embedding</Data>
    <Data Name="CurrentDirectory">C:\Windows\System32\</Data>
    <Data Name="User">NT AUTHORITY\SYSTEM</Data>
    <Data Name="LogonGuid">{00000000-0000-0000-0000-000000000000}</Data>
    <Data Name="LogonId">0x3e7</Data>
    <Data Name="TerminalSessionId">0</Data>
    <Data Name="IntegrityLevel">System</Data>
    <Data Name="Hashes">SHA1=B4BD6C34172F75B7837344487A3C6DA495D113E7,MD5=6A401484EE6D531392D8C9FC99834F28,SHA256=1555993AB3FEF3471E82C00937373D6A9CB82B8F4F0543C5B86D2E46EA1648CA,IMPHASH=8218D8C6FD491D3BFF8555FF24C7E4E4</Data>
    <Data Name="ParentProcessGuid">{f613acc2-c349-65e1-9a00-0010c0009695}</Data>
    <Data Name="ParentProcessId">5964</Data>
    <Data Name="ParentImage">C:\Windows\System32\svchost.exe</Data>
    <Data Name="ParentCommandLine">svchost.exe -k DcomLaunch</Data>
    <Data Name="ParentUser">NT AUTHORITY\SYSTEM</Data>
    
  </EventData>
</Event>
<Event xmlns="http://schemas.microsoft.com/win/2004/08/events/event">
  <System>
    <Provider Name="Microsoft-Windows-Sysmon" Guid="{5770385f-c22a-43e0-bf4c-06f5698ffbd9}"/>
    <EventID>11</EventID>
    <Version>2</Version>
    <Level>4</Level>
    <Task>11</Task>
    <Opcode>0</Opcode>
    <Keywords>0x8000000000000000</Keywords>
    <TimeCreated SystemTime="2024-03-18T16:31:15.8753077Z"/>
    <EventRecordID>122091</EventRecordID>
    <Correlation/>
    <Execution ProcessID="2492" ThreadID="3476"/>
    <Channel>Microsoft-Windows-Sysmon/Operational</Channel>
    <Computer>WS-SMARTINEZ-01.meridianhcs.local</Computer>
    <Security UserID="S-1-5-18"/>
  </System>
  <EventData>
    
    <Data Name="RuleName">-</Data>
    <Data Name="UtcTime">2024-03-18 16:31:15.875</Data>
    <Data Name="ProcessGuid">{f613acc2-c343-65e1-2900-00105cfc64b3}</Data>
    <Data Name="ProcessId">5892</Data>
    <Data Name="Image">C:\Windows\System32\csrss.exe</Data>
    <Data Name="TargetFilename">C:\Windows\Temp\50087.tmp</Data>
    <Data Name="CreationUtcTime">2024-03-18 16:31:15.874</Data>
    <Data Name="User">NT AUTHORITY\SYSTEM</Data>
    
  </EventData>
</Event>
<Event xmlns="http://schemas.microsoft.com/win/2004/08/events/event">
  <System>
    <Provider Name="Microsoft-Windows-Sysmon" Guid="{5770385f-c22a-43e0-bf4c-06f5698ffbd9}"/>
    <EventID>5</EventID>
    <Version>3</Version>
    <Level>4</Level>
    <Task>5</Task>
    <Opcode>0</Opcode>
    <Keywords>0x8000000000000000</Keywords>
    <TimeCreated SystemTime="2024-03-18T16:31:59.2051523Z"/>
    <EventRecordID>122094</EventRecordID>
    <Correlation/>
    <Execution ProcessID="2492" ThreadID="4724"/>
    <Channel>Microsoft-Windows-Sysmon/Operational</Channel>
    <Computer>WS-SMARTINEZ-01.meridianhcs.local</Computer>
    <Security UserID="S-1-5-18"/>
  </System>
  <EventData>
    
    <Data Name="RuleName">-</Data>
    <Data Name="UtcTime">2024-03-18 16:31:59.205</Data>
    <Data Name="ProcessGuid">{f613acc2-5ac6-65f8-6e00-00005f825cf6}</Data>
    <Data Name="ProcessId">7612</Data>
    <Data Name="Image">C:\Program Files (x86)\Cisco\Cisco AnyConnect Secure Mobility Client\vpnui.exe</Data>
    <Data Name="User">MERIDIANHCS\sophia.martinez</Data>
    
  </EventData>
</Event>
<Event xmlns="http://schemas.microsoft.com/win/2004/08/events/event">
  <System>
    <Provider Name="Microsoft-Windows-Sysmon" Guid="{5770385f-c22a-43e0-bf4c-06f5698ffbd9}"/>
    <EventID>7</EventID>
    <Version>3</Version>
    <Level>4</Level>
    <Task>7</Task>
    <Opcode>0</Opcode>
    <Keywords>0x8000000000000000</Keywords>
    <TimeCreated SystemTime="2024-03-18T16:32:06.1542068Z"/>
    <EventRecordID>122096</EventRecordID>
    <Correlation/>
    <Execution ProcessID="2492" ThreadID="3468"/>
    <Channel>Microsoft-Windows-Sysmon/Operational</Channel>
    <Computer>WS-SMARTINEZ-01.meridianhcs.local</Computer>
    <Security UserID="S-1-5-18"/>
  </System>
  <EventData>
    
    <Data Name="RuleName">-</Data>
    <Data Name="UtcTime">2024-03-18 16:32:06.154</Data>
    <Data Name="ProcessGuid">{f613acc2-c367-65e1-c600-00005c9b5f7c}</Data>
    <Data Name="ProcessId">6268</Data>
    <Data Name="Image">C:\Windows\explorer.exe</Data>
    <Data Name="ImageLoaded">C:\Program Files\7-Zip\7-zip.dll</Data>
    <Data Name="FileVersion">23.01.0.0</Data>
    <Data Name="Description">7-Zip Shell Extension</Data>
    <Data Name="Product">7-Zip</Data>
    <Data Name="Company">Igor Pavlov</Data>
    <Data Name="OriginalFileName">7-zip.dll</Data>
    <Data Name="Hashes">SHA1=BF2619160C548067C80B010F0B9F5D224435A4AA,MD5=4FFC4040B68D405900BE629547DF0786,SHA256=A34E512691EB799A505E71B1CD8F01B889912AFB7CCB2D5DEC396F8C366E9BEE,IMPHASH=D6D3685D4A430A287607E444371EB5F5</Data>
    <Data Name="Signed">false</Data>
    <Data Name="Signature">-</Data>
    <Data Name="SignatureStatus">Unavailable</Data>
    <Data Name="User">MERIDIANHCS\sophia.martinez</Data>
    
  </EventData>
</Event>
<Event xmlns="http://schemas.microsoft.com/win/2004/08/events/event">
  <System>
    <Provider Name="Microsoft-Windows-Sysmon" Guid="{5770385f-c22a-43e0-bf4c-06f5698ffbd9}"/>
    <EventID>22</EventID>
    <Version>5</Version>
    <Level>4</Level>
    <Task>22</Task>
    <Opcode>0</Opcode>
    <Keywords>0x8000000000000000</Keywords>
    <TimeCreated SystemTime="2024-03-18T16:32:24.9642741Z"/>
    <EventRecordID>122097</EventRecordID>
    <Correlation/>
    <Execution ProcessID="2492" ThreadID="3468"/>
    <Channel>Microsoft-Windows-Sysmon/Operational</Channel>
    <Computer>WS-SMARTINEZ-01.meridianhcs.local</Computer>
    <Security UserID="S-1-5-18"/>
  </System>
  <EventData>
    
    <Data Name="RuleName">-</Data>
    <Data Name="UtcTime">2024-03-18 16:32:24.964</Data>
    <Data Name="ProcessGuid">{f613acc2-4164-65f8-eb02-0000f7125e88}</Data>
    <Data Name="ProcessId">7296</Data>
    <Data Name="QueryName">ocsp.meridianhcs.local</Data>
    <Data Name="QueryStatus">0</Data>
    <Data Name="QueryResults">10.10.1.10;</Data>
    <Data Name="Image">C:\Program Files\Microsoft Office\root\Office16\OUTLOOK.EXE</Data>
    <Data Name="User">MERIDIANHCS\sophia.martinez</Data>
    
  </EventData>
</Event>
<Event xmlns="http://schemas.microsoft.com/win/2004/08/events/event">
  <System>
    <Provider Name="Microsoft-Windows-Sysmon" Guid="{5770385f-c22a-43e0-bf4c-06f5698ffbd9}"/>
    <EventID>22</EventID>
    <Version>5</Version>
    <Level>4</Level>
    <Task>22</Task>
    <Opcode>0</Opcode>
    <Keywords>0x8000000000000000</Keywords>
    <TimeCreated SystemTime="2024-03-18T16:32:25.2114403Z"/>
    <EventRecordID>122098</EventRecordID>
    <Correlation/>
    <Execution ProcessID="2492" ThreadID="3468"/>
    <Channel>Microsoft-Windows-Sysmon/Operational</Channel>
    <Computer>WS-SMARTINEZ-01.meridianhcs.local</Computer>
    <Security UserID="S-1-5-18"/>
  </System>
  <EventData>
    
    <Data Name="RuleName">-</Data>
    <Data Name="UtcTime">2024-03-18 16:32:25.211</Data>
    <Data Name="ProcessGuid">{f613acc2-4164-65f8-eb02-0000f7125e88}</Data>
    <Data Name="ProcessId">7296</Data>
    <Data Name="QueryName">ocsp.meridianhcs.local</Data>
    <Data Name="QueryStatus">0</Data>
    <Data Name="QueryResults">-</Data>
    <Data Name="Image">C:\Program Files\Microsoft Office\root\Office16\OUTLOOK.EXE</Data>
    <Data Name="User">MERIDIANHCS\sophia.martinez</Data>
    
  </EventData>
</Event>
<Event xmlns="http://schemas.microsoft.com/win/2004/08/events/event">
  <System>
    <Provider Name="Microsoft-Windows-Sysmon" Guid="{5770385f-c22a-43e0-bf4c-06f5698ffbd9}"/>
    <EventID>5</EventID>
    <Version>3</Version>
    <Level>4</Level>
    <Task>5</Task>
    <Opcode>0</Opcode>
    <Keywords>0x8000000000000000</Keywords>
    <TimeCreated SystemTime="2024-03-18T16:33:28.5215673Z"/>
    <EventRecordID>122101</EventRecordID>
    <Correlation/>
    <Execution ProcessID="2492" ThreadID="4724"/>
    <Channel>Microsoft-Windows-Sysmon/Operational</Channel>
    <Computer>WS-SMARTINEZ-01.meridianhcs.local</Computer>
    <Security UserID="S-1-5-18"/>
  </System>
  <EventData>
    
    <Data Name="RuleName">-</Data>
    <Data Name="UtcTime">2024-03-18 16:33:28.521</Data>
    <Data Name="ProcessGuid">{f613acc2-3d64-65f8-b000-0010bb22899b}</Data>
    <Data Name="ProcessId">7156</Data>
    <Data Name="Image">C:\Program Files\Google\Chrome\Application\chrome.exe</Data>
    <Data Name="User">MERIDIANHCS\sophia.martinez</Data>
    
  </EventData>
</Event>
<Event xmlns="http://schemas.microsoft.com/win/2004/08/events/event">
  <System>
    <Provider Name="Microsoft-Windows-Sysmon" Guid="{5770385f-c22a-43e0-bf4c-06f5698ffbd9}"/>
    <EventID>5</EventID>
    <Version>3</Version>
    <Level>4</Level>
    <Task>5</Task>
    <Opcode>0</Opcode>
    <Keywords>0x8000000000000000</Keywords>
    <TimeCreated SystemTime="2024-03-18T16:34:09.7657359Z"/>
    <EventRecordID>122103</EventRecordID>
    <Correlation/>
    <Execution ProcessID="2492" ThreadID="3468"/>
    <Channel>Microsoft-Windows-Sysmon/Operational</Channel>
    <Computer>WS-SMARTINEZ-01.meridianhcs.local</Computer>
    <Security UserID="S-1-5-18"/>
  </System>
  <EventData>
    
    <Data Name="RuleName">-</Data>
    <Data Name="UtcTime">2024-03-18 16:34:09.765</Data>
    <Data Name="ProcessGuid">{f613acc2-6c50-65f8-f000-00005946eab2}</Data>
    <Data Name="ProcessId">7904</Data>
    <Data Name="Image">C:\Windows\System32\wbem\WmiPrvSE.exe</Data>
    <Data Name="User">NT AUTHORITY\SYSTEM</Data>
    
  </EventData>
</Event>
<Event xmlns="http://schemas.microsoft.com/win/2004/08/events/event">
  <System>
    <Provider Name="Microsoft-Windows-Sysmon" Guid="{5770385f-c22a-43e0-bf4c-06f5698ffbd9}"/>
    <EventID>10</EventID>
    <Version>3</Version>
    <Level>4</Level>
    <Task>10</Task>
    <Opcode>0</Opcode>
    <Keywords>0x8000000000000000</Keywords>
    <TimeCreated SystemTime="2024-03-18T16:34:45.7742133Z"/>
    <EventRecordID>122105</EventRecordID>
    <Correlation/>
    <Execution ProcessID="2492" ThreadID="3468"/>
    <Channel>Microsoft-Windows-Sysmon/Operational</Channel>
    <Computer>WS-SMARTINEZ-01.meridianhcs.local</Computer>
    <Security UserID="S-1-5-18"/>
  </System>
  <EventData>
    
    <Data Name="RuleName">-</Data>
    <Data Name="UtcTime">2024-03-18 16:34:45.774</Data>
    <Data Name="SourceProcessGUID">{f613acc2-c35c-65e1-9d02-0010d5bfc00d}</Data>
    <Data Name="SourceProcessId">6148</Data>
    <Data Name="SourceThreadId">21792</Data>
    <Data Name="SourceImage">C:\Windows\System32\dllhost.exe</Data>
    <Data Name="TargetProcessGUID">{f613acc2-c367-65e1-c600-00005c9b5f7c}</Data>
    <Data Name="TargetProcessId">6268</Data>
    <Data Name="TargetImage">C:\Windows\explorer.exe</Data>
    <Data Name="GrantedAccess">0x0400</Data>
    <Data Name="CallTrace">C:\Windows\SYSTEM32\ntdll.dll+9DB3D|C:\Windows\SYSTEM32\RPCRT4.dll+7DC69|C:\Windows\SYSTEM32\KERNELBASE.dll+2D0DB</Data>
    <Data Name="SourceUser">NT AUTHORITY\SYSTEM</Data>
    <Data Name="TargetUser">MERIDIANHCS\sophia.martinez</Data>
    
  </EventData>
</Event>
<Event xmlns="http://schemas.microsoft.com/win/2004/08/events/event">
  <System>
    <Provider Name="Microsoft-Windows-Sysmon" Guid="{5770385f-c22a-43e0-bf4c-06f5698ffbd9}"/>
    <EventID>1</EventID>
    <Version>5</Version>
    <Level>4</Level>
    <Task>1</Task>
    <Opcode>0</Opcode>
    <Keywords>0x8000000000000000</Keywords>
    <TimeCreated SystemTime="2024-03-18T16:36:08.5704302Z"/>
    <EventRecordID>122106</EventRecordID>
    <Correlation/>
    <Execution ProcessID="2492" ThreadID="4724"/>
    <Channel>Microsoft-Windows-Sysmon/Operational</Channel>
    <Computer>WS-SMARTINEZ-01.meridianhcs.local</Computer>
    <Security UserID="S-1-5-18"/>
  </System>
  <EventData>
    
    <Data Name="RuleName">-</Data>
    <Data Name="UtcTime">2024-03-18 16:36:08.570</Data>
    <Data Name="ProcessGuid">{f613acc2-6d78-65f8-6200-00008ec356bf}</Data>
    <Data Name="ProcessId">7844</Data>
    <Data Name="Image">C:\Windows\System32\SearchFilterHost.exe</Data>
    <Data Name="FileVersion">10.0.19041.1</Data>
    <Data Name="Description">Microsoft Windows Search Filter Host</Data>
    <Data Name="Product">Microsoft Windows Operating System</Data>
    <Data Name="Company">Microsoft Corporation</Data>
    <Data Name="OriginalFileName">SearchFilterHost.exe</Data>
    <Data Name="CommandLine">SearchFilterHost.exe 0 812 0 0 0</Data>
    <Data Name="CurrentDirectory">C:\Windows\System32\</Data>
    <Data Name="User">NT AUTHORITY\SYSTEM</Data>
    <Data Name="LogonGuid">{00000000-0000-0000-0000-000000000000}</Data>
    <Data Name="LogonId">0x3e7</Data>
    <Data Name="TerminalSessionId">0</Data>
    <Data Name="IntegrityLevel">System</Data>
    <Data Name="Hashes">SHA1=4D21E4E17144F60488C6828111E477C73B0D3E1A,MD5=E3564052272CB8F86BC5914FE3843671,SHA256=0AFD0D73AC5763EE26DA6059CA6C59F31E1365488D9E2994C8E15D2B76B26F84,IMPHASH=F8C2CC90D910DE9FC4F690882E57ABEC</Data>
    <Data Name="ParentProcessGuid">{f613acc2-c359-65e1-3002-00109e3b46cf}</Data>
    <Data Name="ParentProcessId">6104</Data>
    <Data Name="ParentImage">C:\Windows\System32\SearchIndexer.exe</Data>
    <Data Name="ParentCommandLine">SearchIndexer.exe</Data>
    <Data Name="ParentUser">NT AUTHORITY\SYSTEM</Data>
    
  </EventData>
</Event>
<Event xmlns="http://schemas.microsoft.com/win/2004/08/events/event">
  <System>
    <Provider Name="Microsoft-Windows-Sysmon" Guid="{5770385f-c22a-43e0-bf4c-06f5698ffbd9}"/>
    <EventID>10</EventID>
    <Version>3</Version>
    <Level>4</Level>
    <Task>10</Task>
    <Opcode>0</Opcode>
    <Keywords>0x8000000000000000</Keywords>
    <TimeCreated SystemTime="2024-03-18T16:36:26.5209905Z"/>
    <EventRecordID>122108</EventRecordID>
    <Correlation/>
    <Execution ProcessID="2492" ThreadID="4724"/>
    <Channel>Microsoft-Windows-Sysmon/Operational</Channel>
    <Computer>WS-SMARTINEZ-01.meridianhcs.local</Computer>
    <Security UserID="S-1-5-18"/>
  </System>
  <EventData>
    
    <Data Name="RuleName">-</Data>
    <Data Name="UtcTime">2024-03-18 16:36:26.520</Data>
    <Data Name="SourceProcessGUID">{f613acc2-c35c-65e1-9d02-0010d5bfc00d}</Data>
    <Data Name="SourceProcessId">6148</Data>
    <Data Name="SourceThreadId">21792</Data>
    <Data Name="SourceImage">C:\Windows\System32\dllhost.exe</Data>
    <Data Name="TargetProcessGUID">{f613acc2-c367-65e1-c600-00005c9b5f7c}</Data>
    <Data Name="TargetProcessId">6268</Data>
    <Data Name="TargetImage">C:\Windows\explorer.exe</Data>
    <Data Name="GrantedAccess">0x0400</Data>
    <Data Name="CallTrace">C:\Windows\SYSTEM32\ntdll.dll+9C8E3|C:\Windows\SYSTEM32\KERNELBASE.dll+2E9FD</Data>
    <Data Name="SourceUser">NT AUTHORITY\SYSTEM</Data>
    <Data Name="TargetUser">MERIDIANHCS\sophia.martinez</Data>
    
  </EventData>
</Event>
<Event xmlns="http://schemas.microsoft.com/win/2004/08/events/event">
  <System>
    <Provider Name="Microsoft-Windows-Sysmon" Guid="{5770385f-c22a-43e0-bf4c-06f5698ffbd9}"/>
    <EventID>22</EventID>
    <Version>5</Version>
    <Level>4</Level>
    <Task>22</Task>
    <Opcode>0</Opcode>
    <Keywords>0x8000000000000000</Keywords>
    <TimeCreated SystemTime="2024-03-18T16:37:59.2598853Z"/>
    <EventRecordID>122113</EventRecordID>
    <Correlation/>
    <Execution ProcessID="2492" ThreadID="4724"/>
    <Channel>Microsoft-Windows-Sysmon/Operational</Channel>
    <Computer>WS-SMARTINEZ-01.meridianhcs.local</Computer>
    <Security UserID="S-1-5-18"/>
  </System>
  <EventData>
    
    <Data Name="RuleName">-</Data>
    <Data Name="UtcTime">2024-03-18 16:37:59.259</Data>
    <Data Name="ProcessGuid">{f613acc2-c34e-65e1-8b00-0000eb2d9206}</Data>
    <Data Name="ProcessId">5988</Data>
    <Data Name="QueryName">DC-01.meridianhcs.local</Data>
    <Data Name="QueryStatus">0</Data>
    <Data Name="QueryResults">10.10.2.10;</Data>
    <Data Name="Image">C:\Windows\System32\svchost.exe</Data>
    <Data Name="User">NT AUTHORITY\LOCAL SERVICE</Data>
    
  </EventData>
</Event>
<Event xmlns="http://schemas.microsoft.com/win/2004/08/events/event">
  <System>
    <Provider Name="Microsoft-Windows-Sysmon" Guid="{5770385f-c22a-43e0-bf4c-06f5698ffbd9}"/>
    <EventID>3</EventID>
    <Version>5</Version>
    <Level>4</Level>
    <Task>3</Task>
    <Opcode>0</Opcode>
    <Keywords>0x8000000000000000</Keywords>
    <TimeCreated SystemTime="2024-03-18T16:38:26.5413196Z"/>
    <EventRecordID>122114</EventRecordID>
    <Correlation/>
    <Execution ProcessID="2492" ThreadID="3476"/>
    <Channel>Microsoft-Windows-Sysmon/Operational</Channel>
    <Computer>WS-SMARTINEZ-01.meridianhcs.local</Computer>
    <Security UserID="S-1-5-18"/>
  </System>
  <EventData>
    
    <Data Name="RuleName">-</Data>
    <Data Name="UtcTime">2024-03-18 16:38:26.541</Data>
    <Data Name="ProcessGuid">{f613acc2-c348-65e1-2800-00007f48eab2}</Data>
    <Data Name="ProcessId">5928</Data>
    <Data Name="Image">C:\Windows\System32\lsass.exe</Data>
    <Data Name="User">NT AUTHORITY\SYSTEM</Data>
    <Data Name="Protocol">udp</Data>
    <Data Name="Initiated">true</Data>
    <Data Name="SourceIsIpv6">false</Data>
    <Data Name="SourceIp">10.10.1.36</Data>
    <Data Name="SourceHostname">WS-SMARTINEZ-01.meridianhcs.local</Data>
    <Data Name="SourcePort">61633</Data>
    <Data Name="SourcePortName">-</Data>
    <Data Name="DestinationIsIpv6">false</Data>
    <Data Name="DestinationIp">10.10.2.10</Data>
    <Data Name="DestinationHostname">DC-01.meridianhcs.local</Data>
    <Data Name="DestinationPort">88</Data>
    <Data Name="DestinationPortName">kerberos</Data>
    
  </EventData>
</Event>
<Event xmlns="http://schemas.microsoft.com/win/2004/08/events/event">
  <System>
    <Provider Name="Microsoft-Windows-Sysmon" Guid="{5770385f-c22a-43e0-bf4c-06f5698ffbd9}"/>
    <EventID>1</EventID>
    <Version>5</Version>
    <Level>4</Level>
    <Task>1</Task>
    <Opcode>0</Opcode>
    <Keywords>0x8000000000000000</Keywords>
    <TimeCreated SystemTime="2024-03-18T16:40:20.0397767Z"/>
    <EventRecordID>122122</EventRecordID>
    <Correlation/>
    <Execution ProcessID="2492" ThreadID="3476"/>
    <Channel>Microsoft-Windows-Sysmon/Operational</Channel>
    <Computer>WS-SMARTINEZ-01.meridianhcs.local</Computer>
    <Security UserID="S-1-5-18"/>
  </System>
  <EventData>
    
    <Data Name="RuleName">-</Data>
    <Data Name="UtcTime">2024-03-18 16:40:20.039</Data>
    <Data Name="ProcessGuid">{f613acc2-6e74-65f8-c602-000086ccfc80}</Data>
    <Data Name="ProcessId">7900</Data>
    <Data Name="Image">C:\Windows\System32\dllhost.exe</Data>
    <Data Name="FileVersion">10.0.19041.1</Data>
    <Data Name="Description">COM Surrogate</Data>
    <Data Name="Product">Microsoft Windows Operating System</Data>
    <Data Name="Company">Microsoft Corporation</Data>
    <Data Name="OriginalFileName">dllhost.exe</Data>
    <Data Name="CommandLine">dllhost.exe /Processid:{73E709EA-5D93-4B2E-BBB0-99B7938DA9E4}</Data>
    <Data Name="CurrentDirectory">C:\Windows\System32\</Data>
    <Data Name="User">NT AUTHORITY\SYSTEM</Data>
    <Data Name="LogonGuid">{00000000-0000-0000-0000-000000000000}</Data>
    <Data Name="LogonId">0x3e7</Data>
    <Data Name="TerminalSessionId">0</Data>
    <Data Name="IntegrityLevel">System</Data>
    <Data Name="Hashes">SHA1=AD104EEC4F303D969081C9ABDA900DAE91EB87D9,MD5=865951347F5F2215717DC89A9D7AD3D0,SHA256=D46BFCA360EAFC3F9B839DF1E1F999DC3D3B57F0040132C3F399E343418FF0BE,IMPHASH=12C829717217DD70F7E29D8DBE3A0E36</Data>
    <Data Name="ParentProcessGuid">{f613acc2-c349-65e1-9a00-0010c0009695}</Data>
    <Data Name="ParentProcessId">5964</Data>
    <Data Name="ParentImage">C:\Windows\System32\svchost.exe</Data>
    <Data Name="ParentCommandLine">svchost.exe -k DcomLaunch</Data>
    <Data Name="ParentUser">NT AUTHORITY\SYSTEM</Data>
    
  </EventData>
</Event>
<Event xmlns="http://schemas.microsoft.com/win/2004/08/events/event">
  <System>
    <Provider Name="Microsoft-Windows-Sysmon" Guid="{5770385f-c22a-43e0-bf4c-06f5698ffbd9}"/>
    <EventID>5</EventID>
    <Version>3</Version>
    <Level>4</Level>
    <Task>5</Task>
    <Opcode>0</Opcode>
    <Keywords>0x8000000000000000</Keywords>
    <TimeCreated SystemTime="2024-03-18T16:41:48.9621494Z"/>
    <EventRecordID>122127</EventRecordID>
    <Correlation/>
    <Execution ProcessID="2492" ThreadID="3468"/>
    <Channel>Microsoft-Windows-Sysmon/Operational</Channel>
    <Computer>WS-SMARTINEZ-01.meridianhcs.local</Computer>
    <Security UserID="S-1-5-18"/>
  </System>
  <EventData>
    
    <Data Name="RuleName">-</Data>
    <Data Name="UtcTime">2024-03-18 16:41:48.962</Data>
    <Data Name="ProcessGuid">{f613acc2-6e74-65f8-c602-000086ccfc80}</Data>
    <Data Name="ProcessId">7900</Data>
    <Data Name="Image">C:\Windows\System32\dllhost.exe</Data>
    <Data Name="User">NT AUTHORITY\SYSTEM</Data>
    
  </EventData>
</Event>
<Event xmlns="http://schemas.microsoft.com/win/2004/08/events/event">
  <System>
    <Provider Name="Microsoft-Windows-Sysmon" Guid="{5770385f-c22a-43e0-bf4c-06f5698ffbd9}"/>
    <EventID>3</EventID>
    <Version>5</Version>
    <Level>4</Level>
    <Task>3</Task>
    <Opcode>0</Opcode>
    <Keywords>0x8000000000000000</Keywords>
    <TimeCreated SystemTime="2024-03-18T16:42:28.3589369Z"/>
    <EventRecordID>122131</EventRecordID>
    <Correlation/>
    <Execution ProcessID="2492" ThreadID="3476"/>
    <Channel>Microsoft-Windows-Sysmon/Operational</Channel>
    <Computer>WS-SMARTINEZ-01.meridianhcs.local</Computer>
    <Security UserID="S-1-5-18"/>
  </System>
  <EventData>
    
    <Data Name="RuleName">-</Data>
    <Data Name="UtcTime">2024-03-18 16:42:28.358</Data>
    <Data Name="ProcessGuid">{f613acc2-45c1-65f8-af02-0000eef27b05}</Data>
    <Data Name="ProcessId">7288</Data>
    <Data Name="Image">C:\Program Files\Google\Chrome\Application\chrome.exe</Data>
    <Data Name="User">MERIDIANHCS\sophia.martinez</Data>
    <Data Name="Protocol">tcp</Data>
    <Data Name="Initiated">true</Data>
    <Data Name="SourceIsIpv6">false</Data>
    <Data Name="SourceIp">10.10.1.36</Data>
    <Data Name="SourceHostname">WS-SMARTINEZ-01.meridianhcs.local</Data>
    <Data Name="SourcePort">54666</Data>
    <Data Name="SourcePortName">-</Data>
    <Data Name="DestinationIsIpv6">false</Data>
    <Data Name="DestinationIp">10.10.3.20</Data>
    <Data Name="DestinationHostname">PROXY-01.meridianhcs.local</Data>
    <Data Name="DestinationPort">8080</Data>
    <Data Name="DestinationPortName">http-alt</Data>
    
  </EventData>
</Event>
<Event xmlns="http://schemas.microsoft.com/win/2004/08/events/event">
  <System>
    <Provider Name="Microsoft-Windows-Sysmon" Guid="{5770385f-c22a-43e0-bf4c-06f5698ffbd9}"/>
    <EventID>7</EventID>
    <Version>3</Version>
    <Level>4</Level>
    <Task>7</Task>
    <Opcode>0</Opcode>
    <Keywords>0x8000000000000000</Keywords>
    <TimeCreated SystemTime="2024-03-18T16:43:29.3499680Z"/>
    <EventRecordID>122136</EventRecordID>
    <Correlation/>
    <Execution ProcessID="2492" ThreadID="3468"/>
    <Channel>Microsoft-Windows-Sysmon/Operational</Channel>
    <Computer>WS-SMARTINEZ-01.meridianhcs.local</Computer>
    <Security UserID="S-1-5-18"/>
  </System>
  <EventData>
    
    <Data Name="RuleName">-</Data>
    <Data Name="UtcTime">2024-03-18 16:43:29.349</Data>
    <Data Name="ProcessGuid">{f613acc2-4161-65f8-6d00-0000bd97ecbd}</Data>
    <Data Name="ProcessId">7136</Data>
    <Data Name="Image">C:\Windows\explorer.exe</Data>
    <Data Name="ImageLoaded">C:\Program Files\Microsoft OneDrive\FileSyncShell64.dll</Data>
    <Data Name="FileVersion">24.020.0128.0003</Data>
    <Data Name="Description">Microsoft OneDrive Shell Extension</Data>
    <Data Name="Product">Microsoft OneDrive</Data>
    <Data Name="Company">Microsoft Corporation</Data>
    <Data Name="OriginalFileName">FileSyncShell64.dll</Data>
    <Data Name="Hashes">SHA1=8A8D2F92840400B12DF5B23067B3645614A6154C,MD5=6494F9E418717F254D9C51C1D6AB7776,SHA256=89CE72127ACEC3868EE255920B456C571E65F3478525757E8E9C7D9B594A2CAC,IMPHASH=B6F0CB2FEAC0D06F10AEF2E6082E5925</Data>
    <Data Name="Signed">true</Data>
    <Data Name="Signature">Microsoft Corporation</Data>
    <Data Name="SignatureStatus">Valid</Data>
    <Data Name="User">MERIDIANHCS\sophia.martinez</Data>
    
  </EventData>
</Event>
<Event xmlns="http://schemas.microsoft.com/win/2004/08/events/event">
  <System>
    <Provider Name="Microsoft-Windows-Sysmon" Guid="{5770385f-c22a-43e0-bf4c-06f5698ffbd9}"/>
    <EventID>3</EventID>
    <Version>5</Version>
    <Level>4</Level>
    <Task>3</Task>
    <Opcode>0</Opcode>
    <Keywords>0x8000000000000000</Keywords>
    <TimeCreated SystemTime="2024-03-18T16:44:36.0563749Z"/>
    <EventRecordID>122139</EventRecordID>
    <Correlation/>
    <Execution ProcessID="2492" ThreadID="4724"/>
    <Channel>Microsoft-Windows-Sysmon/Operational</Channel>
    <Computer>WS-SMARTINEZ-01.meridianhcs.local</Computer>
    <Security UserID="S-1-5-18"/>
  </System>
  <EventData>
    
    <Data Name="RuleName">-</Data>
    <Data Name="UtcTime">2024-03-18 16:44:36.056</Data>
    <Data Name="ProcessGuid">{f613acc2-45c1-65f8-af02-0000eef27b05}</Data>
    <Data Name="ProcessId">7288</Data>
    <Data Name="Image">C:\Program Files\Google\Chrome\Application\chrome.exe</Data>
    <Data Name="User">MERIDIANHCS\sophia.martinez</Data>
    <Data Name="Protocol">tcp</Data>
    <Data Name="Initiated">true</Data>
    <Data Name="SourceIsIpv6">false</Data>
    <Data Name="SourceIp">10.10.1.36</Data>
    <Data Name="SourceHostname">WS-SMARTINEZ-01.meridianhcs.local</Data>
    <Data Name="SourcePort">53446</Data>
    <Data Name="SourcePortName">-</Data>
    <Data Name="DestinationIsIpv6">false</Data>
    <Data Name="DestinationIp">10.10.3.20</Data>
    <Data Name="DestinationHostname">PROXY-01.meridianhcs.local</Data>
    <Data Name="DestinationPort">8080</Data>
    <Data Name="DestinationPortName">http-alt</Data>
    
  </EventData>
</Event>
<Event xmlns="http://schemas.microsoft.com/win/2004/08/events/event">
  <System>
    <Provider Name="Microsoft-Windows-Sysmon" Guid="{5770385f-c22a-43e0-bf4c-06f5698ffbd9}"/>
    <EventID>3</EventID>
    <Version>5</Version>
    <Level>4</Level>
    <Task>3</Task>
    <Opcode>0</Opcode>
    <Keywords>0x8000000000000000</Keywords>
    <TimeCreated SystemTime="2024-03-18T16:44:37.8516252Z"/>
    <EventRecordID>122140</EventRecordID>
    <Correlation/>
    <Execution ProcessID="2492" ThreadID="4724"/>
    <Channel>Microsoft-Windows-Sysmon/Operational</Channel>
    <Computer>WS-SMARTINEZ-01.meridianhcs.local</Computer>
    <Security UserID="S-1-5-18"/>
  </System>
  <EventData>
    
    <Data Name="RuleName">-</Data>
    <Data Name="UtcTime">2024-03-18 16:44:37.851</Data>
    <Data Name="ProcessGuid">{f613acc2-45c1-65f8-af02-0000eef27b05}</Data>
    <Data Name="ProcessId">7288</Data>
    <Data Name="Image">C:\Program Files\Google\Chrome\Application\chrome.exe</Data>
    <Data Name="User">MERIDIANHCS\sophia.martinez</Data>
    <Data Name="Protocol">tcp</Data>
    <Data Name="Initiated">true</Data>
    <Data Name="SourceIsIpv6">false</Data>
    <Data Name="SourceIp">10.10.1.36</Data>
    <Data Name="SourceHostname">WS-SMARTINEZ-01.meridianhcs.local</Data>
    <Data Name="SourcePort">59145</Data>
    <Data Name="SourcePortName">-</Data>
    <Data Name="DestinationIsIpv6">false</Data>
    <Data Name="DestinationIp">10.10.3.20</Data>
    <Data Name="DestinationHostname">PROXY-01.meridianhcs.local</Data>
    <Data Name="DestinationPort">8080</Data>
    <Data Name="DestinationPortName">http-alt</Data>
    
  </EventData>
</Event>
<Event xmlns="http://schemas.microsoft.com/win/2004/08/events/event">
  <System>
    <Provider Name="Microsoft-Windows-Sysmon" Guid="{5770385f-c22a-43e0-bf4c-06f5698ffbd9}"/>
    <EventID>22</EventID>
    <Version>5</Version>
    <Level>4</Level>
    <Task>22</Task>
    <Opcode>0</Opcode>
    <Keywords>0x8000000000000000</Keywords>
    <TimeCreated SystemTime="2024-03-18T16:45:12.2860402Z"/>
    <EventRecordID>122143</EventRecordID>
    <Correlation/>
    <Execution ProcessID="2492" ThreadID="4724"/>
    <Channel>Microsoft-Windows-Sysmon/Operational</Channel>
    <Computer>WS-SMARTINEZ-01.meridianhcs.local</Computer>
    <Security UserID="S-1-5-18"/>
  </System>
  <EventData>
    
    <Data Name="RuleName">-</Data>
    <Data Name="UtcTime">2024-03-18 16:45:12.286</Data>
    <Data Name="ProcessGuid">{f613acc2-c348-65e1-2800-00007f48eab2}</Data>
    <Data Name="ProcessId">5928</Data>
    <Data Name="QueryName">DC-01.meridianhcs.local</Data>
    <Data Name="QueryStatus">0</Data>
    <Data Name="QueryResults">-</Data>
    <Data Name="Image">C:\Windows\System32\lsass.exe</Data>
    <Data Name="User">NT AUTHORITY\SYSTEM</Data>
    
  </EventData>
</Event>
<Event xmlns="http://schemas.microsoft.com/win/2004/08/events/event">
  <System>
    <Provider Name="Microsoft-Windows-Sysmon" Guid="{5770385f-c22a-43e0-bf4c-06f5698ffbd9}"/>
    <EventID>3</EventID>
    <Version>5</Version>
    <Level>4</Level>
    <Task>3</Task>
    <Opcode>0</Opcode>
    <Keywords>0x8000000000000000</Keywords>
    <TimeCreated SystemTime="2024-03-18T16:45:12.3951350Z"/>
    <EventRecordID>122144</EventRecordID>
    <Correlation/>
    <Execution ProcessID="2492" ThreadID="4724"/>
    <Channel>Microsoft-Windows-Sysmon/Operational</Channel>
    <Computer>WS-SMARTINEZ-01.meridianhcs.local</Computer>
    <Security UserID="S-1-5-18"/>
  </System>
  <EventData>
    
    <Data Name="RuleName">-</Data>
    <Data Name="UtcTime">2024-03-18 16:45:12.395</Data>
    <Data Name="ProcessGuid">{f613acc2-c34e-65e1-8b00-0000eb2d9206}</Data>
    <Data Name="ProcessId">5988</Data>
    <Data Name="Image">C:\Windows\System32\svchost.exe</Data>
    <Data Name="User">NT AUTHORITY\LOCAL SERVICE</Data>
    <Data Name="Protocol">udp</Data>
    <Data Name="Initiated">true</Data>
    <Data Name="SourceIsIpv6">false</Data>
    <Data Name="SourceIp">10.10.1.36</Data>
    <Data Name="SourceHostname">WS-SMARTINEZ-01.meridianhcs.local</Data>
    <Data Name="SourcePort">63461</Data>
    <Data Name="SourcePortName">-</Data>
    <Data Name="DestinationIsIpv6">false</Data>
    <Data Name="DestinationIp">10.10.2.10</Data>
    <Data Name="DestinationHostname">DC-01.meridianhcs.local</Data>
    <Data Name="DestinationPort">53</Data>
    <Data Name="DestinationPortName">domain</Data>
    
  </EventData>
</Event>
<Event xmlns="http://schemas.microsoft.com/win/2004/08/events/event">
  <System>
    <Provider Name="Microsoft-Windows-Sysmon" Guid="{5770385f-c22a-43e0-bf4c-06f5698ffbd9}"/>
    <EventID>22</EventID>
    <Version>5</Version>
    <Level>4</Level>
    <Task>22</Task>
    <Opcode>0</Opcode>
    <Keywords>0x8000000000000000</Keywords>
    <TimeCreated SystemTime="2024-03-18T16:45:43.4505749Z"/>
    <EventRecordID>122147</EventRecordID>
    <Correlation/>
    <Execution ProcessID="2492" ThreadID="4724"/>
    <Channel>Microsoft-Windows-Sysmon/Operational</Channel>
    <Computer>WS-SMARTINEZ-01.meridianhcs.local</Computer>
    <Security UserID="S-1-5-18"/>
  </System>
  <EventData>
    
    <Data Name="RuleName">-</Data>
    <Data Name="UtcTime">2024-03-18 16:45:43.450</Data>
    <Data Name="ProcessGuid">{f613acc2-3c05-65f8-4c02-00006facea66}</Data>
    <Data Name="ProcessId">7328</Data>
    <Data Name="QueryName">FILE-SRV-01.meridianhcs.local</Data>
    <Data Name="QueryStatus">0</Data>
    <Data Name="QueryResults">10.10.2.20;</Data>
    <Data Name="Image">C:\Windows\explorer.exe</Data>
    <Data Name="User">MERIDIANHCS\sophia.martinez</Data>
    
  </EventData>
</Event>
<Event xmlns="http://schemas.microsoft.com/win/2004/08/events/event">
  <System>
    <Provider Name="Microsoft-Windows-Sysmon" Guid="{5770385f-c22a-43e0-bf4c-06f5698ffbd9}"/>
    <EventID>3</EventID>
    <Version>5</Version>
    <Level>4</Level>
    <Task>3</Task>
    <Opcode>0</Opcode>
    <Keywords>0x8000000000000000</Keywords>
    <TimeCreated SystemTime="2024-03-18T16:45:55.8416060Z"/>
    <EventRecordID>122148</EventRecordID>
    <Correlation/>
    <Execution ProcessID="2492" ThreadID="3476"/>
    <Channel>Microsoft-Windows-Sysmon/Operational</Channel>
    <Computer>WS-SMARTINEZ-01.meridianhcs.local</Computer>
    <Security UserID="S-1-5-18"/>
  </System>
  <EventData>
    
    <Data Name="RuleName">-</Data>
    <Data Name="UtcTime">2024-03-18 16:45:55.841</Data>
    <Data Name="ProcessGuid">{f613acc2-45c1-65f8-af02-0000eef27b05}</Data>
    <Data Name="ProcessId">7288</Data>
    <Data Name="Image">C:\Program Files\Google\Chrome\Application\chrome.exe</Data>
    <Data Name="User">MERIDIANHCS\sophia.martinez</Data>
    <Data Name="Protocol">tcp</Data>
    <Data Name="Initiated">true</Data>
    <Data Name="SourceIsIpv6">false</Data>
    <Data Name="SourceIp">10.10.1.36</Data>
    <Data Name="SourceHostname">WS-SMARTINEZ-01.meridianhcs.local</Data>
    <Data Name="SourcePort">59040</Data>
    <Data Name="SourcePortName">-</Data>
    <Data Name="DestinationIsIpv6">false</Data>
    <Data Name="DestinationIp">10.10.3.20</Data>
    <Data Name="DestinationHostname">PROXY-01.meridianhcs.local</Data>
    <Data Name="DestinationPort">8080</Data>
    <Data Name="DestinationPortName">http-alt</Data>
    
  </EventData>
</Event>
<Event xmlns="http://schemas.microsoft.com/win/2004/08/events/event">
  <System>
    <Provider Name="Microsoft-Windows-Sysmon" Guid="{5770385f-c22a-43e0-bf4c-06f5698ffbd9}"/>
    <EventID>3</EventID>
    <Version>5</Version>
    <Level>4</Level>
    <Task>3</Task>
    <Opcode>0</Opcode>
    <Keywords>0x8000000000000000</Keywords>
    <TimeCreated SystemTime="2024-03-18T16:45:56.4048008Z"/>
    <EventRecordID>122149</EventRecordID>
    <Correlation/>
    <Execution ProcessID="2492" ThreadID="4724"/>
    <Channel>Microsoft-Windows-Sysmon/Operational</Channel>
    <Computer>WS-SMARTINEZ-01.meridianhcs.local</Computer>
    <Security UserID="S-1-5-18"/>
  </System>
  <EventData>
    
    <Data Name="RuleName">-</Data>
    <Data Name="UtcTime">2024-03-18 16:45:56.404</Data>
    <Data Name="ProcessGuid">{f613acc2-45c1-65f8-af02-0000eef27b05}</Data>
    <Data Name="ProcessId">7288</Data>
    <Data Name="Image">C:\Program Files\Google\Chrome\Application\chrome.exe</Data>
    <Data Name="User">MERIDIANHCS\sophia.martinez</Data>
    <Data Name="Protocol">tcp</Data>
    <Data Name="Initiated">true</Data>
    <Data Name="SourceIsIpv6">false</Data>
    <Data Name="SourceIp">10.10.1.36</Data>
    <Data Name="SourceHostname">WS-SMARTINEZ-01.meridianhcs.local</Data>
    <Data Name="SourcePort">57412</Data>
    <Data Name="SourcePortName">-</Data>
    <Data Name="DestinationIsIpv6">false</Data>
    <Data Name="DestinationIp">10.10.3.20</Data>
    <Data Name="DestinationHostname">PROXY-01.meridianhcs.local</Data>
    <Data Name="DestinationPort">8080</Data>
    <Data Name="DestinationPortName">http-alt</Data>
    
  </EventData>
</Event>
<Event xmlns="http://schemas.microsoft.com/win/2004/08/events/event">
  <System>
    <Provider Name="Microsoft-Windows-Sysmon" Guid="{5770385f-c22a-43e0-bf4c-06f5698ffbd9}"/>
    <EventID>3</EventID>
    <Version>5</Version>
    <Level>4</Level>
    <Task>3</Task>
    <Opcode>0</Opcode>
    <Keywords>0x8000000000000000</Keywords>
    <TimeCreated SystemTime="2024-03-18T16:45:58.9336976Z"/>
    <EventRecordID>122150</EventRecordID>
    <Correlation/>
    <Execution ProcessID="2492" ThreadID="3476"/>
    <Channel>Microsoft-Windows-Sysmon/Operational</Channel>
    <Computer>WS-SMARTINEZ-01.meridianhcs.local</Computer>
    <Security UserID="S-1-5-18"/>
  </System>
  <EventData>
    
    <Data Name="RuleName">-</Data>
    <Data Name="UtcTime">2024-03-18 16:45:58.933</Data>
    <Data Name="ProcessGuid">{f613acc2-45c1-65f8-af02-0000eef27b05}</Data>
    <Data Name="ProcessId">7288</Data>
    <Data Name="Image">C:\Program Files\Google\Chrome\Application\chrome.exe</Data>
    <Data Name="User">MERIDIANHCS\sophia.martinez</Data>
    <Data Name="Protocol">tcp</Data>
    <Data Name="Initiated">true</Data>
    <Data Name="SourceIsIpv6">false</Data>
    <Data Name="SourceIp">10.10.1.36</Data>
    <Data Name="SourceHostname">WS-SMARTINEZ-01.meridianhcs.local</Data>
    <Data Name="SourcePort">57879</Data>
    <Data Name="SourcePortName">-</Data>
    <Data Name="DestinationIsIpv6">false</Data>
    <Data Name="DestinationIp">10.10.3.20</Data>
    <Data Name="DestinationHostname">PROXY-01.meridianhcs.local</Data>
    <Data Name="DestinationPort">8080</Data>
    <Data Name="DestinationPortName">http-alt</Data>
    
  </EventData>
</Event>
<Event xmlns="http://schemas.microsoft.com/win/2004/08/events/event">
  <System>
    <Provider Name="Microsoft-Windows-Sysmon" Guid="{5770385f-c22a-43e0-bf4c-06f5698ffbd9}"/>
    <EventID>3</EventID>
    <Version>5</Version>
    <Level>4</Level>
    <Task>3</Task>
    <Opcode>0</Opcode>
    <Keywords>0x8000000000000000</Keywords>
    <TimeCreated SystemTime="2024-03-18T16:45:59.2625809Z"/>
    <EventRecordID>122151</EventRecordID>
    <Correlation/>
    <Execution ProcessID="2492" ThreadID="3476"/>
    <Channel>Microsoft-Windows-Sysmon/Operational</Channel>
    <Computer>WS-SMARTINEZ-01.meridianhcs.local</Computer>
    <Security UserID="S-1-5-18"/>
  </System>
  <EventData>
    
    <Data Name="RuleName">-</Data>
    <Data Name="UtcTime">2024-03-18 16:45:59.262</Data>
    <Data Name="ProcessGuid">{f613acc2-45c1-65f8-af02-0000eef27b05}</Data>
    <Data Name="ProcessId">7288</Data>
    <Data Name="Image">C:\Program Files\Google\Chrome\Application\chrome.exe</Data>
    <Data Name="User">MERIDIANHCS\sophia.martinez</Data>
    <Data Name="Protocol">tcp</Data>
    <Data Name="Initiated">true</Data>
    <Data Name="SourceIsIpv6">false</Data>
    <Data Name="SourceIp">10.10.1.36</Data>
    <Data Name="SourceHostname">WS-SMARTINEZ-01.meridianhcs.local</Data>
    <Data Name="SourcePort">50687</Data>
    <Data Name="SourcePortName">-</Data>
    <Data Name="DestinationIsIpv6">false</Data>
    <Data Name="DestinationIp">10.10.3.20</Data>
    <Data Name="DestinationHostname">PROXY-01.meridianhcs.local</Data>
    <Data Name="DestinationPort">8080</Data>
    <Data Name="DestinationPortName">http-alt</Data>
    
  </EventData>
</Event>
<Event xmlns="http://schemas.microsoft.com/win/2004/08/events/event">
  <System>
    <Provider Name="Microsoft-Windows-Sysmon" Guid="{5770385f-c22a-43e0-bf4c-06f5698ffbd9}"/>
    <EventID>3</EventID>
    <Version>5</Version>
    <Level>4</Level>
    <Task>3</Task>
    <Opcode>0</Opcode>
    <Keywords>0x8000000000000000</Keywords>
    <TimeCreated SystemTime="2024-03-18T16:45:59.5554967Z"/>
    <EventRecordID>122152</EventRecordID>
    <Correlation/>
    <Execution ProcessID="2492" ThreadID="4724"/>
    <Channel>Microsoft-Windows-Sysmon/Operational</Channel>
    <Computer>WS-SMARTINEZ-01.meridianhcs.local</Computer>
    <Security UserID="S-1-5-18"/>
  </System>
  <EventData>
    
    <Data Name="RuleName">-</Data>
    <Data Name="UtcTime">2024-03-18 16:45:59.555</Data>
    <Data Name="ProcessGuid">{f613acc2-45c1-65f8-af02-0000eef27b05}</Data>
    <Data Name="ProcessId">7288</Data>
    <Data Name="Image">C:\Program Files\Google\Chrome\Application\chrome.exe</Data>
    <Data Name="User">MERIDIANHCS\sophia.martinez</Data>
    <Data Name="Protocol">tcp</Data>
    <Data Name="Initiated">true</Data>
    <Data Name="SourceIsIpv6">false</Data>
    <Data Name="SourceIp">10.10.1.36</Data>
    <Data Name="SourceHostname">WS-SMARTINEZ-01.meridianhcs.local</Data>
    <Data Name="SourcePort">51855</Data>
    <Data Name="SourcePortName">-</Data>
    <Data Name="DestinationIsIpv6">false</Data>
    <Data Name="DestinationIp">10.10.3.20</Data>
    <Data Name="DestinationHostname">PROXY-01.meridianhcs.local</Data>
    <Data Name="DestinationPort">8080</Data>
    <Data Name="DestinationPortName">http-alt</Data>
    
  </EventData>
</Event>
<Event xmlns="http://schemas.microsoft.com/win/2004/08/events/event">
  <System>
    <Provider Name="Microsoft-Windows-Sysmon" Guid="{5770385f-c22a-43e0-bf4c-06f5698ffbd9}"/>
    <EventID>22</EventID>
    <Version>5</Version>
    <Level>4</Level>
    <Task>22</Task>
    <Opcode>0</Opcode>
    <Keywords>0x8000000000000000</Keywords>
    <TimeCreated SystemTime="2024-03-18T16:46:01.2080299Z"/>
    <EventRecordID>122153</EventRecordID>
    <Correlation/>
    <Execution ProcessID="2492" ThreadID="4724"/>
    <Channel>Microsoft-Windows-Sysmon/Operational</Channel>
    <Computer>WS-SMARTINEZ-01.meridianhcs.local</Computer>
    <Security UserID="S-1-5-18"/>
  </System>
  <EventData>
    
    <Data Name="RuleName">-</Data>
    <Data Name="UtcTime">2024-03-18 16:46:01.208</Data>
    <Data Name="ProcessGuid">{f613acc2-c348-65e1-2800-00007f48eab2}</Data>
    <Data Name="ProcessId">5928</Data>
    <Data Name="QueryName">_kerberos._tcp.dc._msdcs.meridianhcs.local</Data>
    <Data Name="QueryStatus">0</Data>
    <Data Name="QueryResults">0 100 88 DC-01.meridianhcs.local;</Data>
    <Data Name="Image">C:\Windows\System32\lsass.exe</Data>
    <Data Name="User">NT AUTHORITY\SYSTEM</Data>
    
  </EventData>
</Event>
<Event xmlns="http://schemas.microsoft.com/win/2004/08/events/event">
  <System>
    <Provider Name="Microsoft-Windows-Sysmon" Guid="{5770385f-c22a-43e0-bf4c-06f5698ffbd9}"/>
    <EventID>22</EventID>
    <Version>5</Version>
    <Level>4</Level>
    <Task>22</Task>
    <Opcode>0</Opcode>
    <Keywords>0x8000000000000000</Keywords>
    <TimeCreated SystemTime="2024-03-18T16:49:32.0681821Z"/>
    <EventRecordID>122166</EventRecordID>
    <Correlation/>
    <Execution ProcessID="2492" ThreadID="3476"/>
    <Channel>Microsoft-Windows-Sysmon/Operational</Channel>
    <Computer>WS-SMARTINEZ-01.meridianhcs.local</Computer>
    <Security UserID="S-1-5-18"/>
  </System>
  <EventData>
    
    <Data Name="RuleName">-</Data>
    <Data Name="UtcTime">2024-03-18 16:49:32.068</Data>
    <Data Name="ProcessGuid">{f613acc2-4164-65f8-eb02-0000f7125e88}</Data>
    <Data Name="ProcessId">7296</Data>
    <Data Name="QueryName">mail.meridianhcs.com</Data>
    <Data Name="QueryStatus">0</Data>
    <Data Name="QueryResults">10.10.2.25;</Data>
    <Data Name="Image">C:\Program Files\Microsoft Office\root\Office16\OUTLOOK.EXE</Data>
    <Data Name="User">MERIDIANHCS\sophia.martinez</Data>
    
  </EventData>
</Event>
<Event xmlns="http://schemas.microsoft.com/win/2004/08/events/event">
  <System>
    <Provider Name="Microsoft-Windows-Sysmon" Guid="{5770385f-c22a-43e0-bf4c-06f5698ffbd9}"/>
    <EventID>13</EventID>
    <Version>2</Version>
    <Level>4</Level>
    <Task>13</Task>
    <Opcode>0</Opcode>
    <Keywords>0x8000000000000000</Keywords>
    <TimeCreated SystemTime="2024-03-18T16:49:42.7632627Z"/>
    <EventRecordID>122169</EventRecordID>
    <Correlation/>
    <Execution ProcessID="2492" ThreadID="3468"/>
    <Channel>Microsoft-Windows-Sysmon/Operational</Channel>
    <Computer>WS-SMARTINEZ-01.meridianhcs.local</Computer>
    <Security UserID="S-1-5-18"/>
  </System>
  <EventData>
    
    <Data Name="RuleName">-</Data>
    <Data Name="EventType">SetValue</Data>
    <Data Name="UtcTime">2024-03-18 16:49:42.763</Data>
    <Data Name="ProcessGuid">{f613acc2-c367-65e1-c600-00005c9b5f7c}</Data>
    <Data Name="ProcessId">6268</Data>
    <Data Name="Image">C:\Windows\explorer.exe</Data>
    <Data Name="TargetObject">HKU\S-1-5-21-1537687973-2974994828-3875246326-1008\Software\Microsoft\Windows\CurrentVersion\Explorer\UserAssist\{CEBFF5CD-ACE2-4F4F-9178-9926F41749EA}\Count\HRZR_EHACNGU:P:\Hfref\fbcuvn.znegvarm\NccQngn\Ebnzvat\Zvpebfbsg\Jvaqbjf\Fgneg Zrah\Cebtenzf\Grnzf.yax</Data>
    <Data Name="Details">A5 B2 C4 37 64 30 5E 06 E4 59 16 FA F3 01 35 A6 75 AD 37 FA 55 C2 B7 4F 57 27 AA 70 72 C0 13 1A</Data>
    <Data Name="User">MERIDIANHCS\sophia.martinez</Data>
    
  </EventData>
</Event>
<Event xmlns="http://schemas.microsoft.com/win/2004/08/events/event">
  <System>
    <Provider Name="Microsoft-Windows-Sysmon" Guid="{5770385f-c22a-43e0-bf4c-06f5698ffbd9}"/>
    <EventID>22</EventID>
    <Version>5</Version>
    <Level>4</Level>
    <Task>22</Task>
    <Opcode>0</Opcode>
    <Keywords>0x8000000000000000</Keywords>
    <TimeCreated SystemTime="2024-03-18T16:50:02.6676888Z"/>
    <EventRecordID>122171</EventRecordID>
    <Correlation/>
    <Execution ProcessID="2492" ThreadID="4724"/>
    <Channel>Microsoft-Windows-Sysmon/Operational</Channel>
    <Computer>WS-SMARTINEZ-01.meridianhcs.local</Computer>
    <Security UserID="S-1-5-18"/>
  </System>
  <EventData>
    
    <Data Name="RuleName">-</Data>
    <Data Name="UtcTime">2024-03-18 16:50:02.667</Data>
    <Data Name="ProcessGuid">{f613acc2-c34e-65e1-8b00-0000eb2d9206}</Data>
    <Data Name="ProcessId">5988</Data>
    <Data Name="QueryName">DC-01.meridianhcs.local</Data>
    <Data Name="QueryStatus">0</Data>
    <Data Name="QueryResults">10.10.2.10;</Data>
    <Data Name="Image">C:\Windows\System32\svchost.exe</Data>
    <Data Name="User">NT AUTHORITY\LOCAL SERVICE</Data>
    
  </EventData>
</Event>
<Event xmlns="http://schemas.microsoft.com/win/2004/08/events/event">
  <System>
    <Provider Name="Microsoft-Windows-Sysmon" Guid="{5770385f-c22a-43e0-bf4c-06f5698ffbd9}"/>
    <EventID>13</EventID>
    <Version>2</Version>
    <Level>4</Level>
    <Task>13</Task>
    <Opcode>0</Opcode>
    <Keywords>0x8000000000000000</Keywords>
    <TimeCreated SystemTime="2024-03-18T16:51:27.3644139Z"/>
    <EventRecordID>122176</EventRecordID>
    <Correlation/>
    <Execution ProcessID="2492" ThreadID="3468"/>
    <Channel>Microsoft-Windows-Sysmon/Operational</Channel>
    <Computer>WS-SMARTINEZ-01.meridianhcs.local</Computer>
    <Security UserID="S-1-5-18"/>
  </System>
  <EventData>
    
    <Data Name="RuleName">-</Data>
    <Data Name="EventType">SetValue</Data>
    <Data Name="UtcTime">2024-03-18 16:51:27.364</Data>
    <Data Name="ProcessGuid">{f613acc2-c367-65e1-c600-00005c9b5f7c}</Data>
    <Data Name="ProcessId">6268</Data>
    <Data Name="Image">C:\Windows\explorer.exe</Data>
    <Data Name="TargetObject">HKU\S-1-5-21-1537687973-2974994828-3875246326-1008\Software\Microsoft\Windows\CurrentVersion\Explorer\UserAssist\{CEBFF5CD-ACE2-4F4F-9178-9926F41749EA}\Count\HRZR_EHACNGU:P:\Jvaqbjf\Flfgrz32\zfgfp.rkr</Data>
    <Data Name="Details">A3 83 4D DF E2 69 D1 B7 B6 FB F7 4A 33 DF 69 79 1C 5C FB 39 5E 01 DC CC 77 E2 A7 5B B6 50 B6 E0</Data>
    <Data Name="User">MERIDIANHCS\sophia.martinez</Data>
    
  </EventData>
</Event>
<Event xmlns="http://schemas.microsoft.com/win/2004/08/events/event">
  <System>
    <Provider Name="Microsoft-Windows-Sysmon" Guid="{5770385f-c22a-43e0-bf4c-06f5698ffbd9}"/>
    <EventID>5</EventID>
    <Version>3</Version>
    <Level>4</Level>
    <Task>5</Task>
    <Opcode>0</Opcode>
    <Keywords>0x8000000000000000</Keywords>
    <TimeCreated SystemTime="2024-03-18T16:52:11.9454524Z"/>
    <EventRecordID>122179</EventRecordID>
    <Correlation/>
    <Execution ProcessID="2492" ThreadID="4724"/>
    <Channel>Microsoft-Windows-Sysmon/Operational</Channel>
    <Computer>WS-SMARTINEZ-01.meridianhcs.local</Computer>
    <Security UserID="S-1-5-18"/>
  </System>
  <EventData>
    
    <Data Name="RuleName">-</Data>
    <Data Name="UtcTime">2024-03-18 16:52:11.945</Data>
    <Data Name="ProcessGuid">{f613acc2-4164-65f8-eb02-0000f7125e88}</Data>
    <Data Name="ProcessId">7296</Data>
    <Data Name="Image">C:\Program Files\Microsoft Office\root\Office16\OUTLOOK.EXE</Data>
    <Data Name="User">MERIDIANHCS\sophia.martinez</Data>
    
  </EventData>
</Event>
