<Event xmlns="http://schemas.microsoft.com/win/2004/08/events/event">
  <System>
    <Provider Name="Microsoft-Windows-Sysmon" Guid="{5770385f-c22a-43e0-bf4c-06f5698ffbd9}"/>
    <EventID>1</EventID>
    <Version>5</Version>
    <Level>4</Level>
    <Task>1</Task>
    <Opcode>0</Opcode>
    <Keywords>0x8000000000000000</Keywords>
    <TimeCreated SystemTime="2024-03-18T13:57:07.8563157Z"/>
    <EventRecordID>320374</EventRecordID>
    <Correlation/>
    <Execution ProcessID="2140" ThreadID="1764"/>
    <Channel>Microsoft-Windows-Sysmon/Operational</Channel>
    <Computer>WS-DRAMIREZ-01.meridianhcs.local</Computer>
    <Security UserID="S-1-5-18"/>
  </System>
  <EventData>
    
    <Data Name="RuleName">-</Data>
    <Data Name="UtcTime">2024-03-18 13:57:07.856</Data>
    <Data Name="ProcessGuid">{5af96291-4833-65f8-4c00-000014135f44}</Data>
    <Data Name="ProcessId">7168</Data>
    <Data Name="Image">C:\Windows\System32\SearchProtocolHost.exe</Data>
    <Data Name="FileVersion">10.0.19041.1</Data>
    <Data Name="Description">Microsoft Windows Search Protocol Host</Data>
    <Data Name="Product">Microsoft Windows Operating System</Data>
    <Data Name="Company">Microsoft Corporation</Data>
    <Data Name="OriginalFileName">SearchProtocolHost.exe</Data>
    <Data Name="CommandLine">SearchProtocolHost.exe Global\UsGthrFltPipeMssGthrPipe_S-1-5-19 Global\UsGthrCtrlFltPipeMssGthrPipe_S-1-5-19 1</Data>
    <Data Name="CurrentDirectory">C:\Windows\System32\</Data>
    <Data Name="User">NT AUTHORITY\SYSTEM</Data>
    <Data Name="LogonGuid">{00000000-0000-0000-0000-000000000000}</Data>
    <Data Name="LogonId">0x3e7</Data>
    <Data Name="TerminalSessionId">0</Data>
    <Data Name="IntegrityLevel">System</Data>
    <Data Name="Hashes">SHA1=21EDF7CB23763D4A5D6323FBAAB70C6CAFA2E778,MD5=C555706BB0DBB04D47F8BFE2DEA21A3B,SHA256=D76E1FD0160E7DE0C4B68E8635BA33A2B5DBBB6CDBF9B5062677FA83E89EB54B,IMPHASH=C36297A27D90DC3CE5AA8168165C7C6D</Data>
    <Data Name="ParentProcessGuid">{5af96291-0955-65e7-c600-000056544942}</Data>
    <Data Name="ParentProcessId">5860</Data>
    <Data Name="ParentImage">C:\Windows\System32\SearchIndexer.exe</Data>
    <Data Name="ParentCommandLine">SearchIndexer.exe</Data>
    <Data Name="ParentUser">NT AUTHORITY\SYSTEM</Data>
    
  </EventData>
</Event>
<Event xmlns="http://schemas.microsoft.com/win/2004/08/events/event">
  <System>
    <Provider Name="Microsoft-Windows-Sysmon" Guid="{5770385f-c22a-43e0-bf4c-06f5698ffbd9}"/>
    <EventID>13</EventID>
    <Version>2</Version>
    <Level>4</Level>
    <Task>13</Task>
    <Opcode>0</Opcode>
    <Keywords>0x8000000000000000</Keywords>
    <TimeCreated SystemTime="2024-03-18T13:58:15.7830363Z"/>
    <EventRecordID>320375</EventRecordID>
    <Correlation/>
    <Execution ProcessID="2140" ThreadID="1764"/>
    <Channel>Microsoft-Windows-Sysmon/Operational</Channel>
    <Computer>WS-DRAMIREZ-01.meridianhcs.local</Computer>
    <Security UserID="S-1-5-18"/>
  </System>
  <EventData>
    
    <Data Name="RuleName">-</Data>
    <Data Name="EventType">SetValue</Data>
    <Data Name="UtcTime">2024-03-18 13:58:15.783</Data>
    <Data Name="ProcessGuid">{5af96291-0965-65e7-2f00-00108a7cce94}</Data>
    <Data Name="ProcessId">6020</Data>
    <Data Name="Image">C:\Windows\explorer.exe</Data>
    <Data Name="TargetObject">HKU\S-1-5-21-1537687973-2974994828-3875246326-1006\Software\Microsoft\Windows\CurrentVersion\Explorer\UserAssist\{CEBFF5CD-ACE2-4F4F-9178-9926F41749EA}\Count\HRZR_EHACNGU:P:\Cebtenz Svyrf\Zbmvyyn Sversbk\sversbk.rkr</Data>
    <Data Name="Details">14 9D 36 29 6E E2 9B 93 FC 30 4C B0 39 8F 78 9D 09 9F 54 61 48 3B 51 62 C9 01 E9 D6 3F C6 36 E8 21 44 75 4B 01 56 A6 C1 E2 9F AB AF B5 91 6A 45</Data>
    <Data Name="User">MERIDIANHCS\diego.ramirez</Data>
    
  </EventData>
</Event>
<Event xmlns="http://schemas.microsoft.com/win/2004/08/events/event">
  <System>
    <Provider Name="Microsoft-Windows-Sysmon" Guid="{5770385f-c22a-43e0-bf4c-06f5698ffbd9}"/>
    <EventID>10</EventID>
    <Version>3</Version>
    <Level>4</Level>
    <Task>10</Task>
    <Opcode>0</Opcode>
    <Keywords>0x8000000000000000</Keywords>
    <TimeCreated SystemTime="2024-03-18T13:59:47.6250893Z"/>
    <EventRecordID>320377</EventRecordID>
    <Correlation/>
    <Execution ProcessID="2140" ThreadID="1752"/>
    <Channel>Microsoft-Windows-Sysmon/Operational</Channel>
    <Computer>WS-DRAMIREZ-01.meridianhcs.local</Computer>
    <Security UserID="S-1-5-18"/>
  </System>
  <EventData>
    
    <Data Name="RuleName">-</Data>
    <Data Name="UtcTime">2024-03-18 13:59:47.625</Data>
    <Data Name="SourceProcessGUID">{5af96291-0955-65e7-ae02-001054581d8e}</Data>
    <Data Name="SourceProcessId">5868</Data>
    <Data Name="SourceThreadId">4948</Data>
    <Data Name="SourceImage">C:\Windows\System32\wbem\WmiPrvSE.exe</Data>
    <Data Name="TargetProcessGUID">{5af96291-0949-65e7-2200-0000713dfbef}</Data>
    <Data Name="TargetProcessId">5772</Data>
    <Data Name="TargetImage">C:\Windows\System32\svchost.exe</Data>
    <Data Name="GrantedAccess">0x1400</Data>
    <Data Name="CallTrace">C:\Windows\SYSTEM32\ntdll.dll+9E2E7|C:\Windows\SYSTEM32\KERNELBASE.dll+2CD11|C:\Windows\SYSTEM32\wbemcomn.dll+159A6</Data>
    <Data Name="SourceUser">NT AUTHORITY\NETWORK SERVICE</Data>
    <Data Name="TargetUser">NT AUTHORITY\SYSTEM</Data>
    
  </EventData>
</Event>
<Event xmlns="http://schemas.microsoft.com/win/2004/08/events/event">
  <System>
    <Provider Name="Microsoft-Windows-Sysmon" Guid="{5770385f-c22a-43e0-bf4c-06f5698ffbd9}"/>
    <EventID>1</EventID>
    <Version>5</Version>
    <Level>4</Level>
    <Task>1</Task>
    <Opcode>0</Opcode>
    <Keywords>0x8000000000000000</Keywords>
    <TimeCreated SystemTime="2024-03-18T14:02:34.4120502Z"/>
    <EventRecordID>320385</EventRecordID>
    <Correlation/>
    <Execution ProcessID="2140" ThreadID="4452"/>
    <Channel>Microsoft-Windows-Sysmon/Operational</Channel>
    <Computer>WS-DRAMIREZ-01.meridianhcs.local</Computer>
    <Security UserID="S-1-5-18"/>
  </System>
  <EventData>
    
    <Data Name="RuleName">-</Data>
    <Data Name="UtcTime">2024-03-18 14:02:34.412</Data>
    <Data Name="ProcessGuid">{5af96291-497a-65f8-8b00-0010cb99d69c}</Data>
    <Data Name="ProcessId">7428</Data>
    <Data Name="Image">C:\Windows\System32\SearchProtocolHost.exe</Data>
    <Data Name="FileVersion">10.0.19041.1</Data>
    <Data Name="Description">Microsoft Windows Search Protocol Host</Data>
    <Data Name="Product">Microsoft Windows Operating System</Data>
    <Data Name="Company">Microsoft Corporation</Data>
    <Data Name="OriginalFileName">SearchProtocolHost.exe</Data>
    <Data Name="CommandLine">SearchProtocolHost.exe Global\UsGthrFltPipeMssGthrPipe_S-1-5-21-237987055-511746570-747675673-3051 Global\UsGthrCtrlFltPipeMssGthrPipe_S-1-5-21-237987055-511746570-747675673-3051 1</Data>
    <Data Name="CurrentDirectory">C:\Windows\System32\</Data>
    <Data Name="User">NT AUTHORITY\SYSTEM</Data>
    <Data Name="LogonGuid">{00000000-0000-0000-0000-000000000000}</Data>
    <Data Name="LogonId">0x3e7</Data>
    <Data Name="TerminalSessionId">0</Data>
    <Data Name="IntegrityLevel">System</Data>
    <Data Name="Hashes">SHA1=21EDF7CB23763D4A5D6323FBAAB70C6CAFA2E778,MD5=C555706BB0DBB04D47F8BFE2DEA21A3B,SHA256=D76E1FD0160E7DE0C4B68E8635BA33A2B5DBBB6CDBF9B5062677FA83E89EB54B,IMPHASH=C36297A27D90DC3CE5AA8168165C7C6D</Data>
    <Data Name="ParentProcessGuid">{5af96291-0955-65e7-c600-000056544942}</Data>
    <Data Name="ParentProcessId">5860</Data>
    <Data Name="ParentImage">C:\Windows\System32\SearchIndexer.exe</Data>
    <Data Name="ParentCommandLine">SearchIndexer.exe</Data>
    <Data Name="ParentUser">NT AUTHORITY\SYSTEM</Data>
    
  </EventData>
</Event>
<Event xmlns="http://schemas.microsoft.com/win/2004/08/events/event">
  <System>
    <Provider Name="Microsoft-Windows-Sysmon" Guid="{5770385f-c22a-43e0-bf4c-06f5698ffbd9}"/>
    <EventID>22</EventID>
    <Version>5</Version>
    <Level>4</Level>
    <Task>22</Task>
    <Opcode>0</Opcode>
    <Keywords>0x8000000000000000</Keywords>
    <TimeCreated SystemTime="2024-03-18T14:04:16.6205975Z"/>
    <EventRecordID>320390</EventRecordID>
    <Correlation/>
    <Execution ProcessID="2140" ThreadID="1752"/>
    <Channel>Microsoft-Windows-Sysmon/Operational</Channel>
    <Computer>WS-DRAMIREZ-01.meridianhcs.local</Computer>
    <Security UserID="S-1-5-18"/>
  </System>
  <EventData>
    
    <Data Name="RuleName">-</Data>
    <Data Name="UtcTime">2024-03-18 14:04:16.620</Data>
    <Data Name="ProcessGuid">{5af96291-094c-65e7-4a02-0000862ccb47}</Data>
    <Data Name="ProcessId">5800</Data>
    <Data Name="QueryName">DC-01.meridianhcs.local</Data>
    <Data Name="QueryStatus">0</Data>
    <Data Name="QueryResults">10.10.2.10;</Data>
    <Data Name="Image">C:\Windows\System32\svchost.exe</Data>
    <Data Name="User">NT AUTHORITY\LOCAL SERVICE</Data>
    
  </EventData>
</Event>
<Event xmlns="http://schemas.microsoft.com/win/2004/08/events/event">
  <System>
    <Provider Name="Microsoft-Windows-Sysmon" Guid="{5770385f-c22a-43e0-bf4c-06f5698ffbd9}"/>
    <EventID>1</EventID>
    <Version>5</Version>
    <Level>4</Level>
    <Task>1</Task>
    <Opcode>0</Opcode>
    <Keywords>0x8000000000000000</Keywords>
    <TimeCreated SystemTime="2024-03-18T14:04:31.8703590Z"/>
    <EventRecordID>320391</EventRecordID>
    <Correlation/>
    <Execution ProcessID="2140" ThreadID="4452"/>
    <Channel>Microsoft-Windows-Sysmon/Operational</Channel>
    <Computer>WS-DRAMIREZ-01.meridianhcs.local</Computer>
    <Security UserID="S-1-5-18"/>
  </System>
  <EventData>
    
    <Data Name="RuleName">-</Data>
    <Data Name="UtcTime">2024-03-18 14:04:31.870</Data>
    <Data Name="ProcessGuid">{5af96291-49ef-65f8-6a00-0000e1329ace}</Data>
    <Data Name="ProcessId">7460</Data>
    <Data Name="Image">C:\Windows\System32\wsqmcons.exe</Data>
    <Data Name="FileVersion">10.0.19041.1</Data>
    <Data Name="Description">Windows SQM Consolidator</Data>
    <Data Name="Product">Microsoft Windows Operating System</Data>
    <Data Name="Company">Microsoft Corporation</Data>
    <Data Name="OriginalFileName">wsqmcons.exe</Data>
    <Data Name="CommandLine">wsqmcons.exe</Data>
    <Data Name="CurrentDirectory">C:\Windows\System32\</Data>
    <Data Name="User">NT AUTHORITY\SYSTEM</Data>
    <Data Name="LogonGuid">{00000000-0000-0000-0000-000000000000}</Data>
    <Data Name="LogonId">0x3e7</Data>
    <Data Name="TerminalSessionId">0</Data>
    <Data Name="IntegrityLevel">System</Data>
    <Data Name="Hashes">SHA1=B6B178D785EF384D28F469D7CDCBCBAD978C2175,MD5=BA201043CC9F14E971AA7F5D832F699E,SHA256=D9E17C59C660B25C56F003C1B3F45916A6F260736071067982AC275002363A16,IMPHASH=BF8E76259754B3F7624D9C7425CE3B66</Data>
    <Data Name="ParentProcessGuid">{5af96291-0949-65e7-2200-0000713dfbef}</Data>
    <Data Name="ParentProcessId">5772</Data>
    <Data Name="ParentImage">C:\Windows\System32\svchost.exe</Data>
    <Data Name="ParentCommandLine">svchost.exe -k LocalSystem</Data>
    <Data Name="ParentUser">NT AUTHORITY\SYSTEM</Data>
    
  </EventData>
</Event>
<Event xmlns="http://schemas.microsoft.com/win/2004/08/events/event">
  <System>
    <Provider Name="Microsoft-Windows-Sysmon" Guid="{5770385f-c22a-43e0-bf4c-06f5698ffbd9}"/>
    <EventID>3</EventID>
    <Version>5</Version>
    <Level>4</Level>
    <Task>3</Task>
    <Opcode>0</Opcode>
    <Keywords>0x8000000000000000</Keywords>
    <TimeCreated SystemTime="2024-03-18T14:04:38.8197624Z"/>
    <EventRecordID>320392</EventRecordID>
    <Correlation/>
    <Execution ProcessID="2140" ThreadID="1764"/>
    <Channel>Microsoft-Windows-Sysmon/Operational</Channel>
    <Computer>WS-DRAMIREZ-01.meridianhcs.local</Computer>
    <Security UserID="S-1-5-18"/>
  </System>
  <EventData>
    
    <Data Name="RuleName">-</Data>
    <Data Name="UtcTime">2024-03-18 14:04:38.819</Data>
    <Data Name="ProcessGuid">{5af96291-35aa-65f8-9c02-0010ae778c01}</Data>
    <Data Name="ProcessId">6628</Data>
    <Data Name="Image">C:\Program Files\Google\Chrome\Application\chrome.exe</Data>
    <Data Name="User">MERIDIANHCS\diego.ramirez</Data>
    <Data Name="Protocol">tcp</Data>
    <Data Name="Initiated">true</Data>
    <Data Name="SourceIsIpv6">false</Data>
    <Data Name="SourceIp">10.10.1.34</Data>
    <Data Name="SourceHostname">WS-DRAMIREZ-01.meridianhcs.local</Data>
    <Data Name="SourcePort">62038</Data>
    <Data Name="SourcePortName">-</Data>
    <Data Name="DestinationIsIpv6">false</Data>
    <Data Name="DestinationIp">10.10.3.20</Data>
    <Data Name="DestinationHostname">PROXY-01.meridianhcs.local</Data>
    <Data Name="DestinationPort">8080</Data>
    <Data Name="DestinationPortName">http-alt</Data>
    
  </EventData>
</Event>
<Event xmlns="http://schemas.microsoft.com/win/2004/08/events/event">
  <System>
    <Provider Name="Microsoft-Windows-Sysmon" Guid="{5770385f-c22a-43e0-bf4c-06f5698ffbd9}"/>
    <EventID>3</EventID>
    <Version>5</Version>
    <Level>4</Level>
    <Task>3</Task>
    <Opcode>0</Opcode>
    <Keywords>0x8000000000000000</Keywords>
    <TimeCreated SystemTime="2024-03-18T14:04:40.7918201Z"/>
    <EventRecordID>320393</EventRecordID>
    <Correlation/>
    <Execution ProcessID="2140" ThreadID="1764"/>
    <Channel>Microsoft-Windows-Sysmon/Operational</Channel>
    <Computer>WS-DRAMIREZ-01.meridianhcs.local</Computer>
    <Security UserID="S-1-5-18"/>
  </System>
  <EventData>
    
    <Data Name="RuleName">-</Data>
    <Data Name="UtcTime">2024-03-18 14:04:40.791</Data>
    <Data Name="ProcessGuid">{5af96291-35aa-65f8-9c02-0010ae778c01}</Data>
    <Data Name="ProcessId">6628</Data>
    <Data Name="Image">C:\Program Files\Google\Chrome\Application\chrome.exe</Data>
    <Data Name="User">MERIDIANHCS\diego.ramirez</Data>
    <Data Name="Protocol">tcp</Data>
    <Data Name="Initiated">true</Data>
    <Data Name="SourceIsIpv6">false</Data>
    <Data Name="SourceIp">10.10.1.34</Data>
    <Data Name="SourceHostname">WS-DRAMIREZ-01.meridianhcs.local</Data>
    <Data Name="SourcePort">59687</Data>
    <Data Name="SourcePortName">-</Data>
    <Data Name="DestinationIsIpv6">false</Data>
    <Data Name="DestinationIp">10.10.3.20</Data>
    <Data Name="DestinationHostname">PROXY-01.meridianhcs.local</Data>
    <Data Name="DestinationPort">8080</Data>
    <Data Name="DestinationPortName">http-alt</Data>
    
  </EventData>
</Event>
<Event xmlns="http://schemas.microsoft.com/win/2004/08/events/event">
  <System>
    <Provider Name="Microsoft-Windows-Sysmon" Guid="{5770385f-c22a-43e0-bf4c-06f5698ffbd9}"/>
    <EventID>5</EventID>
    <Version>3</Version>
    <Level>4</Level>
    <Task>5</Task>
    <Opcode>0</Opcode>
    <Keywords>0x8000000000000000</Keywords>
    <TimeCreated SystemTime="2024-03-18T14:04:47.6739047Z"/>
    <EventRecordID>320394</EventRecordID>
    <Correlation/>
    <Execution ProcessID="2140" ThreadID="1764"/>
    <Channel>Microsoft-Windows-Sysmon/Operational</Channel>
    <Computer>WS-DRAMIREZ-01.meridianhcs.local</Computer>
    <Security UserID="S-1-5-18"/>
  </System>
  <EventData>
    
    <Data Name="RuleName">-</Data>
    <Data Name="UtcTime">2024-03-18 14:04:47.673</Data>
    <Data Name="ProcessGuid">{5af96291-49ef-65f8-6a00-0000e1329ace}</Data>
    <Data Name="ProcessId">7460</Data>
    <Data Name="Image">C:\Windows\System32\wsqmcons.exe</Data>
    <Data Name="User">NT AUTHORITY\SYSTEM</Data>
    
  </EventData>
</Event>
<Event xmlns="http://schemas.microsoft.com/win/2004/08/events/event">
  <System>
    <Provider Name="Microsoft-Windows-Sysmon" Guid="{5770385f-c22a-43e0-bf4c-06f5698ffbd9}"/>
    <EventID>1</EventID>
    <Version>5</Version>
    <Level>4</Level>
    <Task>1</Task>
    <Opcode>0</Opcode>
    <Keywords>0x8000000000000000</Keywords>
    <TimeCreated SystemTime="2024-03-18T14:05:35.4909852Z"/>
    <EventRecordID>320398</EventRecordID>
    <Correlation/>
    <Execution ProcessID="2140" ThreadID="1764"/>
    <Channel>Microsoft-Windows-Sysmon/Operational</Channel>
    <Computer>WS-DRAMIREZ-01.meridianhcs.local</Computer>
    <Security UserID="S-1-5-18"/>
  </System>
  <EventData>
    
    <Data Name="RuleName">-</Data>
    <Data Name="UtcTime">2024-03-18 14:05:35.490</Data>
    <Data Name="ProcessGuid">{5af96291-4a2f-65f8-aa00-0000983e0de6}</Data>
    <Data Name="ProcessId">7392</Data>
    <Data Name="Image">C:\Program Files (x86)\Citrix\ICA Client\SelfServicePlugin\SelfService.exe</Data>
    <Data Name="FileVersion">24.3.0.65</Data>
    <Data Name="Description">Citrix Workspace</Data>
    <Data Name="Product">Citrix Workspace</Data>
    <Data Name="Company">Cloud Software Group, Inc.</Data>
    <Data Name="OriginalFileName">SelfService.exe</Data>
    <Data Name="CommandLine">"C:\Program Files (x86)\Citrix\ICA Client\SelfServicePlugin\SelfService.exe" -showAppPicker</Data>
    <Data Name="CurrentDirectory">C:\Program Files (x86)\Citrix\ICA Client\SelfServicePlugin\</Data>
    <Data Name="User">MERIDIANHCS\marcus.chen</Data>
    <Data Name="LogonGuid">{00000000-0000-0000-0000-000000000000}</Data>
    <Data Name="LogonId">0x97e1217</Data>
    <Data Name="TerminalSessionId">4</Data>
    <Data Name="IntegrityLevel">Medium</Data>
    <Data Name="Hashes">SHA1=5254D900CBCCC99AE85711D6B4E3C6E4C38B3938,MD5=42D6D19F72729EF35BF67FF407904A16,SHA256=A90A45FCC5A09AC5A464A85EA4243F3D03632FA6B4D09E1563539177BC6B706E,IMPHASH=A488AE04C082976258CDF5497BE82994</Data>
    <Data Name="ParentProcessGuid">{5af96291-3eff-65f8-be00-001099f7da8d}</Data>
    <Data Name="ParentProcessId">6944</Data>
    <Data Name="ParentImage">C:\Windows\explorer.exe</Data>
    <Data Name="ParentCommandLine">explorer.exe</Data>
    <Data Name="ParentUser">MERIDIANHCS\marcus.chen</Data>
    
  </EventData>
</Event>
<Event xmlns="http://schemas.microsoft.com/win/2004/08/events/event">
  <System>
    <Provider Name="Microsoft-Windows-Sysmon" Guid="{5770385f-c22a-43e0-bf4c-06f5698ffbd9}"/>
    <EventID>7</EventID>
    <Version>3</Version>
    <Level>4</Level>
    <Task>7</Task>
    <Opcode>0</Opcode>
    <Keywords>0x8000000000000000</Keywords>
    <TimeCreated SystemTime="2024-03-18T14:05:35.4919046Z"/>
    <EventRecordID>320399</EventRecordID>
    <Correlation/>
    <Execution ProcessID="2140" ThreadID="1764"/>
    <Channel>Microsoft-Windows-Sysmon/Operational</Channel>
    <Computer>WS-DRAMIREZ-01.meridianhcs.local</Computer>
    <Security UserID="S-1-5-18"/>
  </System>
  <EventData>
    
    <Data Name="RuleName">-</Data>
    <Data Name="UtcTime">2024-03-18 14:05:35.491</Data>
    <Data Name="ProcessGuid">{5af96291-4a2f-65f8-aa00-0000983e0de6}</Data>
    <Data Name="ProcessId">7392</Data>
    <Data Name="Image">C:\Program Files (x86)\Citrix\ICA Client\SelfServicePlugin\SelfService.exe</Data>
    <Data Name="ImageLoaded">C:\Program Files (x86)\Citrix\ICA Client\wfapi.dll</Data>
    <Data Name="FileVersion">24.3.0.65</Data>
    <Data Name="Description">Citrix ICA Client API</Data>
    <Data Name="Product">Citrix Workspace</Data>
    <Data Name="Company">Cloud Software Group, Inc.</Data>
    <Data Name="OriginalFileName">wfapi.dll</Data>
    <Data Name="Hashes">SHA1=F02E7D9994E46859EA1AE8F4B124B22F5BFD97DB,MD5=11051C88D47ED0624B2443E8E498F2FE,SHA256=87AC160AB58AAB5BFF52B5834DA9FFF37EA0CF669B84184DB886199F241E0D85,IMPHASH=3B8A081CE5FF16049716F316DD7DCEE9</Data>
    <Data Name="Signed">true</Data>
    <Data Name="Signature">Cloud Software Group, Inc.</Data>
    <Data Name="SignatureStatus">Valid</Data>
    <Data Name="User">MERIDIANHCS\marcus.chen</Data>
    
  </EventData>
</Event>
<Event xmlns="http://schemas.microsoft.com/win/2004/08/events/event">
  <System>
    <Provider Name="Microsoft-Windows-Sysmon" Guid="{5770385f-c22a-43e0-bf4c-06f5698ffbd9}"/>
    <EventID>5</EventID>
    <Version>3</Version>
    <Level>4</Level>
    <Task>5</Task>
    <Opcode>0</Opcode>
    <Keywords>0x8000000000000000</Keywords>
    <TimeCreated SystemTime="2024-03-18T14:05:53.8043100Z"/>
    <EventRecordID>320402</EventRecordID>
    <Correlation/>
    <Execution ProcessID="2140" ThreadID="1764"/>
    <Channel>Microsoft-Windows-Sysmon/Operational</Channel>
    <Computer>WS-DRAMIREZ-01.meridianhcs.local</Computer>
    <Security UserID="S-1-5-18"/>
  </System>
  <EventData>
    
    <Data Name="RuleName">-</Data>
    <Data Name="UtcTime">2024-03-18 14:05:53.804</Data>
    <Data Name="ProcessGuid">{5af96291-3e7c-65f8-bc00-00007e7fb2e7}</Data>
    <Data Name="ProcessId">7344</Data>
    <Data Name="Image">C:\Windows\System32\WindowsPowerShell\v1.0\powershell.exe</Data>
    <Data Name="User">NT AUTHORITY\SYSTEM</Data>
    
  </EventData>
</Event>
<Event xmlns="http://schemas.microsoft.com/win/2004/08/events/event">
  <System>
    <Provider Name="Microsoft-Windows-Sysmon" Guid="{5770385f-c22a-43e0-bf4c-06f5698ffbd9}"/>
    <EventID>3</EventID>
    <Version>5</Version>
    <Level>4</Level>
    <Task>3</Task>
    <Opcode>0</Opcode>
    <Keywords>0x8000000000000000</Keywords>
    <TimeCreated SystemTime="2024-03-18T14:06:11.9288886Z"/>
    <EventRecordID>320403</EventRecordID>
    <Correlation/>
    <Execution ProcessID="2140" ThreadID="1764"/>
    <Channel>Microsoft-Windows-Sysmon/Operational</Channel>
    <Computer>WS-DRAMIREZ-01.meridianhcs.local</Computer>
    <Security UserID="S-1-5-18"/>
  </System>
  <EventData>
    
    <Data Name="RuleName">-</Data>
    <Data Name="UtcTime">2024-03-18 14:06:11.928</Data>
    <Data Name="ProcessGuid">{5af96291-4319-65f8-1102-0000f201d383}</Data>
    <Data Name="ProcessId">6972</Data>
    <Data Name="Image">C:\Program Files\Mozilla Firefox\firefox.exe</Data>
    <Data Name="User">MERIDIANHCS\diego.ramirez</Data>
    <Data Name="Protocol">tcp</Data>
    <Data Name="Initiated">true</Data>
    <Data Name="SourceIsIpv6">false</Data>
    <Data Name="SourceIp">10.10.1.34</Data>
    <Data Name="SourceHostname">WS-DRAMIREZ-01.meridianhcs.local</Data>
    <Data Name="SourcePort">56007</Data>
    <Data Name="SourcePortName">-</Data>
    <Data Name="DestinationIsIpv6">false</Data>
    <Data Name="DestinationIp">10.10.3.20</Data>
    <Data Name="DestinationHostname">PROXY-01.meridianhcs.local</Data>
    <Data Name="DestinationPort">8080</Data>
    <Data Name="DestinationPortName">http-alt</Data>
    
  </EventData>
</Event>
<Event xmlns="http://schemas.microsoft.com/win/2004/08/events/event">
  <System>
    <Provider Name="Microsoft-Windows-Sysmon" Guid="{5770385f-c22a-43e0-bf4c-06f5698ffbd9}"/>
    <EventID>3</EventID>
    <Version>5</Version>
    <Level>4</Level>
    <Task>3</Task>
    <Opcode>0</Opcode>
    <Keywords>0x8000000000000000</Keywords>
    <TimeCreated SystemTime="2024-03-18T14:08:28.9739391Z"/>
    <EventRecordID>320406</EventRecordID>
    <Correlation/>
    <Execution ProcessID="2140" ThreadID="1752"/>
    <Channel>Microsoft-Windows-Sysmon/Operational</Channel>
    <Computer>WS-DRAMIREZ-01.meridianhcs.local</Computer>
    <Security UserID="S-1-5-18"/>
  </System>
  <EventData>
    
    <Data Name="RuleName">-</Data>
    <Data Name="UtcTime">2024-03-18 14:08:28.973</Data>
    <Data Name="ProcessGuid">{5af96291-0946-65e7-7902-00000327d62d}</Data>
    <Data Name="ProcessId">5756</Data>
    <Data Name="Image">C:\Windows\System32\lsass.exe</Data>
    <Data Name="User">NT AUTHORITY\SYSTEM</Data>
    <Data Name="Protocol">tcp</Data>
    <Data Name="Initiated">true</Data>
    <Data Name="SourceIsIpv6">false</Data>
    <Data Name="SourceIp">10.10.1.34</Data>
    <Data Name="SourceHostname">WS-DRAMIREZ-01.meridianhcs.local</Data>
    <Data Name="SourcePort">57127</Data>
    <Data Name="SourcePortName">-</Data>
    <Data Name="DestinationIsIpv6">false</Data>
    <Data Name="DestinationIp">10.10.2.10</Data>
    <Data Name="DestinationHostname">DC-01.meridianhcs.local</Data>
    <Data Name="DestinationPort">389</Data>
    <Data Name="DestinationPortName">ldap</Data>
    
  </EventData>
</Event>
<Event xmlns="http://schemas.microsoft.com/win/2004/08/events/event">
  <System>
    <Provider Name="Microsoft-Windows-Sysmon" Guid="{5770385f-c22a-43e0-bf4c-06f5698ffbd9}"/>
    <EventID>13</EventID>
    <Version>2</Version>
    <Level>4</Level>
    <Task>13</Task>
    <Opcode>0</Opcode>
    <Keywords>0x8000000000000000</Keywords>
    <TimeCreated SystemTime="2024-03-18T14:08:36.7476233Z"/>
    <EventRecordID>320408</EventRecordID>
    <Correlation/>
    <Execution ProcessID="2140" ThreadID="1764"/>
    <Channel>Microsoft-Windows-Sysmon/Operational</Channel>
    <Computer>WS-DRAMIREZ-01.meridianhcs.local</Computer>
    <Security UserID="S-1-5-18"/>
  </System>
  <EventData>
    
    <Data Name="RuleName">-</Data>
    <Data Name="EventType">SetValue</Data>
    <Data Name="UtcTime">2024-03-18 14:08:36.747</Data>
    <Data Name="ProcessGuid">{5af96291-094b-65e7-3c02-00108c04be3d}</Data>
    <Data Name="ProcessId">5796</Data>
    <Data Name="Image">C:\Windows\System32\svchost.exe</Data>
    <Data Name="TargetObject">HKLM\SOFTWARE\Microsoft\Windows\CurrentVersion\Explorer\Shell Folders\Common Startup</Data>
    <Data Name="Details">C:\ProgramData\Microsoft\Windows\Start Menu\Programs\Startup</Data>
    <Data Name="User">NT AUTHORITY\NETWORK SERVICE</Data>
    
  </EventData>
</Event>
<Event xmlns="http://schemas.microsoft.com/win/2004/08/events/event">
  <System>
    <Provider Name="Microsoft-Windows-Sysmon" Guid="{5770385f-c22a-43e0-bf4c-06f5698ffbd9}"/>
    <EventID>22</EventID>
    <Version>5</Version>
    <Level>4</Level>
    <Task>22</Task>
    <Opcode>0</Opcode>
    <Keywords>0x8000000000000000</Keywords>
    <TimeCreated SystemTime="2024-03-18T14:08:43.4637122Z"/>
    <EventRecordID>320409</EventRecordID>
    <Correlation/>
    <Execution ProcessID="2140" ThreadID="1764"/>
    <Channel>Microsoft-Windows-Sysmon/Operational</Channel>
    <Computer>WS-DRAMIREZ-01.meridianhcs.local</Computer>
    <Security UserID="S-1-5-18"/>
  </System>
  <EventData>
    
    <Data Name="RuleName">-</Data>
    <Data Name="UtcTime">2024-03-18 14:08:43.463</Data>
    <Data Name="ProcessGuid">{5af96291-2a0e-65f8-8002-0010caf53a1a}</Data>
    <Data Name="ProcessId">6548</Data>
    <Data Name="QueryName">10.2.10.10.in-addr.arpa</Data>
    <Data Name="QueryStatus">0</Data>
    <Data Name="QueryResults">DC-01.meridianhcs.local;</Data>
    <Data Name="Image">C:\Windows\explorer.exe</Data>
    <Data Name="User">MERIDIANHCS\diego.ramirez</Data>
    
  </EventData>
</Event>
<Event xmlns="http://schemas.microsoft.com/win/2004/08/events/event">
  <System>
    <Provider Name="Microsoft-Windows-Sysmon" Guid="{5770385f-c22a-43e0-bf4c-06f5698ffbd9}"/>
    <EventID>3</EventID>
    <Version>5</Version>
    <Level>4</Level>
    <Task>3</Task>
    <Opcode>0</Opcode>
    <Keywords>0x8000000000000000</Keywords>
    <TimeCreated SystemTime="2024-03-18T14:08:43.8036799Z"/>
    <EventRecordID>320410</EventRecordID>
    <Correlation/>
    <Execution ProcessID="2140" ThreadID="1752"/>
    <Channel>Microsoft-Windows-Sysmon/Operational</Channel>
    <Computer>WS-DRAMIREZ-01.meridianhcs.local</Computer>
    <Security UserID="S-1-5-18"/>
  </System>
  <EventData>
    
    <Data Name="RuleName">-</Data>
    <Data Name="UtcTime">2024-03-18 14:08:43.803</Data>
    <Data Name="ProcessGuid">{5af96291-094c-65e7-4a02-0000862ccb47}</Data>
    <Data Name="ProcessId">5800</Data>
    <Data Name="Image">C:\Windows\System32\svchost.exe</Data>
    <Data Name="User">NT AUTHORITY\LOCAL SERVICE</Data>
    <Data Name="Protocol">udp</Data>
    <Data Name="Initiated">true</Data>
    <Data Name="SourceIsIpv6">false</Data>
    <Data Name="SourceIp">10.10.1.34</Data>
    <Data Name="SourceHostname">WS-DRAMIREZ-01.meridianhcs.local</Data>
    <Data Name="SourcePort">50105</Data>
    <Data Name="SourcePortName">-</Data>
    <Data Name="DestinationIsIpv6">false</Data>
    <Data Name="DestinationIp">10.10.2.10</Data>
    <Data Name="DestinationHostname">DC-01.meridianhcs.local</Data>
    <Data Name="DestinationPort">53</Data>
    <Data Name="DestinationPortName">domain</Data>
    
  </EventData>
</Event>
<Event xmlns="http://schemas.microsoft.com/win/2004/08/events/event">
  <System>
    <Provider Name="Microsoft-Windows-Sysmon" Guid="{5770385f-c22a-43e0-bf4c-06f5698ffbd9}"/>
    <EventID>22</EventID>
    <Version>5</Version>
    <Level>4</Level>
    <Task>22</Task>
    <Opcode>0</Opcode>
    <Keywords>0x8000000000000000</Keywords>
    <TimeCreated SystemTime="2024-03-18T14:12:07.3646185Z"/>
    <EventRecordID>320413</EventRecordID>
    <Correlation/>
    <Execution ProcessID="2140" ThreadID="1764"/>
    <Channel>Microsoft-Windows-Sysmon/Operational</Channel>
    <Computer>WS-DRAMIREZ-01.meridianhcs.local</Computer>
    <Security UserID="S-1-5-18"/>
  </System>
  <EventData>
    
    <Data Name="RuleName">-</Data>
    <Data Name="UtcTime">2024-03-18 14:12:07.364</Data>
    <Data Name="ProcessGuid">{5af96291-094b-65e7-3c02-00108c04be3d}</Data>
    <Data Name="ProcessId">5796</Data>
    <Data Name="QueryName">20.2.10.10.in-addr.arpa</Data>
    <Data Name="QueryStatus">0</Data>
    <Data Name="QueryResults">FILE-SRV-01.meridianhcs.local;</Data>
    <Data Name="Image">C:\Windows\System32\svchost.exe</Data>
    <Data Name="User">NT AUTHORITY\NETWORK SERVICE</Data>
    
  </EventData>
</Event>
<Event xmlns="http://schemas.microsoft.com/win/2004/08/events/event">
  <System>
    <Provider Name="Microsoft-Windows-Sysmon" Guid="{5770385f-c22a-43e0-bf4c-06f5698ffbd9}"/>
    <EventID>1</EventID>
    <Version>5</Version>
    <Level>4</Level>
    <Task>1</Task>
    <Opcode>0</Opcode>
    <Keywords>0x8000000000000000</Keywords>
    <TimeCreated SystemTime="2024-03-18T14:12:28.2312398Z"/>
    <EventRecordID>320415</EventRecordID>
    <Correlation/>
    <Execution ProcessID="2140" ThreadID="1764"/>
    <Channel>Microsoft-Windows-Sysmon/Operational</Channel>
    <Computer>WS-DRAMIREZ-01.meridianhcs.local</Computer>
    <Security UserID="S-1-5-18"/>
  </System>
  <EventData>
    
    <Data Name="RuleName">-</Data>
    <Data Name="UtcTime">2024-03-18 14:12:28.231</Data>
    <Data Name="ProcessGuid">{5af96291-4bcc-65f8-6302-00003b6702ba}</Data>
    <Data Name="ProcessId">7472</Data>
    <Data Name="Image">C:\Program Files (x86)\Google\Update\GoogleUpdate.exe</Data>
    <Data Name="FileVersion">-</Data>
    <Data Name="Description">-</Data>
    <Data Name="Product">-</Data>
    <Data Name="Company">-</Data>
    <Data Name="OriginalFileName">-</Data>
    <Data Name="CommandLine">GoogleUpdate.exe /ua /installsource scheduler</Data>
    <Data Name="CurrentDirectory">C:\Windows\System32\</Data>
    <Data Name="User">NT AUTHORITY\SYSTEM</Data>
    <Data Name="LogonGuid">{00000000-0000-0000-0000-000000000000}</Data>
    <Data Name="LogonId">0x3e7</Data>
    <Data Name="TerminalSessionId">0</Data>
    <Data Name="IntegrityLevel">System</Data>
    <Data Name="Hashes">SHA1=D9FE4B92F2C9B1D411D184AE298BC894EC34E01C,MD5=3EA26D4DC231E707F381457BE5B7F630,SHA256=A05D0FD4B6E5C7BCEEF5EF11B0D6A620C7DACFC4466AA26827C1F1970D856F7B,IMPHASH=188C0D091CA47B911BDE1BE8B135534D</Data>
    <Data Name="ParentProcessGuid">{5af96291-095e-65e7-5502-00006cf4f8ec}</Data>
    <Data Name="ParentProcessId">5936</Data>
    <Data Name="ParentImage">C:\Windows\System32\taskhostw.exe</Data>
    <Data Name="ParentCommandLine">taskhostw.exe</Data>
    <Data Name="ParentUser">NT AUTHORITY\SYSTEM</Data>
    
  </EventData>
</Event>
<Event xmlns="http://schemas.microsoft.com/win/2004/08/events/event">
  <System>
    <Provider Name="Microsoft-Windows-Sysmon" Guid="{5770385f-c22a-43e0-bf4c-06f5698ffbd9}"/>
    <EventID>13</EventID>
    <Version>2</Version>
    <Level>4</Level>
    <Task>13</Task>
    <Opcode>0</Opcode>
    <Keywords>0x8000000000000000</Keywords>
    <TimeCreated SystemTime="2024-03-18T14:12:46.5874178Z"/>
    <EventRecordID>320417</EventRecordID>
    <Correlation/>
    <Execution ProcessID="2140" ThreadID="4452"/>
    <Channel>Microsoft-Windows-Sysmon/Operational</Channel>
    <Computer>WS-DRAMIREZ-01.meridianhcs.local</Computer>
    <Security UserID="S-1-5-18"/>
  </System>
  <EventData>
    
    <Data Name="RuleName">-</Data>
    <Data Name="EventType">SetValue</Data>
    <Data Name="UtcTime">2024-03-18 14:12:46.587</Data>
    <Data Name="ProcessGuid">{5af96291-0965-65e7-2f00-00108a7cce94}</Data>
    <Data Name="ProcessId">6020</Data>
    <Data Name="Image">C:\Windows\explorer.exe</Data>
    <Data Name="TargetObject">HKU\S-1-5-21-1537687973-2974994828-3875246326-1006\Software\Microsoft\Windows\CurrentVersion\Explorer\UserAssist\{CEBFF5CD-ACE2-4F4F-9178-9926F41749EA}\Count\HRZR_EHACNGU:P:\Cebtenz Svyrf\Zvpebfbsg Bssvpr\ebbg\Bssvpr16\JVAJBEQ.RKR</Data>
    <Data Name="Details">CB 8C 84 4E 12 D6 A3 E9 7F CA 8E 27 4C AC E1 12 39 80 8B 30 15 B9 B2 95 77 96 37 C5 70 E8 FE 1A 1D 15 B3 E8 4C F8 42 42 F9 6B 49 E0 9B FC 91 E6</Data>
    <Data Name="User">MERIDIANHCS\diego.ramirez</Data>
    
  </EventData>
</Event>
<Event xmlns="http://schemas.microsoft.com/win/2004/08/events/event">
  <System>
    <Provider Name="Microsoft-Windows-Sysmon" Guid="{5770385f-c22a-43e0-bf4c-06f5698ffbd9}"/>
    <EventID>13</EventID>
    <Version>2</Version>
    <Level>4</Level>
    <Task>13</Task>
    <Opcode>0</Opcode>
    <Keywords>0x8000000000000000</Keywords>
    <TimeCreated SystemTime="2024-03-18T14:12:49.3689470Z"/>
    <EventRecordID>320418</EventRecordID>
    <Correlation/>
    <Execution ProcessID="2140" ThreadID="1764"/>
    <Channel>Microsoft-Windows-Sysmon/Operational</Channel>
    <Computer>WS-DRAMIREZ-01.meridianhcs.local</Computer>
    <Security UserID="S-1-5-18"/>
  </System>
  <EventData>
    
    <Data Name="RuleName">-</Data>
    <Data Name="EventType">SetValue</Data>
    <Data Name="UtcTime">2024-03-18 14:12:49.368</Data>
    <Data Name="ProcessGuid">{5af96291-094b-65e7-3c02-00108c04be3d}</Data>
    <Data Name="ProcessId">5796</Data>
    <Data Name="Image">C:\Windows\System32\svchost.exe</Data>
    <Data Name="TargetObject">HKLM\SYSTEM\CurrentControlSet\Services\Tcpip\Parameters\DhcpNameServer</Data>
    <Data Name="Details">10.10.2.10</Data>
    <Data Name="User">NT AUTHORITY\NETWORK SERVICE</Data>
    
  </EventData>
</Event>
<Event xmlns="http://schemas.microsoft.com/win/2004/08/events/event">
  <System>
    <Provider Name="Microsoft-Windows-Sysmon" Guid="{5770385f-c22a-43e0-bf4c-06f5698ffbd9}"/>
    <EventID>5</EventID>
    <Version>3</Version>
    <Level>4</Level>
    <Task>5</Task>
    <Opcode>0</Opcode>
    <Keywords>0x8000000000000000</Keywords>
    <TimeCreated SystemTime="2024-03-18T14:17:25.9132671Z"/>
    <EventRecordID>320433</EventRecordID>
    <Correlation/>
    <Execution ProcessID="2140" ThreadID="1752"/>
    <Channel>Microsoft-Windows-Sysmon/Operational</Channel>
    <Computer>WS-DRAMIREZ-01.meridianhcs.local</Computer>
    <Security UserID="S-1-5-18"/>
  </System>
  <EventData>
    
    <Data Name="RuleName">-</Data>
    <Data Name="UtcTime">2024-03-18 14:17:25.913</Data>
    <Data Name="ProcessGuid">{5af96291-2a10-65f8-b602-00102b996a5f}</Data>
    <Data Name="ProcessId">6872</Data>
    <Data Name="Image">C:\Program Files\Microsoft Office\root\Office16\OUTLOOK.EXE</Data>
    <Data Name="User">MERIDIANHCS\diego.ramirez</Data>
    
  </EventData>
</Event>
<Event xmlns="http://schemas.microsoft.com/win/2004/08/events/event">
  <System>
    <Provider Name="Microsoft-Windows-Sysmon" Guid="{5770385f-c22a-43e0-bf4c-06f5698ffbd9}"/>
    <EventID>10</EventID>
    <Version>3</Version>
    <Level>4</Level>
    <Task>10</Task>
    <Opcode>0</Opcode>
    <Keywords>0x8000000000000000</Keywords>
    <TimeCreated SystemTime="2024-03-18T14:18:10.8689804Z"/>
    <EventRecordID>320434</EventRecordID>
    <Correlation/>
    <Execution ProcessID="2140" ThreadID="4452"/>
    <Channel>Microsoft-Windows-Sysmon/Operational</Channel>
    <Computer>WS-DRAMIREZ-01.meridianhcs.local</Computer>
    <Security UserID="S-1-5-18"/>
  </System>
  <EventData>
    
    <Data Name="RuleName">-</Data>
    <Data Name="UtcTime">2024-03-18 14:18:10.868</Data>
    <Data Name="SourceProcessGUID">{5af96291-0954-65e7-1802-0000015e389a}</Data>
    <Data Name="SourceProcessId">5848</Data>
    <Data Name="SourceThreadId">4892</Data>
    <Data Name="SourceImage">C:\ProgramData\Microsoft\Windows Defender\Platform\4.18.2301.6-0\MsMpEng.exe</Data>
    <Data Name="TargetProcessGUID">{5af96291-0965-65e7-2f00-00108a7cce94}</Data>
    <Data Name="TargetProcessId">6020</Data>
    <Data Name="TargetImage">C:\Windows\explorer.exe</Data>
    <Data Name="GrantedAccess">0x1010</Data>
    <Data Name="CallTrace">C:\Windows\SYSTEM32\ntdll.dll+9E8F4|C:\Windows\SYSTEM32\KERNELBASE.dll+2C389|C:\Windows\SYSTEM32\advapi32.dll+4CB40</Data>
    <Data Name="SourceUser">NT AUTHORITY\SYSTEM</Data>
    <Data Name="TargetUser">MERIDIANHCS\diego.ramirez</Data>
    
  </EventData>
</Event>
<Event xmlns="http://schemas.microsoft.com/win/2004/08/events/event">
  <System>
    <Provider Name="Microsoft-Windows-Sysmon" Guid="{5770385f-c22a-43e0-bf4c-06f5698ffbd9}"/>
    <EventID>13</EventID>
    <Version>2</Version>
    <Level>4</Level>
    <Task>13</Task>
    <Opcode>0</Opcode>
    <Keywords>0x8000000000000000</Keywords>
    <TimeCreated SystemTime="2024-03-18T14:18:15.7488653Z"/>
    <EventRecordID>320435</EventRecordID>
    <Correlation/>
    <Execution ProcessID="2140" ThreadID="1764"/>
    <Channel>Microsoft-Windows-Sysmon/Operational</Channel>
    <Computer>WS-DRAMIREZ-01.meridianhcs.local</Computer>
    <Security UserID="S-1-5-18"/>
  </System>
  <EventData>
    
    <Data Name="RuleName">-</Data>
    <Data Name="EventType">SetValue</Data>
    <Data Name="UtcTime">2024-03-18 14:18:15.748</Data>
    <Data Name="ProcessGuid">{5af96291-0965-65e7-2f00-00108a7cce94}</Data>
    <Data Name="ProcessId">6020</Data>
    <Data Name="Image">C:\Windows\explorer.exe</Data>
    <Data Name="TargetObject">HKU\S-1-5-21-1537687973-2974994828-3875246326-1006\Software\Microsoft\Windows\CurrentVersion\Explorer\UserAssist\{CEBFF5CD-ACE2-4F4F-9178-9926F41749EA}\Count\HRZR_EHACNGU:P:\Jvaqbjf\Flfgrz32\zfgfp.rkr</Data>
    <Data Name="Details">71 1F 3F 3E 33 A7 0B 7B 44 31 DB 63 96 BE 5F A7 36 39 FC 00 33 CD 86 13 5F BC 31 55 7D 34 58 F3 83 43 07 CB 08 C2 A6 37</Data>
    <Data Name="User">MERIDIANHCS\diego.ramirez</Data>
    
  </EventData>
</Event>
<Event xmlns="http://schemas.microsoft.com/win/2004/08/events/event">
  <System>
    <Provider Name="Microsoft-Windows-Sysmon" Guid="{5770385f-c22a-43e0-bf4c-06f5698ffbd9}"/>
    <EventID>22</EventID>
    <Version>5</Version>
    <Level>4</Level>
    <Task>22</Task>
    <Opcode>0</Opcode>
    <Keywords>0x8000000000000000</Keywords>
    <TimeCreated SystemTime="2024-03-18T14:19:28.9099653Z"/>
    <EventRecordID>320439</EventRecordID>
    <Correlation/>
    <Execution ProcessID="2140" ThreadID="1752"/>
    <Channel>Microsoft-Windows-Sysmon/Operational</Channel>
    <Computer>WS-DRAMIREZ-01.meridianhcs.local</Computer>
    <Security UserID="S-1-5-18"/>
  </System>
  <EventData>
    
    <Data Name="RuleName">-</Data>
    <Data Name="UtcTime">2024-03-18 14:19:28.909</Data>
    <Data Name="ProcessGuid">{5af96291-094b-65e7-3c02-00108c04be3d}</Data>
    <Data Name="ProcessId">5796</Data>
    <Data Name="QueryName">APP-INT-01.meridianhcs.local</Data>
    <Data Name="QueryStatus">0</Data>
    <Data Name="QueryResults">10.10.2.30;</Data>
    <Data Name="Image">C:\Windows\System32\svchost.exe</Data>
    <Data Name="User">NT AUTHORITY\NETWORK SERVICE</Data>
    
  </EventData>
</Event>
<Event xmlns="http://schemas.microsoft.com/win/2004/08/events/event">
  <System>
    <Provider Name="Microsoft-Windows-Sysmon" Guid="{5770385f-c22a-43e0-bf4c-06f5698ffbd9}"/>
    <EventID>5</EventID>
    <Version>3</Version>
    <Level>4</Level>
    <Task>5</Task>
    <Opcode>0</Opcode>
    <Keywords>0x8000000000000000</Keywords>
    <TimeCreated SystemTime="2024-03-18T14:19:48.6815653Z"/>
    <EventRecordID>320440</EventRecordID>
    <Correlation/>
    <Execution ProcessID="2140" ThreadID="1764"/>
    <Channel>Microsoft-Windows-Sysmon/Operational</Channel>
    <Computer>WS-DRAMIREZ-01.meridianhcs.local</Computer>
    <Security UserID="S-1-5-18"/>
  </System>
  <EventData>
    
    <Data Name="RuleName">-</Data>
    <Data Name="UtcTime">2024-03-18 14:19:48.681</Data>
    <Data Name="ProcessGuid">{5af96291-4bcc-65f8-6302-00003b6702ba}</Data>
    <Data Name="ProcessId">7472</Data>
    <Data Name="Image">C:\Program Files (x86)\Google\Update\GoogleUpdate.exe</Data>
    <Data Name="User">NT AUTHORITY\SYSTEM</Data>
    
  </EventData>
</Event>
<Event xmlns="http://schemas.microsoft.com/win/2004/08/events/event">
  <System>
    <Provider Name="Microsoft-Windows-Sysmon" Guid="{5770385f-c22a-43e0-bf4c-06f5698ffbd9}"/>
    <EventID>3</EventID>
    <Version>5</Version>
    <Level>4</Level>
    <Task>3</Task>
    <Opcode>0</Opcode>
    <Keywords>0x8000000000000000</Keywords>
    <TimeCreated SystemTime="2024-03-18T14:22:04.5897957Z"/>
    <EventRecordID>320444</EventRecordID>
    <Correlation/>
    <Execution ProcessID="2140" ThreadID="1764"/>
    <Channel>Microsoft-Windows-Sysmon/Operational</Channel>
    <Computer>WS-DRAMIREZ-01.meridianhcs.local</Computer>
    <Security UserID="S-1-5-18"/>
  </System>
  <EventData>
    
    <Data Name="RuleName">-</Data>
    <Data Name="UtcTime">2024-03-18 14:22:04.589</Data>
    <Data Name="ProcessGuid">{5af96291-35aa-65f8-9c02-0010ae778c01}</Data>
    <Data Name="ProcessId">6628</Data>
    <Data Name="Image">C:\Program Files\Google\Chrome\Application\chrome.exe</Data>
    <Data Name="User">MERIDIANHCS\diego.ramirez</Data>
    <Data Name="Protocol">tcp</Data>
    <Data Name="Initiated">true</Data>
    <Data Name="SourceIsIpv6">false</Data>
    <Data Name="SourceIp">10.10.1.34</Data>
    <Data Name="SourceHostname">WS-DRAMIREZ-01.meridianhcs.local</Data>
    <Data Name="SourcePort">52286</Data>
    <Data Name="SourcePortName">-</Data>
    <Data Name="DestinationIsIpv6">false</Data>
    <Data Name="DestinationIp">10.10.3.20</Data>
    <Data Name="DestinationHostname">PROXY-01.meridianhcs.local</Data>
    <Data Name="DestinationPort">8080</Data>
    <Data Name="DestinationPortName">http-alt</Data>
    
  </EventData>
</Event>
<Event xmlns="http://schemas.microsoft.com/win/2004/08/events/event">
  <System>
    <Provider Name="Microsoft-Windows-Sysmon" Guid="{5770385f-c22a-43e0-bf4c-06f5698ffbd9}"/>
    <EventID>22</EventID>
    <Version>5</Version>
    <Level>4</Level>
    <Task>22</Task>
    <Opcode>0</Opcode>
    <Keywords>0x8000000000000000</Keywords>
    <TimeCreated SystemTime="2024-03-18T14:22:23.2025248Z"/>
    <EventRecordID>320446</EventRecordID>
    <Correlation/>
    <Execution ProcessID="2140" ThreadID="1752"/>
    <Channel>Microsoft-Windows-Sysmon/Operational</Channel>
    <Computer>WS-DRAMIREZ-01.meridianhcs.local</Computer>
    <Security UserID="S-1-5-18"/>
  </System>
  <EventData>
    
    <Data Name="RuleName">-</Data>
    <Data Name="UtcTime">2024-03-18 14:22:23.202</Data>
    <Data Name="ProcessGuid">{5af96291-094c-65e7-4a02-0000862ccb47}</Data>
    <Data Name="ProcessId">5800</Data>
    <Data Name="QueryName">DC-01.meridianhcs.local</Data>
    <Data Name="QueryStatus">0</Data>
    <Data Name="QueryResults">10.10.2.10;</Data>
    <Data Name="Image">C:\Windows\System32\svchost.exe</Data>
    <Data Name="User">NT AUTHORITY\LOCAL SERVICE</Data>
    
  </EventData>
</Event>
<Event xmlns="http://schemas.microsoft.com/win/2004/08/events/event">
  <System>
    <Provider Name="Microsoft-Windows-Sysmon" Guid="{5770385f-c22a-43e0-bf4c-06f5698ffbd9}"/>
    <EventID>3</EventID>
    <Version>5</Version>
    <Level>4</Level>
    <Task>3</Task>
    <Opcode>0</Opcode>
    <Keywords>0x8000000000000000</Keywords>
    <TimeCreated SystemTime="2024-03-18T14:22:27.5135378Z"/>
    <EventRecordID>320447</EventRecordID>
    <Correlation/>
    <Execution ProcessID="2140" ThreadID="1764"/>
    <Channel>Microsoft-Windows-Sysmon/Operational</Channel>
    <Computer>WS-DRAMIREZ-01.meridianhcs.local</Computer>
    <Security UserID="S-1-5-18"/>
  </System>
  <EventData>
    
    <Data Name="RuleName">-</Data>
    <Data Name="UtcTime">2024-03-18 14:22:27.513</Data>
    <Data Name="ProcessGuid">{5af96291-3f35-65f8-c000-001011251539}</Data>
    <Data Name="ProcessId">7072</Data>
    <Data Name="Image">C:\Program Files\Google\Chrome\Application\chrome.exe</Data>
    <Data Name="User">MERIDIANHCS\marcus.chen</Data>
    <Data Name="Protocol">tcp</Data>
    <Data Name="Initiated">true</Data>
    <Data Name="SourceIsIpv6">false</Data>
    <Data Name="SourceIp">10.10.1.34</Data>
    <Data Name="SourceHostname">WS-DRAMIREZ-01.meridianhcs.local</Data>
    <Data Name="SourcePort">64549</Data>
    <Data Name="SourcePortName">-</Data>
    <Data Name="DestinationIsIpv6">false</Data>
    <Data Name="DestinationIp">10.10.3.20</Data>
    <Data Name="DestinationHostname">PROXY-01.meridianhcs.local</Data>
    <Data Name="DestinationPort">8080</Data>
    <Data Name="DestinationPortName">http-alt</Data>
    
  </EventData>
</Event>
<Event xmlns="http://schemas.microsoft.com/win/2004/08/events/event">
  <System>
    <Provider Name="Microsoft-Windows-Sysmon" Guid="{5770385f-c22a-43e0-bf4c-06f5698ffbd9}"/>
    <EventID>3</EventID>
    <Version>5</Version>
    <Level>4</Level>
    <Task>3</Task>
    <Opcode>0</Opcode>
    <Keywords>0x8000000000000000</Keywords>
    <TimeCreated SystemTime="2024-03-18T14:22:29.4137882Z"/>
    <EventRecordID>320448</EventRecordID>
    <Correlation/>
    <Execution ProcessID="2140" ThreadID="1764"/>
    <Channel>Microsoft-Windows-Sysmon/Operational</Channel>
    <Computer>WS-DRAMIREZ-01.meridianhcs.local</Computer>
    <Security UserID="S-1-5-18"/>
  </System>
  <EventData>
    
    <Data Name="RuleName">-</Data>
    <Data Name="UtcTime">2024-03-18 14:22:29.413</Data>
    <Data Name="ProcessGuid">{5af96291-3f35-65f8-c000-001011251539}</Data>
    <Data Name="ProcessId">7072</Data>
    <Data Name="Image">C:\Program Files\Google\Chrome\Application\chrome.exe</Data>
    <Data Name="User">MERIDIANHCS\marcus.chen</Data>
    <Data Name="Protocol">tcp</Data>
    <Data Name="Initiated">true</Data>
    <Data Name="SourceIsIpv6">false</Data>
    <Data Name="SourceIp">10.10.1.34</Data>
    <Data Name="SourceHostname">WS-DRAMIREZ-01.meridianhcs.local</Data>
    <Data Name="SourcePort">63269</Data>
    <Data Name="SourcePortName">-</Data>
    <Data Name="DestinationIsIpv6">false</Data>
    <Data Name="DestinationIp">10.10.3.20</Data>
    <Data Name="DestinationHostname">PROXY-01.meridianhcs.local</Data>
    <Data Name="DestinationPort">8080</Data>
    <Data Name="DestinationPortName">http-alt</Data>
    
  </EventData>
</Event>
<Event xmlns="http://schemas.microsoft.com/win/2004/08/events/event">
  <System>
    <Provider Name="Microsoft-Windows-Sysmon" Guid="{5770385f-c22a-43e0-bf4c-06f5698ffbd9}"/>
    <EventID>3</EventID>
    <Version>5</Version>
    <Level>4</Level>
    <Task>3</Task>
    <Opcode>0</Opcode>
    <Keywords>0x8000000000000000</Keywords>
    <TimeCreated SystemTime="2024-03-18T14:22:29.4784345Z"/>
    <EventRecordID>320449</EventRecordID>
    <Correlation/>
    <Execution ProcessID="2140" ThreadID="1764"/>
    <Channel>Microsoft-Windows-Sysmon/Operational</Channel>
    <Computer>WS-DRAMIREZ-01.meridianhcs.local</Computer>
    <Security UserID="S-1-5-18"/>
  </System>
  <EventData>
    
    <Data Name="RuleName">-</Data>
    <Data Name="UtcTime">2024-03-18 14:22:29.478</Data>
    <Data Name="ProcessGuid">{5af96291-3f35-65f8-c000-001011251539}</Data>
    <Data Name="ProcessId">7072</Data>
    <Data Name="Image">C:\Program Files\Google\Chrome\Application\chrome.exe</Data>
    <Data Name="User">MERIDIANHCS\marcus.chen</Data>
    <Data Name="Protocol">tcp</Data>
    <Data Name="Initiated">true</Data>
    <Data Name="SourceIsIpv6">false</Data>
    <Data Name="SourceIp">10.10.1.34</Data>
    <Data Name="SourceHostname">WS-DRAMIREZ-01.meridianhcs.local</Data>
    <Data Name="SourcePort">51569</Data>
    <Data Name="SourcePortName">-</Data>
    <Data Name="DestinationIsIpv6">false</Data>
    <Data Name="DestinationIp">10.10.3.20</Data>
    <Data Name="DestinationHostname">PROXY-01.meridianhcs.local</Data>
    <Data Name="DestinationPort">8080</Data>
    <Data Name="DestinationPortName">http-alt</Data>
    
  </EventData>
</Event>
<Event xmlns="http://schemas.microsoft.com/win/2004/08/events/event">
  <System>
    <Provider Name="Microsoft-Windows-Sysmon" Guid="{5770385f-c22a-43e0-bf4c-06f5698ffbd9}"/>
    <EventID>10</EventID>
    <Version>3</Version>
    <Level>4</Level>
    <Task>10</Task>
    <Opcode>0</Opcode>
    <Keywords>0x8000000000000000</Keywords>
    <TimeCreated SystemTime="2024-03-18T14:22:59.0281441Z"/>
    <EventRecordID>320450</EventRecordID>
    <Correlation/>
    <Execution ProcessID="2140" ThreadID="4452"/>
    <Channel>Microsoft-Windows-Sysmon/Operational</Channel>
    <Computer>WS-DRAMIREZ-01.meridianhcs.local</Computer>
    <Security UserID="S-1-5-18"/>
  </System>
  <EventData>
    
    <Data Name="RuleName">-</Data>
    <Data Name="UtcTime">2024-03-18 14:22:59.028</Data>
    <Data Name="SourceProcessGUID">{5af96291-095b-65e7-b500-00106e45dd8f}</Data>
    <Data Name="SourceProcessId">5928</Data>
    <Data Name="SourceThreadId">5044</Data>
    <Data Name="SourceImage">C:\ProgramData\Microsoft\Windows Defender\Platform\4.18.2301.6-0\MpCmdRun.exe</Data>
    <Data Name="TargetProcessGUID">{5af96291-0954-65e7-1802-0000015e389a}</Data>
    <Data Name="TargetProcessId">5848</Data>
    <Data Name="TargetImage">C:\ProgramData\Microsoft\Windows Defender\Platform\4.18.2301.6-0\MsMpEng.exe</Data>
    <Data Name="GrantedAccess">0x1010</Data>
    <Data Name="CallTrace">C:\Windows\SYSTEM32\ntdll.dll+9E8F4|C:\Windows\SYSTEM32\KERNELBASE.dll+2C389|C:\Windows\SYSTEM32\advapi32.dll+4CB40</Data>
    <Data Name="SourceUser">NT AUTHORITY\SYSTEM</Data>
    <Data Name="TargetUser">NT AUTHORITY\SYSTEM</Data>
    
  </EventData>
</Event>
