<Event xmlns="http://schemas.microsoft.com/win/2004/08/events/event">
  <System>
    
    <Provider Name="Microsoft-Windows-Security-Auditing" Guid="{54849625-5478-4994-a5ba-3e3b0328c30d}"/>
    
    <EventID>4689</EventID>
    <Version>0</Version>
    <Level>0</Level>
    <Task>13313</Task>
    <Opcode>0</Opcode>
    <Keywords>0x8020000000000000</Keywords>
    <TimeCreated SystemTime="2024-03-18T14:06:53.8982829Z"/>
    <EventRecordID>130371</EventRecordID>
    <Correlation/>
    <Execution ProcessID="4" ThreadID="136"/>
    <Channel>Security</Channel>
    <Computer>WS-AJOHNSON-01.meridianhcs.local</Computer>
    
    <Security/>
    
  </System>
  
  <EventData>
    
    <Data Name="SubjectUserSid">S-1-5-18</Data>
    <Data Name="SubjectUserName">SYSTEM</Data>
    <Data Name="SubjectDomainName">NT AUTHORITY</Data>
    <Data Name="SubjectLogonId">0x3e7</Data>
    <Data Name="Status">0x0</Data>
    <Data Name="ProcessId">0x174c</Data>
    <Data Name="ProcessName">C:\Windows\System32\conhost.exe</Data>
    
  </EventData>
  
</Event>
<Event xmlns="http://schemas.microsoft.com/win/2004/08/events/event">
  <System>
    
    <Provider Name="Microsoft-Windows-Security-Auditing" Guid="{54849625-5478-4994-a5ba-3e3b0328c30d}"/>
    
    <EventID>4688</EventID>
    <Version>2</Version>
    <Level>0</Level>
    <Task>13312</Task>
    <Opcode>0</Opcode>
    <Keywords>0x8020000000000000</Keywords>
    <TimeCreated SystemTime="2024-03-18T14:09:08.1863489Z"/>
    <EventRecordID>130380</EventRecordID>
    <Correlation/>
    <Execution ProcessID="4" ThreadID="5760"/>
    <Channel>Security</Channel>
    <Computer>WS-AJOHNSON-01.meridianhcs.local</Computer>
    
    <Security/>
    
  </System>
  
  <EventData>
    
    <Data Name="SubjectUserSid">S-1-5-18</Data>
    <Data Name="SubjectUserName">SYSTEM</Data>
    <Data Name="SubjectDomainName">NT AUTHORITY</Data>
    <Data Name="SubjectLogonId">0x3e7</Data>
    <Data Name="NewProcessId">0x1758</Data>
    <Data Name="NewProcessName">C:\Windows\System32\SearchProtocolHost.exe</Data>
    <Data Name="TokenElevationType">%%1936</Data>
    <Data Name="ProcessId">0x1214</Data>
    <Data Name="CommandLine">SearchProtocolHost.exe Global\UsGthrFltPipeMssGthrPipe_S-1-5-21-334145201-482839916-347292786-7584 Global\UsGthrCtrlFltPipeMssGthrPipe_S-1-5-21-334145201-482839916-347292786-7584 1</Data>
    <Data Name="TargetUserSid">S-1-0-0</Data>
    <Data Name="TargetUserName">-</Data>
    <Data Name="TargetDomainName">-</Data>
    <Data Name="TargetLogonId">0x0</Data>
    <Data Name="ParentProcessName">C:\Windows\System32\SearchIndexer.exe</Data>
    <Data Name="MandatoryLabel">S-1-16-16384</Data>
    
  </EventData>
  
</Event>
<Event xmlns="http://schemas.microsoft.com/win/2004/08/events/event">
  <System>
    
    <Provider Name="Microsoft-Windows-Security-Auditing" Guid="{54849625-5478-4994-a5ba-3e3b0328c30d}"/>
    
    <EventID>5156</EventID>
    <Version>1</Version>
    <Level>0</Level>
    <Task>12810</Task>
    <Opcode>0</Opcode>
    <Keywords>0x8020000000000000</Keywords>
    <TimeCreated SystemTime="2024-03-18T14:09:37.4441956Z"/>
    <EventRecordID>130381</EventRecordID>
    <Correlation/>
    <Execution ProcessID="4" ThreadID="148"/>
    <Channel>Security</Channel>
    <Computer>WS-AJOHNSON-01.meridianhcs.local</Computer>
    
    <Security/>
    
  </System>
  
  <EventData>
    
    <Data Name="ProcessID">4292</Data>
    <Data Name="Application">\device\harddiskvolume1\windows\system32\lsass.exe</Data>
    <Data Name="Direction">%%14593</Data>
    <Data Name="SourceAddress">10.10.1.35</Data>
    <Data Name="SourcePort">59486</Data>
    <Data Name="DestAddress">10.10.2.10</Data>
    <Data Name="DestPort">88</Data>
    <Data Name="Protocol">6</Data>
    <Data Name="FilterRTID">32090</Data>
    <Data Name="LayerName">%%14611</Data>
    <Data Name="LayerRTID">48</Data>
    <Data Name="RemoteUserID">S-1-0-0</Data>
    <Data Name="RemoteMachineID">S-1-0-0</Data>
    
  </EventData>
  
</Event>
<Event xmlns="http://schemas.microsoft.com/win/2004/08/events/event">
  <System>
    
    <Provider Name="Microsoft-Windows-Security-Auditing" Guid="{54849625-5478-4994-a5ba-3e3b0328c30d}"/>
    
    <EventID>4688</EventID>
    <Version>2</Version>
    <Level>0</Level>
    <Task>13312</Task>
    <Opcode>0</Opcode>
    <Keywords>0x8020000000000000</Keywords>
    <TimeCreated SystemTime="2024-03-18T14:10:50.3340829Z"/>
    <EventRecordID>130383</EventRecordID>
    <Correlation/>
    <Execution ProcessID="4" ThreadID="9672"/>
    <Channel>Security</Channel>
    <Computer>WS-AJOHNSON-01.meridianhcs.local</Computer>
    
    <Security/>
    
  </System>
  
  <EventData>
    
    <Data Name="SubjectUserSid">S-1-5-21-1537687973-2974994828-3875246326-1007</Data>
    <Data Name="SubjectUserName">aisha.johnson</Data>
    <Data Name="SubjectDomainName">MERIDIANHCS</Data>
    <Data Name="SubjectLogonId">0x264d6a1</Data>
    <Data Name="NewProcessId">0x16a4</Data>
    <Data Name="NewProcessName">C:\Program Files\Mozilla Firefox\firefox.exe</Data>
    <Data Name="TokenElevationType">%%1938</Data>
    <Data Name="ProcessId">0x1660</Data>
    <Data Name="CommandLine">"C:\Program Files\Mozilla Firefox\firefox.exe" -osint -url https://www.citrix.com/</Data>
    <Data Name="TargetUserSid">S-1-0-0</Data>
    <Data Name="TargetUserName">-</Data>
    <Data Name="TargetDomainName">-</Data>
    <Data Name="TargetLogonId">0x0</Data>
    <Data Name="ParentProcessName">C:\Windows\explorer.exe</Data>
    <Data Name="MandatoryLabel">S-1-16-8192</Data>
    
  </EventData>
  
</Event>
<Event xmlns="http://schemas.microsoft.com/win/2004/08/events/event">
  <System>
    
    <Provider Name="Microsoft-Windows-Security-Auditing" Guid="{54849625-5478-4994-a5ba-3e3b0328c30d}"/>
    
    <EventID>5156</EventID>
    <Version>1</Version>
    <Level>0</Level>
    <Task>12810</Task>
    <Opcode>0</Opcode>
    <Keywords>0x8020000000000000</Keywords>
    <TimeCreated SystemTime="2024-03-18T14:11:12.6839557Z"/>
    <EventRecordID>130386</EventRecordID>
    <Correlation/>
    <Execution ProcessID="4" ThreadID="116"/>
    <Channel>Security</Channel>
    <Computer>WS-AJOHNSON-01.meridianhcs.local</Computer>
    
    <Security/>
    
  </System>
  
  <EventData>
    
    <Data Name="ProcessID">5796</Data>
    <Data Name="Application">\device\harddiskvolume1\program files\mozilla firefox\firefox.exe</Data>
    <Data Name="Direction">%%14593</Data>
    <Data Name="SourceAddress">10.10.1.35</Data>
    <Data Name="SourcePort">51807</Data>
    <Data Name="DestAddress">10.10.3.20</Data>
    <Data Name="DestPort">8080</Data>
    <Data Name="Protocol">6</Data>
    <Data Name="FilterRTID">32157</Data>
    <Data Name="LayerName">%%14611</Data>
    <Data Name="LayerRTID">48</Data>
    <Data Name="RemoteUserID">S-1-0-0</Data>
    <Data Name="RemoteMachineID">S-1-0-0</Data>
    
  </EventData>
  
</Event>
<Event xmlns="http://schemas.microsoft.com/win/2004/08/events/event">
  <System>
    
    <Provider Name="Microsoft-Windows-Security-Auditing" Guid="{54849625-5478-4994-a5ba-3e3b0328c30d}"/>
    
    <EventID>4688</EventID>
    <Version>2</Version>
    <Level>0</Level>
    <Task>13312</Task>
    <Opcode>0</Opcode>
    <Keywords>0x8020000000000000</Keywords>
    <TimeCreated SystemTime="2024-03-18T14:11:16.3148192Z"/>
    <EventRecordID>130387</EventRecordID>
    <Correlation/>
    <Execution ProcessID="4" ThreadID="6496"/>
    <Channel>Security</Channel>
    <Computer>WS-AJOHNSON-01.meridianhcs.local</Computer>
    
    <Security/>
    
  </System>
  
  <EventData>
    
    <Data Name="SubjectUserSid">S-1-5-21-1537687973-2974994828-3875246326-1007</Data>
    <Data Name="SubjectUserName">aisha.johnson</Data>
    <Data Name="SubjectDomainName">MERIDIANHCS</Data>
    <Data Name="SubjectLogonId">0x264d6a1</Data>
    <Data Name="NewProcessId">0x17cc</Data>
    <Data Name="NewProcessName">C:\Windows\System32\OpenSSH\ssh.exe</Data>
    <Data Name="TokenElevationType">%%1938</Data>
    <Data Name="ProcessId">0x169c</Data>
    <Data Name="CommandLine">ssh.exe aisha.johnson@MAIL-CLIN-01.meridianhcs.local</Data>
    <Data Name="TargetUserSid">S-1-0-0</Data>
    <Data Name="TargetUserName">-</Data>
    <Data Name="TargetDomainName">-</Data>
    <Data Name="TargetLogonId">0x0</Data>
    <Data Name="ParentProcessName">C:\Windows\System32\WindowsPowerShell\v1.0\powershell.exe</Data>
    <Data Name="MandatoryLabel">S-1-16-8192</Data>
    
  </EventData>
  
</Event>
<Event xmlns="http://schemas.microsoft.com/win/2004/08/events/event">
  <System>
    
    <Provider Name="Microsoft-Windows-Security-Auditing" Guid="{54849625-5478-4994-a5ba-3e3b0328c30d}"/>
    
    <EventID>5156</EventID>
    <Version>1</Version>
    <Level>0</Level>
    <Task>12810</Task>
    <Opcode>0</Opcode>
    <Keywords>0x8020000000000000</Keywords>
    <TimeCreated SystemTime="2024-03-18T14:11:26.1471611Z"/>
    <EventRecordID>130389</EventRecordID>
    <Correlation/>
    <Execution ProcessID="4" ThreadID="92"/>
    <Channel>Security</Channel>
    <Computer>WS-AJOHNSON-01.meridianhcs.local</Computer>
    
    <Security/>
    
  </System>
  
  <EventData>
    
    <Data Name="ProcessID">4528</Data>
    <Data Name="Application">\device\harddiskvolume1\windows\system32\svchost.exe</Data>
    <Data Name="Direction">%%14593</Data>
    <Data Name="SourceAddress">10.10.1.35</Data>
    <Data Name="SourcePort">54159</Data>
    <Data Name="DestAddress">10.10.2.10</Data>
    <Data Name="DestPort">53</Data>
    <Data Name="Protocol">17</Data>
    <Data Name="FilterRTID">32077</Data>
    <Data Name="LayerName">%%14611</Data>
    <Data Name="LayerRTID">48</Data>
    <Data Name="RemoteUserID">S-1-0-0</Data>
    <Data Name="RemoteMachineID">S-1-0-0</Data>
    
  </EventData>
  
</Event>
<Event xmlns="http://schemas.microsoft.com/win/2004/08/events/event">
  <System>
    
    <Provider Name="Microsoft-Windows-Security-Auditing" Guid="{54849625-5478-4994-a5ba-3e3b0328c30d}"/>
    
    <EventID>5156</EventID>
    <Version>1</Version>
    <Level>0</Level>
    <Task>12810</Task>
    <Opcode>0</Opcode>
    <Keywords>0x8020000000000000</Keywords>
    <TimeCreated SystemTime="2024-03-18T14:11:26.1581120Z"/>
    <EventRecordID>130390</EventRecordID>
    <Correlation/>
    <Execution ProcessID="4" ThreadID="144"/>
    <Channel>Security</Channel>
    <Computer>WS-AJOHNSON-01.meridianhcs.local</Computer>
    
    <Security/>
    
  </System>
  
  <EventData>
    
    <Data Name="ProcessID">4528</Data>
    <Data Name="Application">\device\harddiskvolume1\windows\system32\svchost.exe</Data>
    <Data Name="Direction">%%14593</Data>
    <Data Name="SourceAddress">10.10.1.35</Data>
    <Data Name="SourcePort">51065</Data>
    <Data Name="DestAddress">10.10.2.10</Data>
    <Data Name="DestPort">53</Data>
    <Data Name="Protocol">17</Data>
    <Data Name="FilterRTID">32077</Data>
    <Data Name="LayerName">%%14611</Data>
    <Data Name="LayerRTID">48</Data>
    <Data Name="RemoteUserID">S-1-0-0</Data>
    <Data Name="RemoteMachineID">S-1-0-0</Data>
    
  </EventData>
  
</Event>
<Event xmlns="http://schemas.microsoft.com/win/2004/08/events/event">
  <System>
    
    <Provider Name="Microsoft-Windows-Security-Auditing" Guid="{54849625-5478-4994-a5ba-3e3b0328c30d}"/>
    
    <EventID>5156</EventID>
    <Version>1</Version>
    <Level>0</Level>
    <Task>12810</Task>
    <Opcode>0</Opcode>
    <Keywords>0x8020000000000000</Keywords>
    <TimeCreated SystemTime="2024-03-18T14:11:27.8769662Z"/>
    <EventRecordID>130391</EventRecordID>
    <Correlation/>
    <Execution ProcessID="4" ThreadID="188"/>
    <Channel>Security</Channel>
    <Computer>WS-AJOHNSON-01.meridianhcs.local</Computer>
    
    <Security/>
    
  </System>
  
  <EventData>
    
    <Data Name="ProcessID">6092</Data>
    <Data Name="Application">\device\harddiskvolume1\windows\system32\openssh\ssh.exe</Data>
    <Data Name="Direction">%%14593</Data>
    <Data Name="SourceAddress">10.10.1.35</Data>
    <Data Name="SourcePort">59405</Data>
    <Data Name="DestAddress">10.10.2.26</Data>
    <Data Name="DestPort">22</Data>
    <Data Name="Protocol">6</Data>
    <Data Name="FilterRTID">32188</Data>
    <Data Name="LayerName">%%14611</Data>
    <Data Name="LayerRTID">48</Data>
    <Data Name="RemoteUserID">S-1-0-0</Data>
    <Data Name="RemoteMachineID">S-1-0-0</Data>
    
  </EventData>
  
</Event>
<Event xmlns="http://schemas.microsoft.com/win/2004/08/events/event">
  <System>
    
    <Provider Name="Microsoft-Windows-Security-Auditing" Guid="{54849625-5478-4994-a5ba-3e3b0328c30d}"/>
    
    <EventID>5156</EventID>
    <Version>1</Version>
    <Level>0</Level>
    <Task>12810</Task>
    <Opcode>0</Opcode>
    <Keywords>0x8020000000000000</Keywords>
    <TimeCreated SystemTime="2024-03-18T14:11:28.9113019Z"/>
    <EventRecordID>130392</EventRecordID>
    <Correlation/>
    <Execution ProcessID="4" ThreadID="180"/>
    <Channel>Security</Channel>
    <Computer>WS-AJOHNSON-01.meridianhcs.local</Computer>
    
    <Security/>
    
  </System>
  
  <EventData>
    
    <Data Name="ProcessID">4292</Data>
    <Data Name="Application">\device\harddiskvolume1\windows\system32\lsass.exe</Data>
    <Data Name="Direction">%%14593</Data>
    <Data Name="SourceAddress">10.10.1.35</Data>
    <Data Name="SourcePort">49856</Data>
    <Data Name="DestAddress">10.10.2.10</Data>
    <Data Name="DestPort">88</Data>
    <Data Name="Protocol">17</Data>
    <Data Name="FilterRTID">32091</Data>
    <Data Name="LayerName">%%14611</Data>
    <Data Name="LayerRTID">48</Data>
    <Data Name="RemoteUserID">S-1-0-0</Data>
    <Data Name="RemoteMachineID">S-1-0-0</Data>
    
  </EventData>
  
</Event>
<Event xmlns="http://schemas.microsoft.com/win/2004/08/events/event">
  <System>
    
    <Provider Name="Microsoft-Windows-Security-Auditing" Guid="{54849625-5478-4994-a5ba-3e3b0328c30d}"/>
    
    <EventID>4689</EventID>
    <Version>0</Version>
    <Level>0</Level>
    <Task>13313</Task>
    <Opcode>0</Opcode>
    <Keywords>0x8020000000000000</Keywords>
    <TimeCreated SystemTime="2024-03-18T14:11:40.5696280Z"/>
    <EventRecordID>130393</EventRecordID>
    <Correlation/>
    <Execution ProcessID="4" ThreadID="108"/>
    <Channel>Security</Channel>
    <Computer>WS-AJOHNSON-01.meridianhcs.local</Computer>
    
    <Security/>
    
  </System>
  
  <EventData>
    
    <Data Name="SubjectUserSid">S-1-5-18</Data>
    <Data Name="SubjectUserName">SYSTEM</Data>
    <Data Name="SubjectDomainName">NT AUTHORITY</Data>
    <Data Name="SubjectLogonId">0x3e7</Data>
    <Data Name="Status">0x0</Data>
    <Data Name="ProcessId">0x1704</Data>
    <Data Name="ProcessName">C:\Windows\System32\wbem\WmiPrvSE.exe</Data>
    
  </EventData>
  
</Event>
<Event xmlns="http://schemas.microsoft.com/win/2004/08/events/event">
  <System>
    
    <Provider Name="Microsoft-Windows-Security-Auditing" Guid="{54849625-5478-4994-a5ba-3e3b0328c30d}"/>
    
    <EventID>5156</EventID>
    <Version>1</Version>
    <Level>0</Level>
    <Task>12810</Task>
    <Opcode>0</Opcode>
    <Keywords>0x8020000000000000</Keywords>
    <TimeCreated SystemTime="2024-03-18T14:12:01.7075676Z"/>
    <EventRecordID>130394</EventRecordID>
    <Correlation/>
    <Execution ProcessID="4" ThreadID="72"/>
    <Channel>Security</Channel>
    <Computer>WS-AJOHNSON-01.meridianhcs.local</Computer>
    
    <Security/>
    
  </System>
  
  <EventData>
    
    <Data Name="ProcessID">5796</Data>
    <Data Name="Application">\device\harddiskvolume1\program files\mozilla firefox\firefox.exe</Data>
    <Data Name="Direction">%%14593</Data>
    <Data Name="SourceAddress">10.10.1.35</Data>
    <Data Name="SourcePort">50591</Data>
    <Data Name="DestAddress">10.10.3.20</Data>
    <Data Name="DestPort">8080</Data>
    <Data Name="Protocol">6</Data>
    <Data Name="FilterRTID">32157</Data>
    <Data Name="LayerName">%%14611</Data>
    <Data Name="LayerRTID">48</Data>
    <Data Name="RemoteUserID">S-1-0-0</Data>
    <Data Name="RemoteMachineID">S-1-0-0</Data>
    
  </EventData>
  
</Event>
<Event xmlns="http://schemas.microsoft.com/win/2004/08/events/event">
  <System>
    
    <Provider Name="Microsoft-Windows-Security-Auditing" Guid="{54849625-5478-4994-a5ba-3e3b0328c30d}"/>
    
    <EventID>5156</EventID>
    <Version>1</Version>
    <Level>0</Level>
    <Task>12810</Task>
    <Opcode>0</Opcode>
    <Keywords>0x8020000000000000</Keywords>
    <TimeCreated SystemTime="2024-03-18T14:12:16.3804760Z"/>
    <EventRecordID>130395</EventRecordID>
    <Correlation/>
    <Execution ProcessID="4" ThreadID="148"/>
    <Channel>Security</Channel>
    <Computer>WS-AJOHNSON-01.meridianhcs.local</Computer>
    
    <Security/>
    
  </System>
  
  <EventData>
    
    <Data Name="ProcessID">4528</Data>
    <Data Name="Application">\device\harddiskvolume1\windows\system32\svchost.exe</Data>
    <Data Name="Direction">%%14593</Data>
    <Data Name="SourceAddress">10.10.1.35</Data>
    <Data Name="SourcePort">50677</Data>
    <Data Name="DestAddress">10.10.2.10</Data>
    <Data Name="DestPort">53</Data>
    <Data Name="Protocol">17</Data>
    <Data Name="FilterRTID">32077</Data>
    <Data Name="LayerName">%%14611</Data>
    <Data Name="LayerRTID">48</Data>
    <Data Name="RemoteUserID">S-1-0-0</Data>
    <Data Name="RemoteMachineID">S-1-0-0</Data>
    
  </EventData>
  
</Event>
<Event xmlns="http://schemas.microsoft.com/win/2004/08/events/event">
  <System>
    
    <Provider Name="Microsoft-Windows-Security-Auditing" Guid="{54849625-5478-4994-a5ba-3e3b0328c30d}"/>
    
    <EventID>5156</EventID>
    <Version>1</Version>
    <Level>0</Level>
    <Task>12810</Task>
    <Opcode>0</Opcode>
    <Keywords>0x8020000000000000</Keywords>
    <TimeCreated SystemTime="2024-03-18T14:12:18.3714259Z"/>
    <EventRecordID>130396</EventRecordID>
    <Correlation/>
    <Execution ProcessID="4" ThreadID="180"/>
    <Channel>Security</Channel>
    <Computer>WS-AJOHNSON-01.meridianhcs.local</Computer>
    
    <Security/>
    
  </System>
  
  <EventData>
    
    <Data Name="ProcessID">4</Data>
    <Data Name="Application">System</Data>
    <Data Name="Direction">%%14593</Data>
    <Data Name="SourceAddress">10.10.1.35</Data>
    <Data Name="SourcePort">56196</Data>
    <Data Name="DestAddress">10.10.2.20</Data>
    <Data Name="DestPort">445</Data>
    <Data Name="Protocol">6</Data>
    <Data Name="FilterRTID">32125</Data>
    <Data Name="LayerName">%%14611</Data>
    <Data Name="LayerRTID">48</Data>
    <Data Name="RemoteUserID">S-1-0-0</Data>
    <Data Name="RemoteMachineID">S-1-0-0</Data>
    
  </EventData>
  
</Event>
<Event xmlns="http://schemas.microsoft.com/win/2004/08/events/event">
  <System>
    
    <Provider Name="Microsoft-Windows-Security-Auditing" Guid="{54849625-5478-4994-a5ba-3e3b0328c30d}"/>
    
    <EventID>5156</EventID>
    <Version>1</Version>
    <Level>0</Level>
    <Task>12810</Task>
    <Opcode>0</Opcode>
    <Keywords>0x8020000000000000</Keywords>
    <TimeCreated SystemTime="2024-03-18T14:12:44.9134015Z"/>
    <EventRecordID>130397</EventRecordID>
    <Correlation/>
    <Execution ProcessID="4" ThreadID="200"/>
    <Channel>Security</Channel>
    <Computer>WS-AJOHNSON-01.meridianhcs.local</Computer>
    
    <Security/>
    
  </System>
  
  <EventData>
    
    <Data Name="ProcessID">4292</Data>
    <Data Name="Application">\device\harddiskvolume1\windows\system32\lsass.exe</Data>
    <Data Name="Direction">%%14593</Data>
    <Data Name="SourceAddress">10.10.1.35</Data>
    <Data Name="SourcePort">56168</Data>
    <Data Name="DestAddress">10.10.2.10</Data>
    <Data Name="DestPort">88</Data>
    <Data Name="Protocol">17</Data>
    <Data Name="FilterRTID">32091</Data>
    <Data Name="LayerName">%%14611</Data>
    <Data Name="LayerRTID">48</Data>
    <Data Name="RemoteUserID">S-1-0-0</Data>
    <Data Name="RemoteMachineID">S-1-0-0</Data>
    
  </EventData>
  
</Event>
<Event xmlns="http://schemas.microsoft.com/win/2004/08/events/event">
  <System>
    
    <Provider Name="Microsoft-Windows-Security-Auditing" Guid="{54849625-5478-4994-a5ba-3e3b0328c30d}"/>
    
    <EventID>5156</EventID>
    <Version>1</Version>
    <Level>0</Level>
    <Task>12810</Task>
    <Opcode>0</Opcode>
    <Keywords>0x8020000000000000</Keywords>
    <TimeCreated SystemTime="2024-03-18T14:13:59.9300363Z"/>
    <EventRecordID>130399</EventRecordID>
    <Correlation/>
    <Execution ProcessID="4" ThreadID="80"/>
    <Channel>Security</Channel>
    <Computer>WS-AJOHNSON-01.meridianhcs.local</Computer>
    
    <Security/>
    
  </System>
  
  <EventData>
    
    <Data Name="ProcessID">4500</Data>
    <Data Name="Application">\device\harddiskvolume1\windows\system32\svchost.exe</Data>
    <Data Name="Direction">%%14593</Data>
    <Data Name="SourceAddress">10.10.1.35</Data>
    <Data Name="SourcePort">64504</Data>
    <Data Name="DestAddress">10.10.2.10</Data>
    <Data Name="DestPort">445</Data>
    <Data Name="Protocol">6</Data>
    <Data Name="FilterRTID">32125</Data>
    <Data Name="LayerName">%%14611</Data>
    <Data Name="LayerRTID">48</Data>
    <Data Name="RemoteUserID">S-1-0-0</Data>
    <Data Name="RemoteMachineID">S-1-0-0</Data>
    
  </EventData>
  
</Event>
<Event xmlns="http://schemas.microsoft.com/win/2004/08/events/event">
  <System>
    
    <Provider Name="Microsoft-Windows-Security-Auditing" Guid="{54849625-5478-4994-a5ba-3e3b0328c30d}"/>
    
    <EventID>5156</EventID>
    <Version>1</Version>
    <Level>0</Level>
    <Task>12810</Task>
    <Opcode>0</Opcode>
    <Keywords>0x8020000000000000</Keywords>
    <TimeCreated SystemTime="2024-03-18T14:14:24.5663521Z"/>
    <EventRecordID>130400</EventRecordID>
    <Correlation/>
    <Execution ProcessID="4" ThreadID="116"/>
    <Channel>Security</Channel>
    <Computer>WS-AJOHNSON-01.meridianhcs.local</Computer>
    
    <Security/>
    
  </System>
  
  <EventData>
    
    <Data Name="ProcessID">5796</Data>
    <Data Name="Application">\device\harddiskvolume1\program files\mozilla firefox\firefox.exe</Data>
    <Data Name="Direction">%%14593</Data>
    <Data Name="SourceAddress">10.10.1.35</Data>
    <Data Name="SourcePort">58443</Data>
    <Data Name="DestAddress">10.10.3.20</Data>
    <Data Name="DestPort">8080</Data>
    <Data Name="Protocol">6</Data>
    <Data Name="FilterRTID">32157</Data>
    <Data Name="LayerName">%%14611</Data>
    <Data Name="LayerRTID">48</Data>
    <Data Name="RemoteUserID">S-1-0-0</Data>
    <Data Name="RemoteMachineID">S-1-0-0</Data>
    
  </EventData>
  
</Event>
<Event xmlns="http://schemas.microsoft.com/win/2004/08/events/event">
  <System>
    
    <Provider Name="Microsoft-Windows-Security-Auditing" Guid="{54849625-5478-4994-a5ba-3e3b0328c30d}"/>
    
    <EventID>5156</EventID>
    <Version>1</Version>
    <Level>0</Level>
    <Task>12810</Task>
    <Opcode>0</Opcode>
    <Keywords>0x8020000000000000</Keywords>
    <TimeCreated SystemTime="2024-03-18T14:14:52.5395183Z"/>
    <EventRecordID>130401</EventRecordID>
    <Correlation/>
    <Execution ProcessID="4" ThreadID="176"/>
    <Channel>Security</Channel>
    <Computer>WS-AJOHNSON-01.meridianhcs.local</Computer>
    
    <Security/>
    
  </System>
  
  <EventData>
    
    <Data Name="ProcessID">4292</Data>
    <Data Name="Application">\device\harddiskvolume1\windows\system32\lsass.exe</Data>
    <Data Name="Direction">%%14593</Data>
    <Data Name="SourceAddress">10.10.1.35</Data>
    <Data Name="SourcePort">59051</Data>
    <Data Name="DestAddress">10.10.2.10</Data>
    <Data Name="DestPort">88</Data>
    <Data Name="Protocol">17</Data>
    <Data Name="FilterRTID">32091</Data>
    <Data Name="LayerName">%%14611</Data>
    <Data Name="LayerRTID">48</Data>
    <Data Name="RemoteUserID">S-1-0-0</Data>
    <Data Name="RemoteMachineID">S-1-0-0</Data>
    
  </EventData>
  
</Event>
<Event xmlns="http://schemas.microsoft.com/win/2004/08/events/event">
  <System>
    
    <Provider Name="Microsoft-Windows-Security-Auditing" Guid="{54849625-5478-4994-a5ba-3e3b0328c30d}"/>
    
    <EventID>5156</EventID>
    <Version>1</Version>
    <Level>0</Level>
    <Task>12810</Task>
    <Opcode>0</Opcode>
    <Keywords>0x8020000000000000</Keywords>
    <TimeCreated SystemTime="2024-03-18T14:15:30.7881378Z"/>
    <EventRecordID>130404</EventRecordID>
    <Correlation/>
    <Execution ProcessID="4" ThreadID="112"/>
    <Channel>Security</Channel>
    <Computer>WS-AJOHNSON-01.meridianhcs.local</Computer>
    
    <Security/>
    
  </System>
  
  <EventData>
    
    <Data Name="ProcessID">5796</Data>
    <Data Name="Application">\device\harddiskvolume1\program files\mozilla firefox\firefox.exe</Data>
    <Data Name="Direction">%%14593</Data>
    <Data Name="SourceAddress">10.10.1.35</Data>
    <Data Name="SourcePort">58115</Data>
    <Data Name="DestAddress">10.10.3.20</Data>
    <Data Name="DestPort">8080</Data>
    <Data Name="Protocol">6</Data>
    <Data Name="FilterRTID">32157</Data>
    <Data Name="LayerName">%%14611</Data>
    <Data Name="LayerRTID">48</Data>
    <Data Name="RemoteUserID">S-1-0-0</Data>
    <Data Name="RemoteMachineID">S-1-0-0</Data>
    
  </EventData>
  
</Event>
<Event xmlns="http://schemas.microsoft.com/win/2004/08/events/event">
  <System>
    
    <Provider Name="Microsoft-Windows-Security-Auditing" Guid="{54849625-5478-4994-a5ba-3e3b0328c30d}"/>
    
    <EventID>5156</EventID>
    <Version>1</Version>
    <Level>0</Level>
    <Task>12810</Task>
    <Opcode>0</Opcode>
    <Keywords>0x8020000000000000</Keywords>
    <TimeCreated SystemTime="2024-03-18T14:15:37.7901918Z"/>
    <EventRecordID>130405</EventRecordID>
    <Correlation/>
    <Execution ProcessID="4" ThreadID="180"/>
    <Channel>Security</Channel>
    <Computer>WS-AJOHNSON-01.meridianhcs.local</Computer>
    
    <Security/>
    
  </System>
  
  <EventData>
    
    <Data Name="ProcessID">4528</Data>
    <Data Name="Application">\device\harddiskvolume1\windows\system32\svchost.exe</Data>
    <Data Name="Direction">%%14593</Data>
    <Data Name="SourceAddress">10.10.1.35</Data>
    <Data Name="SourcePort">61305</Data>
    <Data Name="DestAddress">10.10.2.10</Data>
    <Data Name="DestPort">53</Data>
    <Data Name="Protocol">17</Data>
    <Data Name="FilterRTID">32077</Data>
    <Data Name="LayerName">%%14611</Data>
    <Data Name="LayerRTID">48</Data>
    <Data Name="RemoteUserID">S-1-0-0</Data>
    <Data Name="RemoteMachineID">S-1-0-0</Data>
    
  </EventData>
  
</Event>
<Event xmlns="http://schemas.microsoft.com/win/2004/08/events/event">
  <System>
    
    <Provider Name="Microsoft-Windows-Security-Auditing" Guid="{54849625-5478-4994-a5ba-3e3b0328c30d}"/>
    
    <EventID>5156</EventID>
    <Version>1</Version>
    <Level>0</Level>
    <Task>12810</Task>
    <Opcode>0</Opcode>
    <Keywords>0x8020000000000000</Keywords>
    <TimeCreated SystemTime="2024-03-18T14:16:55.4713714Z"/>
    <EventRecordID>130408</EventRecordID>
    <Correlation/>
    <Execution ProcessID="4" ThreadID="52"/>
    <Channel>Security</Channel>
    <Computer>WS-AJOHNSON-01.meridianhcs.local</Computer>
    
    <Security/>
    
  </System>
  
  <EventData>
    
    <Data Name="ProcessID">4292</Data>
    <Data Name="Application">\device\harddiskvolume1\windows\system32\lsass.exe</Data>
    <Data Name="Direction">%%14593</Data>
    <Data Name="SourceAddress">10.10.1.35</Data>
    <Data Name="SourcePort">55159</Data>
    <Data Name="DestAddress">10.10.2.10</Data>
    <Data Name="DestPort">389</Data>
    <Data Name="Protocol">6</Data>
    <Data Name="FilterRTID">32110</Data>
    <Data Name="LayerName">%%14611</Data>
    <Data Name="LayerRTID">48</Data>
    <Data Name="RemoteUserID">S-1-0-0</Data>
    <Data Name="RemoteMachineID">S-1-0-0</Data>
    
  </EventData>
  
</Event>
<Event xmlns="http://schemas.microsoft.com/win/2004/08/events/event">
  <System>
    
    <Provider Name="Microsoft-Windows-Security-Auditing" Guid="{54849625-5478-4994-a5ba-3e3b0328c30d}"/>
    
    <EventID>4689</EventID>
    <Version>0</Version>
    <Level>0</Level>
    <Task>13313</Task>
    <Opcode>0</Opcode>
    <Keywords>0x8020000000000000</Keywords>
    <TimeCreated SystemTime="2024-03-18T14:17:12.6637941Z"/>
    <EventRecordID>130409</EventRecordID>
    <Correlation/>
    <Execution ProcessID="4" ThreadID="404"/>
    <Channel>Security</Channel>
    <Computer>WS-AJOHNSON-01.meridianhcs.local</Computer>
    
    <Security/>
    
  </System>
  
  <EventData>
    
    <Data Name="SubjectUserSid">S-1-5-18</Data>
    <Data Name="SubjectUserName">SYSTEM</Data>
    <Data Name="SubjectDomainName">NT AUTHORITY</Data>
    <Data Name="SubjectLogonId">0x3e7</Data>
    <Data Name="Status">0x0</Data>
    <Data Name="ProcessId">0x1708</Data>
    <Data Name="ProcessName">C:\Windows\System32\wbem\WmiPrvSE.exe</Data>
    
  </EventData>
  
</Event>
<Event xmlns="http://schemas.microsoft.com/win/2004/08/events/event">
  <System>
    
    <Provider Name="Microsoft-Windows-Security-Auditing" Guid="{54849625-5478-4994-a5ba-3e3b0328c30d}"/>
    
    <EventID>5156</EventID>
    <Version>1</Version>
    <Level>0</Level>
    <Task>12810</Task>
    <Opcode>0</Opcode>
    <Keywords>0x8020000000000000</Keywords>
    <TimeCreated SystemTime="2024-03-18T14:17:43.3707528Z"/>
    <EventRecordID>130412</EventRecordID>
    <Correlation/>
    <Execution ProcessID="4" ThreadID="160"/>
    <Channel>Security</Channel>
    <Computer>WS-AJOHNSON-01.meridianhcs.local</Computer>
    
    <Security/>
    
  </System>
  
  <EventData>
    
    <Data Name="ProcessID">4292</Data>
    <Data Name="Application">\device\harddiskvolume1\windows\system32\lsass.exe</Data>
    <Data Name="Direction">%%14593</Data>
    <Data Name="SourceAddress">10.10.1.35</Data>
    <Data Name="SourcePort">49219</Data>
    <Data Name="DestAddress">10.10.2.10</Data>
    <Data Name="DestPort">88</Data>
    <Data Name="Protocol">17</Data>
    <Data Name="FilterRTID">32091</Data>
    <Data Name="LayerName">%%14611</Data>
    <Data Name="LayerRTID">48</Data>
    <Data Name="RemoteUserID">S-1-0-0</Data>
    <Data Name="RemoteMachineID">S-1-0-0</Data>
    
  </EventData>
  
</Event>
<Event xmlns="http://schemas.microsoft.com/win/2004/08/events/event">
  <System>
    
    <Provider Name="Microsoft-Windows-Security-Auditing" Guid="{54849625-5478-4994-a5ba-3e3b0328c30d}"/>
    
    <EventID>4689</EventID>
    <Version>0</Version>
    <Level>0</Level>
    <Task>13313</Task>
    <Opcode>0</Opcode>
    <Keywords>0x8020000000000000</Keywords>
    <TimeCreated SystemTime="2024-03-18T14:18:02.0575601Z"/>
    <EventRecordID>130413</EventRecordID>
    <Correlation/>
    <Execution ProcessID="4" ThreadID="336"/>
    <Channel>Security</Channel>
    <Computer>WS-AJOHNSON-01.meridianhcs.local</Computer>
    
    <Security/>
    
  </System>
  
  <EventData>
    
    <Data Name="SubjectUserSid">S-1-5-21-1537687973-2974994828-3875246326-1007</Data>
    <Data Name="SubjectUserName">aisha.johnson</Data>
    <Data Name="SubjectDomainName">MERIDIANHCS</Data>
    <Data Name="SubjectLogonId">0x264d6a1</Data>
    <Data Name="Status">0x0</Data>
    <Data Name="ProcessId">0x1688</Data>
    <Data Name="ProcessName">C:\Windows\System32\OpenSSH\ssh.exe</Data>
    
  </EventData>
  
</Event>
<Event xmlns="http://schemas.microsoft.com/win/2004/08/events/event">
  <System>
    
    <Provider Name="Microsoft-Windows-Security-Auditing" Guid="{54849625-5478-4994-a5ba-3e3b0328c30d}"/>
    
    <EventID>5156</EventID>
    <Version>1</Version>
    <Level>0</Level>
    <Task>12810</Task>
    <Opcode>0</Opcode>
    <Keywords>0x8020000000000000</Keywords>
    <TimeCreated SystemTime="2024-03-18T14:18:05.0361297Z"/>
    <EventRecordID>130414</EventRecordID>
    <Correlation/>
    <Execution ProcessID="4" ThreadID="148"/>
    <Channel>Security</Channel>
    <Computer>WS-AJOHNSON-01.meridianhcs.local</Computer>
    
    <Security/>
    
  </System>
  
  <EventData>
    
    <Data Name="ProcessID">5796</Data>
    <Data Name="Application">\device\harddiskvolume1\program files\mozilla firefox\firefox.exe</Data>
    <Data Name="Direction">%%14593</Data>
    <Data Name="SourceAddress">10.10.1.35</Data>
    <Data Name="SourcePort">64427</Data>
    <Data Name="DestAddress">10.10.3.20</Data>
    <Data Name="DestPort">8080</Data>
    <Data Name="Protocol">6</Data>
    <Data Name="FilterRTID">32157</Data>
    <Data Name="LayerName">%%14611</Data>
    <Data Name="LayerRTID">48</Data>
    <Data Name="RemoteUserID">S-1-0-0</Data>
    <Data Name="RemoteMachineID">S-1-0-0</Data>
    
  </EventData>
  
</Event>
<Event xmlns="http://schemas.microsoft.com/win/2004/08/events/event">
  <System>
    
    <Provider Name="Microsoft-Windows-Security-Auditing" Guid="{54849625-5478-4994-a5ba-3e3b0328c30d}"/>
    
    <EventID>5156</EventID>
    <Version>1</Version>
    <Level>0</Level>
    <Task>12810</Task>
    <Opcode>0</Opcode>
    <Keywords>0x8020000000000000</Keywords>
    <TimeCreated SystemTime="2024-03-18T14:18:14.0825419Z"/>
    <EventRecordID>130416</EventRecordID>
    <Correlation/>
    <Execution ProcessID="4" ThreadID="108"/>
    <Channel>Security</Channel>
    <Computer>WS-AJOHNSON-01.meridianhcs.local</Computer>
    
    <Security/>
    
  </System>
  
  <EventData>
    
    <Data Name="ProcessID">4292</Data>
    <Data Name="Application">\device\harddiskvolume1\windows\system32\lsass.exe</Data>
    <Data Name="Direction">%%14593</Data>
    <Data Name="SourceAddress">10.10.1.35</Data>
    <Data Name="SourcePort">53810</Data>
    <Data Name="DestAddress">10.10.2.10</Data>
    <Data Name="DestPort">88</Data>
    <Data Name="Protocol">17</Data>
    <Data Name="FilterRTID">32091</Data>
    <Data Name="LayerName">%%14611</Data>
    <Data Name="LayerRTID">48</Data>
    <Data Name="RemoteUserID">S-1-0-0</Data>
    <Data Name="RemoteMachineID">S-1-0-0</Data>
    
  </EventData>
  
</Event>
<Event xmlns="http://schemas.microsoft.com/win/2004/08/events/event">
  <System>
    
    <Provider Name="Microsoft-Windows-Security-Auditing" Guid="{54849625-5478-4994-a5ba-3e3b0328c30d}"/>
    
    <EventID>5156</EventID>
    <Version>1</Version>
    <Level>0</Level>
    <Task>12810</Task>
    <Opcode>0</Opcode>
    <Keywords>0x8020000000000000</Keywords>
    <TimeCreated SystemTime="2024-03-18T14:18:18.4793459Z"/>
    <EventRecordID>130417</EventRecordID>
    <Correlation/>
    <Execution ProcessID="4" ThreadID="164"/>
    <Channel>Security</Channel>
    <Computer>WS-AJOHNSON-01.meridianhcs.local</Computer>
    
    <Security/>
    
  </System>
  
  <EventData>
    
    <Data Name="ProcessID">4292</Data>
    <Data Name="Application">\device\harddiskvolume1\windows\system32\lsass.exe</Data>
    <Data Name="Direction">%%14593</Data>
    <Data Name="SourceAddress">10.10.1.35</Data>
    <Data Name="SourcePort">56699</Data>
    <Data Name="DestAddress">10.10.2.10</Data>
    <Data Name="DestPort">88</Data>
    <Data Name="Protocol">17</Data>
    <Data Name="FilterRTID">32091</Data>
    <Data Name="LayerName">%%14611</Data>
    <Data Name="LayerRTID">48</Data>
    <Data Name="RemoteUserID">S-1-0-0</Data>
    <Data Name="RemoteMachineID">S-1-0-0</Data>
    
  </EventData>
  
</Event>
<Event xmlns="http://schemas.microsoft.com/win/2004/08/events/event">
  <System>
    
    <Provider Name="Microsoft-Windows-Security-Auditing" Guid="{54849625-5478-4994-a5ba-3e3b0328c30d}"/>
    
    <EventID>5156</EventID>
    <Version>1</Version>
    <Level>0</Level>
    <Task>12810</Task>
    <Opcode>0</Opcode>
    <Keywords>0x8020000000000000</Keywords>
    <TimeCreated SystemTime="2024-03-18T14:18:21.5976576Z"/>
    <EventRecordID>130418</EventRecordID>
    <Correlation/>
    <Execution ProcessID="4" ThreadID="124"/>
    <Channel>Security</Channel>
    <Computer>WS-AJOHNSON-01.meridianhcs.local</Computer>
    
    <Security/>
    
  </System>
  
  <EventData>
    
    <Data Name="ProcessID">4292</Data>
    <Data Name="Application">\device\harddiskvolume1\windows\system32\lsass.exe</Data>
    <Data Name="Direction">%%14593</Data>
    <Data Name="SourceAddress">10.10.1.35</Data>
    <Data Name="SourcePort">52540</Data>
    <Data Name="DestAddress">10.10.2.10</Data>
    <Data Name="DestPort">88</Data>
    <Data Name="Protocol">17</Data>
    <Data Name="FilterRTID">32091</Data>
    <Data Name="LayerName">%%14611</Data>
    <Data Name="LayerRTID">48</Data>
    <Data Name="RemoteUserID">S-1-0-0</Data>
    <Data Name="RemoteMachineID">S-1-0-0</Data>
    
  </EventData>
  
</Event>
<Event xmlns="http://schemas.microsoft.com/win/2004/08/events/event">
  <System>
    
    <Provider Name="Microsoft-Windows-Security-Auditing" Guid="{54849625-5478-4994-a5ba-3e3b0328c30d}"/>
    
    <EventID>4688</EventID>
    <Version>2</Version>
    <Level>0</Level>
    <Task>13312</Task>
    <Opcode>0</Opcode>
    <Keywords>0x8020000000000000</Keywords>
    <TimeCreated SystemTime="2024-03-18T14:21:43.9617039Z"/>
    <EventRecordID>130424</EventRecordID>
    <Correlation/>
    <Execution ProcessID="4" ThreadID="1256"/>
    <Channel>Security</Channel>
    <Computer>WS-AJOHNSON-01.meridianhcs.local</Computer>
    
    <Security/>
    
  </System>
  
  <EventData>
    
    <Data Name="SubjectUserSid">S-1-5-21-1537687973-2974994828-3875246326-1007</Data>
    <Data Name="SubjectUserName">aisha.johnson</Data>
    <Data Name="SubjectDomainName">MERIDIANHCS</Data>
    <Data Name="SubjectLogonId">0x264d6a1</Data>
    <Data Name="NewProcessId">0x1814</Data>
    <Data Name="NewProcessName">C:\Windows\System32\OpenSSH\ssh.exe</Data>
    <Data Name="TokenElevationType">%%1938</Data>
    <Data Name="ProcessId">0x169c</Data>
    <Data Name="CommandLine">ssh.exe aisha.johnson@APP-INT-01.meridianhcs.local</Data>
    <Data Name="TargetUserSid">S-1-0-0</Data>
    <Data Name="TargetUserName">-</Data>
    <Data Name="TargetDomainName">-</Data>
    <Data Name="TargetLogonId">0x0</Data>
    <Data Name="ParentProcessName">C:\Windows\System32\WindowsPowerShell\v1.0\powershell.exe</Data>
    <Data Name="MandatoryLabel">S-1-16-8192</Data>
    
  </EventData>
  
</Event>
<Event xmlns="http://schemas.microsoft.com/win/2004/08/events/event">
  <System>
    
    <Provider Name="Microsoft-Windows-Security-Auditing" Guid="{54849625-5478-4994-a5ba-3e3b0328c30d}"/>
    
    <EventID>5156</EventID>
    <Version>1</Version>
    <Level>0</Level>
    <Task>12810</Task>
    <Opcode>0</Opcode>
    <Keywords>0x8020000000000000</Keywords>
    <TimeCreated SystemTime="2024-03-18T14:21:57.5611843Z"/>
    <EventRecordID>130425</EventRecordID>
    <Correlation/>
    <Execution ProcessID="4" ThreadID="92"/>
    <Channel>Security</Channel>
    <Computer>WS-AJOHNSON-01.meridianhcs.local</Computer>
    
    <Security/>
    
  </System>
  
  <EventData>
    
    <Data Name="ProcessID">4528</Data>
    <Data Name="Application">\device\harddiskvolume1\windows\system32\svchost.exe</Data>
    <Data Name="Direction">%%14593</Data>
    <Data Name="SourceAddress">10.10.1.35</Data>
    <Data Name="SourcePort">58824</Data>
    <Data Name="DestAddress">10.10.2.10</Data>
    <Data Name="DestPort">53</Data>
    <Data Name="Protocol">17</Data>
    <Data Name="FilterRTID">32077</Data>
    <Data Name="LayerName">%%14611</Data>
    <Data Name="LayerRTID">48</Data>
    <Data Name="RemoteUserID">S-1-0-0</Data>
    <Data Name="RemoteMachineID">S-1-0-0</Data>
    
  </EventData>
  
</Event>
<Event xmlns="http://schemas.microsoft.com/win/2004/08/events/event">
  <System>
    
    <Provider Name="Microsoft-Windows-Security-Auditing" Guid="{54849625-5478-4994-a5ba-3e3b0328c30d}"/>
    
    <EventID>5156</EventID>
    <Version>1</Version>
    <Level>0</Level>
    <Task>12810</Task>
    <Opcode>0</Opcode>
    <Keywords>0x8020000000000000</Keywords>
    <TimeCreated SystemTime="2024-03-18T14:21:59.1084696Z"/>
    <EventRecordID>130426</EventRecordID>
    <Correlation/>
    <Execution ProcessID="4" ThreadID="88"/>
    <Channel>Security</Channel>
    <Computer>WS-AJOHNSON-01.meridianhcs.local</Computer>
    
    <Security/>
    
  </System>
  
  <EventData>
    
    <Data Name="ProcessID">6164</Data>
    <Data Name="Application">\device\harddiskvolume1\windows\system32\openssh\ssh.exe</Data>
    <Data Name="Direction">%%14593</Data>
    <Data Name="SourceAddress">10.10.1.35</Data>
    <Data Name="SourcePort">51013</Data>
    <Data Name="DestAddress">10.10.2.30</Data>
    <Data Name="DestPort">22</Data>
    <Data Name="Protocol">6</Data>
    <Data Name="FilterRTID">32188</Data>
    <Data Name="LayerName">%%14611</Data>
    <Data Name="LayerRTID">48</Data>
    <Data Name="RemoteUserID">S-1-0-0</Data>
    <Data Name="RemoteMachineID">S-1-0-0</Data>
    
  </EventData>
  
</Event>
<Event xmlns="http://schemas.microsoft.com/win/2004/08/events/event">
  <System>
    
    <Provider Name="Microsoft-Windows-Security-Auditing" Guid="{54849625-5478-4994-a5ba-3e3b0328c30d}"/>
    
    <EventID>4688</EventID>
    <Version>2</Version>
    <Level>0</Level>
    <Task>13312</Task>
    <Opcode>0</Opcode>
    <Keywords>0x8020000000000000</Keywords>
    <TimeCreated SystemTime="2024-03-18T14:22:02.0374095Z"/>
    <EventRecordID>130427</EventRecordID>
    <Correlation/>
    <Execution ProcessID="4" ThreadID="8796"/>
    <Channel>Security</Channel>
    <Computer>WS-AJOHNSON-01.meridianhcs.local</Computer>
    
    <Security/>
    
  </System>
  
  <EventData>
    
    <Data Name="SubjectUserSid">S-1-5-18</Data>
    <Data Name="SubjectUserName">SYSTEM</Data>
    <Data Name="SubjectDomainName">NT AUTHORITY</Data>
    <Data Name="SubjectLogonId">0x3e7</Data>
    <Data Name="NewProcessId">0x1774</Data>
    <Data Name="NewProcessName">C:\Program Files\Zoom\bin\ZoomUpdate.exe</Data>
    <Data Name="TokenElevationType">%%1936</Data>
    <Data Name="ProcessId">0x1260</Data>
    <Data Name="CommandLine">ZoomUpdate.exe --mode=silent</Data>
    <Data Name="TargetUserSid">S-1-0-0</Data>
    <Data Name="TargetUserName">-</Data>
    <Data Name="TargetDomainName">-</Data>
    <Data Name="TargetLogonId">0x0</Data>
    <Data Name="ParentProcessName">C:\Windows\System32\taskhostw.exe</Data>
    <Data Name="MandatoryLabel">S-1-16-16384</Data>
    
  </EventData>
  
</Event>
<Event xmlns="http://schemas.microsoft.com/win/2004/08/events/event">
  <System>
    
    <Provider Name="Microsoft-Windows-Security-Auditing" Guid="{54849625-5478-4994-a5ba-3e3b0328c30d}"/>
    
    <EventID>5156</EventID>
    <Version>1</Version>
    <Level>0</Level>
    <Task>12810</Task>
    <Opcode>0</Opcode>
    <Keywords>0x8020000000000000</Keywords>
    <TimeCreated SystemTime="2024-03-18T14:22:23.0451750Z"/>
    <EventRecordID>130430</EventRecordID>
    <Correlation/>
    <Execution ProcessID="4" ThreadID="144"/>
    <Channel>Security</Channel>
    <Computer>WS-AJOHNSON-01.meridianhcs.local</Computer>
    
    <Security/>
    
  </System>
  
  <EventData>
    
    <Data Name="ProcessID">5796</Data>
    <Data Name="Application">\device\harddiskvolume1\program files\mozilla firefox\firefox.exe</Data>
    <Data Name="Direction">%%14593</Data>
    <Data Name="SourceAddress">10.10.1.35</Data>
    <Data Name="SourcePort">61725</Data>
    <Data Name="DestAddress">10.10.3.20</Data>
    <Data Name="DestPort">8080</Data>
    <Data Name="Protocol">6</Data>
    <Data Name="FilterRTID">32157</Data>
    <Data Name="LayerName">%%14611</Data>
    <Data Name="LayerRTID">48</Data>
    <Data Name="RemoteUserID">S-1-0-0</Data>
    <Data Name="RemoteMachineID">S-1-0-0</Data>
    
  </EventData>
  
</Event>
<Event xmlns="http://schemas.microsoft.com/win/2004/08/events/event">
  <System>
    
    <Provider Name="Microsoft-Windows-Security-Auditing" Guid="{54849625-5478-4994-a5ba-3e3b0328c30d}"/>
    
    <EventID>5156</EventID>
    <Version>1</Version>
    <Level>0</Level>
    <Task>12810</Task>
    <Opcode>0</Opcode>
    <Keywords>0x8020000000000000</Keywords>
    <TimeCreated SystemTime="2024-03-18T14:22:24.6921645Z"/>
    <EventRecordID>130431</EventRecordID>
    <Correlation/>
    <Execution ProcessID="4" ThreadID="200"/>
    <Channel>Security</Channel>
    <Computer>WS-AJOHNSON-01.meridianhcs.local</Computer>
    
    <Security/>
    
  </System>
  
  <EventData>
    
    <Data Name="ProcessID">5796</Data>
    <Data Name="Application">\device\harddiskvolume1\program files\mozilla firefox\firefox.exe</Data>
    <Data Name="Direction">%%14593</Data>
    <Data Name="SourceAddress">10.10.1.35</Data>
    <Data Name="SourcePort">58547</Data>
    <Data Name="DestAddress">10.10.3.20</Data>
    <Data Name="DestPort">8080</Data>
    <Data Name="Protocol">6</Data>
    <Data Name="FilterRTID">32157</Data>
    <Data Name="LayerName">%%14611</Data>
    <Data Name="LayerRTID">48</Data>
    <Data Name="RemoteUserID">S-1-0-0</Data>
    <Data Name="RemoteMachineID">S-1-0-0</Data>
    
  </EventData>
  
</Event>
<Event xmlns="http://schemas.microsoft.com/win/2004/08/events/event">
  <System>
    
    <Provider Name="Microsoft-Windows-Security-Auditing" Guid="{54849625-5478-4994-a5ba-3e3b0328c30d}"/>
    
    <EventID>4689</EventID>
    <Version>0</Version>
    <Level>0</Level>
    <Task>13313</Task>
    <Opcode>0</Opcode>
    <Keywords>0x8020000000000000</Keywords>
    <TimeCreated SystemTime="2024-03-18T14:22:41.1974742Z"/>
    <EventRecordID>130432</EventRecordID>
    <Correlation/>
    <Execution ProcessID="4" ThreadID="372"/>
    <Channel>Security</Channel>
    <Computer>WS-AJOHNSON-01.meridianhcs.local</Computer>
    
    <Security/>
    
  </System>
  
  <EventData>
    
    <Data Name="SubjectUserSid">S-1-5-18</Data>
    <Data Name="SubjectUserName">SYSTEM</Data>
    <Data Name="SubjectDomainName">NT AUTHORITY</Data>
    <Data Name="SubjectLogonId">0x3e7</Data>
    <Data Name="Status">0x0</Data>
    <Data Name="ProcessId">0x1774</Data>
    <Data Name="ProcessName">C:\Program Files\Zoom\bin\ZoomUpdate.exe</Data>
    
  </EventData>
  
</Event>
<Event xmlns="http://schemas.microsoft.com/win/2004/08/events/event">
  <System>
    
    <Provider Name="Microsoft-Windows-Security-Auditing" Guid="{54849625-5478-4994-a5ba-3e3b0328c30d}"/>
    
    <EventID>5156</EventID>
    <Version>1</Version>
    <Level>0</Level>
    <Task>12810</Task>
    <Opcode>0</Opcode>
    <Keywords>0x8020000000000000</Keywords>
    <TimeCreated SystemTime="2024-03-18T14:23:15.4316802Z"/>
    <EventRecordID>130434</EventRecordID>
    <Correlation/>
    <Execution ProcessID="4" ThreadID="196"/>
    <Channel>Security</Channel>
    <Computer>WS-AJOHNSON-01.meridianhcs.local</Computer>
    
    <Security/>
    
  </System>
  
  <EventData>
    
    <Data Name="ProcessID">4</Data>
    <Data Name="Application">System</Data>
    <Data Name="Direction">%%14593</Data>
    <Data Name="SourceAddress">10.10.1.35</Data>
    <Data Name="SourcePort">54238</Data>
    <Data Name="DestAddress">10.10.2.20</Data>
    <Data Name="DestPort">445</Data>
    <Data Name="Protocol">6</Data>
    <Data Name="FilterRTID">32125</Data>
    <Data Name="LayerName">%%14611</Data>
    <Data Name="LayerRTID">48</Data>
    <Data Name="RemoteUserID">S-1-0-0</Data>
    <Data Name="RemoteMachineID">S-1-0-0</Data>
    
  </EventData>
  
</Event>
<Event xmlns="http://schemas.microsoft.com/win/2004/08/events/event">
  <System>
    
    <Provider Name="Microsoft-Windows-Security-Auditing" Guid="{54849625-5478-4994-a5ba-3e3b0328c30d}"/>
    
    <EventID>5156</EventID>
    <Version>1</Version>
    <Level>0</Level>
    <Task>12810</Task>
    <Opcode>0</Opcode>
    <Keywords>0x8020000000000000</Keywords>
    <TimeCreated SystemTime="2024-03-18T14:24:08.0484411Z"/>
    <EventRecordID>130435</EventRecordID>
    <Correlation/>
    <Execution ProcessID="4" ThreadID="180"/>
    <Channel>Security</Channel>
    <Computer>WS-AJOHNSON-01.meridianhcs.local</Computer>
    
    <Security/>
    
  </System>
  
  <EventData>
    
    <Data Name="ProcessID">4292</Data>
    <Data Name="Application">\device\harddiskvolume1\windows\system32\lsass.exe</Data>
    <Data Name="Direction">%%14593</Data>
    <Data Name="SourceAddress">10.10.1.35</Data>
    <Data Name="SourcePort">58915</Data>
    <Data Name="DestAddress">10.10.2.10</Data>
    <Data Name="DestPort">88</Data>
    <Data Name="Protocol">6</Data>
    <Data Name="FilterRTID">32090</Data>
    <Data Name="LayerName">%%14611</Data>
    <Data Name="LayerRTID">48</Data>
    <Data Name="RemoteUserID">S-1-0-0</Data>
    <Data Name="RemoteMachineID">S-1-0-0</Data>
    
  </EventData>
  
</Event>
<Event xmlns="http://schemas.microsoft.com/win/2004/08/events/event">
  <System>
    
    <Provider Name="Microsoft-Windows-Security-Auditing" Guid="{54849625-5478-4994-a5ba-3e3b0328c30d}"/>
    
    <EventID>5156</EventID>
    <Version>1</Version>
    <Level>0</Level>
    <Task>12810</Task>
    <Opcode>0</Opcode>
    <Keywords>0x8020000000000000</Keywords>
    <TimeCreated SystemTime="2024-03-18T14:24:19.6911255Z"/>
    <EventRecordID>130438</EventRecordID>
    <Correlation/>
    <Execution ProcessID="4" ThreadID="52"/>
    <Channel>Security</Channel>
    <Computer>WS-AJOHNSON-01.meridianhcs.local</Computer>
    
    <Security/>
    
  </System>
  
  <EventData>
    
    <Data Name="ProcessID">4528</Data>
    <Data Name="Application">\device\harddiskvolume1\windows\system32\svchost.exe</Data>
    <Data Name="Direction">%%14593</Data>
    <Data Name="SourceAddress">10.10.1.35</Data>
    <Data Name="SourcePort">64883</Data>
    <Data Name="DestAddress">10.10.2.10</Data>
    <Data Name="DestPort">53</Data>
    <Data Name="Protocol">17</Data>
    <Data Name="FilterRTID">32077</Data>
    <Data Name="LayerName">%%14611</Data>
    <Data Name="LayerRTID">48</Data>
    <Data Name="RemoteUserID">S-1-0-0</Data>
    <Data Name="RemoteMachineID">S-1-0-0</Data>
    
  </EventData>
  
</Event>
