<Event xmlns="http://schemas.microsoft.com/win/2004/08/events/event">
  <System>
    <Provider Name="Microsoft-Windows-Sysmon" Guid="{5770385f-c22a-43e0-bf4c-06f5698ffbd9}"/>
    <EventID>1</EventID>
    <Version>5</Version>
    <Level>4</Level>
    <Task>1</Task>
    <Opcode>0</Opcode>
    <Keywords>0x8000000000000000</Keywords>
    <TimeCreated SystemTime="2024-03-18T14:39:09.9846667Z"/>
    <EventRecordID>359853</EventRecordID>
    <Correlation/>
    <Execution ProcessID="1888" ThreadID="4520"/>
    <Channel>Microsoft-Windows-Sysmon/Operational</Channel>
    <Computer>WS-EBROOKS-01.meridianhcs.local</Computer>
    <Security UserID="S-1-5-18"/>
  </System>
  <EventData>
    
    <Data Name="RuleName">-</Data>
    <Data Name="UtcTime">2024-03-18 14:39:09.984</Data>
    <Data Name="ProcessGuid">{2fa70b62-520d-65f8-8f00-0010d6693070}</Data>
    <Data Name="ProcessId">4476</Data>
    <Data Name="Image">C:\Windows\System32\SearchProtocolHost.exe</Data>
    <Data Name="FileVersion">10.0.19041.1</Data>
    <Data Name="Description">Microsoft Windows Search Protocol Host</Data>
    <Data Name="Product">Microsoft Windows Operating System</Data>
    <Data Name="Company">Microsoft Corporation</Data>
    <Data Name="OriginalFileName">SearchProtocolHost.exe</Data>
    <Data Name="CommandLine">SearchProtocolHost.exe Global\UsGthrFltPipeMssGthrPipe_S-1-5-19 Global\UsGthrCtrlFltPipeMssGthrPipe_S-1-5-19 1</Data>
    <Data Name="CurrentDirectory">C:\Windows\System32\</Data>
    <Data Name="User">NT AUTHORITY\SYSTEM</Data>
    <Data Name="LogonGuid">{00000000-0000-0000-0000-000000000000}</Data>
    <Data Name="LogonId">0x3e7</Data>
    <Data Name="TerminalSessionId">0</Data>
    <Data Name="IntegrityLevel">System</Data>
    <Data Name="Hashes">SHA1=21EDF7CB23763D4A5D6323FBAAB70C6CAFA2E778,MD5=C555706BB0DBB04D47F8BFE2DEA21A3B,SHA256=D76E1FD0160E7DE0C4B68E8635BA33A2B5DBBB6CDBF9B5062677FA83E89EB54B,IMPHASH=C36297A27D90DC3CE5AA8168165C7C6D</Data>
    <Data Name="ParentProcessGuid">{2fa70b62-b7d1-65e5-8902-00008e496e3e}</Data>
    <Data Name="ParentProcessId">3468</Data>
    <Data Name="ParentImage">C:\Windows\System32\SearchIndexer.exe</Data>
    <Data Name="ParentCommandLine">SearchIndexer.exe</Data>
    <Data Name="ParentUser">NT AUTHORITY\SYSTEM</Data>
    
  </EventData>
</Event>
<Event xmlns="http://schemas.microsoft.com/win/2004/08/events/event">
  <System>
    <Provider Name="Microsoft-Windows-Sysmon" Guid="{5770385f-c22a-43e0-bf4c-06f5698ffbd9}"/>
    <EventID>22</EventID>
    <Version>5</Version>
    <Level>4</Level>
    <Task>22</Task>
    <Opcode>0</Opcode>
    <Keywords>0x8000000000000000</Keywords>
    <TimeCreated SystemTime="2024-03-18T14:39:27.2992040Z"/>
    <EventRecordID>359855</EventRecordID>
    <Correlation/>
    <Execution ProcessID="1888" ThreadID="2740"/>
    <Channel>Microsoft-Windows-Sysmon/Operational</Channel>
    <Computer>WS-EBROOKS-01.meridianhcs.local</Computer>
    <Security UserID="S-1-5-18"/>
  </System>
  <EventData>
    
    <Data Name="RuleName">-</Data>
    <Data Name="UtcTime">2024-03-18 14:39:27.299</Data>
    <Data Name="ProcessGuid">{2fa70b62-b7c9-65e5-5100-000034de5c0f}</Data>
    <Data Name="ProcessId">3404</Data>
    <Data Name="QueryName">DC-01.meridianhcs.local</Data>
    <Data Name="QueryStatus">0</Data>
    <Data Name="QueryResults">10.10.2.10;</Data>
    <Data Name="Image">C:\Windows\System32\svchost.exe</Data>
    <Data Name="User">NT AUTHORITY\LOCAL SERVICE</Data>
    
  </EventData>
</Event>
<Event xmlns="http://schemas.microsoft.com/win/2004/08/events/event">
  <System>
    <Provider Name="Microsoft-Windows-Sysmon" Guid="{5770385f-c22a-43e0-bf4c-06f5698ffbd9}"/>
    <EventID>10</EventID>
    <Version>3</Version>
    <Level>4</Level>
    <Task>10</Task>
    <Opcode>0</Opcode>
    <Keywords>0x8000000000000000</Keywords>
    <TimeCreated SystemTime="2024-03-18T14:39:36.5351023Z"/>
    <EventRecordID>359856</EventRecordID>
    <Correlation/>
    <Execution ProcessID="1888" ThreadID="4520"/>
    <Channel>Microsoft-Windows-Sysmon/Operational</Channel>
    <Computer>WS-EBROOKS-01.meridianhcs.local</Computer>
    <Security UserID="S-1-5-18"/>
  </System>
  <EventData>
    
    <Data Name="RuleName">-</Data>
    <Data Name="UtcTime">2024-03-18 14:39:36.535</Data>
    <Data Name="SourceProcessGUID">{2fa70b62-b7c8-65e5-2302-0010c58b5bba}</Data>
    <Data Name="SourceProcessId">3384</Data>
    <Data Name="SourceThreadId">14168</Data>
    <Data Name="SourceImage">C:\Windows\System32\svchost.exe</Data>
    <Data Name="TargetProcessGUID">{2fa70b62-b7c4-65e5-5c02-0000aeec1202}</Data>
    <Data Name="TargetProcessId">3344</Data>
    <Data Name="TargetImage">C:\Windows\System32\lsass.exe</Data>
    <Data Name="GrantedAccess">0x1000</Data>
    <Data Name="CallTrace">C:\Windows\SYSTEM32\ntdll.dll+9E3A5|C:\Windows\SYSTEM32\KERNELBASE.dll+2E183|C:\Windows\SYSTEM32\combase.dll+28BD4</Data>
    <Data Name="SourceUser">NT AUTHORITY\NETWORK SERVICE</Data>
    <Data Name="TargetUser">NT AUTHORITY\SYSTEM</Data>
    
  </EventData>
</Event>
<Event xmlns="http://schemas.microsoft.com/win/2004/08/events/event">
  <System>
    <Provider Name="Microsoft-Windows-Sysmon" Guid="{5770385f-c22a-43e0-bf4c-06f5698ffbd9}"/>
    <EventID>1</EventID>
    <Version>5</Version>
    <Level>4</Level>
    <Task>1</Task>
    <Opcode>0</Opcode>
    <Keywords>0x8000000000000000</Keywords>
    <TimeCreated SystemTime="2024-03-18T14:42:38.2799241Z"/>
    <EventRecordID>359861</EventRecordID>
    <Correlation/>
    <Execution ProcessID="1888" ThreadID="4520"/>
    <Channel>Microsoft-Windows-Sysmon/Operational</Channel>
    <Computer>WS-EBROOKS-01.meridianhcs.local</Computer>
    <Security UserID="S-1-5-18"/>
  </System>
  <EventData>
    
    <Data Name="RuleName">-</Data>
    <Data Name="UtcTime">2024-03-18 14:42:38.279</Data>
    <Data Name="ProcessGuid">{2fa70b62-52de-65f8-7100-00006da20791}</Data>
    <Data Name="ProcessId">4480</Data>
    <Data Name="Image">C:\Program Files (x86)\Dropbox\Update\DropboxUpdate.exe</Data>
    <Data Name="FileVersion">-</Data>
    <Data Name="Description">-</Data>
    <Data Name="Product">-</Data>
    <Data Name="Company">-</Data>
    <Data Name="OriginalFileName">-</Data>
    <Data Name="CommandLine">DropboxUpdate.exe /svc</Data>
    <Data Name="CurrentDirectory">C:\Windows\System32\</Data>
    <Data Name="User">NT AUTHORITY\SYSTEM</Data>
    <Data Name="LogonGuid">{00000000-0000-0000-0000-000000000000}</Data>
    <Data Name="LogonId">0x3e7</Data>
    <Data Name="TerminalSessionId">0</Data>
    <Data Name="IntegrityLevel">System</Data>
    <Data Name="Hashes">SHA1=9C9553118846730CD57BE76D7FD1D6569396BDDD,MD5=28D8439028ABA7E4A3E3734E1C47A9CC,SHA256=C1E09E737846E713E9AC8D9DB04CB231377706742CC76F187A9C586FE4928980,IMPHASH=E3D92598470BD2B25DC52DD1D8A4CD13</Data>
    <Data Name="ParentProcessGuid">{2fa70b62-b7c4-65e5-d302-001040686874}</Data>
    <Data Name="ParentProcessId">3324</Data>
    <Data Name="ParentImage">C:\Windows\System32\services.exe</Data>
    <Data Name="ParentCommandLine">services.exe</Data>
    <Data Name="ParentUser">NT AUTHORITY\SYSTEM</Data>
    
  </EventData>
</Event>
<Event xmlns="http://schemas.microsoft.com/win/2004/08/events/event">
  <System>
    <Provider Name="Microsoft-Windows-Sysmon" Guid="{5770385f-c22a-43e0-bf4c-06f5698ffbd9}"/>
    <EventID>5</EventID>
    <Version>3</Version>
    <Level>4</Level>
    <Task>5</Task>
    <Opcode>0</Opcode>
    <Keywords>0x8000000000000000</Keywords>
    <TimeCreated SystemTime="2024-03-18T14:43:03.6012996Z"/>
    <EventRecordID>359864</EventRecordID>
    <Correlation/>
    <Execution ProcessID="1888" ThreadID="4520"/>
    <Channel>Microsoft-Windows-Sysmon/Operational</Channel>
    <Computer>WS-EBROOKS-01.meridianhcs.local</Computer>
    <Security UserID="S-1-5-18"/>
  </System>
  <EventData>
    
    <Data Name="RuleName">-</Data>
    <Data Name="UtcTime">2024-03-18 14:43:03.601</Data>
    <Data Name="ProcessGuid">{2fa70b62-52de-65f8-7100-00006da20791}</Data>
    <Data Name="ProcessId">4480</Data>
    <Data Name="Image">C:\Program Files (x86)\Dropbox\Update\DropboxUpdate.exe</Data>
    <Data Name="User">NT AUTHORITY\SYSTEM</Data>
    
  </EventData>
</Event>
<Event xmlns="http://schemas.microsoft.com/win/2004/08/events/event">
  <System>
    <Provider Name="Microsoft-Windows-Sysmon" Guid="{5770385f-c22a-43e0-bf4c-06f5698ffbd9}"/>
    <EventID>1</EventID>
    <Version>5</Version>
    <Level>4</Level>
    <Task>1</Task>
    <Opcode>0</Opcode>
    <Keywords>0x8000000000000000</Keywords>
    <TimeCreated SystemTime="2024-03-18T14:45:21.5826740Z"/>
    <EventRecordID>359868</EventRecordID>
    <Correlation/>
    <Execution ProcessID="1888" ThreadID="2740"/>
    <Channel>Microsoft-Windows-Sysmon/Operational</Channel>
    <Computer>WS-EBROOKS-01.meridianhcs.local</Computer>
    <Security UserID="S-1-5-18"/>
  </System>
  <EventData>
    
    <Data Name="RuleName">-</Data>
    <Data Name="UtcTime">2024-03-18 14:45:21.582</Data>
    <Data Name="ProcessGuid">{2fa70b62-5381-65f8-2500-0000ca872965}</Data>
    <Data Name="ProcessId">4548</Data>
    <Data Name="Image">C:\Program Files (x86)\Dropbox\Update\DropboxUpdate.exe</Data>
    <Data Name="FileVersion">-</Data>
    <Data Name="Description">-</Data>
    <Data Name="Product">-</Data>
    <Data Name="Company">-</Data>
    <Data Name="OriginalFileName">-</Data>
    <Data Name="CommandLine">DropboxUpdate.exe /c</Data>
    <Data Name="CurrentDirectory">C:\Windows\System32\</Data>
    <Data Name="User">NT AUTHORITY\SYSTEM</Data>
    <Data Name="LogonGuid">{00000000-0000-0000-0000-000000000000}</Data>
    <Data Name="LogonId">0x3e7</Data>
    <Data Name="TerminalSessionId">0</Data>
    <Data Name="IntegrityLevel">System</Data>
    <Data Name="Hashes">SHA1=9C9553118846730CD57BE76D7FD1D6569396BDDD,MD5=28D8439028ABA7E4A3E3734E1C47A9CC,SHA256=C1E09E737846E713E9AC8D9DB04CB231377706742CC76F187A9C586FE4928980,IMPHASH=E3D92598470BD2B25DC52DD1D8A4CD13</Data>
    <Data Name="ParentProcessGuid">{2fa70b62-b7db-65e5-1202-0010c9b1d547}</Data>
    <Data Name="ParentProcessId">3732</Data>
    <Data Name="ParentImage">C:\Windows\System32\taskhostw.exe</Data>
    <Data Name="ParentCommandLine">taskhostw.exe</Data>
    <Data Name="ParentUser">NT AUTHORITY\SYSTEM</Data>
    
  </EventData>
</Event>
<Event xmlns="http://schemas.microsoft.com/win/2004/08/events/event">
  <System>
    <Provider Name="Microsoft-Windows-Sysmon" Guid="{5770385f-c22a-43e0-bf4c-06f5698ffbd9}"/>
    <EventID>5</EventID>
    <Version>3</Version>
    <Level>4</Level>
    <Task>5</Task>
    <Opcode>0</Opcode>
    <Keywords>0x8000000000000000</Keywords>
    <TimeCreated SystemTime="2024-03-18T14:45:51.5648849Z"/>
    <EventRecordID>359869</EventRecordID>
    <Correlation/>
    <Execution ProcessID="1888" ThreadID="2740"/>
    <Channel>Microsoft-Windows-Sysmon/Operational</Channel>
    <Computer>WS-EBROOKS-01.meridianhcs.local</Computer>
    <Security UserID="S-1-5-18"/>
  </System>
  <EventData>
    
    <Data Name="RuleName">-</Data>
    <Data Name="UtcTime">2024-03-18 14:45:51.564</Data>
    <Data Name="ProcessGuid">{2fa70b62-5381-65f8-2500-0000ca872965}</Data>
    <Data Name="ProcessId">4548</Data>
    <Data Name="Image">C:\Program Files (x86)\Dropbox\Update\DropboxUpdate.exe</Data>
    <Data Name="User">NT AUTHORITY\SYSTEM</Data>
    
  </EventData>
</Event>
<Event xmlns="http://schemas.microsoft.com/win/2004/08/events/event">
  <System>
    <Provider Name="Microsoft-Windows-Sysmon" Guid="{5770385f-c22a-43e0-bf4c-06f5698ffbd9}"/>
    <EventID>10</EventID>
    <Version>3</Version>
    <Level>4</Level>
    <Task>10</Task>
    <Opcode>0</Opcode>
    <Keywords>0x8000000000000000</Keywords>
    <TimeCreated SystemTime="2024-03-18T14:45:58.9979335Z"/>
    <EventRecordID>359870</EventRecordID>
    <Correlation/>
    <Execution ProcessID="1888" ThreadID="4812"/>
    <Channel>Microsoft-Windows-Sysmon/Operational</Channel>
    <Computer>WS-EBROOKS-01.meridianhcs.local</Computer>
    <Security UserID="S-1-5-18"/>
  </System>
  <EventData>
    
    <Data Name="RuleName">-</Data>
    <Data Name="UtcTime">2024-03-18 14:45:58.997</Data>
    <Data Name="SourceProcessGUID">{2fa70b62-b7d8-65e5-2e00-00007bebb08a}</Data>
    <Data Name="SourceProcessId">3576</Data>
    <Data Name="SourceThreadId">14472</Data>
    <Data Name="SourceImage">C:\ProgramData\Microsoft\Windows Defender\Platform\4.18.2301.6-0\MpCmdRun.exe</Data>
    <Data Name="TargetProcessGUID">{2fa70b62-b7d0-65e5-f400-0000a3bf386c}</Data>
    <Data Name="TargetProcessId">3448</Data>
    <Data Name="TargetImage">C:\ProgramData\Microsoft\Windows Defender\Platform\4.18.2301.6-0\MsMpEng.exe</Data>
    <Data Name="GrantedAccess">0x1010</Data>
    <Data Name="CallTrace">C:\Windows\SYSTEM32\ntdll.dll+9ECAB|C:\Windows\SYSTEM32\KERNELBASE.dll+2CB5D|C:\Windows\SYSTEM32\advapi32.dll+4A2DD</Data>
    <Data Name="SourceUser">NT AUTHORITY\SYSTEM</Data>
    <Data Name="TargetUser">NT AUTHORITY\SYSTEM</Data>
    
  </EventData>
</Event>
<Event xmlns="http://schemas.microsoft.com/win/2004/08/events/event">
  <System>
    <Provider Name="Microsoft-Windows-Sysmon" Guid="{5770385f-c22a-43e0-bf4c-06f5698ffbd9}"/>
    <EventID>3</EventID>
    <Version>5</Version>
    <Level>4</Level>
    <Task>3</Task>
    <Opcode>0</Opcode>
    <Keywords>0x8000000000000000</Keywords>
    <TimeCreated SystemTime="2024-03-18T14:47:29.1872331Z"/>
    <EventRecordID>359872</EventRecordID>
    <Correlation/>
    <Execution ProcessID="1888" ThreadID="4520"/>
    <Channel>Microsoft-Windows-Sysmon/Operational</Channel>
    <Computer>WS-EBROOKS-01.meridianhcs.local</Computer>
    <Security UserID="S-1-5-18"/>
  </System>
  <EventData>
    
    <Data Name="RuleName">-</Data>
    <Data Name="UtcTime">2024-03-18 14:47:29.187</Data>
    <Data Name="ProcessGuid">{2fa70b62-46c8-65f8-ee00-0010698275cf}</Data>
    <Data Name="ProcessId">4256</Data>
    <Data Name="Image">C:\Program Files\Mozilla Firefox\firefox.exe</Data>
    <Data Name="User">MERIDIANHCS\evelyn.brooks</Data>
    <Data Name="Protocol">tcp</Data>
    <Data Name="Initiated">true</Data>
    <Data Name="SourceIsIpv6">false</Data>
    <Data Name="SourceIp">10.10.1.33</Data>
    <Data Name="SourceHostname">WS-EBROOKS-01.meridianhcs.local</Data>
    <Data Name="SourcePort">54418</Data>
    <Data Name="SourcePortName">-</Data>
    <Data Name="DestinationIsIpv6">false</Data>
    <Data Name="DestinationIp">10.10.3.20</Data>
    <Data Name="DestinationHostname">PROXY-01.meridianhcs.local</Data>
    <Data Name="DestinationPort">8080</Data>
    <Data Name="DestinationPortName">http-alt</Data>
    
  </EventData>
</Event>
<Event xmlns="http://schemas.microsoft.com/win/2004/08/events/event">
  <System>
    <Provider Name="Microsoft-Windows-Sysmon" Guid="{5770385f-c22a-43e0-bf4c-06f5698ffbd9}"/>
    <EventID>22</EventID>
    <Version>5</Version>
    <Level>4</Level>
    <Task>22</Task>
    <Opcode>0</Opcode>
    <Keywords>0x8000000000000000</Keywords>
    <TimeCreated SystemTime="2024-03-18T14:47:30.0851566Z"/>
    <EventRecordID>359873</EventRecordID>
    <Correlation/>
    <Execution ProcessID="1888" ThreadID="4812"/>
    <Channel>Microsoft-Windows-Sysmon/Operational</Channel>
    <Computer>WS-EBROOKS-01.meridianhcs.local</Computer>
    <Security UserID="S-1-5-18"/>
  </System>
  <EventData>
    
    <Data Name="RuleName">-</Data>
    <Data Name="UtcTime">2024-03-18 14:47:30.085</Data>
    <Data Name="ProcessGuid">{2fa70b62-b7c4-65e5-5c02-0000aeec1202}</Data>
    <Data Name="ProcessId">3344</Data>
    <Data Name="QueryName">DC-01.meridianhcs.local</Data>
    <Data Name="QueryStatus">0</Data>
    <Data Name="QueryResults">10.10.2.10;</Data>
    <Data Name="Image">C:\Windows\System32\lsass.exe</Data>
    <Data Name="User">NT AUTHORITY\SYSTEM</Data>
    
  </EventData>
</Event>
<Event xmlns="http://schemas.microsoft.com/win/2004/08/events/event">
  <System>
    <Provider Name="Microsoft-Windows-Sysmon" Guid="{5770385f-c22a-43e0-bf4c-06f5698ffbd9}"/>
    <EventID>3</EventID>
    <Version>5</Version>
    <Level>4</Level>
    <Task>3</Task>
    <Opcode>0</Opcode>
    <Keywords>0x8000000000000000</Keywords>
    <TimeCreated SystemTime="2024-03-18T14:47:31.5173539Z"/>
    <EventRecordID>359874</EventRecordID>
    <Correlation/>
    <Execution ProcessID="1888" ThreadID="4812"/>
    <Channel>Microsoft-Windows-Sysmon/Operational</Channel>
    <Computer>WS-EBROOKS-01.meridianhcs.local</Computer>
    <Security UserID="S-1-5-18"/>
  </System>
  <EventData>
    
    <Data Name="RuleName">-</Data>
    <Data Name="UtcTime">2024-03-18 14:47:31.517</Data>
    <Data Name="ProcessGuid">{2fa70b62-b7c4-65e5-5c02-0000aeec1202}</Data>
    <Data Name="ProcessId">3344</Data>
    <Data Name="Image">C:\Windows\System32\lsass.exe</Data>
    <Data Name="User">NT AUTHORITY\SYSTEM</Data>
    <Data Name="Protocol">tcp</Data>
    <Data Name="Initiated">true</Data>
    <Data Name="SourceIsIpv6">false</Data>
    <Data Name="SourceIp">10.10.1.33</Data>
    <Data Name="SourceHostname">WS-EBROOKS-01.meridianhcs.local</Data>
    <Data Name="SourcePort">61483</Data>
    <Data Name="SourcePortName">-</Data>
    <Data Name="DestinationIsIpv6">false</Data>
    <Data Name="DestinationIp">10.10.2.10</Data>
    <Data Name="DestinationHostname">DC-01.meridianhcs.local</Data>
    <Data Name="DestinationPort">389</Data>
    <Data Name="DestinationPortName">ldap</Data>
    
  </EventData>
</Event>
<Event xmlns="http://schemas.microsoft.com/win/2004/08/events/event">
  <System>
    <Provider Name="Microsoft-Windows-Sysmon" Guid="{5770385f-c22a-43e0-bf4c-06f5698ffbd9}"/>
    <EventID>13</EventID>
    <Version>2</Version>
    <Level>4</Level>
    <Task>13</Task>
    <Opcode>0</Opcode>
    <Keywords>0x8000000000000000</Keywords>
    <TimeCreated SystemTime="2024-03-18T14:48:34.4809608Z"/>
    <EventRecordID>359877</EventRecordID>
    <Correlation/>
    <Execution ProcessID="1888" ThreadID="4520"/>
    <Channel>Microsoft-Windows-Sysmon/Operational</Channel>
    <Computer>WS-EBROOKS-01.meridianhcs.local</Computer>
    <Security UserID="S-1-5-18"/>
  </System>
  <EventData>
    
    <Data Name="RuleName">-</Data>
    <Data Name="EventType">SetValue</Data>
    <Data Name="UtcTime">2024-03-18 14:48:34.480</Data>
    <Data Name="ProcessGuid">{2fa70b62-b7c4-65e5-d302-001040686874}</Data>
    <Data Name="ProcessId">3324</Data>
    <Data Name="Image">C:\Windows\System32\services.exe</Data>
    <Data Name="TargetObject">HKLM\SOFTWARE\Microsoft\Windows\CurrentVersion\Explorer\Shell Folders\Common Startup</Data>
    <Data Name="Details">C:\ProgramData\Microsoft\Windows\Start Menu\Programs\Startup</Data>
    <Data Name="User">NT AUTHORITY\SYSTEM</Data>
    
  </EventData>
</Event>
<Event xmlns="http://schemas.microsoft.com/win/2004/08/events/event">
  <System>
    <Provider Name="Microsoft-Windows-Sysmon" Guid="{5770385f-c22a-43e0-bf4c-06f5698ffbd9}"/>
    <EventID>1</EventID>
    <Version>5</Version>
    <Level>4</Level>
    <Task>1</Task>
    <Opcode>0</Opcode>
    <Keywords>0x8000000000000000</Keywords>
    <TimeCreated SystemTime="2024-03-18T14:49:31.4914095Z"/>
    <EventRecordID>359880</EventRecordID>
    <Correlation/>
    <Execution ProcessID="1888" ThreadID="4520"/>
    <Channel>Microsoft-Windows-Sysmon/Operational</Channel>
    <Computer>WS-EBROOKS-01.meridianhcs.local</Computer>
    <Security UserID="S-1-5-18"/>
  </System>
  <EventData>
    
    <Data Name="RuleName">-</Data>
    <Data Name="UtcTime">2024-03-18 14:49:31.491</Data>
    <Data Name="ProcessGuid">{2fa70b62-547b-65f8-5d02-00104594cf0f}</Data>
    <Data Name="ProcessId">4448</Data>
    <Data Name="Image">C:\Windows\System32\SearchFilterHost.exe</Data>
    <Data Name="FileVersion">10.0.19041.1</Data>
    <Data Name="Description">Microsoft Windows Search Filter Host</Data>
    <Data Name="Product">Microsoft Windows Operating System</Data>
    <Data Name="Company">Microsoft Corporation</Data>
    <Data Name="OriginalFileName">SearchFilterHost.exe</Data>
    <Data Name="CommandLine">SearchFilterHost.exe 0 804 0 0 0</Data>
    <Data Name="CurrentDirectory">C:\Windows\System32\</Data>
    <Data Name="User">NT AUTHORITY\SYSTEM</Data>
    <Data Name="LogonGuid">{00000000-0000-0000-0000-000000000000}</Data>
    <Data Name="LogonId">0x3e7</Data>
    <Data Name="TerminalSessionId">0</Data>
    <Data Name="IntegrityLevel">System</Data>
    <Data Name="Hashes">SHA1=4D21E4E17144F60488C6828111E477C73B0D3E1A,MD5=E3564052272CB8F86BC5914FE3843671,SHA256=0AFD0D73AC5763EE26DA6059CA6C59F31E1365488D9E2994C8E15D2B76B26F84,IMPHASH=F8C2CC90D910DE9FC4F690882E57ABEC</Data>
    <Data Name="ParentProcessGuid">{2fa70b62-b7d1-65e5-8902-00008e496e3e}</Data>
    <Data Name="ParentProcessId">3468</Data>
    <Data Name="ParentImage">C:\Windows\System32\SearchIndexer.exe</Data>
    <Data Name="ParentCommandLine">SearchIndexer.exe</Data>
    <Data Name="ParentUser">NT AUTHORITY\SYSTEM</Data>
    
  </EventData>
</Event>
<Event xmlns="http://schemas.microsoft.com/win/2004/08/events/event">
  <System>
    <Provider Name="Microsoft-Windows-Sysmon" Guid="{5770385f-c22a-43e0-bf4c-06f5698ffbd9}"/>
    <EventID>22</EventID>
    <Version>5</Version>
    <Level>4</Level>
    <Task>22</Task>
    <Opcode>0</Opcode>
    <Keywords>0x8000000000000000</Keywords>
    <TimeCreated SystemTime="2024-03-18T14:52:21.4631532Z"/>
    <EventRecordID>359884</EventRecordID>
    <Correlation/>
    <Execution ProcessID="1888" ThreadID="4812"/>
    <Channel>Microsoft-Windows-Sysmon/Operational</Channel>
    <Computer>WS-EBROOKS-01.meridianhcs.local</Computer>
    <Security UserID="S-1-5-18"/>
  </System>
  <EventData>
    
    <Data Name="RuleName">-</Data>
    <Data Name="UtcTime">2024-03-18 14:52:21.463</Data>
    <Data Name="ProcessGuid">{2fa70b62-b7c8-65e5-2302-0010c58b5bba}</Data>
    <Data Name="ProcessId">3384</Data>
    <Data Name="QueryName">FILE-SRV-01.meridianhcs.local</Data>
    <Data Name="QueryStatus">0</Data>
    <Data Name="QueryResults">10.10.2.20;</Data>
    <Data Name="Image">C:\Windows\System32\svchost.exe</Data>
    <Data Name="User">NT AUTHORITY\NETWORK SERVICE</Data>
    
  </EventData>
</Event>
<Event xmlns="http://schemas.microsoft.com/win/2004/08/events/event">
  <System>
    <Provider Name="Microsoft-Windows-Sysmon" Guid="{5770385f-c22a-43e0-bf4c-06f5698ffbd9}"/>
    <EventID>3</EventID>
    <Version>5</Version>
    <Level>4</Level>
    <Task>3</Task>
    <Opcode>0</Opcode>
    <Keywords>0x8000000000000000</Keywords>
    <TimeCreated SystemTime="2024-03-18T14:52:24.0009037Z"/>
    <EventRecordID>359885</EventRecordID>
    <Correlation/>
    <Execution ProcessID="1888" ThreadID="4812"/>
    <Channel>Microsoft-Windows-Sysmon/Operational</Channel>
    <Computer>WS-EBROOKS-01.meridianhcs.local</Computer>
    <Security UserID="S-1-5-18"/>
  </System>
  <EventData>
    
    <Data Name="RuleName">-</Data>
    <Data Name="UtcTime">2024-03-18 14:52:24.000</Data>
    <Data Name="ProcessGuid">{2fa70b62-b7c8-65e5-2302-0010c58b5bba}</Data>
    <Data Name="ProcessId">3384</Data>
    <Data Name="Image">C:\Windows\System32\svchost.exe</Data>
    <Data Name="User">NT AUTHORITY\NETWORK SERVICE</Data>
    <Data Name="Protocol">tcp</Data>
    <Data Name="Initiated">true</Data>
    <Data Name="SourceIsIpv6">false</Data>
    <Data Name="SourceIp">10.10.1.33</Data>
    <Data Name="SourceHostname">WS-EBROOKS-01.meridianhcs.local</Data>
    <Data Name="SourcePort">57191</Data>
    <Data Name="SourcePortName">-</Data>
    <Data Name="DestinationIsIpv6">false</Data>
    <Data Name="DestinationIp">10.10.2.20</Data>
    <Data Name="DestinationHostname">FILE-SRV-01.meridianhcs.local</Data>
    <Data Name="DestinationPort">445</Data>
    <Data Name="DestinationPortName">microsoft-ds</Data>
    
  </EventData>
</Event>
<Event xmlns="http://schemas.microsoft.com/win/2004/08/events/event">
  <System>
    <Provider Name="Microsoft-Windows-Sysmon" Guid="{5770385f-c22a-43e0-bf4c-06f5698ffbd9}"/>
    <EventID>10</EventID>
    <Version>3</Version>
    <Level>4</Level>
    <Task>10</Task>
    <Opcode>0</Opcode>
    <Keywords>0x8000000000000000</Keywords>
    <TimeCreated SystemTime="2024-03-18T14:54:26.9830540Z"/>
    <EventRecordID>359888</EventRecordID>
    <Correlation/>
    <Execution ProcessID="1888" ThreadID="4804"/>
    <Channel>Microsoft-Windows-Sysmon/Operational</Channel>
    <Computer>WS-EBROOKS-01.meridianhcs.local</Computer>
    <Security UserID="S-1-5-18"/>
  </System>
  <EventData>
    
    <Data Name="RuleName">-</Data>
    <Data Name="UtcTime">2024-03-18 14:54:26.983</Data>
    <Data Name="SourceProcessGUID">{2fa70b62-b7c1-65e5-ee00-0000d55cfb1f}</Data>
    <Data Name="SourceProcessId">3316</Data>
    <Data Name="SourceThreadId">13908</Data>
    <Data Name="SourceImage">C:\Windows\System32\csrss.exe</Data>
    <Data Name="TargetProcessGUID">{2fa70b62-b7c4-65e5-5c02-0000aeec1202}</Data>
    <Data Name="TargetProcessId">3344</Data>
    <Data Name="TargetImage">C:\Windows\System32\lsass.exe</Data>
    <Data Name="GrantedAccess">0x1000</Data>
    <Data Name="CallTrace">C:\Windows\SYSTEM32\ntdll.dll+9E473</Data>
    <Data Name="SourceUser">NT AUTHORITY\SYSTEM</Data>
    <Data Name="TargetUser">NT AUTHORITY\SYSTEM</Data>
    
  </EventData>
</Event>
<Event xmlns="http://schemas.microsoft.com/win/2004/08/events/event">
  <System>
    <Provider Name="Microsoft-Windows-Sysmon" Guid="{5770385f-c22a-43e0-bf4c-06f5698ffbd9}"/>
    <EventID>10</EventID>
    <Version>3</Version>
    <Level>4</Level>
    <Task>10</Task>
    <Opcode>0</Opcode>
    <Keywords>0x8000000000000000</Keywords>
    <TimeCreated SystemTime="2024-03-18T14:54:32.4068218Z"/>
    <EventRecordID>359889</EventRecordID>
    <Correlation/>
    <Execution ProcessID="1888" ThreadID="4804"/>
    <Channel>Microsoft-Windows-Sysmon/Operational</Channel>
    <Computer>WS-EBROOKS-01.meridianhcs.local</Computer>
    <Security UserID="S-1-5-18"/>
  </System>
  <EventData>
    
    <Data Name="RuleName">-</Data>
    <Data Name="UtcTime">2024-03-18 14:54:32.406</Data>
    <Data Name="SourceProcessGUID">{2fa70b62-b7d0-65e5-f400-0000a3bf386c}</Data>
    <Data Name="SourceProcessId">3448</Data>
    <Data Name="SourceThreadId">14356</Data>
    <Data Name="SourceImage">C:\ProgramData\Microsoft\Windows Defender\Platform\4.18.2301.6-0\MsMpEng.exe</Data>
    <Data Name="TargetProcessGUID">{2fa70b62-b7e1-65e5-7a00-0000a2b2ef7b}</Data>
    <Data Name="TargetProcessId">3788</Data>
    <Data Name="TargetImage">C:\Windows\explorer.exe</Data>
    <Data Name="GrantedAccess">0x1010</Data>
    <Data Name="CallTrace">C:\Windows\SYSTEM32\ntdll.dll+9ECAB|C:\Windows\SYSTEM32\KERNELBASE.dll+2CB5D|C:\Windows\SYSTEM32\advapi32.dll+4A2DD</Data>
    <Data Name="SourceUser">NT AUTHORITY\SYSTEM</Data>
    <Data Name="TargetUser">MERIDIANHCS\evelyn.brooks</Data>
    
  </EventData>
</Event>
<Event xmlns="http://schemas.microsoft.com/win/2004/08/events/event">
  <System>
    <Provider Name="Microsoft-Windows-Sysmon" Guid="{5770385f-c22a-43e0-bf4c-06f5698ffbd9}"/>
    <EventID>8</EventID>
    <Version>2</Version>
    <Level>4</Level>
    <Task>8</Task>
    <Opcode>0</Opcode>
    <Keywords>0x8000000000000000</Keywords>
    <TimeCreated SystemTime="2024-03-18T14:54:32.5148933Z"/>
    <EventRecordID>359890</EventRecordID>
    <Correlation/>
    <Execution ProcessID="1888" ThreadID="4812"/>
    <Channel>Microsoft-Windows-Sysmon/Operational</Channel>
    <Computer>WS-EBROOKS-01.meridianhcs.local</Computer>
    <Security UserID="S-1-5-18"/>
  </System>
  <EventData>
    
    <Data Name="RuleName">-</Data>
    <Data Name="UtcTime">2024-03-18 14:54:32.514</Data>
    <Data Name="SourceProcessGuid">{2fa70b62-b7d0-65e5-f400-0000a3bf386c}</Data>
    <Data Name="SourceProcessId">3448</Data>
    <Data Name="SourceImage">C:\ProgramData\Microsoft\Windows Defender\Platform\4.18.2301.6-0\MsMpEng.exe</Data>
    <Data Name="TargetProcessGuid">{2fa70b62-b7e1-65e5-7a00-0000a2b2ef7b}</Data>
    <Data Name="TargetProcessId">3788</Data>
    <Data Name="TargetImage">C:\Windows\explorer.exe</Data>
    <Data Name="NewThreadId">16824</Data>
    <Data Name="StartAddress">0x7FFCAF15ACB0</Data>
    <Data Name="StartModule">C:\ProgramData\Microsoft\Windows Defender\Platform\MpClient.dll</Data>
    <Data Name="StartFunction">MpCreateRemoteThread</Data>
    <Data Name="SourceUser">NT AUTHORITY\SYSTEM</Data>
    <Data Name="TargetUser">MERIDIANHCS\evelyn.brooks</Data>
    
  </EventData>
</Event>
<Event xmlns="http://schemas.microsoft.com/win/2004/08/events/event">
  <System>
    <Provider Name="Microsoft-Windows-Sysmon" Guid="{5770385f-c22a-43e0-bf4c-06f5698ffbd9}"/>
    <EventID>22</EventID>
    <Version>5</Version>
    <Level>4</Level>
    <Task>22</Task>
    <Opcode>0</Opcode>
    <Keywords>0x8000000000000000</Keywords>
    <TimeCreated SystemTime="2024-03-18T14:55:13.5437306Z"/>
    <EventRecordID>359893</EventRecordID>
    <Correlation/>
    <Execution ProcessID="1888" ThreadID="4804"/>
    <Channel>Microsoft-Windows-Sysmon/Operational</Channel>
    <Computer>WS-EBROOKS-01.meridianhcs.local</Computer>
    <Security UserID="S-1-5-18"/>
  </System>
  <EventData>
    
    <Data Name="RuleName">-</Data>
    <Data Name="UtcTime">2024-03-18 14:55:13.543</Data>
    <Data Name="ProcessGuid">{2fa70b62-b7c9-65e5-5100-000034de5c0f}</Data>
    <Data Name="ProcessId">3404</Data>
    <Data Name="QueryName">DC-01.meridianhcs.local</Data>
    <Data Name="QueryStatus">0</Data>
    <Data Name="QueryResults">10.10.2.10;</Data>
    <Data Name="Image">C:\Windows\System32\svchost.exe</Data>
    <Data Name="User">NT AUTHORITY\LOCAL SERVICE</Data>
    
  </EventData>
</Event>
<Event xmlns="http://schemas.microsoft.com/win/2004/08/events/event">
  <System>
    <Provider Name="Microsoft-Windows-Sysmon" Guid="{5770385f-c22a-43e0-bf4c-06f5698ffbd9}"/>
    <EventID>3</EventID>
    <Version>5</Version>
    <Level>4</Level>
    <Task>3</Task>
    <Opcode>0</Opcode>
    <Keywords>0x8000000000000000</Keywords>
    <TimeCreated SystemTime="2024-03-18T14:55:13.8777664Z"/>
    <EventRecordID>359894</EventRecordID>
    <Correlation/>
    <Execution ProcessID="1888" ThreadID="4804"/>
    <Channel>Microsoft-Windows-Sysmon/Operational</Channel>
    <Computer>WS-EBROOKS-01.meridianhcs.local</Computer>
    <Security UserID="S-1-5-18"/>
  </System>
  <EventData>
    
    <Data Name="RuleName">-</Data>
    <Data Name="UtcTime">2024-03-18 14:55:13.877</Data>
    <Data Name="ProcessGuid">{2fa70b62-b7c9-65e5-5100-000034de5c0f}</Data>
    <Data Name="ProcessId">3404</Data>
    <Data Name="Image">C:\Windows\System32\svchost.exe</Data>
    <Data Name="User">NT AUTHORITY\LOCAL SERVICE</Data>
    <Data Name="Protocol">udp</Data>
    <Data Name="Initiated">true</Data>
    <Data Name="SourceIsIpv6">false</Data>
    <Data Name="SourceIp">10.10.1.33</Data>
    <Data Name="SourceHostname">WS-EBROOKS-01.meridianhcs.local</Data>
    <Data Name="SourcePort">52159</Data>
    <Data Name="SourcePortName">-</Data>
    <Data Name="DestinationIsIpv6">false</Data>
    <Data Name="DestinationIp">10.10.2.10</Data>
    <Data Name="DestinationHostname">DC-01.meridianhcs.local</Data>
    <Data Name="DestinationPort">53</Data>
    <Data Name="DestinationPortName">domain</Data>
    
  </EventData>
</Event>
<Event xmlns="http://schemas.microsoft.com/win/2004/08/events/event">
  <System>
    <Provider Name="Microsoft-Windows-Sysmon" Guid="{5770385f-c22a-43e0-bf4c-06f5698ffbd9}"/>
    <EventID>1</EventID>
    <Version>5</Version>
    <Level>4</Level>
    <Task>1</Task>
    <Opcode>0</Opcode>
    <Keywords>0x8000000000000000</Keywords>
    <TimeCreated SystemTime="2024-03-18T14:55:29.9367121Z"/>
    <EventRecordID>359895</EventRecordID>
    <Correlation/>
    <Execution ProcessID="1888" ThreadID="4812"/>
    <Channel>Microsoft-Windows-Sysmon/Operational</Channel>
    <Computer>WS-EBROOKS-01.meridianhcs.local</Computer>
    <Security UserID="S-1-5-18"/>
  </System>
  <EventData>
    
    <Data Name="RuleName">-</Data>
    <Data Name="UtcTime">2024-03-18 14:55:29.936</Data>
    <Data Name="ProcessGuid">{2fa70b62-55e1-65f8-a902-000037393930}</Data>
    <Data Name="ProcessId">4656</Data>
    <Data Name="Image">C:\Program Files\osquery\osqueryd\osqueryd.exe</Data>
    <Data Name="FileVersion">-</Data>
    <Data Name="Description">-</Data>
    <Data Name="Product">-</Data>
    <Data Name="Company">-</Data>
    <Data Name="OriginalFileName">-</Data>
    <Data Name="CommandLine">"C:\Program Files\osquery\osqueryd\osqueryd.exe" --flagfile C:\ProgramData\osquery\osquery.flags</Data>
    <Data Name="CurrentDirectory">C:\Windows\System32\</Data>
    <Data Name="User">NT AUTHORITY\SYSTEM</Data>
    <Data Name="LogonGuid">{00000000-0000-0000-0000-000000000000}</Data>
    <Data Name="LogonId">0x3e7</Data>
    <Data Name="TerminalSessionId">0</Data>
    <Data Name="IntegrityLevel">System</Data>
    <Data Name="Hashes">SHA1=618CC03371941AFDB54AB1CFF8BF8EB8D629E2F4,MD5=609A24DE8770ECA30D52FE60626C1447,SHA256=FCEC707F0501F618D8441009744A237E4773B52BF9A7CAC39CD30B09E7BDD2E7,IMPHASH=FB768651B31F011CB2EDD49ADCB56721</Data>
    <Data Name="ParentProcessGuid">{2fa70b62-b7c4-65e5-d302-001040686874}</Data>
    <Data Name="ParentProcessId">3324</Data>
    <Data Name="ParentImage">C:\Windows\System32\services.exe</Data>
    <Data Name="ParentCommandLine">services.exe</Data>
    <Data Name="ParentUser">NT AUTHORITY\SYSTEM</Data>
    
  </EventData>
</Event>
<Event xmlns="http://schemas.microsoft.com/win/2004/08/events/event">
  <System>
    <Provider Name="Microsoft-Windows-Sysmon" Guid="{5770385f-c22a-43e0-bf4c-06f5698ffbd9}"/>
    <EventID>13</EventID>
    <Version>2</Version>
    <Level>4</Level>
    <Task>13</Task>
    <Opcode>0</Opcode>
    <Keywords>0x8000000000000000</Keywords>
    <TimeCreated SystemTime="2024-03-18T15:06:06.1294133Z"/>
    <EventRecordID>359899</EventRecordID>
    <Correlation/>
    <Execution ProcessID="1888" ThreadID="4804"/>
    <Channel>Microsoft-Windows-Sysmon/Operational</Channel>
    <Computer>WS-EBROOKS-01.meridianhcs.local</Computer>
    <Security UserID="S-1-5-18"/>
  </System>
  <EventData>
    
    <Data Name="RuleName">-</Data>
    <Data Name="EventType">SetValue</Data>
    <Data Name="UtcTime">2024-03-18 15:06:06.129</Data>
    <Data Name="ProcessGuid">{2fa70b62-b7e1-65e5-7a00-0000a2b2ef7b}</Data>
    <Data Name="ProcessId">3788</Data>
    <Data Name="Image">C:\Windows\explorer.exe</Data>
    <Data Name="TargetObject">HKU\S-1-5-21-1537687973-2974994828-3875246326-1005\Software\Microsoft\Windows\CurrentVersion\Explorer\UserAssist\{CEBFF5CD-ACE2-4F4F-9178-9926F41749EA}\Count\HRZR_EHACNGU:P:\Jvaqbjf\Flfgrz32\zfgfp.rkr</Data>
    <Data Name="Details">60 D7 59 92 48 D7 53 6E FA BE 00 7A 7D CF E9 66 BA A3 84 E4 A5 3D 97 79 F9 B6 A0 D1 69 22 0A 39 80 69 B3 76 2E 31 E1 52 AF 59 B7 B9 53 F1 76 FB</Data>
    <Data Name="User">MERIDIANHCS\evelyn.brooks</Data>
    
  </EventData>
</Event>
<Event xmlns="http://schemas.microsoft.com/win/2004/08/events/event">
  <System>
    <Provider Name="Microsoft-Windows-Sysmon" Guid="{5770385f-c22a-43e0-bf4c-06f5698ffbd9}"/>
    <EventID>7</EventID>
    <Version>3</Version>
    <Level>4</Level>
    <Task>7</Task>
    <Opcode>0</Opcode>
    <Keywords>0x8000000000000000</Keywords>
    <TimeCreated SystemTime="2024-03-18T15:06:22.0909641Z"/>
    <EventRecordID>359900</EventRecordID>
    <Correlation/>
    <Execution ProcessID="1888" ThreadID="2740"/>
    <Channel>Microsoft-Windows-Sysmon/Operational</Channel>
    <Computer>WS-EBROOKS-01.meridianhcs.local</Computer>
    <Security UserID="S-1-5-18"/>
  </System>
  <EventData>
    
    <Data Name="RuleName">-</Data>
    <Data Name="UtcTime">2024-03-18 15:06:22.090</Data>
    <Data Name="ProcessGuid">{2fa70b62-46c8-65f8-1e00-00003d922253}</Data>
    <Data Name="ProcessId">4216</Data>
    <Data Name="Image">C:\Windows\explorer.exe</Data>
    <Data Name="ImageLoaded">C:\Program Files\7-Zip\7-zip.dll</Data>
    <Data Name="FileVersion">23.01.0.0</Data>
    <Data Name="Description">7-Zip Shell Extension</Data>
    <Data Name="Product">7-Zip</Data>
    <Data Name="Company">Igor Pavlov</Data>
    <Data Name="OriginalFileName">7-zip.dll</Data>
    <Data Name="Hashes">SHA1=BF2619160C548067C80B010F0B9F5D224435A4AA,MD5=4FFC4040B68D405900BE629547DF0786,SHA256=A34E512691EB799A505E71B1CD8F01B889912AFB7CCB2D5DEC396F8C366E9BEE,IMPHASH=D6D3685D4A430A287607E444371EB5F5</Data>
    <Data Name="Signed">false</Data>
    <Data Name="Signature">-</Data>
    <Data Name="SignatureStatus">Unavailable</Data>
    <Data Name="User">MERIDIANHCS\evelyn.brooks</Data>
    
  </EventData>
</Event>
<Event xmlns="http://schemas.microsoft.com/win/2004/08/events/event">
  <System>
    <Provider Name="Microsoft-Windows-Sysmon" Guid="{5770385f-c22a-43e0-bf4c-06f5698ffbd9}"/>
    <EventID>10</EventID>
    <Version>3</Version>
    <Level>4</Level>
    <Task>10</Task>
    <Opcode>0</Opcode>
    <Keywords>0x8000000000000000</Keywords>
    <TimeCreated SystemTime="2024-03-18T15:09:39.6098567Z"/>
    <EventRecordID>359904</EventRecordID>
    <Correlation/>
    <Execution ProcessID="1888" ThreadID="2740"/>
    <Channel>Microsoft-Windows-Sysmon/Operational</Channel>
    <Computer>WS-EBROOKS-01.meridianhcs.local</Computer>
    <Security UserID="S-1-5-18"/>
  </System>
  <EventData>
    
    <Data Name="RuleName">-</Data>
    <Data Name="UtcTime">2024-03-18 15:09:39.609</Data>
    <Data Name="SourceProcessGUID">{2fa70b62-b7d0-65e5-f400-0000a3bf386c}</Data>
    <Data Name="SourceProcessId">3448</Data>
    <Data Name="SourceThreadId">14356</Data>
    <Data Name="SourceImage">C:\ProgramData\Microsoft\Windows Defender\Platform\4.18.2301.6-0\MsMpEng.exe</Data>
    <Data Name="TargetProcessGUID">{2fa70b62-b7c8-65e5-2302-0010c58b5bba}</Data>
    <Data Name="TargetProcessId">3384</Data>
    <Data Name="TargetImage">C:\Windows\System32\svchost.exe</Data>
    <Data Name="GrantedAccess">0x1410</Data>
    <Data Name="CallTrace">C:\Windows\SYSTEM32\ntdll.dll+9ECAB|C:\Windows\SYSTEM32\KERNELBASE.dll+2CB5D|C:\Windows\SYSTEM32\advapi32.dll+4A2DD</Data>
    <Data Name="SourceUser">NT AUTHORITY\SYSTEM</Data>
    <Data Name="TargetUser">NT AUTHORITY\NETWORK SERVICE</Data>
    
  </EventData>
</Event>
<Event xmlns="http://schemas.microsoft.com/win/2004/08/events/event">
  <System>
    <Provider Name="Microsoft-Windows-Sysmon" Guid="{5770385f-c22a-43e0-bf4c-06f5698ffbd9}"/>
    <EventID>3</EventID>
    <Version>5</Version>
    <Level>4</Level>
    <Task>3</Task>
    <Opcode>0</Opcode>
    <Keywords>0x8000000000000000</Keywords>
    <TimeCreated SystemTime="2024-03-18T15:09:59.4749561Z"/>
    <EventRecordID>359906</EventRecordID>
    <Correlation/>
    <Execution ProcessID="1888" ThreadID="4520"/>
    <Channel>Microsoft-Windows-Sysmon/Operational</Channel>
    <Computer>WS-EBROOKS-01.meridianhcs.local</Computer>
    <Security UserID="S-1-5-18"/>
  </System>
  <EventData>
    
    <Data Name="RuleName">-</Data>
    <Data Name="UtcTime">2024-03-18 15:09:59.474</Data>
    <Data Name="ProcessGuid">{2fa70b62-46c8-65f8-ee00-0010698275cf}</Data>
    <Data Name="ProcessId">4256</Data>
    <Data Name="Image">C:\Program Files\Mozilla Firefox\firefox.exe</Data>
    <Data Name="User">MERIDIANHCS\evelyn.brooks</Data>
    <Data Name="Protocol">tcp</Data>
    <Data Name="Initiated">true</Data>
    <Data Name="SourceIsIpv6">false</Data>
    <Data Name="SourceIp">10.10.1.33</Data>
    <Data Name="SourceHostname">WS-EBROOKS-01.meridianhcs.local</Data>
    <Data Name="SourcePort">57596</Data>
    <Data Name="SourcePortName">-</Data>
    <Data Name="DestinationIsIpv6">false</Data>
    <Data Name="DestinationIp">10.10.3.20</Data>
    <Data Name="DestinationHostname">PROXY-01.meridianhcs.local</Data>
    <Data Name="DestinationPort">8080</Data>
    <Data Name="DestinationPortName">http-alt</Data>
    
  </EventData>
</Event>
<Event xmlns="http://schemas.microsoft.com/win/2004/08/events/event">
  <System>
    <Provider Name="Microsoft-Windows-Sysmon" Guid="{5770385f-c22a-43e0-bf4c-06f5698ffbd9}"/>
    <EventID>3</EventID>
    <Version>5</Version>
    <Level>4</Level>
    <Task>3</Task>
    <Opcode>0</Opcode>
    <Keywords>0x8000000000000000</Keywords>
    <TimeCreated SystemTime="2024-03-18T15:10:01.3788863Z"/>
    <EventRecordID>359907</EventRecordID>
    <Correlation/>
    <Execution ProcessID="1888" ThreadID="4520"/>
    <Channel>Microsoft-Windows-Sysmon/Operational</Channel>
    <Computer>WS-EBROOKS-01.meridianhcs.local</Computer>
    <Security UserID="S-1-5-18"/>
  </System>
  <EventData>
    
    <Data Name="RuleName">-</Data>
    <Data Name="UtcTime">2024-03-18 15:10:01.378</Data>
    <Data Name="ProcessGuid">{2fa70b62-46c8-65f8-ee00-0010698275cf}</Data>
    <Data Name="ProcessId">4256</Data>
    <Data Name="Image">C:\Program Files\Mozilla Firefox\firefox.exe</Data>
    <Data Name="User">MERIDIANHCS\evelyn.brooks</Data>
    <Data Name="Protocol">tcp</Data>
    <Data Name="Initiated">true</Data>
    <Data Name="SourceIsIpv6">false</Data>
    <Data Name="SourceIp">10.10.1.33</Data>
    <Data Name="SourceHostname">WS-EBROOKS-01.meridianhcs.local</Data>
    <Data Name="SourcePort">59436</Data>
    <Data Name="SourcePortName">-</Data>
    <Data Name="DestinationIsIpv6">false</Data>
    <Data Name="DestinationIp">10.10.3.20</Data>
    <Data Name="DestinationHostname">PROXY-01.meridianhcs.local</Data>
    <Data Name="DestinationPort">8080</Data>
    <Data Name="DestinationPortName">http-alt</Data>
    
  </EventData>
</Event>
<Event xmlns="http://schemas.microsoft.com/win/2004/08/events/event">
  <System>
    <Provider Name="Microsoft-Windows-Sysmon" Guid="{5770385f-c22a-43e0-bf4c-06f5698ffbd9}"/>
    <EventID>3</EventID>
    <Version>5</Version>
    <Level>4</Level>
    <Task>3</Task>
    <Opcode>0</Opcode>
    <Keywords>0x8000000000000000</Keywords>
    <TimeCreated SystemTime="2024-03-18T15:10:01.7301171Z"/>
    <EventRecordID>359908</EventRecordID>
    <Correlation/>
    <Execution ProcessID="1888" ThreadID="4520"/>
    <Channel>Microsoft-Windows-Sysmon/Operational</Channel>
    <Computer>WS-EBROOKS-01.meridianhcs.local</Computer>
    <Security UserID="S-1-5-18"/>
  </System>
  <EventData>
    
    <Data Name="RuleName">-</Data>
    <Data Name="UtcTime">2024-03-18 15:10:01.730</Data>
    <Data Name="ProcessGuid">{2fa70b62-46c8-65f8-ee00-0010698275cf}</Data>
    <Data Name="ProcessId">4256</Data>
    <Data Name="Image">C:\Program Files\Mozilla Firefox\firefox.exe</Data>
    <Data Name="User">MERIDIANHCS\evelyn.brooks</Data>
    <Data Name="Protocol">tcp</Data>
    <Data Name="Initiated">true</Data>
    <Data Name="SourceIsIpv6">false</Data>
    <Data Name="SourceIp">10.10.1.33</Data>
    <Data Name="SourceHostname">WS-EBROOKS-01.meridianhcs.local</Data>
    <Data Name="SourcePort">62189</Data>
    <Data Name="SourcePortName">-</Data>
    <Data Name="DestinationIsIpv6">false</Data>
    <Data Name="DestinationIp">10.10.3.20</Data>
    <Data Name="DestinationHostname">PROXY-01.meridianhcs.local</Data>
    <Data Name="DestinationPort">8080</Data>
    <Data Name="DestinationPortName">http-alt</Data>
    
  </EventData>
</Event>
<Event xmlns="http://schemas.microsoft.com/win/2004/08/events/event">
  <System>
    <Provider Name="Microsoft-Windows-Sysmon" Guid="{5770385f-c22a-43e0-bf4c-06f5698ffbd9}"/>
    <EventID>22</EventID>
    <Version>5</Version>
    <Level>4</Level>
    <Task>22</Task>
    <Opcode>0</Opcode>
    <Keywords>0x8000000000000000</Keywords>
    <TimeCreated SystemTime="2024-03-18T15:10:13.4624094Z"/>
    <EventRecordID>359909</EventRecordID>
    <Correlation/>
    <Execution ProcessID="1888" ThreadID="4804"/>
    <Channel>Microsoft-Windows-Sysmon/Operational</Channel>
    <Computer>WS-EBROOKS-01.meridianhcs.local</Computer>
    <Security UserID="S-1-5-18"/>
  </System>
  <EventData>
    
    <Data Name="RuleName">-</Data>
    <Data Name="UtcTime">2024-03-18 15:10:13.462</Data>
    <Data Name="ProcessGuid">{2fa70b62-b7c9-65e5-5100-000034de5c0f}</Data>
    <Data Name="ProcessId">3404</Data>
    <Data Name="QueryName">DC-01.meridianhcs.local</Data>
    <Data Name="QueryStatus">0</Data>
    <Data Name="QueryResults">10.10.2.10;</Data>
    <Data Name="Image">C:\Windows\System32\svchost.exe</Data>
    <Data Name="User">NT AUTHORITY\LOCAL SERVICE</Data>
    
  </EventData>
</Event>
<Event xmlns="http://schemas.microsoft.com/win/2004/08/events/event">
  <System>
    <Provider Name="Microsoft-Windows-Sysmon" Guid="{5770385f-c22a-43e0-bf4c-06f5698ffbd9}"/>
    <EventID>13</EventID>
    <Version>2</Version>
    <Level>4</Level>
    <Task>13</Task>
    <Opcode>0</Opcode>
    <Keywords>0x8000000000000000</Keywords>
    <TimeCreated SystemTime="2024-03-18T15:15:29.3508959Z"/>
    <EventRecordID>359916</EventRecordID>
    <Correlation/>
    <Execution ProcessID="1888" ThreadID="4520"/>
    <Channel>Microsoft-Windows-Sysmon/Operational</Channel>
    <Computer>WS-EBROOKS-01.meridianhcs.local</Computer>
    <Security UserID="S-1-5-18"/>
  </System>
  <EventData>
    
    <Data Name="RuleName">-</Data>
    <Data Name="EventType">SetValue</Data>
    <Data Name="UtcTime">2024-03-18 15:15:29.350</Data>
    <Data Name="ProcessGuid">{2fa70b62-b7e1-65e5-7a00-0000a2b2ef7b}</Data>
    <Data Name="ProcessId">3788</Data>
    <Data Name="Image">C:\Windows\explorer.exe</Data>
    <Data Name="TargetObject">HKU\S-1-5-21-1537687973-2974994828-3875246326-1005\Software\Microsoft\Windows\CurrentVersion\Explorer\Advanced\HideFileExt</Data>
    <Data Name="Details">DWORD (0x00000001)</Data>
    <Data Name="User">MERIDIANHCS\evelyn.brooks</Data>
    
  </EventData>
</Event>
<Event xmlns="http://schemas.microsoft.com/win/2004/08/events/event">
  <System>
    <Provider Name="Microsoft-Windows-Sysmon" Guid="{5770385f-c22a-43e0-bf4c-06f5698ffbd9}"/>
    <EventID>13</EventID>
    <Version>2</Version>
    <Level>4</Level>
    <Task>13</Task>
    <Opcode>0</Opcode>
    <Keywords>0x8000000000000000</Keywords>
    <TimeCreated SystemTime="2024-03-18T15:15:47.5550608Z"/>
    <EventRecordID>359917</EventRecordID>
    <Correlation/>
    <Execution ProcessID="1888" ThreadID="4520"/>
    <Channel>Microsoft-Windows-Sysmon/Operational</Channel>
    <Computer>WS-EBROOKS-01.meridianhcs.local</Computer>
    <Security UserID="S-1-5-18"/>
  </System>
  <EventData>
    
    <Data Name="RuleName">-</Data>
    <Data Name="EventType">SetValue</Data>
    <Data Name="UtcTime">2024-03-18 15:15:47.555</Data>
    <Data Name="ProcessGuid">{2fa70b62-b7e1-65e5-7a00-0000a2b2ef7b}</Data>
    <Data Name="ProcessId">3788</Data>
    <Data Name="Image">C:\Windows\explorer.exe</Data>
    <Data Name="TargetObject">HKU\S-1-5-21-1537687973-2974994828-3875246326-1005\Software\Microsoft\Windows\CurrentVersion\Explorer\UserAssist\{CEBFF5CD-ACE2-4F4F-9178-9926F41749EA}\Count\HRZR_EHACNGU:P:\Jvaqbjf\Flfgrz32\zfgfp.rkr</Data>
    <Data Name="Details">9F 1F 45 A5 B5 C3 9B B9 28 35 AD 10 6B 99 B6 00 8D EF 99 DF A6 9C 0B 7D FC C6 FA D5 52 A4 7F 20 C6 CC 27 41 E9 BB 88 C1 1D 76 8C B5 2B 08 6E 30</Data>
    <Data Name="User">MERIDIANHCS\evelyn.brooks</Data>
    
  </EventData>
</Event>
<Event xmlns="http://schemas.microsoft.com/win/2004/08/events/event">
  <System>
    <Provider Name="Microsoft-Windows-Sysmon" Guid="{5770385f-c22a-43e0-bf4c-06f5698ffbd9}"/>
    <EventID>1</EventID>
    <Version>5</Version>
    <Level>4</Level>
    <Task>1</Task>
    <Opcode>0</Opcode>
    <Keywords>0x8000000000000000</Keywords>
    <TimeCreated SystemTime="2024-03-18T15:16:09.3283430Z"/>
    <EventRecordID>359918</EventRecordID>
    <Correlation/>
    <Execution ProcessID="1888" ThreadID="4804"/>
    <Channel>Microsoft-Windows-Sysmon/Operational</Channel>
    <Computer>WS-EBROOKS-01.meridianhcs.local</Computer>
    <Security UserID="S-1-5-18"/>
  </System>
  <EventData>
    
    <Data Name="RuleName">-</Data>
    <Data Name="UtcTime">2024-03-18 15:16:09.328</Data>
    <Data Name="ProcessGuid">{2fa70b62-5ab9-65f8-5d00-00101130abf6}</Data>
    <Data Name="ProcessId">4692</Data>
    <Data Name="Image">C:\Program Files (x86)\Google\Update\GoogleUpdate.exe</Data>
    <Data Name="FileVersion">-</Data>
    <Data Name="Description">-</Data>
    <Data Name="Product">-</Data>
    <Data Name="Company">-</Data>
    <Data Name="OriginalFileName">-</Data>
    <Data Name="CommandLine">GoogleUpdate.exe /ua /installsource scheduler</Data>
    <Data Name="CurrentDirectory">C:\Windows\System32\</Data>
    <Data Name="User">NT AUTHORITY\SYSTEM</Data>
    <Data Name="LogonGuid">{00000000-0000-0000-0000-000000000000}</Data>
    <Data Name="LogonId">0x3e7</Data>
    <Data Name="TerminalSessionId">0</Data>
    <Data Name="IntegrityLevel">System</Data>
    <Data Name="Hashes">SHA1=D9FE4B92F2C9B1D411D184AE298BC894EC34E01C,MD5=3EA26D4DC231E707F381457BE5B7F630,SHA256=A05D0FD4B6E5C7BCEEF5EF11B0D6A620C7DACFC4466AA26827C1F1970D856F7B,IMPHASH=188C0D091CA47B911BDE1BE8B135534D</Data>
    <Data Name="ParentProcessGuid">{2fa70b62-b7db-65e5-1202-0010c9b1d547}</Data>
    <Data Name="ParentProcessId">3732</Data>
    <Data Name="ParentImage">C:\Windows\System32\taskhostw.exe</Data>
    <Data Name="ParentCommandLine">taskhostw.exe</Data>
    <Data Name="ParentUser">NT AUTHORITY\SYSTEM</Data>
    
  </EventData>
</Event>
