<Event xmlns="http://schemas.microsoft.com/win/2004/08/events/event">
  <System>
    <Provider Name="Microsoft-Windows-Sysmon" Guid="{5770385f-c22a-43e0-bf4c-06f5698ffbd9}"/>
    <EventID>13</EventID>
    <Version>2</Version>
    <Level>4</Level>
    <Task>13</Task>
    <Opcode>0</Opcode>
    <Keywords>0x8000000000000000</Keywords>
    <TimeCreated SystemTime="2024-03-18T14:48:13.6186624Z"/>
    <EventRecordID>1662316</EventRecordID>
    <Correlation/>
    <Execution ProcessID="2756" ThreadID="3428"/>
    <Channel>Microsoft-Windows-Sysmon/Operational</Channel>
    <Computer>FILE-SRV-01.meridianhcs.local</Computer>
    <Security UserID="S-1-5-18"/>
  </System>
  <EventData>
    
    <Data Name="RuleName">-</Data>
    <Data Name="EventType">SetValue</Data>
    <Data Name="UtcTime">2024-03-18 14:48:13.618</Data>
    <Data Name="ProcessGuid">{1b54004d-7d4a-65dc-e600-001097a38f01}</Data>
    <Data Name="ProcessId">3372</Data>
    <Data Name="Image">C:\Windows\System32\svchost.exe</Data>
    <Data Name="User">NT AUTHORITY\NETWORK SERVICE</Data>
    <Data Name="TargetObject">HKLM\SYSTEM\CurrentControlSet\Services\SharedAccess\Parameters\FirewallPolicy\StandardProfile\EnableFirewall</Data>
    <Data Name="Details">DWORD (0x00000001)</Data>
    
  </EventData>
</Event>
<Event xmlns="http://schemas.microsoft.com/win/2004/08/events/event">
  <System>
    <Provider Name="Microsoft-Windows-Sysmon" Guid="{5770385f-c22a-43e0-bf4c-06f5698ffbd9}"/>
    <EventID>1</EventID>
    <Version>5</Version>
    <Level>4</Level>
    <Task>1</Task>
    <Opcode>0</Opcode>
    <Keywords>0x8000000000000000</Keywords>
    <TimeCreated SystemTime="2024-03-18T14:48:14.0855767Z"/>
    <EventRecordID>1662329</EventRecordID>
    <Correlation/>
    <Execution ProcessID="2756" ThreadID="3428"/>
    <Channel>Microsoft-Windows-Sysmon/Operational</Channel>
    <Computer>FILE-SRV-01.meridianhcs.local</Computer>
    <Security UserID="S-1-5-18"/>
  </System>
  <EventData>
    
    <Data Name="RuleName">-</Data>
    <Data Name="UtcTime">2024-03-18 14:48:14.085</Data>
    <Data Name="ProcessGuid">{1b54004d-542e-65f8-3c02-0000a76698a3}</Data>
    <Data Name="ProcessId">5368</Data>
    <Data Name="Image">C:\Windows\System32\msdtc.exe</Data>
    <Data Name="FileVersion">10.0.17763.1</Data>
    <Data Name="Description">Microsoft Distributed Transaction Coordinator</Data>
    <Data Name="Product">Microsoft Windows Operating System</Data>
    <Data Name="Company">Microsoft Corporation</Data>
    <Data Name="OriginalFileName">msdtc.exe</Data>
    <Data Name="CommandLine">msdtc.exe</Data>
    <Data Name="CurrentDirectory">C:\Windows\System32\</Data>
    <Data Name="User">NT AUTHORITY\SYSTEM</Data>
    <Data Name="LogonGuid">{8aa300aa-7cfc-4772-ac4b-b65cdbc6e016}</Data>
    <Data Name="LogonId">0x3e7</Data>
    <Data Name="TerminalSessionId">0</Data>
    <Data Name="IntegrityLevel">System</Data>
    <Data Name="Hashes">SHA1=1F47848B6D4CB338EE32055B15F01FB2D1305CAB,MD5=31F0EE068D07BA7E151D5DDF095C1AAE,SHA256=7846E34EDE44A4307AB25E7800A0F824581FD4B60E2D6A2B03B535470FF16655,IMPHASH=F7350272D02D344F16A17F43499E0A5A</Data>
    <Data Name="ParentProcessGuid">{1b54004d-7d45-65dc-6700-0000f7450804}</Data>
    <Data Name="ParentProcessId">3320</Data>
    <Data Name="ParentImage">C:\Windows\System32\services.exe</Data>
    <Data Name="ParentCommandLine">services.exe</Data>
    <Data Name="ParentUser">NT AUTHORITY\SYSTEM</Data>
    
  </EventData>
</Event>
<Event xmlns="http://schemas.microsoft.com/win/2004/08/events/event">
  <System>
    <Provider Name="Microsoft-Windows-Sysmon" Guid="{5770385f-c22a-43e0-bf4c-06f5698ffbd9}"/>
    <EventID>10</EventID>
    <Version>3</Version>
    <Level>4</Level>
    <Task>10</Task>
    <Opcode>0</Opcode>
    <Keywords>0x8000000000000000</Keywords>
    <TimeCreated SystemTime="2024-03-18T14:48:50.4449105Z"/>
    <EventRecordID>1662508</EventRecordID>
    <Correlation/>
    <Execution ProcessID="2756" ThreadID="3428"/>
    <Channel>Microsoft-Windows-Sysmon/Operational</Channel>
    <Computer>FILE-SRV-01.meridianhcs.local</Computer>
    <Security UserID="S-1-5-18"/>
  </System>
  <EventData>
    
    <Data Name="RuleName">-</Data>
    <Data Name="UtcTime">2024-03-18 14:48:50.444</Data>
    <Data Name="SourceProcessGUID">{1b54004d-7d42-65dc-2000-000057b64c36}</Data>
    <Data Name="SourceProcessId">3308</Data>
    <Data Name="SourceImage">C:\Windows\System32\csrss.exe</Data>
    <Data Name="SourceThreadId">6260</Data>
    <Data Name="SourceUser">NT AUTHORITY\SYSTEM</Data>
    <Data Name="TargetProcessGUID">{1b54004d-7d5e-65dc-9100-001029e19645}</Data>
    <Data Name="TargetProcessId">3768</Data>
    <Data Name="TargetImage">C:\Windows\System32\winlogon.exe</Data>
    <Data Name="TargetUser">NT AUTHORITY\SYSTEM</Data>
    <Data Name="GrantedAccess">0x1400</Data>
    <Data Name="CallTrace">C:\Windows\SYSTEM32\ntdll.dll+9C828</Data>
    
  </EventData>
</Event>
<Event xmlns="http://schemas.microsoft.com/win/2004/08/events/event">
  <System>
    <Provider Name="Microsoft-Windows-Sysmon" Guid="{5770385f-c22a-43e0-bf4c-06f5698ffbd9}"/>
    <EventID>1</EventID>
    <Version>5</Version>
    <Level>4</Level>
    <Task>1</Task>
    <Opcode>0</Opcode>
    <Keywords>0x8000000000000000</Keywords>
    <TimeCreated SystemTime="2024-03-18T14:51:12.1996688Z"/>
    <EventRecordID>1662554</EventRecordID>
    <Correlation/>
    <Execution ProcessID="2756" ThreadID="3660"/>
    <Channel>Microsoft-Windows-Sysmon/Operational</Channel>
    <Computer>FILE-SRV-01.meridianhcs.local</Computer>
    <Security UserID="S-1-5-18"/>
  </System>
  <EventData>
    
    <Data Name="RuleName">-</Data>
    <Data Name="UtcTime">2024-03-18 14:51:12.199</Data>
    <Data Name="ProcessGuid">{1b54004d-54e0-65f8-1000-00007cdb3bf3}</Data>
    <Data Name="ProcessId">5412</Data>
    <Data Name="Image">C:\Windows\System32\dllhost.exe</Data>
    <Data Name="FileVersion">10.0.17763.1</Data>
    <Data Name="Description">COM Surrogate</Data>
    <Data Name="Product">Microsoft Windows Operating System</Data>
    <Data Name="Company">Microsoft Corporation</Data>
    <Data Name="OriginalFileName">dllhost.exe</Data>
    <Data Name="CommandLine">dllhost.exe /Processid:{AB8902B4-09CA-4BB6-B78D-A8F59079A8D5}</Data>
    <Data Name="CurrentDirectory">C:\Windows\System32\</Data>
    <Data Name="User">NT AUTHORITY\SYSTEM</Data>
    <Data Name="LogonGuid">{8aa300aa-7cfc-4772-ac4b-b65cdbc6e016}</Data>
    <Data Name="LogonId">0x3e7</Data>
    <Data Name="TerminalSessionId">0</Data>
    <Data Name="IntegrityLevel">System</Data>
    <Data Name="Hashes">SHA1=E9843285F306715E9377A11649761552EAB1A78D,MD5=99E15BCE4A20CCD57152F4560FE025DD,SHA256=AE87276FEB54EB8E5D8CF628D65D2300337F1BDBEF5D6F1CDE2FBDBCDA2178B6,IMPHASH=9C46F35652CBE94C2DC7B1693268CB59</Data>
    <Data Name="ParentProcessGuid">{1b54004d-7d48-65dc-dd00-0010ff11477c}</Data>
    <Data Name="ParentProcessId">3364</Data>
    <Data Name="ParentImage">C:\Windows\System32\svchost.exe</Data>
    <Data Name="ParentCommandLine">svchost.exe -k DcomLaunch</Data>
    <Data Name="ParentUser">NT AUTHORITY\SYSTEM</Data>
    
  </EventData>
</Event>
<Event xmlns="http://schemas.microsoft.com/win/2004/08/events/event">
  <System>
    <Provider Name="Microsoft-Windows-Sysmon" Guid="{5770385f-c22a-43e0-bf4c-06f5698ffbd9}"/>
    <EventID>1</EventID>
    <Version>5</Version>
    <Level>4</Level>
    <Task>1</Task>
    <Opcode>0</Opcode>
    <Keywords>0x8000000000000000</Keywords>
    <TimeCreated SystemTime="2024-03-18T14:52:04.9033153Z"/>
    <EventRecordID>1662556</EventRecordID>
    <Correlation/>
    <Execution ProcessID="2756" ThreadID="3660"/>
    <Channel>Microsoft-Windows-Sysmon/Operational</Channel>
    <Computer>FILE-SRV-01.meridianhcs.local</Computer>
    <Security UserID="S-1-5-18"/>
  </System>
  <EventData>
    
    <Data Name="RuleName">-</Data>
    <Data Name="UtcTime">2024-03-18 14:52:04.903</Data>
    <Data Name="ProcessGuid">{1b54004d-5514-65f8-c000-00101c994402}</Data>
    <Data Name="ProcessId">5652</Data>
    <Data Name="Image">C:\Windows\System32\taskhostw.exe</Data>
    <Data Name="FileVersion">10.0.17763.1</Data>
    <Data Name="Description">Host Process for Windows Tasks</Data>
    <Data Name="Product">Microsoft Windows Operating System</Data>
    <Data Name="Company">Microsoft Corporation</Data>
    <Data Name="OriginalFileName">taskhostw.exe</Data>
    <Data Name="CommandLine">taskhostw.exe</Data>
    <Data Name="CurrentDirectory">C:\Windows\System32\</Data>
    <Data Name="User">NT AUTHORITY\SYSTEM</Data>
    <Data Name="LogonGuid">{8aa300aa-7cfc-4772-ac4b-b65cdbc6e016}</Data>
    <Data Name="LogonId">0x3e7</Data>
    <Data Name="TerminalSessionId">0</Data>
    <Data Name="IntegrityLevel">System</Data>
    <Data Name="Hashes">SHA1=E9D89BE9F06C87CE3F0ED2C902086D665079AC3F,MD5=BFB4F13826BAF7E99DC8635665152633,SHA256=17EEB63FFF746AC1E28410EF5F2A7393F799E01860AB3CC7FE4700E909266323,IMPHASH=625D48FCB9529D002E844734F583C0E5</Data>
    <Data Name="ParentProcessGuid">{1b54004d-7d49-65dc-6300-00008f376fcd}</Data>
    <Data Name="ParentProcessId">3368</Data>
    <Data Name="ParentImage">C:\Windows\System32\svchost.exe</Data>
    <Data Name="ParentCommandLine">svchost.exe -k LocalSystem</Data>
    <Data Name="ParentUser">NT AUTHORITY\SYSTEM</Data>
    
  </EventData>
</Event>
<Event xmlns="http://schemas.microsoft.com/win/2004/08/events/event">
  <System>
    <Provider Name="Microsoft-Windows-Sysmon" Guid="{5770385f-c22a-43e0-bf4c-06f5698ffbd9}"/>
    <EventID>22</EventID>
    <Version>5</Version>
    <Level>4</Level>
    <Task>22</Task>
    <Opcode>0</Opcode>
    <Keywords>0x8000000000000000</Keywords>
    <TimeCreated SystemTime="2024-03-18T14:52:29.7146965Z"/>
    <EventRecordID>1662559</EventRecordID>
    <Correlation/>
    <Execution ProcessID="2756" ThreadID="3428"/>
    <Channel>Microsoft-Windows-Sysmon/Operational</Channel>
    <Computer>FILE-SRV-01.meridianhcs.local</Computer>
    <Security UserID="S-1-5-18"/>
  </System>
  <EventData>
    
    <Data Name="RuleName">-</Data>
    <Data Name="UtcTime">2024-03-18 14:52:29.714</Data>
    <Data Name="ProcessGuid">{1b54004d-7d4c-65dc-8700-0010bf15585e}</Data>
    <Data Name="ProcessId">3376</Data>
    <Data Name="QueryName">DC-01.meridianhcs.local</Data>
    <Data Name="QueryStatus">0</Data>
    <Data Name="QueryResults">10.10.2.10;</Data>
    <Data Name="Image">C:\Windows\System32\svchost.exe</Data>
    <Data Name="User">NT AUTHORITY\LOCAL SERVICE</Data>
    
  </EventData>
</Event>
<Event xmlns="http://schemas.microsoft.com/win/2004/08/events/event">
  <System>
    <Provider Name="Microsoft-Windows-Sysmon" Guid="{5770385f-c22a-43e0-bf4c-06f5698ffbd9}"/>
    <EventID>1</EventID>
    <Version>5</Version>
    <Level>4</Level>
    <Task>1</Task>
    <Opcode>0</Opcode>
    <Keywords>0x8000000000000000</Keywords>
    <TimeCreated SystemTime="2024-03-18T14:52:34.6591407Z"/>
    <EventRecordID>1662560</EventRecordID>
    <Correlation/>
    <Execution ProcessID="2756" ThreadID="3660"/>
    <Channel>Microsoft-Windows-Sysmon/Operational</Channel>
    <Computer>FILE-SRV-01.meridianhcs.local</Computer>
    <Security UserID="S-1-5-18"/>
  </System>
  <EventData>
    
    <Data Name="RuleName">-</Data>
    <Data Name="UtcTime">2024-03-18 14:52:34.659</Data>
    <Data Name="ProcessGuid">{1b54004d-5532-65f8-5300-0000e46c0faa}</Data>
    <Data Name="ProcessId">5348</Data>
    <Data Name="Image">C:\Windows\System32\conhost.exe</Data>
    <Data Name="FileVersion">10.0.17763.1</Data>
    <Data Name="Description">Console Window Host</Data>
    <Data Name="Product">Microsoft Windows Operating System</Data>
    <Data Name="Company">Microsoft Corporation</Data>
    <Data Name="OriginalFileName">conhost.exe</Data>
    <Data Name="CommandLine">conhost.exe 0x4</Data>
    <Data Name="CurrentDirectory">C:\Windows\System32\</Data>
    <Data Name="User">NT AUTHORITY\SYSTEM</Data>
    <Data Name="LogonGuid">{8aa300aa-7cfc-4772-ac4b-b65cdbc6e016}</Data>
    <Data Name="LogonId">0x3e7</Data>
    <Data Name="TerminalSessionId">0</Data>
    <Data Name="IntegrityLevel">System</Data>
    <Data Name="Hashes">SHA1=557074AD8C63724D84703B56EC227FDE3FB2489A,MD5=DCB5E59D04CEF4B56E122A414818296C,SHA256=75F4776894793D4C6031A15418D586152AFD71CD2FB299182FCCB695A83E3403,IMPHASH=C0DA3B1C668315577E451FFE623DA443</Data>
    <Data Name="ParentProcessGuid">{1b54004d-7d42-65dc-2000-000057b64c36}</Data>
    <Data Name="ParentProcessId">3308</Data>
    <Data Name="ParentImage">C:\Windows\System32\csrss.exe</Data>
    <Data Name="ParentCommandLine">csrss.exe</Data>
    <Data Name="ParentUser">NT AUTHORITY\SYSTEM</Data>
    
  </EventData>
</Event>
<Event xmlns="http://schemas.microsoft.com/win/2004/08/events/event">
  <System>
    <Provider Name="Microsoft-Windows-Sysmon" Guid="{5770385f-c22a-43e0-bf4c-06f5698ffbd9}"/>
    <EventID>5</EventID>
    <Version>3</Version>
    <Level>4</Level>
    <Task>5</Task>
    <Opcode>0</Opcode>
    <Keywords>0x8000000000000000</Keywords>
    <TimeCreated SystemTime="2024-03-18T14:52:38.4264713Z"/>
    <EventRecordID>1662561</EventRecordID>
    <Correlation/>
    <Execution ProcessID="2756" ThreadID="3428"/>
    <Channel>Microsoft-Windows-Sysmon/Operational</Channel>
    <Computer>FILE-SRV-01.meridianhcs.local</Computer>
    <Security UserID="S-1-5-18"/>
  </System>
  <EventData>
    
    <Data Name="RuleName">-</Data>
    <Data Name="UtcTime">2024-03-18 14:52:38.426</Data>
    <Data Name="ProcessGuid">{1b54004d-5532-65f8-5300-0000e46c0faa}</Data>
    <Data Name="ProcessId">5348</Data>
    <Data Name="Image">C:\Windows\System32\conhost.exe</Data>
    <Data Name="User">NT AUTHORITY\SYSTEM</Data>
    
  </EventData>
</Event>
<Event xmlns="http://schemas.microsoft.com/win/2004/08/events/event">
  <System>
    <Provider Name="Microsoft-Windows-Sysmon" Guid="{5770385f-c22a-43e0-bf4c-06f5698ffbd9}"/>
    <EventID>3</EventID>
    <Version>5</Version>
    <Level>4</Level>
    <Task>3</Task>
    <Opcode>0</Opcode>
    <Keywords>0x8000000000000000</Keywords>
    <TimeCreated SystemTime="2024-03-18T14:52:52.0214830Z"/>
    <EventRecordID>1662562</EventRecordID>
    <Correlation/>
    <Execution ProcessID="2756" ThreadID="3660"/>
    <Channel>Microsoft-Windows-Sysmon/Operational</Channel>
    <Computer>FILE-SRV-01.meridianhcs.local</Computer>
    <Security UserID="S-1-5-18"/>
  </System>
  <EventData>
    
    <Data Name="RuleName">-</Data>
    <Data Name="UtcTime">2024-03-18 14:52:52.021</Data>
    <Data Name="ProcessGuid">{1b54004d-4ee1-65f8-e500-0000d2ae0441}</Data>
    <Data Name="ProcessId">5216</Data>
    <Data Name="Image">C:\Program Files\Meridian\ServiceHealth\service-healthcheck.exe</Data>
    <Data Name="User">NT AUTHORITY\SYSTEM</Data>
    <Data Name="Protocol">tcp</Data>
    <Data Name="Initiated">true</Data>
    <Data Name="SourceIsIpv6">false</Data>
    <Data Name="SourceIp">10.10.2.20</Data>
    <Data Name="SourceHostname">FILE-SRV-01.meridianhcs.local</Data>
    <Data Name="SourcePort">59423</Data>
    <Data Name="SourcePortName">-</Data>
    <Data Name="DestinationIsIpv6">false</Data>
    <Data Name="DestinationIp">10.10.3.20</Data>
    <Data Name="DestinationHostname">PROXY-01.meridianhcs.local</Data>
    <Data Name="DestinationPort">8080</Data>
    <Data Name="DestinationPortName">http-alt</Data>
    
  </EventData>
</Event>
<Event xmlns="http://schemas.microsoft.com/win/2004/08/events/event">
  <System>
    <Provider Name="Microsoft-Windows-Sysmon" Guid="{5770385f-c22a-43e0-bf4c-06f5698ffbd9}"/>
    <EventID>5</EventID>
    <Version>3</Version>
    <Level>4</Level>
    <Task>5</Task>
    <Opcode>0</Opcode>
    <Keywords>0x8000000000000000</Keywords>
    <TimeCreated SystemTime="2024-03-18T14:53:15.4103970Z"/>
    <EventRecordID>1662563</EventRecordID>
    <Correlation/>
    <Execution ProcessID="2756" ThreadID="3660"/>
    <Channel>Microsoft-Windows-Sysmon/Operational</Channel>
    <Computer>FILE-SRV-01.meridianhcs.local</Computer>
    <Security UserID="S-1-5-18"/>
  </System>
  <EventData>
    
    <Data Name="RuleName">-</Data>
    <Data Name="UtcTime">2024-03-18 14:53:15.410</Data>
    <Data Name="ProcessGuid">{1b54004d-52d8-65f8-4602-00107ff07039}</Data>
    <Data Name="ProcessId">5316</Data>
    <Data Name="Image">C:\Windows\System32\wbem\WmiPrvSE.exe</Data>
    <Data Name="User">NT AUTHORITY\SYSTEM</Data>
    
  </EventData>
</Event>
<Event xmlns="http://schemas.microsoft.com/win/2004/08/events/event">
  <System>
    <Provider Name="Microsoft-Windows-Sysmon" Guid="{5770385f-c22a-43e0-bf4c-06f5698ffbd9}"/>
    <EventID>10</EventID>
    <Version>3</Version>
    <Level>4</Level>
    <Task>10</Task>
    <Opcode>0</Opcode>
    <Keywords>0x8000000000000000</Keywords>
    <TimeCreated SystemTime="2024-03-18T14:53:29.8249077Z"/>
    <EventRecordID>1662742</EventRecordID>
    <Correlation/>
    <Execution ProcessID="2756" ThreadID="3428"/>
    <Channel>Microsoft-Windows-Sysmon/Operational</Channel>
    <Computer>FILE-SRV-01.meridianhcs.local</Computer>
    <Security UserID="S-1-5-18"/>
  </System>
  <EventData>
    
    <Data Name="RuleName">-</Data>
    <Data Name="UtcTime">2024-03-18 14:53:29.824</Data>
    <Data Name="SourceProcessGUID">{1b54004d-7d4a-65dc-e600-001097a38f01}</Data>
    <Data Name="SourceProcessId">3372</Data>
    <Data Name="SourceImage">C:\Windows\System32\svchost.exe</Data>
    <Data Name="SourceThreadId">6188</Data>
    <Data Name="SourceUser">NT AUTHORITY\NETWORK SERVICE</Data>
    <Data Name="TargetProcessGUID">{1b54004d-7d47-65dc-f302-00105fb59879}</Data>
    <Data Name="TargetProcessId">3324</Data>
    <Data Name="TargetImage">C:\Windows\System32\lsass.exe</Data>
    <Data Name="TargetUser">NT AUTHORITY\SYSTEM</Data>
    <Data Name="GrantedAccess">0x1010</Data>
    <Data Name="CallTrace">C:\Windows\SYSTEM32\ntdll.dll+9D45D|C:\Windows\SYSTEM32\KERNELBASE.dll+2C430|C:\Windows\SYSTEM32\combase.dll+285B9</Data>
    
  </EventData>
</Event>
<Event xmlns="http://schemas.microsoft.com/win/2004/08/events/event">
  <System>
    <Provider Name="Microsoft-Windows-Sysmon" Guid="{5770385f-c22a-43e0-bf4c-06f5698ffbd9}"/>
    <EventID>5</EventID>
    <Version>3</Version>
    <Level>4</Level>
    <Task>5</Task>
    <Opcode>0</Opcode>
    <Keywords>0x8000000000000000</Keywords>
    <TimeCreated SystemTime="2024-03-18T14:53:40.4815350Z"/>
    <EventRecordID>1662743</EventRecordID>
    <Correlation/>
    <Execution ProcessID="2756" ThreadID="3660"/>
    <Channel>Microsoft-Windows-Sysmon/Operational</Channel>
    <Computer>FILE-SRV-01.meridianhcs.local</Computer>
    <Security UserID="S-1-5-18"/>
  </System>
  <EventData>
    
    <Data Name="RuleName">-</Data>
    <Data Name="UtcTime">2024-03-18 14:53:40.481</Data>
    <Data Name="ProcessGuid">{1b54004d-54e0-65f8-1000-00007cdb3bf3}</Data>
    <Data Name="ProcessId">5412</Data>
    <Data Name="Image">C:\Windows\System32\dllhost.exe</Data>
    <Data Name="User">NT AUTHORITY\SYSTEM</Data>
    
  </EventData>
</Event>
<Event xmlns="http://schemas.microsoft.com/win/2004/08/events/event">
  <System>
    <Provider Name="Microsoft-Windows-Sysmon" Guid="{5770385f-c22a-43e0-bf4c-06f5698ffbd9}"/>
    <EventID>22</EventID>
    <Version>5</Version>
    <Level>4</Level>
    <Task>22</Task>
    <Opcode>0</Opcode>
    <Keywords>0x8000000000000000</Keywords>
    <TimeCreated SystemTime="2024-03-18T14:53:53.9848191Z"/>
    <EventRecordID>1662749</EventRecordID>
    <Correlation/>
    <Execution ProcessID="2756" ThreadID="3428"/>
    <Channel>Microsoft-Windows-Sysmon/Operational</Channel>
    <Computer>FILE-SRV-01.meridianhcs.local</Computer>
    <Security UserID="S-1-5-18"/>
  </System>
  <EventData>
    
    <Data Name="RuleName">-</Data>
    <Data Name="UtcTime">2024-03-18 14:53:53.984</Data>
    <Data Name="ProcessGuid">{1b54004d-7d4c-65dc-8700-0010bf15585e}</Data>
    <Data Name="ProcessId">3376</Data>
    <Data Name="QueryName">DC-01.meridianhcs.local</Data>
    <Data Name="QueryStatus">0</Data>
    <Data Name="QueryResults">fd00:0a02:000a::1;</Data>
    <Data Name="Image">C:\Windows\System32\svchost.exe</Data>
    <Data Name="User">NT AUTHORITY\LOCAL SERVICE</Data>
    
  </EventData>
</Event>
<Event xmlns="http://schemas.microsoft.com/win/2004/08/events/event">
  <System>
    <Provider Name="Microsoft-Windows-Sysmon" Guid="{5770385f-c22a-43e0-bf4c-06f5698ffbd9}"/>
    <EventID>7</EventID>
    <Version>3</Version>
    <Level>4</Level>
    <Task>7</Task>
    <Opcode>0</Opcode>
    <Keywords>0x8000000000000000</Keywords>
    <TimeCreated SystemTime="2024-03-18T14:54:24.5420167Z"/>
    <EventRecordID>1662905</EventRecordID>
    <Correlation/>
    <Execution ProcessID="2756" ThreadID="3428"/>
    <Channel>Microsoft-Windows-Sysmon/Operational</Channel>
    <Computer>FILE-SRV-01.meridianhcs.local</Computer>
    <Security UserID="S-1-5-18"/>
  </System>
  <EventData>
    
    <Data Name="RuleName">-</Data>
    <Data Name="UtcTime">2024-03-18 14:54:24.542</Data>
    <Data Name="ProcessGuid">{1b54004d-1cc5-65f8-ba02-00104745d9fb}</Data>
    <Data Name="ProcessId">4192</Data>
    <Data Name="Image">C:\Windows\System32\svchost.exe</Data>
    <Data Name="ImageLoaded">C:\Program Files\Windows Defender Advanced Threat Protection\SenseCncProxy.dll</Data>
    <Data Name="FileVersion">10.8049.22439.1065</Data>
    <Data Name="Description">Microsoft Defender for Endpoint Sensor Command Proxy</Data>
    <Data Name="Product">Microsoft Defender for Endpoint</Data>
    <Data Name="Company">Microsoft Corporation</Data>
    <Data Name="OriginalFileName">SenseCncProxy.dll</Data>
    <Data Name="Hashes">SHA1=80520C50C30D947A68E2E01E4B92DF5FF29928FA,MD5=D6395FA4C4ABC4A284744C04BC2C6207,SHA256=69D6A3AB75BCB21819F7D54E69E6BA2CB32C8E958F27473FD54099ADEB4BB353,IMPHASH=D775FDE08B202AEDA21B2DF864344D45</Data>
    <Data Name="Signed">true</Data>
    <Data Name="Signature">Microsoft Corporation</Data>
    <Data Name="SignatureStatus">Valid</Data>
    
  </EventData>
</Event>
<Event xmlns="http://schemas.microsoft.com/win/2004/08/events/event">
  <System>
    <Provider Name="Microsoft-Windows-Sysmon" Guid="{5770385f-c22a-43e0-bf4c-06f5698ffbd9}"/>
    <EventID>13</EventID>
    <Version>2</Version>
    <Level>4</Level>
    <Task>13</Task>
    <Opcode>0</Opcode>
    <Keywords>0x8000000000000000</Keywords>
    <TimeCreated SystemTime="2024-03-18T14:55:40.8767941Z"/>
    <EventRecordID>1662941</EventRecordID>
    <Correlation/>
    <Execution ProcessID="2756" ThreadID="1540"/>
    <Channel>Microsoft-Windows-Sysmon/Operational</Channel>
    <Computer>FILE-SRV-01.meridianhcs.local</Computer>
    <Security UserID="S-1-5-18"/>
  </System>
  <EventData>
    
    <Data Name="RuleName">-</Data>
    <Data Name="EventType">SetValue</Data>
    <Data Name="UtcTime">2024-03-18 14:55:40.876</Data>
    <Data Name="ProcessGuid">{1b54004d-7d49-65dc-6300-00008f376fcd}</Data>
    <Data Name="ProcessId">3368</Data>
    <Data Name="Image">C:\Windows\System32\svchost.exe</Data>
    <Data Name="User">NT AUTHORITY\SYSTEM</Data>
    <Data Name="TargetObject">HKLM\SOFTWARE\Microsoft\Windows Defender\Real-Time Protection\DisableRealtimeMonitoring</Data>
    <Data Name="Details">DWORD (0x00000000)</Data>
    
  </EventData>
</Event>
<Event xmlns="http://schemas.microsoft.com/win/2004/08/events/event">
  <System>
    <Provider Name="Microsoft-Windows-Sysmon" Guid="{5770385f-c22a-43e0-bf4c-06f5698ffbd9}"/>
    <EventID>1</EventID>
    <Version>5</Version>
    <Level>4</Level>
    <Task>1</Task>
    <Opcode>0</Opcode>
    <Keywords>0x8000000000000000</Keywords>
    <TimeCreated SystemTime="2024-03-18T14:58:00.0851593Z"/>
    <EventRecordID>1662989</EventRecordID>
    <Correlation/>
    <Execution ProcessID="2756" ThreadID="3428"/>
    <Channel>Microsoft-Windows-Sysmon/Operational</Channel>
    <Computer>FILE-SRV-01.meridianhcs.local</Computer>
    <Security UserID="S-1-5-18"/>
  </System>
  <EventData>
    
    <Data Name="RuleName">-</Data>
    <Data Name="UtcTime">2024-03-18 14:58:00.085</Data>
    <Data Name="ProcessGuid">{1b54004d-5678-65f8-ac02-00102464ffe6}</Data>
    <Data Name="ProcessId">5380</Data>
    <Data Name="Image">C:\Windows\System32\dllhost.exe</Data>
    <Data Name="FileVersion">10.0.17763.1</Data>
    <Data Name="Description">COM Surrogate</Data>
    <Data Name="Product">Microsoft Windows Operating System</Data>
    <Data Name="Company">Microsoft Corporation</Data>
    <Data Name="OriginalFileName">dllhost.exe</Data>
    <Data Name="CommandLine">dllhost.exe /Processid:{3EB3C877-1F16-487C-9050-104DBCD66683}</Data>
    <Data Name="CurrentDirectory">C:\Windows\System32\</Data>
    <Data Name="User">NT AUTHORITY\SYSTEM</Data>
    <Data Name="LogonGuid">{8aa300aa-7cfc-4772-ac4b-b65cdbc6e016}</Data>
    <Data Name="LogonId">0x3e7</Data>
    <Data Name="TerminalSessionId">0</Data>
    <Data Name="IntegrityLevel">System</Data>
    <Data Name="Hashes">SHA1=E9843285F306715E9377A11649761552EAB1A78D,MD5=99E15BCE4A20CCD57152F4560FE025DD,SHA256=AE87276FEB54EB8E5D8CF628D65D2300337F1BDBEF5D6F1CDE2FBDBCDA2178B6,IMPHASH=9C46F35652CBE94C2DC7B1693268CB59</Data>
    <Data Name="ParentProcessGuid">{1b54004d-7d48-65dc-dd00-0010ff11477c}</Data>
    <Data Name="ParentProcessId">3364</Data>
    <Data Name="ParentImage">C:\Windows\System32\svchost.exe</Data>
    <Data Name="ParentCommandLine">svchost.exe -k DcomLaunch</Data>
    <Data Name="ParentUser">NT AUTHORITY\SYSTEM</Data>
    
  </EventData>
</Event>
<Event xmlns="http://schemas.microsoft.com/win/2004/08/events/event">
  <System>
    <Provider Name="Microsoft-Windows-Sysmon" Guid="{5770385f-c22a-43e0-bf4c-06f5698ffbd9}"/>
    <EventID>1</EventID>
    <Version>5</Version>
    <Level>4</Level>
    <Task>1</Task>
    <Opcode>0</Opcode>
    <Keywords>0x8000000000000000</Keywords>
    <TimeCreated SystemTime="2024-03-18T14:58:16.9218151Z"/>
    <EventRecordID>1662991</EventRecordID>
    <Correlation/>
    <Execution ProcessID="2756" ThreadID="3660"/>
    <Channel>Microsoft-Windows-Sysmon/Operational</Channel>
    <Computer>FILE-SRV-01.meridianhcs.local</Computer>
    <Security UserID="S-1-5-18"/>
  </System>
  <EventData>
    
    <Data Name="RuleName">-</Data>
    <Data Name="UtcTime">2024-03-18 14:58:16.921</Data>
    <Data Name="ProcessGuid">{1b54004d-5688-65f8-9100-0010b6730b7e}</Data>
    <Data Name="ProcessId">5660</Data>
    <Data Name="Image">C:\Windows\System32\taskhostw.exe</Data>
    <Data Name="FileVersion">10.0.17763.1</Data>
    <Data Name="Description">Host Process for Windows Tasks</Data>
    <Data Name="Product">Microsoft Windows Operating System</Data>
    <Data Name="Company">Microsoft Corporation</Data>
    <Data Name="OriginalFileName">taskhostw.exe</Data>
    <Data Name="CommandLine">taskhostw.exe /Run</Data>
    <Data Name="CurrentDirectory">C:\Windows\System32\</Data>
    <Data Name="User">NT AUTHORITY\SYSTEM</Data>
    <Data Name="LogonGuid">{8aa300aa-7cfc-4772-ac4b-b65cdbc6e016}</Data>
    <Data Name="LogonId">0x3e7</Data>
    <Data Name="TerminalSessionId">0</Data>
    <Data Name="IntegrityLevel">System</Data>
    <Data Name="Hashes">SHA1=E9D89BE9F06C87CE3F0ED2C902086D665079AC3F,MD5=BFB4F13826BAF7E99DC8635665152633,SHA256=17EEB63FFF746AC1E28410EF5F2A7393F799E01860AB3CC7FE4700E909266323,IMPHASH=625D48FCB9529D002E844734F583C0E5</Data>
    <Data Name="ParentProcessGuid">{1b54004d-7d49-65dc-6300-00008f376fcd}</Data>
    <Data Name="ParentProcessId">3368</Data>
    <Data Name="ParentImage">C:\Windows\System32\svchost.exe</Data>
    <Data Name="ParentCommandLine">svchost.exe -k LocalSystem</Data>
    <Data Name="ParentUser">NT AUTHORITY\SYSTEM</Data>
    
  </EventData>
</Event>
<Event xmlns="http://schemas.microsoft.com/win/2004/08/events/event">
  <System>
    <Provider Name="Microsoft-Windows-Sysmon" Guid="{5770385f-c22a-43e0-bf4c-06f5698ffbd9}"/>
    <EventID>1</EventID>
    <Version>5</Version>
    <Level>4</Level>
    <Task>1</Task>
    <Opcode>0</Opcode>
    <Keywords>0x8000000000000000</Keywords>
    <TimeCreated SystemTime="2024-03-18T14:58:51.1949602Z"/>
    <EventRecordID>1663001</EventRecordID>
    <Correlation/>
    <Execution ProcessID="2756" ThreadID="3660"/>
    <Channel>Microsoft-Windows-Sysmon/Operational</Channel>
    <Computer>FILE-SRV-01.meridianhcs.local</Computer>
    <Security UserID="S-1-5-18"/>
  </System>
  <EventData>
    
    <Data Name="RuleName">-</Data>
    <Data Name="UtcTime">2024-03-18 14:58:51.194</Data>
    <Data Name="ProcessGuid">{1b54004d-56ab-65f8-7f02-0010f3739340}</Data>
    <Data Name="ProcessId">5284</Data>
    <Data Name="Image">C:\Windows\System32\conhost.exe</Data>
    <Data Name="FileVersion">10.0.17763.1</Data>
    <Data Name="Description">Console Window Host</Data>
    <Data Name="Product">Microsoft Windows Operating System</Data>
    <Data Name="Company">Microsoft Corporation</Data>
    <Data Name="OriginalFileName">conhost.exe</Data>
    <Data Name="CommandLine">\??\C:\Windows\system32\conhost.exe 0xffffffff -ForceV1</Data>
    <Data Name="CurrentDirectory">C:\Windows\System32\</Data>
    <Data Name="User">NT AUTHORITY\SYSTEM</Data>
    <Data Name="LogonGuid">{8aa300aa-7cfc-4772-ac4b-b65cdbc6e016}</Data>
    <Data Name="LogonId">0x3e7</Data>
    <Data Name="TerminalSessionId">0</Data>
    <Data Name="IntegrityLevel">System</Data>
    <Data Name="Hashes">SHA1=557074AD8C63724D84703B56EC227FDE3FB2489A,MD5=DCB5E59D04CEF4B56E122A414818296C,SHA256=75F4776894793D4C6031A15418D586152AFD71CD2FB299182FCCB695A83E3403,IMPHASH=C0DA3B1C668315577E451FFE623DA443</Data>
    <Data Name="ParentProcessGuid">{1b54004d-7d42-65dc-2000-000057b64c36}</Data>
    <Data Name="ParentProcessId">3308</Data>
    <Data Name="ParentImage">C:\Windows\System32\csrss.exe</Data>
    <Data Name="ParentCommandLine">csrss.exe</Data>
    <Data Name="ParentUser">NT AUTHORITY\SYSTEM</Data>
    
  </EventData>
</Event>
<Event xmlns="http://schemas.microsoft.com/win/2004/08/events/event">
  <System>
    <Provider Name="Microsoft-Windows-Sysmon" Guid="{5770385f-c22a-43e0-bf4c-06f5698ffbd9}"/>
    <EventID>5</EventID>
    <Version>3</Version>
    <Level>4</Level>
    <Task>5</Task>
    <Opcode>0</Opcode>
    <Keywords>0x8000000000000000</Keywords>
    <TimeCreated SystemTime="2024-03-18T14:58:57.7760369Z"/>
    <EventRecordID>1663002</EventRecordID>
    <Correlation/>
    <Execution ProcessID="2756" ThreadID="3660"/>
    <Channel>Microsoft-Windows-Sysmon/Operational</Channel>
    <Computer>FILE-SRV-01.meridianhcs.local</Computer>
    <Security UserID="S-1-5-18"/>
  </System>
  <EventData>
    
    <Data Name="RuleName">-</Data>
    <Data Name="UtcTime">2024-03-18 14:58:57.776</Data>
    <Data Name="ProcessGuid">{1b54004d-56ab-65f8-7f02-0010f3739340}</Data>
    <Data Name="ProcessId">5284</Data>
    <Data Name="Image">C:\Windows\System32\conhost.exe</Data>
    <Data Name="User">NT AUTHORITY\SYSTEM</Data>
    
  </EventData>
</Event>
<Event xmlns="http://schemas.microsoft.com/win/2004/08/events/event">
  <System>
    <Provider Name="Microsoft-Windows-Sysmon" Guid="{5770385f-c22a-43e0-bf4c-06f5698ffbd9}"/>
    <EventID>7</EventID>
    <Version>3</Version>
    <Level>4</Level>
    <Task>7</Task>
    <Opcode>0</Opcode>
    <Keywords>0x8000000000000000</Keywords>
    <TimeCreated SystemTime="2024-03-18T14:59:07.1507277Z"/>
    <EventRecordID>1663003</EventRecordID>
    <Correlation/>
    <Execution ProcessID="2756" ThreadID="3428"/>
    <Channel>Microsoft-Windows-Sysmon/Operational</Channel>
    <Computer>FILE-SRV-01.meridianhcs.local</Computer>
    <Security UserID="S-1-5-18"/>
  </System>
  <EventData>
    
    <Data Name="RuleName">-</Data>
    <Data Name="UtcTime">2024-03-18 14:59:07.150</Data>
    <Data Name="ProcessGuid">{1b54004d-4dff-65f8-f602-00002a5d77e4}</Data>
    <Data Name="ProcessId">5528</Data>
    <Data Name="Image">C:\Windows\System32\taskhostw.exe</Data>
    <Data Name="ImageLoaded">C:\Program Files\Dell\SupportAssistAgent\bin\pcdrsysinfosoftware.p5x</Data>
    <Data Name="FileVersion">1.0.0.0</Data>
    <Data Name="Description">pcdrsysinfosoftware.p5x module</Data>
    <Data Name="Product">Dell Inc.</Data>
    <Data Name="Company">Dell Inc.</Data>
    <Data Name="OriginalFileName">pcdrsysinfosoftware.p5x</Data>
    <Data Name="Hashes">SHA1=DA2C7A7A281800947B5C71F4A92CE843B1DC50F2,MD5=D6EB67E7B79CE37086993703C1352704,SHA256=0DE9D6BA42DE73879DA0EAFD44873E30FCB362AF0AF13A34923E24513C239AD5,IMPHASH=EF39C50EF82A06742DB4608EF8AF9CBB</Data>
    <Data Name="Signed">true</Data>
    <Data Name="Signature">Dell Inc.</Data>
    <Data Name="SignatureStatus">Valid</Data>
    
  </EventData>
</Event>
<Event xmlns="http://schemas.microsoft.com/win/2004/08/events/event">
  <System>
    <Provider Name="Microsoft-Windows-Sysmon" Guid="{5770385f-c22a-43e0-bf4c-06f5698ffbd9}"/>
    <EventID>13</EventID>
    <Version>2</Version>
    <Level>4</Level>
    <Task>13</Task>
    <Opcode>0</Opcode>
    <Keywords>0x8000000000000000</Keywords>
    <TimeCreated SystemTime="2024-03-18T14:59:09.0509341Z"/>
    <EventRecordID>1663010</EventRecordID>
    <Correlation/>
    <Execution ProcessID="2756" ThreadID="3660"/>
    <Channel>Microsoft-Windows-Sysmon/Operational</Channel>
    <Computer>FILE-SRV-01.meridianhcs.local</Computer>
    <Security UserID="S-1-5-18"/>
  </System>
  <EventData>
    
    <Data Name="RuleName">-</Data>
    <Data Name="EventType">SetValue</Data>
    <Data Name="UtcTime">2024-03-18 14:59:09.050</Data>
    <Data Name="ProcessGuid">{1b54004d-7d5a-65dc-b802-001012307f27}</Data>
    <Data Name="ProcessId">3736</Data>
    <Data Name="Image">C:\Windows\System32\msiexec.exe</Data>
    <Data Name="User">NT AUTHORITY\SYSTEM</Data>
    <Data Name="TargetObject">HKLM\SOFTWARE\Microsoft\Windows\CurrentVersion\Component Based Servicing\Packages\Package_for_ServicingStack~31bf3856ad364e35~amd64~~10.0.17763.2\CurrentState</Data>
    <Data Name="Details">DWORD (0x00000070)</Data>
    
  </EventData>
</Event>
<Event xmlns="http://schemas.microsoft.com/win/2004/08/events/event">
  <System>
    <Provider Name="Microsoft-Windows-Sysmon" Guid="{5770385f-c22a-43e0-bf4c-06f5698ffbd9}"/>
    <EventID>10</EventID>
    <Version>3</Version>
    <Level>4</Level>
    <Task>10</Task>
    <Opcode>0</Opcode>
    <Keywords>0x8000000000000000</Keywords>
    <TimeCreated SystemTime="2024-03-18T14:59:15.9504924Z"/>
    <EventRecordID>1663022</EventRecordID>
    <Correlation/>
    <Execution ProcessID="2756" ThreadID="3428"/>
    <Channel>Microsoft-Windows-Sysmon/Operational</Channel>
    <Computer>FILE-SRV-01.meridianhcs.local</Computer>
    <Security UserID="S-1-5-18"/>
  </System>
  <EventData>
    
    <Data Name="RuleName">-</Data>
    <Data Name="UtcTime">2024-03-18 14:59:15.950</Data>
    <Data Name="SourceProcessGUID">{1b54004d-7d53-65dc-8502-00102ab565ba}</Data>
    <Data Name="SourceProcessId">3660</Data>
    <Data Name="SourceImage">C:\Windows\System32\SearchIndexer.exe</Data>
    <Data Name="SourceThreadId">6436</Data>
    <Data Name="SourceUser">NT AUTHORITY\SYSTEM</Data>
    <Data Name="TargetProcessGUID">{1b54004d-7d57-65dc-bd00-00106eacd6bd}</Data>
    <Data Name="TargetProcessId">3700</Data>
    <Data Name="TargetImage">C:\Windows\System32\SearchProtocolHost.exe</Data>
    <Data Name="TargetUser">NT AUTHORITY\SYSTEM</Data>
    <Data Name="GrantedAccess">0x1010</Data>
    <Data Name="CallTrace">C:\Windows\SYSTEM32\ntdll.dll+9D45D|C:\Windows\SYSTEM32\KERNELBASE.dll+2C430|C:\Windows\SYSTEM32\combase.dll+285B9</Data>
    
  </EventData>
</Event>
<Event xmlns="http://schemas.microsoft.com/win/2004/08/events/event">
  <System>
    <Provider Name="Microsoft-Windows-Sysmon" Guid="{5770385f-c22a-43e0-bf4c-06f5698ffbd9}"/>
    <EventID>1</EventID>
    <Version>5</Version>
    <Level>4</Level>
    <Task>1</Task>
    <Opcode>0</Opcode>
    <Keywords>0x8000000000000000</Keywords>
    <TimeCreated SystemTime="2024-03-18T15:01:24.9551047Z"/>
    <EventRecordID>1663036</EventRecordID>
    <Correlation/>
    <Execution ProcessID="2756" ThreadID="3660"/>
    <Channel>Microsoft-Windows-Sysmon/Operational</Channel>
    <Computer>FILE-SRV-01.meridianhcs.local</Computer>
    <Security UserID="S-1-5-18"/>
  </System>
  <EventData>
    
    <Data Name="RuleName">-</Data>
    <Data Name="UtcTime">2024-03-18 15:01:24.955</Data>
    <Data Name="ProcessGuid">{1b54004d-5744-65f8-5c00-00004cd83d15}</Data>
    <Data Name="ProcessId">5804</Data>
    <Data Name="Image">C:\Windows\System32\conhost.exe</Data>
    <Data Name="FileVersion">10.0.17763.1</Data>
    <Data Name="Description">Console Window Host</Data>
    <Data Name="Product">Microsoft Windows Operating System</Data>
    <Data Name="Company">Microsoft Corporation</Data>
    <Data Name="OriginalFileName">conhost.exe</Data>
    <Data Name="CommandLine">\??\C:\Windows\system32\conhost.exe 0xffffffff -ForceV1</Data>
    <Data Name="CurrentDirectory">C:\Windows\System32\</Data>
    <Data Name="User">NT AUTHORITY\SYSTEM</Data>
    <Data Name="LogonGuid">{8aa300aa-7cfc-4772-ac4b-b65cdbc6e016}</Data>
    <Data Name="LogonId">0x3e7</Data>
    <Data Name="TerminalSessionId">0</Data>
    <Data Name="IntegrityLevel">System</Data>
    <Data Name="Hashes">SHA1=557074AD8C63724D84703B56EC227FDE3FB2489A,MD5=DCB5E59D04CEF4B56E122A414818296C,SHA256=75F4776894793D4C6031A15418D586152AFD71CD2FB299182FCCB695A83E3403,IMPHASH=C0DA3B1C668315577E451FFE623DA443</Data>
    <Data Name="ParentProcessGuid">{1b54004d-7d42-65dc-2000-000057b64c36}</Data>
    <Data Name="ParentProcessId">3308</Data>
    <Data Name="ParentImage">C:\Windows\System32\csrss.exe</Data>
    <Data Name="ParentCommandLine">csrss.exe</Data>
    <Data Name="ParentUser">NT AUTHORITY\SYSTEM</Data>
    
  </EventData>
</Event>
<Event xmlns="http://schemas.microsoft.com/win/2004/08/events/event">
  <System>
    <Provider Name="Microsoft-Windows-Sysmon" Guid="{5770385f-c22a-43e0-bf4c-06f5698ffbd9}"/>
    <EventID>5</EventID>
    <Version>3</Version>
    <Level>4</Level>
    <Task>5</Task>
    <Opcode>0</Opcode>
    <Keywords>0x8000000000000000</Keywords>
    <TimeCreated SystemTime="2024-03-18T15:01:26.2205384Z"/>
    <EventRecordID>1663037</EventRecordID>
    <Correlation/>
    <Execution ProcessID="2756" ThreadID="3660"/>
    <Channel>Microsoft-Windows-Sysmon/Operational</Channel>
    <Computer>FILE-SRV-01.meridianhcs.local</Computer>
    <Security UserID="S-1-5-18"/>
  </System>
  <EventData>
    
    <Data Name="RuleName">-</Data>
    <Data Name="UtcTime">2024-03-18 15:01:26.220</Data>
    <Data Name="ProcessGuid">{1b54004d-5389-65f8-6e02-00107a49cdf5}</Data>
    <Data Name="ProcessId">5268</Data>
    <Data Name="Image">C:\Windows\System32\wbem\WmiPrvSE.exe</Data>
    <Data Name="User">NT AUTHORITY\SYSTEM</Data>
    
  </EventData>
</Event>
<Event xmlns="http://schemas.microsoft.com/win/2004/08/events/event">
  <System>
    <Provider Name="Microsoft-Windows-Sysmon" Guid="{5770385f-c22a-43e0-bf4c-06f5698ffbd9}"/>
    <EventID>5</EventID>
    <Version>3</Version>
    <Level>4</Level>
    <Task>5</Task>
    <Opcode>0</Opcode>
    <Keywords>0x8000000000000000</Keywords>
    <TimeCreated SystemTime="2024-03-18T15:01:40.1175322Z"/>
    <EventRecordID>1663100</EventRecordID>
    <Correlation/>
    <Execution ProcessID="2756" ThreadID="3660"/>
    <Channel>Microsoft-Windows-Sysmon/Operational</Channel>
    <Computer>FILE-SRV-01.meridianhcs.local</Computer>
    <Security UserID="S-1-5-18"/>
  </System>
  <EventData>
    
    <Data Name="RuleName">-</Data>
    <Data Name="UtcTime">2024-03-18 15:01:40.117</Data>
    <Data Name="ProcessGuid">{1b54004d-5744-65f8-5c00-00004cd83d15}</Data>
    <Data Name="ProcessId">5804</Data>
    <Data Name="Image">C:\Windows\System32\conhost.exe</Data>
    <Data Name="User">NT AUTHORITY\SYSTEM</Data>
    
  </EventData>
</Event>
<Event xmlns="http://schemas.microsoft.com/win/2004/08/events/event">
  <System>
    <Provider Name="Microsoft-Windows-Sysmon" Guid="{5770385f-c22a-43e0-bf4c-06f5698ffbd9}"/>
    <EventID>13</EventID>
    <Version>2</Version>
    <Level>4</Level>
    <Task>13</Task>
    <Opcode>0</Opcode>
    <Keywords>0x8000000000000000</Keywords>
    <TimeCreated SystemTime="2024-03-18T15:03:12.9163689Z"/>
    <EventRecordID>1663102</EventRecordID>
    <Correlation/>
    <Execution ProcessID="2756" ThreadID="3428"/>
    <Channel>Microsoft-Windows-Sysmon/Operational</Channel>
    <Computer>FILE-SRV-01.meridianhcs.local</Computer>
    <Security UserID="S-1-5-18"/>
  </System>
  <EventData>
    
    <Data Name="RuleName">-</Data>
    <Data Name="EventType">SetValue</Data>
    <Data Name="UtcTime">2024-03-18 15:03:12.916</Data>
    <Data Name="ProcessGuid">{1b54004d-7d57-65dc-d302-00108ea90ce6}</Data>
    <Data Name="ProcessId">3728</Data>
    <Data Name="Image">C:\ProgramData\Microsoft\Windows Defender\Platform\4.18.2301.6-0\MpCmdRun.exe</Data>
    <Data Name="User">NT AUTHORITY\SYSTEM</Data>
    <Data Name="TargetObject">HKLM\SOFTWARE\Microsoft\Windows Defender\Real-Time Protection\DisableRealtimeMonitoring</Data>
    <Data Name="Details">DWORD (0x00000000)</Data>
    
  </EventData>
</Event>
<Event xmlns="http://schemas.microsoft.com/win/2004/08/events/event">
  <System>
    <Provider Name="Microsoft-Windows-Sysmon" Guid="{5770385f-c22a-43e0-bf4c-06f5698ffbd9}"/>
    <EventID>13</EventID>
    <Version>2</Version>
    <Level>4</Level>
    <Task>13</Task>
    <Opcode>0</Opcode>
    <Keywords>0x8000000000000000</Keywords>
    <TimeCreated SystemTime="2024-03-18T15:03:13.9583655Z"/>
    <EventRecordID>1663103</EventRecordID>
    <Correlation/>
    <Execution ProcessID="2756" ThreadID="3428"/>
    <Channel>Microsoft-Windows-Sysmon/Operational</Channel>
    <Computer>FILE-SRV-01.meridianhcs.local</Computer>
    <Security UserID="S-1-5-18"/>
  </System>
  <EventData>
    
    <Data Name="RuleName">-</Data>
    <Data Name="EventType">SetValue</Data>
    <Data Name="UtcTime">2024-03-18 15:03:13.958</Data>
    <Data Name="ProcessGuid">{1b54004d-7d49-65dc-6300-00008f376fcd}</Data>
    <Data Name="ProcessId">3368</Data>
    <Data Name="Image">C:\Windows\System32\svchost.exe</Data>
    <Data Name="User">NT AUTHORITY\SYSTEM</Data>
    <Data Name="TargetObject">HKLM\SOFTWARE\Microsoft\Windows Defender\Real-Time Protection\DisableRealtimeMonitoring</Data>
    <Data Name="Details">DWORD (0x00000000)</Data>
    
  </EventData>
</Event>
<Event xmlns="http://schemas.microsoft.com/win/2004/08/events/event">
  <System>
    <Provider Name="Microsoft-Windows-Sysmon" Guid="{5770385f-c22a-43e0-bf4c-06f5698ffbd9}"/>
    <EventID>13</EventID>
    <Version>2</Version>
    <Level>4</Level>
    <Task>13</Task>
    <Opcode>0</Opcode>
    <Keywords>0x8000000000000000</Keywords>
    <TimeCreated SystemTime="2024-03-18T15:03:18.8046138Z"/>
    <EventRecordID>1663104</EventRecordID>
    <Correlation/>
    <Execution ProcessID="2756" ThreadID="3660"/>
    <Channel>Microsoft-Windows-Sysmon/Operational</Channel>
    <Computer>FILE-SRV-01.meridianhcs.local</Computer>
    <Security UserID="S-1-5-18"/>
  </System>
  <EventData>
    
    <Data Name="RuleName">-</Data>
    <Data Name="EventType">SetValue</Data>
    <Data Name="UtcTime">2024-03-18 15:03:18.804</Data>
    <Data Name="ProcessGuid">{1b54004d-7d45-65dc-6700-0000f7450804}</Data>
    <Data Name="ProcessId">3320</Data>
    <Data Name="Image">C:\Windows\System32\services.exe</Data>
    <Data Name="User">NT AUTHORITY\SYSTEM</Data>
    <Data Name="TargetObject">HKLM\SOFTWARE\Microsoft\Windows\CurrentVersion\Component Based Servicing\Packages\Package_for_DotNetRollup~31bf3856ad364e35~amd64~~10.0.17763.77\CurrentState</Data>
    <Data Name="Details">DWORD (0x00000070)</Data>
    
  </EventData>
</Event>
<Event xmlns="http://schemas.microsoft.com/win/2004/08/events/event">
  <System>
    <Provider Name="Microsoft-Windows-Sysmon" Guid="{5770385f-c22a-43e0-bf4c-06f5698ffbd9}"/>
    <EventID>5</EventID>
    <Version>3</Version>
    <Level>4</Level>
    <Task>5</Task>
    <Opcode>0</Opcode>
    <Keywords>0x8000000000000000</Keywords>
    <TimeCreated SystemTime="2024-03-18T15:04:03.2343148Z"/>
    <EventRecordID>1663952</EventRecordID>
    <Correlation/>
    <Execution ProcessID="2756" ThreadID="3660"/>
    <Channel>Microsoft-Windows-Sysmon/Operational</Channel>
    <Computer>FILE-SRV-01.meridianhcs.local</Computer>
    <Security UserID="S-1-5-18"/>
  </System>
  <EventData>
    
    <Data Name="RuleName">-</Data>
    <Data Name="UtcTime">2024-03-18 15:04:03.234</Data>
    <Data Name="ProcessGuid">{1b54004d-5678-65f8-ac02-00102464ffe6}</Data>
    <Data Name="ProcessId">5380</Data>
    <Data Name="Image">C:\Windows\System32\dllhost.exe</Data>
    <Data Name="User">NT AUTHORITY\SYSTEM</Data>
    
  </EventData>
</Event>
<Event xmlns="http://schemas.microsoft.com/win/2004/08/events/event">
  <System>
    <Provider Name="Microsoft-Windows-Sysmon" Guid="{5770385f-c22a-43e0-bf4c-06f5698ffbd9}"/>
    <EventID>1</EventID>
    <Version>5</Version>
    <Level>4</Level>
    <Task>1</Task>
    <Opcode>0</Opcode>
    <Keywords>0x8000000000000000</Keywords>
    <TimeCreated SystemTime="2024-03-18T15:05:01.9905201Z"/>
    <EventRecordID>1663954</EventRecordID>
    <Correlation/>
    <Execution ProcessID="2756" ThreadID="3428"/>
    <Channel>Microsoft-Windows-Sysmon/Operational</Channel>
    <Computer>FILE-SRV-01.meridianhcs.local</Computer>
    <Security UserID="S-1-5-18"/>
  </System>
  <EventData>
    
    <Data Name="RuleName">-</Data>
    <Data Name="UtcTime">2024-03-18 15:05:01.990</Data>
    <Data Name="ProcessGuid">{1b54004d-581d-65f8-6502-0010068611ae}</Data>
    <Data Name="ProcessId">5816</Data>
    <Data Name="Image">C:\Windows\System32\wsqmcons.exe</Data>
    <Data Name="FileVersion">10.0.17763.1</Data>
    <Data Name="Description">Windows SQM Consolidator</Data>
    <Data Name="Product">Microsoft Windows Operating System</Data>
    <Data Name="Company">Microsoft Corporation</Data>
    <Data Name="OriginalFileName">wsqmcons.exe</Data>
    <Data Name="CommandLine">wsqmcons.exe</Data>
    <Data Name="CurrentDirectory">C:\Windows\System32\</Data>
    <Data Name="User">NT AUTHORITY\SYSTEM</Data>
    <Data Name="LogonGuid">{8aa300aa-7cfc-4772-ac4b-b65cdbc6e016}</Data>
    <Data Name="LogonId">0x3e7</Data>
    <Data Name="TerminalSessionId">0</Data>
    <Data Name="IntegrityLevel">System</Data>
    <Data Name="Hashes">SHA1=8A715D5D87965D5858C24C51A83F5CAF5FCD28C4,MD5=82480936095C372A12CDC27F2DF66821,SHA256=52B419E87B8F91CA40C54A78C989931F2D836A98E6887375237E8414851F3607,IMPHASH=221ED000F783E25325E78176C1AB8641</Data>
    <Data Name="ParentProcessGuid">{1b54004d-7d49-65dc-6300-00008f376fcd}</Data>
    <Data Name="ParentProcessId">3368</Data>
    <Data Name="ParentImage">C:\Windows\System32\svchost.exe</Data>
    <Data Name="ParentCommandLine">svchost.exe -k LocalSystem</Data>
    <Data Name="ParentUser">NT AUTHORITY\SYSTEM</Data>
    
  </EventData>
</Event>
<Event xmlns="http://schemas.microsoft.com/win/2004/08/events/event">
  <System>
    <Provider Name="Microsoft-Windows-Sysmon" Guid="{5770385f-c22a-43e0-bf4c-06f5698ffbd9}"/>
    <EventID>13</EventID>
    <Version>2</Version>
    <Level>4</Level>
    <Task>13</Task>
    <Opcode>0</Opcode>
    <Keywords>0x8000000000000000</Keywords>
    <TimeCreated SystemTime="2024-03-18T15:05:04.8005539Z"/>
    <EventRecordID>1664116</EventRecordID>
    <Correlation/>
    <Execution ProcessID="2756" ThreadID="3428"/>
    <Channel>Microsoft-Windows-Sysmon/Operational</Channel>
    <Computer>FILE-SRV-01.meridianhcs.local</Computer>
    <Security UserID="S-1-5-18"/>
  </System>
  <EventData>
    
    <Data Name="RuleName">-</Data>
    <Data Name="EventType">SetValue</Data>
    <Data Name="UtcTime">2024-03-18 15:05:04.800</Data>
    <Data Name="ProcessGuid">{1b54004d-7d45-65dc-6700-0000f7450804}</Data>
    <Data Name="ProcessId">3320</Data>
    <Data Name="Image">C:\Windows\System32\services.exe</Data>
    <Data Name="User">NT AUTHORITY\SYSTEM</Data>
    <Data Name="TargetObject">HKLM\SOFTWARE\Microsoft\Windows\CurrentVersion\Component Based Servicing\Packages\Microsoft-Windows-Client-Features~31bf3856ad364e35~amd64~~10.0.17763.68\CurrentState</Data>
    <Data Name="Details">DWORD (0x00000070)</Data>
    
  </EventData>
</Event>
<Event xmlns="http://schemas.microsoft.com/win/2004/08/events/event">
  <System>
    <Provider Name="Microsoft-Windows-Sysmon" Guid="{5770385f-c22a-43e0-bf4c-06f5698ffbd9}"/>
    <EventID>5</EventID>
    <Version>3</Version>
    <Level>4</Level>
    <Task>5</Task>
    <Opcode>0</Opcode>
    <Keywords>0x8000000000000000</Keywords>
    <TimeCreated SystemTime="2024-03-18T15:06:27.2377145Z"/>
    <EventRecordID>1664158</EventRecordID>
    <Correlation/>
    <Execution ProcessID="2756" ThreadID="3428"/>
    <Channel>Microsoft-Windows-Sysmon/Operational</Channel>
    <Computer>FILE-SRV-01.meridianhcs.local</Computer>
    <Security UserID="S-1-5-18"/>
  </System>
  <EventData>
    
    <Data Name="RuleName">-</Data>
    <Data Name="UtcTime">2024-03-18 15:06:27.237</Data>
    <Data Name="ProcessGuid">{1b54004d-581d-65f8-6502-0010068611ae}</Data>
    <Data Name="ProcessId">5816</Data>
    <Data Name="Image">C:\Windows\System32\wsqmcons.exe</Data>
    <Data Name="User">NT AUTHORITY\SYSTEM</Data>
    
  </EventData>
</Event>
