<?xml version="1.0" encoding="utf-8"?>
<Events>
<Event xmlns="http://schemas.microsoft.com/win/2004/08/events/event">
  <System>
    <Provider Name="Microsoft-Windows-Sysmon" Guid="{5770385f-c22a-43e0-bf4c-06f5698ffbd9}"/>
    <EventID>10</EventID>
    <Version>3</Version>
    <Level>4</Level>
    <Task>10</Task>
    <Opcode>0</Opcode>
    <Keywords>0x8000000000000000</Keywords>
    <TimeCreated SystemTime="2024-03-18T12:02:25.1157607Z"/>
    <EventRecordID>359537</EventRecordID>
    <Correlation/>
    <Execution ProcessID="1888" ThreadID="2740"/>
    <Channel>Microsoft-Windows-Sysmon/Operational</Channel>
    <Computer>WS-EBROOKS-01.meridianhcs.local</Computer>
    <Security UserID="S-1-5-18"/>
  </System>
  <EventData>
    
    <Data Name="RuleName">-</Data>
    <Data Name="UtcTime">2024-03-18 12:02:25.115</Data>
    <Data Name="SourceProcessGUID">{2fa70b62-b7c1-65e5-1902-001060ec6e9f}</Data>
    <Data Name="SourceProcessId">3316</Data>
    <Data Name="SourceImage">C:\Windows\System32\csrss.exe</Data>
    <Data Name="SourceThreadId">4104</Data>
    <Data Name="SourceUser">NT AUTHORITY\SYSTEM</Data>
    <Data Name="TargetProcessGUID">{2fa70b62-b7c8-65e5-c402-0000b99ac68f}</Data>
    <Data Name="TargetProcessId">3368</Data>
    <Data Name="TargetImage">C:\Windows\System32\svchost.exe</Data>
    <Data Name="TargetUser">NT AUTHORITY\SYSTEM</Data>
    <Data Name="GrantedAccess">0x1000</Data>
    <Data Name="CallTrace">C:\Windows\SYSTEM32\ntdll.dll+9E473</Data>
    
  </EventData>
</Event>
<Event xmlns="http://schemas.microsoft.com/win/2004/08/events/event">
  <System>
    <Provider Name="Microsoft-Windows-Sysmon" Guid="{5770385f-c22a-43e0-bf4c-06f5698ffbd9}"/>
    <EventID>13</EventID>
    <Version>2</Version>
    <Level>4</Level>
    <Task>13</Task>
    <Opcode>0</Opcode>
    <Keywords>0x8000000000000000</Keywords>
    <TimeCreated SystemTime="2024-03-18T12:04:00.4784192Z"/>
    <EventRecordID>359540</EventRecordID>
    <Correlation/>
    <Execution ProcessID="1888" ThreadID="4804"/>
    <Channel>Microsoft-Windows-Sysmon/Operational</Channel>
    <Computer>WS-EBROOKS-01.meridianhcs.local</Computer>
    <Security UserID="S-1-5-18"/>
  </System>
  <EventData>
    
    <Data Name="RuleName">-</Data>
    <Data Name="EventType">SetValue</Data>
    <Data Name="UtcTime">2024-03-18 12:04:00.478</Data>
    <Data Name="ProcessGuid">{2fa70b62-b7e2-65e5-4202-0000c2e4b179}</Data>
    <Data Name="ProcessId">3792</Data>
    <Data Name="Image">C:\Windows\System32\RuntimeBroker.exe</Data>
    <Data Name="User">MERIDIANHCS\evelyn.brooks</Data>
    <Data Name="TargetObject">HKU\S-1-5-21-1560264275-2006997774-2274642744-1005\Software\Microsoft\Windows\CurrentVersion\Explorer\UserAssist\{CEBFF5CD-ACE2-4F4F-9178-9926F41749EA}\Count\HRZR_EHACNGU:P:\Hfref\riryla.oebbxf\NccQngn\Ebnzvat\Zvpebfbsg\Jvaqbjf\Fgneg Zrah\Cebtenzf\Grnzf.yax</Data>
    <Data Name="Details">3C 1D 18 A2 A5 A3 58 C8 35 EB 5E 36 A2 F1 2D 8F 5D 98 C0 BC 1F FF 23 77 32 5E D9 5D DB 79 8E E5 91 8E 90 64 48 9E 06 43</Data>
    
  </EventData>
</Event>
<Event xmlns="http://schemas.microsoft.com/win/2004/08/events/event">
  <System>
    <Provider Name="Microsoft-Windows-Sysmon" Guid="{5770385f-c22a-43e0-bf4c-06f5698ffbd9}"/>
    <EventID>22</EventID>
    <Version>5</Version>
    <Level>4</Level>
    <Task>22</Task>
    <Opcode>0</Opcode>
    <Keywords>0x8000000000000000</Keywords>
    <TimeCreated SystemTime="2024-03-18T12:04:48.5275310Z"/>
    <EventRecordID>359950</EventRecordID>
    <Correlation/>
    <Execution ProcessID="1888" ThreadID="4812"/>
    <Channel>Microsoft-Windows-Sysmon/Operational</Channel>
    <Computer>WS-EBROOKS-01.meridianhcs.local</Computer>
    <Security UserID="S-1-5-18"/>
  </System>
  <EventData>
    
    <Data Name="RuleName">-</Data>
    <Data Name="UtcTime">2024-03-18 12:04:48.527</Data>
    <Data Name="ProcessGuid">{2fa70b62-b7ca-65e5-e202-00000b694ee7}</Data>
    <Data Name="ProcessId">3404</Data>
    <Data Name="QueryName">DC-01.meridianhcs.local</Data>
    <Data Name="QueryStatus">0</Data>
    <Data Name="QueryResults">fd00:0a02:000a::1;</Data>
    <Data Name="Image">C:\Windows\System32\svchost.exe</Data>
    <Data Name="User">NT AUTHORITY\LOCAL SERVICE</Data>
    
  </EventData>
</Event>
<Event xmlns="http://schemas.microsoft.com/win/2004/08/events/event">
  <System>
    <Provider Name="Microsoft-Windows-Sysmon" Guid="{5770385f-c22a-43e0-bf4c-06f5698ffbd9}"/>
    <EventID>1</EventID>
    <Version>5</Version>
    <Level>4</Level>
    <Task>1</Task>
    <Opcode>0</Opcode>
    <Keywords>0x8000000000000000</Keywords>
    <TimeCreated SystemTime="2024-03-18T12:06:25.0200020Z"/>
    <EventRecordID>359953</EventRecordID>
    <Correlation/>
    <Execution ProcessID="1888" ThreadID="4804"/>
    <Channel>Microsoft-Windows-Sysmon/Operational</Channel>
    <Computer>WS-EBROOKS-01.meridianhcs.local</Computer>
    <Security UserID="S-1-5-18"/>
  </System>
  <EventData>
    
    <Data Name="RuleName">-</Data>
    <Data Name="UtcTime">2024-03-18 12:06:25.020</Data>
    <Data Name="ProcessGuid">{2fa70b62-2e41-65f8-cd02-00105a4809c5}</Data>
    <Data Name="ProcessId">4284</Data>
    <Data Name="Image">C:\Program Files\HP\HP Image Assistant\HPImageAssistant.exe</Data>
    <Data Name="FileVersion">-</Data>
    <Data Name="Description">-</Data>
    <Data Name="Product">-</Data>
    <Data Name="Company">-</Data>
    <Data Name="OriginalFileName">-</Data>
    <Data Name="CommandLine">HPImageAssistant.exe /Operation:Analyze /Silent</Data>
    <Data Name="CurrentDirectory">C:\Windows\System32\</Data>
    <Data Name="User">NT AUTHORITY\SYSTEM</Data>
    <Data Name="LogonGuid">{65e699f7-bf4c-4e8f-8265-792b221198a5}</Data>
    <Data Name="LogonId">0x3e7</Data>
    <Data Name="TerminalSessionId">0</Data>
    <Data Name="IntegrityLevel">System</Data>
    <Data Name="Hashes">SHA1=A06EC1FA31BF4F03C1DC8B8448E2F00F263E607D,MD5=BBC9DE50239C7FBB3BE6EDCB9A0BE725,SHA256=EFA87B1039A292E477780A95DE6B3694F0A1777208659A359BB51CEE1163D2FE,IMPHASH=61542B51CAA457C075C1EA6EFFA060FC</Data>
    <Data Name="ParentProcessGuid">{2fa70b62-b7dc-65e5-9700-00004d0ce24b}</Data>
    <Data Name="ParentProcessId">3732</Data>
    <Data Name="ParentImage">C:\Windows\System32\taskhostw.exe</Data>
    <Data Name="ParentCommandLine">taskhostw.exe</Data>
    <Data Name="ParentUser">NT AUTHORITY\SYSTEM</Data>
    
  </EventData>
</Event>
<Event xmlns="http://schemas.microsoft.com/win/2004/08/events/event">
  <System>
    <Provider Name="Microsoft-Windows-Sysmon" Guid="{5770385f-c22a-43e0-bf4c-06f5698ffbd9}"/>
    <EventID>22</EventID>
    <Version>5</Version>
    <Level>4</Level>
    <Task>22</Task>
    <Opcode>0</Opcode>
    <Keywords>0x8000000000000000</Keywords>
    <TimeCreated SystemTime="2024-03-18T12:07:12.5645709Z"/>
    <EventRecordID>360157</EventRecordID>
    <Correlation/>
    <Execution ProcessID="1888" ThreadID="2740"/>
    <Channel>Microsoft-Windows-Sysmon/Operational</Channel>
    <Computer>WS-EBROOKS-01.meridianhcs.local</Computer>
    <Security UserID="S-1-5-18"/>
  </System>
  <EventData>
    
    <Data Name="RuleName">-</Data>
    <Data Name="UtcTime">2024-03-18 12:07:12.564</Data>
    <Data Name="ProcessGuid">{2fa70b62-b7ca-65e5-e202-00000b694ee7}</Data>
    <Data Name="ProcessId">3404</Data>
    <Data Name="QueryName">DC-01.meridianhcs.local</Data>
    <Data Name="QueryStatus">0</Data>
    <Data Name="QueryResults">10.10.2.10;</Data>
    <Data Name="Image">C:\Windows\System32\svchost.exe</Data>
    <Data Name="User">NT AUTHORITY\LOCAL SERVICE</Data>
    
  </EventData>
</Event>
<Event xmlns="http://schemas.microsoft.com/win/2004/08/events/event">
  <System>
    <Provider Name="Microsoft-Windows-Sysmon" Guid="{5770385f-c22a-43e0-bf4c-06f5698ffbd9}"/>
    <EventID>13</EventID>
    <Version>2</Version>
    <Level>4</Level>
    <Task>13</Task>
    <Opcode>0</Opcode>
    <Keywords>0x8000000000000000</Keywords>
    <TimeCreated SystemTime="2024-03-18T12:07:15.3861865Z"/>
    <EventRecordID>360175</EventRecordID>
    <Correlation/>
    <Execution ProcessID="1888" ThreadID="4804"/>
    <Channel>Microsoft-Windows-Sysmon/Operational</Channel>
    <Computer>WS-EBROOKS-01.meridianhcs.local</Computer>
    <Security UserID="S-1-5-18"/>
  </System>
  <EventData>
    
    <Data Name="RuleName">-</Data>
    <Data Name="EventType">SetValue</Data>
    <Data Name="UtcTime">2024-03-18 12:07:15.386</Data>
    <Data Name="ProcessGuid">{2fa70b62-b7c5-65e5-e000-00005c2e1a78}</Data>
    <Data Name="ProcessId">3324</Data>
    <Data Name="Image">C:\Windows\System32\services.exe</Data>
    <Data Name="User">NT AUTHORITY\SYSTEM</Data>
    <Data Name="TargetObject">HKLM\SOFTWARE\Microsoft\Windows\CurrentVersion\Component Based Servicing\Packages\Microsoft-Windows-Client-Features~31bf3856ad364e35~amd64~~10.0.19041.35\CurrentState</Data>
    <Data Name="Details">DWORD (0x00000070)</Data>
    
  </EventData>
</Event>
<Event xmlns="http://schemas.microsoft.com/win/2004/08/events/event">
  <System>
    <Provider Name="Microsoft-Windows-Sysmon" Guid="{5770385f-c22a-43e0-bf4c-06f5698ffbd9}"/>
    <EventID>13</EventID>
    <Version>2</Version>
    <Level>4</Level>
    <Task>13</Task>
    <Opcode>0</Opcode>
    <Keywords>0x8000000000000000</Keywords>
    <TimeCreated SystemTime="2024-03-18T12:07:57.7375381Z"/>
    <EventRecordID>360177</EventRecordID>
    <Correlation/>
    <Execution ProcessID="1888" ThreadID="4804"/>
    <Channel>Microsoft-Windows-Sysmon/Operational</Channel>
    <Computer>WS-EBROOKS-01.meridianhcs.local</Computer>
    <Security UserID="S-1-5-18"/>
  </System>
  <EventData>
    
    <Data Name="RuleName">-</Data>
    <Data Name="EventType">SetValue</Data>
    <Data Name="UtcTime">2024-03-18 12:07:57.737</Data>
    <Data Name="ProcessGuid">{2fa70b62-b7db-65e5-1800-00100091d8fb}</Data>
    <Data Name="ProcessId">3712</Data>
    <Data Name="Image">C:\Windows\System32\msiexec.exe</Data>
    <Data Name="User">NT AUTHORITY\SYSTEM</Data>
    <Data Name="TargetObject">HKLM\SOFTWARE\Microsoft\Windows\CurrentVersion\Component Based Servicing\Packages\Package_for_RollupFix~31bf3856ad364e35~amd64~~10.0.19041.56\CurrentState</Data>
    <Data Name="Details">DWORD (0x00000070)</Data>
    
  </EventData>
</Event>
<Event xmlns="http://schemas.microsoft.com/win/2004/08/events/event">
  <System>
    <Provider Name="Microsoft-Windows-Sysmon" Guid="{5770385f-c22a-43e0-bf4c-06f5698ffbd9}"/>
    <EventID>3</EventID>
    <Version>5</Version>
    <Level>4</Level>
    <Task>3</Task>
    <Opcode>0</Opcode>
    <Keywords>0x8000000000000000</Keywords>
    <TimeCreated SystemTime="2024-03-18T12:08:00.4113645Z"/>
    <EventRecordID>360178</EventRecordID>
    <Correlation/>
    <Execution ProcessID="1888" ThreadID="4812"/>
    <Channel>Microsoft-Windows-Sysmon/Operational</Channel>
    <Computer>WS-EBROOKS-01.meridianhcs.local</Computer>
    <Security UserID="S-1-5-18"/>
  </System>
  <EventData>
    
    <Data Name="RuleName">-</Data>
    <Data Name="UtcTime">2024-03-18 12:08:00.411</Data>
    <Data Name="ProcessGuid">{2fa70b62-b7c5-65e5-6302-001038fa51a7}</Data>
    <Data Name="ProcessId">3344</Data>
    <Data Name="Image">C:\Windows\System32\lsass.exe</Data>
    <Data Name="User">NT AUTHORITY\SYSTEM</Data>
    <Data Name="Protocol">tcp</Data>
    <Data Name="Initiated">true</Data>
    <Data Name="SourceIsIpv6">false</Data>
    <Data Name="SourceIp">10.10.1.33</Data>
    <Data Name="SourceHostname">WS-EBROOKS-01.meridianhcs.local</Data>
    <Data Name="SourcePort">62343</Data>
    <Data Name="SourcePortName">-</Data>
    <Data Name="DestinationIsIpv6">false</Data>
    <Data Name="DestinationIp">10.10.2.10</Data>
    <Data Name="DestinationHostname">DC-01.meridianhcs.local</Data>
    <Data Name="DestinationPort">88</Data>
    <Data Name="DestinationPortName">kerberos</Data>
    
  </EventData>
</Event>
<Event xmlns="http://schemas.microsoft.com/win/2004/08/events/event">
  <System>
    <Provider Name="Microsoft-Windows-Sysmon" Guid="{5770385f-c22a-43e0-bf4c-06f5698ffbd9}"/>
    <EventID>3</EventID>
    <Version>5</Version>
    <Level>4</Level>
    <Task>3</Task>
    <Opcode>0</Opcode>
    <Keywords>0x8000000000000000</Keywords>
    <TimeCreated SystemTime="2024-03-18T12:08:05.5556163Z"/>
    <EventRecordID>360179</EventRecordID>
    <Correlation/>
    <Execution ProcessID="1888" ThreadID="4812"/>
    <Channel>Microsoft-Windows-Sysmon/Operational</Channel>
    <Computer>WS-EBROOKS-01.meridianhcs.local</Computer>
    <Security UserID="S-1-5-18"/>
  </System>
  <EventData>
    
    <Data Name="RuleName">-</Data>
    <Data Name="UtcTime">2024-03-18 12:08:05.555</Data>
    <Data Name="ProcessGuid">{2fa70b62-b7c5-65e5-6302-001038fa51a7}</Data>
    <Data Name="ProcessId">3344</Data>
    <Data Name="Image">C:\Windows\System32\lsass.exe</Data>
    <Data Name="User">NT AUTHORITY\SYSTEM</Data>
    <Data Name="Protocol">udp</Data>
    <Data Name="Initiated">true</Data>
    <Data Name="SourceIsIpv6">false</Data>
    <Data Name="SourceIp">10.10.1.33</Data>
    <Data Name="SourceHostname">WS-EBROOKS-01.meridianhcs.local</Data>
    <Data Name="SourcePort">61211</Data>
    <Data Name="SourcePortName">-</Data>
    <Data Name="DestinationIsIpv6">false</Data>
    <Data Name="DestinationIp">10.10.2.10</Data>
    <Data Name="DestinationHostname">DC-01.meridianhcs.local</Data>
    <Data Name="DestinationPort">88</Data>
    <Data Name="DestinationPortName">kerberos</Data>
    
  </EventData>
</Event>
<Event xmlns="http://schemas.microsoft.com/win/2004/08/events/event">
  <System>
    <Provider Name="Microsoft-Windows-Sysmon" Guid="{5770385f-c22a-43e0-bf4c-06f5698ffbd9}"/>
    <EventID>7</EventID>
    <Version>3</Version>
    <Level>4</Level>
    <Task>7</Task>
    <Opcode>0</Opcode>
    <Keywords>0x8000000000000000</Keywords>
    <TimeCreated SystemTime="2024-03-18T12:08:24.2301152Z"/>
    <EventRecordID>360216</EventRecordID>
    <Correlation/>
    <Execution ProcessID="1888" ThreadID="2740"/>
    <Channel>Microsoft-Windows-Sysmon/Operational</Channel>
    <Computer>WS-EBROOKS-01.meridianhcs.local</Computer>
    <Security UserID="S-1-5-18"/>
  </System>
  <EventData>
    
    <Data Name="RuleName">-</Data>
    <Data Name="UtcTime">2024-03-18 12:08:24.230</Data>
    <Data Name="ProcessGuid">{2fa70b62-b7d0-65e5-b302-00003b4d1bf2}</Data>
    <Data Name="ProcessId">3444</Data>
    <Data Name="Image">C:\Windows\System32\svchost.exe</Data>
    <Data Name="ImageLoaded">C:\ProgramData\Microsoft\Windows Defender\Platform\4.18.2301.6-0\MpClient.dll</Data>
    <Data Name="FileVersion">10.0.19041.1</Data>
    <Data Name="Description">MpClient.dll system library</Data>
    <Data Name="Product">Microsoft Windows Operating System</Data>
    <Data Name="Company">Microsoft Corporation</Data>
    <Data Name="OriginalFileName">MpClient.dll</Data>
    <Data Name="Hashes">SHA1=4EBD0CB418B646D66B75B6D3F2B67E91F7B3B446,MD5=5F2E97046C77BE473616ED1279BEAA8E,SHA256=422A0693BDA99E6CDFF4A8A0C8BD30836EEF8EB07274C75EEF93A5821955DB34,IMPHASH=6D02D9D84BB1546D6814A7A1F16E72C7</Data>
    <Data Name="Signed">true</Data>
    <Data Name="Signature">Microsoft Corporation</Data>
    <Data Name="SignatureStatus">Valid</Data>
    
  </EventData>
</Event>
<Event xmlns="http://schemas.microsoft.com/win/2004/08/events/event">
  <System>
    <Provider Name="Microsoft-Windows-Sysmon" Guid="{5770385f-c22a-43e0-bf4c-06f5698ffbd9}"/>
    <EventID>1</EventID>
    <Version>5</Version>
    <Level>4</Level>
    <Task>1</Task>
    <Opcode>0</Opcode>
    <Keywords>0x8000000000000000</Keywords>
    <TimeCreated SystemTime="2024-03-18T12:09:24.3152467Z"/>
    <EventRecordID>360227</EventRecordID>
    <Correlation/>
    <Execution ProcessID="1888" ThreadID="4812"/>
    <Channel>Microsoft-Windows-Sysmon/Operational</Channel>
    <Computer>WS-EBROOKS-01.meridianhcs.local</Computer>
    <Security UserID="S-1-5-18"/>
  </System>
  <EventData>
    
    <Data Name="RuleName">-</Data>
    <Data Name="UtcTime">2024-03-18 12:09:24.315</Data>
    <Data Name="ProcessGuid">{2fa70b62-2ef4-65f8-aa00-000070a25bbb}</Data>
    <Data Name="ProcessId">4256</Data>
    <Data Name="Image">C:\Windows\System32\conhost.exe</Data>
    <Data Name="FileVersion">10.0.19041.1</Data>
    <Data Name="Description">Console Window Host</Data>
    <Data Name="Product">Microsoft Windows Operating System</Data>
    <Data Name="Company">Microsoft Corporation</Data>
    <Data Name="OriginalFileName">conhost.exe</Data>
    <Data Name="CommandLine">\??\C:\Windows\system32\conhost.exe 0xffffffff -ForceV1</Data>
    <Data Name="CurrentDirectory">C:\Windows\System32\</Data>
    <Data Name="User">NT AUTHORITY\SYSTEM</Data>
    <Data Name="LogonGuid">{65e699f7-bf4c-4e8f-8265-792b221198a5}</Data>
    <Data Name="LogonId">0x3e7</Data>
    <Data Name="TerminalSessionId">0</Data>
    <Data Name="IntegrityLevel">System</Data>
    <Data Name="Hashes">SHA1=DD6B57162B6E9EB1CBE6AE4BD9D59631D70D3C77,MD5=20DDE14F1566F8F41E09268CF153A60C,SHA256=52087624BEC919611D75225578D8902EBA607AAD0BF9F639294804D8CDD70627,IMPHASH=CE0452E452259E6E25906CB5D12387D2</Data>
    <Data Name="ParentProcessGuid">{2fa70b62-b7c1-65e5-1902-001060ec6e9f}</Data>
    <Data Name="ParentProcessId">3316</Data>
    <Data Name="ParentImage">C:\Windows\System32\csrss.exe</Data>
    <Data Name="ParentCommandLine">csrss.exe</Data>
    <Data Name="ParentUser">NT AUTHORITY\SYSTEM</Data>
    
  </EventData>
</Event>
<Event xmlns="http://schemas.microsoft.com/win/2004/08/events/event">
  <System>
    <Provider Name="Microsoft-Windows-Sysmon" Guid="{5770385f-c22a-43e0-bf4c-06f5698ffbd9}"/>
    <EventID>5</EventID>
    <Version>3</Version>
    <Level>4</Level>
    <Task>5</Task>
    <Opcode>0</Opcode>
    <Keywords>0x8000000000000000</Keywords>
    <TimeCreated SystemTime="2024-03-18T12:09:24.9399340Z"/>
    <EventRecordID>360314</EventRecordID>
    <Correlation/>
    <Execution ProcessID="1888" ThreadID="4812"/>
    <Channel>Microsoft-Windows-Sysmon/Operational</Channel>
    <Computer>WS-EBROOKS-01.meridianhcs.local</Computer>
    <Security UserID="S-1-5-18"/>
  </System>
  <EventData>
    
    <Data Name="RuleName">-</Data>
    <Data Name="UtcTime">2024-03-18 12:09:24.939</Data>
    <Data Name="ProcessGuid">{2fa70b62-2ef4-65f8-aa00-000070a25bbb}</Data>
    <Data Name="ProcessId">4256</Data>
    <Data Name="Image">C:\Windows\System32\conhost.exe</Data>
    <Data Name="User">NT AUTHORITY\SYSTEM</Data>
    
  </EventData>
</Event>
<Event xmlns="http://schemas.microsoft.com/win/2004/08/events/event">
  <System>
    <Provider Name="Microsoft-Windows-Sysmon" Guid="{5770385f-c22a-43e0-bf4c-06f5698ffbd9}"/>
    <EventID>5</EventID>
    <Version>3</Version>
    <Level>4</Level>
    <Task>5</Task>
    <Opcode>0</Opcode>
    <Keywords>0x8000000000000000</Keywords>
    <TimeCreated SystemTime="2024-03-18T12:10:15.0786970Z"/>
    <EventRecordID>360316</EventRecordID>
    <Correlation/>
    <Execution ProcessID="1888" ThreadID="4804"/>
    <Channel>Microsoft-Windows-Sysmon/Operational</Channel>
    <Computer>WS-EBROOKS-01.meridianhcs.local</Computer>
    <Security UserID="S-1-5-18"/>
  </System>
  <EventData>
    
    <Data Name="RuleName">-</Data>
    <Data Name="UtcTime">2024-03-18 12:10:15.078</Data>
    <Data Name="ProcessGuid">{2fa70b62-2e41-65f8-cd02-00105a4809c5}</Data>
    <Data Name="ProcessId">4284</Data>
    <Data Name="Image">C:\Program Files\HP\HP Image Assistant\HPImageAssistant.exe</Data>
    <Data Name="User">NT AUTHORITY\SYSTEM</Data>
    
  </EventData>
</Event>
<Event xmlns="http://schemas.microsoft.com/win/2004/08/events/event">
  <System>
    <Provider Name="Microsoft-Windows-Sysmon" Guid="{5770385f-c22a-43e0-bf4c-06f5698ffbd9}"/>
    <EventID>1</EventID>
    <Version>5</Version>
    <Level>4</Level>
    <Task>1</Task>
    <Opcode>0</Opcode>
    <Keywords>0x8000000000000000</Keywords>
    <TimeCreated SystemTime="2024-03-18T12:10:20.6816521Z"/>
    <EventRecordID>360318</EventRecordID>
    <Correlation/>
    <Execution ProcessID="1888" ThreadID="4812"/>
    <Channel>Microsoft-Windows-Sysmon/Operational</Channel>
    <Computer>WS-EBROOKS-01.meridianhcs.local</Computer>
    <Security UserID="S-1-5-18"/>
  </System>
  <EventData>
    
    <Data Name="RuleName">-</Data>
    <Data Name="UtcTime">2024-03-18 12:10:20.681</Data>
    <Data Name="ProcessGuid">{2fa70b62-2f2c-65f8-a300-0000d977ad65}</Data>
    <Data Name="ProcessId">4116</Data>
    <Data Name="Image">C:\Program Files\Mozilla Firefox\firefox.exe</Data>
    <Data Name="FileVersion">121.0</Data>
    <Data Name="Description">Firefox</Data>
    <Data Name="Product">Firefox</Data>
    <Data Name="Company">Mozilla Corporation</Data>
    <Data Name="OriginalFileName">firefox.exe</Data>
    <Data Name="CommandLine">"C:\Program Files\Mozilla Firefox\firefox.exe" -osint -url http://www.office.com/</Data>
    <Data Name="CurrentDirectory">C:\Users\evelyn.brooks\</Data>
    <Data Name="User">MERIDIANHCS\evelyn.brooks</Data>
    <Data Name="LogonGuid">{00000000-0000-0000-0000-000000000000}</Data>
    <Data Name="LogonId">0xa3a0f45</Data>
    <Data Name="TerminalSessionId">2</Data>
    <Data Name="IntegrityLevel">Medium</Data>
    <Data Name="Hashes">SHA1=F78FCDDC7632E6DF6029270507A60E5B4B21951B,MD5=D39A8CE39BB9BC76CDDD45A1DFA17AC9,SHA256=3E053567474CF448D7BBECF77E8545347CA13D74BAEAE80C1874AD8141688016,IMPHASH=4CE80C2CC143420306DE2C6EF18B7974</Data>
    <Data Name="ParentProcessGuid">{2fa70b62-2f2c-65f8-3d00-0000983959ce}</Data>
    <Data Name="ParentProcessId">4108</Data>
    <Data Name="ParentImage">C:\Windows\explorer.exe</Data>
    <Data Name="ParentCommandLine">explorer.exe</Data>
    <Data Name="ParentUser">MERIDIANHCS\evelyn.brooks</Data>
    
  </EventData>
</Event>
<Event xmlns="http://schemas.microsoft.com/win/2004/08/events/event">
  <System>
    <Provider Name="Microsoft-Windows-Sysmon" Guid="{5770385f-c22a-43e0-bf4c-06f5698ffbd9}"/>
    <EventID>7</EventID>
    <Version>3</Version>
    <Level>4</Level>
    <Task>7</Task>
    <Opcode>0</Opcode>
    <Keywords>0x8000000000000000</Keywords>
    <TimeCreated SystemTime="2024-03-18T12:11:36.8990419Z"/>
    <EventRecordID>360320</EventRecordID>
    <Correlation/>
    <Execution ProcessID="1888" ThreadID="4812"/>
    <Channel>Microsoft-Windows-Sysmon/Operational</Channel>
    <Computer>WS-EBROOKS-01.meridianhcs.local</Computer>
    <Security UserID="S-1-5-18"/>
  </System>
  <EventData>
    
    <Data Name="RuleName">-</Data>
    <Data Name="UtcTime">2024-03-18 12:11:36.899</Data>
    <Data Name="ProcessGuid">{2fa70b62-130d-65f8-4702-00002fd9c55f}</Data>
    <Data Name="ProcessId">3852</Data>
    <Data Name="Image">C:\Windows\System32\svchost.exe</Data>
    <Data Name="ImageLoaded">C:\Program Files\VMware\VMware Tools\vmStatsProvider.dll</Data>
    <Data Name="FileVersion">1.0.0.0</Data>
    <Data Name="Description">vmStatsProvider.dll module</Data>
    <Data Name="Product">VMware, Inc.</Data>
    <Data Name="Company">VMware, Inc.</Data>
    <Data Name="OriginalFileName">vmStatsProvider.dll</Data>
    <Data Name="Hashes">SHA1=59D6A2228965DEA66D7C93F926FFF5BEA58D0958,MD5=90B6BA84A505CD2472182B6A3BFF34DD,SHA256=51F5802FF35D872BE25CF1BA725DBFE7E93B2CB0E7620126E5A6CC4F506DF760,IMPHASH=96621860BADAB47E574E7B6E25AA7F61</Data>
    <Data Name="Signed">true</Data>
    <Data Name="Signature">VMware, Inc.</Data>
    <Data Name="SignatureStatus">Valid</Data>
    
  </EventData>
</Event>
<Event xmlns="http://schemas.microsoft.com/win/2004/08/events/event">
  <System>
    <Provider Name="Microsoft-Windows-Sysmon" Guid="{5770385f-c22a-43e0-bf4c-06f5698ffbd9}"/>
    <EventID>3</EventID>
    <Version>5</Version>
    <Level>4</Level>
    <Task>3</Task>
    <Opcode>0</Opcode>
    <Keywords>0x8000000000000000</Keywords>
    <TimeCreated SystemTime="2024-03-18T12:11:44.3175230Z"/>
    <EventRecordID>360321</EventRecordID>
    <Correlation/>
    <Execution ProcessID="1888" ThreadID="4812"/>
    <Channel>Microsoft-Windows-Sysmon/Operational</Channel>
    <Computer>WS-EBROOKS-01.meridianhcs.local</Computer>
    <Security UserID="S-1-5-18"/>
  </System>
  <EventData>
    
    <Data Name="RuleName">-</Data>
    <Data Name="UtcTime">2024-03-18 12:11:44.317</Data>
    <Data Name="ProcessGuid">{2fa70b62-2f2c-65f8-a300-0000d977ad65}</Data>
    <Data Name="ProcessId">4116</Data>
    <Data Name="Image">C:\Program Files\Mozilla Firefox\firefox.exe</Data>
    <Data Name="User">MERIDIANHCS\evelyn.brooks</Data>
    <Data Name="Protocol">tcp</Data>
    <Data Name="Initiated">true</Data>
    <Data Name="SourceIsIpv6">false</Data>
    <Data Name="SourceIp">10.10.1.33</Data>
    <Data Name="SourceHostname">WS-EBROOKS-01.meridianhcs.local</Data>
    <Data Name="SourcePort">58531</Data>
    <Data Name="SourcePortName">-</Data>
    <Data Name="DestinationIsIpv6">false</Data>
    <Data Name="DestinationIp">10.10.3.20</Data>
    <Data Name="DestinationHostname">PROXY-01.meridianhcs.local</Data>
    <Data Name="DestinationPort">8080</Data>
    <Data Name="DestinationPortName">http-alt</Data>
    
  </EventData>
</Event>
<Event xmlns="http://schemas.microsoft.com/win/2004/08/events/event">
  <System>
    <Provider Name="Microsoft-Windows-Sysmon" Guid="{5770385f-c22a-43e0-bf4c-06f5698ffbd9}"/>
    <EventID>1</EventID>
    <Version>5</Version>
    <Level>4</Level>
    <Task>1</Task>
    <Opcode>0</Opcode>
    <Keywords>0x8000000000000000</Keywords>
    <TimeCreated SystemTime="2024-03-18T12:12:25.9680371Z"/>
    <EventRecordID>360323</EventRecordID>
    <Correlation/>
    <Execution ProcessID="1888" ThreadID="4520"/>
    <Channel>Microsoft-Windows-Sysmon/Operational</Channel>
    <Computer>WS-EBROOKS-01.meridianhcs.local</Computer>
    <Security UserID="S-1-5-18"/>
  </System>
  <EventData>
    
    <Data Name="RuleName">-</Data>
    <Data Name="UtcTime">2024-03-18 12:12:25.968</Data>
    <Data Name="ProcessGuid">{2fa70b62-2fa9-65f8-9100-0000edc1d38e}</Data>
    <Data Name="ProcessId">4136</Data>
    <Data Name="Image">C:\Program Files\Zscaler\ZSATray\ZSATray.exe</Data>
    <Data Name="FileVersion">4.3.0.190</Data>
    <Data Name="Description">Zscaler Client Connector</Data>
    <Data Name="Product">Zscaler Client Connector</Data>
    <Data Name="Company">Zscaler, Inc.</Data>
    <Data Name="OriginalFileName">ZSATray.exe</Data>
    <Data Name="CommandLine">"C:\Program Files\Zscaler\ZSATray\ZSATray.exe"</Data>
    <Data Name="CurrentDirectory">C:\Program Files\Zscaler\ZSATray\</Data>
    <Data Name="User">MERIDIANHCS\evelyn.brooks</Data>
    <Data Name="LogonGuid">{00000000-0000-0000-0000-000000000000}</Data>
    <Data Name="LogonId">0xa3a0f45</Data>
    <Data Name="TerminalSessionId">2</Data>
    <Data Name="IntegrityLevel">Medium</Data>
    <Data Name="Hashes">SHA1=FBD7CBDD37DCF54BBADC3FB71A809317C4E8F11F,MD5=A3CDD25C29EE28C6A29E08D4E03316A2,SHA256=8C1972FF3EE6089E1E216AF4FE7F88ADC3C24DF54169AE7566429BB33E9301CD,IMPHASH=3A88A621C9CF048DB7C1827F6335DE3F</Data>
    <Data Name="ParentProcessGuid">{2fa70b62-2f2c-65f8-3d00-0000983959ce}</Data>
    <Data Name="ParentProcessId">4108</Data>
    <Data Name="ParentImage">C:\Windows\explorer.exe</Data>
    <Data Name="ParentCommandLine">explorer.exe</Data>
    <Data Name="ParentUser">MERIDIANHCS\evelyn.brooks</Data>
    
  </EventData>
</Event>
<Event xmlns="http://schemas.microsoft.com/win/2004/08/events/event">
  <System>
    <Provider Name="Microsoft-Windows-Sysmon" Guid="{5770385f-c22a-43e0-bf4c-06f5698ffbd9}"/>
    <EventID>10</EventID>
    <Version>3</Version>
    <Level>4</Level>
    <Task>10</Task>
    <Opcode>0</Opcode>
    <Keywords>0x8000000000000000</Keywords>
    <TimeCreated SystemTime="2024-03-18T12:12:28.1410323Z"/>
    <EventRecordID>360324</EventRecordID>
    <Correlation/>
    <Execution ProcessID="1888" ThreadID="4812"/>
    <Channel>Microsoft-Windows-Sysmon/Operational</Channel>
    <Computer>WS-EBROOKS-01.meridianhcs.local</Computer>
    <Security UserID="S-1-5-18"/>
  </System>
  <EventData>
    
    <Data Name="RuleName">-</Data>
    <Data Name="UtcTime">2024-03-18 12:12:28.141</Data>
    <Data Name="SourceProcessGUID">{2fa70b62-b7c1-65e5-1902-001060ec6e9f}</Data>
    <Data Name="SourceProcessId">3316</Data>
    <Data Name="SourceImage">C:\Windows\System32\csrss.exe</Data>
    <Data Name="SourceThreadId">9440</Data>
    <Data Name="SourceUser">NT AUTHORITY\SYSTEM</Data>
    <Data Name="TargetProcessGUID">{2fa70b62-b7e2-65e5-b600-0010a118aaf4}</Data>
    <Data Name="TargetProcessId">3788</Data>
    <Data Name="TargetImage">C:\Windows\explorer.exe</Data>
    <Data Name="TargetUser">MERIDIANHCS\evelyn.brooks</Data>
    <Data Name="GrantedAccess">0x1400</Data>
    <Data Name="CallTrace">C:\Windows\SYSTEM32\ntdll.dll+9E473</Data>
    
  </EventData>
</Event>
<Event xmlns="http://schemas.microsoft.com/win/2004/08/events/event">
  <System>
    <Provider Name="Microsoft-Windows-Sysmon" Guid="{5770385f-c22a-43e0-bf4c-06f5698ffbd9}"/>
    <EventID>3</EventID>
    <Version>5</Version>
    <Level>4</Level>
    <Task>3</Task>
    <Opcode>0</Opcode>
    <Keywords>0x8000000000000000</Keywords>
    <TimeCreated SystemTime="2024-03-18T12:12:59.6834010Z"/>
    <EventRecordID>360349</EventRecordID>
    <Correlation/>
    <Execution ProcessID="1888" ThreadID="4520"/>
    <Channel>Microsoft-Windows-Sysmon/Operational</Channel>
    <Computer>WS-EBROOKS-01.meridianhcs.local</Computer>
    <Security UserID="S-1-5-18"/>
  </System>
  <EventData>
    
    <Data Name="RuleName">-</Data>
    <Data Name="UtcTime">2024-03-18 12:12:59.683</Data>
    <Data Name="ProcessGuid">{2fa70b62-2f2c-65f8-a300-0000d977ad65}</Data>
    <Data Name="ProcessId">4116</Data>
    <Data Name="Image">C:\Program Files\Mozilla Firefox\firefox.exe</Data>
    <Data Name="User">MERIDIANHCS\evelyn.brooks</Data>
    <Data Name="Protocol">tcp</Data>
    <Data Name="Initiated">true</Data>
    <Data Name="SourceIsIpv6">false</Data>
    <Data Name="SourceIp">10.10.1.33</Data>
    <Data Name="SourceHostname">WS-EBROOKS-01.meridianhcs.local</Data>
    <Data Name="SourcePort">57265</Data>
    <Data Name="SourcePortName">-</Data>
    <Data Name="DestinationIsIpv6">false</Data>
    <Data Name="DestinationIp">10.10.3.20</Data>
    <Data Name="DestinationHostname">PROXY-01.meridianhcs.local</Data>
    <Data Name="DestinationPort">8080</Data>
    <Data Name="DestinationPortName">http-alt</Data>
    
  </EventData>
</Event>
<Event xmlns="http://schemas.microsoft.com/win/2004/08/events/event">
  <System>
    <Provider Name="Microsoft-Windows-Sysmon" Guid="{5770385f-c22a-43e0-bf4c-06f5698ffbd9}"/>
    <EventID>3</EventID>
    <Version>5</Version>
    <Level>4</Level>
    <Task>3</Task>
    <Opcode>0</Opcode>
    <Keywords>0x8000000000000000</Keywords>
    <TimeCreated SystemTime="2024-03-18T12:13:01.2858088Z"/>
    <EventRecordID>360393</EventRecordID>
    <Correlation/>
    <Execution ProcessID="1888" ThreadID="4804"/>
    <Channel>Microsoft-Windows-Sysmon/Operational</Channel>
    <Computer>WS-EBROOKS-01.meridianhcs.local</Computer>
    <Security UserID="S-1-5-18"/>
  </System>
  <EventData>
    
    <Data Name="RuleName">-</Data>
    <Data Name="UtcTime">2024-03-18 12:13:01.285</Data>
    <Data Name="ProcessGuid">{2fa70b62-2f2c-65f8-a300-0000d977ad65}</Data>
    <Data Name="ProcessId">4116</Data>
    <Data Name="Image">C:\Program Files\Mozilla Firefox\firefox.exe</Data>
    <Data Name="User">MERIDIANHCS\evelyn.brooks</Data>
    <Data Name="Protocol">tcp</Data>
    <Data Name="Initiated">true</Data>
    <Data Name="SourceIsIpv6">false</Data>
    <Data Name="SourceIp">10.10.1.33</Data>
    <Data Name="SourceHostname">WS-EBROOKS-01.meridianhcs.local</Data>
    <Data Name="SourcePort">56920</Data>
    <Data Name="SourcePortName">-</Data>
    <Data Name="DestinationIsIpv6">false</Data>
    <Data Name="DestinationIp">10.10.3.20</Data>
    <Data Name="DestinationHostname">PROXY-01.meridianhcs.local</Data>
    <Data Name="DestinationPort">8080</Data>
    <Data Name="DestinationPortName">http-alt</Data>
    
  </EventData>
</Event>
<Event xmlns="http://schemas.microsoft.com/win/2004/08/events/event">
  <System>
    <Provider Name="Microsoft-Windows-Sysmon" Guid="{5770385f-c22a-43e0-bf4c-06f5698ffbd9}"/>
    <EventID>3</EventID>
    <Version>5</Version>
    <Level>4</Level>
    <Task>3</Task>
    <Opcode>0</Opcode>
    <Keywords>0x8000000000000000</Keywords>
    <TimeCreated SystemTime="2024-03-18T12:13:01.4745234Z"/>
    <EventRecordID>360565</EventRecordID>
    <Correlation/>
    <Execution ProcessID="1888" ThreadID="4804"/>
    <Channel>Microsoft-Windows-Sysmon/Operational</Channel>
    <Computer>WS-EBROOKS-01.meridianhcs.local</Computer>
    <Security UserID="S-1-5-18"/>
  </System>
  <EventData>
    
    <Data Name="RuleName">-</Data>
    <Data Name="UtcTime">2024-03-18 12:13:01.474</Data>
    <Data Name="ProcessGuid">{2fa70b62-2f2c-65f8-a300-0000d977ad65}</Data>
    <Data Name="ProcessId">4116</Data>
    <Data Name="Image">C:\Program Files\Mozilla Firefox\firefox.exe</Data>
    <Data Name="User">MERIDIANHCS\evelyn.brooks</Data>
    <Data Name="Protocol">tcp</Data>
    <Data Name="Initiated">true</Data>
    <Data Name="SourceIsIpv6">false</Data>
    <Data Name="SourceIp">10.10.1.33</Data>
    <Data Name="SourceHostname">WS-EBROOKS-01.meridianhcs.local</Data>
    <Data Name="SourcePort">63574</Data>
    <Data Name="SourcePortName">-</Data>
    <Data Name="DestinationIsIpv6">false</Data>
    <Data Name="DestinationIp">10.10.3.20</Data>
    <Data Name="DestinationHostname">PROXY-01.meridianhcs.local</Data>
    <Data Name="DestinationPort">8080</Data>
    <Data Name="DestinationPortName">http-alt</Data>
    
  </EventData>
</Event>
<Event xmlns="http://schemas.microsoft.com/win/2004/08/events/event">
  <System>
    <Provider Name="Microsoft-Windows-Sysmon" Guid="{5770385f-c22a-43e0-bf4c-06f5698ffbd9}"/>
    <EventID>3</EventID>
    <Version>5</Version>
    <Level>4</Level>
    <Task>3</Task>
    <Opcode>0</Opcode>
    <Keywords>0x8000000000000000</Keywords>
    <TimeCreated SystemTime="2024-03-18T12:13:06.9111657Z"/>
    <EventRecordID>361373</EventRecordID>
    <Correlation/>
    <Execution ProcessID="1888" ThreadID="4804"/>
    <Channel>Microsoft-Windows-Sysmon/Operational</Channel>
    <Computer>WS-EBROOKS-01.meridianhcs.local</Computer>
    <Security UserID="S-1-5-18"/>
  </System>
  <EventData>
    
    <Data Name="RuleName">-</Data>
    <Data Name="UtcTime">2024-03-18 12:13:06.911</Data>
    <Data Name="ProcessGuid">{2fa70b62-b7c5-65e5-6302-001038fa51a7}</Data>
    <Data Name="ProcessId">3344</Data>
    <Data Name="Image">C:\Windows\System32\lsass.exe</Data>
    <Data Name="User">NT AUTHORITY\SYSTEM</Data>
    <Data Name="Protocol">udp</Data>
    <Data Name="Initiated">true</Data>
    <Data Name="SourceIsIpv6">false</Data>
    <Data Name="SourceIp">10.10.1.33</Data>
    <Data Name="SourceHostname">WS-EBROOKS-01.meridianhcs.local</Data>
    <Data Name="SourcePort">58580</Data>
    <Data Name="SourcePortName">-</Data>
    <Data Name="DestinationIsIpv6">false</Data>
    <Data Name="DestinationIp">10.10.2.10</Data>
    <Data Name="DestinationHostname">DC-01.meridianhcs.local</Data>
    <Data Name="DestinationPort">88</Data>
    <Data Name="DestinationPortName">kerberos</Data>
    
  </EventData>
</Event>
<Event xmlns="http://schemas.microsoft.com/win/2004/08/events/event">
  <System>
    <Provider Name="Microsoft-Windows-Sysmon" Guid="{5770385f-c22a-43e0-bf4c-06f5698ffbd9}"/>
    <EventID>3</EventID>
    <Version>5</Version>
    <Level>4</Level>
    <Task>3</Task>
    <Opcode>0</Opcode>
    <Keywords>0x8000000000000000</Keywords>
    <TimeCreated SystemTime="2024-03-18T12:13:26.0717882Z"/>
    <EventRecordID>361398</EventRecordID>
    <Correlation/>
    <Execution ProcessID="1888" ThreadID="4812"/>
    <Channel>Microsoft-Windows-Sysmon/Operational</Channel>
    <Computer>WS-EBROOKS-01.meridianhcs.local</Computer>
    <Security UserID="S-1-5-18"/>
  </System>
  <EventData>
    
    <Data Name="RuleName">-</Data>
    <Data Name="UtcTime">2024-03-18 12:13:26.071</Data>
    <Data Name="ProcessGuid">{2fa70b62-2f2c-65f8-a300-0000d977ad65}</Data>
    <Data Name="ProcessId">4116</Data>
    <Data Name="Image">C:\Program Files\Mozilla Firefox\firefox.exe</Data>
    <Data Name="User">MERIDIANHCS\evelyn.brooks</Data>
    <Data Name="Protocol">tcp</Data>
    <Data Name="Initiated">true</Data>
    <Data Name="SourceIsIpv6">false</Data>
    <Data Name="SourceIp">10.10.1.33</Data>
    <Data Name="SourceHostname">WS-EBROOKS-01.meridianhcs.local</Data>
    <Data Name="SourcePort">61314</Data>
    <Data Name="SourcePortName">-</Data>
    <Data Name="DestinationIsIpv6">false</Data>
    <Data Name="DestinationIp">10.10.3.20</Data>
    <Data Name="DestinationHostname">PROXY-01.meridianhcs.local</Data>
    <Data Name="DestinationPort">8080</Data>
    <Data Name="DestinationPortName">http-alt</Data>
    
  </EventData>
</Event>
<Event xmlns="http://schemas.microsoft.com/win/2004/08/events/event">
  <System>
    <Provider Name="Microsoft-Windows-Sysmon" Guid="{5770385f-c22a-43e0-bf4c-06f5698ffbd9}"/>
    <EventID>3</EventID>
    <Version>5</Version>
    <Level>4</Level>
    <Task>3</Task>
    <Opcode>0</Opcode>
    <Keywords>0x8000000000000000</Keywords>
    <TimeCreated SystemTime="2024-03-18T12:13:28.0403484Z"/>
    <EventRecordID>361513</EventRecordID>
    <Correlation/>
    <Execution ProcessID="1888" ThreadID="4812"/>
    <Channel>Microsoft-Windows-Sysmon/Operational</Channel>
    <Computer>WS-EBROOKS-01.meridianhcs.local</Computer>
    <Security UserID="S-1-5-18"/>
  </System>
  <EventData>
    
    <Data Name="RuleName">-</Data>
    <Data Name="UtcTime">2024-03-18 12:13:28.040</Data>
    <Data Name="ProcessGuid">{2fa70b62-2f2c-65f8-a300-0000d977ad65}</Data>
    <Data Name="ProcessId">4116</Data>
    <Data Name="Image">C:\Program Files\Mozilla Firefox\firefox.exe</Data>
    <Data Name="User">MERIDIANHCS\evelyn.brooks</Data>
    <Data Name="Protocol">tcp</Data>
    <Data Name="Initiated">true</Data>
    <Data Name="SourceIsIpv6">false</Data>
    <Data Name="SourceIp">10.10.1.33</Data>
    <Data Name="SourceHostname">WS-EBROOKS-01.meridianhcs.local</Data>
    <Data Name="SourcePort">57563</Data>
    <Data Name="SourcePortName">-</Data>
    <Data Name="DestinationIsIpv6">false</Data>
    <Data Name="DestinationIp">10.10.3.20</Data>
    <Data Name="DestinationHostname">PROXY-01.meridianhcs.local</Data>
    <Data Name="DestinationPort">8080</Data>
    <Data Name="DestinationPortName">http-alt</Data>
    
  </EventData>
</Event>
<Event xmlns="http://schemas.microsoft.com/win/2004/08/events/event">
  <System>
    <Provider Name="Microsoft-Windows-Sysmon" Guid="{5770385f-c22a-43e0-bf4c-06f5698ffbd9}"/>
    <EventID>3</EventID>
    <Version>5</Version>
    <Level>4</Level>
    <Task>3</Task>
    <Opcode>0</Opcode>
    <Keywords>0x8000000000000000</Keywords>
    <TimeCreated SystemTime="2024-03-18T12:13:28.2797864Z"/>
    <EventRecordID>361514</EventRecordID>
    <Correlation/>
    <Execution ProcessID="1888" ThreadID="4812"/>
    <Channel>Microsoft-Windows-Sysmon/Operational</Channel>
    <Computer>WS-EBROOKS-01.meridianhcs.local</Computer>
    <Security UserID="S-1-5-18"/>
  </System>
  <EventData>
    
    <Data Name="RuleName">-</Data>
    <Data Name="UtcTime">2024-03-18 12:13:28.279</Data>
    <Data Name="ProcessGuid">{2fa70b62-2f2c-65f8-a300-0000d977ad65}</Data>
    <Data Name="ProcessId">4116</Data>
    <Data Name="Image">C:\Program Files\Mozilla Firefox\firefox.exe</Data>
    <Data Name="User">MERIDIANHCS\evelyn.brooks</Data>
    <Data Name="Protocol">tcp</Data>
    <Data Name="Initiated">true</Data>
    <Data Name="SourceIsIpv6">false</Data>
    <Data Name="SourceIp">10.10.1.33</Data>
    <Data Name="SourceHostname">WS-EBROOKS-01.meridianhcs.local</Data>
    <Data Name="SourcePort">65492</Data>
    <Data Name="SourcePortName">-</Data>
    <Data Name="DestinationIsIpv6">false</Data>
    <Data Name="DestinationIp">10.10.3.20</Data>
    <Data Name="DestinationHostname">PROXY-01.meridianhcs.local</Data>
    <Data Name="DestinationPort">8080</Data>
    <Data Name="DestinationPortName">http-alt</Data>
    
  </EventData>
</Event>
<Event xmlns="http://schemas.microsoft.com/win/2004/08/events/event">
  <System>
    <Provider Name="Microsoft-Windows-Sysmon" Guid="{5770385f-c22a-43e0-bf4c-06f5698ffbd9}"/>
    <EventID>13</EventID>
    <Version>2</Version>
    <Level>4</Level>
    <Task>13</Task>
    <Opcode>0</Opcode>
    <Keywords>0x8000000000000000</Keywords>
    <TimeCreated SystemTime="2024-03-18T12:13:35.6467948Z"/>
    <EventRecordID>361549</EventRecordID>
    <Correlation/>
    <Execution ProcessID="1888" ThreadID="4804"/>
    <Channel>Microsoft-Windows-Sysmon/Operational</Channel>
    <Computer>WS-EBROOKS-01.meridianhcs.local</Computer>
    <Security UserID="S-1-5-18"/>
  </System>
  <EventData>
    
    <Data Name="RuleName">-</Data>
    <Data Name="EventType">SetValue</Data>
    <Data Name="UtcTime">2024-03-18 12:13:35.646</Data>
    <Data Name="ProcessGuid">{2fa70b62-b7c5-65e5-e000-00005c2e1a78}</Data>
    <Data Name="ProcessId">3324</Data>
    <Data Name="Image">C:\Windows\System32\services.exe</Data>
    <Data Name="User">NT AUTHORITY\SYSTEM</Data>
    <Data Name="TargetObject">HKLM\SOFTWARE\Microsoft\Windows\CurrentVersion\Component Based Servicing\Packages\Package_for_DotNetRollup~31bf3856ad364e35~amd64~~10.0.19041.26\CurrentState</Data>
    <Data Name="Details">DWORD (0x00000070)</Data>
    
  </EventData>
</Event>
<Event xmlns="http://schemas.microsoft.com/win/2004/08/events/event">
  <System>
    <Provider Name="Microsoft-Windows-Sysmon" Guid="{5770385f-c22a-43e0-bf4c-06f5698ffbd9}"/>
    <EventID>3</EventID>
    <Version>5</Version>
    <Level>4</Level>
    <Task>3</Task>
    <Opcode>0</Opcode>
    <Keywords>0x8000000000000000</Keywords>
    <TimeCreated SystemTime="2024-03-18T12:14:05.2867295Z"/>
    <EventRecordID>361551</EventRecordID>
    <Correlation/>
    <Execution ProcessID="1888" ThreadID="4804"/>
    <Channel>Microsoft-Windows-Sysmon/Operational</Channel>
    <Computer>WS-EBROOKS-01.meridianhcs.local</Computer>
    <Security UserID="S-1-5-18"/>
  </System>
  <EventData>
    
    <Data Name="RuleName">-</Data>
    <Data Name="UtcTime">2024-03-18 12:14:05.286</Data>
    <Data Name="ProcessGuid">{2fa70b62-b7c5-65e5-6302-001038fa51a7}</Data>
    <Data Name="ProcessId">3344</Data>
    <Data Name="Image">C:\Windows\System32\lsass.exe</Data>
    <Data Name="User">NT AUTHORITY\SYSTEM</Data>
    <Data Name="Protocol">udp</Data>
    <Data Name="Initiated">true</Data>
    <Data Name="SourceIsIpv6">false</Data>
    <Data Name="SourceIp">10.10.1.33</Data>
    <Data Name="SourceHostname">WS-EBROOKS-01.meridianhcs.local</Data>
    <Data Name="SourcePort">63127</Data>
    <Data Name="SourcePortName">-</Data>
    <Data Name="DestinationIsIpv6">false</Data>
    <Data Name="DestinationIp">10.10.2.10</Data>
    <Data Name="DestinationHostname">DC-01.meridianhcs.local</Data>
    <Data Name="DestinationPort">88</Data>
    <Data Name="DestinationPortName">kerberos</Data>
    
  </EventData>
</Event>
<Event xmlns="http://schemas.microsoft.com/win/2004/08/events/event">
  <System>
    <Provider Name="Microsoft-Windows-Sysmon" Guid="{5770385f-c22a-43e0-bf4c-06f5698ffbd9}"/>
    <EventID>7</EventID>
    <Version>3</Version>
    <Level>4</Level>
    <Task>7</Task>
    <Opcode>0</Opcode>
    <Keywords>0x8000000000000000</Keywords>
    <TimeCreated SystemTime="2024-03-18T12:14:13.2862690Z"/>
    <EventRecordID>361556</EventRecordID>
    <Correlation/>
    <Execution ProcessID="1888" ThreadID="2740"/>
    <Channel>Microsoft-Windows-Sysmon/Operational</Channel>
    <Computer>WS-EBROOKS-01.meridianhcs.local</Computer>
    <Security UserID="S-1-5-18"/>
  </System>
  <EventData>
    
    <Data Name="RuleName">-</Data>
    <Data Name="UtcTime">2024-03-18 12:14:13.286</Data>
    <Data Name="ProcessGuid">{2fa70b62-b7ca-65e5-e202-00000b694ee7}</Data>
    <Data Name="ProcessId">3404</Data>
    <Data Name="Image">C:\Windows\System32\svchost.exe</Data>
    <Data Name="ImageLoaded">C:\Program Files\Dell\SupportAssistAgent\bin\pcdrsysinfosoftware.p5x</Data>
    <Data Name="FileVersion">1.0.0.0</Data>
    <Data Name="Description">pcdrsysinfosoftware.p5x module</Data>
    <Data Name="Product">Dell Inc.</Data>
    <Data Name="Company">Dell Inc.</Data>
    <Data Name="OriginalFileName">pcdrsysinfosoftware.p5x</Data>
    <Data Name="Hashes">SHA1=DA2C7A7A281800947B5C71F4A92CE843B1DC50F2,MD5=D6EB67E7B79CE37086993703C1352704,SHA256=0DE9D6BA42DE73879DA0EAFD44873E30FCB362AF0AF13A34923E24513C239AD5,IMPHASH=EF39C50EF82A06742DB4608EF8AF9CBB</Data>
    <Data Name="Signed">true</Data>
    <Data Name="Signature">Dell Inc.</Data>
    <Data Name="SignatureStatus">Valid</Data>
    
  </EventData>
</Event>
<Event xmlns="http://schemas.microsoft.com/win/2004/08/events/event">
  <System>
    <Provider Name="Microsoft-Windows-Sysmon" Guid="{5770385f-c22a-43e0-bf4c-06f5698ffbd9}"/>
    <EventID>22</EventID>
    <Version>5</Version>
    <Level>4</Level>
    <Task>22</Task>
    <Opcode>0</Opcode>
    <Keywords>0x8000000000000000</Keywords>
    <TimeCreated SystemTime="2024-03-18T12:14:30.5176378Z"/>
    <EventRecordID>361557</EventRecordID>
    <Correlation/>
    <Execution ProcessID="1888" ThreadID="4812"/>
    <Channel>Microsoft-Windows-Sysmon/Operational</Channel>
    <Computer>WS-EBROOKS-01.meridianhcs.local</Computer>
    <Security UserID="S-1-5-18"/>
  </System>
  <EventData>
    
    <Data Name="RuleName">-</Data>
    <Data Name="UtcTime">2024-03-18 12:14:30.517</Data>
    <Data Name="ProcessGuid">{2fa70b62-b7ca-65e5-e202-00000b694ee7}</Data>
    <Data Name="ProcessId">3404</Data>
    <Data Name="QueryName">20.2.10.10.in-addr.arpa</Data>
    <Data Name="QueryStatus">0</Data>
    <Data Name="QueryResults">FILE-SRV-01.meridianhcs.local;</Data>
    <Data Name="Image">C:\Windows\System32\svchost.exe</Data>
    <Data Name="User">NT AUTHORITY\LOCAL SERVICE</Data>
    
  </EventData>
</Event>
<Event xmlns="http://schemas.microsoft.com/win/2004/08/events/event">
  <System>
    <Provider Name="Microsoft-Windows-Sysmon" Guid="{5770385f-c22a-43e0-bf4c-06f5698ffbd9}"/>
    <EventID>1</EventID>
    <Version>5</Version>
    <Level>4</Level>
    <Task>1</Task>
    <Opcode>0</Opcode>
    <Keywords>0x8000000000000000</Keywords>
    <TimeCreated SystemTime="2024-03-18T12:14:32.0050622Z"/>
    <EventRecordID>361558</EventRecordID>
    <Correlation/>
    <Execution ProcessID="1888" ThreadID="4804"/>
    <Channel>Microsoft-Windows-Sysmon/Operational</Channel>
    <Computer>WS-EBROOKS-01.meridianhcs.local</Computer>
    <Security UserID="S-1-5-18"/>
  </System>
  <EventData>
    
    <Data Name="RuleName">-</Data>
    <Data Name="UtcTime">2024-03-18 12:14:32.005</Data>
    <Data Name="ProcessGuid">{2fa70b62-3028-65f8-bd02-0010e16d154f}</Data>
    <Data Name="ProcessId">4288</Data>
    <Data Name="Image">C:\Windows\System32\svchost.exe</Data>
    <Data Name="FileVersion">10.0.19041.1</Data>
    <Data Name="Description">Host Process for Windows Services</Data>
    <Data Name="Product">Microsoft Windows Operating System</Data>
    <Data Name="Company">Microsoft Corporation</Data>
    <Data Name="OriginalFileName">svchost.exe</Data>
    <Data Name="CommandLine">svchost.exe -k netsvcs -p -s Schedule</Data>
    <Data Name="CurrentDirectory">C:\Windows\System32\</Data>
    <Data Name="User">NT AUTHORITY\SYSTEM</Data>
    <Data Name="LogonGuid">{65e699f7-bf4c-4e8f-8265-792b221198a5}</Data>
    <Data Name="LogonId">0x3e7</Data>
    <Data Name="TerminalSessionId">0</Data>
    <Data Name="IntegrityLevel">System</Data>
    <Data Name="Hashes">SHA1=2AB96130C53285DF8A4180B1C58116F2D8A102F7,MD5=EE761712D9C5CD46ED32A3031A8DF21B,SHA256=03812016E9E40AF9E48B967D50612484DB904E2FFA8A285BA3E5EB3949D4332C,IMPHASH=E99A33F545C49936BFCAC79E2469E461</Data>
    <Data Name="ParentProcessGuid">{2fa70b62-b7c5-65e5-e000-00005c2e1a78}</Data>
    <Data Name="ParentProcessId">3324</Data>
    <Data Name="ParentImage">C:\Windows\System32\services.exe</Data>
    <Data Name="ParentCommandLine">services.exe</Data>
    <Data Name="ParentUser">NT AUTHORITY\SYSTEM</Data>
    
  </EventData>
</Event>
<Event xmlns="http://schemas.microsoft.com/win/2004/08/events/event">
  <System>
    <Provider Name="Microsoft-Windows-Sysmon" Guid="{5770385f-c22a-43e0-bf4c-06f5698ffbd9}"/>
    <EventID>11</EventID>
    <Version>2</Version>
    <Level>4</Level>
    <Task>11</Task>
    <Opcode>0</Opcode>
    <Keywords>0x8000000000000000</Keywords>
    <TimeCreated SystemTime="2024-03-18T12:14:48.6025084Z"/>
    <EventRecordID>361560</EventRecordID>
    <Correlation/>
    <Execution ProcessID="1888" ThreadID="2740"/>
    <Channel>Microsoft-Windows-Sysmon/Operational</Channel>
    <Computer>WS-EBROOKS-01.meridianhcs.local</Computer>
    <Security UserID="S-1-5-18"/>
  </System>
  <EventData>
    
    <Data Name="RuleName">-</Data>
    <Data Name="UtcTime">2024-03-18 12:14:48.602</Data>
    <Data Name="ProcessGuid">{2fa70b62-b7df-65e5-0a00-0010a0c7e5b0}</Data>
    <Data Name="ProcessId">3768</Data>
    <Data Name="Image">C:\Windows\System32\winlogon.exe</Data>
    <Data Name="User">NT AUTHORITY\SYSTEM</Data>
    <Data Name="TargetFilename">C:\ProgramData\Microsoft\Windows Defender\Scans\History\Service\DetectionHistory\79074</Data>
    <Data Name="CreationUtcTime">2024-03-18 12:14:48.602</Data>
    
  </EventData>
</Event>
