<Event xmlns="http://schemas.microsoft.com/win/2004/08/events/event">
  <System>
    
    <Provider Name="Microsoft-Windows-Security-Auditing" Guid="{54849625-5478-4994-a5ba-3e3b0328c30d}"/>
    
    <EventID>5156</EventID>
    <Version>1</Version>
    <Level>0</Level>
    <Task>12810</Task>
    <Opcode>0</Opcode>
    <Keywords>0x8020000000000000</Keywords>
    <TimeCreated SystemTime="2024-03-18T12:51:00.0336335Z"/>
    <EventRecordID>28247606</EventRecordID>
    <Correlation/>
    <Execution ProcessID="4" ThreadID="200"/>
    <Channel>Security</Channel>
    <Computer>DC-01.meridianhcs.local</Computer>
    
    <Security/>
    
  </System>
  
  <EventData>
    
    <Data Name="ProcessID">2416</Data>
    <Data Name="Application">\device\harddiskvolume1\windows\system32\dns.exe</Data>
    <Data Name="Direction">%%14592</Data>
    <Data Name="SourceAddress">10.10.3.20</Data>
    <Data Name="SourcePort">59415</Data>
    <Data Name="DestAddress">10.10.2.10</Data>
    <Data Name="DestPort">53</Data>
    <Data Name="Protocol">17</Data>
    <Data Name="FilterRTID">36317</Data>
    <Data Name="LayerName">%%14610</Data>
    <Data Name="LayerRTID">44</Data>
    <Data Name="RemoteUserID">S-1-0-0</Data>
    <Data Name="RemoteMachineID">S-1-0-0</Data>
    
  </EventData>
  
</Event>
<Event xmlns="http://schemas.microsoft.com/win/2004/08/events/event">
  <System>
    
    <Provider Name="Microsoft-Windows-Security-Auditing" Guid="{54849625-5478-4994-a5ba-3e3b0328c30d}"/>
    
    <EventID>5156</EventID>
    <Version>1</Version>
    <Level>0</Level>
    <Task>12810</Task>
    <Opcode>0</Opcode>
    <Keywords>0x8020000000000000</Keywords>
    <TimeCreated SystemTime="2024-03-18T12:51:00.3523257Z"/>
    <EventRecordID>28247607</EventRecordID>
    <Correlation/>
    <Execution ProcessID="4" ThreadID="60"/>
    <Channel>Security</Channel>
    <Computer>DC-01.meridianhcs.local</Computer>
    
    <Security/>
    
  </System>
  
  <EventData>
    
    <Data Name="ProcessID">2336</Data>
    <Data Name="Application">\device\harddiskvolume1\windows\system32\lsass.exe</Data>
    <Data Name="Direction">%%14592</Data>
    <Data Name="SourceAddress">10.10.1.36</Data>
    <Data Name="SourcePort">59635</Data>
    <Data Name="DestAddress">10.10.2.10</Data>
    <Data Name="DestPort">389</Data>
    <Data Name="Protocol">6</Data>
    <Data Name="FilterRTID">36353</Data>
    <Data Name="LayerName">%%14610</Data>
    <Data Name="LayerRTID">44</Data>
    <Data Name="RemoteUserID">S-1-0-0</Data>
    <Data Name="RemoteMachineID">S-1-0-0</Data>
    
  </EventData>
  
</Event>
<Event xmlns="http://schemas.microsoft.com/win/2004/08/events/event">
  <System>
    
    <Provider Name="Microsoft-Windows-Security-Auditing" Guid="{54849625-5478-4994-a5ba-3e3b0328c30d}"/>
    
    <EventID>4768</EventID>
    <Version>0</Version>
    <Level>0</Level>
    <Task>14339</Task>
    <Opcode>0</Opcode>
    <Keywords>0x8020000000000000</Keywords>
    <TimeCreated SystemTime="2024-03-18T12:51:00.5838071Z"/>
    <EventRecordID>28247609</EventRecordID>
    <Correlation/>
    <Execution ProcessID="600" ThreadID="156"/>
    <Channel>Security</Channel>
    <Computer>DC-01.meridianhcs.local</Computer>
    
    <Security/>
    
  </System>
  
  <EventData>
    
    <Data Name="TargetUserName">WS-SMARTINEZ-01$</Data>
    <Data Name="TargetDomainName">MERIDIANHCS.LOCAL</Data>
    <Data Name="TargetSid">S-1-5-21-1537687973-2974994828-3875246326-1016</Data>
    <Data Name="ServiceName">krbtgt</Data>
    <Data Name="ServiceSid">S-1-5-21-1537687973-2974994828-3875246326-502</Data>
    <Data Name="TicketOptions">0x40810010</Data>
    <Data Name="Status">0x0</Data>
    <Data Name="TicketEncryptionType">0x12</Data>
    <Data Name="PreAuthType">2</Data>
    <Data Name="IpAddress">::ffff:10.10.1.36</Data>
    <Data Name="IpPort">61944</Data>
    <Data Name="CertIssuerName"></Data>
    <Data Name="CertSerialNumber"></Data>
    <Data Name="CertThumbprint"></Data>
    
  </EventData>
  
</Event>
<Event xmlns="http://schemas.microsoft.com/win/2004/08/events/event">
  <System>
    
    <Provider Name="Microsoft-Windows-Security-Auditing" Guid="{54849625-5478-4994-a5ba-3e3b0328c30d}"/>
    
    <EventID>4769</EventID>
    <Version>0</Version>
    <Level>0</Level>
    <Task>14337</Task>
    <Opcode>0</Opcode>
    <Keywords>0x8020000000000000</Keywords>
    <TimeCreated SystemTime="2024-03-18T12:51:00.7115185Z"/>
    <EventRecordID>28247610</EventRecordID>
    <Correlation/>
    <Execution ProcessID="600" ThreadID="116"/>
    <Channel>Security</Channel>
    <Computer>DC-01.meridianhcs.local</Computer>
    
    <Security/>
    
  </System>
  
  <EventData>
    
    <Data Name="TargetUserName">WS-SMARTINEZ-01$</Data>
    <Data Name="TargetDomainName">MERIDIANHCS.LOCAL</Data>
    <Data Name="ServiceName">DC-01$</Data>
    <Data Name="ServiceSid">S-1-5-21-1537687973-2974994828-3875246326-1018</Data>
    <Data Name="TicketOptions">0x40810010</Data>
    <Data Name="TicketEncryptionType">0x12</Data>
    <Data Name="IpAddress">::ffff:10.10.1.36</Data>
    <Data Name="IpPort">61944</Data>
    <Data Name="Status">0x0</Data>
    <Data Name="LogonGuid">{00000000-0000-0000-0000-000000000000}</Data>
    <Data Name="TransmittedServices">-</Data>
    
  </EventData>
  
</Event>
<Event xmlns="http://schemas.microsoft.com/win/2004/08/events/event">
  <System>
    
    <Provider Name="Microsoft-Windows-Security-Auditing" Guid="{54849625-5478-4994-a5ba-3e3b0328c30d}"/>
    
    <EventID>4624</EventID>
    <Version>2</Version>
    <Level>0</Level>
    <Task>12544</Task>
    <Opcode>0</Opcode>
    <Keywords>0x8020000000000000</Keywords>
    <TimeCreated SystemTime="2024-03-18T12:51:00.7125180Z"/>
    <EventRecordID>28247611</EventRecordID>
    <Correlation/>
    <Execution ProcessID="600" ThreadID="456"/>
    <Channel>Security</Channel>
    <Computer>DC-01.meridianhcs.local</Computer>
    
    <Security/>
    
  </System>
  
  <EventData>
    
    <Data Name="SubjectUserSid">S-1-5-18</Data>
    <Data Name="SubjectUserName">SYSTEM</Data>
    <Data Name="SubjectDomainName">NT AUTHORITY</Data>
    <Data Name="SubjectLogonId">0x3e7</Data>
    <Data Name="TargetUserSid">S-1-5-21-1537687973-2974994828-3875246326-1016</Data>
    <Data Name="TargetUserName">WS-SMARTINEZ-01$</Data>
    <Data Name="TargetDomainName">MERIDIANHCS</Data>
    <Data Name="TargetLogonId">0x53da3cd</Data>
    <Data Name="LogonType">3</Data>
    <Data Name="LogonGuid">{00000000-0000-0000-0000-000000000000}</Data>
    <Data Name="LogonProcessName">Kerberos</Data>
    <Data Name="AuthenticationPackageName">Kerberos</Data>
    <Data Name="WorkstationName">WS-SMARTINEZ-01</Data>
    <Data Name="TransmittedServices">-</Data>
    <Data Name="LmPackageName">-</Data>
    <Data Name="KeyLength">0</Data>
    <Data Name="ProcessId">0x0</Data>
    <Data Name="ProcessName">-</Data>
    <Data Name="IpAddress">::ffff:10.10.1.36</Data>
    <Data Name="IpPort">59635</Data>
    <Data Name="ImpersonationLevel">%%1833</Data>
    <Data Name="RestrictedAdminMode">-</Data>
    <Data Name="TargetOutboundUserName">-</Data>
    <Data Name="TargetOutboundDomainName">-</Data>
    <Data Name="VirtualAccount">%%1843</Data>
    <Data Name="ElevatedToken">%%1842</Data>
    <Data Name="TargetLinkedLogonId">0x0</Data>
    
  </EventData>
  
</Event>
<Event xmlns="http://schemas.microsoft.com/win/2004/08/events/event">
  <System>
    
    <Provider Name="Microsoft-Windows-Security-Auditing" Guid="{54849625-5478-4994-a5ba-3e3b0328c30d}"/>
    
    <EventID>5156</EventID>
    <Version>1</Version>
    <Level>0</Level>
    <Task>12810</Task>
    <Opcode>0</Opcode>
    <Keywords>0x8020000000000000</Keywords>
    <TimeCreated SystemTime="2024-03-18T12:51:02.3231429Z"/>
    <EventRecordID>28247613</EventRecordID>
    <Correlation/>
    <Execution ProcessID="4" ThreadID="128"/>
    <Channel>Security</Channel>
    <Computer>DC-01.meridianhcs.local</Computer>
    
    <Security/>
    
  </System>
  
  <EventData>
    
    <Data Name="ProcessID">2336</Data>
    <Data Name="Application">\device\harddiskvolume1\windows\system32\lsass.exe</Data>
    <Data Name="Direction">%%14592</Data>
    <Data Name="SourceAddress">10.10.2.26</Data>
    <Data Name="SourcePort">54586</Data>
    <Data Name="DestAddress">10.10.2.10</Data>
    <Data Name="DestPort">389</Data>
    <Data Name="Protocol">6</Data>
    <Data Name="FilterRTID">36353</Data>
    <Data Name="LayerName">%%14610</Data>
    <Data Name="LayerRTID">44</Data>
    <Data Name="RemoteUserID">S-1-0-0</Data>
    <Data Name="RemoteMachineID">S-1-0-0</Data>
    
  </EventData>
  
</Event>
<Event xmlns="http://schemas.microsoft.com/win/2004/08/events/event">
  <System>
    
    <Provider Name="Microsoft-Windows-Security-Auditing" Guid="{54849625-5478-4994-a5ba-3e3b0328c30d}"/>
    
    <EventID>5156</EventID>
    <Version>1</Version>
    <Level>0</Level>
    <Task>12810</Task>
    <Opcode>0</Opcode>
    <Keywords>0x8020000000000000</Keywords>
    <TimeCreated SystemTime="2024-03-18T12:51:16.5419035Z"/>
    <EventRecordID>28247624</EventRecordID>
    <Correlation/>
    <Execution ProcessID="4" ThreadID="180"/>
    <Channel>Security</Channel>
    <Computer>DC-01.meridianhcs.local</Computer>
    
    <Security/>
    
  </System>
  
  <EventData>
    
    <Data Name="ProcessID">2416</Data>
    <Data Name="Application">\device\harddiskvolume1\windows\system32\dns.exe</Data>
    <Data Name="Direction">%%14592</Data>
    <Data Name="SourceAddress">10.10.1.36</Data>
    <Data Name="SourcePort">57897</Data>
    <Data Name="DestAddress">10.10.2.10</Data>
    <Data Name="DestPort">53</Data>
    <Data Name="Protocol">17</Data>
    <Data Name="FilterRTID">36317</Data>
    <Data Name="LayerName">%%14610</Data>
    <Data Name="LayerRTID">44</Data>
    <Data Name="RemoteUserID">S-1-0-0</Data>
    <Data Name="RemoteMachineID">S-1-0-0</Data>
    
  </EventData>
  
</Event>
<Event xmlns="http://schemas.microsoft.com/win/2004/08/events/event">
  <System>
    
    <Provider Name="Microsoft-Windows-Security-Auditing" Guid="{54849625-5478-4994-a5ba-3e3b0328c30d}"/>
    
    <EventID>5156</EventID>
    <Version>1</Version>
    <Level>0</Level>
    <Task>12810</Task>
    <Opcode>0</Opcode>
    <Keywords>0x8020000000000000</Keywords>
    <TimeCreated SystemTime="2024-03-18T12:51:20.2682176Z"/>
    <EventRecordID>28247628</EventRecordID>
    <Correlation/>
    <Execution ProcessID="4" ThreadID="160"/>
    <Channel>Security</Channel>
    <Computer>DC-01.meridianhcs.local</Computer>
    
    <Security/>
    
  </System>
  
  <EventData>
    
    <Data Name="ProcessID">2416</Data>
    <Data Name="Application">\device\harddiskvolume1\windows\system32\dns.exe</Data>
    <Data Name="Direction">%%14592</Data>
    <Data Name="SourceAddress">10.10.3.20</Data>
    <Data Name="SourcePort">58198</Data>
    <Data Name="DestAddress">10.10.2.10</Data>
    <Data Name="DestPort">53</Data>
    <Data Name="Protocol">17</Data>
    <Data Name="FilterRTID">36317</Data>
    <Data Name="LayerName">%%14610</Data>
    <Data Name="LayerRTID">44</Data>
    <Data Name="RemoteUserID">S-1-0-0</Data>
    <Data Name="RemoteMachineID">S-1-0-0</Data>
    
  </EventData>
  
</Event>
<Event xmlns="http://schemas.microsoft.com/win/2004/08/events/event">
  <System>
    
    <Provider Name="Microsoft-Windows-Security-Auditing" Guid="{54849625-5478-4994-a5ba-3e3b0328c30d}"/>
    
    <EventID>5156</EventID>
    <Version>1</Version>
    <Level>0</Level>
    <Task>12810</Task>
    <Opcode>0</Opcode>
    <Keywords>0x8020000000000000</Keywords>
    <TimeCreated SystemTime="2024-03-18T12:51:21.0533072Z"/>
    <EventRecordID>28247629</EventRecordID>
    <Correlation/>
    <Execution ProcessID="4" ThreadID="184"/>
    <Channel>Security</Channel>
    <Computer>DC-01.meridianhcs.local</Computer>
    
    <Security/>
    
  </System>
  
  <EventData>
    
    <Data Name="ProcessID">2416</Data>
    <Data Name="Application">\device\harddiskvolume1\windows\system32\dns.exe</Data>
    <Data Name="Direction">%%14592</Data>
    <Data Name="SourceAddress">10.10.3.20</Data>
    <Data Name="SourcePort">52969</Data>
    <Data Name="DestAddress">10.10.2.10</Data>
    <Data Name="DestPort">53</Data>
    <Data Name="Protocol">17</Data>
    <Data Name="FilterRTID">36317</Data>
    <Data Name="LayerName">%%14610</Data>
    <Data Name="LayerRTID">44</Data>
    <Data Name="RemoteUserID">S-1-0-0</Data>
    <Data Name="RemoteMachineID">S-1-0-0</Data>
    
  </EventData>
  
</Event>
<Event xmlns="http://schemas.microsoft.com/win/2004/08/events/event">
  <System>
    
    <Provider Name="Microsoft-Windows-Security-Auditing" Guid="{54849625-5478-4994-a5ba-3e3b0328c30d}"/>
    
    <EventID>5156</EventID>
    <Version>1</Version>
    <Level>0</Level>
    <Task>12810</Task>
    <Opcode>0</Opcode>
    <Keywords>0x8020000000000000</Keywords>
    <TimeCreated SystemTime="2024-03-18T12:51:24.5347320Z"/>
    <EventRecordID>28247632</EventRecordID>
    <Correlation/>
    <Execution ProcessID="4" ThreadID="96"/>
    <Channel>Security</Channel>
    <Computer>DC-01.meridianhcs.local</Computer>
    
    <Security/>
    
  </System>
  
  <EventData>
    
    <Data Name="ProcessID">2416</Data>
    <Data Name="Application">\device\harddiskvolume1\windows\system32\dns.exe</Data>
    <Data Name="Direction">%%14592</Data>
    <Data Name="SourceAddress">10.10.1.33</Data>
    <Data Name="SourcePort">56648</Data>
    <Data Name="DestAddress">10.10.2.10</Data>
    <Data Name="DestPort">53</Data>
    <Data Name="Protocol">17</Data>
    <Data Name="FilterRTID">36317</Data>
    <Data Name="LayerName">%%14610</Data>
    <Data Name="LayerRTID">44</Data>
    <Data Name="RemoteUserID">S-1-0-0</Data>
    <Data Name="RemoteMachineID">S-1-0-0</Data>
    
  </EventData>
  
</Event>
<Event xmlns="http://schemas.microsoft.com/win/2004/08/events/event">
  <System>
    
    <Provider Name="Microsoft-Windows-Security-Auditing" Guid="{54849625-5478-4994-a5ba-3e3b0328c30d}"/>
    
    <EventID>4634</EventID>
    <Version>0</Version>
    <Level>0</Level>
    <Task>12545</Task>
    <Opcode>0</Opcode>
    <Keywords>0x8020000000000000</Keywords>
    <TimeCreated SystemTime="2024-03-18T12:51:26.1836864Z"/>
    <EventRecordID>28247633</EventRecordID>
    <Correlation/>
    <Execution ProcessID="600" ThreadID="264"/>
    <Channel>Security</Channel>
    <Computer>DC-01.meridianhcs.local</Computer>
    
    <Security/>
    
  </System>
  
  <EventData>
    
    <Data Name="TargetUserSid">S-1-5-21-1537687973-2974994828-3875246326-1016</Data>
    <Data Name="TargetUserName">WS-SMARTINEZ-01$</Data>
    <Data Name="TargetDomainName">MERIDIANHCS</Data>
    <Data Name="TargetLogonId">0x53da3cd</Data>
    <Data Name="LogonType">3</Data>
    
  </EventData>
  
</Event>
<Event xmlns="http://schemas.microsoft.com/win/2004/08/events/event">
  <System>
    
    <Provider Name="Microsoft-Windows-Security-Auditing" Guid="{54849625-5478-4994-a5ba-3e3b0328c30d}"/>
    
    <EventID>5156</EventID>
    <Version>1</Version>
    <Level>0</Level>
    <Task>12810</Task>
    <Opcode>0</Opcode>
    <Keywords>0x8020000000000000</Keywords>
    <TimeCreated SystemTime="2024-03-18T12:51:57.0205475Z"/>
    <EventRecordID>28247646</EventRecordID>
    <Correlation/>
    <Execution ProcessID="4" ThreadID="112"/>
    <Channel>Security</Channel>
    <Computer>DC-01.meridianhcs.local</Computer>
    
    <Security/>
    
  </System>
  
  <EventData>
    
    <Data Name="ProcessID">2336</Data>
    <Data Name="Application">\device\harddiskvolume1\windows\system32\lsass.exe</Data>
    <Data Name="Direction">%%14592</Data>
    <Data Name="SourceAddress">10.10.2.27</Data>
    <Data Name="SourcePort">51513</Data>
    <Data Name="DestAddress">10.10.2.10</Data>
    <Data Name="DestPort">389</Data>
    <Data Name="Protocol">6</Data>
    <Data Name="FilterRTID">36353</Data>
    <Data Name="LayerName">%%14610</Data>
    <Data Name="LayerRTID">44</Data>
    <Data Name="RemoteUserID">S-1-0-0</Data>
    <Data Name="RemoteMachineID">S-1-0-0</Data>
    
  </EventData>
  
</Event>
<Event xmlns="http://schemas.microsoft.com/win/2004/08/events/event">
  <System>
    
    <Provider Name="Microsoft-Windows-Security-Auditing" Guid="{54849625-5478-4994-a5ba-3e3b0328c30d}"/>
    
    <EventID>4768</EventID>
    <Version>0</Version>
    <Level>0</Level>
    <Task>14339</Task>
    <Opcode>0</Opcode>
    <Keywords>0x8020000000000000</Keywords>
    <TimeCreated SystemTime="2024-03-18T12:51:57.5015059Z"/>
    <EventRecordID>28247648</EventRecordID>
    <Correlation/>
    <Execution ProcessID="600" ThreadID="188"/>
    <Channel>Security</Channel>
    <Computer>DC-01.meridianhcs.local</Computer>
    
    <Security/>
    
  </System>
  
  <EventData>
    
    <Data Name="TargetUserName">MAIL-FIN-01$</Data>
    <Data Name="TargetDomainName">MERIDIANHCS.LOCAL</Data>
    <Data Name="TargetSid">S-1-5-21-1537687973-2974994828-3875246326-1022</Data>
    <Data Name="ServiceName">krbtgt</Data>
    <Data Name="ServiceSid">S-1-5-21-1537687973-2974994828-3875246326-502</Data>
    <Data Name="TicketOptions">0x40810010</Data>
    <Data Name="Status">0x0</Data>
    <Data Name="TicketEncryptionType">0x11</Data>
    <Data Name="PreAuthType">2</Data>
    <Data Name="IpAddress">::ffff:10.10.2.27</Data>
    <Data Name="IpPort">56448</Data>
    <Data Name="CertIssuerName"></Data>
    <Data Name="CertSerialNumber"></Data>
    <Data Name="CertThumbprint"></Data>
    
  </EventData>
  
</Event>
<Event xmlns="http://schemas.microsoft.com/win/2004/08/events/event">
  <System>
    
    <Provider Name="Microsoft-Windows-Security-Auditing" Guid="{54849625-5478-4994-a5ba-3e3b0328c30d}"/>
    
    <EventID>4769</EventID>
    <Version>0</Version>
    <Level>0</Level>
    <Task>14337</Task>
    <Opcode>0</Opcode>
    <Keywords>0x8020000000000000</Keywords>
    <TimeCreated SystemTime="2024-03-18T12:51:57.5903586Z"/>
    <EventRecordID>28247649</EventRecordID>
    <Correlation/>
    <Execution ProcessID="600" ThreadID="124"/>
    <Channel>Security</Channel>
    <Computer>DC-01.meridianhcs.local</Computer>
    
    <Security/>
    
  </System>
  
  <EventData>
    
    <Data Name="TargetUserName">MAIL-FIN-01$</Data>
    <Data Name="TargetDomainName">MERIDIANHCS.LOCAL</Data>
    <Data Name="ServiceName">DC-01$</Data>
    <Data Name="ServiceSid">S-1-5-21-1537687973-2974994828-3875246326-1018</Data>
    <Data Name="TicketOptions">0x40810000</Data>
    <Data Name="TicketEncryptionType">0x12</Data>
    <Data Name="IpAddress">::ffff:10.10.2.27</Data>
    <Data Name="IpPort">56448</Data>
    <Data Name="Status">0x0</Data>
    <Data Name="LogonGuid">{00000000-0000-0000-0000-000000000000}</Data>
    <Data Name="TransmittedServices">-</Data>
    
  </EventData>
  
</Event>
<Event xmlns="http://schemas.microsoft.com/win/2004/08/events/event">
  <System>
    
    <Provider Name="Microsoft-Windows-Security-Auditing" Guid="{54849625-5478-4994-a5ba-3e3b0328c30d}"/>
    
    <EventID>4624</EventID>
    <Version>2</Version>
    <Level>0</Level>
    <Task>12544</Task>
    <Opcode>0</Opcode>
    <Keywords>0x8020000000000000</Keywords>
    <TimeCreated SystemTime="2024-03-18T12:51:57.5913588Z"/>
    <EventRecordID>28247650</EventRecordID>
    <Correlation/>
    <Execution ProcessID="600" ThreadID="232"/>
    <Channel>Security</Channel>
    <Computer>DC-01.meridianhcs.local</Computer>
    
    <Security/>
    
  </System>
  
  <EventData>
    
    <Data Name="SubjectUserSid">S-1-5-18</Data>
    <Data Name="SubjectUserName">SYSTEM</Data>
    <Data Name="SubjectDomainName">NT AUTHORITY</Data>
    <Data Name="SubjectLogonId">0x3e7</Data>
    <Data Name="TargetUserSid">S-1-5-21-1537687973-2974994828-3875246326-1022</Data>
    <Data Name="TargetUserName">MAIL-FIN-01$</Data>
    <Data Name="TargetDomainName">MERIDIANHCS</Data>
    <Data Name="TargetLogonId">0x53db87c</Data>
    <Data Name="LogonType">3</Data>
    <Data Name="LogonGuid">{00000000-0000-0000-0000-000000000000}</Data>
    <Data Name="LogonProcessName">Kerberos</Data>
    <Data Name="AuthenticationPackageName">Kerberos</Data>
    <Data Name="WorkstationName">MAIL-FIN-01</Data>
    <Data Name="TransmittedServices">-</Data>
    <Data Name="LmPackageName">-</Data>
    <Data Name="KeyLength">0</Data>
    <Data Name="ProcessId">0x0</Data>
    <Data Name="ProcessName">-</Data>
    <Data Name="IpAddress">::ffff:10.10.2.27</Data>
    <Data Name="IpPort">51513</Data>
    <Data Name="ImpersonationLevel">%%1833</Data>
    <Data Name="RestrictedAdminMode">-</Data>
    <Data Name="TargetOutboundUserName">-</Data>
    <Data Name="TargetOutboundDomainName">-</Data>
    <Data Name="VirtualAccount">%%1843</Data>
    <Data Name="ElevatedToken">%%1842</Data>
    <Data Name="TargetLinkedLogonId">0x0</Data>
    
  </EventData>
  
</Event>
<Event xmlns="http://schemas.microsoft.com/win/2004/08/events/event">
  <System>
    
    <Provider Name="Microsoft-Windows-Security-Auditing" Guid="{54849625-5478-4994-a5ba-3e3b0328c30d}"/>
    
    <EventID>4634</EventID>
    <Version>0</Version>
    <Level>0</Level>
    <Task>12545</Task>
    <Opcode>0</Opcode>
    <Keywords>0x8020000000000000</Keywords>
    <TimeCreated SystemTime="2024-03-18T12:51:58.6705131Z"/>
    <EventRecordID>28247651</EventRecordID>
    <Correlation/>
    <Execution ProcessID="600" ThreadID="144"/>
    <Channel>Security</Channel>
    <Computer>DC-01.meridianhcs.local</Computer>
    
    <Security/>
    
  </System>
  
  <EventData>
    
    <Data Name="TargetUserSid">S-1-5-21-1537687973-2974994828-3875246326-1022</Data>
    <Data Name="TargetUserName">MAIL-FIN-01$</Data>
    <Data Name="TargetDomainName">MERIDIANHCS</Data>
    <Data Name="TargetLogonId">0x53db87c</Data>
    <Data Name="LogonType">3</Data>
    
  </EventData>
  
</Event>
<Event xmlns="http://schemas.microsoft.com/win/2004/08/events/event">
  <System>
    
    <Provider Name="Microsoft-Windows-Security-Auditing" Guid="{54849625-5478-4994-a5ba-3e3b0328c30d}"/>
    
    <EventID>5156</EventID>
    <Version>1</Version>
    <Level>0</Level>
    <Task>12810</Task>
    <Opcode>0</Opcode>
    <Keywords>0x8020000000000000</Keywords>
    <TimeCreated SystemTime="2024-03-18T12:52:07.7282173Z"/>
    <EventRecordID>28247657</EventRecordID>
    <Correlation/>
    <Execution ProcessID="4" ThreadID="176"/>
    <Channel>Security</Channel>
    <Computer>DC-01.meridianhcs.local</Computer>
    
    <Security/>
    
  </System>
  
  <EventData>
    
    <Data Name="ProcessID">2416</Data>
    <Data Name="Application">\device\harddiskvolume1\windows\system32\dns.exe</Data>
    <Data Name="Direction">%%14592</Data>
    <Data Name="SourceAddress">10.10.3.20</Data>
    <Data Name="SourcePort">35052</Data>
    <Data Name="DestAddress">10.10.2.10</Data>
    <Data Name="DestPort">53</Data>
    <Data Name="Protocol">17</Data>
    <Data Name="FilterRTID">36317</Data>
    <Data Name="LayerName">%%14610</Data>
    <Data Name="LayerRTID">44</Data>
    <Data Name="RemoteUserID">S-1-0-0</Data>
    <Data Name="RemoteMachineID">S-1-0-0</Data>
    
  </EventData>
  
</Event>
<Event xmlns="http://schemas.microsoft.com/win/2004/08/events/event">
  <System>
    
    <Provider Name="Microsoft-Windows-Security-Auditing" Guid="{54849625-5478-4994-a5ba-3e3b0328c30d}"/>
    
    <EventID>5156</EventID>
    <Version>1</Version>
    <Level>0</Level>
    <Task>12810</Task>
    <Opcode>0</Opcode>
    <Keywords>0x8020000000000000</Keywords>
    <TimeCreated SystemTime="2024-03-18T12:52:20.7071807Z"/>
    <EventRecordID>28247660</EventRecordID>
    <Correlation/>
    <Execution ProcessID="4" ThreadID="160"/>
    <Channel>Security</Channel>
    <Computer>DC-01.meridianhcs.local</Computer>
    
    <Security/>
    
  </System>
  
  <EventData>
    
    <Data Name="ProcessID">2416</Data>
    <Data Name="Application">\device\harddiskvolume1\windows\system32\dns.exe</Data>
    <Data Name="Direction">%%14592</Data>
    <Data Name="SourceAddress">10.10.3.10</Data>
    <Data Name="SourcePort">36685</Data>
    <Data Name="DestAddress">10.10.2.10</Data>
    <Data Name="DestPort">53</Data>
    <Data Name="Protocol">17</Data>
    <Data Name="FilterRTID">36317</Data>
    <Data Name="LayerName">%%14610</Data>
    <Data Name="LayerRTID">44</Data>
    <Data Name="RemoteUserID">S-1-0-0</Data>
    <Data Name="RemoteMachineID">S-1-0-0</Data>
    
  </EventData>
  
</Event>
<Event xmlns="http://schemas.microsoft.com/win/2004/08/events/event">
  <System>
    
    <Provider Name="Microsoft-Windows-Security-Auditing" Guid="{54849625-5478-4994-a5ba-3e3b0328c30d}"/>
    
    <EventID>5156</EventID>
    <Version>1</Version>
    <Level>0</Level>
    <Task>12810</Task>
    <Opcode>0</Opcode>
    <Keywords>0x8020000000000000</Keywords>
    <TimeCreated SystemTime="2024-03-18T12:52:21.2991136Z"/>
    <EventRecordID>28247662</EventRecordID>
    <Correlation/>
    <Execution ProcessID="4" ThreadID="92"/>
    <Channel>Security</Channel>
    <Computer>DC-01.meridianhcs.local</Computer>
    
    <Security/>
    
  </System>
  
  <EventData>
    
    <Data Name="ProcessID">2416</Data>
    <Data Name="Application">\device\harddiskvolume1\windows\system32\dns.exe</Data>
    <Data Name="Direction">%%14592</Data>
    <Data Name="SourceAddress">10.10.3.10</Data>
    <Data Name="SourcePort">60529</Data>
    <Data Name="DestAddress">10.10.2.10</Data>
    <Data Name="DestPort">53</Data>
    <Data Name="Protocol">17</Data>
    <Data Name="FilterRTID">36317</Data>
    <Data Name="LayerName">%%14610</Data>
    <Data Name="LayerRTID">44</Data>
    <Data Name="RemoteUserID">S-1-0-0</Data>
    <Data Name="RemoteMachineID">S-1-0-0</Data>
    
  </EventData>
  
</Event>
<Event xmlns="http://schemas.microsoft.com/win/2004/08/events/event">
  <System>
    
    <Provider Name="Microsoft-Windows-Security-Auditing" Guid="{54849625-5478-4994-a5ba-3e3b0328c30d}"/>
    
    <EventID>5156</EventID>
    <Version>1</Version>
    <Level>0</Level>
    <Task>12810</Task>
    <Opcode>0</Opcode>
    <Keywords>0x8020000000000000</Keywords>
    <TimeCreated SystemTime="2024-03-18T12:52:23.1790465Z"/>
    <EventRecordID>28247664</EventRecordID>
    <Correlation/>
    <Execution ProcessID="4" ThreadID="172"/>
    <Channel>Security</Channel>
    <Computer>DC-01.meridianhcs.local</Computer>
    
    <Security/>
    
  </System>
  
  <EventData>
    
    <Data Name="ProcessID">2416</Data>
    <Data Name="Application">\device\harddiskvolume1\windows\system32\dns.exe</Data>
    <Data Name="Direction">%%14592</Data>
    <Data Name="SourceAddress">10.10.3.10</Data>
    <Data Name="SourcePort">60768</Data>
    <Data Name="DestAddress">10.10.2.10</Data>
    <Data Name="DestPort">53</Data>
    <Data Name="Protocol">17</Data>
    <Data Name="FilterRTID">36317</Data>
    <Data Name="LayerName">%%14610</Data>
    <Data Name="LayerRTID">44</Data>
    <Data Name="RemoteUserID">S-1-0-0</Data>
    <Data Name="RemoteMachineID">S-1-0-0</Data>
    
  </EventData>
  
</Event>
<Event xmlns="http://schemas.microsoft.com/win/2004/08/events/event">
  <System>
    
    <Provider Name="Microsoft-Windows-Security-Auditing" Guid="{54849625-5478-4994-a5ba-3e3b0328c30d}"/>
    
    <EventID>5156</EventID>
    <Version>1</Version>
    <Level>0</Level>
    <Task>12810</Task>
    <Opcode>0</Opcode>
    <Keywords>0x8020000000000000</Keywords>
    <TimeCreated SystemTime="2024-03-18T12:52:23.2691261Z"/>
    <EventRecordID>28247665</EventRecordID>
    <Correlation/>
    <Execution ProcessID="4" ThreadID="140"/>
    <Channel>Security</Channel>
    <Computer>DC-01.meridianhcs.local</Computer>
    
    <Security/>
    
  </System>
  
  <EventData>
    
    <Data Name="ProcessID">2416</Data>
    <Data Name="Application">\device\harddiskvolume1\windows\system32\dns.exe</Data>
    <Data Name="Direction">%%14592</Data>
    <Data Name="SourceAddress">10.10.3.10</Data>
    <Data Name="SourcePort">46387</Data>
    <Data Name="DestAddress">10.10.2.10</Data>
    <Data Name="DestPort">53</Data>
    <Data Name="Protocol">17</Data>
    <Data Name="FilterRTID">36317</Data>
    <Data Name="LayerName">%%14610</Data>
    <Data Name="LayerRTID">44</Data>
    <Data Name="RemoteUserID">S-1-0-0</Data>
    <Data Name="RemoteMachineID">S-1-0-0</Data>
    
  </EventData>
  
</Event>
<Event xmlns="http://schemas.microsoft.com/win/2004/08/events/event">
  <System>
    
    <Provider Name="Microsoft-Windows-Security-Auditing" Guid="{54849625-5478-4994-a5ba-3e3b0328c30d}"/>
    
    <EventID>5156</EventID>
    <Version>1</Version>
    <Level>0</Level>
    <Task>12810</Task>
    <Opcode>0</Opcode>
    <Keywords>0x8020000000000000</Keywords>
    <TimeCreated SystemTime="2024-03-18T12:52:29.7357679Z"/>
    <EventRecordID>28247670</EventRecordID>
    <Correlation/>
    <Execution ProcessID="4" ThreadID="76"/>
    <Channel>Security</Channel>
    <Computer>DC-01.meridianhcs.local</Computer>
    
    <Security/>
    
  </System>
  
  <EventData>
    
    <Data Name="ProcessID">2416</Data>
    <Data Name="Application">\device\harddiskvolume1\windows\system32\dns.exe</Data>
    <Data Name="Direction">%%14592</Data>
    <Data Name="SourceAddress">10.10.1.32</Data>
    <Data Name="SourcePort">59667</Data>
    <Data Name="DestAddress">10.10.2.10</Data>
    <Data Name="DestPort">53</Data>
    <Data Name="Protocol">17</Data>
    <Data Name="FilterRTID">36317</Data>
    <Data Name="LayerName">%%14610</Data>
    <Data Name="LayerRTID">44</Data>
    <Data Name="RemoteUserID">S-1-0-0</Data>
    <Data Name="RemoteMachineID">S-1-0-0</Data>
    
  </EventData>
  
</Event>
<Event xmlns="http://schemas.microsoft.com/win/2004/08/events/event">
  <System>
    
    <Provider Name="Microsoft-Windows-Security-Auditing" Guid="{54849625-5478-4994-a5ba-3e3b0328c30d}"/>
    
    <EventID>4624</EventID>
    <Version>2</Version>
    <Level>0</Level>
    <Task>12544</Task>
    <Opcode>0</Opcode>
    <Keywords>0x8020000000000000</Keywords>
    <TimeCreated SystemTime="2024-03-18T12:52:39.1951730Z"/>
    <EventRecordID>28247671</EventRecordID>
    <Correlation/>
    <Execution ProcessID="2336" ThreadID="172"/>
    <Channel>Security</Channel>
    <Computer>DC-01.meridianhcs.local</Computer>
    
    <Security/>
    
  </System>
  
  <EventData>
    
    <Data Name="SubjectUserSid">S-1-5-18</Data>
    <Data Name="SubjectUserName">SYSTEM</Data>
    <Data Name="SubjectDomainName">NT AUTHORITY</Data>
    <Data Name="SubjectLogonId">0x3e7</Data>
    <Data Name="TargetUserSid">S-1-5-19</Data>
    <Data Name="TargetUserName">LOCAL SERVICE</Data>
    <Data Name="TargetDomainName">NT AUTHORITY</Data>
    <Data Name="TargetLogonId">0x53dccf7</Data>
    <Data Name="LogonType">5</Data>
    <Data Name="LogonGuid">{00000000-0000-0000-0000-000000000000}</Data>
    <Data Name="LogonProcessName">Advapi</Data>
    <Data Name="AuthenticationPackageName">Negotiate</Data>
    <Data Name="WorkstationName">DC-01</Data>
    <Data Name="TransmittedServices">-</Data>
    <Data Name="LmPackageName">-</Data>
    <Data Name="KeyLength">0</Data>
    <Data Name="ProcessId">0x91c</Data>
    <Data Name="ProcessName">C:\Windows\System32\services.exe</Data>
    <Data Name="IpAddress">-</Data>
    <Data Name="IpPort">-</Data>
    <Data Name="ImpersonationLevel">%%1833</Data>
    <Data Name="RestrictedAdminMode">-</Data>
    <Data Name="TargetOutboundUserName">-</Data>
    <Data Name="TargetOutboundDomainName">-</Data>
    <Data Name="VirtualAccount">%%1843</Data>
    <Data Name="ElevatedToken">%%1842</Data>
    <Data Name="TargetLinkedLogonId">0x0</Data>
    
  </EventData>
  
</Event>
<Event xmlns="http://schemas.microsoft.com/win/2004/08/events/event">
  <System>
    
    <Provider Name="Microsoft-Windows-Security-Auditing" Guid="{54849625-5478-4994-a5ba-3e3b0328c30d}"/>
    
    <EventID>4672</EventID>
    <Version>0</Version>
    <Level>0</Level>
    <Task>12548</Task>
    <Opcode>0</Opcode>
    <Keywords>0x8020000000000000</Keywords>
    <TimeCreated SystemTime="2024-03-18T12:52:39.2131731Z"/>
    <EventRecordID>28247672</EventRecordID>
    <Correlation/>
    <Execution ProcessID="2336" ThreadID="316"/>
    <Channel>Security</Channel>
    <Computer>DC-01.meridianhcs.local</Computer>
    
    <Security/>
    
  </System>
  
  <EventData>
    
    <Data Name="SubjectUserSid">S-1-5-19</Data>
    <Data Name="SubjectUserName">LOCAL SERVICE</Data>
    <Data Name="SubjectDomainName">NT AUTHORITY</Data>
    <Data Name="SubjectLogonId">0x53dccf7</Data>
    <Data Name="PrivilegeList">SeAssignPrimaryTokenPrivilege
			SeAuditPrivilege
			SeImpersonatePrivilege
			SeChangeNotifyPrivilege</Data>
    
  </EventData>
  
</Event>
<Event xmlns="http://schemas.microsoft.com/win/2004/08/events/event">
  <System>
    
    <Provider Name="Microsoft-Windows-Security-Auditing" Guid="{54849625-5478-4994-a5ba-3e3b0328c30d}"/>
    
    <EventID>5156</EventID>
    <Version>1</Version>
    <Level>0</Level>
    <Task>12810</Task>
    <Opcode>0</Opcode>
    <Keywords>0x8020000000000000</Keywords>
    <TimeCreated SystemTime="2024-03-18T12:52:49.9259796Z"/>
    <EventRecordID>28247681</EventRecordID>
    <Correlation/>
    <Execution ProcessID="4" ThreadID="124"/>
    <Channel>Security</Channel>
    <Computer>DC-01.meridianhcs.local</Computer>
    
    <Security/>
    
  </System>
  
  <EventData>
    
    <Data Name="ProcessID">2416</Data>
    <Data Name="Application">\device\harddiskvolume1\windows\system32\dns.exe</Data>
    <Data Name="Direction">%%14592</Data>
    <Data Name="SourceAddress">10.10.1.22</Data>
    <Data Name="SourcePort">53117</Data>
    <Data Name="DestAddress">10.10.2.10</Data>
    <Data Name="DestPort">53</Data>
    <Data Name="Protocol">17</Data>
    <Data Name="FilterRTID">36317</Data>
    <Data Name="LayerName">%%14610</Data>
    <Data Name="LayerRTID">44</Data>
    <Data Name="RemoteUserID">S-1-0-0</Data>
    <Data Name="RemoteMachineID">S-1-0-0</Data>
    
  </EventData>
  
</Event>
<Event xmlns="http://schemas.microsoft.com/win/2004/08/events/event">
  <System>
    
    <Provider Name="Microsoft-Windows-Security-Auditing" Guid="{54849625-5478-4994-a5ba-3e3b0328c30d}"/>
    
    <EventID>5156</EventID>
    <Version>1</Version>
    <Level>0</Level>
    <Task>12810</Task>
    <Opcode>0</Opcode>
    <Keywords>0x8020000000000000</Keywords>
    <TimeCreated SystemTime="2024-03-18T12:52:49.9956890Z"/>
    <EventRecordID>28247682</EventRecordID>
    <Correlation/>
    <Execution ProcessID="4" ThreadID="84"/>
    <Channel>Security</Channel>
    <Computer>DC-01.meridianhcs.local</Computer>
    
    <Security/>
    
  </System>
  
  <EventData>
    
    <Data Name="ProcessID">2416</Data>
    <Data Name="Application">\device\harddiskvolume1\windows\system32\dns.exe</Data>
    <Data Name="Direction">%%14592</Data>
    <Data Name="SourceAddress">10.10.1.22</Data>
    <Data Name="SourcePort">58547</Data>
    <Data Name="DestAddress">10.10.2.10</Data>
    <Data Name="DestPort">53</Data>
    <Data Name="Protocol">17</Data>
    <Data Name="FilterRTID">36317</Data>
    <Data Name="LayerName">%%14610</Data>
    <Data Name="LayerRTID">44</Data>
    <Data Name="RemoteUserID">S-1-0-0</Data>
    <Data Name="RemoteMachineID">S-1-0-0</Data>
    
  </EventData>
  
</Event>
<Event xmlns="http://schemas.microsoft.com/win/2004/08/events/event">
  <System>
    
    <Provider Name="Microsoft-Windows-Security-Auditing" Guid="{54849625-5478-4994-a5ba-3e3b0328c30d}"/>
    
    <EventID>5156</EventID>
    <Version>1</Version>
    <Level>0</Level>
    <Task>12810</Task>
    <Opcode>0</Opcode>
    <Keywords>0x8020000000000000</Keywords>
    <TimeCreated SystemTime="2024-03-18T12:52:58.8934665Z"/>
    <EventRecordID>28247687</EventRecordID>
    <Correlation/>
    <Execution ProcessID="4" ThreadID="76"/>
    <Channel>Security</Channel>
    <Computer>DC-01.meridianhcs.local</Computer>
    
    <Security/>
    
  </System>
  
  <EventData>
    
    <Data Name="ProcessID">2416</Data>
    <Data Name="Application">\device\harddiskvolume1\windows\system32\dns.exe</Data>
    <Data Name="Direction">%%14592</Data>
    <Data Name="SourceAddress">10.10.3.20</Data>
    <Data Name="SourcePort">37577</Data>
    <Data Name="DestAddress">10.10.2.10</Data>
    <Data Name="DestPort">53</Data>
    <Data Name="Protocol">17</Data>
    <Data Name="FilterRTID">36317</Data>
    <Data Name="LayerName">%%14610</Data>
    <Data Name="LayerRTID">44</Data>
    <Data Name="RemoteUserID">S-1-0-0</Data>
    <Data Name="RemoteMachineID">S-1-0-0</Data>
    
  </EventData>
  
</Event>
<Event xmlns="http://schemas.microsoft.com/win/2004/08/events/event">
  <System>
    
    <Provider Name="Microsoft-Windows-Security-Auditing" Guid="{54849625-5478-4994-a5ba-3e3b0328c30d}"/>
    
    <EventID>5156</EventID>
    <Version>1</Version>
    <Level>0</Level>
    <Task>12810</Task>
    <Opcode>0</Opcode>
    <Keywords>0x8020000000000000</Keywords>
    <TimeCreated SystemTime="2024-03-18T12:52:59.6095666Z"/>
    <EventRecordID>28247688</EventRecordID>
    <Correlation/>
    <Execution ProcessID="4" ThreadID="116"/>
    <Channel>Security</Channel>
    <Computer>DC-01.meridianhcs.local</Computer>
    
    <Security/>
    
  </System>
  
  <EventData>
    
    <Data Name="ProcessID">2416</Data>
    <Data Name="Application">\device\harddiskvolume1\windows\system32\dns.exe</Data>
    <Data Name="Direction">%%14592</Data>
    <Data Name="SourceAddress">10.10.3.20</Data>
    <Data Name="SourcePort">52425</Data>
    <Data Name="DestAddress">10.10.2.10</Data>
    <Data Name="DestPort">53</Data>
    <Data Name="Protocol">17</Data>
    <Data Name="FilterRTID">36317</Data>
    <Data Name="LayerName">%%14610</Data>
    <Data Name="LayerRTID">44</Data>
    <Data Name="RemoteUserID">S-1-0-0</Data>
    <Data Name="RemoteMachineID">S-1-0-0</Data>
    
  </EventData>
  
</Event>
<Event xmlns="http://schemas.microsoft.com/win/2004/08/events/event">
  <System>
    
    <Provider Name="Microsoft-Windows-Security-Auditing" Guid="{54849625-5478-4994-a5ba-3e3b0328c30d}"/>
    
    <EventID>5156</EventID>
    <Version>1</Version>
    <Level>0</Level>
    <Task>12810</Task>
    <Opcode>0</Opcode>
    <Keywords>0x8020000000000000</Keywords>
    <TimeCreated SystemTime="2024-03-18T12:53:01.0969889Z"/>
    <EventRecordID>28247689</EventRecordID>
    <Correlation/>
    <Execution ProcessID="4" ThreadID="112"/>
    <Channel>Security</Channel>
    <Computer>DC-01.meridianhcs.local</Computer>
    
    <Security/>
    
  </System>
  
  <EventData>
    
    <Data Name="ProcessID">4</Data>
    <Data Name="Application">System</Data>
    <Data Name="Direction">%%14592</Data>
    <Data Name="SourceAddress">10.10.2.26</Data>
    <Data Name="SourcePort">55005</Data>
    <Data Name="DestAddress">10.10.2.10</Data>
    <Data Name="DestPort">445</Data>
    <Data Name="Protocol">6</Data>
    <Data Name="FilterRTID">36367</Data>
    <Data Name="LayerName">%%14610</Data>
    <Data Name="LayerRTID">44</Data>
    <Data Name="RemoteUserID">S-1-0-0</Data>
    <Data Name="RemoteMachineID">S-1-0-0</Data>
    
  </EventData>
  
</Event>
<Event xmlns="http://schemas.microsoft.com/win/2004/08/events/event">
  <System>
    
    <Provider Name="Microsoft-Windows-Security-Auditing" Guid="{54849625-5478-4994-a5ba-3e3b0328c30d}"/>
    
    <EventID>4624</EventID>
    <Version>2</Version>
    <Level>0</Level>
    <Task>12544</Task>
    <Opcode>0</Opcode>
    <Keywords>0x8020000000000000</Keywords>
    <TimeCreated SystemTime="2024-03-18T12:53:01.2893204Z"/>
    <EventRecordID>28247690</EventRecordID>
    <Correlation/>
    <Execution ProcessID="600" ThreadID="240"/>
    <Channel>Security</Channel>
    <Computer>DC-01.meridianhcs.local</Computer>
    
    <Security/>
    
  </System>
  
  <EventData>
    
    <Data Name="SubjectUserSid">S-1-0-0</Data>
    <Data Name="SubjectUserName">-</Data>
    <Data Name="SubjectDomainName">-</Data>
    <Data Name="SubjectLogonId">0x0</Data>
    <Data Name="TargetUserSid">S-1-5-7</Data>
    <Data Name="TargetUserName">ANONYMOUS LOGON</Data>
    <Data Name="TargetDomainName">NT AUTHORITY</Data>
    <Data Name="TargetLogonId">0x53de419</Data>
    <Data Name="LogonType">3</Data>
    <Data Name="LogonGuid">{00000000-0000-0000-0000-000000000000}</Data>
    <Data Name="LogonProcessName">NtLmSsp</Data>
    <Data Name="AuthenticationPackageName">NTLM</Data>
    <Data Name="WorkstationName">MAIL-CLIN-01</Data>
    <Data Name="TransmittedServices">-</Data>
    <Data Name="LmPackageName">NTLM V2</Data>
    <Data Name="KeyLength">128</Data>
    <Data Name="ProcessId">0x920</Data>
    <Data Name="ProcessName">C:\Windows\System32\lsass.exe</Data>
    <Data Name="IpAddress">::ffff:10.10.2.26</Data>
    <Data Name="IpPort">55005</Data>
    <Data Name="ImpersonationLevel">%%1833</Data>
    <Data Name="RestrictedAdminMode">-</Data>
    <Data Name="TargetOutboundUserName">-</Data>
    <Data Name="TargetOutboundDomainName">-</Data>
    <Data Name="VirtualAccount">%%1843</Data>
    <Data Name="ElevatedToken">%%1843</Data>
    <Data Name="TargetLinkedLogonId">0x0</Data>
    
  </EventData>
  
</Event>
<Event xmlns="http://schemas.microsoft.com/win/2004/08/events/event">
  <System>
    
    <Provider Name="Microsoft-Windows-Security-Auditing" Guid="{54849625-5478-4994-a5ba-3e3b0328c30d}"/>
    
    <EventID>4768</EventID>
    <Version>0</Version>
    <Level>0</Level>
    <Task>14339</Task>
    <Opcode>0</Opcode>
    <Keywords>0x8020000000000000</Keywords>
    <TimeCreated SystemTime="2024-03-18T12:53:02.1987215Z"/>
    <EventRecordID>28247691</EventRecordID>
    <Correlation/>
    <Execution ProcessID="600" ThreadID="104"/>
    <Channel>Security</Channel>
    <Computer>DC-01.meridianhcs.local</Computer>
    
    <Security/>
    
  </System>
  
  <EventData>
    
    <Data Name="TargetUserName">WS-PPATEL-01$</Data>
    <Data Name="TargetDomainName">MERIDIANHCS.LOCAL</Data>
    <Data Name="TargetSid">S-1-5-21-1537687973-2974994828-3875246326-1012</Data>
    <Data Name="ServiceName">krbtgt</Data>
    <Data Name="ServiceSid">S-1-5-21-1537687973-2974994828-3875246326-502</Data>
    <Data Name="TicketOptions">0x40810010</Data>
    <Data Name="Status">0x0</Data>
    <Data Name="TicketEncryptionType">0x11</Data>
    <Data Name="PreAuthType">2</Data>
    <Data Name="IpAddress">::ffff:10.10.1.32</Data>
    <Data Name="IpPort">58902</Data>
    <Data Name="CertIssuerName"></Data>
    <Data Name="CertSerialNumber"></Data>
    <Data Name="CertThumbprint"></Data>
    
  </EventData>
  
</Event>
<Event xmlns="http://schemas.microsoft.com/win/2004/08/events/event">
  <System>
    
    <Provider Name="Microsoft-Windows-Security-Auditing" Guid="{54849625-5478-4994-a5ba-3e3b0328c30d}"/>
    
    <EventID>5156</EventID>
    <Version>1</Version>
    <Level>0</Level>
    <Task>12810</Task>
    <Opcode>0</Opcode>
    <Keywords>0x8020000000000000</Keywords>
    <TimeCreated SystemTime="2024-03-18T12:53:02.4171329Z"/>
    <EventRecordID>28247692</EventRecordID>
    <Correlation/>
    <Execution ProcessID="4" ThreadID="188"/>
    <Channel>Security</Channel>
    <Computer>DC-01.meridianhcs.local</Computer>
    
    <Security/>
    
  </System>
  
  <EventData>
    
    <Data Name="ProcessID">4</Data>
    <Data Name="Application">System</Data>
    <Data Name="Direction">%%14592</Data>
    <Data Name="SourceAddress">10.10.1.32</Data>
    <Data Name="SourcePort">59305</Data>
    <Data Name="DestAddress">10.10.2.10</Data>
    <Data Name="DestPort">445</Data>
    <Data Name="Protocol">6</Data>
    <Data Name="FilterRTID">36367</Data>
    <Data Name="LayerName">%%14610</Data>
    <Data Name="LayerRTID">44</Data>
    <Data Name="RemoteUserID">S-1-0-0</Data>
    <Data Name="RemoteMachineID">S-1-0-0</Data>
    
  </EventData>
  
</Event>
<Event xmlns="http://schemas.microsoft.com/win/2004/08/events/event">
  <System>
    
    <Provider Name="Microsoft-Windows-Security-Auditing" Guid="{54849625-5478-4994-a5ba-3e3b0328c30d}"/>
    
    <EventID>4624</EventID>
    <Version>2</Version>
    <Level>0</Level>
    <Task>12544</Task>
    <Opcode>0</Opcode>
    <Keywords>0x8020000000000000</Keywords>
    <TimeCreated SystemTime="2024-03-18T12:53:02.4691327Z"/>
    <EventRecordID>28247693</EventRecordID>
    <Correlation/>
    <Execution ProcessID="600" ThreadID="232"/>
    <Channel>Security</Channel>
    <Computer>DC-01.meridianhcs.local</Computer>
    
    <Security/>
    
  </System>
  
  <EventData>
    
    <Data Name="SubjectUserSid">S-1-0-0</Data>
    <Data Name="SubjectUserName">-</Data>
    <Data Name="SubjectDomainName">-</Data>
    <Data Name="SubjectLogonId">0x0</Data>
    <Data Name="TargetUserSid">S-1-5-7</Data>
    <Data Name="TargetUserName">ANONYMOUS LOGON</Data>
    <Data Name="TargetDomainName">NT AUTHORITY</Data>
    <Data Name="TargetLogonId">0x53de4b1</Data>
    <Data Name="LogonType">3</Data>
    <Data Name="LogonGuid">{00000000-0000-0000-0000-000000000000}</Data>
    <Data Name="LogonProcessName">NtLmSsp</Data>
    <Data Name="AuthenticationPackageName">NTLM</Data>
    <Data Name="WorkstationName">WS-PPATEL-01</Data>
    <Data Name="TransmittedServices">-</Data>
    <Data Name="LmPackageName">NTLM V2</Data>
    <Data Name="KeyLength">128</Data>
    <Data Name="ProcessId">0x920</Data>
    <Data Name="ProcessName">C:\Windows\System32\lsass.exe</Data>
    <Data Name="IpAddress">::ffff:10.10.1.32</Data>
    <Data Name="IpPort">59305</Data>
    <Data Name="ImpersonationLevel">%%1833</Data>
    <Data Name="RestrictedAdminMode">-</Data>
    <Data Name="TargetOutboundUserName">-</Data>
    <Data Name="TargetOutboundDomainName">-</Data>
    <Data Name="VirtualAccount">%%1843</Data>
    <Data Name="ElevatedToken">%%1843</Data>
    <Data Name="TargetLinkedLogonId">0x0</Data>
    
  </EventData>
  
</Event>
<Event xmlns="http://schemas.microsoft.com/win/2004/08/events/event">
  <System>
    
    <Provider Name="Microsoft-Windows-Security-Auditing" Guid="{54849625-5478-4994-a5ba-3e3b0328c30d}"/>
    
    <EventID>5156</EventID>
    <Version>1</Version>
    <Level>0</Level>
    <Task>12810</Task>
    <Opcode>0</Opcode>
    <Keywords>0x8020000000000000</Keywords>
    <TimeCreated SystemTime="2024-03-18T12:53:02.7347716Z"/>
    <EventRecordID>28247694</EventRecordID>
    <Correlation/>
    <Execution ProcessID="4" ThreadID="180"/>
    <Channel>Security</Channel>
    <Computer>DC-01.meridianhcs.local</Computer>
    
    <Security/>
    
  </System>
  
  <EventData>
    
    <Data Name="ProcessID">2336</Data>
    <Data Name="Application">\device\harddiskvolume1\windows\system32\lsass.exe</Data>
    <Data Name="Direction">%%14592</Data>
    <Data Name="SourceAddress">10.10.1.32</Data>
    <Data Name="SourcePort">58902</Data>
    <Data Name="DestAddress">10.10.2.10</Data>
    <Data Name="DestPort">88</Data>
    <Data Name="Protocol">17</Data>
    <Data Name="FilterRTID">36333</Data>
    <Data Name="LayerName">%%14610</Data>
    <Data Name="LayerRTID">44</Data>
    <Data Name="RemoteUserID">S-1-0-0</Data>
    <Data Name="RemoteMachineID">S-1-0-0</Data>
    
  </EventData>
  
</Event>
<Event xmlns="http://schemas.microsoft.com/win/2004/08/events/event">
  <System>
    
    <Provider Name="Microsoft-Windows-Security-Auditing" Guid="{54849625-5478-4994-a5ba-3e3b0328c30d}"/>
    
    <EventID>4634</EventID>
    <Version>0</Version>
    <Level>0</Level>
    <Task>12545</Task>
    <Opcode>0</Opcode>
    <Keywords>0x8020000000000000</Keywords>
    <TimeCreated SystemTime="2024-03-18T12:53:18.5726303Z"/>
    <EventRecordID>28247701</EventRecordID>
    <Correlation/>
    <Execution ProcessID="600" ThreadID="456"/>
    <Channel>Security</Channel>
    <Computer>DC-01.meridianhcs.local</Computer>
    
    <Security/>
    
  </System>
  
  <EventData>
    
    <Data Name="TargetUserSid">S-1-5-7</Data>
    <Data Name="TargetUserName">ANONYMOUS LOGON</Data>
    <Data Name="TargetDomainName">NT AUTHORITY</Data>
    <Data Name="TargetLogonId">0x53de419</Data>
    <Data Name="LogonType">3</Data>
    
  </EventData>
  
</Event>
<Event xmlns="http://schemas.microsoft.com/win/2004/08/events/event">
  <System>
    
    <Provider Name="Microsoft-Windows-Security-Auditing" Guid="{54849625-5478-4994-a5ba-3e3b0328c30d}"/>
    
    <EventID>5156</EventID>
    <Version>1</Version>
    <Level>0</Level>
    <Task>12810</Task>
    <Opcode>0</Opcode>
    <Keywords>0x8020000000000000</Keywords>
    <TimeCreated SystemTime="2024-03-18T12:53:19.3351403Z"/>
    <EventRecordID>28247702</EventRecordID>
    <Correlation/>
    <Execution ProcessID="4" ThreadID="184"/>
    <Channel>Security</Channel>
    <Computer>DC-01.meridianhcs.local</Computer>
    
    <Security/>
    
  </System>
  
  <EventData>
    
    <Data Name="ProcessID">2416</Data>
    <Data Name="Application">\device\harddiskvolume1\windows\system32\dns.exe</Data>
    <Data Name="Direction">%%14592</Data>
    <Data Name="SourceAddress">10.10.3.20</Data>
    <Data Name="SourcePort">38135</Data>
    <Data Name="DestAddress">10.10.2.10</Data>
    <Data Name="DestPort">53</Data>
    <Data Name="Protocol">17</Data>
    <Data Name="FilterRTID">36317</Data>
    <Data Name="LayerName">%%14610</Data>
    <Data Name="LayerRTID">44</Data>
    <Data Name="RemoteUserID">S-1-0-0</Data>
    <Data Name="RemoteMachineID">S-1-0-0</Data>
    
  </EventData>
  
</Event>
