<Event xmlns="http://schemas.microsoft.com/win/2004/08/events/event">
  <System>
    <Provider Name="Microsoft-Windows-Sysmon" Guid="{5770385f-c22a-43e0-bf4c-06f5698ffbd9}"/>
    <EventID>22</EventID>
    <Version>5</Version>
    <Level>4</Level>
    <Task>22</Task>
    <Opcode>0</Opcode>
    <Keywords>0x8000000000000000</Keywords>
    <TimeCreated SystemTime="2024-03-18T16:18:52.3524443Z"/>
    <EventRecordID>122097</EventRecordID>
    <Correlation/>
    <Execution ProcessID="2492" ThreadID="3476"/>
    <Channel>Microsoft-Windows-Sysmon/Operational</Channel>
    <Computer>WS-SMARTINEZ-01.meridianhcs.local</Computer>
    <Security UserID="S-1-5-18"/>
  </System>
  <EventData>
    
    <Data Name="RuleName">-</Data>
    <Data Name="UtcTime">2024-03-18 16:18:52.352</Data>
    <Data Name="ProcessGuid">{f613acc2-c340-65e1-6900-00005abc647f}</Data>
    <Data Name="ProcessId">4</Data>
    <Data Name="QueryName">DC-01.meridianhcs.local</Data>
    <Data Name="QueryStatus">0</Data>
    <Data Name="QueryResults">10.10.2.10;</Data>
    <Data Name="Image">System</Data>
    <Data Name="User">NT AUTHORITY\SYSTEM</Data>
    
  </EventData>
</Event>
<Event xmlns="http://schemas.microsoft.com/win/2004/08/events/event">
  <System>
    <Provider Name="Microsoft-Windows-Sysmon" Guid="{5770385f-c22a-43e0-bf4c-06f5698ffbd9}"/>
    <EventID>22</EventID>
    <Version>5</Version>
    <Level>4</Level>
    <Task>22</Task>
    <Opcode>0</Opcode>
    <Keywords>0x8000000000000000</Keywords>
    <TimeCreated SystemTime="2024-03-18T16:18:52.4708035Z"/>
    <EventRecordID>122098</EventRecordID>
    <Correlation/>
    <Execution ProcessID="2492" ThreadID="4724"/>
    <Channel>Microsoft-Windows-Sysmon/Operational</Channel>
    <Computer>WS-SMARTINEZ-01.meridianhcs.local</Computer>
    <Security UserID="S-1-5-18"/>
  </System>
  <EventData>
    
    <Data Name="RuleName">-</Data>
    <Data Name="UtcTime">2024-03-18 16:18:52.470</Data>
    <Data Name="ProcessGuid">{f613acc2-c340-65e1-6900-00005abc647f}</Data>
    <Data Name="ProcessId">4</Data>
    <Data Name="QueryName">DC-01.meridianhcs.local</Data>
    <Data Name="QueryStatus">0</Data>
    <Data Name="QueryResults">-</Data>
    <Data Name="Image">System</Data>
    <Data Name="User">NT AUTHORITY\SYSTEM</Data>
    
  </EventData>
</Event>
<Event xmlns="http://schemas.microsoft.com/win/2004/08/events/event">
  <System>
    <Provider Name="Microsoft-Windows-Sysmon" Guid="{5770385f-c22a-43e0-bf4c-06f5698ffbd9}"/>
    <EventID>3</EventID>
    <Version>5</Version>
    <Level>4</Level>
    <Task>3</Task>
    <Opcode>0</Opcode>
    <Keywords>0x8000000000000000</Keywords>
    <TimeCreated SystemTime="2024-03-18T16:20:46.7105637Z"/>
    <EventRecordID>122102</EventRecordID>
    <Correlation/>
    <Execution ProcessID="2492" ThreadID="4724"/>
    <Channel>Microsoft-Windows-Sysmon/Operational</Channel>
    <Computer>WS-SMARTINEZ-01.meridianhcs.local</Computer>
    <Security UserID="S-1-5-18"/>
  </System>
  <EventData>
    
    <Data Name="RuleName">-</Data>
    <Data Name="UtcTime">2024-03-18 16:20:46.710</Data>
    <Data Name="ProcessGuid">{f613acc2-c34e-65e1-8b00-0000eb2d9206}</Data>
    <Data Name="ProcessId">5988</Data>
    <Data Name="Image">C:\Windows\System32\svchost.exe</Data>
    <Data Name="User">NT AUTHORITY\LOCAL SERVICE</Data>
    <Data Name="Protocol">udp</Data>
    <Data Name="Initiated">true</Data>
    <Data Name="SourceIsIpv6">false</Data>
    <Data Name="SourceIp">10.10.1.36</Data>
    <Data Name="SourceHostname">WS-SMARTINEZ-01.meridianhcs.local</Data>
    <Data Name="SourcePort">59928</Data>
    <Data Name="SourcePortName">-</Data>
    <Data Name="DestinationIsIpv6">false</Data>
    <Data Name="DestinationIp">10.10.2.10</Data>
    <Data Name="DestinationHostname">DC-01.meridianhcs.local</Data>
    <Data Name="DestinationPort">53</Data>
    <Data Name="DestinationPortName">domain</Data>
    
  </EventData>
</Event>
<Event xmlns="http://schemas.microsoft.com/win/2004/08/events/event">
  <System>
    <Provider Name="Microsoft-Windows-Sysmon" Guid="{5770385f-c22a-43e0-bf4c-06f5698ffbd9}"/>
    <EventID>22</EventID>
    <Version>5</Version>
    <Level>4</Level>
    <Task>22</Task>
    <Opcode>0</Opcode>
    <Keywords>0x8000000000000000</Keywords>
    <TimeCreated SystemTime="2024-03-18T16:20:47.0043485Z"/>
    <EventRecordID>122103</EventRecordID>
    <Correlation/>
    <Execution ProcessID="2492" ThreadID="4724"/>
    <Channel>Microsoft-Windows-Sysmon/Operational</Channel>
    <Computer>WS-SMARTINEZ-01.meridianhcs.local</Computer>
    <Security UserID="S-1-5-18"/>
  </System>
  <EventData>
    
    <Data Name="RuleName">-</Data>
    <Data Name="UtcTime">2024-03-18 16:20:47.004</Data>
    <Data Name="ProcessGuid">{f613acc2-c34d-65e1-5002-000060985713}</Data>
    <Data Name="ProcessId">5984</Data>
    <Data Name="QueryName">DC-01.meridianhcs.local</Data>
    <Data Name="QueryStatus">0</Data>
    <Data Name="QueryResults">-</Data>
    <Data Name="Image">C:\Windows\System32\svchost.exe</Data>
    <Data Name="User">NT AUTHORITY\NETWORK SERVICE</Data>
    
  </EventData>
</Event>
<Event xmlns="http://schemas.microsoft.com/win/2004/08/events/event">
  <System>
    <Provider Name="Microsoft-Windows-Sysmon" Guid="{5770385f-c22a-43e0-bf4c-06f5698ffbd9}"/>
    <EventID>3</EventID>
    <Version>5</Version>
    <Level>4</Level>
    <Task>3</Task>
    <Opcode>0</Opcode>
    <Keywords>0x8000000000000000</Keywords>
    <TimeCreated SystemTime="2024-03-18T16:20:49.7078428Z"/>
    <EventRecordID>122104</EventRecordID>
    <Correlation/>
    <Execution ProcessID="2492" ThreadID="4724"/>
    <Channel>Microsoft-Windows-Sysmon/Operational</Channel>
    <Computer>WS-SMARTINEZ-01.meridianhcs.local</Computer>
    <Security UserID="S-1-5-18"/>
  </System>
  <EventData>
    
    <Data Name="RuleName">-</Data>
    <Data Name="UtcTime">2024-03-18 16:20:49.707</Data>
    <Data Name="ProcessGuid">{f613acc2-c34d-65e1-5002-000060985713}</Data>
    <Data Name="ProcessId">5984</Data>
    <Data Name="Image">C:\Windows\System32\svchost.exe</Data>
    <Data Name="User">NT AUTHORITY\NETWORK SERVICE</Data>
    <Data Name="Protocol">tcp</Data>
    <Data Name="Initiated">true</Data>
    <Data Name="SourceIsIpv6">false</Data>
    <Data Name="SourceIp">10.10.1.36</Data>
    <Data Name="SourceHostname">WS-SMARTINEZ-01.meridianhcs.local</Data>
    <Data Name="SourcePort">50412</Data>
    <Data Name="SourcePortName">-</Data>
    <Data Name="DestinationIsIpv6">false</Data>
    <Data Name="DestinationIp">10.10.2.10</Data>
    <Data Name="DestinationHostname">DC-01.meridianhcs.local</Data>
    <Data Name="DestinationPort">445</Data>
    <Data Name="DestinationPortName">microsoft-ds</Data>
    
  </EventData>
</Event>
<Event xmlns="http://schemas.microsoft.com/win/2004/08/events/event">
  <System>
    <Provider Name="Microsoft-Windows-Sysmon" Guid="{5770385f-c22a-43e0-bf4c-06f5698ffbd9}"/>
    <EventID>10</EventID>
    <Version>3</Version>
    <Level>4</Level>
    <Task>10</Task>
    <Opcode>0</Opcode>
    <Keywords>0x8000000000000000</Keywords>
    <TimeCreated SystemTime="2024-03-18T16:21:43.3937712Z"/>
    <EventRecordID>122105</EventRecordID>
    <Correlation/>
    <Execution ProcessID="2492" ThreadID="3468"/>
    <Channel>Microsoft-Windows-Sysmon/Operational</Channel>
    <Computer>WS-SMARTINEZ-01.meridianhcs.local</Computer>
    <Security UserID="S-1-5-18"/>
  </System>
  <EventData>
    
    <Data Name="RuleName">-</Data>
    <Data Name="UtcTime">2024-03-18 16:21:43.393</Data>
    <Data Name="SourceProcessGUID">{f613acc2-c356-65e1-8402-001036b6b32e}</Data>
    <Data Name="SourceProcessId">6100</Data>
    <Data Name="SourceThreadId">21700</Data>
    <Data Name="SourceImage">C:\ProgramData\Microsoft\Windows Defender\Platform\4.18.2301.6-0\MsMpEng.exe</Data>
    <Data Name="TargetProcessGUID">{f613acc2-c348-65e1-2800-00007f48eab2}</Data>
    <Data Name="TargetProcessId">5928</Data>
    <Data Name="TargetImage">C:\Windows\System32\lsass.exe</Data>
    <Data Name="GrantedAccess">0x1010</Data>
    <Data Name="CallTrace">C:\Windows\SYSTEM32\ntdll.dll+9D5CC|C:\Windows\SYSTEM32\KERNELBASE.dll+2C265|C:\Windows\SYSTEM32\advapi32.dll+4B679</Data>
    <Data Name="SourceUser">NT AUTHORITY\SYSTEM</Data>
    <Data Name="TargetUser">NT AUTHORITY\SYSTEM</Data>
    
  </EventData>
</Event>
<Event xmlns="http://schemas.microsoft.com/win/2004/08/events/event">
  <System>
    <Provider Name="Microsoft-Windows-Sysmon" Guid="{5770385f-c22a-43e0-bf4c-06f5698ffbd9}"/>
    <EventID>3</EventID>
    <Version>5</Version>
    <Level>4</Level>
    <Task>3</Task>
    <Opcode>0</Opcode>
    <Keywords>0x8000000000000000</Keywords>
    <TimeCreated SystemTime="2024-03-18T16:22:29.0617947Z"/>
    <EventRecordID>122106</EventRecordID>
    <Correlation/>
    <Execution ProcessID="2492" ThreadID="3476"/>
    <Channel>Microsoft-Windows-Sysmon/Operational</Channel>
    <Computer>WS-SMARTINEZ-01.meridianhcs.local</Computer>
    <Security UserID="S-1-5-18"/>
  </System>
  <EventData>
    
    <Data Name="RuleName">-</Data>
    <Data Name="UtcTime">2024-03-18 16:22:29.061</Data>
    <Data Name="ProcessGuid">{f613acc2-c348-65e1-2800-00007f48eab2}</Data>
    <Data Name="ProcessId">5928</Data>
    <Data Name="Image">C:\Windows\System32\lsass.exe</Data>
    <Data Name="User">NT AUTHORITY\SYSTEM</Data>
    <Data Name="Protocol">udp</Data>
    <Data Name="Initiated">true</Data>
    <Data Name="SourceIsIpv6">false</Data>
    <Data Name="SourceIp">10.10.1.36</Data>
    <Data Name="SourceHostname">WS-SMARTINEZ-01.meridianhcs.local</Data>
    <Data Name="SourcePort">63170</Data>
    <Data Name="SourcePortName">-</Data>
    <Data Name="DestinationIsIpv6">false</Data>
    <Data Name="DestinationIp">10.10.2.10</Data>
    <Data Name="DestinationHostname">DC-01.meridianhcs.local</Data>
    <Data Name="DestinationPort">88</Data>
    <Data Name="DestinationPortName">kerberos</Data>
    
  </EventData>
</Event>
<Event xmlns="http://schemas.microsoft.com/win/2004/08/events/event">
  <System>
    <Provider Name="Microsoft-Windows-Sysmon" Guid="{5770385f-c22a-43e0-bf4c-06f5698ffbd9}"/>
    <EventID>10</EventID>
    <Version>3</Version>
    <Level>4</Level>
    <Task>10</Task>
    <Opcode>0</Opcode>
    <Keywords>0x8000000000000000</Keywords>
    <TimeCreated SystemTime="2024-03-18T16:24:23.1893693Z"/>
    <EventRecordID>122113</EventRecordID>
    <Correlation/>
    <Execution ProcessID="2492" ThreadID="3468"/>
    <Channel>Microsoft-Windows-Sysmon/Operational</Channel>
    <Computer>WS-SMARTINEZ-01.meridianhcs.local</Computer>
    <Security UserID="S-1-5-18"/>
  </System>
  <EventData>
    
    <Data Name="RuleName">-</Data>
    <Data Name="UtcTime">2024-03-18 16:24:23.189</Data>
    <Data Name="SourceProcessGUID">{f613acc2-c348-65e1-4e00-00008e16ee6f}</Data>
    <Data Name="SourceProcessId">5908</Data>
    <Data Name="SourceThreadId">21264</Data>
    <Data Name="SourceImage">C:\Windows\System32\services.exe</Data>
    <Data Name="TargetProcessGUID">{f613acc2-c34d-65e1-5002-000060985713}</Data>
    <Data Name="TargetProcessId">5984</Data>
    <Data Name="TargetImage">C:\Windows\System32\svchost.exe</Data>
    <Data Name="GrantedAccess">0x1400</Data>
    <Data Name="CallTrace">C:\Windows\SYSTEM32\ntdll.dll+9E1A4|C:\Windows\SYSTEM32\KERNELBASE.dll+2DB1E|C:\Windows\SYSTEM32\sechost.dll+1482E</Data>
    <Data Name="SourceUser">NT AUTHORITY\SYSTEM</Data>
    <Data Name="TargetUser">NT AUTHORITY\NETWORK SERVICE</Data>
    
  </EventData>
</Event>
<Event xmlns="http://schemas.microsoft.com/win/2004/08/events/event">
  <System>
    <Provider Name="Microsoft-Windows-Sysmon" Guid="{5770385f-c22a-43e0-bf4c-06f5698ffbd9}"/>
    <EventID>22</EventID>
    <Version>5</Version>
    <Level>4</Level>
    <Task>22</Task>
    <Opcode>0</Opcode>
    <Keywords>0x8000000000000000</Keywords>
    <TimeCreated SystemTime="2024-03-18T16:25:02.6802725Z"/>
    <EventRecordID>122117</EventRecordID>
    <Correlation/>
    <Execution ProcessID="2492" ThreadID="3468"/>
    <Channel>Microsoft-Windows-Sysmon/Operational</Channel>
    <Computer>WS-SMARTINEZ-01.meridianhcs.local</Computer>
    <Security UserID="S-1-5-18"/>
  </System>
  <EventData>
    
    <Data Name="RuleName">-</Data>
    <Data Name="UtcTime">2024-03-18 16:25:02.680</Data>
    <Data Name="ProcessGuid">{f613acc2-c34e-65e1-8b00-0000eb2d9206}</Data>
    <Data Name="ProcessId">5988</Data>
    <Data Name="QueryName">DC-01.meridianhcs.local</Data>
    <Data Name="QueryStatus">0</Data>
    <Data Name="QueryResults">10.10.2.10;</Data>
    <Data Name="Image">C:\Windows\System32\svchost.exe</Data>
    <Data Name="User">NT AUTHORITY\LOCAL SERVICE</Data>
    
  </EventData>
</Event>
<Event xmlns="http://schemas.microsoft.com/win/2004/08/events/event">
  <System>
    <Provider Name="Microsoft-Windows-Sysmon" Guid="{5770385f-c22a-43e0-bf4c-06f5698ffbd9}"/>
    <EventID>13</EventID>
    <Version>2</Version>
    <Level>4</Level>
    <Task>13</Task>
    <Opcode>0</Opcode>
    <Keywords>0x8000000000000000</Keywords>
    <TimeCreated SystemTime="2024-03-18T16:26:01.8170925Z"/>
    <EventRecordID>122120</EventRecordID>
    <Correlation/>
    <Execution ProcessID="2492" ThreadID="4724"/>
    <Channel>Microsoft-Windows-Sysmon/Operational</Channel>
    <Computer>WS-SMARTINEZ-01.meridianhcs.local</Computer>
    <Security UserID="S-1-5-18"/>
  </System>
  <EventData>
    
    <Data Name="RuleName">-</Data>
    <Data Name="EventType">SetValue</Data>
    <Data Name="UtcTime">2024-03-18 16:26:01.817</Data>
    <Data Name="ProcessGuid">{f613acc2-c367-65e1-c600-00005c9b5f7c}</Data>
    <Data Name="ProcessId">6268</Data>
    <Data Name="Image">C:\Windows\explorer.exe</Data>
    <Data Name="TargetObject">HKU\S-1-5-21-1537687973-2974994828-3875246326-1008\Software\Microsoft\Windows\CurrentVersion\Explorer\UserAssist\{CEBFF5CD-ACE2-4F4F-9178-9926F41749EA}\Count\HRZR_EHACNGU:P:\Jvaqbjf\Flfgrz32\zfgfp.rkr</Data>
    <Data Name="Details">A4 4D 7E 5E 72 7A 60 83 E0 C3 1E 91 FD 98 DD 01 7E F0 38 0B D0 26 12 97 EB 16 4D 29 55 CD CF 45</Data>
    <Data Name="User">MERIDIANHCS\sophia.martinez</Data>
    
  </EventData>
</Event>
<Event xmlns="http://schemas.microsoft.com/win/2004/08/events/event">
  <System>
    <Provider Name="Microsoft-Windows-Sysmon" Guid="{5770385f-c22a-43e0-bf4c-06f5698ffbd9}"/>
    <EventID>5</EventID>
    <Version>3</Version>
    <Level>4</Level>
    <Task>5</Task>
    <Opcode>0</Opcode>
    <Keywords>0x8000000000000000</Keywords>
    <TimeCreated SystemTime="2024-03-18T16:26:57.9431233Z"/>
    <EventRecordID>122124</EventRecordID>
    <Correlation/>
    <Execution ProcessID="2492" ThreadID="3468"/>
    <Channel>Microsoft-Windows-Sysmon/Operational</Channel>
    <Computer>WS-SMARTINEZ-01.meridianhcs.local</Computer>
    <Security UserID="S-1-5-18"/>
  </System>
  <EventData>
    
    <Data Name="RuleName">-</Data>
    <Data Name="UtcTime">2024-03-18 16:26:57.943</Data>
    <Data Name="ProcessGuid">{f613acc2-54bf-65f8-8b00-00104d50c797}</Data>
    <Data Name="ProcessId">7236</Data>
    <Data Name="Image">C:\Program Files (x86)\Dropbox\Client\Dropbox.exe</Data>
    <Data Name="User">MERIDIANHCS\evelyn.brooks</Data>
    
  </EventData>
</Event>
<Event xmlns="http://schemas.microsoft.com/win/2004/08/events/event">
  <System>
    <Provider Name="Microsoft-Windows-Sysmon" Guid="{5770385f-c22a-43e0-bf4c-06f5698ffbd9}"/>
    <EventID>10</EventID>
    <Version>3</Version>
    <Level>4</Level>
    <Task>10</Task>
    <Opcode>0</Opcode>
    <Keywords>0x8000000000000000</Keywords>
    <TimeCreated SystemTime="2024-03-18T16:28:58.5038962Z"/>
    <EventRecordID>122131</EventRecordID>
    <Correlation/>
    <Execution ProcessID="2492" ThreadID="3468"/>
    <Channel>Microsoft-Windows-Sysmon/Operational</Channel>
    <Computer>WS-SMARTINEZ-01.meridianhcs.local</Computer>
    <Security UserID="S-1-5-18"/>
  </System>
  <EventData>
    
    <Data Name="RuleName">-</Data>
    <Data Name="UtcTime">2024-03-18 16:28:58.503</Data>
    <Data Name="SourceProcessGUID">{f613acc2-c362-65e1-6800-0000615e60c3}</Data>
    <Data Name="SourceProcessId">6216</Data>
    <Data Name="SourceThreadId">21896</Data>
    <Data Name="SourceImage">C:\Windows\System32\msiexec.exe</Data>
    <Data Name="TargetProcessGUID">{f613acc2-c348-65e1-4e00-00008e16ee6f}</Data>
    <Data Name="TargetProcessId">5908</Data>
    <Data Name="TargetImage">C:\Windows\System32\services.exe</Data>
    <Data Name="GrantedAccess">0x1400</Data>
    <Data Name="CallTrace">C:\Windows\SYSTEM32\ntdll.dll+9C200|C:\Windows\SYSTEM32\KERNELBASE.dll+2C3ED|C:\Windows\SYSTEM32\combase.dll+29A0F</Data>
    <Data Name="SourceUser">NT AUTHORITY\SYSTEM</Data>
    <Data Name="TargetUser">NT AUTHORITY\SYSTEM</Data>
    
  </EventData>
</Event>
<Event xmlns="http://schemas.microsoft.com/win/2004/08/events/event">
  <System>
    <Provider Name="Microsoft-Windows-Sysmon" Guid="{5770385f-c22a-43e0-bf4c-06f5698ffbd9}"/>
    <EventID>1</EventID>
    <Version>5</Version>
    <Level>4</Level>
    <Task>1</Task>
    <Opcode>0</Opcode>
    <Keywords>0x8000000000000000</Keywords>
    <TimeCreated SystemTime="2024-03-18T16:30:09.3069355Z"/>
    <EventRecordID>122136</EventRecordID>
    <Correlation/>
    <Execution ProcessID="2492" ThreadID="3468"/>
    <Channel>Microsoft-Windows-Sysmon/Operational</Channel>
    <Computer>WS-SMARTINEZ-01.meridianhcs.local</Computer>
    <Security UserID="S-1-5-18"/>
  </System>
  <EventData>
    
    <Data Name="RuleName">-</Data>
    <Data Name="UtcTime">2024-03-18 16:30:09.306</Data>
    <Data Name="ProcessGuid">{f613acc2-6c11-65f8-2900-0000ccd5a50e}</Data>
    <Data Name="ProcessId">7732</Data>
    <Data Name="Image">C:\Program Files (x86)\Google\Update\GoogleUpdater.exe</Data>
    <Data Name="FileVersion">-</Data>
    <Data Name="Description">-</Data>
    <Data Name="Product">-</Data>
    <Data Name="Company">-</Data>
    <Data Name="OriginalFileName">-</Data>
    <Data Name="CommandLine">GoogleUpdater.exe -Embedding</Data>
    <Data Name="CurrentDirectory">C:\Windows\System32\</Data>
    <Data Name="User">NT AUTHORITY\SYSTEM</Data>
    <Data Name="LogonGuid">{00000000-0000-0000-0000-000000000000}</Data>
    <Data Name="LogonId">0x3e7</Data>
    <Data Name="TerminalSessionId">0</Data>
    <Data Name="IntegrityLevel">System</Data>
    <Data Name="Hashes">SHA1=24AF88C7C0D70B182A7348C2DAF4F251A90A132E,MD5=2513FBBCCCB4592862E55F73BAAF7A59,SHA256=F616F8B514853E182CDEEC6D1CE4D81C08452FD3172CA216FA75E894DFF25663,IMPHASH=AAD04978F326086CD7E71FF70766AFC0</Data>
    <Data Name="ParentProcessGuid">{f613acc2-c348-65e1-4e00-00008e16ee6f}</Data>
    <Data Name="ParentProcessId">5908</Data>
    <Data Name="ParentImage">C:\Windows\System32\services.exe</Data>
    <Data Name="ParentCommandLine">services.exe</Data>
    <Data Name="ParentUser">NT AUTHORITY\SYSTEM</Data>
    
  </EventData>
</Event>
<Event xmlns="http://schemas.microsoft.com/win/2004/08/events/event">
  <System>
    <Provider Name="Microsoft-Windows-Sysmon" Guid="{5770385f-c22a-43e0-bf4c-06f5698ffbd9}"/>
    <EventID>13</EventID>
    <Version>2</Version>
    <Level>4</Level>
    <Task>13</Task>
    <Opcode>0</Opcode>
    <Keywords>0x8000000000000000</Keywords>
    <TimeCreated SystemTime="2024-03-18T16:31:06.4927539Z"/>
    <EventRecordID>122138</EventRecordID>
    <Correlation/>
    <Execution ProcessID="2492" ThreadID="4724"/>
    <Channel>Microsoft-Windows-Sysmon/Operational</Channel>
    <Computer>WS-SMARTINEZ-01.meridianhcs.local</Computer>
    <Security UserID="S-1-5-18"/>
  </System>
  <EventData>
    
    <Data Name="RuleName">-</Data>
    <Data Name="EventType">SetValue</Data>
    <Data Name="UtcTime">2024-03-18 16:31:06.492</Data>
    <Data Name="ProcessGuid">{f613acc2-c35c-65e1-9d02-0010d5bfc00d}</Data>
    <Data Name="ProcessId">6148</Data>
    <Data Name="Image">C:\Windows\System32\dllhost.exe</Data>
    <Data Name="TargetObject">HKLM\SOFTWARE\Microsoft\Windows\CurrentVersion\WINEVT\Channels\Microsoft-Windows-Sysmon/Operational\Enabled</Data>
    <Data Name="Details">DWORD (0x00000001)</Data>
    <Data Name="User">NT AUTHORITY\SYSTEM</Data>
    
  </EventData>
</Event>
<Event xmlns="http://schemas.microsoft.com/win/2004/08/events/event">
  <System>
    <Provider Name="Microsoft-Windows-Sysmon" Guid="{5770385f-c22a-43e0-bf4c-06f5698ffbd9}"/>
    <EventID>5</EventID>
    <Version>3</Version>
    <Level>4</Level>
    <Task>5</Task>
    <Opcode>0</Opcode>
    <Keywords>0x8000000000000000</Keywords>
    <TimeCreated SystemTime="2024-03-18T16:32:28.6183368Z"/>
    <EventRecordID>122143</EventRecordID>
    <Correlation/>
    <Execution ProcessID="2492" ThreadID="3476"/>
    <Channel>Microsoft-Windows-Sysmon/Operational</Channel>
    <Computer>WS-SMARTINEZ-01.meridianhcs.local</Computer>
    <Security UserID="S-1-5-18"/>
  </System>
  <EventData>
    
    <Data Name="RuleName">-</Data>
    <Data Name="UtcTime">2024-03-18 16:32:28.618</Data>
    <Data Name="ProcessGuid">{f613acc2-694c-65f8-3a02-0010d0045b67}</Data>
    <Data Name="ProcessId">7760</Data>
    <Data Name="Image">C:\Windows\System32\SearchFilterHost.exe</Data>
    <Data Name="User">NT AUTHORITY\SYSTEM</Data>
    
  </EventData>
</Event>
<Event xmlns="http://schemas.microsoft.com/win/2004/08/events/event">
  <System>
    <Provider Name="Microsoft-Windows-Sysmon" Guid="{5770385f-c22a-43e0-bf4c-06f5698ffbd9}"/>
    <EventID>1</EventID>
    <Version>5</Version>
    <Level>4</Level>
    <Task>1</Task>
    <Opcode>0</Opcode>
    <Keywords>0x8000000000000000</Keywords>
    <TimeCreated SystemTime="2024-03-18T16:34:18.2325927Z"/>
    <EventRecordID>122147</EventRecordID>
    <Correlation/>
    <Execution ProcessID="2492" ThreadID="4724"/>
    <Channel>Microsoft-Windows-Sysmon/Operational</Channel>
    <Computer>WS-SMARTINEZ-01.meridianhcs.local</Computer>
    <Security UserID="S-1-5-18"/>
  </System>
  <EventData>
    
    <Data Name="RuleName">-</Data>
    <Data Name="UtcTime">2024-03-18 16:34:18.232</Data>
    <Data Name="ProcessGuid">{f613acc2-6d0a-65f8-ef02-0000e7043b7a}</Data>
    <Data Name="ProcessId">7892</Data>
    <Data Name="Image">C:\Windows\System32\svchost.exe</Data>
    <Data Name="FileVersion">10.0.19041.1</Data>
    <Data Name="Description">Host Process for Windows Services</Data>
    <Data Name="Product">Microsoft Windows Operating System</Data>
    <Data Name="Company">Microsoft Corporation</Data>
    <Data Name="OriginalFileName">svchost.exe</Data>
    <Data Name="CommandLine">svchost.exe -k netsvcs -p -s BITS</Data>
    <Data Name="CurrentDirectory">C:\Windows\System32\</Data>
    <Data Name="User">NT AUTHORITY\SYSTEM</Data>
    <Data Name="LogonGuid">{00000000-0000-0000-0000-000000000000}</Data>
    <Data Name="LogonId">0x3e7</Data>
    <Data Name="TerminalSessionId">0</Data>
    <Data Name="IntegrityLevel">System</Data>
    <Data Name="Hashes">SHA1=2AB96130C53285DF8A4180B1C58116F2D8A102F7,MD5=EE761712D9C5CD46ED32A3031A8DF21B,SHA256=03812016E9E40AF9E48B967D50612484DB904E2FFA8A285BA3E5EB3949D4332C,IMPHASH=E99A33F545C49936BFCAC79E2469E461</Data>
    <Data Name="ParentProcessGuid">{f613acc2-c348-65e1-4e00-00008e16ee6f}</Data>
    <Data Name="ParentProcessId">5908</Data>
    <Data Name="ParentImage">C:\Windows\System32\services.exe</Data>
    <Data Name="ParentCommandLine">services.exe</Data>
    <Data Name="ParentUser">NT AUTHORITY\SYSTEM</Data>
    
  </EventData>
</Event>
<Event xmlns="http://schemas.microsoft.com/win/2004/08/events/event">
  <System>
    <Provider Name="Microsoft-Windows-Sysmon" Guid="{5770385f-c22a-43e0-bf4c-06f5698ffbd9}"/>
    <EventID>13</EventID>
    <Version>2</Version>
    <Level>4</Level>
    <Task>13</Task>
    <Opcode>0</Opcode>
    <Keywords>0x8000000000000000</Keywords>
    <TimeCreated SystemTime="2024-03-18T16:36:45.5250052Z"/>
    <EventRecordID>122152</EventRecordID>
    <Correlation/>
    <Execution ProcessID="2492" ThreadID="4724"/>
    <Channel>Microsoft-Windows-Sysmon/Operational</Channel>
    <Computer>WS-SMARTINEZ-01.meridianhcs.local</Computer>
    <Security UserID="S-1-5-18"/>
  </System>
  <EventData>
    
    <Data Name="RuleName">-</Data>
    <Data Name="EventType">SetValue</Data>
    <Data Name="UtcTime">2024-03-18 16:36:45.525</Data>
    <Data Name="ProcessGuid">{f613acc2-c367-65e1-c600-00005c9b5f7c}</Data>
    <Data Name="ProcessId">6268</Data>
    <Data Name="Image">C:\Windows\explorer.exe</Data>
    <Data Name="TargetObject">HKU\S-1-5-21-1537687973-2974994828-3875246326-1008\Software\Microsoft\Office\16.0\Word\Reading Locations\Document 79\Datetime</Data>
    <Data Name="Details">2024-03-18T13:50:08</Data>
    <Data Name="User">MERIDIANHCS\sophia.martinez</Data>
    
  </EventData>
</Event>
<Event xmlns="http://schemas.microsoft.com/win/2004/08/events/event">
  <System>
    <Provider Name="Microsoft-Windows-Sysmon" Guid="{5770385f-c22a-43e0-bf4c-06f5698ffbd9}"/>
    <EventID>3</EventID>
    <Version>5</Version>
    <Level>4</Level>
    <Task>3</Task>
    <Opcode>0</Opcode>
    <Keywords>0x8000000000000000</Keywords>
    <TimeCreated SystemTime="2024-03-18T16:37:03.5004600Z"/>
    <EventRecordID>122154</EventRecordID>
    <Correlation/>
    <Execution ProcessID="2492" ThreadID="3468"/>
    <Channel>Microsoft-Windows-Sysmon/Operational</Channel>
    <Computer>WS-SMARTINEZ-01.meridianhcs.local</Computer>
    <Security UserID="S-1-5-18"/>
  </System>
  <EventData>
    
    <Data Name="RuleName">-</Data>
    <Data Name="UtcTime">2024-03-18 16:37:03.500</Data>
    <Data Name="ProcessGuid">{f613acc2-3c01-65f8-2300-0010763c254d}</Data>
    <Data Name="ProcessId">6792</Data>
    <Data Name="Image">C:\Program Files\Google\Chrome\Application\chrome.exe</Data>
    <Data Name="User">MERIDIANHCS\sophia.martinez</Data>
    <Data Name="Protocol">tcp</Data>
    <Data Name="Initiated">true</Data>
    <Data Name="SourceIsIpv6">false</Data>
    <Data Name="SourceIp">10.10.1.36</Data>
    <Data Name="SourceHostname">WS-SMARTINEZ-01.meridianhcs.local</Data>
    <Data Name="SourcePort">63615</Data>
    <Data Name="SourcePortName">-</Data>
    <Data Name="DestinationIsIpv6">false</Data>
    <Data Name="DestinationIp">10.10.3.20</Data>
    <Data Name="DestinationHostname">PROXY-01.meridianhcs.local</Data>
    <Data Name="DestinationPort">8080</Data>
    <Data Name="DestinationPortName">http-alt</Data>
    
  </EventData>
</Event>
<Event xmlns="http://schemas.microsoft.com/win/2004/08/events/event">
  <System>
    <Provider Name="Microsoft-Windows-Sysmon" Guid="{5770385f-c22a-43e0-bf4c-06f5698ffbd9}"/>
    <EventID>22</EventID>
    <Version>5</Version>
    <Level>4</Level>
    <Task>22</Task>
    <Opcode>0</Opcode>
    <Keywords>0x8000000000000000</Keywords>
    <TimeCreated SystemTime="2024-03-18T16:37:18.4208561Z"/>
    <EventRecordID>122155</EventRecordID>
    <Correlation/>
    <Execution ProcessID="2492" ThreadID="3468"/>
    <Channel>Microsoft-Windows-Sysmon/Operational</Channel>
    <Computer>WS-SMARTINEZ-01.meridianhcs.local</Computer>
    <Security UserID="S-1-5-18"/>
  </System>
  <EventData>
    
    <Data Name="RuleName">-</Data>
    <Data Name="UtcTime">2024-03-18 16:37:18.420</Data>
    <Data Name="ProcessGuid">{f613acc2-c34e-65e1-8b00-0000eb2d9206}</Data>
    <Data Name="ProcessId">5988</Data>
    <Data Name="QueryName">DC-01.meridianhcs.local</Data>
    <Data Name="QueryStatus">0</Data>
    <Data Name="QueryResults">10.10.2.10;</Data>
    <Data Name="Image">C:\Windows\System32\svchost.exe</Data>
    <Data Name="User">NT AUTHORITY\LOCAL SERVICE</Data>
    
  </EventData>
</Event>
<Event xmlns="http://schemas.microsoft.com/win/2004/08/events/event">
  <System>
    <Provider Name="Microsoft-Windows-Sysmon" Guid="{5770385f-c22a-43e0-bf4c-06f5698ffbd9}"/>
    <EventID>3</EventID>
    <Version>5</Version>
    <Level>4</Level>
    <Task>3</Task>
    <Opcode>0</Opcode>
    <Keywords>0x8000000000000000</Keywords>
    <TimeCreated SystemTime="2024-03-18T16:37:45.6449332Z"/>
    <EventRecordID>122160</EventRecordID>
    <Correlation/>
    <Execution ProcessID="2492" ThreadID="3476"/>
    <Channel>Microsoft-Windows-Sysmon/Operational</Channel>
    <Computer>WS-SMARTINEZ-01.meridianhcs.local</Computer>
    <Security UserID="S-1-5-18"/>
  </System>
  <EventData>
    
    <Data Name="RuleName">-</Data>
    <Data Name="UtcTime">2024-03-18 16:37:45.644</Data>
    <Data Name="ProcessGuid">{f613acc2-c348-65e1-2800-00007f48eab2}</Data>
    <Data Name="ProcessId">5928</Data>
    <Data Name="Image">C:\Windows\System32\lsass.exe</Data>
    <Data Name="User">NT AUTHORITY\SYSTEM</Data>
    <Data Name="Protocol">udp</Data>
    <Data Name="Initiated">true</Data>
    <Data Name="SourceIsIpv6">false</Data>
    <Data Name="SourceIp">10.10.1.36</Data>
    <Data Name="SourceHostname">WS-SMARTINEZ-01.meridianhcs.local</Data>
    <Data Name="SourcePort">57536</Data>
    <Data Name="SourcePortName">-</Data>
    <Data Name="DestinationIsIpv6">false</Data>
    <Data Name="DestinationIp">10.10.2.10</Data>
    <Data Name="DestinationHostname">DC-01.meridianhcs.local</Data>
    <Data Name="DestinationPort">88</Data>
    <Data Name="DestinationPortName">kerberos</Data>
    
  </EventData>
</Event>
<Event xmlns="http://schemas.microsoft.com/win/2004/08/events/event">
  <System>
    <Provider Name="Microsoft-Windows-Sysmon" Guid="{5770385f-c22a-43e0-bf4c-06f5698ffbd9}"/>
    <EventID>22</EventID>
    <Version>5</Version>
    <Level>4</Level>
    <Task>22</Task>
    <Opcode>0</Opcode>
    <Keywords>0x8000000000000000</Keywords>
    <TimeCreated SystemTime="2024-03-18T16:37:51.3894073Z"/>
    <EventRecordID>122162</EventRecordID>
    <Correlation/>
    <Execution ProcessID="2492" ThreadID="4724"/>
    <Channel>Microsoft-Windows-Sysmon/Operational</Channel>
    <Computer>WS-SMARTINEZ-01.meridianhcs.local</Computer>
    <Security UserID="S-1-5-18"/>
  </System>
  <EventData>
    
    <Data Name="RuleName">-</Data>
    <Data Name="UtcTime">2024-03-18 16:37:51.389</Data>
    <Data Name="ProcessGuid">{f613acc2-c34d-65e1-5002-000060985713}</Data>
    <Data Name="ProcessId">5984</Data>
    <Data Name="QueryName">FILE-SRV-01.meridianhcs.local</Data>
    <Data Name="QueryStatus">0</Data>
    <Data Name="QueryResults">10.10.2.20;</Data>
    <Data Name="Image">C:\Windows\System32\svchost.exe</Data>
    <Data Name="User">NT AUTHORITY\NETWORK SERVICE</Data>
    
  </EventData>
</Event>
<Event xmlns="http://schemas.microsoft.com/win/2004/08/events/event">
  <System>
    <Provider Name="Microsoft-Windows-Sysmon" Guid="{5770385f-c22a-43e0-bf4c-06f5698ffbd9}"/>
    <EventID>3</EventID>
    <Version>5</Version>
    <Level>4</Level>
    <Task>3</Task>
    <Opcode>0</Opcode>
    <Keywords>0x8000000000000000</Keywords>
    <TimeCreated SystemTime="2024-03-18T16:37:59.7006789Z"/>
    <EventRecordID>122164</EventRecordID>
    <Correlation/>
    <Execution ProcessID="2492" ThreadID="4724"/>
    <Channel>Microsoft-Windows-Sysmon/Operational</Channel>
    <Computer>WS-SMARTINEZ-01.meridianhcs.local</Computer>
    <Security UserID="S-1-5-18"/>
  </System>
  <EventData>
    
    <Data Name="RuleName">-</Data>
    <Data Name="UtcTime">2024-03-18 16:37:59.700</Data>
    <Data Name="ProcessGuid">{f613acc2-3c01-65f8-2300-0010763c254d}</Data>
    <Data Name="ProcessId">6792</Data>
    <Data Name="Image">C:\Program Files\Google\Chrome\Application\chrome.exe</Data>
    <Data Name="User">MERIDIANHCS\sophia.martinez</Data>
    <Data Name="Protocol">tcp</Data>
    <Data Name="Initiated">true</Data>
    <Data Name="SourceIsIpv6">false</Data>
    <Data Name="SourceIp">10.10.1.36</Data>
    <Data Name="SourceHostname">WS-SMARTINEZ-01.meridianhcs.local</Data>
    <Data Name="SourcePort">52986</Data>
    <Data Name="SourcePortName">-</Data>
    <Data Name="DestinationIsIpv6">false</Data>
    <Data Name="DestinationIp">10.10.3.20</Data>
    <Data Name="DestinationHostname">PROXY-01.meridianhcs.local</Data>
    <Data Name="DestinationPort">8080</Data>
    <Data Name="DestinationPortName">http-alt</Data>
    
  </EventData>
</Event>
<Event xmlns="http://schemas.microsoft.com/win/2004/08/events/event">
  <System>
    <Provider Name="Microsoft-Windows-Sysmon" Guid="{5770385f-c22a-43e0-bf4c-06f5698ffbd9}"/>
    <EventID>3</EventID>
    <Version>5</Version>
    <Level>4</Level>
    <Task>3</Task>
    <Opcode>0</Opcode>
    <Keywords>0x8000000000000000</Keywords>
    <TimeCreated SystemTime="2024-03-18T16:39:25.1494552Z"/>
    <EventRecordID>122169</EventRecordID>
    <Correlation/>
    <Execution ProcessID="2492" ThreadID="4724"/>
    <Channel>Microsoft-Windows-Sysmon/Operational</Channel>
    <Computer>WS-SMARTINEZ-01.meridianhcs.local</Computer>
    <Security UserID="S-1-5-18"/>
  </System>
  <EventData>
    
    <Data Name="RuleName">-</Data>
    <Data Name="UtcTime">2024-03-18 16:39:25.149</Data>
    <Data Name="ProcessGuid">{f613acc2-3c01-65f8-2300-0010763c254d}</Data>
    <Data Name="ProcessId">6792</Data>
    <Data Name="Image">C:\Program Files\Google\Chrome\Application\chrome.exe</Data>
    <Data Name="User">MERIDIANHCS\sophia.martinez</Data>
    <Data Name="Protocol">tcp</Data>
    <Data Name="Initiated">true</Data>
    <Data Name="SourceIsIpv6">false</Data>
    <Data Name="SourceIp">10.10.1.36</Data>
    <Data Name="SourceHostname">WS-SMARTINEZ-01.meridianhcs.local</Data>
    <Data Name="SourcePort">55892</Data>
    <Data Name="SourcePortName">-</Data>
    <Data Name="DestinationIsIpv6">false</Data>
    <Data Name="DestinationIp">10.10.3.20</Data>
    <Data Name="DestinationHostname">PROXY-01.meridianhcs.local</Data>
    <Data Name="DestinationPort">8080</Data>
    <Data Name="DestinationPortName">http-alt</Data>
    
  </EventData>
</Event>
<Event xmlns="http://schemas.microsoft.com/win/2004/08/events/event">
  <System>
    <Provider Name="Microsoft-Windows-Sysmon" Guid="{5770385f-c22a-43e0-bf4c-06f5698ffbd9}"/>
    <EventID>3</EventID>
    <Version>5</Version>
    <Level>4</Level>
    <Task>3</Task>
    <Opcode>0</Opcode>
    <Keywords>0x8000000000000000</Keywords>
    <TimeCreated SystemTime="2024-03-18T16:39:28.1934255Z"/>
    <EventRecordID>122170</EventRecordID>
    <Correlation/>
    <Execution ProcessID="2492" ThreadID="4724"/>
    <Channel>Microsoft-Windows-Sysmon/Operational</Channel>
    <Computer>WS-SMARTINEZ-01.meridianhcs.local</Computer>
    <Security UserID="S-1-5-18"/>
  </System>
  <EventData>
    
    <Data Name="RuleName">-</Data>
    <Data Name="UtcTime">2024-03-18 16:39:28.193</Data>
    <Data Name="ProcessGuid">{f613acc2-c348-65e1-2800-00007f48eab2}</Data>
    <Data Name="ProcessId">5928</Data>
    <Data Name="Image">C:\Windows\System32\lsass.exe</Data>
    <Data Name="User">NT AUTHORITY\SYSTEM</Data>
    <Data Name="Protocol">tcp</Data>
    <Data Name="Initiated">true</Data>
    <Data Name="SourceIsIpv6">false</Data>
    <Data Name="SourceIp">10.10.1.36</Data>
    <Data Name="SourceHostname">WS-SMARTINEZ-01.meridianhcs.local</Data>
    <Data Name="SourcePort">54159</Data>
    <Data Name="SourcePortName">-</Data>
    <Data Name="DestinationIsIpv6">false</Data>
    <Data Name="DestinationIp">10.10.2.10</Data>
    <Data Name="DestinationHostname">DC-01.meridianhcs.local</Data>
    <Data Name="DestinationPort">389</Data>
    <Data Name="DestinationPortName">ldap</Data>
    
  </EventData>
</Event>
<Event xmlns="http://schemas.microsoft.com/win/2004/08/events/event">
  <System>
    <Provider Name="Microsoft-Windows-Sysmon" Guid="{5770385f-c22a-43e0-bf4c-06f5698ffbd9}"/>
    <EventID>3</EventID>
    <Version>5</Version>
    <Level>4</Level>
    <Task>3</Task>
    <Opcode>0</Opcode>
    <Keywords>0x8000000000000000</Keywords>
    <TimeCreated SystemTime="2024-03-18T16:42:40.7916287Z"/>
    <EventRecordID>122182</EventRecordID>
    <Correlation/>
    <Execution ProcessID="2492" ThreadID="3468"/>
    <Channel>Microsoft-Windows-Sysmon/Operational</Channel>
    <Computer>WS-SMARTINEZ-01.meridianhcs.local</Computer>
    <Security UserID="S-1-5-18"/>
  </System>
  <EventData>
    
    <Data Name="RuleName">-</Data>
    <Data Name="UtcTime">2024-03-18 16:42:40.791</Data>
    <Data Name="ProcessGuid">{f613acc2-3c01-65f8-2300-0010763c254d}</Data>
    <Data Name="ProcessId">6792</Data>
    <Data Name="Image">C:\Program Files\Google\Chrome\Application\chrome.exe</Data>
    <Data Name="User">MERIDIANHCS\sophia.martinez</Data>
    <Data Name="Protocol">tcp</Data>
    <Data Name="Initiated">true</Data>
    <Data Name="SourceIsIpv6">false</Data>
    <Data Name="SourceIp">10.10.1.36</Data>
    <Data Name="SourceHostname">WS-SMARTINEZ-01.meridianhcs.local</Data>
    <Data Name="SourcePort">52577</Data>
    <Data Name="SourcePortName">-</Data>
    <Data Name="DestinationIsIpv6">false</Data>
    <Data Name="DestinationIp">10.10.3.20</Data>
    <Data Name="DestinationHostname">PROXY-01.meridianhcs.local</Data>
    <Data Name="DestinationPort">8080</Data>
    <Data Name="DestinationPortName">http-alt</Data>
    
  </EventData>
</Event>
<Event xmlns="http://schemas.microsoft.com/win/2004/08/events/event">
  <System>
    <Provider Name="Microsoft-Windows-Sysmon" Guid="{5770385f-c22a-43e0-bf4c-06f5698ffbd9}"/>
    <EventID>1</EventID>
    <Version>5</Version>
    <Level>4</Level>
    <Task>1</Task>
    <Opcode>0</Opcode>
    <Keywords>0x8000000000000000</Keywords>
    <TimeCreated SystemTime="2024-03-18T16:43:58.8494123Z"/>
    <EventRecordID>122188</EventRecordID>
    <Correlation/>
    <Execution ProcessID="2492" ThreadID="4724"/>
    <Channel>Microsoft-Windows-Sysmon/Operational</Channel>
    <Computer>WS-SMARTINEZ-01.meridianhcs.local</Computer>
    <Security UserID="S-1-5-18"/>
  </System>
  <EventData>
    
    <Data Name="RuleName">-</Data>
    <Data Name="UtcTime">2024-03-18 16:43:58.849</Data>
    <Data Name="ProcessGuid">{f613acc2-6f4e-65f8-7602-00105cfea7c4}</Data>
    <Data Name="ProcessId">7900</Data>
    <Data Name="Image">C:\Windows\System32\taskhostw.exe</Data>
    <Data Name="FileVersion">10.0.19041.1</Data>
    <Data Name="Description">Host Process for Windows Tasks</Data>
    <Data Name="Product">Microsoft Windows Operating System</Data>
    <Data Name="Company">Microsoft Corporation</Data>
    <Data Name="OriginalFileName">taskhostw.exe</Data>
    <Data Name="CommandLine">taskhostw.exe /Run</Data>
    <Data Name="CurrentDirectory">C:\Windows\System32\</Data>
    <Data Name="User">NT AUTHORITY\SYSTEM</Data>
    <Data Name="LogonGuid">{00000000-0000-0000-0000-000000000000}</Data>
    <Data Name="LogonId">0x3e7</Data>
    <Data Name="TerminalSessionId">0</Data>
    <Data Name="IntegrityLevel">System</Data>
    <Data Name="Hashes">SHA1=0D0798CA08A020352F83C46BC44F9ADDC991DE9F,MD5=EC0C1E99417725DC2ED68306AF16B723,SHA256=15AEDEDFBC2F424097ED0051B77FBD9A0870430D41EC38ED942AE27C1954959A,IMPHASH=E420767DCAA62092822D04994066BC36</Data>
    <Data Name="ParentProcessGuid">{f613acc2-c34a-65e1-5500-0000eed020e5}</Data>
    <Data Name="ParentProcessId">5976</Data>
    <Data Name="ParentImage">C:\Windows\System32\svchost.exe</Data>
    <Data Name="ParentCommandLine">svchost.exe -k LocalSystem</Data>
    <Data Name="ParentUser">NT AUTHORITY\SYSTEM</Data>
    
  </EventData>
</Event>
<Event xmlns="http://schemas.microsoft.com/win/2004/08/events/event">
  <System>
    <Provider Name="Microsoft-Windows-Sysmon" Guid="{5770385f-c22a-43e0-bf4c-06f5698ffbd9}"/>
    <EventID>13</EventID>
    <Version>2</Version>
    <Level>4</Level>
    <Task>13</Task>
    <Opcode>0</Opcode>
    <Keywords>0x8000000000000000</Keywords>
    <TimeCreated SystemTime="2024-03-18T16:44:14.9661182Z"/>
    <EventRecordID>122191</EventRecordID>
    <Correlation/>
    <Execution ProcessID="2492" ThreadID="3476"/>
    <Channel>Microsoft-Windows-Sysmon/Operational</Channel>
    <Computer>WS-SMARTINEZ-01.meridianhcs.local</Computer>
    <Security UserID="S-1-5-18"/>
  </System>
  <EventData>
    
    <Data Name="RuleName">-</Data>
    <Data Name="EventType">SetValue</Data>
    <Data Name="UtcTime">2024-03-18 16:44:14.966</Data>
    <Data Name="ProcessGuid">{f613acc2-c368-65e1-6100-00100109f5e5}</Data>
    <Data Name="ProcessId">6284</Data>
    <Data Name="Image">C:\Windows\System32\RuntimeBroker.exe</Data>
    <Data Name="TargetObject">HKU\S-1-5-21-1537687973-2974994828-3875246326-1008\Software\Microsoft\Windows\CurrentVersion\Explorer\UserAssist\{CEBFF5CD-ACE2-4F4F-9178-9926F41749EA}\Count\HRZR_EHACNGU:P:\Cebtenz Svyrf\Zbmvyyn Sversbk\sversbk.rkr</Data>
    <Data Name="Details">56 D1 6E 7E E7 7A 79 F3 57 C6 43 FB 30 D2 4E 73 5B 82 2C 7E 05 E5 A2 68 D5 D4 26 3C 18 B3 55 A2 DC C6 22 65 CF 9F 14 63 73 07 1F 3E D5 02 DF 19</Data>
    <Data Name="User">MERIDIANHCS\sophia.martinez</Data>
    
  </EventData>
</Event>
<Event xmlns="http://schemas.microsoft.com/win/2004/08/events/event">
  <System>
    <Provider Name="Microsoft-Windows-Sysmon" Guid="{5770385f-c22a-43e0-bf4c-06f5698ffbd9}"/>
    <EventID>1</EventID>
    <Version>5</Version>
    <Level>4</Level>
    <Task>1</Task>
    <Opcode>0</Opcode>
    <Keywords>0x8000000000000000</Keywords>
    <TimeCreated SystemTime="2024-03-18T16:44:25.0095553Z"/>
    <EventRecordID>122192</EventRecordID>
    <Correlation/>
    <Execution ProcessID="2492" ThreadID="4724"/>
    <Channel>Microsoft-Windows-Sysmon/Operational</Channel>
    <Computer>WS-SMARTINEZ-01.meridianhcs.local</Computer>
    <Security UserID="S-1-5-18"/>
  </System>
  <EventData>
    
    <Data Name="RuleName">-</Data>
    <Data Name="UtcTime">2024-03-18 16:44:25.009</Data>
    <Data Name="ProcessGuid">{f613acc2-6f69-65f8-5102-0010759ede8d}</Data>
    <Data Name="ProcessId">7904</Data>
    <Data Name="Image">C:\Windows\System32\WindowsPowerShell\v1.0\powershell.exe</Data>
    <Data Name="FileVersion">10.0.19041.1</Data>
    <Data Name="Description">Windows PowerShell</Data>
    <Data Name="Product">Microsoft Windows Operating System</Data>
    <Data Name="Company">Microsoft Corporation</Data>
    <Data Name="OriginalFileName">PowerShell.EXE</Data>
    <Data Name="CommandLine">powershell.exe -NoProfile -ExecutionPolicy Bypass -File C:\Scripts\backup-check.ps1</Data>
    <Data Name="CurrentDirectory">C:\Windows\System32\</Data>
    <Data Name="User">NT AUTHORITY\SYSTEM</Data>
    <Data Name="LogonGuid">{00000000-0000-0000-0000-000000000000}</Data>
    <Data Name="LogonId">0x3e7</Data>
    <Data Name="TerminalSessionId">0</Data>
    <Data Name="IntegrityLevel">System</Data>
    <Data Name="Hashes">SHA1=AA5C0981E3C11BE782DEAAD56696E2F3E852E18B,MD5=4D33DC7E8B4834AA9E902021AC16637F,SHA256=875E2C2BE61EC1C151E409396E11BD6D9E58DBAF7466BD0190747B243D9E54A7,IMPHASH=2521D16C640A8A54697B19668CB35A35</Data>
    <Data Name="ParentProcessGuid">{f613acc2-c348-65e1-4e00-00008e16ee6f}</Data>
    <Data Name="ParentProcessId">5908</Data>
    <Data Name="ParentImage">C:\Windows\System32\services.exe</Data>
    <Data Name="ParentCommandLine">services.exe</Data>
    <Data Name="ParentUser">NT AUTHORITY\SYSTEM</Data>
    
  </EventData>
</Event>
<Event xmlns="http://schemas.microsoft.com/win/2004/08/events/event">
  <System>
    <Provider Name="Microsoft-Windows-Sysmon" Guid="{5770385f-c22a-43e0-bf4c-06f5698ffbd9}"/>
    <EventID>5</EventID>
    <Version>3</Version>
    <Level>4</Level>
    <Task>5</Task>
    <Opcode>0</Opcode>
    <Keywords>0x8000000000000000</Keywords>
    <TimeCreated SystemTime="2024-03-18T16:46:10.5544975Z"/>
    <EventRecordID>122198</EventRecordID>
    <Correlation/>
    <Execution ProcessID="2492" ThreadID="3468"/>
    <Channel>Microsoft-Windows-Sysmon/Operational</Channel>
    <Computer>WS-SMARTINEZ-01.meridianhcs.local</Computer>
    <Security UserID="S-1-5-18"/>
  </System>
  <EventData>
    
    <Data Name="RuleName">-</Data>
    <Data Name="UtcTime">2024-03-18 16:46:10.554</Data>
    <Data Name="ProcessGuid">{f613acc2-626c-65f8-2202-0010101bd52c}</Data>
    <Data Name="ProcessId">7460</Data>
    <Data Name="Image">C:\Program Files\Google\Drive File Stream\97.0.1.0\GoogleDriveFS.exe</Data>
    <Data Name="User">MERIDIANHCS\sophia.martinez</Data>
    
  </EventData>
</Event>
<Event xmlns="http://schemas.microsoft.com/win/2004/08/events/event">
  <System>
    <Provider Name="Microsoft-Windows-Sysmon" Guid="{5770385f-c22a-43e0-bf4c-06f5698ffbd9}"/>
    <EventID>5</EventID>
    <Version>3</Version>
    <Level>4</Level>
    <Task>5</Task>
    <Opcode>0</Opcode>
    <Keywords>0x8000000000000000</Keywords>
    <TimeCreated SystemTime="2024-03-18T16:46:29.7369959Z"/>
    <EventRecordID>122199</EventRecordID>
    <Correlation/>
    <Execution ProcessID="2492" ThreadID="3468"/>
    <Channel>Microsoft-Windows-Sysmon/Operational</Channel>
    <Computer>WS-SMARTINEZ-01.meridianhcs.local</Computer>
    <Security UserID="S-1-5-18"/>
  </System>
  <EventData>
    
    <Data Name="RuleName">-</Data>
    <Data Name="UtcTime">2024-03-18 16:46:29.736</Data>
    <Data Name="ProcessGuid">{f613acc2-507a-65f8-7a02-0000f0e30b99}</Data>
    <Data Name="ProcessId">7200</Data>
    <Data Name="Image">C:\Program Files\Cisco Spark\Webex.exe</Data>
    <Data Name="User">MERIDIANHCS\sophia.martinez</Data>
    
  </EventData>
</Event>
<Event xmlns="http://schemas.microsoft.com/win/2004/08/events/event">
  <System>
    <Provider Name="Microsoft-Windows-Sysmon" Guid="{5770385f-c22a-43e0-bf4c-06f5698ffbd9}"/>
    <EventID>22</EventID>
    <Version>5</Version>
    <Level>4</Level>
    <Task>22</Task>
    <Opcode>0</Opcode>
    <Keywords>0x8000000000000000</Keywords>
    <TimeCreated SystemTime="2024-03-18T16:47:20.5711049Z"/>
    <EventRecordID>122205</EventRecordID>
    <Correlation/>
    <Execution ProcessID="2492" ThreadID="3476"/>
    <Channel>Microsoft-Windows-Sysmon/Operational</Channel>
    <Computer>WS-SMARTINEZ-01.meridianhcs.local</Computer>
    <Security UserID="S-1-5-18"/>
  </System>
  <EventData>
    
    <Data Name="RuleName">-</Data>
    <Data Name="UtcTime">2024-03-18 16:47:20.571</Data>
    <Data Name="ProcessGuid">{f613acc2-c34e-65e1-8b00-0000eb2d9206}</Data>
    <Data Name="ProcessId">5988</Data>
    <Data Name="QueryName">meridianhcs.com</Data>
    <Data Name="QueryStatus">0</Data>
    <Data Name="QueryResults">v=spf1 include:spf.protection.outlook.com include:sendgrid.net -all;</Data>
    <Data Name="Image">C:\Windows\System32\svchost.exe</Data>
    <Data Name="User">NT AUTHORITY\LOCAL SERVICE</Data>
    
  </EventData>
</Event>
<Event xmlns="http://schemas.microsoft.com/win/2004/08/events/event">
  <System>
    <Provider Name="Microsoft-Windows-Sysmon" Guid="{5770385f-c22a-43e0-bf4c-06f5698ffbd9}"/>
    <EventID>22</EventID>
    <Version>5</Version>
    <Level>4</Level>
    <Task>22</Task>
    <Opcode>0</Opcode>
    <Keywords>0x8000000000000000</Keywords>
    <TimeCreated SystemTime="2024-03-18T16:48:16.2313186Z"/>
    <EventRecordID>122207</EventRecordID>
    <Correlation/>
    <Execution ProcessID="2492" ThreadID="3468"/>
    <Channel>Microsoft-Windows-Sysmon/Operational</Channel>
    <Computer>WS-SMARTINEZ-01.meridianhcs.local</Computer>
    <Security UserID="S-1-5-18"/>
  </System>
  <EventData>
    
    <Data Name="RuleName">-</Data>
    <Data Name="UtcTime">2024-03-18 16:48:16.231</Data>
    <Data Name="ProcessGuid">{f613acc2-c34e-65e1-8b00-0000eb2d9206}</Data>
    <Data Name="ProcessId">5988</Data>
    <Data Name="QueryName">mail._domainkey.meridianhcs.com</Data>
    <Data Name="QueryStatus">0</Data>
    <Data Name="QueryResults">v=DKIM1; k=rsa; p=MIIBIjANBgkqhkiG9w0BAQEFAAOCAQ8AMIIBCgKCAQEAm2fDYxCwx+1DdEg/kx+xvWcrMyVSFDCDUgGPb5JODzO4+/6LsbbIVaYfUlvhX67U0misPotIQK61TaHUjVCyvcg7vRsXw2S6VlWVFTGno3GtdGDJyaI4zHYVvMqncYIfbI5NIAgqxHVDVyTloZkt/FufvBLpgDxTvCXFsDbQmq9ICXTuJAMEvWY26+9b1rpUrEyTiIqDOM4e+pucGKDMUanwLbCOUscNl3yK9vQ9uqz2q+FCs6FcLNBOmidYmyT2DReyofLqopbIDeZkEMNHBQyGp57+whL/PzrL+OaQ01mSnM5BTVwvi8No5f7IONrvgajfIzSCbp4ZObqW5/JOQQIDAQAB;</Data>
    <Data Name="Image">C:\Windows\System32\svchost.exe</Data>
    <Data Name="User">NT AUTHORITY\LOCAL SERVICE</Data>
    
  </EventData>
</Event>
<Event xmlns="http://schemas.microsoft.com/win/2004/08/events/event">
  <System>
    <Provider Name="Microsoft-Windows-Sysmon" Guid="{5770385f-c22a-43e0-bf4c-06f5698ffbd9}"/>
    <EventID>3</EventID>
    <Version>5</Version>
    <Level>4</Level>
    <Task>3</Task>
    <Opcode>0</Opcode>
    <Keywords>0x8000000000000000</Keywords>
    <TimeCreated SystemTime="2024-03-18T16:48:16.6216090Z"/>
    <EventRecordID>122208</EventRecordID>
    <Correlation/>
    <Execution ProcessID="2492" ThreadID="3468"/>
    <Channel>Microsoft-Windows-Sysmon/Operational</Channel>
    <Computer>WS-SMARTINEZ-01.meridianhcs.local</Computer>
    <Security UserID="S-1-5-18"/>
  </System>
  <EventData>
    
    <Data Name="RuleName">-</Data>
    <Data Name="UtcTime">2024-03-18 16:48:16.621</Data>
    <Data Name="ProcessGuid">{f613acc2-c34e-65e1-8b00-0000eb2d9206}</Data>
    <Data Name="ProcessId">5988</Data>
    <Data Name="Image">C:\Windows\System32\svchost.exe</Data>
    <Data Name="User">NT AUTHORITY\LOCAL SERVICE</Data>
    <Data Name="Protocol">udp</Data>
    <Data Name="Initiated">true</Data>
    <Data Name="SourceIsIpv6">false</Data>
    <Data Name="SourceIp">10.10.1.36</Data>
    <Data Name="SourceHostname">WS-SMARTINEZ-01.meridianhcs.local</Data>
    <Data Name="SourcePort">51088</Data>
    <Data Name="SourcePortName">-</Data>
    <Data Name="DestinationIsIpv6">false</Data>
    <Data Name="DestinationIp">10.10.2.10</Data>
    <Data Name="DestinationHostname">DC-01.meridianhcs.local</Data>
    <Data Name="DestinationPort">53</Data>
    <Data Name="DestinationPortName">domain</Data>
    
  </EventData>
</Event>
