<Event xmlns="http://schemas.microsoft.com/win/2004/08/events/event">
  <System>
    <Provider Name="Microsoft-Windows-Sysmon" Guid="{5770385f-c22a-43e0-bf4c-06f5698ffbd9}"/>
    <EventID>22</EventID>
    <Version>5</Version>
    <Level>4</Level>
    <Task>22</Task>
    <Opcode>0</Opcode>
    <Keywords>0x8000000000000000</Keywords>
    <TimeCreated SystemTime="2024-03-18T13:17:47.0461926Z"/>
    <EventRecordID>121353</EventRecordID>
    <Correlation/>
    <Execution ProcessID="2492" ThreadID="4724"/>
    <Channel>Microsoft-Windows-Sysmon/Operational</Channel>
    <Computer>WS-SMARTINEZ-01.meridianhcs.local</Computer>
    <Security UserID="S-1-5-18"/>
  </System>
  <EventData>
    
    <Data Name="RuleName">-</Data>
    <Data Name="UtcTime">2024-03-18 13:17:47.046</Data>
    <Data Name="ProcessGuid">{f613acc2-3c01-65f8-c000-001037621485}</Data>
    <Data Name="ProcessId">6752</Data>
    <Data Name="QueryName">10.2.10.10.in-addr.arpa</Data>
    <Data Name="QueryStatus">0</Data>
    <Data Name="QueryResults">DC-01.meridianhcs.local;</Data>
    <Data Name="Image">C:\Windows\explorer.exe</Data>
    <Data Name="User">MERIDIANHCS\sophia.martinez</Data>
    
  </EventData>
</Event>
<Event xmlns="http://schemas.microsoft.com/win/2004/08/events/event">
  <System>
    <Provider Name="Microsoft-Windows-Sysmon" Guid="{5770385f-c22a-43e0-bf4c-06f5698ffbd9}"/>
    <EventID>3</EventID>
    <Version>5</Version>
    <Level>4</Level>
    <Task>3</Task>
    <Opcode>0</Opcode>
    <Keywords>0x8000000000000000</Keywords>
    <TimeCreated SystemTime="2024-03-18T13:17:47.3452323Z"/>
    <EventRecordID>121354</EventRecordID>
    <Correlation/>
    <Execution ProcessID="2492" ThreadID="3468"/>
    <Channel>Microsoft-Windows-Sysmon/Operational</Channel>
    <Computer>WS-SMARTINEZ-01.meridianhcs.local</Computer>
    <Security UserID="S-1-5-18"/>
  </System>
  <EventData>
    
    <Data Name="RuleName">-</Data>
    <Data Name="UtcTime">2024-03-18 13:17:47.345</Data>
    <Data Name="ProcessGuid">{f613acc2-c34e-65e1-8b00-0000eb2d9206}</Data>
    <Data Name="ProcessId">5988</Data>
    <Data Name="Image">C:\Windows\System32\svchost.exe</Data>
    <Data Name="User">NT AUTHORITY\LOCAL SERVICE</Data>
    <Data Name="Protocol">udp</Data>
    <Data Name="Initiated">true</Data>
    <Data Name="SourceIsIpv6">false</Data>
    <Data Name="SourceIp">10.10.1.36</Data>
    <Data Name="SourceHostname">WS-SMARTINEZ-01.meridianhcs.local</Data>
    <Data Name="SourcePort">63012</Data>
    <Data Name="SourcePortName">-</Data>
    <Data Name="DestinationIsIpv6">false</Data>
    <Data Name="DestinationIp">10.10.2.10</Data>
    <Data Name="DestinationHostname">DC-01.meridianhcs.local</Data>
    <Data Name="DestinationPort">53</Data>
    <Data Name="DestinationPortName">domain</Data>
    
  </EventData>
</Event>
<Event xmlns="http://schemas.microsoft.com/win/2004/08/events/event">
  <System>
    <Provider Name="Microsoft-Windows-Sysmon" Guid="{5770385f-c22a-43e0-bf4c-06f5698ffbd9}"/>
    <EventID>22</EventID>
    <Version>5</Version>
    <Level>4</Level>
    <Task>22</Task>
    <Opcode>0</Opcode>
    <Keywords>0x8000000000000000</Keywords>
    <TimeCreated SystemTime="2024-03-18T13:19:27.6908991Z"/>
    <EventRecordID>121359</EventRecordID>
    <Correlation/>
    <Execution ProcessID="2492" ThreadID="3468"/>
    <Channel>Microsoft-Windows-Sysmon/Operational</Channel>
    <Computer>WS-SMARTINEZ-01.meridianhcs.local</Computer>
    <Security UserID="S-1-5-18"/>
  </System>
  <EventData>
    
    <Data Name="RuleName">-</Data>
    <Data Name="UtcTime">2024-03-18 13:19:27.690</Data>
    <Data Name="ProcessGuid">{f613acc2-c348-65e1-2800-00007f48eab2}</Data>
    <Data Name="ProcessId">5928</Data>
    <Data Name="QueryName">DC-01.meridianhcs.local</Data>
    <Data Name="QueryStatus">0</Data>
    <Data Name="QueryResults">-</Data>
    <Data Name="Image">C:\Windows\System32\lsass.exe</Data>
    <Data Name="User">NT AUTHORITY\SYSTEM</Data>
    
  </EventData>
</Event>
<Event xmlns="http://schemas.microsoft.com/win/2004/08/events/event">
  <System>
    <Provider Name="Microsoft-Windows-Sysmon" Guid="{5770385f-c22a-43e0-bf4c-06f5698ffbd9}"/>
    <EventID>13</EventID>
    <Version>2</Version>
    <Level>4</Level>
    <Task>13</Task>
    <Opcode>0</Opcode>
    <Keywords>0x8000000000000000</Keywords>
    <TimeCreated SystemTime="2024-03-18T13:19:28.9057297Z"/>
    <EventRecordID>121360</EventRecordID>
    <Correlation/>
    <Execution ProcessID="2492" ThreadID="3476"/>
    <Channel>Microsoft-Windows-Sysmon/Operational</Channel>
    <Computer>WS-SMARTINEZ-01.meridianhcs.local</Computer>
    <Security UserID="S-1-5-18"/>
  </System>
  <EventData>
    
    <Data Name="RuleName">-</Data>
    <Data Name="EventType">SetValue</Data>
    <Data Name="UtcTime">2024-03-18 13:19:28.905</Data>
    <Data Name="ProcessGuid">{f613acc2-c35c-65e1-9d02-0010d5bfc00d}</Data>
    <Data Name="ProcessId">6148</Data>
    <Data Name="Image">C:\Windows\System32\dllhost.exe</Data>
    <Data Name="TargetObject">HKLM\SYSTEM\CurrentControlSet\Services\SharedAccess\Parameters\FirewallPolicy\StandardProfile\EnableFirewall</Data>
    <Data Name="Details">DWORD (0x00000001)</Data>
    <Data Name="User">NT AUTHORITY\SYSTEM</Data>
    
  </EventData>
</Event>
<Event xmlns="http://schemas.microsoft.com/win/2004/08/events/event">
  <System>
    <Provider Name="Microsoft-Windows-Sysmon" Guid="{5770385f-c22a-43e0-bf4c-06f5698ffbd9}"/>
    <EventID>3</EventID>
    <Version>5</Version>
    <Level>4</Level>
    <Task>3</Task>
    <Opcode>0</Opcode>
    <Keywords>0x8000000000000000</Keywords>
    <TimeCreated SystemTime="2024-03-18T13:19:30.4371094Z"/>
    <EventRecordID>121361</EventRecordID>
    <Correlation/>
    <Execution ProcessID="2492" ThreadID="3468"/>
    <Channel>Microsoft-Windows-Sysmon/Operational</Channel>
    <Computer>WS-SMARTINEZ-01.meridianhcs.local</Computer>
    <Security UserID="S-1-5-18"/>
  </System>
  <EventData>
    
    <Data Name="RuleName">-</Data>
    <Data Name="UtcTime">2024-03-18 13:19:30.437</Data>
    <Data Name="ProcessGuid">{f613acc2-c348-65e1-2800-00007f48eab2}</Data>
    <Data Name="ProcessId">5928</Data>
    <Data Name="Image">C:\Windows\System32\lsass.exe</Data>
    <Data Name="User">NT AUTHORITY\SYSTEM</Data>
    <Data Name="Protocol">tcp</Data>
    <Data Name="Initiated">true</Data>
    <Data Name="SourceIsIpv6">false</Data>
    <Data Name="SourceIp">10.10.1.36</Data>
    <Data Name="SourceHostname">WS-SMARTINEZ-01.meridianhcs.local</Data>
    <Data Name="SourcePort">58306</Data>
    <Data Name="SourcePortName">-</Data>
    <Data Name="DestinationIsIpv6">false</Data>
    <Data Name="DestinationIp">10.10.2.10</Data>
    <Data Name="DestinationHostname">DC-01.meridianhcs.local</Data>
    <Data Name="DestinationPort">389</Data>
    <Data Name="DestinationPortName">ldap</Data>
    
  </EventData>
</Event>
<Event xmlns="http://schemas.microsoft.com/win/2004/08/events/event">
  <System>
    <Provider Name="Microsoft-Windows-Sysmon" Guid="{5770385f-c22a-43e0-bf4c-06f5698ffbd9}"/>
    <EventID>22</EventID>
    <Version>5</Version>
    <Level>4</Level>
    <Task>22</Task>
    <Opcode>0</Opcode>
    <Keywords>0x8000000000000000</Keywords>
    <TimeCreated SystemTime="2024-03-18T13:20:54.0703946Z"/>
    <EventRecordID>121365</EventRecordID>
    <Correlation/>
    <Execution ProcessID="2492" ThreadID="4724"/>
    <Channel>Microsoft-Windows-Sysmon/Operational</Channel>
    <Computer>WS-SMARTINEZ-01.meridianhcs.local</Computer>
    <Security UserID="S-1-5-18"/>
  </System>
  <EventData>
    
    <Data Name="RuleName">-</Data>
    <Data Name="UtcTime">2024-03-18 13:20:54.070</Data>
    <Data Name="ProcessGuid">{f613acc2-c34e-65e1-8b00-0000eb2d9206}</Data>
    <Data Name="ProcessId">5988</Data>
    <Data Name="QueryName">DC-01.meridianhcs.local</Data>
    <Data Name="QueryStatus">0</Data>
    <Data Name="QueryResults">10.10.2.10;</Data>
    <Data Name="Image">C:\Windows\System32\svchost.exe</Data>
    <Data Name="User">NT AUTHORITY\LOCAL SERVICE</Data>
    
  </EventData>
</Event>
<Event xmlns="http://schemas.microsoft.com/win/2004/08/events/event">
  <System>
    <Provider Name="Microsoft-Windows-Sysmon" Guid="{5770385f-c22a-43e0-bf4c-06f5698ffbd9}"/>
    <EventID>5</EventID>
    <Version>3</Version>
    <Level>4</Level>
    <Task>5</Task>
    <Opcode>0</Opcode>
    <Keywords>0x8000000000000000</Keywords>
    <TimeCreated SystemTime="2024-03-18T13:21:30.5420573Z"/>
    <EventRecordID>121367</EventRecordID>
    <Correlation/>
    <Execution ProcessID="2492" ThreadID="4724"/>
    <Channel>Microsoft-Windows-Sysmon/Operational</Channel>
    <Computer>WS-SMARTINEZ-01.meridianhcs.local</Computer>
    <Security UserID="S-1-5-18"/>
  </System>
  <EventData>
    
    <Data Name="RuleName">-</Data>
    <Data Name="UtcTime">2024-03-18 13:21:30.542</Data>
    <Data Name="ProcessGuid">{f613acc2-2eb3-65f8-ba02-0010f106c414}</Data>
    <Data Name="ProcessId">6628</Data>
    <Data Name="Image">C:\Windows\System32\SearchProtocolHost.exe</Data>
    <Data Name="User">NT AUTHORITY\SYSTEM</Data>
    
  </EventData>
</Event>
<Event xmlns="http://schemas.microsoft.com/win/2004/08/events/event">
  <System>
    <Provider Name="Microsoft-Windows-Sysmon" Guid="{5770385f-c22a-43e0-bf4c-06f5698ffbd9}"/>
    <EventID>22</EventID>
    <Version>5</Version>
    <Level>4</Level>
    <Task>22</Task>
    <Opcode>0</Opcode>
    <Keywords>0x8000000000000000</Keywords>
    <TimeCreated SystemTime="2024-03-18T13:22:04.2475050Z"/>
    <EventRecordID>121368</EventRecordID>
    <Correlation/>
    <Execution ProcessID="2492" ThreadID="3468"/>
    <Channel>Microsoft-Windows-Sysmon/Operational</Channel>
    <Computer>WS-SMARTINEZ-01.meridianhcs.local</Computer>
    <Security UserID="S-1-5-18"/>
  </System>
  <EventData>
    
    <Data Name="RuleName">-</Data>
    <Data Name="UtcTime">2024-03-18 13:22:04.247</Data>
    <Data Name="ProcessGuid">{f613acc2-c340-65e1-6900-00005abc647f}</Data>
    <Data Name="ProcessId">4</Data>
    <Data Name="QueryName">wpad.meridianhcs.local</Data>
    <Data Name="QueryStatus">9003</Data>
    <Data Name="QueryResults">-</Data>
    <Data Name="Image">System</Data>
    <Data Name="User">NT AUTHORITY\SYSTEM</Data>
    
  </EventData>
</Event>
<Event xmlns="http://schemas.microsoft.com/win/2004/08/events/event">
  <System>
    <Provider Name="Microsoft-Windows-Sysmon" Guid="{5770385f-c22a-43e0-bf4c-06f5698ffbd9}"/>
    <EventID>13</EventID>
    <Version>2</Version>
    <Level>4</Level>
    <Task>13</Task>
    <Opcode>0</Opcode>
    <Keywords>0x8000000000000000</Keywords>
    <TimeCreated SystemTime="2024-03-18T13:22:20.7245870Z"/>
    <EventRecordID>121370</EventRecordID>
    <Correlation/>
    <Execution ProcessID="2492" ThreadID="4724"/>
    <Channel>Microsoft-Windows-Sysmon/Operational</Channel>
    <Computer>WS-SMARTINEZ-01.meridianhcs.local</Computer>
    <Security UserID="S-1-5-18"/>
  </System>
  <EventData>
    
    <Data Name="RuleName">-</Data>
    <Data Name="EventType">SetValue</Data>
    <Data Name="UtcTime">2024-03-18 13:22:20.724</Data>
    <Data Name="ProcessGuid">{f613acc2-c368-65e1-6100-00100109f5e5}</Data>
    <Data Name="ProcessId">6284</Data>
    <Data Name="Image">C:\Windows\System32\RuntimeBroker.exe</Data>
    <Data Name="TargetObject">HKU\S-1-5-21-1537687973-2974994828-3875246326-1008\Software\Microsoft\Windows\CurrentVersion\Explorer\UserAssist\{CEBFF5CD-ACE2-4F4F-9178-9926F41749EA}\Count\HRZR_EHACNGU:P:\Hfref\fbcuvn.znegvarm\NccQngn\Ebnzvat\Zvpebfbsg\Jvaqbjf\Fgneg Zrah\Cebtenzf\Fynpx.yax</Data>
    <Data Name="Details">7E A9 8A 97 7C BC CD A9 1C 4D CB 48 12 6A B8 C2 51 2A BD 06 23 9A 32 5A 7B 72 AC 88 21 80 6F 48 C8 BF 9D 00 0C E4 69 36 6D D2 C0 C9 CA 48 3D 98</Data>
    <Data Name="User">MERIDIANHCS\sophia.martinez</Data>
    
  </EventData>
</Event>
<Event xmlns="http://schemas.microsoft.com/win/2004/08/events/event">
  <System>
    <Provider Name="Microsoft-Windows-Sysmon" Guid="{5770385f-c22a-43e0-bf4c-06f5698ffbd9}"/>
    <EventID>10</EventID>
    <Version>3</Version>
    <Level>4</Level>
    <Task>10</Task>
    <Opcode>0</Opcode>
    <Keywords>0x8000000000000000</Keywords>
    <TimeCreated SystemTime="2024-03-18T13:23:22.2337479Z"/>
    <EventRecordID>121373</EventRecordID>
    <Correlation/>
    <Execution ProcessID="2492" ThreadID="4724"/>
    <Channel>Microsoft-Windows-Sysmon/Operational</Channel>
    <Computer>WS-SMARTINEZ-01.meridianhcs.local</Computer>
    <Security UserID="S-1-5-18"/>
  </System>
  <EventData>
    
    <Data Name="RuleName">-</Data>
    <Data Name="UtcTime">2024-03-18 13:23:22.233</Data>
    <Data Name="SourceProcessGUID">{f613acc2-c34a-65e1-5500-0000eed020e5}</Data>
    <Data Name="SourceProcessId">5976</Data>
    <Data Name="SourceThreadId">21412</Data>
    <Data Name="SourceImage">C:\Windows\System32\svchost.exe</Data>
    <Data Name="TargetProcessGUID">{f613acc2-c348-65e1-2800-00007f48eab2}</Data>
    <Data Name="TargetProcessId">5928</Data>
    <Data Name="TargetImage">C:\Windows\System32\lsass.exe</Data>
    <Data Name="GrantedAccess">0x1000</Data>
    <Data Name="CallTrace">C:\Windows\SYSTEM32\ntdll.dll+9C200|C:\Windows\SYSTEM32\KERNELBASE.dll+2C3ED|C:\Windows\SYSTEM32\combase.dll+29A0F</Data>
    <Data Name="SourceUser">NT AUTHORITY\SYSTEM</Data>
    <Data Name="TargetUser">NT AUTHORITY\SYSTEM</Data>
    
  </EventData>
</Event>
<Event xmlns="http://schemas.microsoft.com/win/2004/08/events/event">
  <System>
    <Provider Name="Microsoft-Windows-Sysmon" Guid="{5770385f-c22a-43e0-bf4c-06f5698ffbd9}"/>
    <EventID>13</EventID>
    <Version>2</Version>
    <Level>4</Level>
    <Task>13</Task>
    <Opcode>0</Opcode>
    <Keywords>0x8000000000000000</Keywords>
    <TimeCreated SystemTime="2024-03-18T13:26:45.5999476Z"/>
    <EventRecordID>121382</EventRecordID>
    <Correlation/>
    <Execution ProcessID="2492" ThreadID="4724"/>
    <Channel>Microsoft-Windows-Sysmon/Operational</Channel>
    <Computer>WS-SMARTINEZ-01.meridianhcs.local</Computer>
    <Security UserID="S-1-5-18"/>
  </System>
  <EventData>
    
    <Data Name="RuleName">-</Data>
    <Data Name="EventType">SetValue</Data>
    <Data Name="UtcTime">2024-03-18 13:26:45.599</Data>
    <Data Name="ProcessGuid">{f613acc2-c362-65e1-6800-0000615e60c3}</Data>
    <Data Name="ProcessId">6216</Data>
    <Data Name="Image">C:\Windows\System32\msiexec.exe</Data>
    <Data Name="TargetObject">HKLM\SOFTWARE\Microsoft\Windows\CurrentVersion\Component Based Servicing\Packages\Package_for_KB5034122~31bf3856ad364e35~amd64~~10.0.19041.80\CurrentState</Data>
    <Data Name="Details">DWORD (0x00000070)</Data>
    <Data Name="User">NT AUTHORITY\SYSTEM</Data>
    
  </EventData>
</Event>
<Event xmlns="http://schemas.microsoft.com/win/2004/08/events/event">
  <System>
    <Provider Name="Microsoft-Windows-Sysmon" Guid="{5770385f-c22a-43e0-bf4c-06f5698ffbd9}"/>
    <EventID>22</EventID>
    <Version>5</Version>
    <Level>4</Level>
    <Task>22</Task>
    <Opcode>0</Opcode>
    <Keywords>0x8000000000000000</Keywords>
    <TimeCreated SystemTime="2024-03-18T13:27:10.5296665Z"/>
    <EventRecordID>121384</EventRecordID>
    <Correlation/>
    <Execution ProcessID="2492" ThreadID="4724"/>
    <Channel>Microsoft-Windows-Sysmon/Operational</Channel>
    <Computer>WS-SMARTINEZ-01.meridianhcs.local</Computer>
    <Security UserID="S-1-5-18"/>
  </System>
  <EventData>
    
    <Data Name="RuleName">-</Data>
    <Data Name="UtcTime">2024-03-18 13:27:10.529</Data>
    <Data Name="ProcessGuid">{f613acc2-c340-65e1-6900-00005abc647f}</Data>
    <Data Name="ProcessId">4</Data>
    <Data Name="QueryName">DC-01.meridianhcs.local</Data>
    <Data Name="QueryStatus">0</Data>
    <Data Name="QueryResults">10.10.2.10;</Data>
    <Data Name="Image">System</Data>
    <Data Name="User">NT AUTHORITY\SYSTEM</Data>
    
  </EventData>
</Event>
<Event xmlns="http://schemas.microsoft.com/win/2004/08/events/event">
  <System>
    <Provider Name="Microsoft-Windows-Sysmon" Guid="{5770385f-c22a-43e0-bf4c-06f5698ffbd9}"/>
    <EventID>3</EventID>
    <Version>5</Version>
    <Level>4</Level>
    <Task>3</Task>
    <Opcode>0</Opcode>
    <Keywords>0x8000000000000000</Keywords>
    <TimeCreated SystemTime="2024-03-18T13:29:18.9470314Z"/>
    <EventRecordID>121393</EventRecordID>
    <Correlation/>
    <Execution ProcessID="2492" ThreadID="3468"/>
    <Channel>Microsoft-Windows-Sysmon/Operational</Channel>
    <Computer>WS-SMARTINEZ-01.meridianhcs.local</Computer>
    <Security UserID="S-1-5-18"/>
  </System>
  <EventData>
    
    <Data Name="RuleName">-</Data>
    <Data Name="UtcTime">2024-03-18 13:29:18.947</Data>
    <Data Name="ProcessGuid">{f613acc2-3c01-65f8-2300-0010763c254d}</Data>
    <Data Name="ProcessId">6792</Data>
    <Data Name="Image">C:\Program Files\Google\Chrome\Application\chrome.exe</Data>
    <Data Name="User">MERIDIANHCS\sophia.martinez</Data>
    <Data Name="Protocol">tcp</Data>
    <Data Name="Initiated">true</Data>
    <Data Name="SourceIsIpv6">false</Data>
    <Data Name="SourceIp">10.10.1.36</Data>
    <Data Name="SourceHostname">WS-SMARTINEZ-01.meridianhcs.local</Data>
    <Data Name="SourcePort">58298</Data>
    <Data Name="SourcePortName">-</Data>
    <Data Name="DestinationIsIpv6">false</Data>
    <Data Name="DestinationIp">10.10.3.20</Data>
    <Data Name="DestinationHostname">PROXY-01.meridianhcs.local</Data>
    <Data Name="DestinationPort">8080</Data>
    <Data Name="DestinationPortName">http-alt</Data>
    
  </EventData>
</Event>
<Event xmlns="http://schemas.microsoft.com/win/2004/08/events/event">
  <System>
    <Provider Name="Microsoft-Windows-Sysmon" Guid="{5770385f-c22a-43e0-bf4c-06f5698ffbd9}"/>
    <EventID>13</EventID>
    <Version>2</Version>
    <Level>4</Level>
    <Task>13</Task>
    <Opcode>0</Opcode>
    <Keywords>0x8000000000000000</Keywords>
    <TimeCreated SystemTime="2024-03-18T13:31:27.1967977Z"/>
    <EventRecordID>121403</EventRecordID>
    <Correlation/>
    <Execution ProcessID="2492" ThreadID="4724"/>
    <Channel>Microsoft-Windows-Sysmon/Operational</Channel>
    <Computer>WS-SMARTINEZ-01.meridianhcs.local</Computer>
    <Security UserID="S-1-5-18"/>
  </System>
  <EventData>
    
    <Data Name="RuleName">-</Data>
    <Data Name="EventType">SetValue</Data>
    <Data Name="UtcTime">2024-03-18 13:31:27.196</Data>
    <Data Name="ProcessGuid">{f613acc2-c34d-65e1-5002-000060985713}</Data>
    <Data Name="ProcessId">5984</Data>
    <Data Name="Image">C:\Windows\System32\svchost.exe</Data>
    <Data Name="TargetObject">HKLM\SYSTEM\CurrentControlSet\Services\W32Time\Config\MaxPollInterval</Data>
    <Data Name="Details">DWORD (0x0000000f)</Data>
    <Data Name="User">NT AUTHORITY\NETWORK SERVICE</Data>
    
  </EventData>
</Event>
<Event xmlns="http://schemas.microsoft.com/win/2004/08/events/event">
  <System>
    <Provider Name="Microsoft-Windows-Sysmon" Guid="{5770385f-c22a-43e0-bf4c-06f5698ffbd9}"/>
    <EventID>1</EventID>
    <Version>5</Version>
    <Level>4</Level>
    <Task>1</Task>
    <Opcode>0</Opcode>
    <Keywords>0x8000000000000000</Keywords>
    <TimeCreated SystemTime="2024-03-18T13:31:51.6478206Z"/>
    <EventRecordID>121405</EventRecordID>
    <Correlation/>
    <Execution ProcessID="2492" ThreadID="3468"/>
    <Channel>Microsoft-Windows-Sysmon/Operational</Channel>
    <Computer>WS-SMARTINEZ-01.meridianhcs.local</Computer>
    <Security UserID="S-1-5-18"/>
  </System>
  <EventData>
    
    <Data Name="RuleName">-</Data>
    <Data Name="UtcTime">2024-03-18 13:31:51.647</Data>
    <Data Name="ProcessGuid">{f613acc2-4247-65f8-5f00-001011bf1124}</Data>
    <Data Name="ProcessId">6968</Data>
    <Data Name="Image">C:\Windows\System32\spoolsv.exe</Data>
    <Data Name="FileVersion">10.0.19041.1</Data>
    <Data Name="Description">Spooler SubSystem App</Data>
    <Data Name="Product">Microsoft Windows Operating System</Data>
    <Data Name="Company">Microsoft Corporation</Data>
    <Data Name="OriginalFileName">spoolsv.exe</Data>
    <Data Name="CommandLine">spoolsv.exe</Data>
    <Data Name="CurrentDirectory">C:\Windows\System32\</Data>
    <Data Name="User">NT AUTHORITY\SYSTEM</Data>
    <Data Name="LogonGuid">{00000000-0000-0000-0000-000000000000}</Data>
    <Data Name="LogonId">0x3e7</Data>
    <Data Name="TerminalSessionId">0</Data>
    <Data Name="IntegrityLevel">System</Data>
    <Data Name="Hashes">SHA1=F6649061E7440CA663A2B1DC7E6C648C44F47911,MD5=78156B270D18932CFF651E3A4D30A6F7,SHA256=0598A98F65C72DAE18FD4D1A96255472AC97222A13D56B9DF7C998F2F969BB5E,IMPHASH=F7EC939E235C6626EC39253478A55C80</Data>
    <Data Name="ParentProcessGuid">{f613acc2-c348-65e1-4e00-00008e16ee6f}</Data>
    <Data Name="ParentProcessId">5908</Data>
    <Data Name="ParentImage">C:\Windows\System32\services.exe</Data>
    <Data Name="ParentCommandLine">services.exe</Data>
    <Data Name="ParentUser">NT AUTHORITY\SYSTEM</Data>
    
  </EventData>
</Event>
<Event xmlns="http://schemas.microsoft.com/win/2004/08/events/event">
  <System>
    <Provider Name="Microsoft-Windows-Sysmon" Guid="{5770385f-c22a-43e0-bf4c-06f5698ffbd9}"/>
    <EventID>10</EventID>
    <Version>3</Version>
    <Level>4</Level>
    <Task>10</Task>
    <Opcode>0</Opcode>
    <Keywords>0x8000000000000000</Keywords>
    <TimeCreated SystemTime="2024-03-18T13:31:59.9492527Z"/>
    <EventRecordID>121409</EventRecordID>
    <Correlation/>
    <Execution ProcessID="2492" ThreadID="4724"/>
    <Channel>Microsoft-Windows-Sysmon/Operational</Channel>
    <Computer>WS-SMARTINEZ-01.meridianhcs.local</Computer>
    <Security UserID="S-1-5-18"/>
  </System>
  <EventData>
    
    <Data Name="RuleName">-</Data>
    <Data Name="UtcTime">2024-03-18 13:31:59.949</Data>
    <Data Name="SourceProcessGUID">{f613acc2-c356-65e1-8402-001036b6b32e}</Data>
    <Data Name="SourceProcessId">6100</Data>
    <Data Name="SourceThreadId">21700</Data>
    <Data Name="SourceImage">C:\ProgramData\Microsoft\Windows Defender\Platform\4.18.2301.6-0\MsMpEng.exe</Data>
    <Data Name="TargetProcessGUID">{f613acc2-c367-65e1-c600-00005c9b5f7c}</Data>
    <Data Name="TargetProcessId">6268</Data>
    <Data Name="TargetImage">C:\Windows\explorer.exe</Data>
    <Data Name="GrantedAccess">0x1410</Data>
    <Data Name="CallTrace">C:\Windows\SYSTEM32\ntdll.dll+9D5CC|C:\Windows\SYSTEM32\KERNELBASE.dll+2C265|C:\Windows\SYSTEM32\advapi32.dll+4B679</Data>
    <Data Name="SourceUser">NT AUTHORITY\SYSTEM</Data>
    <Data Name="TargetUser">MERIDIANHCS\sophia.martinez</Data>
    
  </EventData>
</Event>
<Event xmlns="http://schemas.microsoft.com/win/2004/08/events/event">
  <System>
    <Provider Name="Microsoft-Windows-Sysmon" Guid="{5770385f-c22a-43e0-bf4c-06f5698ffbd9}"/>
    <EventID>22</EventID>
    <Version>5</Version>
    <Level>4</Level>
    <Task>22</Task>
    <Opcode>0</Opcode>
    <Keywords>0x8000000000000000</Keywords>
    <TimeCreated SystemTime="2024-03-18T13:32:50.8801582Z"/>
    <EventRecordID>121411</EventRecordID>
    <Correlation/>
    <Execution ProcessID="2492" ThreadID="4724"/>
    <Channel>Microsoft-Windows-Sysmon/Operational</Channel>
    <Computer>WS-SMARTINEZ-01.meridianhcs.local</Computer>
    <Security UserID="S-1-5-18"/>
  </System>
  <EventData>
    
    <Data Name="RuleName">-</Data>
    <Data Name="UtcTime">2024-03-18 13:32:50.880</Data>
    <Data Name="ProcessGuid">{f613acc2-c34e-65e1-8b00-0000eb2d9206}</Data>
    <Data Name="ProcessId">5988</Data>
    <Data Name="QueryName">DC-01.meridianhcs.local</Data>
    <Data Name="QueryStatus">0</Data>
    <Data Name="QueryResults">10.10.2.10;</Data>
    <Data Name="Image">C:\Windows\System32\svchost.exe</Data>
    <Data Name="User">NT AUTHORITY\LOCAL SERVICE</Data>
    
  </EventData>
</Event>
<Event xmlns="http://schemas.microsoft.com/win/2004/08/events/event">
  <System>
    <Provider Name="Microsoft-Windows-Sysmon" Guid="{5770385f-c22a-43e0-bf4c-06f5698ffbd9}"/>
    <EventID>10</EventID>
    <Version>3</Version>
    <Level>4</Level>
    <Task>10</Task>
    <Opcode>0</Opcode>
    <Keywords>0x8000000000000000</Keywords>
    <TimeCreated SystemTime="2024-03-18T13:33:37.6989193Z"/>
    <EventRecordID>121413</EventRecordID>
    <Correlation/>
    <Execution ProcessID="2492" ThreadID="3468"/>
    <Channel>Microsoft-Windows-Sysmon/Operational</Channel>
    <Computer>WS-SMARTINEZ-01.meridianhcs.local</Computer>
    <Security UserID="S-1-5-18"/>
  </System>
  <EventData>
    
    <Data Name="RuleName">-</Data>
    <Data Name="UtcTime">2024-03-18 13:33:37.698</Data>
    <Data Name="SourceProcessGUID">{f613acc2-c343-65e1-2900-00105cfc64b3}</Data>
    <Data Name="SourceProcessId">5892</Data>
    <Data Name="SourceThreadId">21240</Data>
    <Data Name="SourceImage">C:\Windows\System32\csrss.exe</Data>
    <Data Name="TargetProcessGUID">{f613acc2-c348-65e1-2800-00007f48eab2}</Data>
    <Data Name="TargetProcessId">5928</Data>
    <Data Name="TargetImage">C:\Windows\System32\lsass.exe</Data>
    <Data Name="GrantedAccess">0x1000</Data>
    <Data Name="CallTrace">C:\Windows\SYSTEM32\ntdll.dll+9CA67</Data>
    <Data Name="SourceUser">NT AUTHORITY\SYSTEM</Data>
    <Data Name="TargetUser">NT AUTHORITY\SYSTEM</Data>
    
  </EventData>
</Event>
<Event xmlns="http://schemas.microsoft.com/win/2004/08/events/event">
  <System>
    <Provider Name="Microsoft-Windows-Sysmon" Guid="{5770385f-c22a-43e0-bf4c-06f5698ffbd9}"/>
    <EventID>3</EventID>
    <Version>5</Version>
    <Level>4</Level>
    <Task>3</Task>
    <Opcode>0</Opcode>
    <Keywords>0x8000000000000000</Keywords>
    <TimeCreated SystemTime="2024-03-18T13:33:45.7141165Z"/>
    <EventRecordID>121414</EventRecordID>
    <Correlation/>
    <Execution ProcessID="2492" ThreadID="3468"/>
    <Channel>Microsoft-Windows-Sysmon/Operational</Channel>
    <Computer>WS-SMARTINEZ-01.meridianhcs.local</Computer>
    <Security UserID="S-1-5-18"/>
  </System>
  <EventData>
    
    <Data Name="RuleName">-</Data>
    <Data Name="UtcTime">2024-03-18 13:33:45.714</Data>
    <Data Name="ProcessGuid">{f613acc2-c348-65e1-2800-00007f48eab2}</Data>
    <Data Name="ProcessId">5928</Data>
    <Data Name="Image">C:\Windows\System32\lsass.exe</Data>
    <Data Name="User">NT AUTHORITY\SYSTEM</Data>
    <Data Name="Protocol">udp</Data>
    <Data Name="Initiated">true</Data>
    <Data Name="SourceIsIpv6">false</Data>
    <Data Name="SourceIp">10.10.1.36</Data>
    <Data Name="SourceHostname">WS-SMARTINEZ-01.meridianhcs.local</Data>
    <Data Name="SourcePort">55174</Data>
    <Data Name="SourcePortName">-</Data>
    <Data Name="DestinationIsIpv6">false</Data>
    <Data Name="DestinationIp">10.10.2.10</Data>
    <Data Name="DestinationHostname">DC-01.meridianhcs.local</Data>
    <Data Name="DestinationPort">88</Data>
    <Data Name="DestinationPortName">kerberos</Data>
    
  </EventData>
</Event>
<Event xmlns="http://schemas.microsoft.com/win/2004/08/events/event">
  <System>
    <Provider Name="Microsoft-Windows-Sysmon" Guid="{5770385f-c22a-43e0-bf4c-06f5698ffbd9}"/>
    <EventID>13</EventID>
    <Version>2</Version>
    <Level>4</Level>
    <Task>13</Task>
    <Opcode>0</Opcode>
    <Keywords>0x8000000000000000</Keywords>
    <TimeCreated SystemTime="2024-03-18T13:35:24.3592714Z"/>
    <EventRecordID>121421</EventRecordID>
    <Correlation/>
    <Execution ProcessID="2492" ThreadID="4724"/>
    <Channel>Microsoft-Windows-Sysmon/Operational</Channel>
    <Computer>WS-SMARTINEZ-01.meridianhcs.local</Computer>
    <Security UserID="S-1-5-18"/>
  </System>
  <EventData>
    
    <Data Name="RuleName">-</Data>
    <Data Name="EventType">SetValue</Data>
    <Data Name="UtcTime">2024-03-18 13:35:24.359</Data>
    <Data Name="ProcessGuid">{f613acc2-c367-65e1-c600-00005c9b5f7c}</Data>
    <Data Name="ProcessId">6268</Data>
    <Data Name="Image">C:\Windows\explorer.exe</Data>
    <Data Name="TargetObject">HKU\S-1-5-21-1537687973-2974994828-3875246326-1008\Software\Microsoft\Windows\CurrentVersion\Explorer\UserAssist\{CEBFF5CD-ACE2-4F4F-9178-9926F41749EA}\Count\HRZR_EHACNGU:P:\Cebtenz Svyrf\Tbbtyr\Puebzr\Nccyvpngvba\puebzr.rkr</Data>
    <Data Name="Details">B4 9B 23 5A 77 84 26 8D 0E E3 5D E5 4B 90 CE 5D 6A 7E 8F BB 92 5B 9D 16 E4 F0 C1 0F 12 A1 D2 60 68 C0 8D CC 3F 91 64 73</Data>
    <Data Name="User">MERIDIANHCS\sophia.martinez</Data>
    
  </EventData>
</Event>
<Event xmlns="http://schemas.microsoft.com/win/2004/08/events/event">
  <System>
    <Provider Name="Microsoft-Windows-Sysmon" Guid="{5770385f-c22a-43e0-bf4c-06f5698ffbd9}"/>
    <EventID>10</EventID>
    <Version>3</Version>
    <Level>4</Level>
    <Task>10</Task>
    <Opcode>0</Opcode>
    <Keywords>0x8000000000000000</Keywords>
    <TimeCreated SystemTime="2024-03-18T13:37:52.2253999Z"/>
    <EventRecordID>121428</EventRecordID>
    <Correlation/>
    <Execution ProcessID="2492" ThreadID="3468"/>
    <Channel>Microsoft-Windows-Sysmon/Operational</Channel>
    <Computer>WS-SMARTINEZ-01.meridianhcs.local</Computer>
    <Security UserID="S-1-5-18"/>
  </System>
  <EventData>
    
    <Data Name="RuleName">-</Data>
    <Data Name="UtcTime">2024-03-18 13:37:52.225</Data>
    <Data Name="SourceProcessGUID">{f613acc2-c362-65e1-1402-0010bc291f01}</Data>
    <Data Name="SourceProcessId">6240</Data>
    <Data Name="SourceThreadId">21928</Data>
    <Data Name="SourceImage">C:\Windows\System32\taskhostw.exe</Data>
    <Data Name="TargetProcessGUID">{f613acc2-c368-65e1-6100-00100109f5e5}</Data>
    <Data Name="TargetProcessId">6284</Data>
    <Data Name="TargetImage">C:\Windows\System32\RuntimeBroker.exe</Data>
    <Data Name="GrantedAccess">0x1000</Data>
    <Data Name="CallTrace">C:\Windows\SYSTEM32\ntdll.dll+9CE61|C:\Windows\SYSTEM32\KERNELBASE.dll+2D937|C:\Windows\SYSTEM32\wbemcomn.dll+156C7</Data>
    <Data Name="SourceUser">NT AUTHORITY\SYSTEM</Data>
    <Data Name="TargetUser">MERIDIANHCS\sophia.martinez</Data>
    
  </EventData>
</Event>
<Event xmlns="http://schemas.microsoft.com/win/2004/08/events/event">
  <System>
    <Provider Name="Microsoft-Windows-Sysmon" Guid="{5770385f-c22a-43e0-bf4c-06f5698ffbd9}"/>
    <EventID>1</EventID>
    <Version>5</Version>
    <Level>4</Level>
    <Task>1</Task>
    <Opcode>0</Opcode>
    <Keywords>0x8000000000000000</Keywords>
    <TimeCreated SystemTime="2024-03-18T13:39:19.0658212Z"/>
    <EventRecordID>121430</EventRecordID>
    <Correlation/>
    <Execution ProcessID="2492" ThreadID="3468"/>
    <Channel>Microsoft-Windows-Sysmon/Operational</Channel>
    <Computer>WS-SMARTINEZ-01.meridianhcs.local</Computer>
    <Security UserID="S-1-5-18"/>
  </System>
  <EventData>
    
    <Data Name="RuleName">-</Data>
    <Data Name="UtcTime">2024-03-18 13:39:19.065</Data>
    <Data Name="ProcessGuid">{f613acc2-4407-65f8-a802-00009ae9743e}</Data>
    <Data Name="ProcessId">7084</Data>
    <Data Name="Image">C:\Windows\System32\OpenSSH\ssh.exe</Data>
    <Data Name="FileVersion">8.6.0.1</Data>
    <Data Name="Description">OpenSSH SSH client</Data>
    <Data Name="Product">OpenSSH for Windows</Data>
    <Data Name="Company">Microsoft Corporation</Data>
    <Data Name="OriginalFileName">ssh.exe</Data>
    <Data Name="CommandLine">ssh.exe root@WEB-EXT-01.meridianhcs.local</Data>
    <Data Name="CurrentDirectory">C:\Users\sophia.martinez\</Data>
    <Data Name="User">MERIDIANHCS\sophia.martinez</Data>
    <Data Name="LogonGuid">{00000000-0000-0000-0000-000000000000}</Data>
    <Data Name="LogonId">0xc185b8f</Data>
    <Data Name="TerminalSessionId">2</Data>
    <Data Name="IntegrityLevel">Medium</Data>
    <Data Name="Hashes">SHA1=34EDBE1F2503BED1B1F8F387974ACB65F632C21B,MD5=177AE85C74B6D0BB9FC040A42BF2CAC0,SHA256=5CA44FEC35D64819E1CF357648C98073ACA2AEF9816F8FA375095783B3AC3EE1,IMPHASH=62F7B0310260F97B5078263292DD1CBA</Data>
    <Data Name="ParentProcessGuid">{f613acc2-3c01-65f8-c000-001037621485}</Data>
    <Data Name="ParentProcessId">6752</Data>
    <Data Name="ParentImage">C:\Windows\explorer.exe</Data>
    <Data Name="ParentCommandLine">explorer.exe</Data>
    <Data Name="ParentUser">MERIDIANHCS\sophia.martinez</Data>
    
  </EventData>
</Event>
<Event xmlns="http://schemas.microsoft.com/win/2004/08/events/event">
  <System>
    <Provider Name="Microsoft-Windows-Sysmon" Guid="{5770385f-c22a-43e0-bf4c-06f5698ffbd9}"/>
    <EventID>3</EventID>
    <Version>5</Version>
    <Level>4</Level>
    <Task>3</Task>
    <Opcode>0</Opcode>
    <Keywords>0x8000000000000000</Keywords>
    <TimeCreated SystemTime="2024-03-18T13:39:45.0709177Z"/>
    <EventRecordID>121431</EventRecordID>
    <Correlation/>
    <Execution ProcessID="2492" ThreadID="3468"/>
    <Channel>Microsoft-Windows-Sysmon/Operational</Channel>
    <Computer>WS-SMARTINEZ-01.meridianhcs.local</Computer>
    <Security UserID="S-1-5-18"/>
  </System>
  <EventData>
    
    <Data Name="RuleName">-</Data>
    <Data Name="UtcTime">2024-03-18 13:39:45.070</Data>
    <Data Name="ProcessGuid">{f613acc2-4407-65f8-a802-00009ae9743e}</Data>
    <Data Name="ProcessId">7084</Data>
    <Data Name="Image">C:\Windows\System32\OpenSSH\ssh.exe</Data>
    <Data Name="User">MERIDIANHCS\sophia.martinez</Data>
    <Data Name="Protocol">tcp</Data>
    <Data Name="Initiated">true</Data>
    <Data Name="SourceIsIpv6">false</Data>
    <Data Name="SourceIp">10.10.1.36</Data>
    <Data Name="SourceHostname">WS-SMARTINEZ-01.meridianhcs.local</Data>
    <Data Name="SourcePort">58598</Data>
    <Data Name="SourcePortName">-</Data>
    <Data Name="DestinationIsIpv6">false</Data>
    <Data Name="DestinationIp">10.10.3.10</Data>
    <Data Name="DestinationHostname">WEB-EXT-01.meridianhcs.local</Data>
    <Data Name="DestinationPort">22</Data>
    <Data Name="DestinationPortName">ssh</Data>
    
  </EventData>
</Event>
<Event xmlns="http://schemas.microsoft.com/win/2004/08/events/event">
  <System>
    <Provider Name="Microsoft-Windows-Sysmon" Guid="{5770385f-c22a-43e0-bf4c-06f5698ffbd9}"/>
    <EventID>22</EventID>
    <Version>5</Version>
    <Level>4</Level>
    <Task>22</Task>
    <Opcode>0</Opcode>
    <Keywords>0x8000000000000000</Keywords>
    <TimeCreated SystemTime="2024-03-18T13:40:00.5709637Z"/>
    <EventRecordID>121432</EventRecordID>
    <Correlation/>
    <Execution ProcessID="2492" ThreadID="3468"/>
    <Channel>Microsoft-Windows-Sysmon/Operational</Channel>
    <Computer>WS-SMARTINEZ-01.meridianhcs.local</Computer>
    <Security UserID="S-1-5-18"/>
  </System>
  <EventData>
    
    <Data Name="RuleName">-</Data>
    <Data Name="UtcTime">2024-03-18 13:40:00.570</Data>
    <Data Name="ProcessGuid">{f613acc2-c34d-65e1-5002-000060985713}</Data>
    <Data Name="ProcessId">5984</Data>
    <Data Name="QueryName">DC-01.meridianhcs.local</Data>
    <Data Name="QueryStatus">0</Data>
    <Data Name="QueryResults">10.10.2.10;</Data>
    <Data Name="Image">C:\Windows\System32\svchost.exe</Data>
    <Data Name="User">NT AUTHORITY\NETWORK SERVICE</Data>
    
  </EventData>
</Event>
<Event xmlns="http://schemas.microsoft.com/win/2004/08/events/event">
  <System>
    <Provider Name="Microsoft-Windows-Sysmon" Guid="{5770385f-c22a-43e0-bf4c-06f5698ffbd9}"/>
    <EventID>13</EventID>
    <Version>2</Version>
    <Level>4</Level>
    <Task>13</Task>
    <Opcode>0</Opcode>
    <Keywords>0x8000000000000000</Keywords>
    <TimeCreated SystemTime="2024-03-18T13:40:10.9777090Z"/>
    <EventRecordID>121435</EventRecordID>
    <Correlation/>
    <Execution ProcessID="2492" ThreadID="3476"/>
    <Channel>Microsoft-Windows-Sysmon/Operational</Channel>
    <Computer>WS-SMARTINEZ-01.meridianhcs.local</Computer>
    <Security UserID="S-1-5-18"/>
  </System>
  <EventData>
    
    <Data Name="RuleName">-</Data>
    <Data Name="EventType">SetValue</Data>
    <Data Name="UtcTime">2024-03-18 13:40:10.977</Data>
    <Data Name="ProcessGuid">{f613acc2-c368-65e1-6100-00100109f5e5}</Data>
    <Data Name="ProcessId">6284</Data>
    <Data Name="Image">C:\Windows\System32\RuntimeBroker.exe</Data>
    <Data Name="TargetObject">HKU\S-1-5-21-1537687973-2974994828-3875246326-1008\Software\Microsoft\Office\16.0\Word\Reading Locations\Document 68\Datetime</Data>
    <Data Name="Details">2024-03-18T11:39:47</Data>
    <Data Name="User">MERIDIANHCS\sophia.martinez</Data>
    
  </EventData>
</Event>
<Event xmlns="http://schemas.microsoft.com/win/2004/08/events/event">
  <System>
    <Provider Name="Microsoft-Windows-Sysmon" Guid="{5770385f-c22a-43e0-bf4c-06f5698ffbd9}"/>
    <EventID>3</EventID>
    <Version>5</Version>
    <Level>4</Level>
    <Task>3</Task>
    <Opcode>0</Opcode>
    <Keywords>0x8000000000000000</Keywords>
    <TimeCreated SystemTime="2024-03-18T13:41:30.1803442Z"/>
    <EventRecordID>121441</EventRecordID>
    <Correlation/>
    <Execution ProcessID="2492" ThreadID="3468"/>
    <Channel>Microsoft-Windows-Sysmon/Operational</Channel>
    <Computer>WS-SMARTINEZ-01.meridianhcs.local</Computer>
    <Security UserID="S-1-5-18"/>
  </System>
  <EventData>
    
    <Data Name="RuleName">-</Data>
    <Data Name="UtcTime">2024-03-18 13:41:30.180</Data>
    <Data Name="ProcessGuid">{f613acc2-c348-65e1-2800-00007f48eab2}</Data>
    <Data Name="ProcessId">5928</Data>
    <Data Name="Image">C:\Windows\System32\lsass.exe</Data>
    <Data Name="User">NT AUTHORITY\SYSTEM</Data>
    <Data Name="Protocol">udp</Data>
    <Data Name="Initiated">true</Data>
    <Data Name="SourceIsIpv6">false</Data>
    <Data Name="SourceIp">10.10.1.36</Data>
    <Data Name="SourceHostname">WS-SMARTINEZ-01.meridianhcs.local</Data>
    <Data Name="SourcePort">52763</Data>
    <Data Name="SourcePortName">-</Data>
    <Data Name="DestinationIsIpv6">false</Data>
    <Data Name="DestinationIp">10.10.2.10</Data>
    <Data Name="DestinationHostname">DC-01.meridianhcs.local</Data>
    <Data Name="DestinationPort">88</Data>
    <Data Name="DestinationPortName">kerberos</Data>
    
  </EventData>
</Event>
<Event xmlns="http://schemas.microsoft.com/win/2004/08/events/event">
  <System>
    <Provider Name="Microsoft-Windows-Sysmon" Guid="{5770385f-c22a-43e0-bf4c-06f5698ffbd9}"/>
    <EventID>13</EventID>
    <Version>2</Version>
    <Level>4</Level>
    <Task>13</Task>
    <Opcode>0</Opcode>
    <Keywords>0x8000000000000000</Keywords>
    <TimeCreated SystemTime="2024-03-18T13:41:47.3523549Z"/>
    <EventRecordID>121443</EventRecordID>
    <Correlation/>
    <Execution ProcessID="2492" ThreadID="3468"/>
    <Channel>Microsoft-Windows-Sysmon/Operational</Channel>
    <Computer>WS-SMARTINEZ-01.meridianhcs.local</Computer>
    <Security UserID="S-1-5-18"/>
  </System>
  <EventData>
    
    <Data Name="RuleName">-</Data>
    <Data Name="EventType">SetValue</Data>
    <Data Name="UtcTime">2024-03-18 13:41:47.352</Data>
    <Data Name="ProcessGuid">{f613acc2-c35c-65e1-9d02-0010d5bfc00d}</Data>
    <Data Name="ProcessId">6148</Data>
    <Data Name="Image">C:\Windows\System32\dllhost.exe</Data>
    <Data Name="TargetObject">HKLM\SOFTWARE\Microsoft\Windows\CurrentVersion\Policies\System\EnableLUA</Data>
    <Data Name="Details">DWORD (0x00000001)</Data>
    <Data Name="User">NT AUTHORITY\SYSTEM</Data>
    
  </EventData>
</Event>
<Event xmlns="http://schemas.microsoft.com/win/2004/08/events/event">
  <System>
    <Provider Name="Microsoft-Windows-Sysmon" Guid="{5770385f-c22a-43e0-bf4c-06f5698ffbd9}"/>
    <EventID>10</EventID>
    <Version>3</Version>
    <Level>4</Level>
    <Task>10</Task>
    <Opcode>0</Opcode>
    <Keywords>0x8000000000000000</Keywords>
    <TimeCreated SystemTime="2024-03-18T13:43:16.0366432Z"/>
    <EventRecordID>121446</EventRecordID>
    <Correlation/>
    <Execution ProcessID="2492" ThreadID="3468"/>
    <Channel>Microsoft-Windows-Sysmon/Operational</Channel>
    <Computer>WS-SMARTINEZ-01.meridianhcs.local</Computer>
    <Security UserID="S-1-5-18"/>
  </System>
  <EventData>
    
    <Data Name="RuleName">-</Data>
    <Data Name="UtcTime">2024-03-18 13:43:16.036</Data>
    <Data Name="SourceProcessGUID">{f613acc2-c348-65e1-4e00-00008e16ee6f}</Data>
    <Data Name="SourceProcessId">5908</Data>
    <Data Name="SourceThreadId">21264</Data>
    <Data Name="SourceImage">C:\Windows\System32\services.exe</Data>
    <Data Name="TargetProcessGUID">{f613acc2-c348-65e1-2800-00007f48eab2}</Data>
    <Data Name="TargetProcessId">5928</Data>
    <Data Name="TargetImage">C:\Windows\System32\lsass.exe</Data>
    <Data Name="GrantedAccess">0x1000</Data>
    <Data Name="CallTrace">C:\Windows\SYSTEM32\ntdll.dll+9E1A4|C:\Windows\SYSTEM32\KERNELBASE.dll+2DB1E|C:\Windows\SYSTEM32\sechost.dll+1482E</Data>
    <Data Name="SourceUser">NT AUTHORITY\SYSTEM</Data>
    <Data Name="TargetUser">NT AUTHORITY\SYSTEM</Data>
    
  </EventData>
</Event>
<Event xmlns="http://schemas.microsoft.com/win/2004/08/events/event">
  <System>
    <Provider Name="Microsoft-Windows-Sysmon" Guid="{5770385f-c22a-43e0-bf4c-06f5698ffbd9}"/>
    <EventID>5</EventID>
    <Version>3</Version>
    <Level>4</Level>
    <Task>5</Task>
    <Opcode>0</Opcode>
    <Keywords>0x8000000000000000</Keywords>
    <TimeCreated SystemTime="2024-03-18T13:44:31.1891492Z"/>
    <EventRecordID>121453</EventRecordID>
    <Correlation/>
    <Execution ProcessID="2492" ThreadID="4724"/>
    <Channel>Microsoft-Windows-Sysmon/Operational</Channel>
    <Computer>WS-SMARTINEZ-01.meridianhcs.local</Computer>
    <Security UserID="S-1-5-18"/>
  </System>
  <EventData>
    
    <Data Name="RuleName">-</Data>
    <Data Name="UtcTime">2024-03-18 13:44:31.189</Data>
    <Data Name="ProcessGuid">{f613acc2-2a6a-65f8-4b02-0000e7520544}</Data>
    <Data Name="ProcessId">6456</Data>
    <Data Name="Image">C:\Program Files (x86)\Google\Update\GoogleUpdater.exe</Data>
    <Data Name="User">NT AUTHORITY\SYSTEM</Data>
    
  </EventData>
</Event>
<Event xmlns="http://schemas.microsoft.com/win/2004/08/events/event">
  <System>
    <Provider Name="Microsoft-Windows-Sysmon" Guid="{5770385f-c22a-43e0-bf4c-06f5698ffbd9}"/>
    <EventID>10</EventID>
    <Version>3</Version>
    <Level>4</Level>
    <Task>10</Task>
    <Opcode>0</Opcode>
    <Keywords>0x8000000000000000</Keywords>
    <TimeCreated SystemTime="2024-03-18T13:45:30.0448374Z"/>
    <EventRecordID>121457</EventRecordID>
    <Correlation/>
    <Execution ProcessID="2492" ThreadID="3468"/>
    <Channel>Microsoft-Windows-Sysmon/Operational</Channel>
    <Computer>WS-SMARTINEZ-01.meridianhcs.local</Computer>
    <Security UserID="S-1-5-18"/>
  </System>
  <EventData>
    
    <Data Name="RuleName">-</Data>
    <Data Name="UtcTime">2024-03-18 13:45:30.044</Data>
    <Data Name="SourceProcessGUID">{f613acc2-c34a-65e1-5500-0000eed020e5}</Data>
    <Data Name="SourceProcessId">5976</Data>
    <Data Name="SourceThreadId">21412</Data>
    <Data Name="SourceImage">C:\Windows\System32\svchost.exe</Data>
    <Data Name="TargetProcessGUID">{f613acc2-c348-65e1-2800-00007f48eab2}</Data>
    <Data Name="TargetProcessId">5928</Data>
    <Data Name="TargetImage">C:\Windows\System32\lsass.exe</Data>
    <Data Name="GrantedAccess">0x1400</Data>
    <Data Name="CallTrace">C:\Windows\SYSTEM32\ntdll.dll+9C200|C:\Windows\SYSTEM32\KERNELBASE.dll+2C3ED|C:\Windows\SYSTEM32\combase.dll+29A0F</Data>
    <Data Name="SourceUser">NT AUTHORITY\SYSTEM</Data>
    <Data Name="TargetUser">NT AUTHORITY\SYSTEM</Data>
    
  </EventData>
</Event>
<Event xmlns="http://schemas.microsoft.com/win/2004/08/events/event">
  <System>
    <Provider Name="Microsoft-Windows-Sysmon" Guid="{5770385f-c22a-43e0-bf4c-06f5698ffbd9}"/>
    <EventID>22</EventID>
    <Version>5</Version>
    <Level>4</Level>
    <Task>22</Task>
    <Opcode>0</Opcode>
    <Keywords>0x8000000000000000</Keywords>
    <TimeCreated SystemTime="2024-03-18T13:45:36.3548965Z"/>
    <EventRecordID>121458</EventRecordID>
    <Correlation/>
    <Execution ProcessID="2492" ThreadID="4724"/>
    <Channel>Microsoft-Windows-Sysmon/Operational</Channel>
    <Computer>WS-SMARTINEZ-01.meridianhcs.local</Computer>
    <Security UserID="S-1-5-18"/>
  </System>
  <EventData>
    
    <Data Name="RuleName">-</Data>
    <Data Name="UtcTime">2024-03-18 13:45:36.354</Data>
    <Data Name="ProcessGuid">{f613acc2-c34e-65e1-8b00-0000eb2d9206}</Data>
    <Data Name="ProcessId">5988</Data>
    <Data Name="QueryName">DC-01.meridianhcs.local</Data>
    <Data Name="QueryStatus">0</Data>
    <Data Name="QueryResults">10.10.2.10;</Data>
    <Data Name="Image">C:\Windows\System32\svchost.exe</Data>
    <Data Name="User">NT AUTHORITY\LOCAL SERVICE</Data>
    
  </EventData>
</Event>
<Event xmlns="http://schemas.microsoft.com/win/2004/08/events/event">
  <System>
    <Provider Name="Microsoft-Windows-Sysmon" Guid="{5770385f-c22a-43e0-bf4c-06f5698ffbd9}"/>
    <EventID>3</EventID>
    <Version>5</Version>
    <Level>4</Level>
    <Task>3</Task>
    <Opcode>0</Opcode>
    <Keywords>0x8000000000000000</Keywords>
    <TimeCreated SystemTime="2024-03-18T13:46:27.1986636Z"/>
    <EventRecordID>121460</EventRecordID>
    <Correlation/>
    <Execution ProcessID="2492" ThreadID="3468"/>
    <Channel>Microsoft-Windows-Sysmon/Operational</Channel>
    <Computer>WS-SMARTINEZ-01.meridianhcs.local</Computer>
    <Security UserID="S-1-5-18"/>
  </System>
  <EventData>
    
    <Data Name="RuleName">-</Data>
    <Data Name="UtcTime">2024-03-18 13:46:27.198</Data>
    <Data Name="ProcessGuid">{f613acc2-3c01-65f8-2300-0010763c254d}</Data>
    <Data Name="ProcessId">6792</Data>
    <Data Name="Image">C:\Program Files\Google\Chrome\Application\chrome.exe</Data>
    <Data Name="User">MERIDIANHCS\sophia.martinez</Data>
    <Data Name="Protocol">tcp</Data>
    <Data Name="Initiated">true</Data>
    <Data Name="SourceIsIpv6">false</Data>
    <Data Name="SourceIp">10.10.1.36</Data>
    <Data Name="SourceHostname">WS-SMARTINEZ-01.meridianhcs.local</Data>
    <Data Name="SourcePort">53518</Data>
    <Data Name="SourcePortName">-</Data>
    <Data Name="DestinationIsIpv6">false</Data>
    <Data Name="DestinationIp">10.10.3.20</Data>
    <Data Name="DestinationHostname">PROXY-01.meridianhcs.local</Data>
    <Data Name="DestinationPort">8080</Data>
    <Data Name="DestinationPortName">http-alt</Data>
    
  </EventData>
</Event>
<Event xmlns="http://schemas.microsoft.com/win/2004/08/events/event">
  <System>
    <Provider Name="Microsoft-Windows-Sysmon" Guid="{5770385f-c22a-43e0-bf4c-06f5698ffbd9}"/>
    <EventID>3</EventID>
    <Version>5</Version>
    <Level>4</Level>
    <Task>3</Task>
    <Opcode>0</Opcode>
    <Keywords>0x8000000000000000</Keywords>
    <TimeCreated SystemTime="2024-03-18T13:46:28.5258792Z"/>
    <EventRecordID>121461</EventRecordID>
    <Correlation/>
    <Execution ProcessID="2492" ThreadID="3468"/>
    <Channel>Microsoft-Windows-Sysmon/Operational</Channel>
    <Computer>WS-SMARTINEZ-01.meridianhcs.local</Computer>
    <Security UserID="S-1-5-18"/>
  </System>
  <EventData>
    
    <Data Name="RuleName">-</Data>
    <Data Name="UtcTime">2024-03-18 13:46:28.525</Data>
    <Data Name="ProcessGuid">{f613acc2-3c01-65f8-2300-0010763c254d}</Data>
    <Data Name="ProcessId">6792</Data>
    <Data Name="Image">C:\Program Files\Google\Chrome\Application\chrome.exe</Data>
    <Data Name="User">MERIDIANHCS\sophia.martinez</Data>
    <Data Name="Protocol">tcp</Data>
    <Data Name="Initiated">true</Data>
    <Data Name="SourceIsIpv6">false</Data>
    <Data Name="SourceIp">10.10.1.36</Data>
    <Data Name="SourceHostname">WS-SMARTINEZ-01.meridianhcs.local</Data>
    <Data Name="SourcePort">58883</Data>
    <Data Name="SourcePortName">-</Data>
    <Data Name="DestinationIsIpv6">false</Data>
    <Data Name="DestinationIp">10.10.3.20</Data>
    <Data Name="DestinationHostname">PROXY-01.meridianhcs.local</Data>
    <Data Name="DestinationPort">8080</Data>
    <Data Name="DestinationPortName">http-alt</Data>
    
  </EventData>
</Event>
<Event xmlns="http://schemas.microsoft.com/win/2004/08/events/event">
  <System>
    <Provider Name="Microsoft-Windows-Sysmon" Guid="{5770385f-c22a-43e0-bf4c-06f5698ffbd9}"/>
    <EventID>3</EventID>
    <Version>5</Version>
    <Level>4</Level>
    <Task>3</Task>
    <Opcode>0</Opcode>
    <Keywords>0x8000000000000000</Keywords>
    <TimeCreated SystemTime="2024-03-18T13:46:28.9228877Z"/>
    <EventRecordID>121462</EventRecordID>
    <Correlation/>
    <Execution ProcessID="2492" ThreadID="3468"/>
    <Channel>Microsoft-Windows-Sysmon/Operational</Channel>
    <Computer>WS-SMARTINEZ-01.meridianhcs.local</Computer>
    <Security UserID="S-1-5-18"/>
  </System>
  <EventData>
    
    <Data Name="RuleName">-</Data>
    <Data Name="UtcTime">2024-03-18 13:46:28.922</Data>
    <Data Name="ProcessGuid">{f613acc2-3c01-65f8-2300-0010763c254d}</Data>
    <Data Name="ProcessId">6792</Data>
    <Data Name="Image">C:\Program Files\Google\Chrome\Application\chrome.exe</Data>
    <Data Name="User">MERIDIANHCS\sophia.martinez</Data>
    <Data Name="Protocol">tcp</Data>
    <Data Name="Initiated">true</Data>
    <Data Name="SourceIsIpv6">false</Data>
    <Data Name="SourceIp">10.10.1.36</Data>
    <Data Name="SourceHostname">WS-SMARTINEZ-01.meridianhcs.local</Data>
    <Data Name="SourcePort">61980</Data>
    <Data Name="SourcePortName">-</Data>
    <Data Name="DestinationIsIpv6">false</Data>
    <Data Name="DestinationIp">10.10.3.20</Data>
    <Data Name="DestinationHostname">PROXY-01.meridianhcs.local</Data>
    <Data Name="DestinationPort">8080</Data>
    <Data Name="DestinationPortName">http-alt</Data>
    
  </EventData>
</Event>
