<Event xmlns="http://schemas.microsoft.com/win/2004/08/events/event">
  <System>
    <Provider Name="Microsoft-Windows-Sysmon" Guid="{5770385f-c22a-43e0-bf4c-06f5698ffbd9}"/>
    <EventID>1</EventID>
    <Version>5</Version>
    <Level>4</Level>
    <Task>1</Task>
    <Opcode>0</Opcode>
    <Keywords>0x8000000000000000</Keywords>
    <TimeCreated SystemTime="2024-03-18T15:20:14.7769274Z"/>
    <EventRecordID>31071</EventRecordID>
    <Correlation/>
    <Execution ProcessID="2716" ThreadID="3920"/>
    <Channel>Microsoft-Windows-Sysmon/Operational</Channel>
    <Computer>WS-AJOHNSON-01.meridianhcs.local</Computer>
    <Security UserID="S-1-5-18"/>
  </System>
  <EventData>
    
    <Data Name="RuleName">-</Data>
    <Data Name="UtcTime">2024-03-18 15:20:14.776</Data>
    <Data Name="ProcessGuid">{fd907e59-5bae-65f8-c500-000015833757}</Data>
    <Data Name="ProcessId">6476</Data>
    <Data Name="Image">C:\Windows\System32\net.exe</Data>
    <Data Name="FileVersion">10.0.19041.1</Data>
    <Data Name="Description">Net Command</Data>
    <Data Name="Product">Microsoft Windows Operating System</Data>
    <Data Name="Company">Microsoft Corporation</Data>
    <Data Name="OriginalFileName">net.exe</Data>
    <Data Name="CommandLine">net user /domain</Data>
    <Data Name="CurrentDirectory">C:\Windows\System32\</Data>
    <Data Name="User">MERIDIANHCS\aisha.johnson</Data>
    <Data Name="LogonGuid">{00000000-0000-0000-0000-000000000000}</Data>
    <Data Name="LogonId">0x270100d</Data>
    <Data Name="TerminalSessionId">5</Data>
    <Data Name="IntegrityLevel">Medium</Data>
    <Data Name="Hashes">SHA1=BCC8C7CE007F8C09DEDF4825F8AE2814FAF3F391,MD5=4C6EE12758A39C8B84F76CB66D29B78A,SHA256=FFA3F64F5B7DC0B654D3630C2627605722991B035103CE7AFA9B2CD58D13BAB7,IMPHASH=755C9F510A7EA3BD5382EBC3517575E0</Data>
    <Data Name="ParentProcessGuid">{fd907e59-5bad-65f8-cc02-00107985974f}</Data>
    <Data Name="ParentProcessId">6392</Data>
    <Data Name="ParentImage">C:\Windows\System32\WindowsPowerShell\v1.0\powershell.exe</Data>
    <Data Name="ParentCommandLine">C:\Windows\System32\WindowsPowerShell\v1.0\powershell.exe</Data>
    <Data Name="ParentUser">MERIDIANHCS\aisha.johnson</Data>
    
  </EventData>
</Event>
<Event xmlns="http://schemas.microsoft.com/win/2004/08/events/event">
  <System>
    <Provider Name="Microsoft-Windows-Sysmon" Guid="{5770385f-c22a-43e0-bf4c-06f5698ffbd9}"/>
    <EventID>5</EventID>
    <Version>3</Version>
    <Level>4</Level>
    <Task>5</Task>
    <Opcode>0</Opcode>
    <Keywords>0x8000000000000000</Keywords>
    <TimeCreated SystemTime="2024-03-18T15:20:15.0630846Z"/>
    <EventRecordID>31072</EventRecordID>
    <Correlation/>
    <Execution ProcessID="2716" ThreadID="4236"/>
    <Channel>Microsoft-Windows-Sysmon/Operational</Channel>
    <Computer>WS-AJOHNSON-01.meridianhcs.local</Computer>
    <Security UserID="S-1-5-18"/>
  </System>
  <EventData>
    
    <Data Name="RuleName">-</Data>
    <Data Name="UtcTime">2024-03-18 15:20:15.063</Data>
    <Data Name="ProcessGuid">{fd907e59-5bae-65f8-c500-000015833757}</Data>
    <Data Name="ProcessId">6476</Data>
    <Data Name="Image">C:\Windows\System32\net.exe</Data>
    <Data Name="User">MERIDIANHCS\aisha.johnson</Data>
    
  </EventData>
</Event>
<Event xmlns="http://schemas.microsoft.com/win/2004/08/events/event">
  <System>
    <Provider Name="Microsoft-Windows-Sysmon" Guid="{5770385f-c22a-43e0-bf4c-06f5698ffbd9}"/>
    <EventID>1</EventID>
    <Version>5</Version>
    <Level>4</Level>
    <Task>1</Task>
    <Opcode>0</Opcode>
    <Keywords>0x8000000000000000</Keywords>
    <TimeCreated SystemTime="2024-03-18T15:20:15.2173165Z"/>
    <EventRecordID>31073</EventRecordID>
    <Correlation/>
    <Execution ProcessID="2716" ThreadID="3920"/>
    <Channel>Microsoft-Windows-Sysmon/Operational</Channel>
    <Computer>WS-AJOHNSON-01.meridianhcs.local</Computer>
    <Security UserID="S-1-5-18"/>
  </System>
  <EventData>
    
    <Data Name="RuleName">-</Data>
    <Data Name="UtcTime">2024-03-18 15:20:15.217</Data>
    <Data Name="ProcessGuid">{fd907e59-5baf-65f8-8e02-00000850b3b0}</Data>
    <Data Name="ProcessId">6496</Data>
    <Data Name="Image">C:\Windows\System32\net.exe</Data>
    <Data Name="FileVersion">10.0.19041.1</Data>
    <Data Name="Description">Net Command</Data>
    <Data Name="Product">Microsoft Windows Operating System</Data>
    <Data Name="Company">Microsoft Corporation</Data>
    <Data Name="OriginalFileName">net.exe</Data>
    <Data Name="CommandLine">net group "Domain Admins" /domain</Data>
    <Data Name="CurrentDirectory">C:\Windows\System32\</Data>
    <Data Name="User">MERIDIANHCS\aisha.johnson</Data>
    <Data Name="LogonGuid">{00000000-0000-0000-0000-000000000000}</Data>
    <Data Name="LogonId">0x270100d</Data>
    <Data Name="TerminalSessionId">5</Data>
    <Data Name="IntegrityLevel">Medium</Data>
    <Data Name="Hashes">SHA1=BCC8C7CE007F8C09DEDF4825F8AE2814FAF3F391,MD5=4C6EE12758A39C8B84F76CB66D29B78A,SHA256=FFA3F64F5B7DC0B654D3630C2627605722991B035103CE7AFA9B2CD58D13BAB7,IMPHASH=755C9F510A7EA3BD5382EBC3517575E0</Data>
    <Data Name="ParentProcessGuid">{fd907e59-5bad-65f8-cc02-00107985974f}</Data>
    <Data Name="ParentProcessId">6392</Data>
    <Data Name="ParentImage">C:\Windows\System32\WindowsPowerShell\v1.0\powershell.exe</Data>
    <Data Name="ParentCommandLine">C:\Windows\System32\WindowsPowerShell\v1.0\powershell.exe</Data>
    <Data Name="ParentUser">MERIDIANHCS\aisha.johnson</Data>
    
  </EventData>
</Event>
<Event xmlns="http://schemas.microsoft.com/win/2004/08/events/event">
  <System>
    <Provider Name="Microsoft-Windows-Sysmon" Guid="{5770385f-c22a-43e0-bf4c-06f5698ffbd9}"/>
    <EventID>1</EventID>
    <Version>5</Version>
    <Level>4</Level>
    <Task>1</Task>
    <Opcode>0</Opcode>
    <Keywords>0x8000000000000000</Keywords>
    <TimeCreated SystemTime="2024-03-18T15:20:15.3537905Z"/>
    <EventRecordID>31074</EventRecordID>
    <Correlation/>
    <Execution ProcessID="2716" ThreadID="3684"/>
    <Channel>Microsoft-Windows-Sysmon/Operational</Channel>
    <Computer>WS-AJOHNSON-01.meridianhcs.local</Computer>
    <Security UserID="S-1-5-18"/>
  </System>
  <EventData>
    
    <Data Name="RuleName">-</Data>
    <Data Name="UtcTime">2024-03-18 15:20:15.353</Data>
    <Data Name="ProcessGuid">{fd907e59-5baf-65f8-4e00-00104307c693}</Data>
    <Data Name="ProcessId">7320</Data>
    <Data Name="Image">C:\Program Files\Microsoft Office\root\Office16\OUTLOOK.EXE</Data>
    <Data Name="FileVersion">16.0.17628.20006</Data>
    <Data Name="Description">Microsoft Outlook</Data>
    <Data Name="Product">Microsoft Office</Data>
    <Data Name="Company">Microsoft Corporation</Data>
    <Data Name="OriginalFileName">OUTLOOK.EXE</Data>
    <Data Name="CommandLine">"C:\Program Files\Microsoft Office\root\Office16\OUTLOOK.EXE" /recycle</Data>
    <Data Name="CurrentDirectory">C:\Users\aisha.johnson\</Data>
    <Data Name="User">MERIDIANHCS\aisha.johnson</Data>
    <Data Name="LogonGuid">{00000000-0000-0000-0000-000000000000}</Data>
    <Data Name="LogonId">0x270100d</Data>
    <Data Name="TerminalSessionId">5</Data>
    <Data Name="IntegrityLevel">Medium</Data>
    <Data Name="Hashes">SHA1=00553B41FF2C633CDDCC70DC6A89DE4549199D21,MD5=B89F7BBAB029745FB9584FD036A59174,SHA256=87C0B5BE68710F6A918925753EEA06D480A50E9082C36456F8D15DF00C45BA6A,IMPHASH=EDD021C2475DBC2F7A7B985B732DFB97</Data>
    <Data Name="ParentProcessGuid">{fd907e59-5bac-65f8-3100-00107258969c}</Data>
    <Data Name="ParentProcessId">6376</Data>
    <Data Name="ParentImage">C:\Windows\explorer.exe</Data>
    <Data Name="ParentCommandLine">explorer.exe</Data>
    <Data Name="ParentUser">MERIDIANHCS\aisha.johnson</Data>
    
  </EventData>
</Event>
<Event xmlns="http://schemas.microsoft.com/win/2004/08/events/event">
  <System>
    <Provider Name="Microsoft-Windows-Sysmon" Guid="{5770385f-c22a-43e0-bf4c-06f5698ffbd9}"/>
    <EventID>7</EventID>
    <Version>3</Version>
    <Level>4</Level>
    <Task>7</Task>
    <Opcode>0</Opcode>
    <Keywords>0x8000000000000000</Keywords>
    <TimeCreated SystemTime="2024-03-18T15:20:15.3550356Z"/>
    <EventRecordID>31075</EventRecordID>
    <Correlation/>
    <Execution ProcessID="2716" ThreadID="3684"/>
    <Channel>Microsoft-Windows-Sysmon/Operational</Channel>
    <Computer>WS-AJOHNSON-01.meridianhcs.local</Computer>
    <Security UserID="S-1-5-18"/>
  </System>
  <EventData>
    
    <Data Name="RuleName">-</Data>
    <Data Name="UtcTime">2024-03-18 15:20:15.355</Data>
    <Data Name="ProcessGuid">{fd907e59-5baf-65f8-4e00-00104307c693}</Data>
    <Data Name="ProcessId">7320</Data>
    <Data Name="Image">C:\Program Files\Microsoft Office\root\Office16\OUTLOOK.EXE</Data>
    <Data Name="ImageLoaded">C:\Program Files\Microsoft Office\root\Office16\OLMAPI32.DLL</Data>
    <Data Name="FileVersion">16.0.17628.20006</Data>
    <Data Name="Description">olmapi32.dll module</Data>
    <Data Name="Product">Microsoft Office</Data>
    <Data Name="Company">Microsoft Corporation</Data>
    <Data Name="OriginalFileName">olmapi32.dll</Data>
    <Data Name="Hashes">SHA1=6A40D0A6AEC5C258BE503074F28F34E64D699E0B,MD5=B6DE00791371F5A34F8343C689AE3C31,SHA256=0AE0FADF1766CA37500C6998CB02EA2192473B8C806EF2E4DC9DEB7A49444686,IMPHASH=D356903B06A6F5435B42D26A2D11CABA</Data>
    <Data Name="Signed">true</Data>
    <Data Name="Signature">Microsoft Corporation</Data>
    <Data Name="SignatureStatus">Valid</Data>
    <Data Name="User">MERIDIANHCS\aisha.johnson</Data>
    
  </EventData>
</Event>
<Event xmlns="http://schemas.microsoft.com/win/2004/08/events/event">
  <System>
    <Provider Name="Microsoft-Windows-Sysmon" Guid="{5770385f-c22a-43e0-bf4c-06f5698ffbd9}"/>
    <EventID>7</EventID>
    <Version>3</Version>
    <Level>4</Level>
    <Task>7</Task>
    <Opcode>0</Opcode>
    <Keywords>0x8000000000000000</Keywords>
    <TimeCreated SystemTime="2024-03-18T15:20:15.3552286Z"/>
    <EventRecordID>31076</EventRecordID>
    <Correlation/>
    <Execution ProcessID="2716" ThreadID="3684"/>
    <Channel>Microsoft-Windows-Sysmon/Operational</Channel>
    <Computer>WS-AJOHNSON-01.meridianhcs.local</Computer>
    <Security UserID="S-1-5-18"/>
  </System>
  <EventData>
    
    <Data Name="RuleName">-</Data>
    <Data Name="UtcTime">2024-03-18 15:20:15.355</Data>
    <Data Name="ProcessGuid">{fd907e59-5baf-65f8-4e00-00104307c693}</Data>
    <Data Name="ProcessId">7320</Data>
    <Data Name="Image">C:\Program Files\Microsoft Office\root\Office16\OUTLOOK.EXE</Data>
    <Data Name="ImageLoaded">C:\Program Files\Microsoft Office\root\Office16\mso.dll</Data>
    <Data Name="FileVersion">16.0.17628.20006</Data>
    <Data Name="Description">mso.dll module</Data>
    <Data Name="Product">Microsoft Office</Data>
    <Data Name="Company">Microsoft Corporation</Data>
    <Data Name="OriginalFileName">mso.dll</Data>
    <Data Name="Hashes">SHA1=5145DA7A68EBB536DBC800527E3C72C92A0431FF,MD5=F8412A282D3B177395141379D7683EC3,SHA256=062ADB0CE74BDF3E423A202AE2E3AFFFCB53DA36FED56407F0DCEF514F662529,IMPHASH=73D94C6CAFE443A5229CBB8C6C01BE54</Data>
    <Data Name="Signed">true</Data>
    <Data Name="Signature">Microsoft Corporation</Data>
    <Data Name="SignatureStatus">Valid</Data>
    <Data Name="User">MERIDIANHCS\aisha.johnson</Data>
    
  </EventData>
</Event>
<Event xmlns="http://schemas.microsoft.com/win/2004/08/events/event">
  <System>
    <Provider Name="Microsoft-Windows-Sysmon" Guid="{5770385f-c22a-43e0-bf4c-06f5698ffbd9}"/>
    <EventID>13</EventID>
    <Version>2</Version>
    <Level>4</Level>
    <Task>13</Task>
    <Opcode>0</Opcode>
    <Keywords>0x8000000000000000</Keywords>
    <TimeCreated SystemTime="2024-03-18T15:20:15.3555817Z"/>
    <EventRecordID>31077</EventRecordID>
    <Correlation/>
    <Execution ProcessID="2716" ThreadID="3684"/>
    <Channel>Microsoft-Windows-Sysmon/Operational</Channel>
    <Computer>WS-AJOHNSON-01.meridianhcs.local</Computer>
    <Security UserID="S-1-5-18"/>
  </System>
  <EventData>
    
    <Data Name="RuleName">-</Data>
    <Data Name="EventType">SetValue</Data>
    <Data Name="UtcTime">2024-03-18 15:20:15.355</Data>
    <Data Name="ProcessGuid">{fd907e59-5baf-65f8-4e00-00104307c693}</Data>
    <Data Name="ProcessId">7320</Data>
    <Data Name="Image">C:\Program Files\Microsoft Office\root\Office16\OUTLOOK.EXE</Data>
    <Data Name="TargetObject">HKU\S-1-5-21-1537687973-2974994828-3875246326-1007\Software\Microsoft\Windows\CurrentVersion\Search\SearchboxTaskbarMode</Data>
    <Data Name="Details">DWORD (0x00000002)</Data>
    <Data Name="User">MERIDIANHCS\aisha.johnson</Data>
    
  </EventData>
</Event>
<Event xmlns="http://schemas.microsoft.com/win/2004/08/events/event">
  <System>
    <Provider Name="Microsoft-Windows-Sysmon" Guid="{5770385f-c22a-43e0-bf4c-06f5698ffbd9}"/>
    <EventID>13</EventID>
    <Version>2</Version>
    <Level>4</Level>
    <Task>13</Task>
    <Opcode>0</Opcode>
    <Keywords>0x8000000000000000</Keywords>
    <TimeCreated SystemTime="2024-03-18T15:20:15.5745633Z"/>
    <EventRecordID>31078</EventRecordID>
    <Correlation/>
    <Execution ProcessID="2716" ThreadID="3684"/>
    <Channel>Microsoft-Windows-Sysmon/Operational</Channel>
    <Computer>WS-AJOHNSON-01.meridianhcs.local</Computer>
    <Security UserID="S-1-5-18"/>
  </System>
  <EventData>
    
    <Data Name="RuleName">-</Data>
    <Data Name="EventType">SetValue</Data>
    <Data Name="UtcTime">2024-03-18 15:20:15.574</Data>
    <Data Name="ProcessGuid">{fd907e59-5baf-65f8-4e00-00104307c693}</Data>
    <Data Name="ProcessId">7320</Data>
    <Data Name="Image">C:\Program Files\Microsoft Office\root\Office16\OUTLOOK.EXE</Data>
    <Data Name="TargetObject">HKU\S-1-5-21-1537687973-2974994828-3875246326-1007\Software\Microsoft\Office\16.0\Excel\File MRU\Item 2</Data>
    <Data Name="Details">[F00000000][T01D9]C:\Users\aisha.johnson\Documents\budget-18.xlsx</Data>
    <Data Name="User">MERIDIANHCS\aisha.johnson</Data>
    
  </EventData>
</Event>
<Event xmlns="http://schemas.microsoft.com/win/2004/08/events/event">
  <System>
    <Provider Name="Microsoft-Windows-Sysmon" Guid="{5770385f-c22a-43e0-bf4c-06f5698ffbd9}"/>
    <EventID>5</EventID>
    <Version>3</Version>
    <Level>4</Level>
    <Task>5</Task>
    <Opcode>0</Opcode>
    <Keywords>0x8000000000000000</Keywords>
    <TimeCreated SystemTime="2024-03-18T15:20:16.4153774Z"/>
    <EventRecordID>31079</EventRecordID>
    <Correlation/>
    <Execution ProcessID="2716" ThreadID="4236"/>
    <Channel>Microsoft-Windows-Sysmon/Operational</Channel>
    <Computer>WS-AJOHNSON-01.meridianhcs.local</Computer>
    <Security UserID="S-1-5-18"/>
  </System>
  <EventData>
    
    <Data Name="RuleName">-</Data>
    <Data Name="UtcTime">2024-03-18 15:20:16.415</Data>
    <Data Name="ProcessGuid">{fd907e59-5baf-65f8-8e02-00000850b3b0}</Data>
    <Data Name="ProcessId">6496</Data>
    <Data Name="Image">C:\Windows\System32\net.exe</Data>
    <Data Name="User">MERIDIANHCS\aisha.johnson</Data>
    
  </EventData>
</Event>
<Event xmlns="http://schemas.microsoft.com/win/2004/08/events/event">
  <System>
    <Provider Name="Microsoft-Windows-Sysmon" Guid="{5770385f-c22a-43e0-bf4c-06f5698ffbd9}"/>
    <EventID>1</EventID>
    <Version>5</Version>
    <Level>4</Level>
    <Task>1</Task>
    <Opcode>0</Opcode>
    <Keywords>0x8000000000000000</Keywords>
    <TimeCreated SystemTime="2024-03-18T15:20:16.6375625Z"/>
    <EventRecordID>31080</EventRecordID>
    <Correlation/>
    <Execution ProcessID="2716" ThreadID="4036"/>
    <Channel>Microsoft-Windows-Sysmon/Operational</Channel>
    <Computer>WS-AJOHNSON-01.meridianhcs.local</Computer>
    <Security UserID="S-1-5-18"/>
  </System>
  <EventData>
    
    <Data Name="RuleName">-</Data>
    <Data Name="UtcTime">2024-03-18 15:20:16.637</Data>
    <Data Name="ProcessGuid">{fd907e59-5bb0-65f8-ad02-00103c81cf0b}</Data>
    <Data Name="ProcessId">6500</Data>
    <Data Name="Image">C:\Windows\System32\net.exe</Data>
    <Data Name="FileVersion">10.0.19041.1</Data>
    <Data Name="Description">Net Command</Data>
    <Data Name="Product">Microsoft Windows Operating System</Data>
    <Data Name="Company">Microsoft Corporation</Data>
    <Data Name="OriginalFileName">net.exe</Data>
    <Data Name="CommandLine">net view /domain</Data>
    <Data Name="CurrentDirectory">C:\Windows\System32\</Data>
    <Data Name="User">MERIDIANHCS\aisha.johnson</Data>
    <Data Name="LogonGuid">{00000000-0000-0000-0000-000000000000}</Data>
    <Data Name="LogonId">0x270100d</Data>
    <Data Name="TerminalSessionId">5</Data>
    <Data Name="IntegrityLevel">Medium</Data>
    <Data Name="Hashes">SHA1=BCC8C7CE007F8C09DEDF4825F8AE2814FAF3F391,MD5=4C6EE12758A39C8B84F76CB66D29B78A,SHA256=FFA3F64F5B7DC0B654D3630C2627605722991B035103CE7AFA9B2CD58D13BAB7,IMPHASH=755C9F510A7EA3BD5382EBC3517575E0</Data>
    <Data Name="ParentProcessGuid">{fd907e59-5bad-65f8-cc02-00107985974f}</Data>
    <Data Name="ParentProcessId">6392</Data>
    <Data Name="ParentImage">C:\Windows\System32\WindowsPowerShell\v1.0\powershell.exe</Data>
    <Data Name="ParentCommandLine">C:\Windows\System32\WindowsPowerShell\v1.0\powershell.exe</Data>
    <Data Name="ParentUser">MERIDIANHCS\aisha.johnson</Data>
    
  </EventData>
</Event>
<Event xmlns="http://schemas.microsoft.com/win/2004/08/events/event">
  <System>
    <Provider Name="Microsoft-Windows-Sysmon" Guid="{5770385f-c22a-43e0-bf4c-06f5698ffbd9}"/>
    <EventID>5</EventID>
    <Version>3</Version>
    <Level>4</Level>
    <Task>5</Task>
    <Opcode>0</Opcode>
    <Keywords>0x8000000000000000</Keywords>
    <TimeCreated SystemTime="2024-03-18T15:20:18.0550062Z"/>
    <EventRecordID>31082</EventRecordID>
    <Correlation/>
    <Execution ProcessID="2716" ThreadID="4236"/>
    <Channel>Microsoft-Windows-Sysmon/Operational</Channel>
    <Computer>WS-AJOHNSON-01.meridianhcs.local</Computer>
    <Security UserID="S-1-5-18"/>
  </System>
  <EventData>
    
    <Data Name="RuleName">-</Data>
    <Data Name="UtcTime">2024-03-18 15:20:18.055</Data>
    <Data Name="ProcessGuid">{fd907e59-5bae-65f8-1c00-0010245fe026}</Data>
    <Data Name="ProcessId">6472</Data>
    <Data Name="Image">C:\Windows\System32\whoami.exe</Data>
    <Data Name="User">MERIDIANHCS\aisha.johnson</Data>
    
  </EventData>
</Event>
<Event xmlns="http://schemas.microsoft.com/win/2004/08/events/event">
  <System>
    <Provider Name="Microsoft-Windows-Sysmon" Guid="{5770385f-c22a-43e0-bf4c-06f5698ffbd9}"/>
    <EventID>3</EventID>
    <Version>5</Version>
    <Level>4</Level>
    <Task>3</Task>
    <Opcode>0</Opcode>
    <Keywords>0x8000000000000000</Keywords>
    <TimeCreated SystemTime="2024-03-18T15:20:21.1751223Z"/>
    <EventRecordID>31083</EventRecordID>
    <Correlation/>
    <Execution ProcessID="2716" ThreadID="4036"/>
    <Channel>Microsoft-Windows-Sysmon/Operational</Channel>
    <Computer>WS-AJOHNSON-01.meridianhcs.local</Computer>
    <Security UserID="S-1-5-18"/>
  </System>
  <EventData>
    
    <Data Name="RuleName">-</Data>
    <Data Name="UtcTime">2024-03-18 15:20:21.175</Data>
    <Data Name="ProcessGuid">{fd907e59-5bb0-65f8-ad02-00103c81cf0b}</Data>
    <Data Name="ProcessId">6500</Data>
    <Data Name="Image">C:\Windows\System32\net.exe</Data>
    <Data Name="User">MERIDIANHCS\aisha.johnson</Data>
    <Data Name="Protocol">tcp</Data>
    <Data Name="Initiated">true</Data>
    <Data Name="SourceIsIpv6">false</Data>
    <Data Name="SourceIp">10.10.1.35</Data>
    <Data Name="SourceHostname">WS-AJOHNSON-01.meridianhcs.local</Data>
    <Data Name="SourcePort">63820</Data>
    <Data Name="SourcePortName">-</Data>
    <Data Name="DestinationIsIpv6">false</Data>
    <Data Name="DestinationIp">10.10.2.10</Data>
    <Data Name="DestinationHostname">DC-01.meridianhcs.local</Data>
    <Data Name="DestinationPort">389</Data>
    <Data Name="DestinationPortName">ldap</Data>
    
  </EventData>
</Event>
<Event xmlns="http://schemas.microsoft.com/win/2004/08/events/event">
  <System>
    <Provider Name="Microsoft-Windows-Sysmon" Guid="{5770385f-c22a-43e0-bf4c-06f5698ffbd9}"/>
    <EventID>3</EventID>
    <Version>5</Version>
    <Level>4</Level>
    <Task>3</Task>
    <Opcode>0</Opcode>
    <Keywords>0x8000000000000000</Keywords>
    <TimeCreated SystemTime="2024-03-18T15:20:27.2560750Z"/>
    <EventRecordID>31084</EventRecordID>
    <Correlation/>
    <Execution ProcessID="2716" ThreadID="3920"/>
    <Channel>Microsoft-Windows-Sysmon/Operational</Channel>
    <Computer>WS-AJOHNSON-01.meridianhcs.local</Computer>
    <Security UserID="S-1-5-18"/>
  </System>
  <EventData>
    
    <Data Name="RuleName">-</Data>
    <Data Name="UtcTime">2024-03-18 15:20:27.256</Data>
    <Data Name="ProcessGuid">{fd907e59-3f2c-65f8-eb02-0000fbbf3dfd}</Data>
    <Data Name="ProcessId">5340</Data>
    <Data Name="Image">C:\Program Files\Mozilla Firefox\firefox.exe</Data>
    <Data Name="User">MERIDIANHCS\aisha.johnson</Data>
    <Data Name="Protocol">tcp</Data>
    <Data Name="Initiated">true</Data>
    <Data Name="SourceIsIpv6">false</Data>
    <Data Name="SourceIp">10.10.1.35</Data>
    <Data Name="SourceHostname">WS-AJOHNSON-01.meridianhcs.local</Data>
    <Data Name="SourcePort">61169</Data>
    <Data Name="SourcePortName">-</Data>
    <Data Name="DestinationIsIpv6">false</Data>
    <Data Name="DestinationIp">10.10.3.20</Data>
    <Data Name="DestinationHostname">PROXY-01.meridianhcs.local</Data>
    <Data Name="DestinationPort">8080</Data>
    <Data Name="DestinationPortName">http-alt</Data>
    
  </EventData>
</Event>
<Event xmlns="http://schemas.microsoft.com/win/2004/08/events/event">
  <System>
    <Provider Name="Microsoft-Windows-Sysmon" Guid="{5770385f-c22a-43e0-bf4c-06f5698ffbd9}"/>
    <EventID>5</EventID>
    <Version>3</Version>
    <Level>4</Level>
    <Task>5</Task>
    <Opcode>0</Opcode>
    <Keywords>0x8000000000000000</Keywords>
    <TimeCreated SystemTime="2024-03-18T15:21:05.2738457Z"/>
    <EventRecordID>31086</EventRecordID>
    <Correlation/>
    <Execution ProcessID="2716" ThreadID="4236"/>
    <Channel>Microsoft-Windows-Sysmon/Operational</Channel>
    <Computer>WS-AJOHNSON-01.meridianhcs.local</Computer>
    <Security UserID="S-1-5-18"/>
  </System>
  <EventData>
    
    <Data Name="RuleName">-</Data>
    <Data Name="UtcTime">2024-03-18 15:21:05.273</Data>
    <Data Name="ProcessGuid">{fd907e59-5bb0-65f8-ad02-00103c81cf0b}</Data>
    <Data Name="ProcessId">6500</Data>
    <Data Name="Image">C:\Windows\System32\net.exe</Data>
    <Data Name="User">MERIDIANHCS\aisha.johnson</Data>
    
  </EventData>
</Event>
<Event xmlns="http://schemas.microsoft.com/win/2004/08/events/event">
  <System>
    <Provider Name="Microsoft-Windows-Sysmon" Guid="{5770385f-c22a-43e0-bf4c-06f5698ffbd9}"/>
    <EventID>3</EventID>
    <Version>5</Version>
    <Level>4</Level>
    <Task>3</Task>
    <Opcode>0</Opcode>
    <Keywords>0x8000000000000000</Keywords>
    <TimeCreated SystemTime="2024-03-18T15:22:50.9369946Z"/>
    <EventRecordID>31092</EventRecordID>
    <Correlation/>
    <Execution ProcessID="2716" ThreadID="3684"/>
    <Channel>Microsoft-Windows-Sysmon/Operational</Channel>
    <Computer>WS-AJOHNSON-01.meridianhcs.local</Computer>
    <Security UserID="S-1-5-18"/>
  </System>
  <EventData>
    
    <Data Name="RuleName">-</Data>
    <Data Name="UtcTime">2024-03-18 15:22:50.936</Data>
    <Data Name="ProcessGuid">{fd907e59-3f2c-65f8-eb02-0000fbbf3dfd}</Data>
    <Data Name="ProcessId">5340</Data>
    <Data Name="Image">C:\Program Files\Mozilla Firefox\firefox.exe</Data>
    <Data Name="User">MERIDIANHCS\aisha.johnson</Data>
    <Data Name="Protocol">tcp</Data>
    <Data Name="Initiated">true</Data>
    <Data Name="SourceIsIpv6">false</Data>
    <Data Name="SourceIp">10.10.1.35</Data>
    <Data Name="SourceHostname">WS-AJOHNSON-01.meridianhcs.local</Data>
    <Data Name="SourcePort">54951</Data>
    <Data Name="SourcePortName">-</Data>
    <Data Name="DestinationIsIpv6">false</Data>
    <Data Name="DestinationIp">10.10.3.20</Data>
    <Data Name="DestinationHostname">PROXY-01.meridianhcs.local</Data>
    <Data Name="DestinationPort">8080</Data>
    <Data Name="DestinationPortName">http-alt</Data>
    
  </EventData>
</Event>
<Event xmlns="http://schemas.microsoft.com/win/2004/08/events/event">
  <System>
    <Provider Name="Microsoft-Windows-Sysmon" Guid="{5770385f-c22a-43e0-bf4c-06f5698ffbd9}"/>
    <EventID>3</EventID>
    <Version>5</Version>
    <Level>4</Level>
    <Task>3</Task>
    <Opcode>0</Opcode>
    <Keywords>0x8000000000000000</Keywords>
    <TimeCreated SystemTime="2024-03-18T15:22:52.1441102Z"/>
    <EventRecordID>31093</EventRecordID>
    <Correlation/>
    <Execution ProcessID="2716" ThreadID="3684"/>
    <Channel>Microsoft-Windows-Sysmon/Operational</Channel>
    <Computer>WS-AJOHNSON-01.meridianhcs.local</Computer>
    <Security UserID="S-1-5-18"/>
  </System>
  <EventData>
    
    <Data Name="RuleName">-</Data>
    <Data Name="UtcTime">2024-03-18 15:22:52.144</Data>
    <Data Name="ProcessGuid">{fd907e59-3f2c-65f8-eb02-0000fbbf3dfd}</Data>
    <Data Name="ProcessId">5340</Data>
    <Data Name="Image">C:\Program Files\Mozilla Firefox\firefox.exe</Data>
    <Data Name="User">MERIDIANHCS\aisha.johnson</Data>
    <Data Name="Protocol">tcp</Data>
    <Data Name="Initiated">true</Data>
    <Data Name="SourceIsIpv6">false</Data>
    <Data Name="SourceIp">10.10.1.35</Data>
    <Data Name="SourceHostname">WS-AJOHNSON-01.meridianhcs.local</Data>
    <Data Name="SourcePort">52284</Data>
    <Data Name="SourcePortName">-</Data>
    <Data Name="DestinationIsIpv6">false</Data>
    <Data Name="DestinationIp">10.10.3.20</Data>
    <Data Name="DestinationHostname">PROXY-01.meridianhcs.local</Data>
    <Data Name="DestinationPort">8080</Data>
    <Data Name="DestinationPortName">http-alt</Data>
    
  </EventData>
</Event>
<Event xmlns="http://schemas.microsoft.com/win/2004/08/events/event">
  <System>
    <Provider Name="Microsoft-Windows-Sysmon" Guid="{5770385f-c22a-43e0-bf4c-06f5698ffbd9}"/>
    <EventID>3</EventID>
    <Version>5</Version>
    <Level>4</Level>
    <Task>3</Task>
    <Opcode>0</Opcode>
    <Keywords>0x8000000000000000</Keywords>
    <TimeCreated SystemTime="2024-03-18T15:22:52.7771292Z"/>
    <EventRecordID>31094</EventRecordID>
    <Correlation/>
    <Execution ProcessID="2716" ThreadID="3920"/>
    <Channel>Microsoft-Windows-Sysmon/Operational</Channel>
    <Computer>WS-AJOHNSON-01.meridianhcs.local</Computer>
    <Security UserID="S-1-5-18"/>
  </System>
  <EventData>
    
    <Data Name="RuleName">-</Data>
    <Data Name="UtcTime">2024-03-18 15:22:52.777</Data>
    <Data Name="ProcessGuid">{fd907e59-3f2c-65f8-eb02-0000fbbf3dfd}</Data>
    <Data Name="ProcessId">5340</Data>
    <Data Name="Image">C:\Program Files\Mozilla Firefox\firefox.exe</Data>
    <Data Name="User">MERIDIANHCS\aisha.johnson</Data>
    <Data Name="Protocol">tcp</Data>
    <Data Name="Initiated">true</Data>
    <Data Name="SourceIsIpv6">false</Data>
    <Data Name="SourceIp">10.10.1.35</Data>
    <Data Name="SourceHostname">WS-AJOHNSON-01.meridianhcs.local</Data>
    <Data Name="SourcePort">55539</Data>
    <Data Name="SourcePortName">-</Data>
    <Data Name="DestinationIsIpv6">false</Data>
    <Data Name="DestinationIp">10.10.3.20</Data>
    <Data Name="DestinationHostname">PROXY-01.meridianhcs.local</Data>
    <Data Name="DestinationPort">8080</Data>
    <Data Name="DestinationPortName">http-alt</Data>
    
  </EventData>
</Event>
<Event xmlns="http://schemas.microsoft.com/win/2004/08/events/event">
  <System>
    <Provider Name="Microsoft-Windows-Sysmon" Guid="{5770385f-c22a-43e0-bf4c-06f5698ffbd9}"/>
    <EventID>13</EventID>
    <Version>2</Version>
    <Level>4</Level>
    <Task>13</Task>
    <Opcode>0</Opcode>
    <Keywords>0x8000000000000000</Keywords>
    <TimeCreated SystemTime="2024-03-18T15:23:01.3620662Z"/>
    <EventRecordID>31095</EventRecordID>
    <Correlation/>
    <Execution ProcessID="2716" ThreadID="3920"/>
    <Channel>Microsoft-Windows-Sysmon/Operational</Channel>
    <Computer>WS-AJOHNSON-01.meridianhcs.local</Computer>
    <Security UserID="S-1-5-18"/>
  </System>
  <EventData>
    
    <Data Name="RuleName">-</Data>
    <Data Name="EventType">SetValue</Data>
    <Data Name="UtcTime">2024-03-18 15:23:01.362</Data>
    <Data Name="ProcessGuid">{fd907e59-385c-65f4-8200-0000ff37dee1}</Data>
    <Data Name="ProcessId">4784</Data>
    <Data Name="Image">C:\Windows\explorer.exe</Data>
    <Data Name="TargetObject">HKU\S-1-5-21-1537687973-2974994828-3875246326-1007\Software\Microsoft\Windows\CurrentVersion\Explorer\UserAssist\{CEBFF5CD-ACE2-4F4F-9178-9926F41749EA}\Count\HRZR_EHACNGU:P:\Cebtenz Svyrf\Zvpebfbsg Bssvpr\ebbg\Bssvpr16\JVAJBEQ.RKR</Data>
    <Data Name="Details">0F 5E A4 80 56 B3 45 52 8F 94 7D E4 26 D9 35 9A E4 11 5F AD DB 5A 91 93 22 4E 3D 7C 17 C0 30 6C</Data>
    <Data Name="User">MERIDIANHCS\aisha.johnson</Data>
    
  </EventData>
</Event>
<Event xmlns="http://schemas.microsoft.com/win/2004/08/events/event">
  <System>
    <Provider Name="Microsoft-Windows-Sysmon" Guid="{5770385f-c22a-43e0-bf4c-06f5698ffbd9}"/>
    <EventID>5</EventID>
    <Version>3</Version>
    <Level>4</Level>
    <Task>5</Task>
    <Opcode>0</Opcode>
    <Keywords>0x8000000000000000</Keywords>
    <TimeCreated SystemTime="2024-03-18T15:23:04.5328660Z"/>
    <EventRecordID>31096</EventRecordID>
    <Correlation/>
    <Execution ProcessID="2716" ThreadID="4036"/>
    <Channel>Microsoft-Windows-Sysmon/Operational</Channel>
    <Computer>WS-AJOHNSON-01.meridianhcs.local</Computer>
    <Security UserID="S-1-5-18"/>
  </System>
  <EventData>
    
    <Data Name="RuleName">-</Data>
    <Data Name="UtcTime">2024-03-18 15:23:04.532</Data>
    <Data Name="ProcessGuid">{fd907e59-5b51-65f8-2800-001049c9504f}</Data>
    <Data Name="ProcessId">6224</Data>
    <Data Name="Image">C:\Windows\System32\OpenSSH\ssh.exe</Data>
    <Data Name="User">MERIDIANHCS\aisha.johnson</Data>
    
  </EventData>
</Event>
<Event xmlns="http://schemas.microsoft.com/win/2004/08/events/event">
  <System>
    <Provider Name="Microsoft-Windows-Sysmon" Guid="{5770385f-c22a-43e0-bf4c-06f5698ffbd9}"/>
    <EventID>1</EventID>
    <Version>5</Version>
    <Level>4</Level>
    <Task>1</Task>
    <Opcode>0</Opcode>
    <Keywords>0x8000000000000000</Keywords>
    <TimeCreated SystemTime="2024-03-18T15:23:35.1196907Z"/>
    <EventRecordID>31099</EventRecordID>
    <Correlation/>
    <Execution ProcessID="2716" ThreadID="4236"/>
    <Channel>Microsoft-Windows-Sysmon/Operational</Channel>
    <Computer>WS-AJOHNSON-01.meridianhcs.local</Computer>
    <Security UserID="S-1-5-18"/>
  </System>
  <EventData>
    
    <Data Name="RuleName">-</Data>
    <Data Name="UtcTime">2024-03-18 15:23:35.119</Data>
    <Data Name="ProcessGuid">{fd907e59-5c77-65f8-2300-00101ef22800}</Data>
    <Data Name="ProcessId">5976</Data>
    <Data Name="Image">C:\Users\aisha.johnson\AppData\Local\slack\Slack.exe</Data>
    <Data Name="FileVersion">4.38.125</Data>
    <Data Name="Description">Slack</Data>
    <Data Name="Product">Slack</Data>
    <Data Name="Company">Slack Technologies, LLC</Data>
    <Data Name="OriginalFileName">Slack.exe</Data>
    <Data Name="CommandLine">"C:\Users\aisha.johnson\AppData\Local\slack\Slack.exe" --startup</Data>
    <Data Name="CurrentDirectory">C:\Users\aisha.johnson\AppData\Local\slack\</Data>
    <Data Name="User">MERIDIANHCS\aisha.johnson</Data>
    <Data Name="LogonGuid">{00000000-0000-0000-0000-000000000000}</Data>
    <Data Name="LogonId">0x257cca3</Data>
    <Data Name="TerminalSessionId">3</Data>
    <Data Name="IntegrityLevel">Medium</Data>
    <Data Name="Hashes">SHA1=41921B251D3A2B52543F8CA5F776EDC2FD961BCC,MD5=09CBD42DE4958BCDE1C0E1EDC8EEA63B,SHA256=31CDFFAACC8CAF640722A78AAF76B801937EFAF7D469EF0A8842ED9C0F50D93F,IMPHASH=181DD27DB1F11D9480F391825E3EFCF9</Data>
    <Data Name="ParentProcessGuid">{fd907e59-2e32-65f8-5802-000086aa95a9}</Data>
    <Data Name="ParentProcessId">5292</Data>
    <Data Name="ParentImage">C:\Windows\explorer.exe</Data>
    <Data Name="ParentCommandLine">explorer.exe</Data>
    <Data Name="ParentUser">MERIDIANHCS\aisha.johnson</Data>
    
  </EventData>
</Event>
<Event xmlns="http://schemas.microsoft.com/win/2004/08/events/event">
  <System>
    <Provider Name="Microsoft-Windows-Sysmon" Guid="{5770385f-c22a-43e0-bf4c-06f5698ffbd9}"/>
    <EventID>7</EventID>
    <Version>3</Version>
    <Level>4</Level>
    <Task>7</Task>
    <Opcode>0</Opcode>
    <Keywords>0x8000000000000000</Keywords>
    <TimeCreated SystemTime="2024-03-18T15:23:35.1207052Z"/>
    <EventRecordID>31100</EventRecordID>
    <Correlation/>
    <Execution ProcessID="2716" ThreadID="4236"/>
    <Channel>Microsoft-Windows-Sysmon/Operational</Channel>
    <Computer>WS-AJOHNSON-01.meridianhcs.local</Computer>
    <Security UserID="S-1-5-18"/>
  </System>
  <EventData>
    
    <Data Name="RuleName">-</Data>
    <Data Name="UtcTime">2024-03-18 15:23:35.120</Data>
    <Data Name="ProcessGuid">{fd907e59-5c77-65f8-2300-00101ef22800}</Data>
    <Data Name="ProcessId">5976</Data>
    <Data Name="Image">C:\Users\aisha.johnson\AppData\Local\slack\Slack.exe</Data>
    <Data Name="ImageLoaded">C:\Users\aisha.johnson\AppData\Local\slack\app-4.38.125\slack_elf.dll</Data>
    <Data Name="FileVersion">4.38.125</Data>
    <Data Name="Description">Slack ELF</Data>
    <Data Name="Product">Slack</Data>
    <Data Name="Company">Slack Technologies, LLC</Data>
    <Data Name="OriginalFileName">slack_elf.dll</Data>
    <Data Name="Hashes">SHA1=F45052597FF13CEADE41A3BA445CC72A3BDBEFFE,MD5=E3DFAC360C638F9775193A9B9414F3D3,SHA256=13AC773D11E7BE93E117FD36C5FE3D1132866EE99B986993264DFFE84D9B2963,IMPHASH=27E6E4BC1E3138F1C0B197CC080911E5</Data>
    <Data Name="Signed">true</Data>
    <Data Name="Signature">Slack Technologies, LLC</Data>
    <Data Name="SignatureStatus">Valid</Data>
    <Data Name="User">MERIDIANHCS\aisha.johnson</Data>
    
  </EventData>
</Event>
<Event xmlns="http://schemas.microsoft.com/win/2004/08/events/event">
  <System>
    <Provider Name="Microsoft-Windows-Sysmon" Guid="{5770385f-c22a-43e0-bf4c-06f5698ffbd9}"/>
    <EventID>3</EventID>
    <Version>5</Version>
    <Level>4</Level>
    <Task>3</Task>
    <Opcode>0</Opcode>
    <Keywords>0x8000000000000000</Keywords>
    <TimeCreated SystemTime="2024-03-18T15:23:35.4827509Z"/>
    <EventRecordID>31101</EventRecordID>
    <Correlation/>
    <Execution ProcessID="2716" ThreadID="4236"/>
    <Channel>Microsoft-Windows-Sysmon/Operational</Channel>
    <Computer>WS-AJOHNSON-01.meridianhcs.local</Computer>
    <Security UserID="S-1-5-18"/>
  </System>
  <EventData>
    
    <Data Name="RuleName">-</Data>
    <Data Name="UtcTime">2024-03-18 15:23:35.482</Data>
    <Data Name="ProcessGuid">{fd907e59-3f2c-65f8-eb02-0000fbbf3dfd}</Data>
    <Data Name="ProcessId">5340</Data>
    <Data Name="Image">C:\Program Files\Mozilla Firefox\firefox.exe</Data>
    <Data Name="User">MERIDIANHCS\aisha.johnson</Data>
    <Data Name="Protocol">tcp</Data>
    <Data Name="Initiated">true</Data>
    <Data Name="SourceIsIpv6">false</Data>
    <Data Name="SourceIp">10.10.1.35</Data>
    <Data Name="SourceHostname">WS-AJOHNSON-01.meridianhcs.local</Data>
    <Data Name="SourcePort">57903</Data>
    <Data Name="SourcePortName">-</Data>
    <Data Name="DestinationIsIpv6">false</Data>
    <Data Name="DestinationIp">10.10.3.20</Data>
    <Data Name="DestinationHostname">PROXY-01.meridianhcs.local</Data>
    <Data Name="DestinationPort">8080</Data>
    <Data Name="DestinationPortName">http-alt</Data>
    
  </EventData>
</Event>
<Event xmlns="http://schemas.microsoft.com/win/2004/08/events/event">
  <System>
    <Provider Name="Microsoft-Windows-Sysmon" Guid="{5770385f-c22a-43e0-bf4c-06f5698ffbd9}"/>
    <EventID>3</EventID>
    <Version>5</Version>
    <Level>4</Level>
    <Task>3</Task>
    <Opcode>0</Opcode>
    <Keywords>0x8000000000000000</Keywords>
    <TimeCreated SystemTime="2024-03-18T15:23:38.0675776Z"/>
    <EventRecordID>31102</EventRecordID>
    <Correlation/>
    <Execution ProcessID="2716" ThreadID="4236"/>
    <Channel>Microsoft-Windows-Sysmon/Operational</Channel>
    <Computer>WS-AJOHNSON-01.meridianhcs.local</Computer>
    <Security UserID="S-1-5-18"/>
  </System>
  <EventData>
    
    <Data Name="RuleName">-</Data>
    <Data Name="UtcTime">2024-03-18 15:23:38.067</Data>
    <Data Name="ProcessGuid">{fd907e59-3f2c-65f8-eb02-0000fbbf3dfd}</Data>
    <Data Name="ProcessId">5340</Data>
    <Data Name="Image">C:\Program Files\Mozilla Firefox\firefox.exe</Data>
    <Data Name="User">MERIDIANHCS\aisha.johnson</Data>
    <Data Name="Protocol">tcp</Data>
    <Data Name="Initiated">true</Data>
    <Data Name="SourceIsIpv6">false</Data>
    <Data Name="SourceIp">10.10.1.35</Data>
    <Data Name="SourceHostname">WS-AJOHNSON-01.meridianhcs.local</Data>
    <Data Name="SourcePort">64885</Data>
    <Data Name="SourcePortName">-</Data>
    <Data Name="DestinationIsIpv6">false</Data>
    <Data Name="DestinationIp">10.10.3.20</Data>
    <Data Name="DestinationHostname">PROXY-01.meridianhcs.local</Data>
    <Data Name="DestinationPort">8080</Data>
    <Data Name="DestinationPortName">http-alt</Data>
    
  </EventData>
</Event>
<Event xmlns="http://schemas.microsoft.com/win/2004/08/events/event">
  <System>
    <Provider Name="Microsoft-Windows-Sysmon" Guid="{5770385f-c22a-43e0-bf4c-06f5698ffbd9}"/>
    <EventID>1</EventID>
    <Version>5</Version>
    <Level>4</Level>
    <Task>1</Task>
    <Opcode>0</Opcode>
    <Keywords>0x8000000000000000</Keywords>
    <TimeCreated SystemTime="2024-03-18T15:24:26.2342820Z"/>
    <EventRecordID>31104</EventRecordID>
    <Correlation/>
    <Execution ProcessID="2716" ThreadID="3684"/>
    <Channel>Microsoft-Windows-Sysmon/Operational</Channel>
    <Computer>WS-AJOHNSON-01.meridianhcs.local</Computer>
    <Security UserID="S-1-5-18"/>
  </System>
  <EventData>
    
    <Data Name="RuleName">-</Data>
    <Data Name="UtcTime">2024-03-18 15:24:26.234</Data>
    <Data Name="ProcessGuid">{fd907e59-5caa-65f8-6902-00009b950c54}</Data>
    <Data Name="ProcessId">6216</Data>
    <Data Name="Image">C:\Windows\System32\OpenSSH\ssh.exe</Data>
    <Data Name="FileVersion">8.6.0.1</Data>
    <Data Name="Description">OpenSSH SSH client</Data>
    <Data Name="Product">OpenSSH for Windows</Data>
    <Data Name="Company">Microsoft Corporation</Data>
    <Data Name="OriginalFileName">ssh.exe</Data>
    <Data Name="CommandLine">ssh.exe aisha.johnson@WEB-EXT-01.meridianhcs.local</Data>
    <Data Name="CurrentDirectory">C:\Users\aisha.johnson\</Data>
    <Data Name="User">MERIDIANHCS\aisha.johnson</Data>
    <Data Name="LogonGuid">{00000000-0000-0000-0000-000000000000}</Data>
    <Data Name="LogonId">0x257cca3</Data>
    <Data Name="TerminalSessionId">3</Data>
    <Data Name="IntegrityLevel">Medium</Data>
    <Data Name="Hashes">SHA1=34EDBE1F2503BED1B1F8F387974ACB65F632C21B,MD5=177AE85C74B6D0BB9FC040A42BF2CAC0,SHA256=5CA44FEC35D64819E1CF357648C98073ACA2AEF9816F8FA375095783B3AC3EE1,IMPHASH=62F7B0310260F97B5078263292DD1CBA</Data>
    <Data Name="ParentProcessGuid">{fd907e59-3e0a-65f8-df00-0000990d1b64}</Data>
    <Data Name="ParentProcessId">5624</Data>
    <Data Name="ParentImage">C:\Windows\System32\cmd.exe</Data>
    <Data Name="ParentCommandLine">cmd.exe</Data>
    <Data Name="ParentUser">MERIDIANHCS\aisha.johnson</Data>
    
  </EventData>
</Event>
<Event xmlns="http://schemas.microsoft.com/win/2004/08/events/event">
  <System>
    <Provider Name="Microsoft-Windows-Sysmon" Guid="{5770385f-c22a-43e0-bf4c-06f5698ffbd9}"/>
    <EventID>3</EventID>
    <Version>5</Version>
    <Level>4</Level>
    <Task>3</Task>
    <Opcode>0</Opcode>
    <Keywords>0x8000000000000000</Keywords>
    <TimeCreated SystemTime="2024-03-18T15:24:53.8877525Z"/>
    <EventRecordID>31106</EventRecordID>
    <Correlation/>
    <Execution ProcessID="2716" ThreadID="3684"/>
    <Channel>Microsoft-Windows-Sysmon/Operational</Channel>
    <Computer>WS-AJOHNSON-01.meridianhcs.local</Computer>
    <Security UserID="S-1-5-18"/>
  </System>
  <EventData>
    
    <Data Name="RuleName">-</Data>
    <Data Name="UtcTime">2024-03-18 15:24:53.887</Data>
    <Data Name="ProcessGuid">{fd907e59-5caa-65f8-6902-00009b950c54}</Data>
    <Data Name="ProcessId">6216</Data>
    <Data Name="Image">C:\Windows\System32\OpenSSH\ssh.exe</Data>
    <Data Name="User">MERIDIANHCS\aisha.johnson</Data>
    <Data Name="Protocol">tcp</Data>
    <Data Name="Initiated">true</Data>
    <Data Name="SourceIsIpv6">false</Data>
    <Data Name="SourceIp">10.10.1.35</Data>
    <Data Name="SourceHostname">WS-AJOHNSON-01.meridianhcs.local</Data>
    <Data Name="SourcePort">51971</Data>
    <Data Name="SourcePortName">-</Data>
    <Data Name="DestinationIsIpv6">false</Data>
    <Data Name="DestinationIp">10.10.3.10</Data>
    <Data Name="DestinationHostname">WEB-EXT-01.meridianhcs.local</Data>
    <Data Name="DestinationPort">22</Data>
    <Data Name="DestinationPortName">ssh</Data>
    
  </EventData>
</Event>
<Event xmlns="http://schemas.microsoft.com/win/2004/08/events/event">
  <System>
    <Provider Name="Microsoft-Windows-Sysmon" Guid="{5770385f-c22a-43e0-bf4c-06f5698ffbd9}"/>
    <EventID>13</EventID>
    <Version>2</Version>
    <Level>4</Level>
    <Task>13</Task>
    <Opcode>0</Opcode>
    <Keywords>0x8000000000000000</Keywords>
    <TimeCreated SystemTime="2024-03-18T15:26:35.0910297Z"/>
    <EventRecordID>31113</EventRecordID>
    <Correlation/>
    <Execution ProcessID="2716" ThreadID="3920"/>
    <Channel>Microsoft-Windows-Sysmon/Operational</Channel>
    <Computer>WS-AJOHNSON-01.meridianhcs.local</Computer>
    <Security UserID="S-1-5-18"/>
  </System>
  <EventData>
    
    <Data Name="RuleName">-</Data>
    <Data Name="EventType">SetValue</Data>
    <Data Name="UtcTime">2024-03-18 15:26:35.091</Data>
    <Data Name="ProcessGuid">{fd907e59-385c-65f4-8200-0000ff37dee1}</Data>
    <Data Name="ProcessId">4784</Data>
    <Data Name="Image">C:\Windows\explorer.exe</Data>
    <Data Name="TargetObject">HKU\S-1-5-21-1537687973-2974994828-3875246326-1007\Software\Microsoft\Windows\CurrentVersion\Explorer\UserAssist\{CEBFF5CD-ACE2-4F4F-9178-9926F41749EA}\Count\HRZR_EHACNGU:P:\Jvaqbjf\Flfgrz32\zfgfp.rkr</Data>
    <Data Name="Details">E5 73 AD 8C 02 C9 20 31 87 0B 16 61 73 BD 1C F5 44 63 7D 51 E7 C0 8F 00 C2 16 A0 D7 CA D0 4A 07 9F 1D D5 4D 89 13 66 0F</Data>
    <Data Name="User">MERIDIANHCS\aisha.johnson</Data>
    
  </EventData>
</Event>
<Event xmlns="http://schemas.microsoft.com/win/2004/08/events/event">
  <System>
    <Provider Name="Microsoft-Windows-Sysmon" Guid="{5770385f-c22a-43e0-bf4c-06f5698ffbd9}"/>
    <EventID>22</EventID>
    <Version>5</Version>
    <Level>4</Level>
    <Task>22</Task>
    <Opcode>0</Opcode>
    <Keywords>0x8000000000000000</Keywords>
    <TimeCreated SystemTime="2024-03-18T15:26:44.6449724Z"/>
    <EventRecordID>31115</EventRecordID>
    <Correlation/>
    <Execution ProcessID="2716" ThreadID="4036"/>
    <Channel>Microsoft-Windows-Sysmon/Operational</Channel>
    <Computer>WS-AJOHNSON-01.meridianhcs.local</Computer>
    <Security UserID="S-1-5-18"/>
  </System>
  <EventData>
    
    <Data Name="RuleName">-</Data>
    <Data Name="UtcTime">2024-03-18 15:26:44.644</Data>
    <Data Name="ProcessGuid">{fd907e59-3849-65f4-3a00-0010b7a7855c}</Data>
    <Data Name="ProcessId">4528</Data>
    <Data Name="QueryName">DC-01.meridianhcs.local</Data>
    <Data Name="QueryStatus">0</Data>
    <Data Name="QueryResults">10.10.2.10;</Data>
    <Data Name="Image">C:\Windows\System32\svchost.exe</Data>
    <Data Name="User">NT AUTHORITY\LOCAL SERVICE</Data>
    
  </EventData>
</Event>
<Event xmlns="http://schemas.microsoft.com/win/2004/08/events/event">
  <System>
    <Provider Name="Microsoft-Windows-Sysmon" Guid="{5770385f-c22a-43e0-bf4c-06f5698ffbd9}"/>
    <EventID>3</EventID>
    <Version>5</Version>
    <Level>4</Level>
    <Task>3</Task>
    <Opcode>0</Opcode>
    <Keywords>0x8000000000000000</Keywords>
    <TimeCreated SystemTime="2024-03-18T15:26:44.7470194Z"/>
    <EventRecordID>31116</EventRecordID>
    <Correlation/>
    <Execution ProcessID="2716" ThreadID="4036"/>
    <Channel>Microsoft-Windows-Sysmon/Operational</Channel>
    <Computer>WS-AJOHNSON-01.meridianhcs.local</Computer>
    <Security UserID="S-1-5-18"/>
  </System>
  <EventData>
    
    <Data Name="RuleName">-</Data>
    <Data Name="UtcTime">2024-03-18 15:26:44.747</Data>
    <Data Name="ProcessGuid">{fd907e59-3849-65f4-3a00-0010b7a7855c}</Data>
    <Data Name="ProcessId">4528</Data>
    <Data Name="Image">C:\Windows\System32\svchost.exe</Data>
    <Data Name="User">NT AUTHORITY\LOCAL SERVICE</Data>
    <Data Name="Protocol">udp</Data>
    <Data Name="Initiated">true</Data>
    <Data Name="SourceIsIpv6">false</Data>
    <Data Name="SourceIp">10.10.1.35</Data>
    <Data Name="SourceHostname">WS-AJOHNSON-01.meridianhcs.local</Data>
    <Data Name="SourcePort">60460</Data>
    <Data Name="SourcePortName">-</Data>
    <Data Name="DestinationIsIpv6">false</Data>
    <Data Name="DestinationIp">10.10.2.10</Data>
    <Data Name="DestinationHostname">DC-01.meridianhcs.local</Data>
    <Data Name="DestinationPort">53</Data>
    <Data Name="DestinationPortName">domain</Data>
    
  </EventData>
</Event>
<Event xmlns="http://schemas.microsoft.com/win/2004/08/events/event">
  <System>
    <Provider Name="Microsoft-Windows-Sysmon" Guid="{5770385f-c22a-43e0-bf4c-06f5698ffbd9}"/>
    <EventID>5</EventID>
    <Version>3</Version>
    <Level>4</Level>
    <Task>5</Task>
    <Opcode>0</Opcode>
    <Keywords>0x8000000000000000</Keywords>
    <TimeCreated SystemTime="2024-03-18T15:27:35.2345525Z"/>
    <EventRecordID>31117</EventRecordID>
    <Correlation/>
    <Execution ProcessID="2716" ThreadID="3684"/>
    <Channel>Microsoft-Windows-Sysmon/Operational</Channel>
    <Computer>WS-AJOHNSON-01.meridianhcs.local</Computer>
    <Security UserID="S-1-5-18"/>
  </System>
  <EventData>
    
    <Data Name="RuleName">-</Data>
    <Data Name="UtcTime">2024-03-18 15:27:35.234</Data>
    <Data Name="ProcessGuid">{fd907e59-4258-65f8-bd02-0000ff0f3e69}</Data>
    <Data Name="ProcessId">5364</Data>
    <Data Name="Image">C:\Program Files\Google\Drive File Stream\97.0.1.0\GoogleDriveFS.exe</Data>
    <Data Name="User">MERIDIANHCS\aisha.johnson</Data>
    
  </EventData>
</Event>
<Event xmlns="http://schemas.microsoft.com/win/2004/08/events/event">
  <System>
    <Provider Name="Microsoft-Windows-Sysmon" Guid="{5770385f-c22a-43e0-bf4c-06f5698ffbd9}"/>
    <EventID>1</EventID>
    <Version>5</Version>
    <Level>4</Level>
    <Task>1</Task>
    <Opcode>0</Opcode>
    <Keywords>0x8000000000000000</Keywords>
    <TimeCreated SystemTime="2024-03-18T15:28:15.4976251Z"/>
    <EventRecordID>31118</EventRecordID>
    <Correlation/>
    <Execution ProcessID="2716" ThreadID="4236"/>
    <Channel>Microsoft-Windows-Sysmon/Operational</Channel>
    <Computer>WS-AJOHNSON-01.meridianhcs.local</Computer>
    <Security UserID="S-1-5-18"/>
  </System>
  <EventData>
    
    <Data Name="RuleName">-</Data>
    <Data Name="UtcTime">2024-03-18 15:28:15.497</Data>
    <Data Name="ProcessGuid">{fd907e59-5d8f-65f8-2e02-00008cc42e5a}</Data>
    <Data Name="ProcessId">5984</Data>
    <Data Name="Image">C:\Windows\System32\spoolsv.exe</Data>
    <Data Name="FileVersion">10.0.19041.1</Data>
    <Data Name="Description">Spooler SubSystem App</Data>
    <Data Name="Product">Microsoft Windows Operating System</Data>
    <Data Name="Company">Microsoft Corporation</Data>
    <Data Name="OriginalFileName">spoolsv.exe</Data>
    <Data Name="CommandLine">spoolsv.exe</Data>
    <Data Name="CurrentDirectory">C:\Windows\System32\</Data>
    <Data Name="User">NT AUTHORITY\SYSTEM</Data>
    <Data Name="LogonGuid">{00000000-0000-0000-0000-000000000000}</Data>
    <Data Name="LogonId">0x3e7</Data>
    <Data Name="TerminalSessionId">0</Data>
    <Data Name="IntegrityLevel">System</Data>
    <Data Name="Hashes">SHA1=F6649061E7440CA663A2B1DC7E6C648C44F47911,MD5=78156B270D18932CFF651E3A4D30A6F7,SHA256=0598A98F65C72DAE18FD4D1A96255472AC97222A13D56B9DF7C998F2F969BB5E,IMPHASH=F7EC939E235C6626EC39253478A55C80</Data>
    <Data Name="ParentProcessGuid">{fd907e59-3843-65f4-0f00-00107034dbbb}</Data>
    <Data Name="ParentProcessId">4284</Data>
    <Data Name="ParentImage">C:\Windows\System32\services.exe</Data>
    <Data Name="ParentCommandLine">services.exe</Data>
    <Data Name="ParentUser">NT AUTHORITY\SYSTEM</Data>
    
  </EventData>
</Event>
<Event xmlns="http://schemas.microsoft.com/win/2004/08/events/event">
  <System>
    <Provider Name="Microsoft-Windows-Sysmon" Guid="{5770385f-c22a-43e0-bf4c-06f5698ffbd9}"/>
    <EventID>5</EventID>
    <Version>3</Version>
    <Level>4</Level>
    <Task>5</Task>
    <Opcode>0</Opcode>
    <Keywords>0x8000000000000000</Keywords>
    <TimeCreated SystemTime="2024-03-18T15:29:23.2249404Z"/>
    <EventRecordID>31122</EventRecordID>
    <Correlation/>
    <Execution ProcessID="2716" ThreadID="4036"/>
    <Channel>Microsoft-Windows-Sysmon/Operational</Channel>
    <Computer>WS-AJOHNSON-01.meridianhcs.local</Computer>
    <Security UserID="S-1-5-18"/>
  </System>
  <EventData>
    
    <Data Name="RuleName">-</Data>
    <Data Name="UtcTime">2024-03-18 15:29:23.224</Data>
    <Data Name="ProcessGuid">{fd907e59-517a-65f8-d202-001052dcc746}</Data>
    <Data Name="ProcessId">5892</Data>
    <Data Name="Image">C:\Windows\System32\OpenSSH\ssh.exe</Data>
    <Data Name="User">MERIDIANHCS\aisha.johnson</Data>
    
  </EventData>
</Event>
