<Event xmlns="http://schemas.microsoft.com/win/2004/08/events/event">
  <System>
    <Provider Name="Microsoft-Windows-Sysmon" Guid="{5770385f-c22a-43e0-bf4c-06f5698ffbd9}"/>
    <EventID>10</EventID>
    <Version>3</Version>
    <Level>4</Level>
    <Task>10</Task>
    <Opcode>0</Opcode>
    <Keywords>0x8000000000000000</Keywords>
    <TimeCreated SystemTime="2024-03-18T16:15:54.6661209Z"/>
    <EventRecordID>525528</EventRecordID>
    <Correlation/>
    <Execution ProcessID="2760" ThreadID="1792"/>
    <Channel>Microsoft-Windows-Sysmon/Operational</Channel>
    <Computer>WS-MCHEN-01.meridianhcs.local</Computer>
    <Security UserID="S-1-5-18"/>
  </System>
  <EventData>
    
    <Data Name="RuleName">-</Data>
    <Data Name="UtcTime">2024-03-18 16:15:54.666</Data>
    <Data Name="SourceProcessGUID">{7b2a0e3f-4f44-65ec-b502-0000d46c460c}</Data>
    <Data Name="SourceProcessId">5860</Data>
    <Data Name="SourceThreadId">21352</Data>
    <Data Name="SourceImage">C:\Windows\System32\csrss.exe</Data>
    <Data Name="TargetProcessGUID">{7b2a0e3f-4f49-65ec-9600-0000883862a5}</Data>
    <Data Name="TargetProcessId">5888</Data>
    <Data Name="TargetImage">C:\Windows\System32\lsass.exe</Data>
    <Data Name="GrantedAccess">0x1000</Data>
    <Data Name="CallTrace">C:\Windows\SYSTEM32\ntdll.dll+9D646</Data>
    <Data Name="SourceUser">NT AUTHORITY\SYSTEM</Data>
    <Data Name="TargetUser">NT AUTHORITY\SYSTEM</Data>
    
  </EventData>
</Event>
<Event xmlns="http://schemas.microsoft.com/win/2004/08/events/event">
  <System>
    <Provider Name="Microsoft-Windows-Sysmon" Guid="{5770385f-c22a-43e0-bf4c-06f5698ffbd9}"/>
    <EventID>22</EventID>
    <Version>5</Version>
    <Level>4</Level>
    <Task>22</Task>
    <Opcode>0</Opcode>
    <Keywords>0x8000000000000000</Keywords>
    <TimeCreated SystemTime="2024-03-18T16:17:41.5712373Z"/>
    <EventRecordID>525529</EventRecordID>
    <Correlation/>
    <Execution ProcessID="2760" ThreadID="3324"/>
    <Channel>Microsoft-Windows-Sysmon/Operational</Channel>
    <Computer>WS-MCHEN-01.meridianhcs.local</Computer>
    <Security UserID="S-1-5-18"/>
  </System>
  <EventData>
    
    <Data Name="RuleName">-</Data>
    <Data Name="UtcTime">2024-03-18 16:17:41.571</Data>
    <Data Name="ProcessGuid">{7b2a0e3f-4f49-65ec-9600-0000883862a5}</Data>
    <Data Name="ProcessId">5888</Data>
    <Data Name="QueryName">_ldap._tcp.meridianhcs.local</Data>
    <Data Name="QueryStatus">0</Data>
    <Data Name="QueryResults">0 100 389 DC-01.meridianhcs.local;</Data>
    <Data Name="Image">C:\Windows\System32\lsass.exe</Data>
    <Data Name="User">NT AUTHORITY\SYSTEM</Data>
    
  </EventData>
</Event>
<Event xmlns="http://schemas.microsoft.com/win/2004/08/events/event">
  <System>
    <Provider Name="Microsoft-Windows-Sysmon" Guid="{5770385f-c22a-43e0-bf4c-06f5698ffbd9}"/>
    <EventID>22</EventID>
    <Version>5</Version>
    <Level>4</Level>
    <Task>22</Task>
    <Opcode>0</Opcode>
    <Keywords>0x8000000000000000</Keywords>
    <TimeCreated SystemTime="2024-03-18T16:17:43.8735782Z"/>
    <EventRecordID>525530</EventRecordID>
    <Correlation/>
    <Execution ProcessID="2760" ThreadID="2500"/>
    <Channel>Microsoft-Windows-Sysmon/Operational</Channel>
    <Computer>WS-MCHEN-01.meridianhcs.local</Computer>
    <Security UserID="S-1-5-18"/>
  </System>
  <EventData>
    
    <Data Name="RuleName">-</Data>
    <Data Name="UtcTime">2024-03-18 16:17:43.873</Data>
    <Data Name="ProcessGuid">{7b2a0e3f-4f49-65ec-9600-0000883862a5}</Data>
    <Data Name="ProcessId">5888</Data>
    <Data Name="QueryName">DC-01.meridianhcs.local</Data>
    <Data Name="QueryStatus">0</Data>
    <Data Name="QueryResults">-</Data>
    <Data Name="Image">C:\Windows\System32\lsass.exe</Data>
    <Data Name="User">NT AUTHORITY\SYSTEM</Data>
    
  </EventData>
</Event>
<Event xmlns="http://schemas.microsoft.com/win/2004/08/events/event">
  <System>
    <Provider Name="Microsoft-Windows-Sysmon" Guid="{5770385f-c22a-43e0-bf4c-06f5698ffbd9}"/>
    <EventID>22</EventID>
    <Version>5</Version>
    <Level>4</Level>
    <Task>22</Task>
    <Opcode>0</Opcode>
    <Keywords>0x8000000000000000</Keywords>
    <TimeCreated SystemTime="2024-03-18T16:17:44.2343267Z"/>
    <EventRecordID>525531</EventRecordID>
    <Correlation/>
    <Execution ProcessID="2760" ThreadID="2500"/>
    <Channel>Microsoft-Windows-Sysmon/Operational</Channel>
    <Computer>WS-MCHEN-01.meridianhcs.local</Computer>
    <Security UserID="S-1-5-18"/>
  </System>
  <EventData>
    
    <Data Name="RuleName">-</Data>
    <Data Name="UtcTime">2024-03-18 16:17:44.234</Data>
    <Data Name="ProcessGuid">{7b2a0e3f-4f49-65ec-9600-0000883862a5}</Data>
    <Data Name="ProcessId">5888</Data>
    <Data Name="QueryName">DC-01.meridianhcs.local</Data>
    <Data Name="QueryStatus">0</Data>
    <Data Name="QueryResults">10.10.2.10;</Data>
    <Data Name="Image">C:\Windows\System32\lsass.exe</Data>
    <Data Name="User">NT AUTHORITY\SYSTEM</Data>
    
  </EventData>
</Event>
<Event xmlns="http://schemas.microsoft.com/win/2004/08/events/event">
  <System>
    <Provider Name="Microsoft-Windows-Sysmon" Guid="{5770385f-c22a-43e0-bf4c-06f5698ffbd9}"/>
    <EventID>11</EventID>
    <Version>2</Version>
    <Level>4</Level>
    <Task>11</Task>
    <Opcode>0</Opcode>
    <Keywords>0x8000000000000000</Keywords>
    <TimeCreated SystemTime="2024-03-18T16:18:17.1084052Z"/>
    <EventRecordID>525532</EventRecordID>
    <Correlation/>
    <Execution ProcessID="2760" ThreadID="3324"/>
    <Channel>Microsoft-Windows-Sysmon/Operational</Channel>
    <Computer>WS-MCHEN-01.meridianhcs.local</Computer>
    <Security UserID="S-1-5-18"/>
  </System>
  <EventData>
    
    <Data Name="RuleName">-</Data>
    <Data Name="UtcTime">2024-03-18 16:18:17.108</Data>
    <Data Name="ProcessGuid">{7b2a0e3f-4f4f-65ec-9302-0000328a62d2}</Data>
    <Data Name="ProcessId">5916</Data>
    <Data Name="Image">C:\Windows\System32\svchost.exe</Data>
    <Data Name="TargetFilename">C:\Windows\Temp\56277.tmp</Data>
    <Data Name="CreationUtcTime">2024-03-18 16:18:17.107</Data>
    <Data Name="User">NT AUTHORITY\LOCAL SERVICE</Data>
    
  </EventData>
</Event>
<Event xmlns="http://schemas.microsoft.com/win/2004/08/events/event">
  <System>
    <Provider Name="Microsoft-Windows-Sysmon" Guid="{5770385f-c22a-43e0-bf4c-06f5698ffbd9}"/>
    <EventID>1</EventID>
    <Version>5</Version>
    <Level>4</Level>
    <Task>1</Task>
    <Opcode>0</Opcode>
    <Keywords>0x8000000000000000</Keywords>
    <TimeCreated SystemTime="2024-03-18T16:18:21.7096117Z"/>
    <EventRecordID>525533</EventRecordID>
    <Correlation/>
    <Execution ProcessID="2760" ThreadID="3324"/>
    <Channel>Microsoft-Windows-Sysmon/Operational</Channel>
    <Computer>WS-MCHEN-01.meridianhcs.local</Computer>
    <Security UserID="S-1-5-18"/>
  </System>
  <EventData>
    
    <Data Name="RuleName">-</Data>
    <Data Name="UtcTime">2024-03-18 16:18:21.709</Data>
    <Data Name="ProcessGuid">{7b2a0e3f-694d-65f8-8f02-0000a1a74fdd}</Data>
    <Data Name="ProcessId">9052</Data>
    <Data Name="Image">C:\Windows\System32\OpenSSH\ssh.exe</Data>
    <Data Name="FileVersion">8.6.0.1</Data>
    <Data Name="Description">OpenSSH SSH client</Data>
    <Data Name="Product">OpenSSH for Windows</Data>
    <Data Name="Company">Microsoft Corporation</Data>
    <Data Name="OriginalFileName">ssh.exe</Data>
    <Data Name="CommandLine">ssh.exe marcus.chen@WEB-EXT-01.meridianhcs.local</Data>
    <Data Name="CurrentDirectory">C:\Users\marcus.chen\</Data>
    <Data Name="User">MERIDIANHCS\marcus.chen</Data>
    <Data Name="LogonGuid">{00000000-0000-0000-0000-000000000000}</Data>
    <Data Name="LogonId">0x6c4d6d2</Data>
    <Data Name="TerminalSessionId">1</Data>
    <Data Name="IntegrityLevel">Medium</Data>
    <Data Name="Hashes">SHA1=34EDBE1F2503BED1B1F8F387974ACB65F632C21B,MD5=177AE85C74B6D0BB9FC040A42BF2CAC0,SHA256=5CA44FEC35D64819E1CF357648C98073ACA2AEF9816F8FA375095783B3AC3EE1,IMPHASH=62F7B0310260F97B5078263292DD1CBA</Data>
    <Data Name="ParentProcessGuid">{7b2a0e3f-613d-65f8-d900-0010b204a2af}</Data>
    <Data Name="ParentProcessId">8400</Data>
    <Data Name="ParentImage">C:\Windows\System32\WindowsPowerShell\v1.0\powershell.exe</Data>
    <Data Name="ParentCommandLine">C:\Windows\System32\WindowsPowerShell\v1.0\powershell.exe</Data>
    <Data Name="ParentUser">MERIDIANHCS\marcus.chen</Data>
    
  </EventData>
</Event>
<Event xmlns="http://schemas.microsoft.com/win/2004/08/events/event">
  <System>
    <Provider Name="Microsoft-Windows-Sysmon" Guid="{5770385f-c22a-43e0-bf4c-06f5698ffbd9}"/>
    <EventID>3</EventID>
    <Version>5</Version>
    <Level>4</Level>
    <Task>3</Task>
    <Opcode>0</Opcode>
    <Keywords>0x8000000000000000</Keywords>
    <TimeCreated SystemTime="2024-03-18T16:18:25.5088110Z"/>
    <EventRecordID>525534</EventRecordID>
    <Correlation/>
    <Execution ProcessID="2760" ThreadID="1792"/>
    <Channel>Microsoft-Windows-Sysmon/Operational</Channel>
    <Computer>WS-MCHEN-01.meridianhcs.local</Computer>
    <Security UserID="S-1-5-18"/>
  </System>
  <EventData>
    
    <Data Name="RuleName">-</Data>
    <Data Name="UtcTime">2024-03-18 16:18:25.508</Data>
    <Data Name="ProcessGuid">{7b2a0e3f-694d-65f8-8f02-0000a1a74fdd}</Data>
    <Data Name="ProcessId">9052</Data>
    <Data Name="Image">C:\Windows\System32\OpenSSH\ssh.exe</Data>
    <Data Name="User">MERIDIANHCS\marcus.chen</Data>
    <Data Name="Protocol">tcp</Data>
    <Data Name="Initiated">true</Data>
    <Data Name="SourceIsIpv6">false</Data>
    <Data Name="SourceIp">10.10.1.31</Data>
    <Data Name="SourceHostname">WS-MCHEN-01.meridianhcs.local</Data>
    <Data Name="SourcePort">55787</Data>
    <Data Name="SourcePortName">-</Data>
    <Data Name="DestinationIsIpv6">false</Data>
    <Data Name="DestinationIp">10.10.3.10</Data>
    <Data Name="DestinationHostname">WEB-EXT-01.meridianhcs.local</Data>
    <Data Name="DestinationPort">22</Data>
    <Data Name="DestinationPortName">ssh</Data>
    
  </EventData>
</Event>
<Event xmlns="http://schemas.microsoft.com/win/2004/08/events/event">
  <System>
    <Provider Name="Microsoft-Windows-Sysmon" Guid="{5770385f-c22a-43e0-bf4c-06f5698ffbd9}"/>
    <EventID>1</EventID>
    <Version>5</Version>
    <Level>4</Level>
    <Task>1</Task>
    <Opcode>0</Opcode>
    <Keywords>0x8000000000000000</Keywords>
    <TimeCreated SystemTime="2024-03-18T16:19:36.6657052Z"/>
    <EventRecordID>525535</EventRecordID>
    <Correlation/>
    <Execution ProcessID="2760" ThreadID="2500"/>
    <Channel>Microsoft-Windows-Sysmon/Operational</Channel>
    <Computer>WS-MCHEN-01.meridianhcs.local</Computer>
    <Security UserID="S-1-5-18"/>
  </System>
  <EventData>
    
    <Data Name="RuleName">-</Data>
    <Data Name="UtcTime">2024-03-18 16:19:36.665</Data>
    <Data Name="ProcessGuid">{7b2a0e3f-6998-65f8-3302-0010c5abfd62}</Data>
    <Data Name="ProcessId">9068</Data>
    <Data Name="Image">C:\Windows\System32\OpenSSH\ssh.exe</Data>
    <Data Name="FileVersion">8.6.0.1</Data>
    <Data Name="Description">OpenSSH SSH client</Data>
    <Data Name="Product">OpenSSH for Windows</Data>
    <Data Name="Company">Microsoft Corporation</Data>
    <Data Name="OriginalFileName">ssh.exe</Data>
    <Data Name="CommandLine">ssh.exe marcus.chen@WEB-EXT-01.meridianhcs.local</Data>
    <Data Name="CurrentDirectory">C:\Users\marcus.chen\</Data>
    <Data Name="User">MERIDIANHCS\marcus.chen</Data>
    <Data Name="LogonGuid">{00000000-0000-0000-0000-000000000000}</Data>
    <Data Name="LogonId">0x6c4d6d2</Data>
    <Data Name="TerminalSessionId">1</Data>
    <Data Name="IntegrityLevel">Medium</Data>
    <Data Name="Hashes">SHA1=34EDBE1F2503BED1B1F8F387974ACB65F632C21B,MD5=177AE85C74B6D0BB9FC040A42BF2CAC0,SHA256=5CA44FEC35D64819E1CF357648C98073ACA2AEF9816F8FA375095783B3AC3EE1,IMPHASH=62F7B0310260F97B5078263292DD1CBA</Data>
    <Data Name="ParentProcessGuid">{7b2a0e3f-613d-65f8-d900-0010b204a2af}</Data>
    <Data Name="ParentProcessId">8400</Data>
    <Data Name="ParentImage">C:\Windows\System32\WindowsPowerShell\v1.0\powershell.exe</Data>
    <Data Name="ParentCommandLine">C:\Windows\System32\WindowsPowerShell\v1.0\powershell.exe</Data>
    <Data Name="ParentUser">MERIDIANHCS\marcus.chen</Data>
    
  </EventData>
</Event>
<Event xmlns="http://schemas.microsoft.com/win/2004/08/events/event">
  <System>
    <Provider Name="Microsoft-Windows-Sysmon" Guid="{5770385f-c22a-43e0-bf4c-06f5698ffbd9}"/>
    <EventID>3</EventID>
    <Version>5</Version>
    <Level>4</Level>
    <Task>3</Task>
    <Opcode>0</Opcode>
    <Keywords>0x8000000000000000</Keywords>
    <TimeCreated SystemTime="2024-03-18T16:19:58.8313285Z"/>
    <EventRecordID>525536</EventRecordID>
    <Correlation/>
    <Execution ProcessID="2760" ThreadID="1792"/>
    <Channel>Microsoft-Windows-Sysmon/Operational</Channel>
    <Computer>WS-MCHEN-01.meridianhcs.local</Computer>
    <Security UserID="S-1-5-18"/>
  </System>
  <EventData>
    
    <Data Name="RuleName">-</Data>
    <Data Name="UtcTime">2024-03-18 16:19:58.831</Data>
    <Data Name="ProcessGuid">{7b2a0e3f-6998-65f8-3302-0010c5abfd62}</Data>
    <Data Name="ProcessId">9068</Data>
    <Data Name="Image">C:\Windows\System32\OpenSSH\ssh.exe</Data>
    <Data Name="User">MERIDIANHCS\marcus.chen</Data>
    <Data Name="Protocol">tcp</Data>
    <Data Name="Initiated">true</Data>
    <Data Name="SourceIsIpv6">false</Data>
    <Data Name="SourceIp">10.10.1.31</Data>
    <Data Name="SourceHostname">WS-MCHEN-01.meridianhcs.local</Data>
    <Data Name="SourcePort">52621</Data>
    <Data Name="SourcePortName">-</Data>
    <Data Name="DestinationIsIpv6">false</Data>
    <Data Name="DestinationIp">10.10.3.10</Data>
    <Data Name="DestinationHostname">WEB-EXT-01.meridianhcs.local</Data>
    <Data Name="DestinationPort">22</Data>
    <Data Name="DestinationPortName">ssh</Data>
    
  </EventData>
</Event>
<Event xmlns="http://schemas.microsoft.com/win/2004/08/events/event">
  <System>
    <Provider Name="Microsoft-Windows-Sysmon" Guid="{5770385f-c22a-43e0-bf4c-06f5698ffbd9}"/>
    <EventID>22</EventID>
    <Version>5</Version>
    <Level>4</Level>
    <Task>22</Task>
    <Opcode>0</Opcode>
    <Keywords>0x8000000000000000</Keywords>
    <TimeCreated SystemTime="2024-03-18T16:19:59.2549156Z"/>
    <EventRecordID>525537</EventRecordID>
    <Correlation/>
    <Execution ProcessID="2760" ThreadID="1792"/>
    <Channel>Microsoft-Windows-Sysmon/Operational</Channel>
    <Computer>WS-MCHEN-01.meridianhcs.local</Computer>
    <Security UserID="S-1-5-18"/>
  </System>
  <EventData>
    
    <Data Name="RuleName">-</Data>
    <Data Name="UtcTime">2024-03-18 16:19:59.254</Data>
    <Data Name="ProcessGuid">{7b2a0e3f-4f49-65ec-9600-0000883862a5}</Data>
    <Data Name="ProcessId">5888</Data>
    <Data Name="QueryName">isatap</Data>
    <Data Name="QueryStatus">9003</Data>
    <Data Name="QueryResults">-</Data>
    <Data Name="Image">C:\Windows\System32\lsass.exe</Data>
    <Data Name="User">NT AUTHORITY\SYSTEM</Data>
    
  </EventData>
</Event>
<Event xmlns="http://schemas.microsoft.com/win/2004/08/events/event">
  <System>
    <Provider Name="Microsoft-Windows-Sysmon" Guid="{5770385f-c22a-43e0-bf4c-06f5698ffbd9}"/>
    <EventID>22</EventID>
    <Version>5</Version>
    <Level>4</Level>
    <Task>22</Task>
    <Opcode>0</Opcode>
    <Keywords>0x8000000000000000</Keywords>
    <TimeCreated SystemTime="2024-03-18T16:20:37.2491139Z"/>
    <EventRecordID>525538</EventRecordID>
    <Correlation/>
    <Execution ProcessID="2760" ThreadID="1204"/>
    <Channel>Microsoft-Windows-Sysmon/Operational</Channel>
    <Computer>WS-MCHEN-01.meridianhcs.local</Computer>
    <Security UserID="S-1-5-18"/>
  </System>
  <EventData>
    
    <Data Name="RuleName">-</Data>
    <Data Name="UtcTime">2024-03-18 16:20:37.249</Data>
    <Data Name="ProcessGuid">{7b2a0e3f-4f4d-65ec-d700-001003fb4c55}</Data>
    <Data Name="ProcessId">5908</Data>
    <Data Name="QueryName">APP-INT-01.meridianhcs.local</Data>
    <Data Name="QueryStatus">0</Data>
    <Data Name="QueryResults">10.10.2.30;</Data>
    <Data Name="Image">C:\Windows\System32\svchost.exe</Data>
    <Data Name="User">NT AUTHORITY\NETWORK SERVICE</Data>
    
  </EventData>
</Event>
<Event xmlns="http://schemas.microsoft.com/win/2004/08/events/event">
  <System>
    <Provider Name="Microsoft-Windows-Sysmon" Guid="{5770385f-c22a-43e0-bf4c-06f5698ffbd9}"/>
    <EventID>13</EventID>
    <Version>2</Version>
    <Level>4</Level>
    <Task>13</Task>
    <Opcode>0</Opcode>
    <Keywords>0x8000000000000000</Keywords>
    <TimeCreated SystemTime="2024-03-18T16:23:31.5958204Z"/>
    <EventRecordID>525539</EventRecordID>
    <Correlation/>
    <Execution ProcessID="2760" ThreadID="3324"/>
    <Channel>Microsoft-Windows-Sysmon/Operational</Channel>
    <Computer>WS-MCHEN-01.meridianhcs.local</Computer>
    <Security UserID="S-1-5-18"/>
  </System>
  <EventData>
    
    <Data Name="RuleName">-</Data>
    <Data Name="EventType">SetValue</Data>
    <Data Name="UtcTime">2024-03-18 16:23:31.595</Data>
    <Data Name="ProcessGuid">{7b2a0e3f-4f61-65ec-ca02-000042539814}</Data>
    <Data Name="ProcessId">6180</Data>
    <Data Name="Image">C:\Windows\explorer.exe</Data>
    <Data Name="TargetObject">HKU\S-1-5-21-1537687973-2974994828-3875246326-1003\Software\Microsoft\Windows\CurrentVersion\Explorer\Advanced\Hidden</Data>
    <Data Name="Details">DWORD (0x00000002)</Data>
    <Data Name="User">MERIDIANHCS\marcus.chen</Data>
    
  </EventData>
</Event>
<Event xmlns="http://schemas.microsoft.com/win/2004/08/events/event">
  <System>
    <Provider Name="Microsoft-Windows-Sysmon" Guid="{5770385f-c22a-43e0-bf4c-06f5698ffbd9}"/>
    <EventID>1</EventID>
    <Version>5</Version>
    <Level>4</Level>
    <Task>1</Task>
    <Opcode>0</Opcode>
    <Keywords>0x8000000000000000</Keywords>
    <TimeCreated SystemTime="2024-03-18T16:23:38.7371554Z"/>
    <EventRecordID>525540</EventRecordID>
    <Correlation/>
    <Execution ProcessID="2760" ThreadID="3324"/>
    <Channel>Microsoft-Windows-Sysmon/Operational</Channel>
    <Computer>WS-MCHEN-01.meridianhcs.local</Computer>
    <Security UserID="S-1-5-18"/>
  </System>
  <EventData>
    
    <Data Name="RuleName">-</Data>
    <Data Name="UtcTime">2024-03-18 16:23:38.737</Data>
    <Data Name="ProcessGuid">{7b2a0e3f-6a8a-65f8-9c02-001008a0e21c}</Data>
    <Data Name="ProcessId">8916</Data>
    <Data Name="Image">C:\Windows\System32\taskhostw.exe</Data>
    <Data Name="FileVersion">10.0.22621.1</Data>
    <Data Name="Description">Host Process for Windows Tasks</Data>
    <Data Name="Product">Microsoft Windows Operating System</Data>
    <Data Name="Company">Microsoft Corporation</Data>
    <Data Name="OriginalFileName">taskhostw.exe</Data>
    <Data Name="CommandLine">taskhostw.exe /Run</Data>
    <Data Name="CurrentDirectory">C:\Windows\System32\</Data>
    <Data Name="User">NT AUTHORITY\SYSTEM</Data>
    <Data Name="LogonGuid">{00000000-0000-0000-0000-000000000000}</Data>
    <Data Name="LogonId">0x3e7</Data>
    <Data Name="TerminalSessionId">0</Data>
    <Data Name="IntegrityLevel">System</Data>
    <Data Name="Hashes">SHA1=43D2778A530C049762799D2A49B4003FE63197E8,MD5=9CBB25D7316E690FD9A7B5A94FE435BA,SHA256=20F9EA7819597F0D2417814292A93F7DA3C7C772624D93C8D2EBBDEBEFCA7FBA,IMPHASH=6665061B5B72EBC3024E458910E50591</Data>
    <Data Name="ParentProcessGuid">{7b2a0e3f-4f4c-65ec-6600-0000d1b8a625}</Data>
    <Data Name="ParentProcessId">5904</Data>
    <Data Name="ParentImage">C:\Windows\System32\svchost.exe</Data>
    <Data Name="ParentCommandLine">svchost.exe -k LocalSystem</Data>
    <Data Name="ParentUser">NT AUTHORITY\SYSTEM</Data>
    
  </EventData>
</Event>
<Event xmlns="http://schemas.microsoft.com/win/2004/08/events/event">
  <System>
    <Provider Name="Microsoft-Windows-Sysmon" Guid="{5770385f-c22a-43e0-bf4c-06f5698ffbd9}"/>
    <EventID>1</EventID>
    <Version>5</Version>
    <Level>4</Level>
    <Task>1</Task>
    <Opcode>0</Opcode>
    <Keywords>0x8000000000000000</Keywords>
    <TimeCreated SystemTime="2024-03-18T16:24:46.2496252Z"/>
    <EventRecordID>525541</EventRecordID>
    <Correlation/>
    <Execution ProcessID="2760" ThreadID="3324"/>
    <Channel>Microsoft-Windows-Sysmon/Operational</Channel>
    <Computer>WS-MCHEN-01.meridianhcs.local</Computer>
    <Security UserID="S-1-5-18"/>
  </System>
  <EventData>
    
    <Data Name="RuleName">-</Data>
    <Data Name="UtcTime">2024-03-18 16:24:46.249</Data>
    <Data Name="ProcessGuid">{7b2a0e3f-6ace-65f8-0f00-00109a86cb81}</Data>
    <Data Name="ProcessId">9048</Data>
    <Data Name="Image">C:\Windows\System32\OpenSSH\ssh.exe</Data>
    <Data Name="FileVersion">8.6.0.1</Data>
    <Data Name="Description">OpenSSH SSH client</Data>
    <Data Name="Product">OpenSSH for Windows</Data>
    <Data Name="Company">Microsoft Corporation</Data>
    <Data Name="OriginalFileName">ssh.exe</Data>
    <Data Name="CommandLine">ssh.exe marcus.chen@MAIL-CLIN-01.meridianhcs.local</Data>
    <Data Name="CurrentDirectory">C:\Users\marcus.chen\</Data>
    <Data Name="User">MERIDIANHCS\marcus.chen</Data>
    <Data Name="LogonGuid">{00000000-0000-0000-0000-000000000000}</Data>
    <Data Name="LogonId">0x6c4d6d2</Data>
    <Data Name="TerminalSessionId">1</Data>
    <Data Name="IntegrityLevel">Medium</Data>
    <Data Name="Hashes">SHA1=34EDBE1F2503BED1B1F8F387974ACB65F632C21B,MD5=177AE85C74B6D0BB9FC040A42BF2CAC0,SHA256=5CA44FEC35D64819E1CF357648C98073ACA2AEF9816F8FA375095783B3AC3EE1,IMPHASH=62F7B0310260F97B5078263292DD1CBA</Data>
    <Data Name="ParentProcessGuid">{7b2a0e3f-613d-65f8-d900-0010b204a2af}</Data>
    <Data Name="ParentProcessId">8400</Data>
    <Data Name="ParentImage">C:\Windows\System32\WindowsPowerShell\v1.0\powershell.exe</Data>
    <Data Name="ParentCommandLine">C:\Windows\System32\WindowsPowerShell\v1.0\powershell.exe</Data>
    <Data Name="ParentUser">MERIDIANHCS\marcus.chen</Data>
    
  </EventData>
</Event>
<Event xmlns="http://schemas.microsoft.com/win/2004/08/events/event">
  <System>
    <Provider Name="Microsoft-Windows-Sysmon" Guid="{5770385f-c22a-43e0-bf4c-06f5698ffbd9}"/>
    <EventID>22</EventID>
    <Version>5</Version>
    <Level>4</Level>
    <Task>22</Task>
    <Opcode>0</Opcode>
    <Keywords>0x8000000000000000</Keywords>
    <TimeCreated SystemTime="2024-03-18T16:25:08.8647843Z"/>
    <EventRecordID>525542</EventRecordID>
    <Correlation/>
    <Execution ProcessID="2760" ThreadID="3324"/>
    <Channel>Microsoft-Windows-Sysmon/Operational</Channel>
    <Computer>WS-MCHEN-01.meridianhcs.local</Computer>
    <Security UserID="S-1-5-18"/>
  </System>
  <EventData>
    
    <Data Name="RuleName">-</Data>
    <Data Name="UtcTime">2024-03-18 16:25:08.864</Data>
    <Data Name="ProcessGuid">{7b2a0e3f-6ace-65f8-0f00-00109a86cb81}</Data>
    <Data Name="ProcessId">9048</Data>
    <Data Name="QueryName">MAIL-CLIN-01.meridianhcs.local</Data>
    <Data Name="QueryStatus">0</Data>
    <Data Name="QueryResults">10.10.2.26;</Data>
    <Data Name="Image">C:\Windows\System32\OpenSSH\ssh.exe</Data>
    <Data Name="User">MERIDIANHCS\marcus.chen</Data>
    
  </EventData>
</Event>
<Event xmlns="http://schemas.microsoft.com/win/2004/08/events/event">
  <System>
    <Provider Name="Microsoft-Windows-Sysmon" Guid="{5770385f-c22a-43e0-bf4c-06f5698ffbd9}"/>
    <EventID>3</EventID>
    <Version>5</Version>
    <Level>4</Level>
    <Task>3</Task>
    <Opcode>0</Opcode>
    <Keywords>0x8000000000000000</Keywords>
    <TimeCreated SystemTime="2024-03-18T16:25:10.3915320Z"/>
    <EventRecordID>525543</EventRecordID>
    <Correlation/>
    <Execution ProcessID="2760" ThreadID="2500"/>
    <Channel>Microsoft-Windows-Sysmon/Operational</Channel>
    <Computer>WS-MCHEN-01.meridianhcs.local</Computer>
    <Security UserID="S-1-5-18"/>
  </System>
  <EventData>
    
    <Data Name="RuleName">-</Data>
    <Data Name="UtcTime">2024-03-18 16:25:10.391</Data>
    <Data Name="ProcessGuid">{7b2a0e3f-6ace-65f8-0f00-00109a86cb81}</Data>
    <Data Name="ProcessId">9048</Data>
    <Data Name="Image">C:\Windows\System32\OpenSSH\ssh.exe</Data>
    <Data Name="User">MERIDIANHCS\marcus.chen</Data>
    <Data Name="Protocol">tcp</Data>
    <Data Name="Initiated">true</Data>
    <Data Name="SourceIsIpv6">false</Data>
    <Data Name="SourceIp">10.10.1.31</Data>
    <Data Name="SourceHostname">WS-MCHEN-01.meridianhcs.local</Data>
    <Data Name="SourcePort">59286</Data>
    <Data Name="SourcePortName">-</Data>
    <Data Name="DestinationIsIpv6">false</Data>
    <Data Name="DestinationIp">10.10.2.26</Data>
    <Data Name="DestinationHostname">MAIL-CLIN-01.meridianhcs.local</Data>
    <Data Name="DestinationPort">22</Data>
    <Data Name="DestinationPortName">ssh</Data>
    
  </EventData>
</Event>
<Event xmlns="http://schemas.microsoft.com/win/2004/08/events/event">
  <System>
    <Provider Name="Microsoft-Windows-Sysmon" Guid="{5770385f-c22a-43e0-bf4c-06f5698ffbd9}"/>
    <EventID>1</EventID>
    <Version>5</Version>
    <Level>4</Level>
    <Task>1</Task>
    <Opcode>0</Opcode>
    <Keywords>0x8000000000000000</Keywords>
    <TimeCreated SystemTime="2024-03-18T16:26:52.2467722Z"/>
    <EventRecordID>525545</EventRecordID>
    <Correlation/>
    <Execution ProcessID="2760" ThreadID="3324"/>
    <Channel>Microsoft-Windows-Sysmon/Operational</Channel>
    <Computer>WS-MCHEN-01.meridianhcs.local</Computer>
    <Security UserID="S-1-5-18"/>
  </System>
  <EventData>
    
    <Data Name="RuleName">-</Data>
    <Data Name="UtcTime">2024-03-18 16:26:52.246</Data>
    <Data Name="ProcessGuid">{7b2a0e3f-6b4c-65f8-cb02-000013b8735a}</Data>
    <Data Name="ProcessId">8900</Data>
    <Data Name="Image">C:\Windows\System32\SearchProtocolHost.exe</Data>
    <Data Name="FileVersion">10.0.22621.1</Data>
    <Data Name="Description">Microsoft Windows Search Protocol Host</Data>
    <Data Name="Product">Microsoft Windows Operating System</Data>
    <Data Name="Company">Microsoft Corporation</Data>
    <Data Name="OriginalFileName">SearchProtocolHost.exe</Data>
    <Data Name="CommandLine">SearchProtocolHost.exe Global\UsGthrFltPipeMssGthrPipe_S-1-5-20 Global\UsGthrCtrlFltPipeMssGthrPipe_S-1-5-20 1</Data>
    <Data Name="CurrentDirectory">C:\Windows\System32\</Data>
    <Data Name="User">NT AUTHORITY\SYSTEM</Data>
    <Data Name="LogonGuid">{00000000-0000-0000-0000-000000000000}</Data>
    <Data Name="LogonId">0x3e7</Data>
    <Data Name="TerminalSessionId">0</Data>
    <Data Name="IntegrityLevel">System</Data>
    <Data Name="Hashes">SHA1=43216957F6B1F6C0C1C954D1CFC7F9CE3FC72B60,MD5=BA242BD070D4A866C5D58169DB10ED02,SHA256=D48FE4EDB7B572D8CF8A37CD1AFC0882D88CA17A0BE3F4615C9E5A4F608E954A,IMPHASH=E495A5C3FEEEA98E32665B0ADE2B5A18</Data>
    <Data Name="ParentProcessGuid">{7b2a0e3f-4f56-65ec-6202-00102298e014}</Data>
    <Data Name="ParentProcessId">6068</Data>
    <Data Name="ParentImage">C:\Windows\System32\SearchIndexer.exe</Data>
    <Data Name="ParentCommandLine">SearchIndexer.exe</Data>
    <Data Name="ParentUser">NT AUTHORITY\SYSTEM</Data>
    
  </EventData>
</Event>
<Event xmlns="http://schemas.microsoft.com/win/2004/08/events/event">
  <System>
    <Provider Name="Microsoft-Windows-Sysmon" Guid="{5770385f-c22a-43e0-bf4c-06f5698ffbd9}"/>
    <EventID>22</EventID>
    <Version>5</Version>
    <Level>4</Level>
    <Task>22</Task>
    <Opcode>0</Opcode>
    <Keywords>0x8000000000000000</Keywords>
    <TimeCreated SystemTime="2024-03-18T16:29:02.0810466Z"/>
    <EventRecordID>525546</EventRecordID>
    <Correlation/>
    <Execution ProcessID="2760" ThreadID="3324"/>
    <Channel>Microsoft-Windows-Sysmon/Operational</Channel>
    <Computer>WS-MCHEN-01.meridianhcs.local</Computer>
    <Security UserID="S-1-5-18"/>
  </System>
  <EventData>
    
    <Data Name="RuleName">-</Data>
    <Data Name="UtcTime">2024-03-18 16:29:02.081</Data>
    <Data Name="ProcessGuid">{7b2a0e3f-4f4f-65ec-9302-0000328a62d2}</Data>
    <Data Name="ProcessId">5916</Data>
    <Data Name="QueryName">DC-01.meridianhcs.local</Data>
    <Data Name="QueryStatus">0</Data>
    <Data Name="QueryResults">10.10.2.10;</Data>
    <Data Name="Image">C:\Windows\System32\svchost.exe</Data>
    <Data Name="User">NT AUTHORITY\LOCAL SERVICE</Data>
    
  </EventData>
</Event>
<Event xmlns="http://schemas.microsoft.com/win/2004/08/events/event">
  <System>
    <Provider Name="Microsoft-Windows-Sysmon" Guid="{5770385f-c22a-43e0-bf4c-06f5698ffbd9}"/>
    <EventID>3</EventID>
    <Version>5</Version>
    <Level>4</Level>
    <Task>3</Task>
    <Opcode>0</Opcode>
    <Keywords>0x8000000000000000</Keywords>
    <TimeCreated SystemTime="2024-03-18T16:29:34.2699645Z"/>
    <EventRecordID>525547</EventRecordID>
    <Correlation/>
    <Execution ProcessID="2760" ThreadID="1792"/>
    <Channel>Microsoft-Windows-Sysmon/Operational</Channel>
    <Computer>WS-MCHEN-01.meridianhcs.local</Computer>
    <Security UserID="S-1-5-18"/>
  </System>
  <EventData>
    
    <Data Name="RuleName">-</Data>
    <Data Name="UtcTime">2024-03-18 16:29:34.269</Data>
    <Data Name="ProcessGuid">{7b2a0e3f-4f49-65ec-9600-0000883862a5}</Data>
    <Data Name="ProcessId">5888</Data>
    <Data Name="Image">C:\Windows\System32\lsass.exe</Data>
    <Data Name="User">NT AUTHORITY\SYSTEM</Data>
    <Data Name="Protocol">udp</Data>
    <Data Name="Initiated">true</Data>
    <Data Name="SourceIsIpv6">false</Data>
    <Data Name="SourceIp">10.10.1.31</Data>
    <Data Name="SourceHostname">WS-MCHEN-01.meridianhcs.local</Data>
    <Data Name="SourcePort">56857</Data>
    <Data Name="SourcePortName">-</Data>
    <Data Name="DestinationIsIpv6">false</Data>
    <Data Name="DestinationIp">10.10.2.10</Data>
    <Data Name="DestinationHostname">DC-01.meridianhcs.local</Data>
    <Data Name="DestinationPort">88</Data>
    <Data Name="DestinationPortName">kerberos</Data>
    
  </EventData>
</Event>
<Event xmlns="http://schemas.microsoft.com/win/2004/08/events/event">
  <System>
    <Provider Name="Microsoft-Windows-Sysmon" Guid="{5770385f-c22a-43e0-bf4c-06f5698ffbd9}"/>
    <EventID>10</EventID>
    <Version>3</Version>
    <Level>4</Level>
    <Task>10</Task>
    <Opcode>0</Opcode>
    <Keywords>0x8000000000000000</Keywords>
    <TimeCreated SystemTime="2024-03-18T16:31:37.1612454Z"/>
    <EventRecordID>525548</EventRecordID>
    <Correlation/>
    <Execution ProcessID="2760" ThreadID="1792"/>
    <Channel>Microsoft-Windows-Sysmon/Operational</Channel>
    <Computer>WS-MCHEN-01.meridianhcs.local</Computer>
    <Security UserID="S-1-5-18"/>
  </System>
  <EventData>
    
    <Data Name="RuleName">-</Data>
    <Data Name="UtcTime">2024-03-18 16:31:37.161</Data>
    <Data Name="SourceProcessGUID">{7b2a0e3f-4f47-65ec-b400-0000d196fffd}</Data>
    <Data Name="SourceProcessId">5872</Data>
    <Data Name="SourceThreadId">21428</Data>
    <Data Name="SourceImage">C:\Windows\System32\services.exe</Data>
    <Data Name="TargetProcessGUID">{7b2a0e3f-4f4d-65ec-d700-001003fb4c55}</Data>
    <Data Name="TargetProcessId">5908</Data>
    <Data Name="TargetImage">C:\Windows\System32\svchost.exe</Data>
    <Data Name="GrantedAccess">0x1000</Data>
    <Data Name="CallTrace">C:\Windows\SYSTEM32\ntdll.dll+9EBC3|C:\Windows\SYSTEM32\KERNELBASE.dll+2EDFD|C:\Windows\SYSTEM32\sechost.dll+128D8</Data>
    <Data Name="SourceUser">NT AUTHORITY\SYSTEM</Data>
    <Data Name="TargetUser">NT AUTHORITY\NETWORK SERVICE</Data>
    
  </EventData>
</Event>
<Event xmlns="http://schemas.microsoft.com/win/2004/08/events/event">
  <System>
    <Provider Name="Microsoft-Windows-Sysmon" Guid="{5770385f-c22a-43e0-bf4c-06f5698ffbd9}"/>
    <EventID>5</EventID>
    <Version>3</Version>
    <Level>4</Level>
    <Task>5</Task>
    <Opcode>0</Opcode>
    <Keywords>0x8000000000000000</Keywords>
    <TimeCreated SystemTime="2024-03-18T16:33:22.0736719Z"/>
    <EventRecordID>525549</EventRecordID>
    <Correlation/>
    <Execution ProcessID="2760" ThreadID="3324"/>
    <Channel>Microsoft-Windows-Sysmon/Operational</Channel>
    <Computer>WS-MCHEN-01.meridianhcs.local</Computer>
    <Security UserID="S-1-5-18"/>
  </System>
  <EventData>
    
    <Data Name="RuleName">-</Data>
    <Data Name="UtcTime">2024-03-18 16:33:22.073</Data>
    <Data Name="ProcessGuid">{7b2a0e3f-4c25-65f8-7902-000069cc849f}</Data>
    <Data Name="ProcessId">8064</Data>
    <Data Name="Image">C:\Windows\System32\spoolsv.exe</Data>
    <Data Name="User">NT AUTHORITY\SYSTEM</Data>
    
  </EventData>
</Event>
<Event xmlns="http://schemas.microsoft.com/win/2004/08/events/event">
  <System>
    <Provider Name="Microsoft-Windows-Sysmon" Guid="{5770385f-c22a-43e0-bf4c-06f5698ffbd9}"/>
    <EventID>5</EventID>
    <Version>3</Version>
    <Level>4</Level>
    <Task>5</Task>
    <Opcode>0</Opcode>
    <Keywords>0x8000000000000000</Keywords>
    <TimeCreated SystemTime="2024-03-18T16:37:35.2201775Z"/>
    <EventRecordID>525551</EventRecordID>
    <Correlation/>
    <Execution ProcessID="2760" ThreadID="1792"/>
    <Channel>Microsoft-Windows-Sysmon/Operational</Channel>
    <Computer>WS-MCHEN-01.meridianhcs.local</Computer>
    <Security UserID="S-1-5-18"/>
  </System>
  <EventData>
    
    <Data Name="RuleName">-</Data>
    <Data Name="UtcTime">2024-03-18 16:37:35.220</Data>
    <Data Name="ProcessGuid">{7b2a0e3f-694d-65f8-8f02-0000a1a74fdd}</Data>
    <Data Name="ProcessId">9052</Data>
    <Data Name="Image">C:\Windows\System32\OpenSSH\ssh.exe</Data>
    <Data Name="User">MERIDIANHCS\marcus.chen</Data>
    
  </EventData>
</Event>
<Event xmlns="http://schemas.microsoft.com/win/2004/08/events/event">
  <System>
    <Provider Name="Microsoft-Windows-Sysmon" Guid="{5770385f-c22a-43e0-bf4c-06f5698ffbd9}"/>
    <EventID>5</EventID>
    <Version>3</Version>
    <Level>4</Level>
    <Task>5</Task>
    <Opcode>0</Opcode>
    <Keywords>0x8000000000000000</Keywords>
    <TimeCreated SystemTime="2024-03-18T16:38:14.5969574Z"/>
    <EventRecordID>525552</EventRecordID>
    <Correlation/>
    <Execution ProcessID="2760" ThreadID="2500"/>
    <Channel>Microsoft-Windows-Sysmon/Operational</Channel>
    <Computer>WS-MCHEN-01.meridianhcs.local</Computer>
    <Security UserID="S-1-5-18"/>
  </System>
  <EventData>
    
    <Data Name="RuleName">-</Data>
    <Data Name="UtcTime">2024-03-18 16:38:14.596</Data>
    <Data Name="ProcessGuid">{7b2a0e3f-3d75-65f8-c602-00001d851988}</Data>
    <Data Name="ProcessId">7528</Data>
    <Data Name="Image">C:\Program Files\Mozilla Firefox\firefox.exe</Data>
    <Data Name="User">MERIDIANHCS\marcus.chen</Data>
    
  </EventData>
</Event>
<Event xmlns="http://schemas.microsoft.com/win/2004/08/events/event">
  <System>
    <Provider Name="Microsoft-Windows-Sysmon" Guid="{5770385f-c22a-43e0-bf4c-06f5698ffbd9}"/>
    <EventID>22</EventID>
    <Version>5</Version>
    <Level>4</Level>
    <Task>22</Task>
    <Opcode>0</Opcode>
    <Keywords>0x8000000000000000</Keywords>
    <TimeCreated SystemTime="2024-03-18T16:40:15.6261188Z"/>
    <EventRecordID>525553</EventRecordID>
    <Correlation/>
    <Execution ProcessID="2760" ThreadID="1792"/>
    <Channel>Microsoft-Windows-Sysmon/Operational</Channel>
    <Computer>WS-MCHEN-01.meridianhcs.local</Computer>
    <Security UserID="S-1-5-18"/>
  </System>
  <EventData>
    
    <Data Name="RuleName">-</Data>
    <Data Name="UtcTime">2024-03-18 16:40:15.626</Data>
    <Data Name="ProcessGuid">{7b2a0e3f-4f4f-65ec-9302-0000328a62d2}</Data>
    <Data Name="ProcessId">5916</Data>
    <Data Name="QueryName">DC-01.meridianhcs.local</Data>
    <Data Name="QueryStatus">0</Data>
    <Data Name="QueryResults">10.10.2.10;</Data>
    <Data Name="Image">C:\Windows\System32\svchost.exe</Data>
    <Data Name="User">NT AUTHORITY\LOCAL SERVICE</Data>
    
  </EventData>
</Event>
<Event xmlns="http://schemas.microsoft.com/win/2004/08/events/event">
  <System>
    <Provider Name="Microsoft-Windows-Sysmon" Guid="{5770385f-c22a-43e0-bf4c-06f5698ffbd9}"/>
    <EventID>22</EventID>
    <Version>5</Version>
    <Level>4</Level>
    <Task>22</Task>
    <Opcode>0</Opcode>
    <Keywords>0x8000000000000000</Keywords>
    <TimeCreated SystemTime="2024-03-18T16:40:37.7794345Z"/>
    <EventRecordID>525554</EventRecordID>
    <Correlation/>
    <Execution ProcessID="2760" ThreadID="1792"/>
    <Channel>Microsoft-Windows-Sysmon/Operational</Channel>
    <Computer>WS-MCHEN-01.meridianhcs.local</Computer>
    <Security UserID="S-1-5-18"/>
  </System>
  <EventData>
    
    <Data Name="RuleName">-</Data>
    <Data Name="UtcTime">2024-03-18 16:40:37.779</Data>
    <Data Name="ProcessGuid">{7b2a0e3f-4f40-65ec-8202-00002a58927d}</Data>
    <Data Name="ProcessId">4</Data>
    <Data Name="QueryName">printer01.meridianhcs.local</Data>
    <Data Name="QueryStatus">9003</Data>
    <Data Name="QueryResults">-</Data>
    <Data Name="Image">System</Data>
    <Data Name="User">NT AUTHORITY\SYSTEM</Data>
    
  </EventData>
</Event>
<Event xmlns="http://schemas.microsoft.com/win/2004/08/events/event">
  <System>
    <Provider Name="Microsoft-Windows-Sysmon" Guid="{5770385f-c22a-43e0-bf4c-06f5698ffbd9}"/>
    <EventID>3</EventID>
    <Version>5</Version>
    <Level>4</Level>
    <Task>3</Task>
    <Opcode>0</Opcode>
    <Keywords>0x8000000000000000</Keywords>
    <TimeCreated SystemTime="2024-03-18T16:41:33.1029440Z"/>
    <EventRecordID>525555</EventRecordID>
    <Correlation/>
    <Execution ProcessID="2760" ThreadID="1792"/>
    <Channel>Microsoft-Windows-Sysmon/Operational</Channel>
    <Computer>WS-MCHEN-01.meridianhcs.local</Computer>
    <Security UserID="S-1-5-18"/>
  </System>
  <EventData>
    
    <Data Name="RuleName">-</Data>
    <Data Name="UtcTime">2024-03-18 16:41:33.102</Data>
    <Data Name="ProcessGuid">{7b2a0e3f-4f49-65ec-9600-0000883862a5}</Data>
    <Data Name="ProcessId">5888</Data>
    <Data Name="Image">C:\Windows\System32\lsass.exe</Data>
    <Data Name="User">NT AUTHORITY\SYSTEM</Data>
    <Data Name="Protocol">udp</Data>
    <Data Name="Initiated">true</Data>
    <Data Name="SourceIsIpv6">false</Data>
    <Data Name="SourceIp">10.10.1.31</Data>
    <Data Name="SourceHostname">WS-MCHEN-01.meridianhcs.local</Data>
    <Data Name="SourcePort">62485</Data>
    <Data Name="SourcePortName">-</Data>
    <Data Name="DestinationIsIpv6">false</Data>
    <Data Name="DestinationIp">10.10.2.10</Data>
    <Data Name="DestinationHostname">DC-01.meridianhcs.local</Data>
    <Data Name="DestinationPort">88</Data>
    <Data Name="DestinationPortName">kerberos</Data>
    
  </EventData>
</Event>
<Event xmlns="http://schemas.microsoft.com/win/2004/08/events/event">
  <System>
    <Provider Name="Microsoft-Windows-Sysmon" Guid="{5770385f-c22a-43e0-bf4c-06f5698ffbd9}"/>
    <EventID>3</EventID>
    <Version>5</Version>
    <Level>4</Level>
    <Task>3</Task>
    <Opcode>0</Opcode>
    <Keywords>0x8000000000000000</Keywords>
    <TimeCreated SystemTime="2024-03-18T16:41:39.4033866Z"/>
    <EventRecordID>525556</EventRecordID>
    <Correlation/>
    <Execution ProcessID="2760" ThreadID="1792"/>
    <Channel>Microsoft-Windows-Sysmon/Operational</Channel>
    <Computer>WS-MCHEN-01.meridianhcs.local</Computer>
    <Security UserID="S-1-5-18"/>
  </System>
  <EventData>
    
    <Data Name="RuleName">-</Data>
    <Data Name="UtcTime">2024-03-18 16:41:39.403</Data>
    <Data Name="ProcessGuid">{7b2a0e3f-4f49-65ec-9600-0000883862a5}</Data>
    <Data Name="ProcessId">5888</Data>
    <Data Name="Image">C:\Windows\System32\lsass.exe</Data>
    <Data Name="User">NT AUTHORITY\SYSTEM</Data>
    <Data Name="Protocol">udp</Data>
    <Data Name="Initiated">true</Data>
    <Data Name="SourceIsIpv6">false</Data>
    <Data Name="SourceIp">10.10.1.31</Data>
    <Data Name="SourceHostname">WS-MCHEN-01.meridianhcs.local</Data>
    <Data Name="SourcePort">56599</Data>
    <Data Name="SourcePortName">-</Data>
    <Data Name="DestinationIsIpv6">false</Data>
    <Data Name="DestinationIp">10.10.2.10</Data>
    <Data Name="DestinationHostname">DC-01.meridianhcs.local</Data>
    <Data Name="DestinationPort">88</Data>
    <Data Name="DestinationPortName">kerberos</Data>
    
  </EventData>
</Event>
<Event xmlns="http://schemas.microsoft.com/win/2004/08/events/event">
  <System>
    <Provider Name="Microsoft-Windows-Sysmon" Guid="{5770385f-c22a-43e0-bf4c-06f5698ffbd9}"/>
    <EventID>22</EventID>
    <Version>5</Version>
    <Level>4</Level>
    <Task>22</Task>
    <Opcode>0</Opcode>
    <Keywords>0x8000000000000000</Keywords>
    <TimeCreated SystemTime="2024-03-18T16:42:24.4675078Z"/>
    <EventRecordID>525557</EventRecordID>
    <Correlation/>
    <Execution ProcessID="2760" ThreadID="1204"/>
    <Channel>Microsoft-Windows-Sysmon/Operational</Channel>
    <Computer>WS-MCHEN-01.meridianhcs.local</Computer>
    <Security UserID="S-1-5-18"/>
  </System>
  <EventData>
    
    <Data Name="RuleName">-</Data>
    <Data Name="UtcTime">2024-03-18 16:42:24.467</Data>
    <Data Name="ProcessGuid">{7b2a0e3f-4f4f-65ec-9302-0000328a62d2}</Data>
    <Data Name="ProcessId">5916</Data>
    <Data Name="QueryName">MAIL-FIN-01.meridianhcs.local</Data>
    <Data Name="QueryStatus">0</Data>
    <Data Name="QueryResults">10.10.2.27;</Data>
    <Data Name="Image">C:\Windows\System32\svchost.exe</Data>
    <Data Name="User">NT AUTHORITY\LOCAL SERVICE</Data>
    
  </EventData>
</Event>
<Event xmlns="http://schemas.microsoft.com/win/2004/08/events/event">
  <System>
    <Provider Name="Microsoft-Windows-Sysmon" Guid="{5770385f-c22a-43e0-bf4c-06f5698ffbd9}"/>
    <EventID>1</EventID>
    <Version>5</Version>
    <Level>4</Level>
    <Task>1</Task>
    <Opcode>0</Opcode>
    <Keywords>0x8000000000000000</Keywords>
    <TimeCreated SystemTime="2024-03-18T16:42:25.8763124Z"/>
    <EventRecordID>525558</EventRecordID>
    <Correlation/>
    <Execution ProcessID="2760" ThreadID="1204"/>
    <Channel>Microsoft-Windows-Sysmon/Operational</Channel>
    <Computer>WS-MCHEN-01.meridianhcs.local</Computer>
    <Security UserID="S-1-5-18"/>
  </System>
  <EventData>
    
    <Data Name="RuleName">-</Data>
    <Data Name="UtcTime">2024-03-18 16:42:25.876</Data>
    <Data Name="ProcessGuid">{7b2a0e3f-6ef1-65f8-2300-0000c0d75c3f}</Data>
    <Data Name="ProcessId">9020</Data>
    <Data Name="Image">C:\Windows\System32\mstsc.exe</Data>
    <Data Name="FileVersion">10.0.22621.1</Data>
    <Data Name="Description">Remote Desktop Connection</Data>
    <Data Name="Product">Microsoft Windows Operating System</Data>
    <Data Name="Company">Microsoft Corporation</Data>
    <Data Name="OriginalFileName">mstsc.exe</Data>
    <Data Name="CommandLine">mstsc.exe /v:MAIL-FIN-01</Data>
    <Data Name="CurrentDirectory">C:\Windows\System32\</Data>
    <Data Name="User">MERIDIANHCS\marcus.chen</Data>
    <Data Name="LogonGuid">{00000000-0000-0000-0000-000000000000}</Data>
    <Data Name="LogonId">0x6c4d6d2</Data>
    <Data Name="TerminalSessionId">1</Data>
    <Data Name="IntegrityLevel">Medium</Data>
    <Data Name="Hashes">SHA1=E6E36D2FC9772680CAA626321052A0C9D56D307A,MD5=D279444AE4C9D8B7840B8A914D0D3419,SHA256=07030FD178093090E1B1A171374910B6868B60F1E452940FB8F03806C324C621,IMPHASH=8C24FC2F939A9A509FBC0B5C81CBAA47</Data>
    <Data Name="ParentProcessGuid">{7b2a0e3f-2fdf-65f8-2700-0000ee9268be}</Data>
    <Data Name="ParentProcessId">7264</Data>
    <Data Name="ParentImage">C:\Windows\explorer.exe</Data>
    <Data Name="ParentCommandLine">explorer.exe</Data>
    <Data Name="ParentUser">MERIDIANHCS\marcus.chen</Data>
    
  </EventData>
</Event>
<Event xmlns="http://schemas.microsoft.com/win/2004/08/events/event">
  <System>
    <Provider Name="Microsoft-Windows-Sysmon" Guid="{5770385f-c22a-43e0-bf4c-06f5698ffbd9}"/>
    <EventID>3</EventID>
    <Version>5</Version>
    <Level>4</Level>
    <Task>3</Task>
    <Opcode>0</Opcode>
    <Keywords>0x8000000000000000</Keywords>
    <TimeCreated SystemTime="2024-03-18T16:42:26.4837041Z"/>
    <EventRecordID>525559</EventRecordID>
    <Correlation/>
    <Execution ProcessID="2760" ThreadID="1204"/>
    <Channel>Microsoft-Windows-Sysmon/Operational</Channel>
    <Computer>WS-MCHEN-01.meridianhcs.local</Computer>
    <Security UserID="S-1-5-18"/>
  </System>
  <EventData>
    
    <Data Name="RuleName">-</Data>
    <Data Name="UtcTime">2024-03-18 16:42:26.483</Data>
    <Data Name="ProcessGuid">{7b2a0e3f-6ef1-65f8-2300-0000c0d75c3f}</Data>
    <Data Name="ProcessId">9020</Data>
    <Data Name="Image">C:\Windows\System32\mstsc.exe</Data>
    <Data Name="User">MERIDIANHCS\marcus.chen</Data>
    <Data Name="Protocol">tcp</Data>
    <Data Name="Initiated">true</Data>
    <Data Name="SourceIsIpv6">false</Data>
    <Data Name="SourceIp">10.10.1.31</Data>
    <Data Name="SourceHostname">WS-MCHEN-01.meridianhcs.local</Data>
    <Data Name="SourcePort">63259</Data>
    <Data Name="SourcePortName">-</Data>
    <Data Name="DestinationIsIpv6">false</Data>
    <Data Name="DestinationIp">10.10.2.27</Data>
    <Data Name="DestinationHostname">MAIL-FIN-01.meridianhcs.local</Data>
    <Data Name="DestinationPort">3389</Data>
    <Data Name="DestinationPortName">ms-wbt-server</Data>
    
  </EventData>
</Event>
<Event xmlns="http://schemas.microsoft.com/win/2004/08/events/event">
  <System>
    <Provider Name="Microsoft-Windows-Sysmon" Guid="{5770385f-c22a-43e0-bf4c-06f5698ffbd9}"/>
    <EventID>5</EventID>
    <Version>3</Version>
    <Level>4</Level>
    <Task>5</Task>
    <Opcode>0</Opcode>
    <Keywords>0x8000000000000000</Keywords>
    <TimeCreated SystemTime="2024-03-18T16:43:16.4022592Z"/>
    <EventRecordID>525560</EventRecordID>
    <Correlation/>
    <Execution ProcessID="2760" ThreadID="1792"/>
    <Channel>Microsoft-Windows-Sysmon/Operational</Channel>
    <Computer>WS-MCHEN-01.meridianhcs.local</Computer>
    <Security UserID="S-1-5-18"/>
  </System>
  <EventData>
    
    <Data Name="RuleName">-</Data>
    <Data Name="UtcTime">2024-03-18 16:43:16.402</Data>
    <Data Name="ProcessGuid">{7b2a0e3f-682a-65f8-ea00-0000ae691cc4}</Data>
    <Data Name="ProcessId">9024</Data>
    <Data Name="Image">C:\Windows\System32\OpenSSH\ssh.exe</Data>
    <Data Name="User">MERIDIANHCS\marcus.chen</Data>
    
  </EventData>
</Event>
<Event xmlns="http://schemas.microsoft.com/win/2004/08/events/event">
  <System>
    <Provider Name="Microsoft-Windows-Sysmon" Guid="{5770385f-c22a-43e0-bf4c-06f5698ffbd9}"/>
    <EventID>1</EventID>
    <Version>5</Version>
    <Level>4</Level>
    <Task>1</Task>
    <Opcode>0</Opcode>
    <Keywords>0x8000000000000000</Keywords>
    <TimeCreated SystemTime="2024-03-18T16:44:46.9815610Z"/>
    <EventRecordID>525561</EventRecordID>
    <Correlation/>
    <Execution ProcessID="2760" ThreadID="3324"/>
    <Channel>Microsoft-Windows-Sysmon/Operational</Channel>
    <Computer>WS-MCHEN-01.meridianhcs.local</Computer>
    <Security UserID="S-1-5-18"/>
  </System>
  <EventData>
    
    <Data Name="RuleName">-</Data>
    <Data Name="UtcTime">2024-03-18 16:44:46.981</Data>
    <Data Name="ProcessGuid">{7b2a0e3f-6f7e-65f8-a902-000023cc8a61}</Data>
    <Data Name="ProcessId">8836</Data>
    <Data Name="Image">C:\Windows\System32\sihost.exe</Data>
    <Data Name="FileVersion">10.0.22621.1</Data>
    <Data Name="Description">Shell Infrastructure Host</Data>
    <Data Name="Product">Microsoft Windows Operating System</Data>
    <Data Name="Company">Microsoft Corporation</Data>
    <Data Name="OriginalFileName">sihost.exe</Data>
    <Data Name="CommandLine">sihost.exe</Data>
    <Data Name="CurrentDirectory">C:\Windows\System32\</Data>
    <Data Name="User">MERIDIANHCS\marcus.chen</Data>
    <Data Name="LogonGuid">{00000000-0000-0000-0000-000000000000}</Data>
    <Data Name="LogonId">0x6c4d6d2</Data>
    <Data Name="TerminalSessionId">1</Data>
    <Data Name="IntegrityLevel">Medium</Data>
    <Data Name="Hashes">SHA1=1C4984F5A9AE0260D570689CA5DC4C3935D8CF68,MD5=A0C28037D56BCE35CEAC063B5762C1E3,SHA256=9810F429DB24DA2E2D78507E47220BEE7D715E4358600963F153CB4A033F3673,IMPHASH=34732A5FE33796D9C0FBA512A127EAD9</Data>
    <Data Name="ParentProcessGuid">{7b2a0e3f-4f50-65ec-4300-0000cdaf6d5e}</Data>
    <Data Name="ParentProcessId">6016</Data>
    <Data Name="ParentImage">C:\Windows\System32\svchost.exe</Data>
    <Data Name="ParentCommandLine">svchost.exe -k LocalServiceNetworkRestricted</Data>
    <Data Name="ParentUser">NT AUTHORITY\LOCAL SERVICE</Data>
    
  </EventData>
</Event>
<Event xmlns="http://schemas.microsoft.com/win/2004/08/events/event">
  <System>
    <Provider Name="Microsoft-Windows-Sysmon" Guid="{5770385f-c22a-43e0-bf4c-06f5698ffbd9}"/>
    <EventID>3</EventID>
    <Version>5</Version>
    <Level>4</Level>
    <Task>3</Task>
    <Opcode>0</Opcode>
    <Keywords>0x8000000000000000</Keywords>
    <TimeCreated SystemTime="2024-03-18T16:44:55.0782572Z"/>
    <EventRecordID>525562</EventRecordID>
    <Correlation/>
    <Execution ProcessID="2760" ThreadID="1792"/>
    <Channel>Microsoft-Windows-Sysmon/Operational</Channel>
    <Computer>WS-MCHEN-01.meridianhcs.local</Computer>
    <Security UserID="S-1-5-18"/>
  </System>
  <EventData>
    
    <Data Name="RuleName">-</Data>
    <Data Name="UtcTime">2024-03-18 16:44:55.078</Data>
    <Data Name="ProcessGuid">{7b2a0e3f-4f4f-65ec-9302-0000328a62d2}</Data>
    <Data Name="ProcessId">5916</Data>
    <Data Name="Image">C:\Windows\System32\svchost.exe</Data>
    <Data Name="User">NT AUTHORITY\LOCAL SERVICE</Data>
    <Data Name="Protocol">udp</Data>
    <Data Name="Initiated">true</Data>
    <Data Name="SourceIsIpv6">false</Data>
    <Data Name="SourceIp">10.10.1.31</Data>
    <Data Name="SourceHostname">WS-MCHEN-01.meridianhcs.local</Data>
    <Data Name="SourcePort">49259</Data>
    <Data Name="SourcePortName">-</Data>
    <Data Name="DestinationIsIpv6">false</Data>
    <Data Name="DestinationIp">10.10.2.10</Data>
    <Data Name="DestinationHostname">DC-01.meridianhcs.local</Data>
    <Data Name="DestinationPort">53</Data>
    <Data Name="DestinationPortName">domain</Data>
    
  </EventData>
</Event>
