<Event xmlns="http://schemas.microsoft.com/win/2004/08/events/event">
  <System>
    <Provider Name="Microsoft-Windows-Sysmon" Guid="{5770385f-c22a-43e0-bf4c-06f5698ffbd9}"/>
    <EventID>1</EventID>
    <Version>5</Version>
    <Level>4</Level>
    <Task>1</Task>
    <Opcode>0</Opcode>
    <Keywords>0x8000000000000000</Keywords>
    <TimeCreated SystemTime="2024-03-18T17:49:10.4651482Z"/>
    <EventRecordID>321108</EventRecordID>
    <Correlation/>
    <Execution ProcessID="2140" ThreadID="4452"/>
    <Channel>Microsoft-Windows-Sysmon/Operational</Channel>
    <Computer>WS-DRAMIREZ-01.meridianhcs.local</Computer>
    <Security UserID="S-1-5-18"/>
  </System>
  <EventData>
    
    <Data Name="RuleName">-</Data>
    <Data Name="UtcTime">2024-03-18 17:49:10.465</Data>
    <Data Name="ProcessGuid">{5af96291-7e96-65f8-4200-00109d49dfac}</Data>
    <Data Name="ProcessId">7640</Data>
    <Data Name="Image">C:\Program Files (x86)\Dropbox\Update\DropboxUpdate.exe</Data>
    <Data Name="FileVersion">-</Data>
    <Data Name="Description">-</Data>
    <Data Name="Product">-</Data>
    <Data Name="Company">-</Data>
    <Data Name="OriginalFileName">-</Data>
    <Data Name="CommandLine">DropboxUpdate.exe /svc</Data>
    <Data Name="CurrentDirectory">C:\Windows\System32\</Data>
    <Data Name="User">NT AUTHORITY\SYSTEM</Data>
    <Data Name="LogonGuid">{00000000-0000-0000-0000-000000000000}</Data>
    <Data Name="LogonId">0x3e7</Data>
    <Data Name="TerminalSessionId">0</Data>
    <Data Name="IntegrityLevel">System</Data>
    <Data Name="Hashes">SHA1=9C9553118846730CD57BE76D7FD1D6569396BDDD,MD5=28D8439028ABA7E4A3E3734E1C47A9CC,SHA256=C1E09E737846E713E9AC8D9DB04CB231377706742CC76F187A9C586FE4928980,IMPHASH=E3D92598470BD2B25DC52DD1D8A4CD13</Data>
    <Data Name="ParentProcessGuid">{5af96291-0944-65e7-2202-0000c48197b6}</Data>
    <Data Name="ParentProcessId">5752</Data>
    <Data Name="ParentImage">C:\Windows\System32\services.exe</Data>
    <Data Name="ParentCommandLine">services.exe</Data>
    <Data Name="ParentUser">NT AUTHORITY\SYSTEM</Data>
    
  </EventData>
</Event>
<Event xmlns="http://schemas.microsoft.com/win/2004/08/events/event">
  <System>
    <Provider Name="Microsoft-Windows-Sysmon" Guid="{5770385f-c22a-43e0-bf4c-06f5698ffbd9}"/>
    <EventID>5</EventID>
    <Version>3</Version>
    <Level>4</Level>
    <Task>5</Task>
    <Opcode>0</Opcode>
    <Keywords>0x8000000000000000</Keywords>
    <TimeCreated SystemTime="2024-03-18T17:50:11.2052240Z"/>
    <EventRecordID>321112</EventRecordID>
    <Correlation/>
    <Execution ProcessID="2140" ThreadID="4452"/>
    <Channel>Microsoft-Windows-Sysmon/Operational</Channel>
    <Computer>WS-DRAMIREZ-01.meridianhcs.local</Computer>
    <Security UserID="S-1-5-18"/>
  </System>
  <EventData>
    
    <Data Name="RuleName">-</Data>
    <Data Name="UtcTime">2024-03-18 17:50:11.205</Data>
    <Data Name="ProcessGuid">{5af96291-7e96-65f8-4200-00109d49dfac}</Data>
    <Data Name="ProcessId">7640</Data>
    <Data Name="Image">C:\Program Files (x86)\Dropbox\Update\DropboxUpdate.exe</Data>
    <Data Name="User">NT AUTHORITY\SYSTEM</Data>
    
  </EventData>
</Event>
<Event xmlns="http://schemas.microsoft.com/win/2004/08/events/event">
  <System>
    <Provider Name="Microsoft-Windows-Sysmon" Guid="{5770385f-c22a-43e0-bf4c-06f5698ffbd9}"/>
    <EventID>3</EventID>
    <Version>5</Version>
    <Level>4</Level>
    <Task>3</Task>
    <Opcode>0</Opcode>
    <Keywords>0x8000000000000000</Keywords>
    <TimeCreated SystemTime="2024-03-18T17:51:19.6968290Z"/>
    <EventRecordID>321118</EventRecordID>
    <Correlation/>
    <Execution ProcessID="2140" ThreadID="1752"/>
    <Channel>Microsoft-Windows-Sysmon/Operational</Channel>
    <Computer>WS-DRAMIREZ-01.meridianhcs.local</Computer>
    <Security UserID="S-1-5-18"/>
  </System>
  <EventData>
    
    <Data Name="RuleName">-</Data>
    <Data Name="UtcTime">2024-03-18 17:51:19.696</Data>
    <Data Name="ProcessGuid">{5af96291-094c-65e7-4a02-0000862ccb47}</Data>
    <Data Name="ProcessId">5800</Data>
    <Data Name="Image">C:\Windows\System32\svchost.exe</Data>
    <Data Name="User">NT AUTHORITY\LOCAL SERVICE</Data>
    <Data Name="Protocol">udp</Data>
    <Data Name="Initiated">true</Data>
    <Data Name="SourceIsIpv6">false</Data>
    <Data Name="SourceIp">10.10.1.34</Data>
    <Data Name="SourceHostname">WS-DRAMIREZ-01.meridianhcs.local</Data>
    <Data Name="SourcePort">58279</Data>
    <Data Name="SourcePortName">-</Data>
    <Data Name="DestinationIsIpv6">false</Data>
    <Data Name="DestinationIp">10.10.2.10</Data>
    <Data Name="DestinationHostname">DC-01.meridianhcs.local</Data>
    <Data Name="DestinationPort">53</Data>
    <Data Name="DestinationPortName">domain</Data>
    
  </EventData>
</Event>
<Event xmlns="http://schemas.microsoft.com/win/2004/08/events/event">
  <System>
    <Provider Name="Microsoft-Windows-Sysmon" Guid="{5770385f-c22a-43e0-bf4c-06f5698ffbd9}"/>
    <EventID>22</EventID>
    <Version>5</Version>
    <Level>4</Level>
    <Task>22</Task>
    <Opcode>0</Opcode>
    <Keywords>0x8000000000000000</Keywords>
    <TimeCreated SystemTime="2024-03-18T17:51:19.7176455Z"/>
    <EventRecordID>321119</EventRecordID>
    <Correlation/>
    <Execution ProcessID="2140" ThreadID="1752"/>
    <Channel>Microsoft-Windows-Sysmon/Operational</Channel>
    <Computer>WS-DRAMIREZ-01.meridianhcs.local</Computer>
    <Security UserID="S-1-5-18"/>
  </System>
  <EventData>
    
    <Data Name="RuleName">-</Data>
    <Data Name="UtcTime">2024-03-18 17:51:19.717</Data>
    <Data Name="ProcessGuid">{5af96291-094c-65e7-4a02-0000862ccb47}</Data>
    <Data Name="ProcessId">5800</Data>
    <Data Name="QueryName">DC-01.meridianhcs.local</Data>
    <Data Name="QueryStatus">0</Data>
    <Data Name="QueryResults">10.10.2.10;</Data>
    <Data Name="Image">C:\Windows\System32\svchost.exe</Data>
    <Data Name="User">NT AUTHORITY\LOCAL SERVICE</Data>
    
  </EventData>
</Event>
<Event xmlns="http://schemas.microsoft.com/win/2004/08/events/event">
  <System>
    <Provider Name="Microsoft-Windows-Sysmon" Guid="{5770385f-c22a-43e0-bf4c-06f5698ffbd9}"/>
    <EventID>10</EventID>
    <Version>3</Version>
    <Level>4</Level>
    <Task>10</Task>
    <Opcode>0</Opcode>
    <Keywords>0x8000000000000000</Keywords>
    <TimeCreated SystemTime="2024-03-18T17:51:58.9344872Z"/>
    <EventRecordID>321122</EventRecordID>
    <Correlation/>
    <Execution ProcessID="2140" ThreadID="1764"/>
    <Channel>Microsoft-Windows-Sysmon/Operational</Channel>
    <Computer>WS-DRAMIREZ-01.meridianhcs.local</Computer>
    <Security UserID="S-1-5-18"/>
  </System>
  <EventData>
    
    <Data Name="RuleName">-</Data>
    <Data Name="UtcTime">2024-03-18 17:51:58.934</Data>
    <Data Name="SourceProcessGUID">{5af96291-0944-65e7-2202-0000c48197b6}</Data>
    <Data Name="SourceProcessId">5752</Data>
    <Data Name="SourceThreadId">4604</Data>
    <Data Name="SourceImage">C:\Windows\System32\services.exe</Data>
    <Data Name="TargetProcessGUID">{5af96291-0954-65e7-1802-0000015e389a}</Data>
    <Data Name="TargetProcessId">5848</Data>
    <Data Name="TargetImage">C:\ProgramData\Microsoft\Windows Defender\Platform\4.18.2301.6-0\MsMpEng.exe</Data>
    <Data Name="GrantedAccess">0x1010</Data>
    <Data Name="CallTrace">C:\Windows\SYSTEM32\ntdll.dll+9E647|C:\Windows\SYSTEM32\KERNELBASE.dll+2DE17|C:\Windows\SYSTEM32\sechost.dll+1428C</Data>
    <Data Name="SourceUser">NT AUTHORITY\SYSTEM</Data>
    <Data Name="TargetUser">NT AUTHORITY\SYSTEM</Data>
    
  </EventData>
</Event>
<Event xmlns="http://schemas.microsoft.com/win/2004/08/events/event">
  <System>
    <Provider Name="Microsoft-Windows-Sysmon" Guid="{5770385f-c22a-43e0-bf4c-06f5698ffbd9}"/>
    <EventID>1</EventID>
    <Version>5</Version>
    <Level>4</Level>
    <Task>1</Task>
    <Opcode>0</Opcode>
    <Keywords>0x8000000000000000</Keywords>
    <TimeCreated SystemTime="2024-03-18T17:54:47.9756402Z"/>
    <EventRecordID>321128</EventRecordID>
    <Correlation/>
    <Execution ProcessID="2140" ThreadID="4452"/>
    <Channel>Microsoft-Windows-Sysmon/Operational</Channel>
    <Computer>WS-DRAMIREZ-01.meridianhcs.local</Computer>
    <Security UserID="S-1-5-18"/>
  </System>
  <EventData>
    
    <Data Name="RuleName">-</Data>
    <Data Name="UtcTime">2024-03-18 17:54:47.975</Data>
    <Data Name="ProcessGuid">{5af96291-7fe7-65f8-a002-0000ca53ff15}</Data>
    <Data Name="ProcessId">7636</Data>
    <Data Name="Image">C:\Windows\System32\wbem\WmiPrvSE.exe</Data>
    <Data Name="FileVersion">10.0.19041.1</Data>
    <Data Name="Description">WMI Provider Host</Data>
    <Data Name="Product">Microsoft Windows Operating System</Data>
    <Data Name="Company">Microsoft Corporation</Data>
    <Data Name="OriginalFileName">WmiPrvSE.exe</Data>
    <Data Name="CommandLine">WmiPrvSE.exe -Embedding</Data>
    <Data Name="CurrentDirectory">C:\Windows\System32\</Data>
    <Data Name="User">NT AUTHORITY\SYSTEM</Data>
    <Data Name="LogonGuid">{00000000-0000-0000-0000-000000000000}</Data>
    <Data Name="LogonId">0x3e7</Data>
    <Data Name="TerminalSessionId">0</Data>
    <Data Name="IntegrityLevel">System</Data>
    <Data Name="Hashes">SHA1=B4BD6C34172F75B7837344487A3C6DA495D113E7,MD5=6A401484EE6D531392D8C9FC99834F28,SHA256=1555993AB3FEF3471E82C00937373D6A9CB82B8F4F0543C5B86D2E46EA1648CA,IMPHASH=8218D8C6FD491D3BFF8555FF24C7E4E4</Data>
    <Data Name="ParentProcessGuid">{5af96291-0948-65e7-e300-000089ae3cc1}</Data>
    <Data Name="ParentProcessId">5764</Data>
    <Data Name="ParentImage">C:\Windows\System32\svchost.exe</Data>
    <Data Name="ParentCommandLine">svchost.exe -k DcomLaunch</Data>
    <Data Name="ParentUser">NT AUTHORITY\SYSTEM</Data>
    
  </EventData>
</Event>
<Event xmlns="http://schemas.microsoft.com/win/2004/08/events/event">
  <System>
    <Provider Name="Microsoft-Windows-Sysmon" Guid="{5770385f-c22a-43e0-bf4c-06f5698ffbd9}"/>
    <EventID>5</EventID>
    <Version>3</Version>
    <Level>4</Level>
    <Task>5</Task>
    <Opcode>0</Opcode>
    <Keywords>0x8000000000000000</Keywords>
    <TimeCreated SystemTime="2024-03-18T17:56:58.1254888Z"/>
    <EventRecordID>321135</EventRecordID>
    <Correlation/>
    <Execution ProcessID="2140" ThreadID="4452"/>
    <Channel>Microsoft-Windows-Sysmon/Operational</Channel>
    <Computer>WS-DRAMIREZ-01.meridianhcs.local</Computer>
    <Security UserID="S-1-5-18"/>
  </System>
  <EventData>
    
    <Data Name="RuleName">-</Data>
    <Data Name="UtcTime">2024-03-18 17:56:58.125</Data>
    <Data Name="ProcessGuid">{5af96291-7a6b-65f8-9b02-0000d991a1be}</Data>
    <Data Name="ProcessId">7668</Data>
    <Data Name="Image">C:\Program Files\HP\HP Image Assistant\HPImageAssistant.exe</Data>
    <Data Name="User">NT AUTHORITY\SYSTEM</Data>
    
  </EventData>
</Event>
<Event xmlns="http://schemas.microsoft.com/win/2004/08/events/event">
  <System>
    <Provider Name="Microsoft-Windows-Sysmon" Guid="{5770385f-c22a-43e0-bf4c-06f5698ffbd9}"/>
    <EventID>7</EventID>
    <Version>3</Version>
    <Level>4</Level>
    <Task>7</Task>
    <Opcode>0</Opcode>
    <Keywords>0x8000000000000000</Keywords>
    <TimeCreated SystemTime="2024-03-18T17:57:42.7650712Z"/>
    <EventRecordID>321136</EventRecordID>
    <Correlation/>
    <Execution ProcessID="2140" ThreadID="4452"/>
    <Channel>Microsoft-Windows-Sysmon/Operational</Channel>
    <Computer>WS-DRAMIREZ-01.meridianhcs.local</Computer>
    <Security UserID="S-1-5-18"/>
  </System>
  <EventData>
    
    <Data Name="RuleName">-</Data>
    <Data Name="UtcTime">2024-03-18 17:57:42.765</Data>
    <Data Name="ProcessGuid">{5af96291-726a-65f8-4402-00101a4f5745}</Data>
    <Data Name="ProcessId">7596</Data>
    <Data Name="Image">C:\Windows\System32\taskhostw.exe</Data>
    <Data Name="ImageLoaded">C:\Program Files\Windows Defender\MpOAV.dll</Data>
    <Data Name="FileVersion">4.18.2301.6</Data>
    <Data Name="Description">IOfficeAntiVirus Module</Data>
    <Data Name="Product">Microsoft Defender Antivirus</Data>
    <Data Name="Company">Microsoft Corporation</Data>
    <Data Name="OriginalFileName">MpOAV.dll</Data>
    <Data Name="Hashes">SHA1=FC17FE09B96E6641A0C4DD89FE19E33173B862A9,MD5=DDBA590E19E88EA28373E3D47061E407,SHA256=11D3F5E67D04915646C72F60356E8ABB54A72F49B33A321C9E8622576EE491DD,IMPHASH=B50EDBF447D04C1BEFF75D2CC5E6EDF5</Data>
    <Data Name="Signed">true</Data>
    <Data Name="Signature">Microsoft Corporation</Data>
    <Data Name="SignatureStatus">Valid</Data>
    <Data Name="User">NT AUTHORITY\SYSTEM</Data>
    
  </EventData>
</Event>
<Event xmlns="http://schemas.microsoft.com/win/2004/08/events/event">
  <System>
    <Provider Name="Microsoft-Windows-Sysmon" Guid="{5770385f-c22a-43e0-bf4c-06f5698ffbd9}"/>
    <EventID>22</EventID>
    <Version>5</Version>
    <Level>4</Level>
    <Task>22</Task>
    <Opcode>0</Opcode>
    <Keywords>0x8000000000000000</Keywords>
    <TimeCreated SystemTime="2024-03-18T17:58:38.4689032Z"/>
    <EventRecordID>321138</EventRecordID>
    <Correlation/>
    <Execution ProcessID="2140" ThreadID="4452"/>
    <Channel>Microsoft-Windows-Sysmon/Operational</Channel>
    <Computer>WS-DRAMIREZ-01.meridianhcs.local</Computer>
    <Security UserID="S-1-5-18"/>
  </System>
  <EventData>
    
    <Data Name="RuleName">-</Data>
    <Data Name="UtcTime">2024-03-18 17:58:38.468</Data>
    <Data Name="ProcessGuid">{5af96291-0946-65e7-7902-00000327d62d}</Data>
    <Data Name="ProcessId">5756</Data>
    <Data Name="QueryName">DC-01.meridianhcs.local</Data>
    <Data Name="QueryStatus">0</Data>
    <Data Name="QueryResults">10.10.2.10;</Data>
    <Data Name="Image">C:\Windows\System32\lsass.exe</Data>
    <Data Name="User">NT AUTHORITY\SYSTEM</Data>
    
  </EventData>
</Event>
<Event xmlns="http://schemas.microsoft.com/win/2004/08/events/event">
  <System>
    <Provider Name="Microsoft-Windows-Sysmon" Guid="{5770385f-c22a-43e0-bf4c-06f5698ffbd9}"/>
    <EventID>22</EventID>
    <Version>5</Version>
    <Level>4</Level>
    <Task>22</Task>
    <Opcode>0</Opcode>
    <Keywords>0x8000000000000000</Keywords>
    <TimeCreated SystemTime="2024-03-18T17:58:39.2131810Z"/>
    <EventRecordID>321139</EventRecordID>
    <Correlation/>
    <Execution ProcessID="2140" ThreadID="4452"/>
    <Channel>Microsoft-Windows-Sysmon/Operational</Channel>
    <Computer>WS-DRAMIREZ-01.meridianhcs.local</Computer>
    <Security UserID="S-1-5-18"/>
  </System>
  <EventData>
    
    <Data Name="RuleName">-</Data>
    <Data Name="UtcTime">2024-03-18 17:58:39.213</Data>
    <Data Name="ProcessGuid">{5af96291-0946-65e7-7902-00000327d62d}</Data>
    <Data Name="ProcessId">5756</Data>
    <Data Name="QueryName">10.2.10.10.in-addr.arpa</Data>
    <Data Name="QueryStatus">0</Data>
    <Data Name="QueryResults">DC-01.meridianhcs.local;</Data>
    <Data Name="Image">C:\Windows\System32\lsass.exe</Data>
    <Data Name="User">NT AUTHORITY\SYSTEM</Data>
    
  </EventData>
</Event>
</Events>
